Title:1-bit register with enable test
1724161833:updateInputs:703834:791
1724161833:updateComponents:728917:2125
1724161833:Init circuit:628167:117542
1724161833:updateInputs:747417:542
1724161833:updateComponents:748459:1583
1724161833:propagateValuesOnChangeOnly:751834:1916
1724161833:updateInputs:762625:459
1724161833:updateComponents:763667:1250
1724161833:propagateValuesOnChangeOnly:765417:2125
1724161833:updateInputs:777000:625
1724161833:updateComponents:778209:1250
1724161833:propagateValuesOnChangeOnly:780000:2000
1724161833:updateInputs:789667:500
1724161833:updateComponents:790709:1250
1724161833:propagateValuesOnChangeOnly:792459:1791
1724161833:updateInputs:801750:417
1724161833:updateComponents:802709:1250
1724161833:propagateValuesOnChangeOnly:807375:2000
1724161833:updateInputs:817584:541
1724161833:updateComponents:818709:1250
1724161833:propagateValuesOnChangeOnly:820584:1791
1724161833:updateInputs:829917:458
1724161833:updateComponents:830917:1292
1724161833:propagateValuesOnChangeOnly:832667:2125
1724161833:updateInputs:842292:417
1724161833:updateComponents:843292:1250
1724161833:propagateValuesOnChangeOnly:845084:1875
1724161833:updateInputs:854459:458
1724161833:updateComponents:855417:1250
1724161833:propagateValuesOnChangeOnly:857209:1708
1724161833:updateInputs:866375:417
1724161833:updateComponents:867292:1250
1724161833:propagateValuesOnChangeOnly:869042:1750
1724161833:updateInputs:882917:458
1724161833:updateComponents:883959:1208
1724161833:propagateValuesOnChangeOnly:885709:2000
1724161833:updateInputs:895334:541
1724161833:updateComponents:896459:1291
1724161833:propagateValuesOnChangeOnly:898334:1875
1724161833:updateInputs:907917:583
1724161833:updateComponents:909084:1250
1724161833:propagateValuesOnChangeOnly:910834:2291
1724161833:updateInputs:920709:416
1724161833:updateComponents:921667:1208
1724161833:propagateValuesOnChangeOnly:923375:2000
1724161833:updateInputs:933084:500
1724161833:updateComponents:934084:1291
1724161833:propagateValuesOnChangeOnly:935917:2083
1724161833:updateInputs:946084:500
1724161833:updateComponents:947125:1209
1724161833:propagateValuesOnChangeOnly:948875:2042
1724161833:updateInputs:958667:542
1724161833:updateComponents:959750:1292
1724161833:propagateValuesOnChangeOnly:961542:2250
1724161833:updateInputs:971417:542
1724161833:updateComponents:972542:1250
1724161833:propagateValuesOnChangeOnly:974292:2208
1724161833:updateInputs:983959:416
1724161833:updateComponents:984875:1250
1724161833:propagateValuesOnChangeOnly:986709:2333
1724161833:updateInputs:996500:417
1724161833:updateComponents:997375:1209
1724161833:propagateValuesOnChangeOnly:999125:2000
1724161833:updateInputs:1008625:500
1724161833:updateComponents:1009709:1250
1724161833:propagateValuesOnChangeOnly:1019334:1833
1724161833:updateInputs:1028709:416
1724161833:updateComponents:1029667:1250
1724161833:propagateValuesOnChangeOnly:1031500:2042
1724161833:updateInputs:1040917:417
1724161833:updateComponents:1041875:1250
1724161833:propagateValuesOnChangeOnly:1043667:2292
1724161833:updateInputs:1053500:500
1724161833:updateComponents:1054500:1209
1724161833:propagateValuesOnChangeOnly:1056292:1833
1724161833:updateInputs:1065709:416
1724161833:updateComponents:1066709:1208
1724161833:propagateValuesOnChangeOnly:1068459:2250
1724161833:updateInputs:1078334:458
1724161833:updateComponents:1079334:1250
1724161833:propagateValuesOnChangeOnly:1081125:2084
1724161833:updateInputs:1090750:459
1724161833:updateComponents:1091792:1250
1724161833:propagateValuesOnChangeOnly:1093584:1916
1724161833:updateInputs:1103042:458
1724161833:updateComponents:1104042:1250
1724161833:propagateValuesOnChangeOnly:1105834:1916
1724161833:updateInputs:1115334:458
1724161833:updateComponents:1116375:1250
1724161833:propagateValuesOnChangeOnly:1118084:2083
1724161833:updateInputs:1127750:500
1724161833:updateComponents:1128834:1208
1724161833:propagateValuesOnChangeOnly:1130584:1958
1724161833:updateInputs:1140167:417
1724161833:updateComponents:1141167:1250
1724161833:propagateValuesOnChangeOnly:1142959:2708
1724161833:updateInputs:1153250:417
1724161833:updateComponents:1154125:1292
1724161833:propagateValuesOnChangeOnly:1155959:2166
1724161833:updateInputs:1165834:458
1724161833:updateComponents:1166834:1250
1724161833:propagateValuesOnChangeOnly:1168625:2000
1724161833:updateInputs:1178792:375
1724161833:updateComponents:1179667:1250
1724161833:propagateValuesOnChangeOnly:1181417:2042
1724161833:updateInputs:1191000:417
1724161833:updateComponents:1191959:1208
1724161833:propagateValuesOnChangeOnly:1193709:2000
1724161833:updateInputs:1203209:458
1724161833:updateComponents:1204209:1250
1724161833:propagateValuesOnChangeOnly:1205959:1750
1724161833:updateInputs:1215292:500
1724161833:updateComponents:1216375:1250
1724161833:propagateValuesOnChangeOnly:1218167:2042
1724161833:updateInputs:1227750:417
1724161833:updateComponents:1228667:1167
1724161833:propagateValuesOnChangeOnly:1230375:2000
1724161833:updateInputs:1245959:500
1724161833:updateComponents:1246959:1208
1724161833:propagateValuesOnChangeOnly:1248667:2125
1724161833:updateInputs:1258334:500
1724161833:updateComponents:1259417:1250
1724161833:propagateValuesOnChangeOnly:1261167:1958
1724161833:updateInputs:1270750:584
1724161833:updateComponents:1271875:1250
1724161833:propagateValuesOnChangeOnly:1273625:2292
1724161833:updateInputs:1283542:583
1724161833:updateComponents:1284667:1208
1724161833:propagateValuesOnChangeOnly:1286375:1875
1724161833:updateInputs:1313792:542
1724161833:updateComponents:1314917:1250
1724161833:propagateValuesOnChangeOnly:1316667:2417
1724161833:updateInputs:1326875:459
1724161833:updateComponents:1327875:1250
1724161833:propagateValuesOnChangeOnly:1329667:1958
1724161833:updateInputs:1339375:667
1724161833:updateComponents:1340584:1166
1724161833:propagateValuesOnChangeOnly:1342250:2125
1724161833:updateInputs:1352000:459
1724161833:updateComponents:1353000:1209
1724161833:propagateValuesOnChangeOnly:1354667:2042
1724161833:updateInputs:1364375:459
1724161833:updateComponents:1365334:1208
1724161833:propagateValuesOnChangeOnly:1367084:1958
1724161833:updateInputs:1376584:541
1724161833:updateComponents:1377667:1250
1724161833:propagateValuesOnChangeOnly:1379417:1792
1724161833:updateInputs:1388709:458
1724161833:updateComponents:1389709:1208
1724161833:propagateValuesOnChangeOnly:1391459:2000
1724161833:updateInputs:1400959:416
1724161833:updateComponents:1401959:1208
1724161833:propagateValuesOnChangeOnly:1403709:1750
1724161833:updateInputs:1412959:500
1724161833:updateComponents:1414000:1209
1724161833:propagateValuesOnChangeOnly:1415750:1792
1724161833:updateInputs:1425084:375
1724161833:updateComponents:1425959:1208
1724161833:propagateValuesOnChangeOnly:1427709:1750
1724161833:updateInputs:1437084:375
1724161833:updateComponents:1437917:1208
1724161833:propagateValuesOnChangeOnly:1439625:1959
1724161833:updateInputs:1449125:500
1724161833:updateComponents:1450167:1292
1724161833:propagateValuesOnChangeOnly:1452000:1875
1724161833:Run loop:747375:714084
1724161833:main:1459:1500958
