Title: Display test
829709941:updateInputs:24333:42
829709941:updateComponents:32292:41
829709941:Init circuit:18292:15666
829709941:updateInputs:34125:83
829709941:updateComponents:34250:42
829709941:propagateValuesOnChangeOnly:34417:83
829709941:updateInputs:35750:83
829709941:updateComponents:35875:0
829709941:propagateValuesOnChangeOnly:35917:83
829709941:updateInputs:37167:83
829709941:updateComponents:37292:0
829709941:propagateValuesOnChangeOnly:37333:84
829709941:updateInputs:38708:42
829709941:updateComponents:38792:0
829709941:propagateValuesOnChangeOnly:38833:84
829709941:updateInputs:40042:83
829709941:updateComponents:40125:42
829709941:propagateValuesOnChangeOnly:40333:42
829709941:updateInputs:41458:42
829709941:updateComponents:41542:0
829709941:propagateValuesOnChangeOnly:41583:84
829709941:updateInputs:42708:42
829709941:updateComponents:42792:0
829709941:propagateValuesOnChangeOnly:42833:42
829709941:updateInputs:43958:84
829709941:updateComponents:44083:0
829709941:propagateValuesOnChangeOnly:44125:42
829709941:updateInputs:45208:84
829709941:updateComponents:45292:41
829709941:propagateValuesOnChangeOnly:45333:84
829709941:updateInputs:46625:42
829709941:updateComponents:46708:0
829709941:propagateValuesOnChangeOnly:46750:42
829709941:updateInputs:48208:42
829709941:updateComponents:48292:0
829709941:propagateValuesOnChangeOnly:48333:42
829709941:updateInputs:49500:83
829709941:updateComponents:49583:42
829709941:propagateValuesOnChangeOnly:49667:41
829709941:updateInputs:50750:42
829709941:updateComponents:50833:0
829709941:propagateValuesOnChangeOnly:50875:42
829709941:updateInputs:51958:42
829709941:updateComponents:52042:0
829709941:propagateValuesOnChangeOnly:52083:42
829709941:updateInputs:53167:83
829709941:updateComponents:53292:0
829709941:propagateValuesOnChangeOnly:53333:42
829709941:Run loop:34125:20333
829709941:main:42:57250
