Title: Not loop test
299178382:updateInputs:12458:42
299178382:updateComponents:21417:83
299178382:Init circuit:8708:15042
299178382:updateInputs:23917:0
299178382:updateComponents:23958:42
299178382:propagateValuesOnChangeOnly:24125:42
299178382:updateInputs:24917:0
299178382:updateComponents:24958:42
299178382:propagateValuesOnChangeOnly:25042:41
299178382:updateInputs:25625:0
299178382:updateComponents:25667:0
299178382:propagateValuesOnChangeOnly:25708:0
299178382:updateInputs:26167:0
299178382:updateComponents:26208:42
299178382:propagateValuesOnChangeOnly:26250:42
299178382:updateInputs:26708:42
299178382:updateComponents:26750:42
299178382:propagateValuesOnChangeOnly:27000:0
299178382:updateInputs:27625:0
299178382:updateComponents:27667:0
299178382:propagateValuesOnChangeOnly:27708:42
299178382:updateInputs:28208:0
299178382:updateComponents:28250:0
299178382:propagateValuesOnChangeOnly:28292:0
299178382:updateInputs:28667:41
299178382:updateComponents:28708:42
299178382:propagateValuesOnChangeOnly:28792:0
299178382:updateInputs:29208:0
299178382:updateComponents:29250:0
299178382:propagateValuesOnChangeOnly:29292:41
299178382:updateInputs:29708:42
299178382:updateComponents:29792:0
299178382:propagateValuesOnChangeOnly:29833:0
299178382:Run loop:23875:6625
299178382:main:42:31208
