Title:Bit-stream signal test
2055595684:updateInputs:31752:92
2055595684:updateComponents:41059:124
2055595684:Init circuit:30129:18540
2055595684:updateInputs:49232:77
2055595684:updateComponents:49446:82
2055595684:propagateValuesOnChangeOnly:49949:100
2055595684:updateInputs:50282:59
2055595684:updateComponents:50456:61
2055595684:propagateValuesOnChangeOnly:50623:62
2055595684:updateInputs:52417:59
2055595684:updateComponents:52600:73
2055595684:propagateValuesOnChangeOnly:52773:63
2055595684:updateInputs:53038:58
2055595684:updateComponents:53204:60
2055595684:propagateValuesOnChangeOnly:53374:61
2055595684:updateInputs:53605:54
2055595684:updateComponents:53768:59
2055595684:propagateValuesOnChangeOnly:54911:62
2055595684:updateInputs:56556:64
2055595684:updateComponents:56726:64
2055595684:propagateValuesOnChangeOnly:56889:63
2055595684:updateInputs:57135:52
2055595684:updateComponents:57302:62
2055595684:propagateValuesOnChangeOnly:57464:62
2055595684:updateInputs:57706:58
2055595684:updateComponents:57881:61
2055595684:propagateValuesOnChangeOnly:58045:61
2055595684:updateInputs:58328:52
2055595684:updateComponents:58479:61
2055595684:propagateValuesOnChangeOnly:58641:63
2055595684:updateInputs:58866:52
2055595684:updateComponents:59021:60
2055595684:propagateValuesOnChangeOnly:59193:61
2055595684:updateInputs:62283:72
2055595684:updateComponents:62469:67
2055595684:propagateValuesOnChangeOnly:62635:73
2055595684:updateInputs:62902:53
2055595684:updateComponents:63054:60
2055595684:propagateValuesOnChangeOnly:63216:61
2055595684:updateInputs:63486:51
2055595684:updateComponents:63636:59
2055595684:propagateValuesOnChangeOnly:63793:62
2055595684:updateInputs:64047:51
2055595684:updateComponents:64197:60
2055595684:propagateValuesOnChangeOnly:64357:62
2055595684:updateInputs:64596:52
2055595684:updateComponents:64747:61
2055595684:propagateValuesOnChangeOnly:64904:62
2055595684:updateInputs:65893:57
2055595684:updateComponents:66054:63
2055595684:propagateValuesOnChangeOnly:66215:62
2055595684:updateInputs:66475:53
2055595684:updateComponents:66636:61
2055595684:propagateValuesOnChangeOnly:66796:63
2055595684:updateInputs:67038:53
2055595684:updateComponents:67198:60
2055595684:propagateValuesOnChangeOnly:67358:63
2055595684:updateInputs:67589:52
2055595684:updateComponents:67739:60
2055595684:propagateValuesOnChangeOnly:67898:63
2055595684:updateInputs:68132:64
2055595684:updateComponents:68295:62
2055595684:propagateValuesOnChangeOnly:68466:63
2055595684:updateInputs:69507:61
2055595684:updateComponents:69673:61
2055595684:propagateValuesOnChangeOnly:72250:69
2055595684:updateInputs:72505:56
2055595684:updateComponents:72661:62
2055595684:propagateValuesOnChangeOnly:72823:62
2055595684:updateInputs:73061:51
2055595684:updateComponents:73213:61
2055595684:propagateValuesOnChangeOnly:73373:61
2055595684:updateInputs:73612:52
2055595684:updateComponents:73773:60
2055595684:propagateValuesOnChangeOnly:73932:64
2055595684:updateInputs:74166:53
2055595684:updateComponents:74317:60
2055595684:propagateValuesOnChangeOnly:74479:61
2055595684:updateInputs:75485:59
2055595684:updateComponents:75649:62
2055595684:propagateValuesOnChangeOnly:75812:63
2055595684:updateInputs:76054:52
2055595684:updateComponents:76204:60
2055595684:propagateValuesOnChangeOnly:76364:59
2055595684:updateInputs:76592:52
2055595684:updateComponents:76744:61
2055595684:propagateValuesOnChangeOnly:76902:62
2055595684:updateInputs:77135:52
2055595684:updateComponents:77285:59
2055595684:propagateValuesOnChangeOnly:77443:64
2055595684:updateInputs:77674:52
2055595684:updateComponents:77833:60
2055595684:propagateValuesOnChangeOnly:78002:62
2055595684:updateInputs:78969:53
2055595684:updateComponents:79125:62
2055595684:propagateValuesOnChangeOnly:79286:63
2055595684:updateInputs:79525:55
2055595684:updateComponents:79687:60
2055595684:propagateValuesOnChangeOnly:79846:61
2055595684:updateInputs:80084:53
2055595684:updateComponents:80237:61
2055595684:propagateValuesOnChangeOnly:80397:63
2055595684:updateInputs:80626:52
2055595684:updateComponents:80778:60
2055595684:propagateValuesOnChangeOnly:80936:62
2055595684:updateInputs:81166:53
2055595684:updateComponents:81318:61
2055595684:propagateValuesOnChangeOnly:81477:61
2055595684:updateInputs:82443:54
2055595684:updateComponents:82602:63
2055595684:propagateValuesOnChangeOnly:82773:64
2055595684:updateInputs:83021:55
2055595684:updateComponents:83175:61
2055595684:propagateValuesOnChangeOnly:83335:63
2055595684:updateInputs:83577:52
2055595684:updateComponents:83739:59
2055595684:propagateValuesOnChangeOnly:83900:61
2055595684:updateInputs:84132:52
2055595684:updateComponents:85232:63
2055595684:propagateValuesOnChangeOnly:85400:64
2055595684:updateInputs:85653:56
2055595684:updateComponents:85809:59
2055595684:propagateValuesOnChangeOnly:85970:62
2055595684:updateInputs:87342:58
2055595684:updateComponents:87507:62
2055595684:propagateValuesOnChangeOnly:87671:64
2055595684:updateInputs:87943:52
2055595684:updateComponents:88115:60
2055595684:propagateValuesOnChangeOnly:88275:63
2055595684:updateInputs:92198:56
2055595684:updateComponents:92388:64
2055595684:propagateValuesOnChangeOnly:92553:64
2055595684:updateInputs:92793:52
2055595684:updateComponents:92955:61
2055595684:propagateValuesOnChangeOnly:93115:62
2055595684:updateInputs:93350:53
2055595684:updateComponents:93510:59
2055595684:propagateValuesOnChangeOnly:93669:63
2055595684:updateInputs:94700:64
2055595684:updateComponents:94879:61
2055595684:propagateValuesOnChangeOnly:95040:62
2055595684:updateInputs:95272:66
2055595684:updateComponents:95437:61
2055595684:propagateValuesOnChangeOnly:95597:62
2055595684:updateInputs:95836:52
2055595684:updateComponents:95989:59
2055595684:propagateValuesOnChangeOnly:96147:62
2055595684:updateInputs:96377:53
2055595684:updateComponents:96529:60
2055595684:propagateValuesOnChangeOnly:96691:63
2055595684:updateInputs:96920:65
2055595684:updateComponents:97084:61
2055595684:propagateValuesOnChangeOnly:97254:63
2055595684:updateInputs:98242:51
2055595684:updateComponents:98399:62
2055595684:propagateValuesOnChangeOnly:98560:63
2055595684:updateInputs:98793:51
2055595684:updateComponents:98943:60
2055595684:propagateValuesOnChangeOnly:99101:59
2055595684:updateInputs:99317:51
2055595684:updateComponents:99469:60
2055595684:propagateValuesOnChangeOnly:100656:64
2055595684:updateInputs:100898:53
2055595684:updateComponents:101050:62
2055595684:propagateValuesOnChangeOnly:101212:61
2055595684:updateInputs:101433:51
2055595684:updateComponents:101584:60
2055595684:propagateValuesOnChangeOnly:101743:60
2055595684:updateInputs:102721:65
2055595684:updateComponents:102893:60
2055595684:propagateValuesOnChangeOnly:103056:63
2055595684:updateInputs:103282:50
2055595684:updateComponents:103433:60
2055595684:propagateValuesOnChangeOnly:103592:61
2055595684:updateInputs:103809:51
2055595684:updateComponents:103958:59
2055595684:propagateValuesOnChangeOnly:104116:59
2055595684:updateInputs:104335:50
2055595684:updateComponents:104486:59
2055595684:propagateValuesOnChangeOnly:104643:61
2055595684:updateInputs:104861:50
2055595684:updateComponents:105011:59
2055595684:propagateValuesOnChangeOnly:105170:62
2055595684:updateInputs:106134:52
2055595684:updateComponents:106292:60
2055595684:propagateValuesOnChangeOnly:106453:64
2055595684:updateInputs:106676:51
2055595684:updateComponents:106827:60
2055595684:propagateValuesOnChangeOnly:106986:61
2055595684:updateInputs:107204:52
2055595684:updateComponents:107356:59
2055595684:propagateValuesOnChangeOnly:107514:59
2055595684:updateInputs:107730:50
2055595684:updateComponents:107881:60
2055595684:propagateValuesOnChangeOnly:108042:60
2055595684:updateInputs:108258:52
2055595684:updateComponents:108410:60
2055595684:propagateValuesOnChangeOnly:108569:60
2055595684:updateInputs:109538:51
2055595684:updateComponents:109693:61
2055595684:propagateValuesOnChangeOnly:109864:63
2055595684:updateInputs:110087:51
2055595684:updateComponents:110236:60
2055595684:propagateValuesOnChangeOnly:110394:60
2055595684:updateInputs:110613:52
2055595684:updateComponents:110764:59
2055595684:propagateValuesOnChangeOnly:110922:60
2055595684:updateInputs:111141:51
2055595684:updateComponents:111293:58
2055595684:propagateValuesOnChangeOnly:111450:62
2055595684:Run loop:49192:62491
2055595684:main:686:112025
