Title: Not loop test
569820065:updateInputs:22417:125
569820065:updateComponents:28833:125
569820065:Init circuit:15208:16834
569820065:updateInputs:32250:0
569820065:updateComponents:32292:125
569820065:propagateValuesOnChangeOnly:32542:125
569820065:updateInputs:34083:42
569820065:updateComponents:34167:83
569820065:propagateValuesOnChangeOnly:34292:125
569820065:updateInputs:35583:42
569820065:updateComponents:35667:83
569820065:propagateValuesOnChangeOnly:35750:83
569820065:updateInputs:36875:0
569820065:updateComponents:36917:83
569820065:propagateValuesOnChangeOnly:37000:83
569820065:updateInputs:38125:42
569820065:updateComponents:38208:84
569820065:propagateValuesOnChangeOnly:38500:83
569820065:updateInputs:39875:0
569820065:updateComponents:39917:83
569820065:propagateValuesOnChangeOnly:40042:83
569820065:updateInputs:41167:0
569820065:updateComponents:41208:84
569820065:propagateValuesOnChangeOnly:41292:83
569820065:updateInputs:42333:42
569820065:updateComponents:42375:83
569820065:propagateValuesOnChangeOnly:42500:83
569820065:updateInputs:43667:0
569820065:updateComponents:43708:84
569820065:propagateValuesOnChangeOnly:43792:83
569820065:updateInputs:44875:0
569820065:updateComponents:44917:83
569820065:propagateValuesOnChangeOnly:45000:83
569820065:Run loop:32208:14125
569820065:main:458:46667
