Title: Tri-state buffer test
1807372100:updateInputs:31458:125
1807372100:updateComponents:38042:250
1807372100:Init circuit:21625:20250
1807372100:updateInputs:42083:125
1807372100:updateComponents:42250:167
1807372100:propagateValuesOnChangeOnly:42583:167
1807372100:updateInputs:44375:125
1807372100:updateComponents:44542:83
1807372100:propagateValuesOnChangeOnly:44667:208
1807372100:updateInputs:46583:125
1807372100:updateComponents:46750:125
1807372100:propagateValuesOnChangeOnly:46917:125
1807372100:updateInputs:48417:125
1807372100:updateComponents:48583:84
1807372100:propagateValuesOnChangeOnly:48667:166
1807372100:updateInputs:50208:84
1807372100:updateComponents:50292:125
1807372100:propagateValuesOnChangeOnly:50583:167
1807372100:updateInputs:52083:125
1807372100:updateComponents:52208:84
1807372100:propagateValuesOnChangeOnly:52333:125
1807372100:updateInputs:53792:83
1807372100:updateComponents:53917:83
1807372100:propagateValuesOnChangeOnly:54042:125
1807372100:updateInputs:55708:125
1807372100:updateComponents:55875:83
1807372100:propagateValuesOnChangeOnly:56000:83
1807372100:updateInputs:57458:84
1807372100:updateComponents:57542:125
1807372100:propagateValuesOnChangeOnly:57667:125
1807372100:updateInputs:59167:83
1807372100:updateComponents:59292:83
1807372100:propagateValuesOnChangeOnly:59375:125
1807372100:updateInputs:61125:83
1807372100:updateComponents:61250:83
1807372100:propagateValuesOnChangeOnly:61375:125
1807372100:updateInputs:62833:125
1807372100:updateComponents:63000:83
1807372100:propagateValuesOnChangeOnly:63083:125
1807372100:updateInputs:64583:84
1807372100:updateComponents:64667:125
1807372100:propagateValuesOnChangeOnly:64792:166
1807372100:updateInputs:66333:84
1807372100:updateComponents:66458:84
1807372100:propagateValuesOnChangeOnly:66583:125
1807372100:updateInputs:68042:83
1807372100:updateComponents:68125:125
1807372100:propagateValuesOnChangeOnly:68250:125
1807372100:updateInputs:69750:83
1807372100:updateComponents:69875:83
1807372100:propagateValuesOnChangeOnly:70000:83
1807372100:updateInputs:71458:84
1807372100:updateComponents:71542:83
1807372100:propagateValuesOnChangeOnly:71667:125
1807372100:updateInputs:73375:83
1807372100:updateComponents:73458:84
1807372100:propagateValuesOnChangeOnly:73583:84
1807372100:updateInputs:75042:83
1807372100:updateComponents:75125:125
1807372100:propagateValuesOnChangeOnly:75250:125
1807372100:Run loop:42042:34708
1807372100:main:458:97959
