Title:Display test
703961895:updateInputs:1336791:584
703961895:updateComponents:1362291:334
703961895:Init circuit:1302250:71125
703961895:updateInputs:1375208:625
703961895:updateComponents:1376416:292
703961895:propagateValuesOnChangeOnly:1378583:875
703961895:updateInputs:1386875:708
703961895:updateComponents:1388166:250
703961895:propagateValuesOnChangeOnly:1389000:750
703961895:updateInputs:1398291:667
703961895:updateComponents:1399541:209
703961895:propagateValuesOnChangeOnly:1400291:792
703961895:updateInputs:1408583:625
703961895:updateComponents:1409750:291
703961895:propagateValuesOnChangeOnly:1410583:708
703961895:updateInputs:1418041:584
703961895:updateComponents:1419166:250
703961895:propagateValuesOnChangeOnly:1422833:750
703961895:updateInputs:1430250:666
703961895:updateComponents:1431458:250
703961895:propagateValuesOnChangeOnly:1432333:708
703961895:updateInputs:1439458:542
703961895:updateComponents:1440500:166
703961895:propagateValuesOnChangeOnly:1441291:792
703961895:updateInputs:1448750:666
703961895:updateComponents:1450000:250
703961895:propagateValuesOnChangeOnly:1450833:750
703961895:updateInputs:1458083:542
703961895:updateComponents:1459125:250
703961895:propagateValuesOnChangeOnly:1459875:666
703961895:updateInputs:1467583:625
703961895:updateComponents:1468750:250
703961895:propagateValuesOnChangeOnly:1469541:750
703961895:updateInputs:1481500:541
703961895:updateComponents:1482583:208
703961895:propagateValuesOnChangeOnly:1483250:708
703961895:updateInputs:1490500:708
703961895:updateComponents:1491791:250
703961895:propagateValuesOnChangeOnly:1492583:708
703961895:updateInputs:1499875:500
703961895:updateComponents:1500958:208
703961895:propagateValuesOnChangeOnly:1501750:708
703961895:updateInputs:1508666:667
703961895:updateComponents:1509875:208
703961895:propagateValuesOnChangeOnly:1510583:792
703961895:updateInputs:1517583:625
703961895:updateComponents:1518750:250
703961895:propagateValuesOnChangeOnly:1519500:666
703961895:Run loop:1375166:151250
703961895:main:2041:1541209
