Title: RAM test
1369527346:updateInputs:2896417:333
1369527346:updateComponents:2903667:33833
1369527346:Init circuit:1182875:1879125
1369527346:updateInputs:3062125:333
1369527346:updateComponents:3062500:33417
1369527346:propagateValuesOnChangeOnly:3096083:42209
1369527346:updateInputs:3200875:375
1369527346:updateComponents:3201292:33333
1369527346:propagateValuesOnChangeOnly:3234708:42084
1369527346:updateInputs:3339708:334
1369527346:updateComponents:3340083:33334
1369527346:propagateValuesOnChangeOnly:3373458:41959
1369527346:updateInputs:3478042:375
1369527346:updateComponents:3478417:33000
1369527346:propagateValuesOnChangeOnly:3511458:41875
1369527346:updateInputs:3615792:333
1369527346:updateComponents:3616167:33500
1369527346:propagateValuesOnChangeOnly:3649917:41750
1369527346:updateInputs:3754208:334
1369527346:updateComponents:3754542:33208
1369527346:propagateValuesOnChangeOnly:3787792:42333
1369527346:updateInputs:3892667:333
1369527346:updateComponents:3893000:33208
1369527346:propagateValuesOnChangeOnly:3926292:41666
1369527346:updateInputs:4030708:375
1369527346:updateComponents:4031125:33083
1369527346:propagateValuesOnChangeOnly:4064250:42125
1369527346:updateInputs:4168875:333
1369527346:updateComponents:4169208:33042
1369527346:propagateValuesOnChangeOnly:4202292:44583
1369527346:updateInputs:4309333:375
1369527346:updateComponents:4309750:32958
1369527346:propagateValuesOnChangeOnly:4342750:42542
1369527346:updateInputs:4448042:333
1369527346:updateComponents:4448375:33250
1369527346:propagateValuesOnChangeOnly:4481667:46041
1369527346:updateInputs:4590208:334
1369527346:updateComponents:4590542:33041
1369527346:propagateValuesOnChangeOnly:4623625:42917
1369527346:updateInputs:4728958:334
1369527346:updateComponents:4729292:33250
1369527346:propagateValuesOnChangeOnly:4762583:45000
1369527346:updateInputs:4870042:291
1369527346:updateComponents:4870375:33375
1369527346:propagateValuesOnChangeOnly:4903792:41750
1369527346:updateInputs:5008000:292
1369527346:updateComponents:5008333:33250
1369527346:propagateValuesOnChangeOnly:5041625:41667
1369527346:updateInputs:5146083:334
1369527346:updateComponents:5146417:33166
1369527346:propagateValuesOnChangeOnly:5179625:41875
1369527346:updateInputs:5283958:292
1369527346:updateComponents:5284292:33083
1369527346:propagateValuesOnChangeOnly:5317417:41916
1369527346:updateInputs:5421667:333
1369527346:updateComponents:5422000:33250
1369527346:propagateValuesOnChangeOnly:5455333:41750
1369527346:updateInputs:5559500:292
1369527346:updateComponents:5559833:33250
1369527346:propagateValuesOnChangeOnly:5593125:41500
1369527346:updateInputs:5697042:291
1369527346:updateComponents:5697375:33167
1369527346:propagateValuesOnChangeOnly:5730583:41875
1369527346:updateInputs:5834958:292
1369527346:updateComponents:5835292:33333
1369527346:propagateValuesOnChangeOnly:5868917:41500
1369527346:updateInputs:5972875:292
1369527346:updateComponents:5973208:33334
1369527346:propagateValuesOnChangeOnly:6006583:41917
1369527346:updateInputs:6110958:292
1369527346:updateComponents:6111292:33416
1369527346:propagateValuesOnChangeOnly:6144750:41917
1369527346:updateInputs:6249083:292
1369527346:updateComponents:6249417:33208
1369527346:propagateValuesOnChangeOnly:6282667:41458
1369527346:updateInputs:6386583:334
1369527346:updateComponents:6386917:33083
1369527346:propagateValuesOnChangeOnly:6420042:41750
1369527346:updateInputs:6524250:292
1369527346:updateComponents:6524583:33250
1369527346:propagateValuesOnChangeOnly:6557875:41833
1369527346:updateInputs:6662042:333
1369527346:updateComponents:6662375:33167
1369527346:propagateValuesOnChangeOnly:6695583:41667
1369527346:updateInputs:6799625:292
1369527346:updateComponents:6799958:33459
1369527346:propagateValuesOnChangeOnly:6833458:41625
1369527346:updateInputs:6937500:292
1369527346:updateComponents:6937833:33334
1369527346:propagateValuesOnChangeOnly:6971208:41750
1369527346:updateInputs:7075417:291
1369527346:updateComponents:7075750:33292
1369527346:propagateValuesOnChangeOnly:7109083:42000
1369527346:updateInputs:7213500:292
1369527346:updateComponents:7213833:33375
1369527346:propagateValuesOnChangeOnly:7247250:41750
1369527346:updateInputs:7351875:250
1369527346:updateComponents:7352167:33125
1369527346:propagateValuesOnChangeOnly:7385333:41834
1369527346:updateInputs:7489625:292
1369527346:updateComponents:7489958:33334
1369527346:propagateValuesOnChangeOnly:7523333:41834
1369527346:updateInputs:7636208:292
1369527346:updateComponents:7636542:33250
1369527346:propagateValuesOnChangeOnly:7669833:41834
1369527346:updateInputs:7774042:333
1369527346:updateComponents:7774417:33291
1369527346:propagateValuesOnChangeOnly:7807750:41917
1369527346:updateInputs:7914750:333
1369527346:updateComponents:7915125:33333
1369527346:propagateValuesOnChangeOnly:7948500:41833
1369527346:updateInputs:8052750:292
1369527346:updateComponents:8053083:33167
1369527346:propagateValuesOnChangeOnly:8086333:42084
1369527346:updateInputs:8190833:292
1369527346:updateComponents:8191167:33166
1369527346:propagateValuesOnChangeOnly:8224417:41750
1369527346:updateInputs:8328542:291
1369527346:updateComponents:8328875:33375
1369527346:propagateValuesOnChangeOnly:8362292:41541
1369527346:updateInputs:8466250:333
1369527346:updateComponents:8466625:33333
1369527346:propagateValuesOnChangeOnly:8500000:41792
1369527346:updateInputs:8604208:334
1369527346:updateComponents:8604542:33291
1369527346:propagateValuesOnChangeOnly:8637875:41917
1369527346:updateInputs:8752708:334
1369527346:updateComponents:8753042:33166
1369527346:propagateValuesOnChangeOnly:8786250:42000
1369527346:updateInputs:8891042:291
1369527346:updateComponents:8891375:33375
1369527346:propagateValuesOnChangeOnly:8924792:44375
1369527346:updateInputs:9031792:291
1369527346:updateComponents:9032125:35958
1369527346:propagateValuesOnChangeOnly:9068125:42000
1369527346:updateInputs:9172583:292
1369527346:updateComponents:9172875:33292
1369527346:propagateValuesOnChangeOnly:9206250:41875
1369527346:updateInputs:9310708:292
1369527346:updateComponents:9311042:33333
1369527346:propagateValuesOnChangeOnly:9344458:41875
1369527346:updateInputs:9448750:333
1369527346:updateComponents:9449125:33458
1369527346:propagateValuesOnChangeOnly:9482625:41875
1369527346:updateInputs:9586917:333
1369527346:updateComponents:9587250:33333
1369527346:propagateValuesOnChangeOnly:9620625:41625
1369527346:updateInputs:9724750:292
1369527346:updateComponents:9725083:33042
1369527346:propagateValuesOnChangeOnly:9758167:41708
1369527346:updateInputs:9862292:291
1369527346:updateComponents:9862625:33042
1369527346:propagateValuesOnChangeOnly:9895708:41667
1369527346:updateInputs:9999750:292
1369527346:updateComponents:10000083:33167
1369527346:propagateValuesOnChangeOnly:10033292:41791
1369527346:updateInputs:10137583:292
1369527346:updateComponents:10137917:33208
1369527346:propagateValuesOnChangeOnly:10171208:41542
1369527346:updateInputs:10275208:292
1369527346:updateComponents:10275542:33291
1369527346:propagateValuesOnChangeOnly:10308875:41958
1369527346:updateInputs:10419125:292
1369527346:updateComponents:10419458:34875
1369527346:propagateValuesOnChangeOnly:10454375:41750
1369527346:updateInputs:10558667:291
1369527346:updateComponents:10559000:33375
1369527346:propagateValuesOnChangeOnly:10592417:41791
1369527346:updateInputs:10696625:292
1369527346:updateComponents:10696958:33167
1369527346:propagateValuesOnChangeOnly:10730167:41750
1369527346:updateInputs:10834375:292
1369527346:updateComponents:10834708:33334
1369527346:propagateValuesOnChangeOnly:10868083:41375
1369527346:updateInputs:10971917:291
1369527346:updateComponents:10972250:33250
1369527346:propagateValuesOnChangeOnly:11005542:41750
1369527346:updateInputs:11109667:291
1369527346:updateComponents:11109958:33417
1369527346:propagateValuesOnChangeOnly:11143417:41833
1369527346:updateInputs:11247792:291
1369527346:updateComponents:11248125:33292
1369527346:propagateValuesOnChangeOnly:11281458:41750
1369527346:updateInputs:11385708:292
1369527346:updateComponents:11386042:33000
1369527346:propagateValuesOnChangeOnly:11419083:41625
1369527346:updateInputs:11523167:291
1369527346:updateComponents:11523500:33250
1369527346:propagateValuesOnChangeOnly:11556792:42000
1369527346:updateInputs:11661250:333
1369527346:updateComponents:11661625:33167
1369527346:propagateValuesOnChangeOnly:11694833:42417
1369527346:updateInputs:11799708:292
1369527346:updateComponents:11800042:33375
1369527346:propagateValuesOnChangeOnly:11833458:41917
1369527346:updateInputs:11938333:292
1369527346:updateComponents:11938667:33041
1369527346:propagateValuesOnChangeOnly:11971750:41917
1369527346:updateInputs:12076083:292
1369527346:updateComponents:12076417:33083
1369527346:propagateValuesOnChangeOnly:12109542:41791
1369527346:updateInputs:12213792:333
1369527346:updateComponents:12214125:33208
1369527346:propagateValuesOnChangeOnly:12247375:41625
1369527346:updateInputs:12351458:292
1369527346:updateComponents:12351792:33333
1369527346:propagateValuesOnChangeOnly:12385208:41834
1369527346:updateInputs:12489500:292
1369527346:updateComponents:12489833:33167
1369527346:propagateValuesOnChangeOnly:12523042:41750
1369527346:updateInputs:12627250:292
1369527346:updateComponents:12627542:33291
1369527346:propagateValuesOnChangeOnly:12660875:41708
1369527346:updateInputs:12765000:292
1369527346:updateComponents:12765333:33292
1369527346:propagateValuesOnChangeOnly:12798667:41916
1369527346:updateInputs:12903042:291
1369527346:updateComponents:12903375:33083
1369527346:propagateValuesOnChangeOnly:12936500:41708
1369527346:updateInputs:13040708:334
1369527346:updateComponents:13041042:33250
1369527346:propagateValuesOnChangeOnly:13074375:41833
1369527346:updateInputs:13178542:291
1369527346:updateComponents:13178875:33375
1369527346:propagateValuesOnChangeOnly:13212250:41833
1369527346:updateInputs:13316458:334
1369527346:updateComponents:13316792:33333
1369527346:propagateValuesOnChangeOnly:13350167:41791
1369527346:updateInputs:13454375:292
1369527346:updateComponents:13454667:33291
1369527346:propagateValuesOnChangeOnly:13488000:41708
1369527346:updateInputs:13592083:292
1369527346:updateComponents:13592417:33166
1369527346:propagateValuesOnChangeOnly:13625625:41792
1369527346:updateInputs:13729875:292
1369527346:updateComponents:13730208:33084
1369527346:propagateValuesOnChangeOnly:13763375:41958
1369527346:updateInputs:13867833:292
1369527346:updateComponents:13868125:33250
1369527346:propagateValuesOnChangeOnly:13901417:41916
1369527346:updateInputs:14005875:333
1369527346:updateComponents:14006250:33417
1369527346:propagateValuesOnChangeOnly:14039708:41709
1369527346:updateInputs:14143917:333
1369527346:updateComponents:14144250:33167
1369527346:propagateValuesOnChangeOnly:14177458:41667
1369527346:updateInputs:14281625:333
1369527346:updateComponents:14282000:33208
1369527346:propagateValuesOnChangeOnly:14315250:41917
1369527346:updateInputs:14419667:291
1369527346:updateComponents:14420000:33083
1369527346:propagateValuesOnChangeOnly:14453125:41833
1369527346:updateInputs:14557375:333
1369527346:updateComponents:14557708:33167
1369527346:propagateValuesOnChangeOnly:14590917:41833
1369527346:updateInputs:14695167:291
1369527346:updateComponents:14695500:33250
1369527346:propagateValuesOnChangeOnly:14730500:41583
1369527346:updateInputs:14834583:292
1369527346:updateComponents:14834917:33333
1369527346:propagateValuesOnChangeOnly:14868292:41875
1369527346:updateInputs:14972583:292
1369527346:updateComponents:14972917:33541
1369527346:propagateValuesOnChangeOnly:15006500:41708
1369527346:updateInputs:15110583:292
1369527346:updateComponents:15110917:33250
1369527346:propagateValuesOnChangeOnly:15144208:41750
1369527346:updateInputs:15248500:333
1369527346:updateComponents:15248833:33334
1369527346:propagateValuesOnChangeOnly:15282208:41792
1369527346:updateInputs:15386375:292
1369527346:updateComponents:15386708:33417
1369527346:propagateValuesOnChangeOnly:15420167:41875
1369527346:updateInputs:15524458:334
1369527346:updateComponents:15524833:33292
1369527346:propagateValuesOnChangeOnly:15558167:41500
1369527346:updateInputs:15662125:333
1369527346:updateComponents:15662458:33292
1369527346:propagateValuesOnChangeOnly:15695792:41875
1369527346:updateInputs:15800167:291
1369527346:updateComponents:15800500:33333
1369527346:propagateValuesOnChangeOnly:15833875:42083
1369527346:updateInputs:15938375:292
1369527346:updateComponents:15938708:33375
1369527346:propagateValuesOnChangeOnly:15972125:41833
1369527346:updateInputs:16076458:334
1369527346:updateComponents:16076792:33166
1369527346:propagateValuesOnChangeOnly:16110000:41708
1369527346:updateInputs:16214250:292
1369527346:updateComponents:16214583:33209
1369527346:propagateValuesOnChangeOnly:16247833:41792
1369527346:updateInputs:16352000:292
1369527346:updateComponents:16352333:33417
1369527346:propagateValuesOnChangeOnly:16385792:41875
1369527346:updateInputs:16490042:333
1369527346:updateComponents:16490375:33250
1369527346:propagateValuesOnChangeOnly:16523667:41750
1369527346:updateInputs:16627917:333
1369527346:updateComponents:16628250:33458
1369527346:propagateValuesOnChangeOnly:16661750:41875
1369527346:updateInputs:16770542:291
1369527346:updateComponents:16770875:33208
1369527346:propagateValuesOnChangeOnly:16804083:43292
1369527346:updateInputs:16910583:334
1369527346:updateComponents:16910917:32583
1369527346:propagateValuesOnChangeOnly:16943542:44541
1369527346:updateInputs:17050583:334
1369527346:updateComponents:17050958:33209
1369527346:propagateValuesOnChangeOnly:17084208:45375
1369527346:updateInputs:17192042:333
1369527346:updateComponents:17192375:33458
1369527346:propagateValuesOnChangeOnly:17225833:42167
1369527346:updateInputs:17330458:334
1369527346:updateComponents:17330792:33208
1369527346:propagateValuesOnChangeOnly:17364042:40666
1369527346:updateInputs:17467208:334
1369527346:updateComponents:17467583:32875
1369527346:propagateValuesOnChangeOnly:17500500:43667
1369527346:updateInputs:17606583:292
1369527346:updateComponents:17606917:33250
1369527346:propagateValuesOnChangeOnly:17640208:42500
1369527346:updateInputs:17746917:333
1369527346:updateComponents:17747250:33417
1369527346:propagateValuesOnChangeOnly:17780708:41917
1369527346:updateInputs:17885083:292
1369527346:updateComponents:17885417:33333
1369527346:propagateValuesOnChangeOnly:17918792:41958
1369527346:updateInputs:18023208:292
1369527346:updateComponents:18023542:33166
1369527346:propagateValuesOnChangeOnly:18056750:41875
1369527346:updateInputs:18161000:333
1369527346:updateComponents:18161375:33167
1369527346:propagateValuesOnChangeOnly:18194583:41917
1369527346:updateInputs:18298958:334
1369527346:updateComponents:18299292:33333
1369527346:propagateValuesOnChangeOnly:18332667:41416
1369527346:updateInputs:18436458:334
1369527346:updateComponents:18436833:33292
1369527346:propagateValuesOnChangeOnly:18470167:41666
1369527346:updateInputs:18574292:291
1369527346:updateComponents:18574625:33250
1369527346:propagateValuesOnChangeOnly:18607958:41875
1369527346:updateInputs:18712292:333
1369527346:updateComponents:18712667:33083
1369527346:propagateValuesOnChangeOnly:18745792:41916
1369527346:updateInputs:18850167:333
1369527346:updateComponents:18850500:33208
1369527346:propagateValuesOnChangeOnly:18883750:41792
1369527346:updateInputs:18988875:292
1369527346:updateComponents:18989208:33000
1369527346:propagateValuesOnChangeOnly:19022250:41833
1369527346:updateInputs:19126667:291
1369527346:updateComponents:19127000:33208
1369527346:propagateValuesOnChangeOnly:19160250:41625
1369527346:updateInputs:19264333:292
1369527346:updateComponents:19264667:33250
1369527346:propagateValuesOnChangeOnly:19297958:42042
1369527346:updateInputs:19402458:334
1369527346:updateComponents:19402792:33166
1369527346:propagateValuesOnChangeOnly:19436000:41708
1369527346:updateInputs:19540292:291
1369527346:updateComponents:19540625:33333
1369527346:propagateValuesOnChangeOnly:19574000:41917
1369527346:updateInputs:19686708:292
1369527346:updateComponents:19687042:33333
1369527346:propagateValuesOnChangeOnly:19720417:42583
1369527346:updateInputs:19827125:292
1369527346:updateComponents:19827458:33500
1369527346:propagateValuesOnChangeOnly:19861000:41583
1369527346:updateInputs:19965042:291
1369527346:updateComponents:19965375:33333
1369527346:propagateValuesOnChangeOnly:19998792:41416
1369527346:updateInputs:20102625:292
1369527346:updateComponents:20102958:37292
1369527346:propagateValuesOnChangeOnly:20140292:52666
1369527346:updateInputs:20255458:292
1369527346:updateComponents:20255792:33333
1369527346:propagateValuesOnChangeOnly:20289167:41916
1369527346:updateInputs:20393500:333
1369527346:updateComponents:20393875:33292
1369527346:propagateValuesOnChangeOnly:20427208:41792
1369527346:updateInputs:20531417:333
1369527346:updateComponents:20531792:33250
1369527346:propagateValuesOnChangeOnly:20565042:41833
1369527346:updateInputs:20669333:292
1369527346:updateComponents:20669667:33250
1369527346:propagateValuesOnChangeOnly:20702958:41917
1369527346:updateInputs:20807375:292
1369527346:updateComponents:20807708:33334
1369527346:propagateValuesOnChangeOnly:20841083:41875
1369527346:updateInputs:20945375:333
1369527346:updateComponents:20945708:33209
1369527346:propagateValuesOnChangeOnly:20978958:41959
1369527346:updateInputs:21089000:333
1369527346:updateComponents:21089375:33167
1369527346:propagateValuesOnChangeOnly:21122625:41708
1369527346:updateInputs:21229708:292
1369527346:updateComponents:21230042:33416
1369527346:propagateValuesOnChangeOnly:21263500:41958
1369527346:updateInputs:21367875:333
1369527346:updateComponents:21368208:33250
1369527346:propagateValuesOnChangeOnly:21401500:41792
1369527346:updateInputs:21505750:292
1369527346:updateComponents:21506083:33334
1369527346:propagateValuesOnChangeOnly:21539458:41834
1369527346:updateInputs:21643750:333
1369527346:updateComponents:21644125:33125
1369527346:propagateValuesOnChangeOnly:21677292:41500
1369527346:updateInputs:21781250:333
1369527346:updateComponents:21781583:33334
1369527346:propagateValuesOnChangeOnly:21814958:41459
1369527346:updateInputs:21918875:333
1369527346:updateComponents:21919208:33334
1369527346:propagateValuesOnChangeOnly:21952583:41875
1369527346:updateInputs:22056917:291
1369527346:updateComponents:22057250:33167
1369527346:propagateValuesOnChangeOnly:22090458:41834
1369527346:updateInputs:22194750:292
1369527346:updateComponents:22195083:33250
1369527346:propagateValuesOnChangeOnly:22228375:41667
1369527346:updateInputs:22332500:333
1369527346:updateComponents:22332875:33250
1369527346:propagateValuesOnChangeOnly:22366167:41958
1369527346:updateInputs:22470625:333
1369527346:updateComponents:22471000:33250
1369527346:propagateValuesOnChangeOnly:22504292:41833
1369527346:updateInputs:22608542:333
1369527346:updateComponents:22608875:33292
1369527346:propagateValuesOnChangeOnly:22642208:41334
1369527346:updateInputs:22746042:291
1369527346:updateComponents:22746375:33167
1369527346:propagateValuesOnChangeOnly:22779583:41875
1369527346:updateInputs:22883917:333
1369527346:updateComponents:22884250:33292
1369527346:propagateValuesOnChangeOnly:22917583:41709
1369527346:updateInputs:23021750:333
1369527346:updateComponents:23022083:33209
1369527346:propagateValuesOnChangeOnly:23055333:41834
1369527346:updateInputs:23159750:333
1369527346:updateComponents:23160083:33167
1369527346:propagateValuesOnChangeOnly:23193333:41459
1369527346:updateInputs:23297208:334
1369527346:updateComponents:23297542:33375
1369527346:propagateValuesOnChangeOnly:23330958:41709
1369527346:updateInputs:23435042:333
1369527346:updateComponents:23435417:33291
1369527346:propagateValuesOnChangeOnly:23468750:41458
1369527346:updateInputs:23572625:333
1369527346:updateComponents:23573000:33250
1369527346:propagateValuesOnChangeOnly:23606292:41541
1369527346:Run loop:3062125:20648208
1369527346:main:500:24288042
