Title: Nand 3 test
1756230155:updateInputs:19166:42
1756230155:updateComponents:27625:83
1756230155:Init circuit:14833:14458
1756230155:updateInputs:29458:83
1756230155:updateComponents:29541:42
1756230155:propagateValuesOnChangeOnly:29708:83
1756230155:updateInputs:30416:0
1756230155:updateComponents:30458:42
1756230155:propagateValuesOnChangeOnly:30541:42
1756230155:updateInputs:31208:42
1756230155:updateComponents:31250:41
1756230155:propagateValuesOnChangeOnly:31333:0
1756230155:updateInputs:32000:41
1756230155:updateComponents:32083:42
1756230155:propagateValuesOnChangeOnly:32125:41
1756230155:updateInputs:32666:42
1756230155:updateComponents:32750:0
1756230155:propagateValuesOnChangeOnly:32916:42
1756230155:updateInputs:33458:42
1756230155:updateComponents:33500:41
1756230155:propagateValuesOnChangeOnly:33541:42
1756230155:updateInputs:34041:42
1756230155:updateComponents:34083:42
1756230155:propagateValuesOnChangeOnly:34125:41
1756230155:updateInputs:34625:41
1756230155:updateComponents:34666:42
1756230155:propagateValuesOnChangeOnly:34750:41
1756230155:Run loop:29458:5792
1756230155:main:41:36834
