Title: Up counter test
2981622416:updateInputs:78750:84
2981622416:updateComponents:87084:750
2981622416:Init circuit:55625:37792
2981622416:updateInputs:93625:84
2981622416:updateComponents:93750:500
2981622416:propagateValuesOnChangeOnly:94417:1125
2981622416:updateInputs:95709:41
2981622416:updateComponents:95792:417
2981622416:propagateValuesOnChangeOnly:96250:959
2981622416:updateInputs:97417:42
2981622416:updateComponents:97500:417
2981622416:propagateValuesOnChangeOnly:97959:875
2981622416:updateInputs:98875:42
2981622416:updateComponents:98959:416
2981622416:propagateValuesOnChangeOnly:99417:792
2981622416:updateInputs:100292:42
2981622416:updateComponents:100334:416
2981622416:propagateValuesOnChangeOnly:100959:833
2981622416:updateInputs:101834:41
2981622416:updateComponents:101917:417
2981622416:propagateValuesOnChangeOnly:102375:792
2981622416:updateInputs:105667:42
2981622416:updateComponents:105750:417
2981622416:propagateValuesOnChangeOnly:106167:958
2981622416:updateInputs:107250:0
2981622416:updateComponents:107292:417
2981622416:propagateValuesOnChangeOnly:107750:917
2981622416:updateInputs:108709:41
2981622416:updateComponents:108792:417
2981622416:propagateValuesOnChangeOnly:109209:916
2981622416:updateInputs:110209:0
2981622416:updateComponents:110250:417
2981622416:propagateValuesOnChangeOnly:110709:791
2981622416:updateInputs:111750:42
2981622416:updateComponents:111834:416
2981622416:propagateValuesOnChangeOnly:112250:834
2981622416:updateInputs:113125:84
2981622416:updateComponents:113250:417
2981622416:propagateValuesOnChangeOnly:113667:792
2981622416:updateInputs:117084:41
2981622416:updateComponents:117167:417
2981622416:propagateValuesOnChangeOnly:117625:1084
2981622416:updateInputs:118792:42
2981622416:updateComponents:118875:417
2981622416:propagateValuesOnChangeOnly:119292:958
2981622416:updateInputs:120334:41
2981622416:updateComponents:120375:417
2981622416:propagateValuesOnChangeOnly:120834:916
2981622416:updateInputs:121792:42
2981622416:updateComponents:121875:417
2981622416:propagateValuesOnChangeOnly:122334:875
2981622416:updateInputs:123250:42
2981622416:updateComponents:123334:416
2981622416:propagateValuesOnChangeOnly:123792:833
2981622416:updateInputs:124709:41
2981622416:updateComponents:124792:417
2981622416:propagateValuesOnChangeOnly:125209:833
2981622416:updateInputs:128334:41
2981622416:updateComponents:128417:417
2981622416:propagateValuesOnChangeOnly:128875:917
2981622416:updateInputs:129834:41
2981622416:updateComponents:129917:417
2981622416:propagateValuesOnChangeOnly:130375:875
2981622416:updateInputs:131292:42
2981622416:updateComponents:131375:417
2981622416:propagateValuesOnChangeOnly:132084:875
2981622416:updateInputs:133042:42
2981622416:updateComponents:133125:417
2981622416:propagateValuesOnChangeOnly:133584:875
2981622416:updateInputs:134500:42
2981622416:updateComponents:134584:416
2981622416:propagateValuesOnChangeOnly:135000:1000
2981622416:updateInputs:136084:83
2981622416:updateComponents:136209:416
2981622416:propagateValuesOnChangeOnly:136667:792
2981622416:updateInputs:139709:41
2981622416:updateComponents:139750:417
2981622416:propagateValuesOnChangeOnly:140209:958
2981622416:updateInputs:141250:42
2981622416:updateComponents:141334:416
2981622416:propagateValuesOnChangeOnly:141792:917
2981622416:updateInputs:142750:42
2981622416:updateComponents:142834:416
2981622416:propagateValuesOnChangeOnly:143250:917
2981622416:updateInputs:144209:41
2981622416:updateComponents:144250:417
2981622416:propagateValuesOnChangeOnly:144709:791
2981622416:updateInputs:145584:0
2981622416:updateComponents:145625:417
2981622416:propagateValuesOnChangeOnly:146084:791
2981622416:updateInputs:146959:41
2981622416:updateComponents:147000:417
2981622416:propagateValuesOnChangeOnly:147459:791
2981622416:updateInputs:150750:42
2981622416:updateComponents:150834:416
2981622416:propagateValuesOnChangeOnly:151292:917
2981622416:updateInputs:152250:42
2981622416:updateComponents:152334:416
2981622416:propagateValuesOnChangeOnly:152792:875
2981622416:updateInputs:153709:41
2981622416:updateComponents:153792:417
2981622416:propagateValuesOnChangeOnly:154250:875
2981622416:updateInputs:155167:42
2981622416:updateComponents:155250:417
2981622416:propagateValuesOnChangeOnly:155667:833
2981622416:updateInputs:156542:42
2981622416:updateComponents:156625:417
2981622416:propagateValuesOnChangeOnly:157042:833
2981622416:updateInputs:157917:42
2981622416:updateComponents:158000:417
2981622416:propagateValuesOnChangeOnly:158459:791
2981622416:updateInputs:161500:84
2981622416:updateComponents:161584:416
2981622416:propagateValuesOnChangeOnly:162042:917
2981622416:updateInputs:163042:0
2981622416:updateComponents:163084:416
2981622416:propagateValuesOnChangeOnly:163542:875
2981622416:updateInputs:164459:41
2981622416:updateComponents:165709:416
2981622416:propagateValuesOnChangeOnly:166167:875
2981622416:updateInputs:167084:41
2981622416:updateComponents:167167:417
2981622416:propagateValuesOnChangeOnly:167625:792
2981622416:updateInputs:168459:41
2981622416:updateComponents:168542:417
2981622416:propagateValuesOnChangeOnly:169000:792
2981622416:updateInputs:169834:41
2981622416:updateComponents:169917:417
2981622416:propagateValuesOnChangeOnly:170334:791
2981622416:updateInputs:173792:42
2981622416:updateComponents:173875:417
2981622416:propagateValuesOnChangeOnly:174292:917
2981622416:updateInputs:175250:42
2981622416:updateComponents:175334:416
2981622416:propagateValuesOnChangeOnly:175750:917
2981622416:updateInputs:176709:41
2981622416:updateComponents:176750:459
2981622416:propagateValuesOnChangeOnly:177209:875
2981622416:updateInputs:178167:0
2981622416:updateComponents:178209:416
2981622416:propagateValuesOnChangeOnly:178667:792
2981622416:updateInputs:179500:42
2981622416:updateComponents:179584:416
2981622416:propagateValuesOnChangeOnly:180042:750
2981622416:updateInputs:180834:83
2981622416:updateComponents:180917:417
2981622416:propagateValuesOnChangeOnly:181375:792
2981622416:updateInputs:184417:42
2981622416:updateComponents:184459:416
2981622416:propagateValuesOnChangeOnly:184917:917
2981622416:updateInputs:185917:42
2981622416:updateComponents:185959:416
2981622416:propagateValuesOnChangeOnly:186417:917
2981622416:updateInputs:187417:42
2981622416:updateComponents:187459:416
2981622416:propagateValuesOnChangeOnly:187917:875
2981622416:updateInputs:188875:0
2981622416:updateComponents:188917:417
2981622416:propagateValuesOnChangeOnly:189375:834
2981622416:updateInputs:190250:42
2981622416:updateComponents:190334:416
2981622416:propagateValuesOnChangeOnly:190750:834
2981622416:updateInputs:191667:0
2981622416:updateComponents:191709:416
2981622416:propagateValuesOnChangeOnly:192167:792
2981622416:updateInputs:195167:42
2981622416:updateComponents:195209:416
2981622416:propagateValuesOnChangeOnly:195667:917
2981622416:updateInputs:196625:42
2981622416:updateComponents:196709:416
2981622416:propagateValuesOnChangeOnly:197125:917
2981622416:updateInputs:198084:41
2981622416:updateComponents:198125:417
2981622416:propagateValuesOnChangeOnly:198584:875
2981622416:updateInputs:199500:42
2981622416:updateComponents:199542:417
2981622416:propagateValuesOnChangeOnly:200000:834
2981622416:updateInputs:200875:42
2981622416:updateComponents:200959:416
2981622416:propagateValuesOnChangeOnly:201375:917
2981622416:updateInputs:202334:41
2981622416:updateComponents:202417:417
2981622416:propagateValuesOnChangeOnly:202834:875
2981622416:updateInputs:206167:42
2981622416:updateComponents:206250:417
2981622416:propagateValuesOnChangeOnly:206667:917
2981622416:updateInputs:207667:42
2981622416:updateComponents:207709:458
2981622416:propagateValuesOnChangeOnly:208167:917
2981622416:updateInputs:209125:42
2981622416:updateComponents:209209:416
2981622416:propagateValuesOnChangeOnly:209667:875
2981622416:updateInputs:210584:41
2981622416:updateComponents:210667:458
2981622416:propagateValuesOnChangeOnly:211167:833
2981622416:updateInputs:212084:41
2981622416:updateComponents:212125:417
2981622416:propagateValuesOnChangeOnly:212584:833
2981622416:updateInputs:213459:41
2981622416:updateComponents:213542:417
2981622416:propagateValuesOnChangeOnly:214000:792
2981622416:updateInputs:216959:41
2981622416:updateComponents:217042:417
2981622416:propagateValuesOnChangeOnly:217500:875
2981622416:updateInputs:218417:42
2981622416:updateComponents:218500:417
2981622416:propagateValuesOnChangeOnly:218959:875
2981622416:updateInputs:219875:42
2981622416:updateComponents:219959:416
2981622416:propagateValuesOnChangeOnly:220375:875
2981622416:updateInputs:221334:0
2981622416:updateComponents:221375:417
2981622416:propagateValuesOnChangeOnly:221834:875
2981622416:updateInputs:222792:0
2981622416:updateComponents:222834:416
2981622416:propagateValuesOnChangeOnly:223292:917
2981622416:updateInputs:224292:42
2981622416:updateComponents:224334:458
2981622416:propagateValuesOnChangeOnly:224792:833
2981622416:updateInputs:227792:42
2981622416:updateComponents:227875:417
2981622416:propagateValuesOnChangeOnly:228292:917
2981622416:updateInputs:229292:0
2981622416:updateComponents:229334:416
2981622416:propagateValuesOnChangeOnly:229792:875
2981622416:updateInputs:230750:0
2981622416:updateComponents:230792:417
2981622416:propagateValuesOnChangeOnly:231250:875
2981622416:updateInputs:232167:42
2981622416:updateComponents:232250:417
2981622416:propagateValuesOnChangeOnly:232667:833
2981622416:updateInputs:233542:42
2981622416:updateComponents:233625:417
2981622416:propagateValuesOnChangeOnly:234042:833
2981622416:updateInputs:234917:42
2981622416:updateComponents:235000:417
2981622416:propagateValuesOnChangeOnly:235417:833
2981622416:updateInputs:238417:42
2981622416:updateComponents:238500:417
2981622416:propagateValuesOnChangeOnly:238917:917
2981622416:updateInputs:239875:42
2981622416:updateComponents:239917:417
2981622416:propagateValuesOnChangeOnly:240375:875
2981622416:updateInputs:241334:41
2981622416:updateComponents:241375:417
2981622416:propagateValuesOnChangeOnly:241834:875
2981622416:updateInputs:242750:42
2981622416:updateComponents:242834:416
2981622416:propagateValuesOnChangeOnly:243250:834
2981622416:updateInputs:244125:42
2981622416:updateComponents:244209:416
2981622416:propagateValuesOnChangeOnly:244625:875
2981622416:updateInputs:245584:0
2981622416:updateComponents:245625:417
2981622416:propagateValuesOnChangeOnly:246084:833
2981622416:updateInputs:249084:41
2981622416:updateComponents:249167:417
2981622416:propagateValuesOnChangeOnly:250959:958
2981622416:updateInputs:252042:0
2981622416:updateComponents:252125:375
2981622416:propagateValuesOnChangeOnly:252542:958
2981622416:updateInputs:253542:42
2981622416:updateComponents:253625:417
2981622416:propagateValuesOnChangeOnly:254084:916
2981622416:updateInputs:255125:0
2981622416:updateComponents:255167:417
2981622416:propagateValuesOnChangeOnly:255625:834
2981622416:updateInputs:256542:0
2981622416:updateComponents:256584:416
2981622416:propagateValuesOnChangeOnly:257042:833
2981622416:updateInputs:257917:42
2981622416:updateComponents:257959:458
2981622416:propagateValuesOnChangeOnly:258417:833
2981622416:updateInputs:261542:0
2981622416:updateComponents:261584:416
2981622416:propagateValuesOnChangeOnly:262042:917
2981622416:updateInputs:263042:42
2981622416:updateComponents:263084:416
2981622416:propagateValuesOnChangeOnly:263542:875
2981622416:updateInputs:264500:0
2981622416:updateComponents:264542:417
2981622416:propagateValuesOnChangeOnly:265000:875
2981622416:updateInputs:265917:42
2981622416:updateComponents:266000:417
2981622416:propagateValuesOnChangeOnly:266417:1000
2981622416:updateInputs:267500:42
2981622416:updateComponents:267584:416
2981622416:propagateValuesOnChangeOnly:268042:917
2981622416:updateInputs:269000:42
2981622416:updateComponents:269084:416
2981622416:propagateValuesOnChangeOnly:269542:833
2981622416:updateInputs:272500:42
2981622416:updateComponents:272584:416
2981622416:propagateValuesOnChangeOnly:273042:958
2981622416:updateInputs:274084:0
2981622416:updateComponents:274125:417
2981622416:propagateValuesOnChangeOnly:274584:875
2981622416:updateInputs:275542:0
2981622416:updateComponents:275584:416
2981622416:propagateValuesOnChangeOnly:276042:875
2981622416:updateInputs:276959:41
2981622416:updateComponents:277000:459
2981622416:propagateValuesOnChangeOnly:277459:833
2981622416:updateInputs:278334:41
2981622416:updateComponents:278375:417
2981622416:propagateValuesOnChangeOnly:278834:791
2981622416:updateInputs:279709:0
2981622416:updateComponents:279750:417
2981622416:propagateValuesOnChangeOnly:280209:791
2981622416:updateInputs:283209:41
2981622416:updateComponents:283292:417
2981622416:propagateValuesOnChangeOnly:283709:916
2981622416:updateInputs:284667:42
2981622416:updateComponents:284750:417
2981622416:propagateValuesOnChangeOnly:285167:917
2981622416:updateInputs:286125:42
2981622416:updateComponents:286167:417
2981622416:propagateValuesOnChangeOnly:286625:875
2981622416:updateInputs:287584:0
2981622416:updateComponents:287625:417
2981622416:propagateValuesOnChangeOnly:288084:791
2981622416:updateInputs:288959:0
2981622416:updateComponents:289000:417
2981622416:propagateValuesOnChangeOnly:289459:833
2981622416:updateInputs:290334:41
2981622416:updateComponents:290417:417
2981622416:propagateValuesOnChangeOnly:290875:834
2981622416:updateInputs:293875:42
2981622416:updateComponents:293959:416
2981622416:propagateValuesOnChangeOnly:294417:875
2981622416:updateInputs:295375:42
2981622416:updateComponents:295417:417
2981622416:propagateValuesOnChangeOnly:295875:875
2981622416:updateInputs:296834:0
2981622416:updateComponents:296875:417
2981622416:propagateValuesOnChangeOnly:297334:875
2981622416:updateInputs:298250:42
2981622416:updateComponents:298292:417
2981622416:propagateValuesOnChangeOnly:298750:834
2981622416:updateInputs:299667:0
2981622416:updateComponents:299709:416
2981622416:propagateValuesOnChangeOnly:300167:792
2981622416:updateInputs:301000:42
2981622416:updateComponents:301084:416
2981622416:propagateValuesOnChangeOnly:301542:792
2981622416:updateInputs:304542:42
2981622416:updateComponents:304584:416
2981622416:propagateValuesOnChangeOnly:305042:875
2981622416:updateInputs:306000:0
2981622416:updateComponents:306042:417
2981622416:propagateValuesOnChangeOnly:306500:875
2981622416:updateInputs:307417:42
2981622416:updateComponents:307500:417
2981622416:propagateValuesOnChangeOnly:307917:875
2981622416:updateInputs:308875:0
2981622416:updateComponents:308917:417
2981622416:propagateValuesOnChangeOnly:309375:875
2981622416:updateInputs:310292:0
2981622416:updateComponents:310334:416
2981622416:propagateValuesOnChangeOnly:310792:875
2981622416:updateInputs:311750:42
2981622416:updateComponents:311834:416
2981622416:propagateValuesOnChangeOnly:312250:834
2981622416:updateInputs:315292:0
2981622416:updateComponents:315334:416
2981622416:propagateValuesOnChangeOnly:315792:917
2981622416:updateInputs:316750:42
2981622416:updateComponents:316792:417
2981622416:propagateValuesOnChangeOnly:317250:875
2981622416:updateInputs:318209:0
2981622416:updateComponents:318250:417
2981622416:propagateValuesOnChangeOnly:318709:875
2981622416:updateInputs:319625:42
2981622416:updateComponents:319709:416
2981622416:propagateValuesOnChangeOnly:320167:792
2981622416:updateInputs:321042:0
2981622416:updateComponents:321084:416
2981622416:propagateValuesOnChangeOnly:321542:792
2981622416:updateInputs:322375:42
2981622416:updateComponents:322459:416
2981622416:propagateValuesOnChangeOnly:322917:792
2981622416:updateInputs:325875:42
2981622416:updateComponents:325959:416
2981622416:propagateValuesOnChangeOnly:326417:875
2981622416:updateInputs:327334:41
2981622416:updateComponents:327417:417
2981622416:propagateValuesOnChangeOnly:327834:875
2981622416:updateInputs:328792:0
2981622416:updateComponents:328834:416
2981622416:propagateValuesOnChangeOnly:329292:875
2981622416:updateInputs:330209:41
2981622416:updateComponents:330250:417
2981622416:propagateValuesOnChangeOnly:330709:791
2981622416:updateInputs:331584:0
2981622416:updateComponents:331625:417
2981622416:propagateValuesOnChangeOnly:332084:833
2981622416:updateInputs:332959:41
2981622416:updateComponents:333042:417
2981622416:propagateValuesOnChangeOnly:333500:792
2981622416:updateInputs:336709:0
2981622416:updateComponents:336750:417
2981622416:propagateValuesOnChangeOnly:337209:916
2981622416:updateInputs:338209:0
2981622416:updateComponents:338250:417
2981622416:propagateValuesOnChangeOnly:338709:875
2981622416:updateInputs:339667:0
2981622416:updateComponents:339709:416
2981622416:propagateValuesOnChangeOnly:340167:875
2981622416:updateInputs:341125:0
2981622416:updateComponents:341167:417
2981622416:propagateValuesOnChangeOnly:341625:834
2981622416:updateInputs:342500:42
2981622416:updateComponents:342542:458
2981622416:propagateValuesOnChangeOnly:343000:834
2981622416:updateInputs:343917:0
2981622416:updateComponents:343959:416
2981622416:propagateValuesOnChangeOnly:344417:792
2981622416:updateInputs:348417:42
2981622416:updateComponents:348459:416
2981622416:propagateValuesOnChangeOnly:348959:875
2981622416:updateInputs:349875:42
2981622416:updateComponents:349959:416
2981622416:propagateValuesOnChangeOnly:350417:875
2981622416:updateInputs:351375:0
2981622416:updateComponents:351417:417
2981622416:propagateValuesOnChangeOnly:351875:875
2981622416:updateInputs:352792:42
2981622416:updateComponents:352875:417
2981622416:propagateValuesOnChangeOnly:353334:916
2981622416:updateInputs:354292:42
2981622416:updateComponents:354375:417
2981622416:propagateValuesOnChangeOnly:354792:958
2981622416:updateInputs:355792:42
2981622416:updateComponents:355875:417
2981622416:propagateValuesOnChangeOnly:356334:833
2981622416:updateInputs:359334:41
2981622416:updateComponents:359417:417
2981622416:propagateValuesOnChangeOnly:359834:916
2981622416:updateInputs:360834:0
2981622416:updateComponents:360875:417
2981622416:propagateValuesOnChangeOnly:361334:875
2981622416:updateInputs:362250:42
2981622416:updateComponents:362334:416
2981622416:propagateValuesOnChangeOnly:362750:917
2981622416:updateInputs:363709:41
2981622416:updateComponents:363750:417
2981622416:propagateValuesOnChangeOnly:364209:833
2981622416:updateInputs:365084:0
2981622416:updateComponents:365125:417
2981622416:propagateValuesOnChangeOnly:365584:791
2981622416:updateInputs:366417:42
2981622416:updateComponents:366500:417
2981622416:propagateValuesOnChangeOnly:366959:791
2981622416:updateInputs:369917:42
2981622416:updateComponents:369959:416
2981622416:propagateValuesOnChangeOnly:370417:875
2981622416:updateInputs:371375:0
2981622416:updateComponents:371417:417
2981622416:propagateValuesOnChangeOnly:371875:875
2981622416:updateInputs:372792:42
2981622416:updateComponents:372875:417
2981622416:propagateValuesOnChangeOnly:373292:875
2981622416:updateInputs:374209:41
2981622416:updateComponents:374292:417
2981622416:propagateValuesOnChangeOnly:374709:833
2981622416:updateInputs:375584:41
2981622416:updateComponents:375667:417
2981622416:propagateValuesOnChangeOnly:376084:875
2981622416:updateInputs:377000:42
2981622416:updateComponents:377084:416
2981622416:propagateValuesOnChangeOnly:377542:792
2981622416:updateInputs:380500:42
2981622416:updateComponents:380584:416
2981622416:propagateValuesOnChangeOnly:381000:917
2981622416:updateInputs:381959:41
2981622416:updateComponents:382042:375
2981622416:propagateValuesOnChangeOnly:382459:916
2981622416:updateInputs:383417:42
2981622416:updateComponents:383459:416
2981622416:propagateValuesOnChangeOnly:383917:875
2981622416:updateInputs:384875:0
2981622416:updateComponents:384917:417
2981622416:propagateValuesOnChangeOnly:385375:792
2981622416:updateInputs:386250:0
2981622416:updateComponents:386292:417
2981622416:propagateValuesOnChangeOnly:386750:792
2981622416:updateInputs:387625:0
2981622416:updateComponents:387667:417
2981622416:propagateValuesOnChangeOnly:388125:792
2981622416:updateInputs:391125:0
2981622416:updateComponents:391167:417
2981622416:propagateValuesOnChangeOnly:391625:875
2981622416:updateInputs:392542:42
2981622416:updateComponents:392625:417
2981622416:propagateValuesOnChangeOnly:393084:875
2981622416:updateInputs:394000:42
2981622416:updateComponents:394084:416
2981622416:propagateValuesOnChangeOnly:394500:875
2981622416:updateInputs:395459:0
2981622416:updateComponents:395500:417
2981622416:propagateValuesOnChangeOnly:395959:833
2981622416:updateInputs:396875:0
2981622416:updateComponents:396917:417
2981622416:propagateValuesOnChangeOnly:397375:875
2981622416:updateInputs:398292:42
2981622416:updateComponents:398375:417
2981622416:propagateValuesOnChangeOnly:398834:791
2981622416:updateInputs:401792:42
2981622416:updateComponents:401834:416
2981622416:propagateValuesOnChangeOnly:402292:917
2981622416:updateInputs:403250:42
2981622416:updateComponents:403292:417
2981622416:propagateValuesOnChangeOnly:403750:875
2981622416:updateInputs:417292:42
2981622416:updateComponents:417334:458
2981622416:propagateValuesOnChangeOnly:417834:916
2981622416:updateInputs:418834:41
2981622416:updateComponents:418917:417
2981622416:propagateValuesOnChangeOnly:419375:792
2981622416:updateInputs:420250:0
2981622416:updateComponents:420292:417
2981622416:propagateValuesOnChangeOnly:420750:792
2981622416:updateInputs:421584:41
2981622416:updateComponents:421667:417
2981622416:propagateValuesOnChangeOnly:422125:792
2981622416:updateInputs:425292:0
2981622416:updateComponents:425334:416
2981622416:propagateValuesOnChangeOnly:425792:875
2981622416:updateInputs:426750:0
2981622416:updateComponents:426792:417
2981622416:propagateValuesOnChangeOnly:427250:875
2981622416:updateInputs:428167:42
2981622416:updateComponents:428250:417
2981622416:propagateValuesOnChangeOnly:428709:875
2981622416:updateInputs:429625:42
2981622416:updateComponents:429667:458
2981622416:propagateValuesOnChangeOnly:430125:834
2981622416:updateInputs:431000:42
2981622416:updateComponents:431042:417
2981622416:propagateValuesOnChangeOnly:431500:834
2981622416:updateInputs:432417:42
2981622416:updateComponents:432459:416
2981622416:propagateValuesOnChangeOnly:432917:833
2981622416:updateInputs:435917:0
2981622416:updateComponents:435959:416
2981622416:propagateValuesOnChangeOnly:436417:917
2981622416:updateInputs:437375:42
2981622416:updateComponents:437459:416
2981622416:propagateValuesOnChangeOnly:437875:959
2981622416:updateInputs:438875:42
2981622416:updateComponents:438917:458
2981622416:propagateValuesOnChangeOnly:439375:917
2981622416:updateInputs:440334:41
2981622416:updateComponents:440417:417
2981622416:propagateValuesOnChangeOnly:440834:875
2981622416:updateInputs:441750:42
2981622416:updateComponents:441792:458
2981622416:propagateValuesOnChangeOnly:442250:834
2981622416:updateInputs:443125:42
2981622416:updateComponents:443209:416
2981622416:propagateValuesOnChangeOnly:443667:833
2981622416:updateInputs:446625:42
2981622416:updateComponents:446709:416
2981622416:propagateValuesOnChangeOnly:447125:917
2981622416:updateInputs:448084:41
2981622416:updateComponents:448125:459
2981622416:propagateValuesOnChangeOnly:448584:916
2981622416:updateInputs:449542:0
2981622416:updateComponents:449584:416
2981622416:propagateValuesOnChangeOnly:450042:875
2981622416:updateInputs:450959:41
2981622416:updateComponents:451000:417
2981622416:propagateValuesOnChangeOnly:451459:958
2981622416:updateInputs:452500:42
2981622416:updateComponents:452584:416
2981622416:propagateValuesOnChangeOnly:453042:958
2981622416:updateInputs:454084:41
2981622416:updateComponents:454167:417
2981622416:propagateValuesOnChangeOnly:454625:834
2981622416:updateInputs:457584:41
2981622416:updateComponents:457667:417
2981622416:propagateValuesOnChangeOnly:458125:917
2981622416:updateInputs:459125:0
2981622416:updateComponents:459167:417
2981622416:propagateValuesOnChangeOnly:459625:875
2981622416:updateInputs:460584:0
2981622416:updateComponents:460625:417
2981622416:propagateValuesOnChangeOnly:461084:875
2981622416:updateInputs:462000:42
2981622416:updateComponents:462042:417
2981622416:propagateValuesOnChangeOnly:462500:834
2981622416:updateInputs:463375:0
2981622416:updateComponents:463417:417
2981622416:propagateValuesOnChangeOnly:463875:792
2981622416:updateInputs:464750:0
2981622416:updateComponents:464792:417
2981622416:propagateValuesOnChangeOnly:465250:792
2981622416:updateInputs:468209:41
2981622416:updateComponents:468292:417
2981622416:propagateValuesOnChangeOnly:468750:875
2981622416:updateInputs:469667:42
2981622416:updateComponents:469709:458
2981622416:propagateValuesOnChangeOnly:470167:875
2981622416:updateInputs:471125:0
2981622416:updateComponents:471167:417
2981622416:propagateValuesOnChangeOnly:471625:875
2981622416:updateInputs:472542:42
2981622416:updateComponents:472584:416
2981622416:propagateValuesOnChangeOnly:473042:833
2981622416:updateInputs:473917:42
2981622416:updateComponents:473959:416
2981622416:propagateValuesOnChangeOnly:474417:833
2981622416:updateInputs:475334:41
2981622416:updateComponents:475375:417
2981622416:propagateValuesOnChangeOnly:475834:833
2981622416:updateInputs:478834:41
2981622416:updateComponents:478917:417
2981622416:propagateValuesOnChangeOnly:479334:916
2981622416:updateInputs:480292:42
2981622416:updateComponents:480375:417
2981622416:propagateValuesOnChangeOnly:480792:917
2981622416:updateInputs:481750:42
2981622416:updateComponents:481834:416
2981622416:propagateValuesOnChangeOnly:482250:875
2981622416:updateInputs:483209:0
2981622416:updateComponents:483250:417
2981622416:propagateValuesOnChangeOnly:483709:833
2981622416:updateInputs:484584:0
2981622416:updateComponents:484625:417
2981622416:propagateValuesOnChangeOnly:485084:750
2981622416:updateInputs:485917:0
2981622416:updateComponents:485959:416
2981622416:propagateValuesOnChangeOnly:486417:792
2981622416:updateInputs:489417:0
2981622416:updateComponents:489459:416
2981622416:propagateValuesOnChangeOnly:489917:875
2981622416:updateInputs:490875:0
2981622416:updateComponents:490917:417
2981622416:propagateValuesOnChangeOnly:491375:875
2981622416:updateInputs:492292:42
2981622416:updateComponents:492375:417
2981622416:propagateValuesOnChangeOnly:492792:875
2981622416:updateInputs:493750:0
2981622416:updateComponents:493792:417
2981622416:propagateValuesOnChangeOnly:494250:834
2981622416:updateInputs:495167:0
2981622416:updateComponents:495209:416
2981622416:propagateValuesOnChangeOnly:495667:875
2981622416:updateInputs:496625:0
2981622416:updateComponents:496667:417
2981622416:propagateValuesOnChangeOnly:497125:834
2981622416:updateInputs:500125:42
2981622416:updateComponents:500167:417
2981622416:propagateValuesOnChangeOnly:500625:917
2981622416:updateInputs:501584:41
2981622416:updateComponents:501625:417
2981622416:propagateValuesOnChangeOnly:502084:875
2981622416:updateInputs:503042:0
2981622416:updateComponents:503084:416
2981622416:propagateValuesOnChangeOnly:503542:875
2981622416:updateInputs:504459:41
2981622416:updateComponents:504542:417
2981622416:propagateValuesOnChangeOnly:504959:833
2981622416:updateInputs:505834:41
2981622416:updateComponents:505875:417
2981622416:propagateValuesOnChangeOnly:506334:791
2981622416:updateInputs:507209:0
2981622416:updateComponents:507250:417
2981622416:propagateValuesOnChangeOnly:507709:791
2981622416:updateInputs:510709:0
2981622416:updateComponents:510750:417
2981622416:propagateValuesOnChangeOnly:511209:875
2981622416:updateInputs:512167:0
2981622416:updateComponents:512209:416
2981622416:propagateValuesOnChangeOnly:512667:875
2981622416:updateInputs:513584:41
2981622416:updateComponents:513667:417
2981622416:propagateValuesOnChangeOnly:514084:875
2981622416:updateInputs:515042:0
2981622416:updateComponents:515084:416
2981622416:propagateValuesOnChangeOnly:515542:833
2981622416:updateInputs:516417:42
2981622416:updateComponents:516500:417
2981622416:propagateValuesOnChangeOnly:518084:833
2981622416:updateInputs:519000:42
2981622416:updateComponents:519042:417
2981622416:propagateValuesOnChangeOnly:519542:792
2981622416:updateInputs:522542:42
2981622416:updateComponents:522625:417
2981622416:propagateValuesOnChangeOnly:523084:875
2981622416:updateInputs:524042:0
2981622416:updateComponents:524084:416
2981622416:propagateValuesOnChangeOnly:524542:875
2981622416:updateInputs:525500:0
2981622416:updateComponents:525542:417
2981622416:propagateValuesOnChangeOnly:526000:875
2981622416:updateInputs:526917:42
2981622416:updateComponents:527000:417
2981622416:propagateValuesOnChangeOnly:527417:833
2981622416:updateInputs:528334:0
2981622416:updateComponents:528375:417
2981622416:propagateValuesOnChangeOnly:528834:833
2981622416:updateInputs:529709:41
2981622416:updateComponents:529750:459
2981622416:propagateValuesOnChangeOnly:530209:833
2981622416:updateInputs:533209:41
2981622416:updateComponents:533292:417
2981622416:propagateValuesOnChangeOnly:533750:875
2981622416:updateInputs:534667:42
2981622416:updateComponents:534750:417
2981622416:propagateValuesOnChangeOnly:535209:875
2981622416:updateInputs:536125:42
2981622416:updateComponents:536209:416
2981622416:propagateValuesOnChangeOnly:536625:917
2981622416:updateInputs:537584:41
2981622416:updateComponents:537625:417
2981622416:propagateValuesOnChangeOnly:538084:916
2981622416:updateInputs:539042:42
2981622416:updateComponents:539125:417
2981622416:propagateValuesOnChangeOnly:539542:958
2981622416:updateInputs:540542:42
2981622416:updateComponents:540625:417
2981622416:propagateValuesOnChangeOnly:541084:791
2981622416:updateInputs:544084:41
2981622416:updateComponents:544125:459
2981622416:propagateValuesOnChangeOnly:544584:916
2981622416:updateInputs:545584:0
2981622416:updateComponents:545625:417
2981622416:propagateValuesOnChangeOnly:546084:833
2981622416:updateInputs:547000:0
2981622416:updateComponents:547042:417
2981622416:propagateValuesOnChangeOnly:547500:875
2981622416:updateInputs:548417:42
2981622416:updateComponents:548500:417
2981622416:propagateValuesOnChangeOnly:548917:833
2981622416:updateInputs:549792:42
2981622416:updateComponents:549834:458
2981622416:propagateValuesOnChangeOnly:550292:833
2981622416:updateInputs:551167:42
2981622416:updateComponents:551250:417
2981622416:propagateValuesOnChangeOnly:551667:792
2981622416:updateInputs:554625:42
2981622416:updateComponents:554709:416
2981622416:propagateValuesOnChangeOnly:555167:875
2981622416:updateInputs:556084:41
2981622416:updateComponents:556167:417
2981622416:propagateValuesOnChangeOnly:556625:875
2981622416:updateInputs:557542:42
2981622416:updateComponents:557584:416
2981622416:propagateValuesOnChangeOnly:558042:875
2981622416:updateInputs:558959:41
2981622416:updateComponents:559000:459
2981622416:propagateValuesOnChangeOnly:559459:833
2981622416:updateInputs:560334:41
2981622416:updateComponents:560375:417
2981622416:propagateValuesOnChangeOnly:560834:833
2981622416:updateInputs:561750:42
2981622416:updateComponents:561792:417
2981622416:propagateValuesOnChangeOnly:562250:834
2981622416:updateInputs:565250:42
2981622416:updateComponents:565292:458
2981622416:propagateValuesOnChangeOnly:565750:917
2981622416:updateInputs:566709:41
2981622416:updateComponents:566792:417
2981622416:propagateValuesOnChangeOnly:567250:875
2981622416:updateInputs:568209:0
2981622416:updateComponents:568250:417
2981622416:propagateValuesOnChangeOnly:568709:875
2981622416:updateInputs:569625:42
2981622416:updateComponents:569709:416
2981622416:propagateValuesOnChangeOnly:570125:834
2981622416:updateInputs:571000:42
2981622416:updateComponents:571084:416
2981622416:propagateValuesOnChangeOnly:571500:834
2981622416:updateInputs:572375:42
2981622416:updateComponents:572459:416
2981622416:propagateValuesOnChangeOnly:572917:792
2981622416:updateInputs:575875:42
2981622416:updateComponents:575917:417
2981622416:propagateValuesOnChangeOnly:576375:875
2981622416:updateInputs:577375:0
2981622416:updateComponents:577417:417
2981622416:propagateValuesOnChangeOnly:577875:875
2981622416:updateInputs:578792:42
2981622416:updateComponents:578875:417
2981622416:propagateValuesOnChangeOnly:579292:875
2981622416:updateInputs:580209:41
2981622416:updateComponents:580292:417
2981622416:propagateValuesOnChangeOnly:580709:875
2981622416:updateInputs:581625:42
2981622416:updateComponents:581709:416
2981622416:propagateValuesOnChangeOnly:582167:875
2981622416:updateInputs:583084:41
2981622416:updateComponents:583167:417
2981622416:propagateValuesOnChangeOnly:583584:833
2981622416:updateInputs:586875:42
2981622416:updateComponents:586959:416
2981622416:propagateValuesOnChangeOnly:587417:917
2981622416:updateInputs:588375:42
2981622416:updateComponents:588417:417
2981622416:propagateValuesOnChangeOnly:588875:875
2981622416:updateInputs:589834:0
2981622416:updateComponents:589875:417
2981622416:propagateValuesOnChangeOnly:590334:875
2981622416:updateInputs:591250:42
2981622416:updateComponents:591334:416
2981622416:propagateValuesOnChangeOnly:591750:834
2981622416:updateInputs:592625:42
2981622416:updateComponents:592709:416
2981622416:propagateValuesOnChangeOnly:593125:792
2981622416:updateInputs:594000:42
2981622416:updateComponents:594042:417
2981622416:propagateValuesOnChangeOnly:594500:792
2981622416:updateInputs:597459:41
2981622416:updateComponents:597542:417
2981622416:propagateValuesOnChangeOnly:598000:875
2981622416:updateInputs:598959:0
2981622416:updateComponents:599000:417
2981622416:propagateValuesOnChangeOnly:599459:875
2981622416:updateInputs:600375:42
2981622416:updateComponents:600459:416
2981622416:propagateValuesOnChangeOnly:600875:875
2981622416:updateInputs:601792:42
2981622416:updateComponents:601875:417
2981622416:propagateValuesOnChangeOnly:602292:833
2981622416:updateInputs:603167:42
2981622416:updateComponents:603209:416
2981622416:propagateValuesOnChangeOnly:603667:833
2981622416:updateInputs:604584:0
2981622416:updateComponents:604625:417
2981622416:propagateValuesOnChangeOnly:605084:833
2981622416:updateInputs:608042:42
2981622416:updateComponents:608125:417
2981622416:propagateValuesOnChangeOnly:608542:917
2981622416:updateInputs:609542:0
2981622416:updateComponents:609584:416
2981622416:propagateValuesOnChangeOnly:610042:917
2981622416:updateInputs:611000:42
2981622416:updateComponents:611084:416
2981622416:propagateValuesOnChangeOnly:611542:917
2981622416:updateInputs:612500:42
2981622416:updateComponents:612542:417
2981622416:propagateValuesOnChangeOnly:613000:834
2981622416:updateInputs:613917:0
2981622416:updateComponents:613959:416
2981622416:propagateValuesOnChangeOnly:614417:833
2981622416:updateInputs:615292:42
2981622416:updateComponents:615375:417
2981622416:propagateValuesOnChangeOnly:615834:791
2981622416:updateInputs:618875:42
2981622416:updateComponents:618959:416
2981622416:propagateValuesOnChangeOnly:619417:917
2981622416:updateInputs:620375:42
2981622416:updateComponents:620459:416
2981622416:propagateValuesOnChangeOnly:620875:917
2981622416:updateInputs:621834:0
2981622416:updateComponents:621875:417
2981622416:propagateValuesOnChangeOnly:622334:875
2981622416:updateInputs:623250:42
2981622416:updateComponents:623292:417
2981622416:propagateValuesOnChangeOnly:623750:959
2981622416:updateInputs:624792:42
2981622416:updateComponents:624875:417
2981622416:propagateValuesOnChangeOnly:625292:958
2981622416:updateInputs:626292:42
2981622416:updateComponents:626334:458
2981622416:propagateValuesOnChangeOnly:626792:833
2981622416:updateInputs:629875:0
2981622416:updateComponents:629917:417
2981622416:propagateValuesOnChangeOnly:630375:959
2981622416:updateInputs:631417:0
2981622416:updateComponents:631459:416
2981622416:propagateValuesOnChangeOnly:631917:875
2981622416:updateInputs:632834:41
2981622416:updateComponents:632917:417
2981622416:propagateValuesOnChangeOnly:633375:834
2981622416:updateInputs:634250:42
2981622416:updateComponents:634334:416
2981622416:propagateValuesOnChangeOnly:634750:834
2981622416:updateInputs:635625:42
2981622416:updateComponents:635667:417
2981622416:propagateValuesOnChangeOnly:636125:792
2981622416:updateInputs:637000:42
2981622416:updateComponents:637042:417
2981622416:propagateValuesOnChangeOnly:637500:792
2981622416:updateInputs:640500:42
2981622416:updateComponents:640584:416
2981622416:propagateValuesOnChangeOnly:641042:875
2981622416:updateInputs:642000:0
2981622416:updateComponents:642042:417
2981622416:propagateValuesOnChangeOnly:642500:875
2981622416:updateInputs:643417:42
2981622416:updateComponents:643500:417
2981622416:propagateValuesOnChangeOnly:643917:875
2981622416:updateInputs:644834:41
2981622416:updateComponents:644917:417
2981622416:propagateValuesOnChangeOnly:645375:792
2981622416:updateInputs:646209:41
2981622416:updateComponents:646292:417
2981622416:propagateValuesOnChangeOnly:646709:875
2981622416:updateInputs:647625:42
2981622416:updateComponents:647709:416
2981622416:propagateValuesOnChangeOnly:648125:834
2981622416:updateInputs:651125:42
2981622416:updateComponents:651167:458
2981622416:propagateValuesOnChangeOnly:651625:917
2981622416:updateInputs:652625:0
2981622416:updateComponents:652667:417
2981622416:propagateValuesOnChangeOnly:653125:875
2981622416:updateInputs:654042:42
2981622416:updateComponents:654125:417
2981622416:propagateValuesOnChangeOnly:654584:916
2981622416:updateInputs:655625:0
2981622416:updateComponents:655667:417
2981622416:propagateValuesOnChangeOnly:656125:834
2981622416:updateInputs:657000:42
2981622416:updateComponents:657084:416
2981622416:propagateValuesOnChangeOnly:657500:834
2981622416:updateInputs:658375:42
2981622416:updateComponents:658459:416
2981622416:propagateValuesOnChangeOnly:658875:792
2981622416:updateInputs:661834:41
2981622416:updateComponents:661917:417
2981622416:propagateValuesOnChangeOnly:662375:875
2981622416:updateInputs:663292:42
2981622416:updateComponents:663375:417
2981622416:propagateValuesOnChangeOnly:663792:917
2981622416:updateInputs:664750:42
2981622416:updateComponents:664792:417
2981622416:propagateValuesOnChangeOnly:665250:875
2981622416:updateInputs:666167:0
2981622416:updateComponents:666209:416
2981622416:propagateValuesOnChangeOnly:666667:833
2981622416:updateInputs:667584:0
2981622416:updateComponents:667625:417
2981622416:propagateValuesOnChangeOnly:668084:875
2981622416:updateInputs:669000:42
2981622416:updateComponents:669084:416
2981622416:propagateValuesOnChangeOnly:669500:834
2981622416:updateInputs:672500:42
2981622416:updateComponents:672584:416
2981622416:propagateValuesOnChangeOnly:673042:833
2981622416:updateInputs:673959:0
2981622416:updateComponents:674000:417
2981622416:propagateValuesOnChangeOnly:674459:875
2981622416:updateInputs:675375:42
2981622416:updateComponents:675459:416
2981622416:propagateValuesOnChangeOnly:675875:875
2981622416:updateInputs:676792:42
2981622416:updateComponents:676875:417
2981622416:propagateValuesOnChangeOnly:677292:833
2981622416:updateInputs:678167:42
2981622416:updateComponents:678209:416
2981622416:propagateValuesOnChangeOnly:678667:792
2981622416:updateInputs:679500:42
2981622416:updateComponents:679584:416
2981622416:propagateValuesOnChangeOnly:680042:750
2981622416:updateInputs:683042:0
2981622416:updateComponents:683084:416
2981622416:propagateValuesOnChangeOnly:683542:875
2981622416:updateInputs:684459:41
2981622416:updateComponents:684542:417
2981622416:propagateValuesOnChangeOnly:684959:875
2981622416:updateInputs:685875:42
2981622416:updateComponents:685959:416
2981622416:propagateValuesOnChangeOnly:686417:833
2981622416:updateInputs:687292:42
2981622416:updateComponents:687375:417
2981622416:propagateValuesOnChangeOnly:687792:792
2981622416:updateInputs:688667:0
2981622416:updateComponents:688709:416
2981622416:propagateValuesOnChangeOnly:689167:833
2981622416:updateInputs:690042:42
2981622416:updateComponents:690125:417
2981622416:propagateValuesOnChangeOnly:690542:833
2981622416:updateInputs:693542:42
2981622416:updateComponents:693625:417
2981622416:propagateValuesOnChangeOnly:694084:875
2981622416:updateInputs:695000:42
2981622416:updateComponents:695084:416
2981622416:propagateValuesOnChangeOnly:695500:917
2981622416:updateInputs:696459:41
2981622416:updateComponents:696500:417
2981622416:propagateValuesOnChangeOnly:696959:875
2981622416:updateInputs:697875:42
2981622416:updateComponents:697959:416
2981622416:propagateValuesOnChangeOnly:698375:834
2981622416:updateInputs:699250:42
2981622416:updateComponents:699334:375
2981622416:propagateValuesOnChangeOnly:699709:833
2981622416:updateInputs:700584:41
2981622416:updateComponents:700667:417
2981622416:propagateValuesOnChangeOnly:701125:792
2981622416:updateInputs:704084:41
2981622416:updateComponents:704167:417
2981622416:propagateValuesOnChangeOnly:704584:875
2981622416:updateInputs:705542:0
2981622416:updateComponents:705584:416
2981622416:propagateValuesOnChangeOnly:706042:833
2981622416:updateInputs:706959:0
2981622416:updateComponents:707000:417
2981622416:propagateValuesOnChangeOnly:707459:833
2981622416:updateInputs:708334:41
2981622416:updateComponents:708375:459
2981622416:propagateValuesOnChangeOnly:708834:916
2981622416:updateInputs:709792:42
2981622416:updateComponents:709834:416
2981622416:propagateValuesOnChangeOnly:710292:917
2981622416:updateInputs:711250:42
2981622416:updateComponents:711334:416
2981622416:propagateValuesOnChangeOnly:711750:834
2981622416:updateInputs:714750:42
2981622416:updateComponents:714834:416
2981622416:propagateValuesOnChangeOnly:715292:875
2981622416:updateInputs:716209:41
2981622416:updateComponents:716250:459
2981622416:propagateValuesOnChangeOnly:716709:875
2981622416:updateInputs:717625:42
2981622416:updateComponents:717709:416
2981622416:propagateValuesOnChangeOnly:718125:875
2981622416:updateInputs:719042:42
2981622416:updateComponents:719084:416
2981622416:propagateValuesOnChangeOnly:719542:792
2981622416:updateInputs:720417:0
2981622416:updateComponents:720459:416
2981622416:propagateValuesOnChangeOnly:727459:916
2981622416:updateInputs:728459:41
2981622416:updateComponents:728542:417
2981622416:propagateValuesOnChangeOnly:729000:792
2981622416:updateInputs:732084:41
2981622416:updateComponents:732167:417
2981622416:propagateValuesOnChangeOnly:732625:834
2981622416:updateInputs:733542:0
2981622416:updateComponents:733584:416
2981622416:propagateValuesOnChangeOnly:734042:833
2981622416:updateInputs:734917:42
2981622416:updateComponents:735000:417
2981622416:propagateValuesOnChangeOnly:735459:833
2981622416:updateInputs:736334:41
2981622416:updateComponents:736375:417
2981622416:propagateValuesOnChangeOnly:736834:791
2981622416:updateInputs:737709:0
2981622416:updateComponents:737750:417
2981622416:propagateValuesOnChangeOnly:738209:833
2981622416:updateInputs:739084:41
2981622416:updateComponents:739125:459
2981622416:propagateValuesOnChangeOnly:739584:791
2981622416:updateInputs:742584:41
2981622416:updateComponents:742667:417
2981622416:propagateValuesOnChangeOnly:743125:875
2981622416:updateInputs:744042:42
2981622416:updateComponents:744084:416
2981622416:propagateValuesOnChangeOnly:744542:875
2981622416:updateInputs:745459:41
2981622416:updateComponents:745542:417
2981622416:propagateValuesOnChangeOnly:745959:833
2981622416:updateInputs:746875:0
2981622416:updateComponents:746917:417
2981622416:propagateValuesOnChangeOnly:747375:792
2981622416:updateInputs:748209:41
2981622416:updateComponents:748292:417
2981622416:propagateValuesOnChangeOnly:748750:792
2981622416:updateInputs:749584:41
2981622416:updateComponents:749667:417
2981622416:propagateValuesOnChangeOnly:750084:791
2981622416:updateInputs:753042:0
2981622416:updateComponents:753084:416
2981622416:propagateValuesOnChangeOnly:753542:875
2981622416:updateInputs:754459:41
2981622416:updateComponents:754500:417
2981622416:propagateValuesOnChangeOnly:754959:875
2981622416:updateInputs:755875:42
2981622416:updateComponents:755917:417
2981622416:propagateValuesOnChangeOnly:756375:834
2981622416:updateInputs:757250:42
2981622416:updateComponents:757292:458
2981622416:propagateValuesOnChangeOnly:757750:834
2981622416:updateInputs:758667:0
2981622416:updateComponents:758709:416
2981622416:propagateValuesOnChangeOnly:759167:875
2981622416:updateInputs:760084:41
2981622416:updateComponents:760167:417
2981622416:propagateValuesOnChangeOnly:760584:833
2981622416:updateInputs:763584:41
2981622416:updateComponents:763667:417
2981622416:propagateValuesOnChangeOnly:764125:875
2981622416:updateInputs:765042:42
2981622416:updateComponents:765125:417
2981622416:propagateValuesOnChangeOnly:765542:875
2981622416:updateInputs:766459:41
2981622416:updateComponents:766500:459
2981622416:propagateValuesOnChangeOnly:766959:875
2981622416:updateInputs:767875:42
2981622416:updateComponents:767959:416
2981622416:propagateValuesOnChangeOnly:768375:834
2981622416:updateInputs:769250:42
2981622416:updateComponents:769292:417
2981622416:propagateValuesOnChangeOnly:769750:792
2981622416:updateInputs:770584:41
2981622416:updateComponents:770667:417
2981622416:propagateValuesOnChangeOnly:771084:791
2981622416:updateInputs:774042:42
2981622416:updateComponents:774125:417
2981622416:propagateValuesOnChangeOnly:774542:875
2981622416:updateInputs:775459:41
2981622416:updateComponents:775542:417
2981622416:propagateValuesOnChangeOnly:775959:875
2981622416:updateInputs:776875:42
2981622416:updateComponents:776959:416
2981622416:propagateValuesOnChangeOnly:777375:875
2981622416:updateInputs:778292:42
2981622416:updateComponents:778334:458
2981622416:propagateValuesOnChangeOnly:778792:792
2981622416:updateInputs:779667:0
2981622416:updateComponents:779709:416
2981622416:propagateValuesOnChangeOnly:780167:833
2981622416:updateInputs:781042:42
2981622416:updateComponents:781125:417
2981622416:propagateValuesOnChangeOnly:781584:791
2981622416:updateInputs:784584:41
2981622416:updateComponents:784625:417
2981622416:propagateValuesOnChangeOnly:785084:916
2981622416:updateInputs:786042:42
2981622416:updateComponents:786084:416
2981622416:propagateValuesOnChangeOnly:786542:917
2981622416:updateInputs:787542:0
2981622416:updateComponents:787584:416
2981622416:propagateValuesOnChangeOnly:788042:875
2981622416:updateInputs:788959:41
2981622416:updateComponents:789042:417
2981622416:propagateValuesOnChangeOnly:789459:833
2981622416:updateInputs:790334:41
2981622416:updateComponents:790417:417
2981622416:propagateValuesOnChangeOnly:790834:833
2981622416:updateInputs:791709:41
2981622416:updateComponents:791792:417
2981622416:propagateValuesOnChangeOnly:792250:792
2981622416:updateInputs:795250:0
2981622416:updateComponents:795292:417
2981622416:propagateValuesOnChangeOnly:795750:875
2981622416:updateInputs:796667:42
2981622416:updateComponents:796750:417
2981622416:propagateValuesOnChangeOnly:797167:875
2981622416:updateInputs:798084:41
2981622416:updateComponents:798167:417
2981622416:propagateValuesOnChangeOnly:798584:833
2981622416:updateInputs:799500:0
2981622416:updateComponents:799542:417
2981622416:propagateValuesOnChangeOnly:800000:917
2981622416:updateInputs:800959:41
2981622416:updateComponents:801000:459
2981622416:propagateValuesOnChangeOnly:801459:958
2981622416:updateInputs:802459:41
2981622416:updateComponents:802542:417
2981622416:propagateValuesOnChangeOnly:802959:833
2981622416:updateInputs:806000:0
2981622416:updateComponents:806042:417
2981622416:propagateValuesOnChangeOnly:806500:917
2981622416:updateInputs:807459:41
2981622416:updateComponents:807542:417
2981622416:propagateValuesOnChangeOnly:807959:875
2981622416:updateInputs:808875:42
2981622416:updateComponents:808959:416
2981622416:propagateValuesOnChangeOnly:809375:875
2981622416:updateInputs:810292:42
2981622416:updateComponents:810334:416
2981622416:propagateValuesOnChangeOnly:810792:792
2981622416:updateInputs:811625:42
2981622416:updateComponents:811709:416
2981622416:propagateValuesOnChangeOnly:812125:792
2981622416:updateInputs:813000:0
2981622416:updateComponents:813042:417
2981622416:propagateValuesOnChangeOnly:813500:792
2981622416:updateInputs:816459:41
2981622416:updateComponents:816500:459
2981622416:propagateValuesOnChangeOnly:816959:875
2981622416:updateInputs:817875:42
2981622416:updateComponents:817917:417
2981622416:propagateValuesOnChangeOnly:818375:875
2981622416:updateInputs:819292:42
2981622416:updateComponents:819334:416
2981622416:propagateValuesOnChangeOnly:819792:833
2981622416:updateInputs:820667:42
2981622416:updateComponents:820750:417
2981622416:propagateValuesOnChangeOnly:821209:791
2981622416:updateInputs:822042:42
2981622416:updateComponents:822084:458
2981622416:propagateValuesOnChangeOnly:822542:833
2981622416:updateInputs:823459:41
2981622416:updateComponents:823500:417
2981622416:propagateValuesOnChangeOnly:823959:791
2981622416:updateInputs:826917:42
2981622416:updateComponents:827000:417
2981622416:propagateValuesOnChangeOnly:827459:875
2981622416:updateInputs:828375:0
2981622416:updateComponents:828417:417
2981622416:propagateValuesOnChangeOnly:828875:875
2981622416:updateInputs:829792:42
2981622416:updateComponents:829834:458
2981622416:propagateValuesOnChangeOnly:830292:833
2981622416:updateInputs:831209:0
2981622416:updateComponents:831250:417
2981622416:propagateValuesOnChangeOnly:831709:791
2981622416:updateInputs:832584:0
2981622416:updateComponents:832625:417
2981622416:propagateValuesOnChangeOnly:833084:791
2981622416:updateInputs:833917:42
2981622416:updateComponents:834000:417
2981622416:propagateValuesOnChangeOnly:834417:792
2981622416:updateInputs:837375:42
2981622416:updateComponents:837459:416
2981622416:propagateValuesOnChangeOnly:837917:875
2981622416:updateInputs:838834:41
2981622416:updateComponents:838875:417
2981622416:propagateValuesOnChangeOnly:839334:875
2981622416:updateInputs:840250:42
2981622416:updateComponents:840292:417
2981622416:propagateValuesOnChangeOnly:840750:834
2981622416:updateInputs:841625:42
2981622416:updateComponents:841709:416
2981622416:propagateValuesOnChangeOnly:842167:833
2981622416:updateInputs:843042:42
2981622416:updateComponents:843084:416
2981622416:propagateValuesOnChangeOnly:843542:875
2981622416:updateInputs:844459:41
2981622416:updateComponents:844500:417
2981622416:propagateValuesOnChangeOnly:844959:791
2981622416:updateInputs:847917:42
2981622416:updateComponents:848000:417
2981622416:propagateValuesOnChangeOnly:848459:875
2981622416:updateInputs:849375:42
2981622416:updateComponents:849417:458
2981622416:propagateValuesOnChangeOnly:849875:875
2981622416:updateInputs:850792:42
2981622416:updateComponents:850834:416
2981622416:propagateValuesOnChangeOnly:851292:833
2981622416:updateInputs:852167:42
2981622416:updateComponents:852209:458
2981622416:propagateValuesOnChangeOnly:852667:792
2981622416:updateInputs:853542:0
2981622416:updateComponents:853584:416
2981622416:propagateValuesOnChangeOnly:854042:792
2981622416:updateInputs:854875:42
2981622416:updateComponents:854959:416
2981622416:propagateValuesOnChangeOnly:855375:792
2981622416:updateInputs:858375:42
2981622416:updateComponents:858417:417
2981622416:propagateValuesOnChangeOnly:858875:875
2981622416:updateInputs:859792:42
2981622416:updateComponents:859875:417
2981622416:propagateValuesOnChangeOnly:860292:875
2981622416:updateInputs:861250:0
2981622416:updateComponents:861292:417
2981622416:propagateValuesOnChangeOnly:861750:834
2981622416:updateInputs:862667:0
2981622416:updateComponents:862709:416
2981622416:propagateValuesOnChangeOnly:863167:792
2981622416:updateInputs:864000:42
2981622416:updateComponents:864084:416
2981622416:propagateValuesOnChangeOnly:864500:834
2981622416:updateInputs:865417:42
2981622416:updateComponents:865459:416
2981622416:propagateValuesOnChangeOnly:865917:792
2981622416:updateInputs:868917:42
2981622416:updateComponents:869000:417
2981622416:propagateValuesOnChangeOnly:869459:875
2981622416:updateInputs:870417:0
2981622416:updateComponents:870459:416
2981622416:propagateValuesOnChangeOnly:870875:917
2981622416:updateInputs:871834:41
2981622416:updateComponents:871875:459
2981622416:propagateValuesOnChangeOnly:872334:875
2981622416:updateInputs:873250:42
2981622416:updateComponents:873334:416
2981622416:propagateValuesOnChangeOnly:873750:834
2981622416:updateInputs:874625:42
2981622416:updateComponents:874709:416
2981622416:propagateValuesOnChangeOnly:875125:834
2981622416:updateInputs:876000:42
2981622416:updateComponents:876084:416
2981622416:propagateValuesOnChangeOnly:876500:792
2981622416:updateInputs:879500:42
2981622416:updateComponents:879542:417
2981622416:propagateValuesOnChangeOnly:880000:875
2981622416:updateInputs:880917:42
2981622416:updateComponents:881000:417
2981622416:propagateValuesOnChangeOnly:881459:833
2981622416:updateInputs:882375:0
2981622416:updateComponents:882417:458
2981622416:propagateValuesOnChangeOnly:882917:833
2981622416:updateInputs:883792:42
2981622416:updateComponents:883834:416
2981622416:propagateValuesOnChangeOnly:884292:875
2981622416:updateInputs:885250:0
2981622416:updateComponents:885292:417
2981622416:propagateValuesOnChangeOnly:885750:917
2981622416:updateInputs:886709:41
2981622416:updateComponents:886750:417
2981622416:propagateValuesOnChangeOnly:887209:791
2981622416:updateInputs:890167:42
2981622416:updateComponents:890250:417
2981622416:propagateValuesOnChangeOnly:890709:875
2981622416:updateInputs:891667:0
2981622416:updateComponents:891709:416
2981622416:propagateValuesOnChangeOnly:892167:833
2981622416:updateInputs:893084:0
2981622416:updateComponents:893125:417
2981622416:propagateValuesOnChangeOnly:893584:833
2981622416:updateInputs:894459:41
2981622416:updateComponents:894542:417
2981622416:propagateValuesOnChangeOnly:894959:833
2981622416:updateInputs:895834:41
2981622416:updateComponents:895875:417
2981622416:propagateValuesOnChangeOnly:896334:791
2981622416:updateInputs:897167:42
2981622416:updateComponents:897250:417
2981622416:propagateValuesOnChangeOnly:897667:792
2981622416:updateInputs:900625:42
2981622416:updateComponents:900709:416
2981622416:propagateValuesOnChangeOnly:901125:875
2981622416:updateInputs:902084:0
2981622416:updateComponents:902125:417
2981622416:propagateValuesOnChangeOnly:902542:875
2981622416:updateInputs:903459:41
2981622416:updateComponents:903542:417
2981622416:propagateValuesOnChangeOnly:903959:875
2981622416:updateInputs:904875:42
2981622416:updateComponents:904917:417
2981622416:propagateValuesOnChangeOnly:905375:792
2981622416:updateInputs:906250:0
2981622416:updateComponents:906292:417
2981622416:propagateValuesOnChangeOnly:906750:834
2981622416:updateInputs:907625:42
2981622416:updateComponents:907709:416
2981622416:propagateValuesOnChangeOnly:908125:834
2981622416:updateInputs:911125:42
2981622416:updateComponents:911167:417
2981622416:propagateValuesOnChangeOnly:911625:875
2981622416:updateInputs:912542:42
2981622416:updateComponents:912625:375
2981622416:propagateValuesOnChangeOnly:913000:875
2981622416:updateInputs:913959:0
2981622416:updateComponents:914000:417
2981622416:propagateValuesOnChangeOnly:914459:833
2981622416:updateInputs:915334:41
2981622416:updateComponents:915417:417
2981622416:propagateValuesOnChangeOnly:915834:833
2981622416:updateInputs:916709:41
2981622416:updateComponents:916792:417
2981622416:propagateValuesOnChangeOnly:917209:833
2981622416:updateInputs:918084:41
2981622416:updateComponents:918167:417
2981622416:propagateValuesOnChangeOnly:918584:791
2981622416:updateInputs:921584:41
2981622416:updateComponents:921625:417
2981622416:propagateValuesOnChangeOnly:922084:875
2981622416:updateInputs:923000:42
2981622416:updateComponents:923084:416
2981622416:propagateValuesOnChangeOnly:923500:875
2981622416:updateInputs:924417:42
2981622416:updateComponents:924500:417
2981622416:propagateValuesOnChangeOnly:924959:833
2981622416:updateInputs:925834:41
2981622416:updateComponents:925917:417
2981622416:propagateValuesOnChangeOnly:926334:875
2981622416:updateInputs:927250:42
2981622416:updateComponents:928417:417
2981622416:propagateValuesOnChangeOnly:928834:875
2981622416:updateInputs:929750:42
2981622416:updateComponents:929834:416
2981622416:propagateValuesOnChangeOnly:930292:792
2981622416:updateInputs:933292:42
2981622416:updateComponents:933334:416
2981622416:propagateValuesOnChangeOnly:933792:875
2981622416:updateInputs:934709:41
2981622416:updateComponents:934792:417
2981622416:propagateValuesOnChangeOnly:935209:875
2981622416:updateInputs:936167:0
2981622416:updateComponents:936209:416
2981622416:propagateValuesOnChangeOnly:936667:833
2981622416:updateInputs:937584:0
2981622416:updateComponents:937625:417
2981622416:propagateValuesOnChangeOnly:938084:791
2981622416:updateInputs:938959:0
2981622416:updateComponents:939000:417
2981622416:propagateValuesOnChangeOnly:939459:791
2981622416:updateInputs:940292:42
2981622416:updateComponents:940334:458
2981622416:propagateValuesOnChangeOnly:940792:792
2981622416:updateInputs:943834:0
2981622416:updateComponents:943875:417
2981622416:propagateValuesOnChangeOnly:944334:875
2981622416:updateInputs:945250:42
2981622416:updateComponents:945334:416
2981622416:propagateValuesOnChangeOnly:945750:875
2981622416:updateInputs:946709:0
2981622416:updateComponents:946750:417
2981622416:propagateValuesOnChangeOnly:947209:833
2981622416:updateInputs:948125:0
2981622416:updateComponents:948167:417
2981622416:propagateValuesOnChangeOnly:948625:792
2981622416:updateInputs:949500:0
2981622416:updateComponents:949542:417
2981622416:propagateValuesOnChangeOnly:950000:834
2981622416:updateInputs:950875:42
2981622416:updateComponents:950959:416
2981622416:propagateValuesOnChangeOnly:951375:834
2981622416:updateInputs:954417:42
2981622416:updateComponents:954500:417
2981622416:propagateValuesOnChangeOnly:954917:917
2981622416:updateInputs:955875:42
2981622416:updateComponents:955959:416
2981622416:propagateValuesOnChangeOnly:956375:959
2981622416:updateInputs:957375:42
2981622416:updateComponents:957417:417
2981622416:propagateValuesOnChangeOnly:957875:917
2981622416:updateInputs:958834:41
2981622416:updateComponents:958875:459
2981622416:propagateValuesOnChangeOnly:959334:833
2981622416:updateInputs:960209:41
2981622416:updateComponents:960292:417
2981622416:propagateValuesOnChangeOnly:960709:833
2981622416:updateInputs:961584:41
2981622416:updateComponents:961625:459
2981622416:propagateValuesOnChangeOnly:962084:833
2981622416:updateInputs:965125:42
2981622416:updateComponents:965209:416
2981622416:propagateValuesOnChangeOnly:965625:917
2981622416:updateInputs:966584:41
2981622416:updateComponents:966667:417
2981622416:propagateValuesOnChangeOnly:967084:875
2981622416:updateInputs:968042:0
2981622416:updateComponents:968084:416
2981622416:propagateValuesOnChangeOnly:968500:834
2981622416:updateInputs:969417:0
2981622416:updateComponents:969459:416
2981622416:propagateValuesOnChangeOnly:969917:958
2981622416:updateInputs:970959:41
2981622416:updateComponents:971000:459
2981622416:propagateValuesOnChangeOnly:971459:916
2981622416:updateInputs:972459:0
2981622416:updateComponents:972500:417
2981622416:propagateValuesOnChangeOnly:972959:833
2981622416:updateInputs:975959:41
2981622416:updateComponents:976042:417
2981622416:propagateValuesOnChangeOnly:976500:875
2981622416:updateInputs:977459:0
2981622416:updateComponents:977500:417
2981622416:propagateValuesOnChangeOnly:977959:875
2981622416:updateInputs:978875:0
2981622416:updateComponents:978917:417
2981622416:propagateValuesOnChangeOnly:979375:834
2981622416:updateInputs:980250:42
2981622416:updateComponents:980334:416
2981622416:propagateValuesOnChangeOnly:980792:792
2981622416:updateInputs:981625:42
2981622416:updateComponents:981709:416
2981622416:propagateValuesOnChangeOnly:982125:834
2981622416:updateInputs:983000:42
2981622416:updateComponents:983042:417
2981622416:propagateValuesOnChangeOnly:983500:792
2981622416:updateInputs:986459:41
2981622416:updateComponents:986542:417
2981622416:propagateValuesOnChangeOnly:987000:834
2981622416:updateInputs:987917:0
2981622416:updateComponents:987959:416
2981622416:propagateValuesOnChangeOnly:988417:833
2981622416:updateInputs:989334:0
2981622416:updateComponents:989375:417
2981622416:propagateValuesOnChangeOnly:989834:833
2981622416:updateInputs:990709:41
2981622416:updateComponents:990792:417
2981622416:propagateValuesOnChangeOnly:991209:833
2981622416:updateInputs:992084:41
2981622416:updateComponents:992125:417
2981622416:propagateValuesOnChangeOnly:992584:833
2981622416:updateInputs:993500:42
2981622416:updateComponents:993542:417
2981622416:propagateValuesOnChangeOnly:994000:792
2981622416:updateInputs:996959:41
2981622416:updateComponents:997042:417
2981622416:propagateValuesOnChangeOnly:997500:875
2981622416:updateInputs:998417:42
2981622416:updateComponents:998459:416
2981622416:propagateValuesOnChangeOnly:998917:875
2981622416:updateInputs:999834:41
2981622416:updateComponents:999917:417
2981622416:propagateValuesOnChangeOnly:1000334:875
2981622416:updateInputs:1001250:0
2981622416:updateComponents:1001292:417
2981622416:propagateValuesOnChangeOnly:1001750:792
2981622416:updateInputs:1002625:0
2981622416:updateComponents:1002667:417
2981622416:propagateValuesOnChangeOnly:1003125:792
2981622416:updateInputs:1003959:41
2981622416:updateComponents:1004042:417
2981622416:propagateValuesOnChangeOnly:1004500:792
2981622416:updateInputs:1007459:41
2981622416:updateComponents:1007500:459
2981622416:propagateValuesOnChangeOnly:1007959:875
2981622416:updateInputs:1008875:42
2981622416:updateComponents:1008959:416
2981622416:propagateValuesOnChangeOnly:1009375:875
2981622416:updateInputs:1010292:42
2981622416:updateComponents:1010375:417
2981622416:propagateValuesOnChangeOnly:1010792:833
2981622416:updateInputs:1011709:0
2981622416:updateComponents:1011750:417
2981622416:propagateValuesOnChangeOnly:1012209:833
2981622416:updateInputs:1013084:41
2981622416:updateComponents:1013167:417
2981622416:propagateValuesOnChangeOnly:1013625:834
2981622416:updateInputs:1014542:0
2981622416:updateComponents:1014584:416
2981622416:propagateValuesOnChangeOnly:1015042:792
2981622416:updateInputs:1018042:0
2981622416:updateComponents:1018084:416
2981622416:propagateValuesOnChangeOnly:1018542:875
2981622416:updateInputs:1019459:41
2981622416:updateComponents:1019542:417
2981622416:propagateValuesOnChangeOnly:1019959:875
2981622416:updateInputs:1020875:42
2981622416:updateComponents:1020959:416
2981622416:propagateValuesOnChangeOnly:1021375:875
2981622416:updateInputs:1022292:42
2981622416:updateComponents:1022375:417
2981622416:propagateValuesOnChangeOnly:1022792:792
2981622416:updateInputs:1023667:0
2981622416:updateComponents:1023709:416
2981622416:propagateValuesOnChangeOnly:1024167:792
2981622416:updateInputs:1025000:42
2981622416:updateComponents:1025084:416
2981622416:propagateValuesOnChangeOnly:1025500:792
2981622416:updateInputs:1028500:0
2981622416:updateComponents:1028542:417
2981622416:propagateValuesOnChangeOnly:1029000:875
2981622416:updateInputs:1029917:0
2981622416:updateComponents:1029959:416
2981622416:propagateValuesOnChangeOnly:1030417:875
2981622416:updateInputs:1031334:41
2981622416:updateComponents:1031375:417
2981622416:propagateValuesOnChangeOnly:1031834:833
2981622416:updateInputs:1032750:0
2981622416:updateComponents:1032792:417
2981622416:propagateValuesOnChangeOnly:1033250:792
2981622416:updateInputs:1034084:41
2981622416:updateComponents:1034125:417
2981622416:propagateValuesOnChangeOnly:1034584:833
2981622416:updateInputs:1035459:41
2981622416:updateComponents:1035542:417
2981622416:propagateValuesOnChangeOnly:1036000:792
2981622416:updateInputs:1038959:41
2981622416:updateComponents:1039042:417
2981622416:propagateValuesOnChangeOnly:1039500:875
2981622416:updateInputs:1040459:0
2981622416:updateComponents:1040500:417
2981622416:propagateValuesOnChangeOnly:1040959:875
2981622416:updateInputs:1041875:42
2981622416:updateComponents:1041959:416
2981622416:propagateValuesOnChangeOnly:1042375:875
2981622416:updateInputs:1043334:0
2981622416:updateComponents:1043375:417
2981622416:propagateValuesOnChangeOnly:1043834:791
2981622416:updateInputs:1044709:0
2981622416:updateComponents:1044750:417
2981622416:propagateValuesOnChangeOnly:1045209:791
2981622416:updateInputs:1046084:0
2981622416:updateComponents:1046125:417
2981622416:propagateValuesOnChangeOnly:1046584:791
2981622416:updateInputs:1049542:0
2981622416:updateComponents:1049584:416
2981622416:propagateValuesOnChangeOnly:1050042:833
2981622416:updateInputs:1050959:41
2981622416:updateComponents:1051000:417
2981622416:propagateValuesOnChangeOnly:1051459:875
2981622416:updateInputs:1052375:42
2981622416:updateComponents:1052417:417
2981622416:propagateValuesOnChangeOnly:1052875:834
2981622416:updateInputs:1053750:42
2981622416:updateComponents:1053834:416
2981622416:propagateValuesOnChangeOnly:1054292:875
2981622416:updateInputs:1055209:41
2981622416:updateComponents:1055292:417
2981622416:propagateValuesOnChangeOnly:1055709:916
2981622416:updateInputs:1056667:42
2981622416:updateComponents:1056750:417
2981622416:propagateValuesOnChangeOnly:1057209:791
2981622416:updateInputs:1060167:42
2981622416:updateComponents:1060250:417
2981622416:propagateValuesOnChangeOnly:1060709:875
2981622416:updateInputs:1061625:42
2981622416:updateComponents:1061709:416
2981622416:propagateValuesOnChangeOnly:1062125:875
2981622416:updateInputs:1063042:42
2981622416:updateComponents:1063125:417
2981622416:propagateValuesOnChangeOnly:1063542:875
2981622416:updateInputs:1064459:41
2981622416:updateComponents:1064500:459
2981622416:propagateValuesOnChangeOnly:1064959:791
2981622416:updateInputs:1065834:0
2981622416:updateComponents:1065875:417
2981622416:propagateValuesOnChangeOnly:1066334:791
2981622416:updateInputs:1067167:42
2981622416:updateComponents:1067209:416
2981622416:propagateValuesOnChangeOnly:1067667:792
2981622416:updateInputs:1070959:41
2981622416:updateComponents:1071000:459
2981622416:propagateValuesOnChangeOnly:1071459:875
2981622416:updateInputs:1072417:0
2981622416:updateComponents:1072459:416
2981622416:propagateValuesOnChangeOnly:1072917:833
2981622416:updateInputs:1074834:41
2981622416:updateComponents:1074917:417
2981622416:propagateValuesOnChangeOnly:1075334:833
2981622416:updateInputs:1076250:0
2981622416:updateComponents:1076292:417
2981622416:propagateValuesOnChangeOnly:1076750:792
2981622416:updateInputs:1077584:41
2981622416:updateComponents:1077667:417
2981622416:propagateValuesOnChangeOnly:1078084:833
2981622416:updateInputs:1079000:42
2981622416:updateComponents:1079084:416
2981622416:propagateValuesOnChangeOnly:1079500:834
2981622416:updateInputs:1082542:42
2981622416:updateComponents:1082584:416
2981622416:propagateValuesOnChangeOnly:1083042:875
2981622416:updateInputs:1084000:0
2981622416:updateComponents:1084042:417
2981622416:propagateValuesOnChangeOnly:1084500:875
2981622416:updateInputs:1085417:42
2981622416:updateComponents:1085459:416
2981622416:propagateValuesOnChangeOnly:1085917:875
2981622416:updateInputs:1086834:41
2981622416:updateComponents:1086875:417
2981622416:propagateValuesOnChangeOnly:1087334:833
2981622416:updateInputs:1088209:41
2981622416:updateComponents:1088250:417
2981622416:propagateValuesOnChangeOnly:1088709:791
2981622416:updateInputs:1089584:0
2981622416:updateComponents:1089625:417
2981622416:propagateValuesOnChangeOnly:1090084:791
2981622416:updateInputs:1093042:0
2981622416:updateComponents:1093084:416
2981622416:propagateValuesOnChangeOnly:1093542:833
2981622416:updateInputs:1094459:0
2981622416:updateComponents:1094500:417
2981622416:propagateValuesOnChangeOnly:1094959:833
2981622416:updateInputs:1095875:0
2981622416:updateComponents:1095917:417
2981622416:propagateValuesOnChangeOnly:1096375:834
2981622416:updateInputs:1097250:42
2981622416:updateComponents:1097334:416
2981622416:propagateValuesOnChangeOnly:1097750:834
2981622416:updateInputs:1098667:42
2981622416:updateComponents:1098709:416
2981622416:propagateValuesOnChangeOnly:1099167:833
2981622416:updateInputs:1100084:41
2981622416:updateComponents:1100125:417
2981622416:propagateValuesOnChangeOnly:1100584:791
2981622416:updateInputs:1103542:42
2981622416:updateComponents:1103584:416
2981622416:propagateValuesOnChangeOnly:1104042:875
2981622416:updateInputs:1104959:41
2981622416:updateComponents:1105042:417
2981622416:propagateValuesOnChangeOnly:1105500:875
2981622416:updateInputs:1106417:0
2981622416:updateComponents:1106459:416
2981622416:propagateValuesOnChangeOnly:1106917:833
2981622416:updateInputs:1107834:41
2981622416:updateComponents:1107875:459
2981622416:propagateValuesOnChangeOnly:1108334:791
2981622416:updateInputs:1109209:0
2981622416:updateComponents:1109250:417
2981622416:propagateValuesOnChangeOnly:1109709:791
2981622416:updateInputs:1110542:42
2981622416:updateComponents:1110625:417
2981622416:propagateValuesOnChangeOnly:1111042:792
2981622416:updateInputs:1114000:0
2981622416:updateComponents:1114042:417
2981622416:propagateValuesOnChangeOnly:1114500:875
2981622416:updateInputs:1115417:0
2981622416:updateComponents:1115459:416
2981622416:propagateValuesOnChangeOnly:1115917:875
2981622416:updateInputs:1116834:41
2981622416:updateComponents:1116875:417
2981622416:propagateValuesOnChangeOnly:1117334:875
2981622416:updateInputs:1118250:0
2981622416:updateComponents:1118292:417
2981622416:propagateValuesOnChangeOnly:1118750:792
2981622416:updateInputs:1119584:41
2981622416:updateComponents:1119667:417
2981622416:propagateValuesOnChangeOnly:1120084:833
2981622416:updateInputs:1121000:0
2981622416:updateComponents:1121042:417
2981622416:propagateValuesOnChangeOnly:1121500:792
2981622416:updateInputs:1124459:41
2981622416:updateComponents:1124542:417
2981622416:propagateValuesOnChangeOnly:1124959:916
2981622416:updateInputs:1125917:42
2981622416:updateComponents:1126000:417
2981622416:propagateValuesOnChangeOnly:1126459:916
2981622416:updateInputs:1127417:42
2981622416:updateComponents:1127459:416
2981622416:propagateValuesOnChangeOnly:1127917:875
2981622416:updateInputs:1128875:0
2981622416:updateComponents:1128917:417
2981622416:propagateValuesOnChangeOnly:1129375:834
2981622416:updateInputs:1131292:0
2981622416:updateComponents:1131334:416
2981622416:propagateValuesOnChangeOnly:1131792:833
2981622416:updateInputs:1132667:42
2981622416:updateComponents:1132750:417
2981622416:propagateValuesOnChangeOnly:1133167:833
2981622416:updateInputs:1136167:0
2981622416:updateComponents:1136209:416
2981622416:propagateValuesOnChangeOnly:1136667:875
2981622416:updateInputs:1137625:0
2981622416:updateComponents:1137667:417
2981622416:propagateValuesOnChangeOnly:1138125:875
2981622416:updateInputs:1139042:42
2981622416:updateComponents:1139084:458
2981622416:propagateValuesOnChangeOnly:1139542:833
2981622416:updateInputs:1140459:0
2981622416:updateComponents:1140500:417
2981622416:propagateValuesOnChangeOnly:1140959:916
2981622416:updateInputs:1141917:42
2981622416:updateComponents:1142000:417
2981622416:propagateValuesOnChangeOnly:1142417:958
2981622416:updateInputs:1143500:0
2981622416:updateComponents:1143542:417
2981622416:propagateValuesOnChangeOnly:1144000:834
2981622416:updateInputs:1147000:42
2981622416:updateComponents:1147042:417
2981622416:propagateValuesOnChangeOnly:1147500:917
2981622416:updateInputs:1148459:41
2981622416:updateComponents:1148542:417
2981622416:propagateValuesOnChangeOnly:1148959:875
2981622416:updateInputs:1149917:0
2981622416:updateComponents:1149959:416
2981622416:propagateValuesOnChangeOnly:1150417:833
2981622416:updateInputs:1151292:42
2981622416:updateComponents:1151334:416
2981622416:propagateValuesOnChangeOnly:1151792:833
2981622416:updateInputs:1152667:0
2981622416:updateComponents:1152709:416
2981622416:propagateValuesOnChangeOnly:1153167:792
2981622416:updateInputs:1154000:42
2981622416:updateComponents:1154084:416
2981622416:propagateValuesOnChangeOnly:1154542:792
2981622416:updateInputs:1157542:42
2981622416:updateComponents:1157625:417
2981622416:propagateValuesOnChangeOnly:1158042:875
2981622416:updateInputs:1158959:41
2981622416:updateComponents:1159042:417
2981622416:propagateValuesOnChangeOnly:1159459:875
2981622416:updateInputs:1160417:0
2981622416:updateComponents:1160459:416
2981622416:propagateValuesOnChangeOnly:1160917:833
2981622416:updateInputs:1161792:42
2981622416:updateComponents:1161834:458
2981622416:propagateValuesOnChangeOnly:1162292:792
2981622416:updateInputs:1163167:0
2981622416:updateComponents:1163209:416
2981622416:propagateValuesOnChangeOnly:1163667:833
2981622416:updateInputs:1164542:42
2981622416:updateComponents:1164625:417
2981622416:propagateValuesOnChangeOnly:1165084:791
2981622416:updateInputs:1168042:42
2981622416:updateComponents:1168125:417
2981622416:propagateValuesOnChangeOnly:1168584:875
2981622416:updateInputs:1169500:42
2981622416:updateComponents:1169542:458
2981622416:propagateValuesOnChangeOnly:1170000:875
2981622416:updateInputs:1170917:42
2981622416:updateComponents:1171000:417
2981622416:propagateValuesOnChangeOnly:1171459:833
2981622416:updateInputs:1172334:41
2981622416:updateComponents:1172375:459
2981622416:propagateValuesOnChangeOnly:1172834:833
2981622416:updateInputs:1173709:41
2981622416:updateComponents:1173750:417
2981622416:propagateValuesOnChangeOnly:1174209:791
2981622416:updateInputs:1175084:0
2981622416:updateComponents:1175125:417
2981622416:propagateValuesOnChangeOnly:1175584:791
2981622416:updateInputs:1178542:42
2981622416:updateComponents:1178625:417
2981622416:propagateValuesOnChangeOnly:1179042:875
2981622416:updateInputs:1180000:0
2981622416:updateComponents:1180042:417
2981622416:propagateValuesOnChangeOnly:1180500:834
2981622416:updateInputs:1181417:0
2981622416:updateComponents:1181459:416
2981622416:propagateValuesOnChangeOnly:1181917:833
2981622416:updateInputs:1182792:42
2981622416:updateComponents:1182834:458
2981622416:propagateValuesOnChangeOnly:1183292:833
2981622416:updateInputs:1184209:0
2981622416:updateComponents:1184250:417
2981622416:propagateValuesOnChangeOnly:1184709:833
2981622416:Run loop:93584:1092041
2981622416:main:42:1216625
