Title: Divider test
3524920709:updateInputs:81792:167
3524920709:updateComponents:88334:625
3524920709:Init circuit:52834:40416
3524920709:updateInputs:93417:167
3524920709:updateComponents:93625:542
3524920709:propagateValuesOnChangeOnly:94292:792
3524920709:updateInputs:97459:125
3524920709:updateComponents:97625:459
3524920709:propagateValuesOnChangeOnly:98125:709
3524920709:updateInputs:101417:125
3524920709:updateComponents:101542:458
3524920709:propagateValuesOnChangeOnly:102000:584
3524920709:updateInputs:104834:125
3524920709:updateComponents:104959:416
3524920709:propagateValuesOnChangeOnly:105417:542
3524920709:updateInputs:108167:83
3524920709:updateComponents:108292:417
3524920709:propagateValuesOnChangeOnly:108875:584
3524920709:updateInputs:111667:83
3524920709:updateComponents:111792:417
3524920709:propagateValuesOnChangeOnly:112209:583
3524920709:updateInputs:115250:125
3524920709:updateComponents:115417:417
3524920709:propagateValuesOnChangeOnly:115834:583
3524920709:updateInputs:118709:125
3524920709:updateComponents:118875:375
3524920709:propagateValuesOnChangeOnly:119292:542
3524920709:updateInputs:122084:125
3524920709:updateComponents:122250:417
3524920709:propagateValuesOnChangeOnly:122667:625
3524920709:updateInputs:125542:125
3524920709:updateComponents:125667:375
3524920709:propagateValuesOnChangeOnly:126084:625
3524920709:updateInputs:129250:125
3524920709:updateComponents:129375:375
3524920709:propagateValuesOnChangeOnly:129792:583
3524920709:updateInputs:132625:125
3524920709:updateComponents:132792:375
3524920709:propagateValuesOnChangeOnly:133209:541
3524920709:updateInputs:136000:167
3524920709:updateComponents:136167:375
3524920709:propagateValuesOnChangeOnly:136584:625
3524920709:updateInputs:139459:125
3524920709:updateComponents:139625:375
3524920709:propagateValuesOnChangeOnly:140042:542
3524920709:updateInputs:143084:125
3524920709:updateComponents:143209:375
3524920709:propagateValuesOnChangeOnly:143584:583
3524920709:updateInputs:146459:83
3524920709:updateComponents:146584:375
3524920709:propagateValuesOnChangeOnly:147000:584
3524920709:updateInputs:149917:125
3524920709:updateComponents:150084:375
3524920709:propagateValuesOnChangeOnly:150459:625
3524920709:updateInputs:153334:83
3524920709:updateComponents:153459:375
3524920709:propagateValuesOnChangeOnly:153875:584
3524920709:updateInputs:156667:125
3524920709:updateComponents:156792:375
3524920709:propagateValuesOnChangeOnly:157209:541
3524920709:updateInputs:159959:83
3524920709:updateComponents:160084:375
3524920709:propagateValuesOnChangeOnly:160500:542
3524920709:updateInputs:163209:125
3524920709:updateComponents:163375:375
3524920709:propagateValuesOnChangeOnly:163959:541
3524920709:updateInputs:166875:125
3524920709:updateComponents:167000:417
3524920709:propagateValuesOnChangeOnly:167417:542
3524920709:updateInputs:170209:125
3524920709:updateComponents:170334:416
3524920709:propagateValuesOnChangeOnly:170750:542
3524920709:updateInputs:173500:125
3524920709:updateComponents:173667:375
3524920709:propagateValuesOnChangeOnly:174084:541
3524920709:updateInputs:176834:125
3524920709:updateComponents:177000:375
3524920709:propagateValuesOnChangeOnly:177417:583
3524920709:updateInputs:180250:125
3524920709:updateComponents:180375:417
3524920709:propagateValuesOnChangeOnly:180792:583
3524920709:updateInputs:183584:125
3524920709:updateComponents:183709:416
3524920709:propagateValuesOnChangeOnly:184125:584
3524920709:updateInputs:187042:125
3524920709:updateComponents:187209:416
3524920709:propagateValuesOnChangeOnly:187625:584
3524920709:updateInputs:190459:125
3524920709:updateComponents:190584:375
3524920709:propagateValuesOnChangeOnly:190959:666
3524920709:updateInputs:193834:125
3524920709:updateComponents:194000:375
3524920709:propagateValuesOnChangeOnly:194417:583
3524920709:updateInputs:197542:125
3524920709:updateComponents:197709:416
3524920709:propagateValuesOnChangeOnly:198125:584
3524920709:updateInputs:201042:125
3524920709:updateComponents:201209:375
3524920709:propagateValuesOnChangeOnly:201625:625
3524920709:updateInputs:204500:125
3524920709:updateComponents:204625:417
3524920709:propagateValuesOnChangeOnly:205042:667
3524920709:updateInputs:207917:125
3524920709:updateComponents:208042:417
3524920709:propagateValuesOnChangeOnly:208459:583
3524920709:updateInputs:211250:125
3524920709:updateComponents:211375:375
3524920709:propagateValuesOnChangeOnly:211792:583
3524920709:updateInputs:214584:125
3524920709:updateComponents:214709:375
3524920709:propagateValuesOnChangeOnly:215167:500
3524920709:updateInputs:217875:125
3524920709:updateComponents:218000:417
3524920709:propagateValuesOnChangeOnly:218417:542
3524920709:updateInputs:221167:83
3524920709:updateComponents:221292:375
3524920709:propagateValuesOnChangeOnly:221709:541
3524920709:updateInputs:224459:125
3524920709:updateComponents:224584:416
3524920709:propagateValuesOnChangeOnly:225042:500
3524920709:updateInputs:227750:125
3524920709:updateComponents:227917:417
3524920709:propagateValuesOnChangeOnly:228334:541
3524920709:updateInputs:231125:125
3524920709:updateComponents:231250:375
3524920709:propagateValuesOnChangeOnly:231667:542
3524920709:updateInputs:234417:125
3524920709:updateComponents:234584:375
3524920709:propagateValuesOnChangeOnly:235000:625
3524920709:updateInputs:239417:125
3524920709:updateComponents:239542:417
3524920709:propagateValuesOnChangeOnly:240000:667
3524920709:updateInputs:242875:125
3524920709:updateComponents:243000:375
3524920709:propagateValuesOnChangeOnly:243417:542
3524920709:updateInputs:246167:125
3524920709:updateComponents:246292:417
3524920709:propagateValuesOnChangeOnly:246750:500
3524920709:updateInputs:249500:125
3524920709:updateComponents:249667:375
3524920709:propagateValuesOnChangeOnly:250042:542
3524920709:updateInputs:252834:83
3524920709:updateComponents:252959:375
3524920709:propagateValuesOnChangeOnly:253375:542
3524920709:updateInputs:256125:125
3524920709:updateComponents:256292:375
3524920709:propagateValuesOnChangeOnly:256667:542
3524920709:updateInputs:259459:125
3524920709:updateComponents:259625:375
3524920709:propagateValuesOnChangeOnly:260042:542
3524920709:updateInputs:262834:125
3524920709:updateComponents:262959:416
3524920709:propagateValuesOnChangeOnly:263375:584
3524920709:updateInputs:266334:125
3524920709:updateComponents:266459:416
3524920709:propagateValuesOnChangeOnly:266917:583
3524920709:updateInputs:269834:125
3524920709:updateComponents:269959:416
3524920709:propagateValuesOnChangeOnly:270417:500
3524920709:updateInputs:273209:125
3524920709:updateComponents:273334:416
3524920709:propagateValuesOnChangeOnly:273750:542
3524920709:updateInputs:276542:125
3524920709:updateComponents:276709:375
3524920709:propagateValuesOnChangeOnly:277084:541
3524920709:updateInputs:279875:125
3524920709:updateComponents:280042:375
3524920709:propagateValuesOnChangeOnly:280417:542
3524920709:updateInputs:283209:125
3524920709:updateComponents:283375:375
3524920709:propagateValuesOnChangeOnly:283792:625
3524920709:updateInputs:286709:125
3524920709:updateComponents:286875:375
3524920709:propagateValuesOnChangeOnly:287292:625
3524920709:updateInputs:290209:125
3524920709:updateComponents:290375:375
3524920709:propagateValuesOnChangeOnly:290792:542
3524920709:updateInputs:293709:125
3524920709:updateComponents:293834:375
3524920709:propagateValuesOnChangeOnly:294250:584
3524920709:updateInputs:297000:125
3524920709:updateComponents:297167:375
3524920709:propagateValuesOnChangeOnly:297584:500
3524920709:updateInputs:300334:125
3524920709:updateComponents:300500:375
3524920709:propagateValuesOnChangeOnly:300917:500
3524920709:updateInputs:303667:125
3524920709:updateComponents:303792:375
3524920709:propagateValuesOnChangeOnly:304209:541
3524920709:updateInputs:307292:125
3524920709:updateComponents:307459:375
3524920709:propagateValuesOnChangeOnly:307834:541
3524920709:updateInputs:310625:125
3524920709:updateComponents:310792:375
3524920709:propagateValuesOnChangeOnly:311209:541
3524920709:updateInputs:314084:125
3524920709:updateComponents:314250:375
3524920709:propagateValuesOnChangeOnly:314667:542
3524920709:updateInputs:317459:125
3524920709:updateComponents:317625:375
3524920709:propagateValuesOnChangeOnly:318000:667
3524920709:updateInputs:320917:83
3524920709:updateComponents:321042:375
3524920709:propagateValuesOnChangeOnly:321417:667
3524920709:updateInputs:324334:83
3524920709:updateComponents:324459:375
3524920709:propagateValuesOnChangeOnly:324875:625
3524920709:updateInputs:327792:125
3524920709:updateComponents:327959:333
3524920709:propagateValuesOnChangeOnly:328334:541
3524920709:updateInputs:331125:84
3524920709:updateComponents:331250:375
3524920709:propagateValuesOnChangeOnly:331667:542
3524920709:updateInputs:334417:83
3524920709:updateComponents:334542:375
3524920709:propagateValuesOnChangeOnly:334959:541
3524920709:updateInputs:337709:125
3524920709:updateComponents:337875:375
3524920709:propagateValuesOnChangeOnly:338292:542
3524920709:updateInputs:341084:125
3524920709:updateComponents:341209:375
3524920709:propagateValuesOnChangeOnly:341625:542
3524920709:updateInputs:344417:125
3524920709:updateComponents:344584:375
3524920709:propagateValuesOnChangeOnly:344959:583
3524920709:updateInputs:347750:125
3524920709:updateComponents:347917:375
3524920709:propagateValuesOnChangeOnly:348334:583
3524920709:updateInputs:351167:83
3524920709:updateComponents:351292:375
3524920709:propagateValuesOnChangeOnly:351709:625
3524920709:updateInputs:354584:83
3524920709:updateComponents:354709:375
3524920709:propagateValuesOnChangeOnly:355084:625
3524920709:updateInputs:357917:125
3524920709:updateComponents:358084:333
3524920709:propagateValuesOnChangeOnly:358459:541
3524920709:updateInputs:361209:125
3524920709:updateComponents:361375:375
3524920709:propagateValuesOnChangeOnly:361792:500
3524920709:updateInputs:364542:125
3524920709:updateComponents:364709:375
3524920709:propagateValuesOnChangeOnly:365084:541
3524920709:updateInputs:367875:125
3524920709:updateComponents:368042:333
3524920709:propagateValuesOnChangeOnly:368417:542
3524920709:updateInputs:371209:125
3524920709:updateComponents:371375:375
3524920709:propagateValuesOnChangeOnly:371750:584
3524920709:updateInputs:374542:125
3524920709:updateComponents:374667:375
3524920709:propagateValuesOnChangeOnly:375084:666
3524920709:updateInputs:378000:125
3524920709:updateComponents:378125:375
3524920709:propagateValuesOnChangeOnly:378542:625
3524920709:updateInputs:381375:125
3524920709:updateComponents:381542:333
3524920709:propagateValuesOnChangeOnly:383709:541
3524920709:updateInputs:386542:125
3524920709:updateComponents:386709:375
3524920709:propagateValuesOnChangeOnly:387125:542
3524920709:updateInputs:389875:125
3524920709:updateComponents:390000:375
3524920709:propagateValuesOnChangeOnly:390417:542
3524920709:updateInputs:393167:167
3524920709:updateComponents:393334:375
3524920709:propagateValuesOnChangeOnly:393750:542
3524920709:updateInputs:396500:125
3524920709:updateComponents:396667:375
3524920709:propagateValuesOnChangeOnly:397084:541
3524920709:updateInputs:399875:84
3524920709:updateComponents:400000:375
3524920709:propagateValuesOnChangeOnly:400417:542
3524920709:updateInputs:403209:125
3524920709:updateComponents:403375:375
3524920709:propagateValuesOnChangeOnly:403792:542
3524920709:updateInputs:406584:83
3524920709:updateComponents:406709:375
3524920709:propagateValuesOnChangeOnly:407125:667
3524920709:updateInputs:410000:125
3524920709:updateComponents:410167:375
3524920709:propagateValuesOnChangeOnly:410542:625
3524920709:updateInputs:413417:83
3524920709:updateComponents:413542:375
3524920709:propagateValuesOnChangeOnly:413959:541
3524920709:updateInputs:416750:125
3524920709:updateComponents:416875:375
3524920709:propagateValuesOnChangeOnly:417292:500
3524920709:updateInputs:420084:125
3524920709:updateComponents:420250:375
3524920709:propagateValuesOnChangeOnly:420667:500
3524920709:updateInputs:423417:125
3524920709:updateComponents:423542:375
3524920709:propagateValuesOnChangeOnly:423959:583
3524920709:updateInputs:426750:125
3524920709:updateComponents:426917:375
3524920709:propagateValuesOnChangeOnly:427334:541
3524920709:updateInputs:430125:125
3524920709:updateComponents:430250:375
3524920709:propagateValuesOnChangeOnly:430667:625
3524920709:updateInputs:433542:125
3524920709:updateComponents:433667:375
3524920709:propagateValuesOnChangeOnly:434084:625
3524920709:updateInputs:437000:84
3524920709:updateComponents:437125:375
3524920709:propagateValuesOnChangeOnly:437542:500
3524920709:updateInputs:440334:125
3524920709:updateComponents:440500:375
3524920709:propagateValuesOnChangeOnly:440875:584
3524920709:updateInputs:443667:125
3524920709:updateComponents:443834:375
3524920709:propagateValuesOnChangeOnly:444209:541
3524920709:updateInputs:446959:125
3524920709:updateComponents:447125:375
3524920709:propagateValuesOnChangeOnly:447500:584
3524920709:updateInputs:450250:125
3524920709:updateComponents:450417:333
3524920709:propagateValuesOnChangeOnly:450792:542
3524920709:updateInputs:453584:125
3524920709:updateComponents:453709:375
3524920709:propagateValuesOnChangeOnly:454125:542
3524920709:updateInputs:456917:125
3524920709:updateComponents:457084:375
3524920709:propagateValuesOnChangeOnly:457500:584
3524920709:updateInputs:460334:125
3524920709:updateComponents:460459:416
3524920709:propagateValuesOnChangeOnly:460875:625
3524920709:updateInputs:463750:125
3524920709:updateComponents:463875:375
3524920709:propagateValuesOnChangeOnly:464292:625
3524920709:updateInputs:467167:83
3524920709:updateComponents:467292:375
3524920709:propagateValuesOnChangeOnly:467709:625
3524920709:updateInputs:470542:125
3524920709:updateComponents:470667:417
3524920709:propagateValuesOnChangeOnly:471084:541
3524920709:updateInputs:473834:125
3524920709:updateComponents:474000:375
3524920709:propagateValuesOnChangeOnly:474375:542
3524920709:updateInputs:477167:83
3524920709:updateComponents:477292:375
3524920709:propagateValuesOnChangeOnly:477709:666
3524920709:updateInputs:480625:125
3524920709:updateComponents:480792:375
3524920709:propagateValuesOnChangeOnly:481167:583
3524920709:updateInputs:483959:125
3524920709:updateComponents:484084:375
3524920709:propagateValuesOnChangeOnly:484500:667
3524920709:updateInputs:487375:125
3524920709:updateComponents:487542:375
3524920709:propagateValuesOnChangeOnly:487959:583
3524920709:updateInputs:490792:125
3524920709:updateComponents:490959:375
3524920709:propagateValuesOnChangeOnly:491375:542
3524920709:updateInputs:494250:125
3524920709:updateComponents:494417:375
3524920709:propagateValuesOnChangeOnly:494792:542
3524920709:updateInputs:497584:83
3524920709:updateComponents:497709:416
3524920709:propagateValuesOnChangeOnly:498125:542
3524920709:Run loop:93375:407542
3524920709:main:542:510000
