Title: And array test
3251197128:updateInputs:1490833:125
3251197128:updateComponents:1498583:292
3251197128:Init circuit:1473958:28084
3251197128:updateInputs:1502208:125
3251197128:updateComponents:1502375:167
3251197128:propagateValuesOnChangeOnly:1502708:167
3251197128:updateInputs:1505375:83
3251197128:updateComponents:1505500:125
3251197128:propagateValuesOnChangeOnly:1505667:208
3251197128:updateInputs:1508583:84
3251197128:updateComponents:1508708:84
3251197128:propagateValuesOnChangeOnly:1508833:209
3251197128:updateInputs:1511375:125
3251197128:updateComponents:1511542:83
3251197128:propagateValuesOnChangeOnly:1511625:167
3251197128:updateInputs:1514125:83
3251197128:updateComponents:1514250:42
3251197128:propagateValuesOnChangeOnly:1517583:167
3251197128:updateInputs:1520250:125
3251197128:updateComponents:1520417:83
3251197128:propagateValuesOnChangeOnly:1520542:125
3251197128:updateInputs:1523042:83
3251197128:updateComponents:1523125:83
3251197128:propagateValuesOnChangeOnly:1523250:167
3251197128:updateInputs:1526083:167
3251197128:updateComponents:1526250:83
3251197128:propagateValuesOnChangeOnly:1526375:167
3251197128:updateInputs:1528833:84
3251197128:updateComponents:1528958:42
3251197128:propagateValuesOnChangeOnly:1529042:166
3251197128:updateInputs:1531542:83
3251197128:updateComponents:1531667:41
3251197128:propagateValuesOnChangeOnly:1531750:167
3251197128:updateInputs:1534458:84
3251197128:updateComponents:1534542:83
3251197128:propagateValuesOnChangeOnly:1534667:166
3251197128:updateInputs:1537167:125
3251197128:updateComponents:1537333:84
3251197128:propagateValuesOnChangeOnly:1537458:125
3251197128:updateInputs:1539875:83
3251197128:updateComponents:1539958:84
3251197128:propagateValuesOnChangeOnly:1540083:167
3251197128:updateInputs:1542583:84
3251197128:updateComponents:1542667:83
3251197128:propagateValuesOnChangeOnly:1542792:125
3251197128:updateInputs:1545250:83
3251197128:updateComponents:1545375:83
3251197128:propagateValuesOnChangeOnly:1545458:209
3251197128:updateInputs:1547958:125
3251197128:updateComponents:1548125:83
3251197128:propagateValuesOnChangeOnly:1548250:125
3251197128:updateInputs:1550917:83
3251197128:updateComponents:1551000:83
3251197128:propagateValuesOnChangeOnly:1551125:167
3251197128:updateInputs:1553625:83
3251197128:updateComponents:1553750:83
3251197128:propagateValuesOnChangeOnly:1553875:125
3251197128:updateInputs:1556292:83
3251197128:updateComponents:1556417:83
3251197128:propagateValuesOnChangeOnly:1556500:167
3251197128:updateInputs:1559000:83
3251197128:updateComponents:1559125:83
3251197128:propagateValuesOnChangeOnly:1559208:167
3251197128:updateInputs:1561750:83
3251197128:updateComponents:1561875:83
3251197128:propagateValuesOnChangeOnly:1562208:167
3251197128:updateInputs:1564625:125
3251197128:updateComponents:1564792:83
3251197128:propagateValuesOnChangeOnly:1564917:125
3251197128:updateInputs:1567333:125
3251197128:updateComponents:1567458:84
3251197128:propagateValuesOnChangeOnly:1567583:167
3251197128:updateInputs:1570042:125
3251197128:updateComponents:1570208:84
3251197128:propagateValuesOnChangeOnly:1570333:125
3251197128:updateInputs:1572750:83
3251197128:updateComponents:1572875:83
3251197128:propagateValuesOnChangeOnly:1572958:167
3251197128:updateInputs:1575375:125
3251197128:updateComponents:1575500:125
3251197128:propagateValuesOnChangeOnly:1575625:167
3251197128:updateInputs:1578042:83
3251197128:updateComponents:1578167:83
3251197128:propagateValuesOnChangeOnly:1578292:166
3251197128:updateInputs:1580708:84
3251197128:updateComponents:1580833:84
3251197128:propagateValuesOnChangeOnly:1580917:166
3251197128:updateInputs:1583375:83
3251197128:updateComponents:1583500:83
3251197128:propagateValuesOnChangeOnly:1583583:167
3251197128:updateInputs:1586000:125
3251197128:updateComponents:1586125:167
3251197128:propagateValuesOnChangeOnly:1586292:166
3251197128:updateInputs:1588750:83
3251197128:updateComponents:1588875:83
3251197128:propagateValuesOnChangeOnly:1589000:167
3251197128:updateInputs:1591458:125
3251197128:updateComponents:1591625:83
3251197128:propagateValuesOnChangeOnly:1591708:167
3251197128:updateInputs:1594208:84
3251197128:updateComponents:1594333:42
3251197128:propagateValuesOnChangeOnly:1594417:166
3251197128:updateInputs:1597125:125
3251197128:updateComponents:1597250:83
3251197128:propagateValuesOnChangeOnly:1597375:167
3251197128:updateInputs:1599875:83
3251197128:updateComponents:1600000:83
3251197128:propagateValuesOnChangeOnly:1600125:125
3251197128:updateInputs:1602583:125
3251197128:updateComponents:1602708:84
3251197128:propagateValuesOnChangeOnly:1602833:167
3251197128:updateInputs:1605292:83
3251197128:updateComponents:1605417:83
3251197128:propagateValuesOnChangeOnly:1605500:167
3251197128:updateInputs:1608000:83
3251197128:updateComponents:1608125:42
3251197128:propagateValuesOnChangeOnly:1608208:167
3251197128:updateInputs:1610667:83
3251197128:updateComponents:1610792:83
3251197128:propagateValuesOnChangeOnly:1610875:167
3251197128:Run loop:1502208:111167
3251197128:main:500:1616167
