Title: Unit delay test
460598102:updateInputs:14250:0
460598102:updateComponents:22542:83
460598102:Init circuit:12625:11375
460598102:updateInputs:24167:0
460598102:updateComponents:24209:41
460598102:propagateValuesOnChangeOnly:24417:0
460598102:updateInputs:25084:0
460598102:updateComponents:25125:42
460598102:propagateValuesOnChangeOnly:25167:42
460598102:updateInputs:25709:0
460598102:updateComponents:25750:42
460598102:propagateValuesOnChangeOnly:25792:42
460598102:updateInputs:26209:41
460598102:updateComponents:26292:0
460598102:propagateValuesOnChangeOnly:26334:0
460598102:updateInputs:26709:0
460598102:updateComponents:26750:0
460598102:propagateValuesOnChangeOnly:26959:41
460598102:updateInputs:27375:42
460598102:updateComponents:27417:42
460598102:propagateValuesOnChangeOnly:27459:41
460598102:updateInputs:28084:0
460598102:updateComponents:28125:0
460598102:propagateValuesOnChangeOnly:28167:42
460598102:updateInputs:28584:0
460598102:updateComponents:28625:0
460598102:propagateValuesOnChangeOnly:28667:0
460598102:updateInputs:29042:0
460598102:updateComponents:29084:41
460598102:propagateValuesOnChangeOnly:29125:42
460598102:updateInputs:29542:0
460598102:updateComponents:29584:0
460598102:propagateValuesOnChangeOnly:29625:0
460598102:Run loop:24167:6125
460598102:main:125:30584
