Title:D-Latch test
3744087717:updateInputs:341333:334
3744087717:updateComponents:366250:1000
3744087717:Init circuit:288542:94750
3744087717:updateInputs:385250:333
3744087717:updateComponents:386208:959
3744087717:propagateValuesOnChangeOnly:389375:1417
3744087717:updateInputs:397875:292
3744087717:updateComponents:398792:958
3744087717:propagateValuesOnChangeOnly:400417:1458
3744087717:updateInputs:410833:375
3744087717:updateComponents:411833:875
3744087717:propagateValuesOnChangeOnly:413333:1375
3744087717:updateInputs:421417:375
3744087717:updateComponents:422417:875
3744087717:propagateValuesOnChangeOnly:423917:1583
3744087717:updateInputs:432750:333
3744087717:updateComponents:433708:834
3744087717:propagateValuesOnChangeOnly:452083:1584
3744087717:updateInputs:460708:292
3744087717:updateComponents:461625:833
3744087717:propagateValuesOnChangeOnly:463083:1625
3744087717:updateInputs:471292:333
3744087717:updateComponents:472208:875
3744087717:propagateValuesOnChangeOnly:473667:1666
3744087717:updateInputs:482083:250
3744087717:updateComponents:482958:834
3744087717:propagateValuesOnChangeOnly:484417:1333
3744087717:updateInputs:492458:209
3744087717:updateComponents:493292:833
3744087717:propagateValuesOnChangeOnly:494750:1292
3744087717:updateInputs:502667:291
3744087717:updateComponents:503583:834
3744087717:propagateValuesOnChangeOnly:505042:1291
3744087717:updateInputs:520333:334
3744087717:updateComponents:521292:833
3744087717:propagateValuesOnChangeOnly:522750:1667
3744087717:updateInputs:531333:250
3744087717:updateComponents:532208:834
3744087717:propagateValuesOnChangeOnly:533625:1500
3744087717:updateInputs:541833:375
3744087717:updateComponents:542833:792
3744087717:propagateValuesOnChangeOnly:544208:1500
3744087717:updateInputs:552583:250
3744087717:updateComponents:553417:875
3744087717:propagateValuesOnChangeOnly:554875:1833
3744087717:updateInputs:563417:250
3744087717:updateComponents:564292:833
3744087717:propagateValuesOnChangeOnly:565750:1375
3744087717:updateInputs:573792:333
3744087717:updateComponents:574750:833
3744087717:propagateValuesOnChangeOnly:576208:1292
3744087717:updateInputs:584292:250
3744087717:updateComponents:585167:875
3744087717:propagateValuesOnChangeOnly:586625:1583
3744087717:updateInputs:594917:250
3744087717:updateComponents:595792:833
3744087717:propagateValuesOnChangeOnly:597250:1333
3744087717:updateInputs:605208:292
3744087717:updateComponents:606125:833
3744087717:propagateValuesOnChangeOnly:607583:1334
3744087717:Run loop:385208:230375
3744087717:main:1833:633834
