Title:RAM test
4272757016:updateInputs:14097708:1000
4272757016:updateComponents:14121833:116167
4272757016:Init circuit:9377083:5310875
4272757016:updateInputs:14689375:916
4272757016:updateComponents:14690750:109791
4272757016:propagateValuesOnChangeOnly:14802208:144125
4272757016:updateInputs:15095541:917
4272757016:updateComponents:15096875:109833
4272757016:propagateValuesOnChangeOnly:15207250:143791
4272757016:updateInputs:15502666:834
4272757016:updateComponents:15503958:110375
4272757016:propagateValuesOnChangeOnly:15614833:144042
4272757016:updateInputs:15908208:958
4272757016:updateComponents:15909625:109375
4272757016:propagateValuesOnChangeOnly:16019500:146875
4272757016:updateInputs:16315333:1042
4272757016:updateComponents:16316833:109167
4272757016:propagateValuesOnChangeOnly:16428958:143625
4272757016:updateInputs:16723000:916
4272757016:updateComponents:16724416:109500
4272757016:propagateValuesOnChangeOnly:16834458:146542
4272757016:updateInputs:17129791:917
4272757016:updateComponents:17131166:109667
4272757016:propagateValuesOnChangeOnly:17241333:143708
4272757016:updateInputs:17535500:1041
4272757016:updateComponents:17537041:109584
4272757016:propagateValuesOnChangeOnly:17647125:144166
4272757016:updateInputs:17940041:917
4272757016:updateComponents:17941416:106042
4272757016:propagateValuesOnChangeOnly:18047916:138792
4272757016:updateInputs:18313875:1000
4272757016:updateComponents:18315250:93541
4272757016:propagateValuesOnChangeOnly:18409208:140667
4272757016:updateInputs:18681208:792
4272757016:updateComponents:18682375:94208
4272757016:propagateValuesOnChangeOnly:18777000:143916
4272757016:updateInputs:19048750:791
4272757016:updateComponents:19049916:100000
4272757016:propagateValuesOnChangeOnly:19150375:142583
4272757016:updateInputs:19420291:792
4272757016:updateComponents:19421500:98125
4272757016:propagateValuesOnChangeOnly:19520083:134125
4272757016:updateInputs:19781500:708
4272757016:updateComponents:19782625:94208
4272757016:propagateValuesOnChangeOnly:19877250:123666
4272757016:updateInputs:20128333:750
4272757016:updateComponents:20129458:94417
4272757016:propagateValuesOnChangeOnly:20224333:129625
4272757016:updateInputs:20481666:750
4272757016:updateComponents:20482750:91041
4272757016:propagateValuesOnChangeOnly:20574208:123500
4272757016:updateInputs:20824916:750
4272757016:updateComponents:20826041:90459
4272757016:propagateValuesOnChangeOnly:20916958:122917
4272757016:updateInputs:21167916:792
4272757016:updateComponents:21169041:91000
4272757016:propagateValuesOnChangeOnly:21260500:122916
4272757016:updateInputs:21510583:792
4272757016:updateComponents:21511708:94583
4272757016:propagateValuesOnChangeOnly:21606750:123250
4272757016:updateInputs:21857208:750
4272757016:updateComponents:21858291:95042
4272757016:propagateValuesOnChangeOnly:21953750:123083
4272757016:updateInputs:22204791:750
4272757016:updateComponents:22205958:89333
4272757016:propagateValuesOnChangeOnly:22301500:124083
4272757016:updateInputs:22553708:792
4272757016:updateComponents:22554875:90375
4272757016:propagateValuesOnChangeOnly:22645708:123625
4272757016:updateInputs:22897125:708
4272757016:updateComponents:22898208:94625
4272757016:propagateValuesOnChangeOnly:22993291:122917
4272757016:updateInputs:23243458:750
4272757016:updateComponents:23244583:95167
4272757016:propagateValuesOnChangeOnly:23340208:123208
4272757016:updateInputs:23590625:750
4272757016:updateComponents:23591791:94542
4272757016:propagateValuesOnChangeOnly:23686791:123334
4272757016:updateInputs:23937625:708
4272757016:updateComponents:23938708:93625
4272757016:propagateValuesOnChangeOnly:24032791:123250
4272757016:updateInputs:24283666:750
4272757016:updateComponents:24284791:95042
4272757016:propagateValuesOnChangeOnly:24380208:123542
4272757016:updateInputs:24630666:792
4272757016:updateComponents:24631875:94458
4272757016:propagateValuesOnChangeOnly:24726750:123583
4272757016:updateInputs:24977541:750
4272757016:updateComponents:24978708:93375
4272757016:propagateValuesOnChangeOnly:25072541:123542
4272757016:updateInputs:25324833:708
4272757016:updateComponents:25325958:93833
4272757016:propagateValuesOnChangeOnly:25420250:123750
4272757016:updateInputs:25671541:750
4272757016:updateComponents:25672791:96709
4272757016:propagateValuesOnChangeOnly:25769958:122875
4272757016:updateInputs:26027625:750
4272757016:updateComponents:26028833:97500
4272757016:propagateValuesOnChangeOnly:26126791:134125
4272757016:updateInputs:26388541:709
4272757016:updateComponents:26389708:98333
4272757016:propagateValuesOnChangeOnly:26488541:126125
4272757016:updateInputs:26743541:709
4272757016:updateComponents:26744666:97459
4272757016:propagateValuesOnChangeOnly:26842583:130167
4272757016:updateInputs:27112458:708
4272757016:updateComponents:27113541:93959
4272757016:propagateValuesOnChangeOnly:27207916:131709
4272757016:updateInputs:27467875:750
4272757016:updateComponents:27469000:94583
4272757016:propagateValuesOnChangeOnly:27564291:123750
4272757016:updateInputs:27815208:750
4272757016:updateComponents:27816375:100750
4272757016:propagateValuesOnChangeOnly:27917583:110875
4272757016:updateInputs:28138916:667
4272757016:updateComponents:28139958:81917
4272757016:propagateValuesOnChangeOnly:28222250:107416
4272757016:updateInputs:28445666:709
4272757016:updateComponents:28446750:81000
4272757016:propagateValuesOnChangeOnly:28528166:106959
4272757016:updateInputs:28745583:750
4272757016:updateComponents:28746666:80875
4272757016:propagateValuesOnChangeOnly:28827916:106875
4272757016:updateInputs:29051000:708
4272757016:updateComponents:29052000:89833
4272757016:propagateValuesOnChangeOnly:29142208:107792
4272757016:updateInputs:29365875:708
4272757016:updateComponents:29366875:79416
4272757016:propagateValuesOnChangeOnly:29446625:107625
4272757016:updateInputs:29675625:666
4272757016:updateComponents:29676625:82041
4272757016:propagateValuesOnChangeOnly:29759000:112416
4272757016:updateInputs:29985375:625
4272757016:updateComponents:29986291:92417
4272757016:propagateValuesOnChangeOnly:30079041:108125
4272757016:updateInputs:30301166:667
4272757016:updateComponents:30302166:81875
4272757016:propagateValuesOnChangeOnly:30384375:113041
4272757016:updateInputs:30610916:625
4272757016:updateComponents:30611875:82000
4272757016:propagateValuesOnChangeOnly:30694250:107875
4272757016:updateInputs:30914708:750
4272757016:updateComponents:30915833:81833
4272757016:propagateValuesOnChangeOnly:30998041:107875
4272757016:updateInputs:31217333:583
4272757016:updateComponents:31218250:81083
4272757016:propagateValuesOnChangeOnly:31299708:122875
4272757016:updateInputs:31534250:708
4272757016:updateComponents:31535291:80334
4272757016:propagateValuesOnChangeOnly:31616000:107791
4272757016:updateInputs:31845250:666
4272757016:updateComponents:31846250:82458
4272757016:propagateValuesOnChangeOnly:31929083:107042
4272757016:updateInputs:32146750:708
4272757016:updateComponents:32147750:89875
4272757016:propagateValuesOnChangeOnly:32238000:107708
4272757016:updateInputs:32470291:625
4272757016:updateComponents:32471208:81917
4272757016:propagateValuesOnChangeOnly:32553500:107250
4272757016:updateInputs:32771416:625
4272757016:updateComponents:32772333:81875
4272757016:propagateValuesOnChangeOnly:32854875:107416
4272757016:updateInputs:33080208:667
4272757016:updateComponents:33081208:78542
4272757016:propagateValuesOnChangeOnly:33160125:112291
4272757016:updateInputs:33391333:750
4272757016:updateComponents:33392458:81375
4272757016:propagateValuesOnChangeOnly:33474166:113667
4272757016:updateInputs:33699541:667
4272757016:updateComponents:33700500:82000
4272757016:propagateValuesOnChangeOnly:33782875:106916
4272757016:updateInputs:34000416:667
4272757016:updateComponents:34001375:81041
4272757016:propagateValuesOnChangeOnly:34082833:107208
4272757016:updateInputs:34300875:708
4272757016:updateComponents:34301916:82125
4272757016:propagateValuesOnChangeOnly:34384416:110959
4272757016:updateInputs:34605958:750
4272757016:updateComponents:34607000:81583
4272757016:propagateValuesOnChangeOnly:34688916:107459
4272757016:updateInputs:34907083:667
4272757016:updateComponents:34908083:85000
4272757016:propagateValuesOnChangeOnly:34993458:107000
4272757016:updateInputs:35210916:667
4272757016:updateComponents:35211916:82459
4272757016:propagateValuesOnChangeOnly:35294750:107791
4272757016:updateInputs:35512958:667
4272757016:updateComponents:35514000:79791
4272757016:propagateValuesOnChangeOnly:35594208:107083
4272757016:updateInputs:35812166:625
4272757016:updateComponents:35813125:82666
4272757016:propagateValuesOnChangeOnly:35896166:112375
4272757016:updateInputs:36118916:667
4272757016:updateComponents:36126458:82042
4272757016:propagateValuesOnChangeOnly:36208875:107625
4272757016:updateInputs:36429583:708
4272757016:updateComponents:36430625:79583
4272757016:propagateValuesOnChangeOnly:36510625:107125
4272757016:updateInputs:36729833:667
4272757016:updateComponents:36730833:82417
4272757016:propagateValuesOnChangeOnly:36813625:107083
4272757016:updateInputs:37031500:666
4272757016:updateComponents:37032500:80333
4272757016:propagateValuesOnChangeOnly:37113208:106958
4272757016:updateInputs:37330541:667
4272757016:updateComponents:37331583:78417
4272757016:propagateValuesOnChangeOnly:37410375:106750
4272757016:updateInputs:37629041:667
4272757016:updateComponents:37630083:82333
4272757016:propagateValuesOnChangeOnly:37712833:109000
4272757016:updateInputs:37919500:541
4272757016:updateComponents:37920291:69625
4272757016:propagateValuesOnChangeOnly:37990250:94083
4272757016:updateInputs:38182166:542
4272757016:updateComponents:38183000:72500
4272757016:propagateValuesOnChangeOnly:38255833:94125
4272757016:updateInputs:38447541:542
4272757016:updateComponents:38448375:71250
4272757016:propagateValuesOnChangeOnly:38519958:94458
4272757016:updateInputs:38712416:625
4272757016:updateComponents:38713291:72417
4272757016:propagateValuesOnChangeOnly:38786041:94167
4272757016:updateInputs:38978333:625
4272757016:updateComponents:38979250:72375
4272757016:propagateValuesOnChangeOnly:39051916:99042
4272757016:updateInputs:39248833:542
4272757016:updateComponents:39249666:71000
4272757016:propagateValuesOnChangeOnly:39321000:94458
4272757016:updateInputs:39513958:542
4272757016:updateComponents:39514791:72542
4272757016:propagateValuesOnChangeOnly:39587666:94209
4272757016:updateInputs:39779541:584
4272757016:updateComponents:39780416:72417
4272757016:propagateValuesOnChangeOnly:39853166:94125
4272757016:updateInputs:40044791:584
4272757016:updateComponents:40045625:72416
4272757016:propagateValuesOnChangeOnly:40118375:94250
4272757016:updateInputs:40310416:542
4272757016:updateComponents:40311250:72541
4272757016:propagateValuesOnChangeOnly:40384083:94208
4272757016:updateInputs:40576083:542
4272757016:updateComponents:40576916:72250
4272757016:propagateValuesOnChangeOnly:40649500:94125
4272757016:updateInputs:40841083:542
4272757016:updateComponents:40841916:75125
4272757016:propagateValuesOnChangeOnly:40917375:94500
4272757016:updateInputs:41109500:541
4272757016:updateComponents:41110333:71417
4272757016:propagateValuesOnChangeOnly:41182125:94375
4272757016:updateInputs:41374125:541
4272757016:updateComponents:41374958:78375
4272757016:propagateValuesOnChangeOnly:41453625:94083
4272757016:updateInputs:41645166:542
4272757016:updateComponents:41646000:74708
4272757016:propagateValuesOnChangeOnly:41721041:97000
4272757016:updateInputs:41915833:542
4272757016:updateComponents:41916666:74750
4272757016:propagateValuesOnChangeOnly:42008958:94708
4272757016:updateInputs:42202208:583
4272757016:updateComponents:42203083:71375
4272757016:propagateValuesOnChangeOnly:42274791:94375
4272757016:updateInputs:42466666:542
4272757016:updateComponents:42467500:75291
4272757016:propagateValuesOnChangeOnly:42543125:94250
4272757016:updateInputs:42734875:541
4272757016:updateComponents:42735750:75250
4272757016:propagateValuesOnChangeOnly:42811375:94250
4272757016:updateInputs:43003125:541
4272757016:updateComponents:43003958:74000
4272757016:propagateValuesOnChangeOnly:43078250:94458
4272757016:updateInputs:43270208:542
4272757016:updateComponents:43271041:71500
4272757016:propagateValuesOnChangeOnly:43342875:94541
4272757016:updateInputs:43536041:500
4272757016:updateComponents:43536875:72250
4272757016:propagateValuesOnChangeOnly:43609458:94000
4272757016:updateInputs:43805291:500
4272757016:updateComponents:43806083:74708
4272757016:propagateValuesOnChangeOnly:43881125:94250
4272757016:updateInputs:44073041:542
4272757016:updateComponents:44073875:75125
4272757016:propagateValuesOnChangeOnly:44149375:94291
4272757016:updateInputs:44341125:583
4272757016:updateComponents:44342000:75416
4272757016:propagateValuesOnChangeOnly:44417750:94291
4272757016:updateInputs:44609541:542
4272757016:updateComponents:44610375:74791
4272757016:propagateValuesOnChangeOnly:44685500:94250
4272757016:updateInputs:44877250:541
4272757016:updateComponents:44878041:71459
4272757016:propagateValuesOnChangeOnly:44949833:94292
4272757016:updateInputs:45142583:542
4272757016:updateComponents:45143458:74292
4272757016:propagateValuesOnChangeOnly:45218125:94166
4272757016:updateInputs:45411000:500
4272757016:updateComponents:45411833:74583
4272757016:propagateValuesOnChangeOnly:45486750:94333
4272757016:updateInputs:45678916:500
4272757016:updateComponents:45679666:74792
4272757016:propagateValuesOnChangeOnly:45754833:94250
4272757016:updateInputs:45946875:583
4272757016:updateComponents:45947791:73084
4272757016:propagateValuesOnChangeOnly:46021208:94333
4272757016:updateInputs:46213750:541
4272757016:updateComponents:46214625:72250
4272757016:propagateValuesOnChangeOnly:46287250:99708
4272757016:updateInputs:46484583:583
4272757016:updateComponents:46485416:74875
4272757016:propagateValuesOnChangeOnly:46560625:105333
4272757016:updateInputs:46763791:542
4272757016:updateComponents:46764625:75416
4272757016:propagateValuesOnChangeOnly:46840375:96708
4272757016:updateInputs:47034666:542
4272757016:updateComponents:47035541:74959
4272757016:propagateValuesOnChangeOnly:47110833:103125
4272757016:updateInputs:47311416:542
4272757016:updateComponents:47312250:73000
4272757016:propagateValuesOnChangeOnly:47385583:100625
4272757016:updateInputs:47583625:541
4272757016:updateComponents:47584416:75292
4272757016:propagateValuesOnChangeOnly:47660041:94917
4272757016:updateInputs:47842333:458
4272757016:updateComponents:47843083:64000
4272757016:propagateValuesOnChangeOnly:47907375:84291
4272757016:updateInputs:48079458:500
4272757016:updateComponents:48080208:67542
4272757016:propagateValuesOnChangeOnly:48148041:84542
4272757016:updateInputs:48321166:500
4272757016:updateComponents:48321916:67417
4272757016:propagateValuesOnChangeOnly:48389666:84375
4272757016:updateInputs:48561291:459
4272757016:updateComponents:48561958:65750
4272757016:propagateValuesOnChangeOnly:48628000:84208
4272757016:updateInputs:48799541:459
4272757016:updateComponents:48800291:64917
4272757016:propagateValuesOnChangeOnly:48865500:84375
4272757016:updateInputs:49037833:458
4272757016:updateComponents:49038541:69792
4272757016:propagateValuesOnChangeOnly:49108625:84375
4272757016:updateInputs:49280333:458
4272757016:updateComponents:49281041:64000
4272757016:propagateValuesOnChangeOnly:49345333:84292
4272757016:updateInputs:49516916:459
4272757016:updateComponents:49517625:65208
4272757016:propagateValuesOnChangeOnly:49583166:83667
4272757016:updateInputs:49754125:500
4272757016:updateComponents:49754875:64875
4272757016:propagateValuesOnChangeOnly:49820083:84292
4272757016:updateInputs:49992375:500
4272757016:updateComponents:49993125:62125
4272757016:propagateValuesOnChangeOnly:50055541:84292
4272757016:updateInputs:50227541:459
4272757016:updateComponents:50228250:64958
4272757016:propagateValuesOnChangeOnly:50293500:84458
4272757016:updateInputs:50465833:458
4272757016:updateComponents:50466541:64875
4272757016:propagateValuesOnChangeOnly:50531708:84333
4272757016:updateInputs:50703750:458
4272757016:updateComponents:50704458:64792
4272757016:propagateValuesOnChangeOnly:50769541:84417
4272757016:updateInputs:50941375:500
4272757016:updateComponents:50942125:63708
4272757016:propagateValuesOnChangeOnly:51006166:84209
4272757016:updateInputs:51179416:500
4272757016:updateComponents:51180166:65042
4272757016:propagateValuesOnChangeOnly:51245500:84375
4272757016:updateInputs:51417291:459
4272757016:updateComponents:51418000:62208
4272757016:propagateValuesOnChangeOnly:51480541:84167
4272757016:updateInputs:51652875:416
4272757016:updateComponents:51653541:64875
4272757016:propagateValuesOnChangeOnly:51718708:87375
4272757016:updateInputs:51893458:500
4272757016:updateComponents:51894208:62375
4272757016:propagateValuesOnChangeOnly:51956916:84292
4272757016:updateInputs:52128541:500
4272757016:updateComponents:52129291:64917
4272757016:propagateValuesOnChangeOnly:52194458:84500
4272757016:updateInputs:52366541:500
4272757016:updateComponents:52367291:64875
4272757016:propagateValuesOnChangeOnly:52432458:84667
4272757016:updateInputs:52604500:500
4272757016:updateComponents:52605250:64875
4272757016:propagateValuesOnChangeOnly:52670458:84625
4272757016:updateInputs:52842500:500
4272757016:updateComponents:52843250:64791
4272757016:propagateValuesOnChangeOnly:52908375:84333
4272757016:updateInputs:53080041:459
4272757016:updateComponents:53080750:64875
4272757016:propagateValuesOnChangeOnly:53145958:84375
4272757016:updateInputs:53317708:458
4272757016:updateComponents:53318416:62709
4272757016:propagateValuesOnChangeOnly:53381416:84584
4272757016:updateInputs:53556458:458
4272757016:updateComponents:53557166:65542
4272757016:propagateValuesOnChangeOnly:53623041:84584
4272757016:updateInputs:53795125:500
4272757016:updateComponents:53795875:65458
4272757016:propagateValuesOnChangeOnly:53861625:84666
4272757016:updateInputs:54034375:458
4272757016:updateComponents:54035083:64875
4272757016:propagateValuesOnChangeOnly:54100250:84541
4272757016:updateInputs:54272916:500
4272757016:updateComponents:54273625:64875
4272757016:propagateValuesOnChangeOnly:54338833:84625
4272757016:updateInputs:54510833:500
4272757016:updateComponents:54511541:63084
4272757016:propagateValuesOnChangeOnly:54574916:84334
4272757016:updateInputs:54746583:458
4272757016:updateComponents:54747291:64959
4272757016:propagateValuesOnChangeOnly:54812583:83542
4272757016:updateInputs:54983791:459
4272757016:updateComponents:54984541:62250
4272757016:propagateValuesOnChangeOnly:55047083:84667
4272757016:updateInputs:55219375:458
4272757016:updateComponents:55220041:64917
4272757016:propagateValuesOnChangeOnly:55285250:84458
4272757016:updateInputs:55457125:500
4272757016:updateComponents:55457916:62084
4272757016:propagateValuesOnChangeOnly:55520291:84542
4272757016:updateInputs:55689000:541
4272757016:updateComponents:55689833:59375
4272757016:propagateValuesOnChangeOnly:55749500:77458
4272757016:updateInputs:55907625:500
4272757016:updateComponents:55908375:58875
4272757016:propagateValuesOnChangeOnly:55967541:77375
4272757016:updateInputs:56124875:458
4272757016:updateComponents:56125583:59375
4272757016:propagateValuesOnChangeOnly:56185208:77417
4272757016:updateInputs:56342958:458
4272757016:updateComponents:56343750:59541
4272757016:propagateValuesOnChangeOnly:56403583:77500
4272757016:updateInputs:56561625:500
4272757016:updateComponents:56562375:56666
4272757016:propagateValuesOnChangeOnly:56619291:77667
4272757016:updateInputs:56777458:542
4272757016:updateComponents:56778291:59542
4272757016:propagateValuesOnChangeOnly:56838125:77791
4272757016:updateInputs:56996166:417
4272757016:updateComponents:56996833:59375
4272757016:propagateValuesOnChangeOnly:57056458:77375
4272757016:updateInputs:57213791:459
4272757016:updateComponents:57214500:59416
4272757016:propagateValuesOnChangeOnly:57274208:77375
4272757016:updateInputs:57431750:416
4272757016:updateComponents:57432375:59250
4272757016:propagateValuesOnChangeOnly:57492250:77541
4272757016:updateInputs:57649833:417
4272757016:updateComponents:57650541:57125
4272757016:propagateValuesOnChangeOnly:57707916:77167
4272757016:Run loop:14689333:43175833
4272757016:main:1500:59471125
