Title: D-Latch test
1630139227:updateInputs:21750:42
1630139227:updateComponents:30000:292
1630139227:Init circuit:14250:18750
1630139227:updateInputs:33167:42
1630139227:updateComponents:33250:84
1630139227:propagateValuesOnChangeOnly:33500:125
1630139227:updateInputs:34292:42
1630139227:updateComponents:34375:42
1630139227:propagateValuesOnChangeOnly:34459:125
1630139227:updateInputs:35209:41
1630139227:updateComponents:35250:42
1630139227:propagateValuesOnChangeOnly:35375:42
1630139227:updateInputs:35959:41
1630139227:updateComponents:36042:42
1630139227:propagateValuesOnChangeOnly:36125:84
1630139227:updateInputs:36875:42
1630139227:updateComponents:36959:41
1630139227:propagateValuesOnChangeOnly:37167:83
1630139227:updateInputs:37792:42
1630139227:updateComponents:37834:41
1630139227:propagateValuesOnChangeOnly:37917:125
1630139227:updateInputs:38542:42
1630139227:updateComponents:38584:83
1630139227:propagateValuesOnChangeOnly:38667:167
1630139227:updateInputs:39334:41
1630139227:updateComponents:39417:42
1630139227:propagateValuesOnChangeOnly:39459:125
1630139227:updateInputs:40042:42
1630139227:updateComponents:40084:41
1630139227:propagateValuesOnChangeOnly:40167:83
1630139227:updateInputs:40709:41
1630139227:updateComponents:40792:42
1630139227:propagateValuesOnChangeOnly:40834:83
1630139227:updateInputs:41875:42
1630139227:updateComponents:41959:41
1630139227:propagateValuesOnChangeOnly:42042:83
1630139227:updateInputs:42625:42
1630139227:updateComponents:42709:41
1630139227:propagateValuesOnChangeOnly:42750:125
1630139227:updateInputs:43334:41
1630139227:updateComponents:43417:42
1630139227:propagateValuesOnChangeOnly:43500:84
1630139227:updateInputs:44125:42
1630139227:updateComponents:44167:42
1630139227:propagateValuesOnChangeOnly:44250:125
1630139227:updateInputs:44917:42
1630139227:updateComponents:44959:41
1630139227:propagateValuesOnChangeOnly:45042:83
1630139227:updateInputs:45584:41
1630139227:updateComponents:45667:42
1630139227:propagateValuesOnChangeOnly:45750:42
1630139227:updateInputs:46292:0
1630139227:updateComponents:46334:41
1630139227:propagateValuesOnChangeOnly:46417:83
1630139227:updateInputs:47000:0
1630139227:updateComponents:47042:42
1630139227:propagateValuesOnChangeOnly:47084:83
1630139227:updateInputs:47625:42
1630139227:updateComponents:47709:41
1630139227:propagateValuesOnChangeOnly:47750:84
1630139227:Run loop:33167:15167
1630139227:main:42:51333
