Title: D-Latch test
2223308088:updateInputs:49125:125
2223308088:updateComponents:55750:334
2223308088:Init circuit:34334:25416
2223308088:updateInputs:59959:41
2223308088:updateComponents:60042:292
2223308088:propagateValuesOnChangeOnly:60459:416
2223308088:updateInputs:62334:83
2223308088:updateComponents:62417:208
2223308088:propagateValuesOnChangeOnly:62625:334
2223308088:updateInputs:64375:42
2223308088:updateComponents:64459:166
2223308088:propagateValuesOnChangeOnly:64625:250
2223308088:updateInputs:66250:84
2223308088:updateComponents:66375:167
2223308088:propagateValuesOnChangeOnly:66584:166
2223308088:updateInputs:68334:83
2223308088:updateComponents:68417:167
2223308088:propagateValuesOnChangeOnly:68750:250
2223308088:updateInputs:70334:41
2223308088:updateComponents:70417:167
2223308088:propagateValuesOnChangeOnly:70625:250
2223308088:updateInputs:72209:83
2223308088:updateComponents:72292:167
2223308088:propagateValuesOnChangeOnly:72500:292
2223308088:updateInputs:74125:84
2223308088:updateComponents:74209:166
2223308088:propagateValuesOnChangeOnly:74417:167
2223308088:updateInputs:75917:42
2223308088:updateComponents:75959:166
2223308088:propagateValuesOnChangeOnly:76167:167
2223308088:updateInputs:77625:42
2223308088:updateComponents:77709:125
2223308088:propagateValuesOnChangeOnly:77875:167
2223308088:updateInputs:79834:41
2223308088:updateComponents:79917:167
2223308088:propagateValuesOnChangeOnly:80125:167
2223308088:updateInputs:81625:42
2223308088:updateComponents:81709:125
2223308088:propagateValuesOnChangeOnly:81875:250
2223308088:updateInputs:83417:83
2223308088:updateComponents:83542:167
2223308088:propagateValuesOnChangeOnly:83750:209
2223308088:updateInputs:85250:84
2223308088:updateComponents:85334:166
2223308088:propagateValuesOnChangeOnly:85542:292
2223308088:updateInputs:87125:42
2223308088:updateComponents:87209:125
2223308088:propagateValuesOnChangeOnly:87375:167
2223308088:updateInputs:88792:83
2223308088:updateComponents:88917:125
2223308088:propagateValuesOnChangeOnly:89084:166
2223308088:updateInputs:90542:83
2223308088:updateComponents:90625:167
2223308088:propagateValuesOnChangeOnly:90834:166
2223308088:updateInputs:92334:41
2223308088:updateComponents:92417:167
2223308088:propagateValuesOnChangeOnly:92584:166
2223308088:updateInputs:94042:83
2223308088:updateComponents:94167:167
2223308088:propagateValuesOnChangeOnly:94334:166
2223308088:Run loop:59917:35875
2223308088:main:500:99417
