Title:D-FlipFlop test
3206796745:updateInputs:379667:375
3206796745:updateComponents:404209:1583
3206796745:Init circuit:325625:94167
3206796745:updateInputs:421500:250
3206796745:updateComponents:422334:1208
3206796745:propagateValuesOnChangeOnly:425375:1792
3206796745:updateInputs:433209:166
3206796745:updateComponents:433959:916
3206796745:propagateValuesOnChangeOnly:435417:1750
3206796745:updateInputs:444334:208
3206796745:updateComponents:445042:958
3206796745:propagateValuesOnChangeOnly:446500:1417
3206796745:updateInputs:453959:291
3206796745:updateComponents:454792:958
3206796745:propagateValuesOnChangeOnly:456292:1417
3206796745:updateInputs:463459:250
3206796745:updateComponents:464250:917
3206796745:propagateValuesOnChangeOnly:468542:2000
3206796745:updateInputs:476209:250
3206796745:updateComponents:477000:959
3206796745:propagateValuesOnChangeOnly:478584:1666
3206796745:updateInputs:485625:250
3206796745:updateComponents:486375:959
3206796745:propagateValuesOnChangeOnly:487875:2209
3206796745:updateInputs:495417:167
3206796745:updateComponents:496084:916
3206796745:propagateValuesOnChangeOnly:497459:1666
3206796745:updateInputs:504417:208
3206796745:updateComponents:505125:834
3206796745:propagateValuesOnChangeOnly:506459:1375
3206796745:updateInputs:513750:167
3206796745:updateComponents:514459:875
3206796745:propagateValuesOnChangeOnly:515792:1250
3206796745:updateInputs:527167:333
3206796745:updateComponents:528000:834
3206796745:propagateValuesOnChangeOnly:529417:1250
3206796745:updateInputs:536167:292
3206796745:updateComponents:537000:917
3206796745:propagateValuesOnChangeOnly:538417:1917
3206796745:updateInputs:545750:292
3206796745:updateComponents:546584:875
3206796745:propagateValuesOnChangeOnly:548042:1583
3206796745:updateInputs:555000:334
3206796745:updateComponents:555834:958
3206796745:propagateValuesOnChangeOnly:557334:1791
3206796745:updateInputs:564459:250
3206796745:updateComponents:565250:834
3206796745:propagateValuesOnChangeOnly:566625:2000
3206796745:updateInputs:574042:250
3206796745:updateComponents:574792:958
3206796745:propagateValuesOnChangeOnly:576292:1375
3206796745:updateInputs:583084:291
3206796745:updateComponents:583959:916
3206796745:propagateValuesOnChangeOnly:585334:1208
3206796745:updateInputs:591917:208
3206796745:updateComponents:592625:834
3206796745:propagateValuesOnChangeOnly:593959:1208
3206796745:updateInputs:600542:208
3206796745:updateComponents:601334:791
3206796745:propagateValuesOnChangeOnly:602667:1167
3206796745:Run loop:421417:187750
3206796745:main:1584:630875
