Title: 1-bit register with enable test
1530601436:updateInputs:54416:84
1530601436:updateComponents:62375:375
1530601436:Init circuit:44500:20375
1530601436:updateInputs:65041:42
1530601436:updateComponents:65125:125
1530601436:propagateValuesOnChangeOnly:65416:250
1530601436:updateInputs:66708:42
1530601436:updateComponents:66833:83
1530601436:propagateValuesOnChangeOnly:66958:167
1530601436:updateInputs:68000:41
1530601436:updateComponents:68083:83
1530601436:propagateValuesOnChangeOnly:68208:125
1530601436:updateInputs:69083:42
1530601436:updateComponents:69166:84
1530601436:propagateValuesOnChangeOnly:69291:167
1530601436:updateInputs:70166:42
1530601436:updateComponents:70250:83
1530601436:propagateValuesOnChangeOnly:70500:208
1530601436:updateInputs:71583:42
1530601436:updateComponents:71666:84
1530601436:propagateValuesOnChangeOnly:71750:166
1530601436:updateInputs:72666:0
1530601436:updateComponents:72708:83
1530601436:propagateValuesOnChangeOnly:72833:167
1530601436:updateInputs:73708:0
1530601436:updateComponents:73750:83
1530601436:propagateValuesOnChangeOnly:73875:125
1530601436:updateInputs:74708:42
1530601436:updateComponents:74791:84
1530601436:propagateValuesOnChangeOnly:74916:125
1530601436:updateInputs:75750:0
1530601436:updateComponents:75791:84
1530601436:propagateValuesOnChangeOnly:75916:125
1530601436:updateInputs:76958:42
1530601436:updateComponents:77041:84
1530601436:propagateValuesOnChangeOnly:77166:125
1530601436:updateInputs:78041:42
1530601436:updateComponents:78125:83
1530601436:propagateValuesOnChangeOnly:78250:125
1530601436:updateInputs:79166:42
1530601436:updateComponents:79250:83
1530601436:propagateValuesOnChangeOnly:79375:125
1530601436:updateInputs:80291:42
1530601436:updateComponents:80375:83
1530601436:propagateValuesOnChangeOnly:80458:208
1530601436:updateInputs:81333:42
1530601436:updateComponents:81416:84
1530601436:propagateValuesOnChangeOnly:81541:167
1530601436:updateInputs:82583:42
1530601436:updateComponents:82666:84
1530601436:propagateValuesOnChangeOnly:82750:166
1530601436:updateInputs:83708:42
1530601436:updateComponents:83750:83
1530601436:propagateValuesOnChangeOnly:83875:208
1530601436:updateInputs:84791:42
1530601436:updateComponents:84875:83
1530601436:propagateValuesOnChangeOnly:84958:208
1530601436:updateInputs:85875:41
1530601436:updateComponents:85958:83
1530601436:propagateValuesOnChangeOnly:86041:209
1530601436:updateInputs:86958:42
1530601436:updateComponents:87041:84
1530601436:propagateValuesOnChangeOnly:87125:208
1530601436:updateInputs:88041:42
1530601436:updateComponents:88083:83
1530601436:propagateValuesOnChangeOnly:88375:166
1530601436:updateInputs:89250:41
1530601436:updateComponents:89333:83
1530601436:propagateValuesOnChangeOnly:89416:167
1530601436:updateInputs:90291:42
1530601436:updateComponents:90333:83
1530601436:propagateValuesOnChangeOnly:90458:167
1530601436:updateInputs:91333:42
1530601436:updateComponents:91375:125
1530601436:propagateValuesOnChangeOnly:91500:166
1530601436:updateInputs:92375:0
1530601436:updateComponents:92416:84
1530601436:propagateValuesOnChangeOnly:92541:167
1530601436:updateInputs:93416:42
1530601436:updateComponents:93458:83
1530601436:propagateValuesOnChangeOnly:93583:167
1530601436:updateInputs:94458:42
1530601436:updateComponents:94541:84
1530601436:propagateValuesOnChangeOnly:94625:166
1530601436:updateInputs:95458:42
1530601436:updateComponents:95541:84
1530601436:propagateValuesOnChangeOnly:95625:166
1530601436:updateInputs:96500:41
1530601436:updateComponents:96583:83
1530601436:propagateValuesOnChangeOnly:96666:167
1530601436:updateInputs:97541:42
1530601436:updateComponents:97625:83
1530601436:propagateValuesOnChangeOnly:97708:167
1530601436:updateInputs:98583:42
1530601436:updateComponents:98625:83
1530601436:propagateValuesOnChangeOnly:98750:250
1530601436:updateInputs:99708:0
1530601436:updateComponents:99750:83
1530601436:propagateValuesOnChangeOnly:99875:166
1530601436:updateInputs:100750:83
1530601436:updateComponents:100833:83
1530601436:propagateValuesOnChangeOnly:100958:125
1530601436:updateInputs:101958:42
1530601436:updateComponents:102000:83
1530601436:propagateValuesOnChangeOnly:102125:125
1530601436:updateInputs:102958:42
1530601436:updateComponents:103041:84
1530601436:propagateValuesOnChangeOnly:103125:166
1530601436:updateInputs:104000:41
1530601436:updateComponents:104083:83
1530601436:propagateValuesOnChangeOnly:104166:125
1530601436:updateInputs:105041:42
1530601436:updateComponents:105125:83
1530601436:propagateValuesOnChangeOnly:105208:167
1530601436:updateInputs:106125:0
1530601436:updateComponents:106166:84
1530601436:propagateValuesOnChangeOnly:106291:125
1530601436:updateInputs:107125:41
1530601436:updateComponents:107208:83
1530601436:propagateValuesOnChangeOnly:107333:167
1530601436:updateInputs:108208:42
1530601436:updateComponents:108291:84
1530601436:propagateValuesOnChangeOnly:108375:166
1530601436:updateInputs:109208:42
1530601436:updateComponents:109291:84
1530601436:propagateValuesOnChangeOnly:109416:167
1530601436:updateInputs:110291:42
1530601436:updateComponents:110375:83
1530601436:propagateValuesOnChangeOnly:110458:167
1530601436:updateInputs:113041:84
1530601436:updateComponents:113125:83
1530601436:propagateValuesOnChangeOnly:113291:167
1530601436:updateInputs:114208:0
1530601436:updateComponents:114250:83
1530601436:propagateValuesOnChangeOnly:114375:166
1530601436:updateInputs:115291:42
1530601436:updateComponents:115375:83
1530601436:propagateValuesOnChangeOnly:115458:167
1530601436:updateInputs:116416:42
1530601436:updateComponents:116458:83
1530601436:propagateValuesOnChangeOnly:116583:125
1530601436:updateInputs:117416:42
1530601436:updateComponents:117500:83
1530601436:propagateValuesOnChangeOnly:117625:125
1530601436:updateInputs:118458:83
1530601436:updateComponents:118541:84
1530601436:propagateValuesOnChangeOnly:118666:125
1530601436:updateInputs:119541:42
1530601436:updateComponents:119583:83
1530601436:propagateValuesOnChangeOnly:119708:167
1530601436:updateInputs:120583:42
1530601436:updateComponents:120625:83
1530601436:propagateValuesOnChangeOnly:120750:125
1530601436:updateInputs:121625:41
1530601436:updateComponents:121708:83
1530601436:propagateValuesOnChangeOnly:121791:125
1530601436:updateInputs:122666:0
1530601436:updateComponents:122708:83
1530601436:propagateValuesOnChangeOnly:122833:125
1530601436:updateInputs:123666:42
1530601436:updateComponents:123708:83
1530601436:propagateValuesOnChangeOnly:123833:125
1530601436:updateInputs:124666:42
1530601436:updateComponents:124750:83
1530601436:propagateValuesOnChangeOnly:124875:125
1530601436:Run loop:65000:60708
1530601436:main:41:133167
