Title:Not loop test
703961895:updateInputs:223792:542
703961895:updateComponents:255042:792
703961895:Init circuit:197375:71292
703961895:updateInputs:270834:166
703961895:updateComponents:271709:541
703961895:propagateValuesOnChangeOnly:274709:541
703961895:updateInputs:282000:125
703961895:updateComponents:282875:375
703961895:propagateValuesOnChangeOnly:283959:625
703961895:updateInputs:291875:167
703961895:updateComponents:292667:375
703961895:propagateValuesOnChangeOnly:293750:417
703961895:updateInputs:299375:209
703961895:updateComponents:300167:417
703961895:propagateValuesOnChangeOnly:301167:458
703961895:updateInputs:306709:208
703961895:updateComponents:307542:375
703961895:propagateValuesOnChangeOnly:311917:458
703961895:updateInputs:318750:167
703961895:updateComponents:319542:375
703961895:propagateValuesOnChangeOnly:320542:458
703961895:updateInputs:326250:125
703961895:updateComponents:327042:333
703961895:propagateValuesOnChangeOnly:328000:375
703961895:updateInputs:333334:166
703961895:updateComponents:334125:417
703961895:propagateValuesOnChangeOnly:335125:334
703961895:updateInputs:340542:167
703961895:updateComponents:341334:375
703961895:propagateValuesOnChangeOnly:342334:416
703961895:updateInputs:347875:84
703961895:updateComponents:348542:417
703961895:propagateValuesOnChangeOnly:349542:292
703961895:Run loop:270750:89417
703961895:main:1875:363167
