Title: Xor test
767444896:updateInputs:15750:41
767444896:updateComponents:24041:84
767444896:Init circuit:10250:16083
767444896:updateInputs:26458:42
767444896:updateComponents:26583:0
767444896:propagateValuesOnChangeOnly:26708:42
767444896:updateInputs:27458:42
767444896:updateComponents:27541:42
767444896:propagateValuesOnChangeOnly:27625:0
767444896:updateInputs:28250:41
767444896:updateComponents:28333:0
767444896:propagateValuesOnChangeOnly:28375:41
767444896:updateInputs:28875:41
767444896:updateComponents:28958:0
767444896:propagateValuesOnChangeOnly:29000:41
767444896:updateInputs:29458:42
767444896:updateComponents:29541:0
767444896:propagateValuesOnChangeOnly:29750:41
767444896:updateInputs:30416:42
767444896:updateComponents:30500:0
767444896:propagateValuesOnChangeOnly:30541:0
767444896:updateInputs:31041:0
767444896:updateComponents:31083:0
767444896:propagateValuesOnChangeOnly:31125:41
767444896:Run loop:26458:5167
767444896:main:41:32625
