Title: And array test
1129042244:updateInputs:33708:84
1129042244:updateComponents:42083:125
1129042244:Init circuit:27167:16791
1129042244:updateInputs:44125:83
1129042244:updateComponents:44208:42
1129042244:propagateValuesOnChangeOnly:44375:125
1129042244:updateInputs:45833:42
1129042244:updateComponents:45917:41
1129042244:propagateValuesOnChangeOnly:46000:83
1129042244:updateInputs:47583:0
1129042244:updateComponents:47625:42
1129042244:propagateValuesOnChangeOnly:47667:83
1129042244:updateInputs:48917:41
1129042244:updateComponents:49000:0
1129042244:propagateValuesOnChangeOnly:49042:83
1129042244:updateInputs:50250:42
1129042244:updateComponents:50292:41
1129042244:propagateValuesOnChangeOnly:50500:83
1129042244:updateInputs:51708:42
1129042244:updateComponents:51792:0
1129042244:propagateValuesOnChangeOnly:51833:42
1129042244:updateInputs:53042:41
1129042244:updateComponents:53083:42
1129042244:propagateValuesOnChangeOnly:53125:83
1129042244:updateInputs:54583:42
1129042244:updateComponents:54667:0
1129042244:propagateValuesOnChangeOnly:54708:84
1129042244:updateInputs:55958:42
1129042244:updateComponents:56042:0
1129042244:propagateValuesOnChangeOnly:56083:42
1129042244:updateInputs:57292:41
1129042244:updateComponents:57333:42
1129042244:propagateValuesOnChangeOnly:57417:41
1129042244:updateInputs:58875:42
1129042244:updateComponents:58917:41
1129042244:propagateValuesOnChangeOnly:58958:84
1129042244:updateInputs:60250:42
1129042244:updateComponents:60333:0
1129042244:propagateValuesOnChangeOnly:60375:83
1129042244:updateInputs:61583:42
1129042244:updateComponents:61667:0
1129042244:propagateValuesOnChangeOnly:61708:84
1129042244:updateInputs:62917:41
1129042244:updateComponents:63000:0
1129042244:propagateValuesOnChangeOnly:63042:41
1129042244:updateInputs:64250:42
1129042244:updateComponents:64292:41
1129042244:propagateValuesOnChangeOnly:64375:42
1129042244:updateInputs:65542:41
1129042244:updateComponents:65625:0
1129042244:propagateValuesOnChangeOnly:65667:83
1129042244:updateInputs:67083:42
1129042244:updateComponents:67125:42
1129042244:propagateValuesOnChangeOnly:67208:42
1129042244:updateInputs:68458:0
1129042244:updateComponents:68500:42
1129042244:propagateValuesOnChangeOnly:68542:83
1129042244:updateInputs:69750:0
1129042244:updateComponents:69792:41
1129042244:propagateValuesOnChangeOnly:69833:84
1129042244:updateInputs:71042:41
1129042244:updateComponents:71125:0
1129042244:propagateValuesOnChangeOnly:71167:41
1129042244:updateInputs:72417:0
1129042244:updateComponents:72458:42
1129042244:propagateValuesOnChangeOnly:72708:42
1129042244:updateInputs:73917:41
1129042244:updateComponents:74000:0
1129042244:propagateValuesOnChangeOnly:74042:83
1129042244:updateInputs:75250:42
1129042244:updateComponents:75333:0
1129042244:propagateValuesOnChangeOnly:75375:83
1129042244:updateInputs:76625:0
1129042244:updateComponents:76667:41
1129042244:propagateValuesOnChangeOnly:76708:84
1129042244:updateInputs:77917:0
1129042244:updateComponents:77958:42
1129042244:propagateValuesOnChangeOnly:78000:83
1129042244:updateInputs:79208:42
1129042244:updateComponents:79292:0
1129042244:propagateValuesOnChangeOnly:79333:42
1129042244:updateInputs:80542:41
1129042244:updateComponents:80625:0
1129042244:propagateValuesOnChangeOnly:80667:41
1129042244:updateInputs:81833:42
1129042244:updateComponents:81917:0
1129042244:propagateValuesOnChangeOnly:81958:42
1129042244:updateInputs:83167:41
1129042244:updateComponents:83208:42
1129042244:propagateValuesOnChangeOnly:83250:83
1129042244:updateInputs:84458:42
1129042244:updateComponents:84542:0
1129042244:propagateValuesOnChangeOnly:84583:42
1129042244:updateInputs:85792:41
1129042244:updateComponents:85875:0
1129042244:propagateValuesOnChangeOnly:85917:83
1129042244:updateInputs:87167:41
1129042244:updateComponents:87208:42
1129042244:propagateValuesOnChangeOnly:87292:41
1129042244:updateInputs:88458:42
1129042244:updateComponents:88542:0
1129042244:propagateValuesOnChangeOnly:88583:84
1129042244:updateInputs:90000:42
1129042244:updateComponents:90042:41
1129042244:propagateValuesOnChangeOnly:90125:42
1129042244:updateInputs:91292:41
1129042244:updateComponents:91333:42
1129042244:propagateValuesOnChangeOnly:91417:41
1129042244:updateInputs:92583:42
1129042244:updateComponents:92667:0
1129042244:propagateValuesOnChangeOnly:92708:84
1129042244:updateInputs:93917:41
1129042244:updateComponents:94000:0
1129042244:propagateValuesOnChangeOnly:94042:41
1129042244:updateInputs:95250:42
1129042244:updateComponents:95292:41
1129042244:propagateValuesOnChangeOnly:95333:84
1129042244:updateInputs:96542:41
1129042244:updateComponents:96625:0
1129042244:propagateValuesOnChangeOnly:96667:83
1129042244:Run loop:44125:53750
1129042244:main:0:100917
