Title:Rising edge detector test
1795619097:updateInputs:1185417:291
1795619097:updateComponents:1212292:750
1795619097:Init circuit:1153625:70042
1795619097:updateInputs:1225500:125
1795619097:updateComponents:1226250:500
1795619097:propagateValuesOnChangeOnly:1228500:625
1795619097:updateInputs:1233458:167
1795619097:updateComponents:1234208:417
1795619097:propagateValuesOnChangeOnly:1235250:625
1795619097:updateInputs:1241542:166
1795619097:updateComponents:1242292:416
1795619097:propagateValuesOnChangeOnly:1243250:375
1795619097:updateInputs:1247500:208
1795619097:updateComponents:1248208:417
1795619097:propagateValuesOnChangeOnly:1249167:333
1795619097:updateInputs:1254042:250
1795619097:updateComponents:1254833:375
1795619097:propagateValuesOnChangeOnly:1268000:417
1795619097:updateInputs:1272542:250
1795619097:updateComponents:1273333:417
1795619097:propagateValuesOnChangeOnly:1274292:583
1795619097:updateInputs:1278542:166
1795619097:updateComponents:1279167:458
1795619097:propagateValuesOnChangeOnly:1280167:541
1795619097:updateInputs:1284542:166
1795619097:updateComponents:1285167:416
1795619097:propagateValuesOnChangeOnly:1286083:542
1795619097:updateInputs:1290375:167
1795619097:updateComponents:1291042:375
1795619097:propagateValuesOnChangeOnly:1291917:500
1795619097:updateInputs:1296125:167
1795619097:updateComponents:1296708:417
1795619097:propagateValuesOnChangeOnly:1297625:375
1795619097:updateInputs:1306583:167
1795619097:updateComponents:1307208:417
1795619097:propagateValuesOnChangeOnly:1308083:334
1795619097:updateInputs:1312292:125
1795619097:updateComponents:1312917:375
1795619097:propagateValuesOnChangeOnly:1313750:333
1795619097:updateInputs:1317708:167
1795619097:updateComponents:1318375:375
1795619097:propagateValuesOnChangeOnly:1319250:333
1795619097:updateInputs:1323292:166
1795619097:updateComponents:1323958:459
1795619097:propagateValuesOnChangeOnly:1324917:333
1795619097:updateInputs:1329542:166
1795619097:updateComponents:1330208:417
1795619097:propagateValuesOnChangeOnly:1331083:334
1795619097:updateInputs:1335125:167
1795619097:updateComponents:1335792:333
1795619097:propagateValuesOnChangeOnly:1336625:292
1795619097:updateInputs:1340542:125
1795619097:updateComponents:1341250:417
1795619097:propagateValuesOnChangeOnly:1342125:333
1795619097:updateInputs:1346083:125
1795619097:updateComponents:1346750:417
1795619097:propagateValuesOnChangeOnly:1347708:292
1795619097:updateInputs:1351792:125
1795619097:updateComponents:1352375:375
1795619097:propagateValuesOnChangeOnly:1353250:292
1795619097:Run loop:1225417:131875
1795619097:main:1500:1364708
