Title:JK-Latch Master-Slave with asynchronous SR test
867225574:updateInputs:565959:458
867225574:updateComponents:589709:1541
867225574:Init circuit:509375:96417
867225574:updateInputs:607584:458
867225574:updateComponents:608625:1292
867225574:propagateValuesOnChangeOnly:611584:2208
867225574:updateInputs:614709:416
867225574:updateComponents:615667:917
867225574:propagateValuesOnChangeOnly:617167:2333
867225574:updateInputs:626709:375
867225574:updateComponents:627542:833
867225574:propagateValuesOnChangeOnly:628875:2084
867225574:updateInputs:631667:292
867225574:updateComponents:632459:875
867225574:propagateValuesOnChangeOnly:633792:1917
867225574:updateInputs:636292:292
867225574:updateComponents:637042:875
867225574:propagateValuesOnChangeOnly:641250:1917
867225574:updateInputs:643834:333
867225574:updateComponents:644667:917
867225574:propagateValuesOnChangeOnly:646042:1833
867225574:updateInputs:648959:333
867225574:updateComponents:649834:875
867225574:propagateValuesOnChangeOnly:651167:1875
867225574:updateInputs:653625:334
867225574:updateComponents:654500:834
867225574:propagateValuesOnChangeOnly:655875:1834
867225574:updateInputs:658292:292
867225574:updateComponents:659125:792
867225574:propagateValuesOnChangeOnly:660375:1709
867225574:updateInputs:662709:333
867225574:updateComponents:663542:833
867225574:propagateValuesOnChangeOnly:664917:1750
867225574:updateInputs:671875:334
867225574:updateComponents:672750:875
867225574:propagateValuesOnChangeOnly:674084:1791
867225574:updateInputs:676542:375
867225574:updateComponents:677375:834
867225574:propagateValuesOnChangeOnly:678709:1750
867225574:updateInputs:681084:333
867225574:updateComponents:681875:875
867225574:propagateValuesOnChangeOnly:683250:1750
867225574:updateInputs:685584:291
867225574:updateComponents:686375:792
867225574:propagateValuesOnChangeOnly:687667:1792
867225574:updateInputs:690042:333
867225574:updateComponents:690792:833
867225574:propagateValuesOnChangeOnly:692125:1709
867225574:updateInputs:694417:333
867225574:updateComponents:695209:833
867225574:propagateValuesOnChangeOnly:696584:1791
867225574:updateInputs:698959:375
867225574:updateComponents:699834:833
867225574:propagateValuesOnChangeOnly:701209:1750
867225574:updateInputs:703584:333
867225574:updateComponents:704417:875
867225574:propagateValuesOnChangeOnly:705834:1708
867225574:updateInputs:708084:333
867225574:updateComponents:708959:875
867225574:propagateValuesOnChangeOnly:710375:1709
867225574:updateInputs:712709:333
867225574:updateComponents:713584:875
867225574:propagateValuesOnChangeOnly:715000:1709
867225574:updateInputs:717292:333
867225574:updateComponents:718125:875
867225574:propagateValuesOnChangeOnly:727209:1875
867225574:updateInputs:729750:375
867225574:updateComponents:730625:875
867225574:propagateValuesOnChangeOnly:732000:1750
867225574:updateInputs:734250:334
867225574:updateComponents:735125:875
867225574:propagateValuesOnChangeOnly:736542:1750
867225574:updateInputs:738834:375
867225574:updateComponents:739667:875
867225574:propagateValuesOnChangeOnly:741042:1708
867225574:updateInputs:743334:375
867225574:updateComponents:744209:833
867225574:propagateValuesOnChangeOnly:745500:1709
867225574:updateInputs:747792:250
867225574:updateComponents:748542:833
867225574:propagateValuesOnChangeOnly:749834:1666
867225574:updateInputs:752084:291
867225574:updateComponents:752834:791
867225574:propagateValuesOnChangeOnly:754125:1750
867225574:updateInputs:756417:417
867225574:updateComponents:757292:833
867225574:propagateValuesOnChangeOnly:758584:1708
867225574:updateInputs:768125:417
867225574:updateComponents:769084:875
867225574:propagateValuesOnChangeOnly:770500:1959
867225574:updateInputs:773125:334
867225574:updateComponents:773959:833
867225574:propagateValuesOnChangeOnly:775292:1833
867225574:updateInputs:777667:333
867225574:updateComponents:778459:833
867225574:propagateValuesOnChangeOnly:779792:1917
867225574:updateInputs:782292:292
867225574:updateComponents:783084:833
867225574:propagateValuesOnChangeOnly:784417:1792
867225574:updateInputs:786750:375
867225574:updateComponents:787625:917
867225574:propagateValuesOnChangeOnly:789084:1708
867225574:updateInputs:791334:291
867225574:updateComponents:792125:917
867225574:propagateValuesOnChangeOnly:793542:1708
867225574:updateInputs:795792:375
867225574:updateComponents:796625:834
867225574:propagateValuesOnChangeOnly:797959:1750
867225574:updateInputs:800292:333
867225574:updateComponents:801084:875
867225574:propagateValuesOnChangeOnly:802459:1708
867225574:updateInputs:804834:291
867225574:updateComponents:805667:833
867225574:propagateValuesOnChangeOnly:807042:1792
867225574:updateInputs:809459:291
867225574:updateComponents:810250:834
867225574:propagateValuesOnChangeOnly:811584:1666
867225574:updateInputs:813875:334
867225574:updateComponents:814667:875
867225574:propagateValuesOnChangeOnly:816000:1709
867225574:updateInputs:818292:333
867225574:updateComponents:819084:875
867225574:propagateValuesOnChangeOnly:820459:1708
867225574:updateInputs:822709:333
867225574:updateComponents:823542:833
867225574:propagateValuesOnChangeOnly:824875:1709
867225574:updateInputs:827167:333
867225574:updateComponents:828000:834
867225574:propagateValuesOnChangeOnly:829292:1667
867225574:updateInputs:848792:375
867225574:updateComponents:849625:834
867225574:propagateValuesOnChangeOnly:851000:1792
867225574:updateInputs:853417:333
867225574:updateComponents:854209:833
867225574:propagateValuesOnChangeOnly:855542:1750
867225574:updateInputs:857834:375
867225574:updateComponents:858709:875
867225574:propagateValuesOnChangeOnly:860125:1709
867225574:updateInputs:862375:334
867225574:updateComponents:863250:875
867225574:propagateValuesOnChangeOnly:864625:1709
867225574:updateInputs:866959:291
867225574:updateComponents:867750:834
867225574:propagateValuesOnChangeOnly:869084:1791
867225574:updateInputs:871375:334
867225574:updateComponents:872209:875
867225574:propagateValuesOnChangeOnly:873584:1791
867225574:updateInputs:876000:292
867225574:updateComponents:876750:834
867225574:propagateValuesOnChangeOnly:878125:1750
867225574:updateInputs:880459:291
867225574:updateComponents:881250:834
867225574:propagateValuesOnChangeOnly:882625:1709
867225574:updateInputs:884875:292
867225574:updateComponents:885667:833
867225574:propagateValuesOnChangeOnly:886959:1791
867225574:updateInputs:889334:333
867225574:updateComponents:890125:834
867225574:propagateValuesOnChangeOnly:891417:1750
867225574:updateInputs:893709:250
867225574:updateComponents:894417:833
867225574:propagateValuesOnChangeOnly:895709:1666
867225574:updateInputs:897959:333
867225574:updateComponents:898709:875
867225574:propagateValuesOnChangeOnly:900084:1708
867225574:updateInputs:902334:333
867225574:updateComponents:903125:875
867225574:propagateValuesOnChangeOnly:904500:1584
867225574:updateInputs:906667:458
867225574:updateComponents:907625:875
867225574:propagateValuesOnChangeOnly:909000:1709
867225574:updateInputs:917667:333
867225574:updateComponents:918500:875
867225574:propagateValuesOnChangeOnly:919834:2041
867225574:updateInputs:922459:333
867225574:updateComponents:923250:917
867225574:propagateValuesOnChangeOnly:924625:1834
867225574:updateInputs:927000:292
867225574:updateComponents:927792:833
867225574:propagateValuesOnChangeOnly:929125:2292
867225574:updateInputs:932000:292
867225574:updateComponents:932750:875
867225574:propagateValuesOnChangeOnly:934125:2042
867225574:updateInputs:936667:333
867225574:updateComponents:937500:875
867225574:propagateValuesOnChangeOnly:938834:1666
867225574:updateInputs:941042:333
867225574:updateComponents:941875:875
867225574:propagateValuesOnChangeOnly:943250:1750
867225574:updateInputs:945542:333
867225574:updateComponents:946375:834
867225574:propagateValuesOnChangeOnly:947709:1750
867225574:updateInputs:949917:292
867225574:updateComponents:950709:833
867225574:propagateValuesOnChangeOnly:952042:1750
867225574:updateInputs:954334:333
867225574:updateComponents:955125:875
867225574:propagateValuesOnChangeOnly:956542:1750
867225574:updateInputs:958875:334
867225574:updateComponents:959792:875
867225574:propagateValuesOnChangeOnly:961125:1667
867225574:updateInputs:963334:291
867225574:updateComponents:964125:875
867225574:propagateValuesOnChangeOnly:965459:1750
867225574:updateInputs:967792:333
867225574:updateComponents:968709:833
867225574:propagateValuesOnChangeOnly:970042:1750
867225574:updateInputs:972334:333
867225574:updateComponents:973167:917
867225574:propagateValuesOnChangeOnly:974542:1667
867225574:updateInputs:976792:375
867225574:updateComponents:977667:875
867225574:propagateValuesOnChangeOnly:979000:1750
867225574:updateInputs:981292:333
867225574:updateComponents:982125:834
867225574:propagateValuesOnChangeOnly:983459:1708
867225574:updateInputs:985709:333
867225574:updateComponents:986542:875
867225574:propagateValuesOnChangeOnly:987917:1792
867225574:updateInputs:990250:334
867225574:updateComponents:991125:875
867225574:propagateValuesOnChangeOnly:992584:1666
867225574:updateInputs:994875:334
867225574:updateComponents:995667:875
867225574:propagateValuesOnChangeOnly:997084:1750
867225574:updateInputs:999375:334
867225574:updateComponents:1000209:791
867225574:propagateValuesOnChangeOnly:1001542:1667
867225574:updateInputs:1003750:334
867225574:updateComponents:1004625:875
867225574:propagateValuesOnChangeOnly:1006000:1667
867225574:updateInputs:1008250:334
867225574:updateComponents:1009042:875
867225574:propagateValuesOnChangeOnly:1010417:1708
867225574:updateInputs:1012625:334
867225574:updateComponents:1013500:834
867225574:propagateValuesOnChangeOnly:1014834:1708
867225574:updateInputs:1017084:291
867225574:updateComponents:1017917:833
867225574:propagateValuesOnChangeOnly:1019292:1667
867225574:updateInputs:1021500:292
867225574:updateComponents:1022334:791
867225574:propagateValuesOnChangeOnly:1023625:1667
867225574:updateInputs:1025875:334
867225574:updateComponents:1026750:875
867225574:propagateValuesOnChangeOnly:1028167:1667
867225574:updateInputs:1030417:292
867225574:updateComponents:1031209:833
867225574:propagateValuesOnChangeOnly:1032542:1708
867225574:updateInputs:1034750:334
867225574:updateComponents:1035542:833
867225574:propagateValuesOnChangeOnly:1036834:1750
867225574:updateInputs:1039125:500
867225574:updateComponents:1040084:875
867225574:propagateValuesOnChangeOnly:1041459:1750
867225574:updateInputs:1049959:416
867225574:updateComponents:1050834:875
867225574:propagateValuesOnChangeOnly:1083250:2125
867225574:updateInputs:1086000:334
867225574:updateComponents:1086834:875
867225574:propagateValuesOnChangeOnly:1088250:1875
867225574:updateInputs:1090709:333
867225574:updateComponents:1091584:833
867225574:propagateValuesOnChangeOnly:1092917:1792
867225574:updateInputs:1095334:333
867225574:updateComponents:1096167:792
867225574:propagateValuesOnChangeOnly:1097459:2125
867225574:updateInputs:1100250:334
867225574:updateComponents:1101084:833
867225574:propagateValuesOnChangeOnly:1102459:2208
867225574:updateInputs:1105292:292
867225574:updateComponents:1106000:875
867225574:propagateValuesOnChangeOnly:1107375:1792
867225574:updateInputs:1109750:292
867225574:updateComponents:1110459:875
867225574:propagateValuesOnChangeOnly:1111792:1833
867225574:updateInputs:1114125:375
867225574:updateComponents:1114959:916
867225574:propagateValuesOnChangeOnly:1116334:1791
867225574:updateInputs:1118625:292
867225574:updateComponents:1119417:875
867225574:propagateValuesOnChangeOnly:1120792:1750
867225574:updateInputs:1123084:333
867225574:updateComponents:1123959:875
867225574:propagateValuesOnChangeOnly:1125334:1750
867225574:updateInputs:1127625:334
867225574:updateComponents:1128417:875
867225574:propagateValuesOnChangeOnly:1129750:1709
867225574:updateInputs:1132084:333
867225574:updateComponents:1132875:917
867225574:propagateValuesOnChangeOnly:1134250:1709
867225574:updateInputs:1136500:334
867225574:updateComponents:1137292:833
867225574:propagateValuesOnChangeOnly:1138625:1709
867225574:updateInputs:1140875:334
867225574:updateComponents:1141625:834
867225574:propagateValuesOnChangeOnly:1142959:1750
867225574:updateInputs:1145292:333
867225574:updateComponents:1146042:833
867225574:propagateValuesOnChangeOnly:1147375:1750
867225574:updateInputs:1149750:292
867225574:updateComponents:1150500:875
867225574:propagateValuesOnChangeOnly:1151834:1750
867225574:updateInputs:1154125:334
867225574:updateComponents:1154875:834
867225574:propagateValuesOnChangeOnly:1156209:1750
867225574:updateInputs:1158500:292
867225574:updateComponents:1159250:834
867225574:propagateValuesOnChangeOnly:1160500:1750
867225574:updateInputs:1162792:292
867225574:updateComponents:1163625:834
867225574:propagateValuesOnChangeOnly:1164959:1750
867225574:updateInputs:1167209:333
867225574:updateComponents:1167959:833
867225574:propagateValuesOnChangeOnly:1169250:1750
867225574:updateInputs:1171459:291
867225574:updateComponents:1172250:875
867225574:propagateValuesOnChangeOnly:1173625:1750
867225574:updateInputs:1175875:292
867225574:updateComponents:1176625:792
867225574:propagateValuesOnChangeOnly:1177875:1667
867225574:updateInputs:1180167:333
867225574:updateComponents:1181000:834
867225574:propagateValuesOnChangeOnly:1182292:1667
867225574:updateInputs:1184542:333
867225574:updateComponents:1185292:833
867225574:propagateValuesOnChangeOnly:1186625:1667
867225574:updateInputs:1188875:292
867225574:updateComponents:1189625:792
867225574:propagateValuesOnChangeOnly:1190875:1792
867225574:updateInputs:1193209:291
867225574:updateComponents:1193959:791
867225574:propagateValuesOnChangeOnly:1195209:1750
867225574:updateInputs:1197500:334
867225574:updateComponents:1198334:875
867225574:propagateValuesOnChangeOnly:1199750:1667
867225574:updateInputs:1202042:500
867225574:updateComponents:1203084:833
867225574:propagateValuesOnChangeOnly:1204459:1750
867225574:updateInputs:1212959:333
867225574:updateComponents:1213792:792
867225574:propagateValuesOnChangeOnly:1215125:2084
867225574:updateInputs:1217834:333
867225574:updateComponents:1218667:833
867225574:propagateValuesOnChangeOnly:1220000:1917
867225574:updateInputs:1222459:333
867225574:updateComponents:1223292:833
867225574:propagateValuesOnChangeOnly:1224625:2000
867225574:updateInputs:1227250:292
867225574:updateComponents:1228000:834
867225574:propagateValuesOnChangeOnly:1229375:2125
867225574:updateInputs:1232084:333
867225574:updateComponents:1232875:834
867225574:propagateValuesOnChangeOnly:1234167:1833
867225574:updateInputs:1236542:250
867225574:updateComponents:1237292:875
867225574:propagateValuesOnChangeOnly:1238667:1875
867225574:updateInputs:1241125:334
867225574:updateComponents:1242000:875
867225574:propagateValuesOnChangeOnly:1243417:1708
867225574:updateInputs:1245667:333
867225574:updateComponents:1246500:875
867225574:propagateValuesOnChangeOnly:1247875:1750
867225574:updateInputs:1250209:375
867225574:updateComponents:1251125:875
867225574:propagateValuesOnChangeOnly:1252584:1625
867225574:updateInputs:1254834:291
867225574:updateComponents:1255625:875
867225574:propagateValuesOnChangeOnly:1256959:1666
867225574:updateInputs:1259125:375
867225574:updateComponents:1260000:834
867225574:propagateValuesOnChangeOnly:1261334:1708
867225574:updateInputs:1263584:333
867225574:updateComponents:1264334:833
867225574:propagateValuesOnChangeOnly:1265625:1750
867225574:updateInputs:1267917:333
867225574:updateComponents:1268750:834
867225574:propagateValuesOnChangeOnly:1270084:1791
867225574:updateInputs:1272375:334
867225574:updateComponents:1273167:833
867225574:propagateValuesOnChangeOnly:1274500:1750
867225574:updateInputs:1276792:292
867225574:updateComponents:1277542:833
867225574:propagateValuesOnChangeOnly:1278834:1750
867225574:updateInputs:1281084:291
867225574:updateComponents:1281875:834
867225574:propagateValuesOnChangeOnly:1283209:1750
867225574:updateInputs:1285500:292
867225574:updateComponents:1286250:834
867225574:propagateValuesOnChangeOnly:1287584:1666
867225574:updateInputs:1289834:291
867225574:updateComponents:1290625:792
867225574:propagateValuesOnChangeOnly:1291875:1750
867225574:updateInputs:1294167:292
867225574:updateComponents:1294917:792
867225574:propagateValuesOnChangeOnly:1296250:1750
867225574:updateInputs:1298542:333
867225574:updateComponents:1299417:833
867225574:propagateValuesOnChangeOnly:1300750:1667
867225574:updateInputs:1302959:333
867225574:updateComponents:1303750:834
867225574:propagateValuesOnChangeOnly:1305084:1708
867225574:updateInputs:1307417:292
867225574:updateComponents:1308167:833
867225574:propagateValuesOnChangeOnly:1309542:1708
867225574:updateInputs:1311834:333
867225574:updateComponents:1312584:833
867225574:propagateValuesOnChangeOnly:1313959:1708
867225574:updateInputs:1316292:375
867225574:updateComponents:1317167:875
867225574:propagateValuesOnChangeOnly:1318584:1791
867225574:updateInputs:1320959:291
867225574:updateComponents:1321792:792
867225574:propagateValuesOnChangeOnly:1323084:1708
867225574:updateInputs:1325375:334
867225574:updateComponents:1326209:791
867225574:propagateValuesOnChangeOnly:1327542:1667
867225574:updateInputs:1329792:333
867225574:updateComponents:1330584:791
867225574:propagateValuesOnChangeOnly:1331875:1792
867225574:updateInputs:1334209:416
867225574:updateComponents:1335125:792
867225574:propagateValuesOnChangeOnly:1336417:1708
867225574:updateInputs:1344834:333
867225574:updateComponents:1345667:917
867225574:propagateValuesOnChangeOnly:1347125:2000
867225574:updateInputs:1349667:375
867225574:updateComponents:1350542:875
867225574:propagateValuesOnChangeOnly:1351917:1875
867225574:updateInputs:1354459:291
867225574:updateComponents:1355250:834
867225574:propagateValuesOnChangeOnly:1356625:1917
867225574:updateInputs:1359125:334
867225574:updateComponents:1359959:791
867225574:propagateValuesOnChangeOnly:1361250:2125
867225574:updateInputs:1364000:292
867225574:updateComponents:1364834:791
867225574:propagateValuesOnChangeOnly:1366167:2083
867225574:updateInputs:1368834:291
867225574:updateComponents:1369625:834
867225574:propagateValuesOnChangeOnly:1370959:1750
867225574:updateInputs:1373209:250
867225574:updateComponents:1373917:792
867225574:propagateValuesOnChangeOnly:1375209:1708
867225574:updateInputs:1377459:333
867225574:updateComponents:1378209:833
867225574:propagateValuesOnChangeOnly:1379542:1750
867225574:updateInputs:1381875:334
867225574:updateComponents:1382709:833
867225574:propagateValuesOnChangeOnly:1384042:1667
867225574:updateInputs:1386209:333
867225574:updateComponents:1387042:833
867225574:propagateValuesOnChangeOnly:1388417:1708
867225574:updateInputs:1390709:291
867225574:updateComponents:1391500:834
867225574:propagateValuesOnChangeOnly:1392834:1666
867225574:updateInputs:1395042:333
867225574:updateComponents:1395834:833
867225574:propagateValuesOnChangeOnly:1397084:1666
867225574:updateInputs:1399250:375
867225574:updateComponents:1400125:875
867225574:propagateValuesOnChangeOnly:1401500:1750
867225574:updateInputs:1403792:333
867225574:updateComponents:1404584:833
867225574:propagateValuesOnChangeOnly:1405917:1750
867225574:updateInputs:1408209:291
867225574:updateComponents:1409000:875
867225574:propagateValuesOnChangeOnly:1410417:1750
867225574:updateInputs:1412792:292
867225574:updateComponents:1413625:792
867225574:propagateValuesOnChangeOnly:1414959:1750
867225574:updateInputs:1417375:292
867225574:updateComponents:1418167:833
867225574:propagateValuesOnChangeOnly:1419542:1667
867225574:updateInputs:1421750:375
867225574:updateComponents:1422625:875
867225574:propagateValuesOnChangeOnly:1423959:1708
867225574:updateInputs:1426250:417
867225574:updateComponents:1427084:833
867225574:propagateValuesOnChangeOnly:1428375:1625
867225574:updateInputs:1430542:333
867225574:updateComponents:1431334:833
867225574:propagateValuesOnChangeOnly:1432667:1750
867225574:updateInputs:1434959:291
867225574:updateComponents:1435792:833
867225574:propagateValuesOnChangeOnly:1437167:1792
867225574:updateInputs:1439500:334
867225574:updateComponents:1440334:833
867225574:propagateValuesOnChangeOnly:1441709:1750
867225574:updateInputs:1444042:417
867225574:updateComponents:1445000:792
867225574:propagateValuesOnChangeOnly:1446292:1750
867225574:updateInputs:1448625:334
867225574:updateComponents:1449417:875
867225574:propagateValuesOnChangeOnly:1450792:1750
867225574:updateInputs:1453125:334
867225574:updateComponents:1453917:875
867225574:propagateValuesOnChangeOnly:1455250:1750
867225574:updateInputs:1457500:334
867225574:updateComponents:1458292:792
867225574:propagateValuesOnChangeOnly:1459542:1708
867225574:updateInputs:1461834:291
867225574:updateComponents:1467584:916
867225574:propagateValuesOnChangeOnly:1468959:1750
867225574:updateInputs:1471250:459
867225574:updateComponents:1472125:875
867225574:propagateValuesOnChangeOnly:1473459:1708
867225574:updateInputs:1481750:334
867225574:updateComponents:1482584:916
867225574:propagateValuesOnChangeOnly:1484000:2000
867225574:updateInputs:1486584:333
867225574:updateComponents:1487459:875
867225574:propagateValuesOnChangeOnly:1488875:1875
867225574:updateInputs:1578542:417
867225574:updateComponents:1579417:917
867225574:propagateValuesOnChangeOnly:1580834:2375
867225574:updateInputs:1583875:334
867225574:updateComponents:1584750:875
867225574:propagateValuesOnChangeOnly:1586125:1917
867225574:updateInputs:1588625:292
867225574:updateComponents:1589459:833
867225574:propagateValuesOnChangeOnly:1590792:1708
867225574:updateInputs:1593042:333
867225574:updateComponents:1593875:834
867225574:propagateValuesOnChangeOnly:1595167:1708
867225574:updateInputs:1597417:333
867225574:updateComponents:1598250:834
867225574:propagateValuesOnChangeOnly:1599584:1708
867225574:updateInputs:1601792:333
867225574:updateComponents:1602584:875
867225574:propagateValuesOnChangeOnly:1603959:1750
867225574:updateInputs:1606209:333
867225574:updateComponents:1607042:875
867225574:propagateValuesOnChangeOnly:1608334:1791
867225574:updateInputs:1610667:333
867225574:updateComponents:1611500:875
867225574:propagateValuesOnChangeOnly:1612834:1791
867225574:updateInputs:1615250:334
867225574:updateComponents:1616042:875
867225574:propagateValuesOnChangeOnly:1617417:1792
867225574:updateInputs:1619709:291
867225574:updateComponents:1620459:875
867225574:propagateValuesOnChangeOnly:1621792:1708
867225574:updateInputs:1624084:333
867225574:updateComponents:1624917:875
867225574:propagateValuesOnChangeOnly:1626334:1750
867225574:updateInputs:1628667:333
867225574:updateComponents:1629542:875
867225574:propagateValuesOnChangeOnly:1630917:1792
867225574:updateInputs:1633250:334
867225574:updateComponents:1634084:875
867225574:propagateValuesOnChangeOnly:1635417:1792
867225574:updateInputs:1637834:333
867225574:updateComponents:1638667:875
867225574:propagateValuesOnChangeOnly:1640000:1750
867225574:updateInputs:1642292:333
867225574:updateComponents:1643084:875
867225574:propagateValuesOnChangeOnly:1644459:1666
867225574:updateInputs:1646667:333
867225574:updateComponents:1647417:875
867225574:propagateValuesOnChangeOnly:1648750:1750
867225574:updateInputs:1651000:334
867225574:updateComponents:1651834:875
867225574:propagateValuesOnChangeOnly:1653125:1709
867225574:updateInputs:1655334:416
867225574:updateComponents:1656209:875
867225574:propagateValuesOnChangeOnly:1657542:1708
867225574:updateInputs:1659834:375
867225574:updateComponents:1660667:833
867225574:propagateValuesOnChangeOnly:1662042:1833
867225574:updateInputs:1664500:292
867225574:updateComponents:1665334:791
867225574:propagateValuesOnChangeOnly:1666584:1750
867225574:updateInputs:1668917:375
867225574:updateComponents:1669834:875
867225574:propagateValuesOnChangeOnly:1671209:1666
867225574:updateInputs:1673459:291
867225574:updateComponents:1674292:833
867225574:propagateValuesOnChangeOnly:1675584:1708
867225574:updateInputs:1677917:292
867225574:updateComponents:1678750:834
867225574:propagateValuesOnChangeOnly:1680084:1708
867225574:updateInputs:1682334:291
867225574:updateComponents:1683167:917
867225574:propagateValuesOnChangeOnly:1684542:1750
867225574:updateInputs:1686875:292
867225574:updateComponents:1687625:834
867225574:propagateValuesOnChangeOnly:1688959:1750
867225574:updateInputs:1691292:417
867225574:updateComponents:1692209:875
867225574:propagateValuesOnChangeOnly:1693584:1750
867225574:updateInputs:1703125:334
867225574:updateComponents:1704000:875
867225574:propagateValuesOnChangeOnly:1705375:1959
867225574:updateInputs:1707917:333
867225574:updateComponents:1708750:875
867225574:propagateValuesOnChangeOnly:1710084:1791
867225574:updateInputs:1712459:291
867225574:updateComponents:1713209:791
867225574:propagateValuesOnChangeOnly:1714500:1709
867225574:updateInputs:1716834:333
867225574:updateComponents:1717584:791
867225574:propagateValuesOnChangeOnly:1718834:2166
867225574:updateInputs:1721584:375
867225574:updateComponents:1722459:833
867225574:propagateValuesOnChangeOnly:1723792:2208
867225574:updateInputs:1726584:416
867225574:updateComponents:1727500:834
867225574:propagateValuesOnChangeOnly:1728834:1750
867225574:updateInputs:1731125:334
867225574:updateComponents:1731959:791
867225574:propagateValuesOnChangeOnly:1733209:1750
867225574:updateInputs:1735625:292
867225574:updateComponents:1736459:833
867225574:propagateValuesOnChangeOnly:1737792:1667
867225574:updateInputs:1740042:333
867225574:updateComponents:1740834:833
867225574:propagateValuesOnChangeOnly:1742125:1667
867225574:updateInputs:1744417:292
867225574:updateComponents:1745167:875
867225574:propagateValuesOnChangeOnly:1746542:1750
867225574:updateInputs:1748875:334
867225574:updateComponents:1749667:917
867225574:propagateValuesOnChangeOnly:1751084:1791
867225574:updateInputs:1753500:334
867225574:updateComponents:1754250:875
867225574:propagateValuesOnChangeOnly:1755625:1709
867225574:updateInputs:1757917:292
867225574:updateComponents:1758709:875
867225574:propagateValuesOnChangeOnly:1760084:1625
867225574:updateInputs:1762334:333
867225574:updateComponents:1763167:917
867225574:propagateValuesOnChangeOnly:1764542:1750
867225574:updateInputs:1766917:375
867225574:updateComponents:1767750:875
867225574:propagateValuesOnChangeOnly:1769125:1750
867225574:updateInputs:1771459:291
867225574:updateComponents:1772250:834
867225574:propagateValuesOnChangeOnly:1773542:1750
867225574:updateInputs:1775875:334
867225574:updateComponents:1776667:833
867225574:propagateValuesOnChangeOnly:1777959:1791
867225574:updateInputs:1780334:333
867225574:updateComponents:1781125:834
867225574:propagateValuesOnChangeOnly:1782500:1750
867225574:updateInputs:1784750:292
867225574:updateComponents:1785542:833
867225574:propagateValuesOnChangeOnly:1786917:1792
867225574:updateInputs:1789292:333
867225574:updateComponents:1790167:875
867225574:propagateValuesOnChangeOnly:1791542:1750
867225574:updateInputs:1793875:334
867225574:updateComponents:1794750:875
867225574:propagateValuesOnChangeOnly:1796209:1750
867225574:updateInputs:1798500:334
867225574:updateComponents:1799375:834
867225574:propagateValuesOnChangeOnly:1800750:1709
867225574:updateInputs:1803000:292
867225574:updateComponents:1803834:833
867225574:propagateValuesOnChangeOnly:1805125:1750
867225574:updateInputs:1807459:375
867225574:updateComponents:1808334:833
867225574:propagateValuesOnChangeOnly:1809625:1750
867225574:updateInputs:1811959:250
867225574:updateComponents:1812750:834
867225574:propagateValuesOnChangeOnly:1814042:1750
867225574:updateInputs:1816375:334
867225574:updateComponents:1817292:875
867225574:propagateValuesOnChangeOnly:1818625:1792
867225574:updateInputs:1821084:333
867225574:updateComponents:1821917:833
867225574:propagateValuesOnChangeOnly:1823250:1750
867225574:updateInputs:1825500:417
867225574:updateComponents:1826417:833
867225574:propagateValuesOnChangeOnly:1827709:1708
867225574:updateInputs:1835959:375
867225574:updateComponents:1836875:834
867225574:propagateValuesOnChangeOnly:1838292:2042
867225574:updateInputs:1840959:291
867225574:updateComponents:1841792:833
867225574:propagateValuesOnChangeOnly:1843125:1917
867225574:updateInputs:1845584:291
867225574:updateComponents:1846459:791
867225574:propagateValuesOnChangeOnly:1850125:1875
867225574:updateInputs:1852625:292
867225574:updateComponents:1853459:833
867225574:propagateValuesOnChangeOnly:1854834:1750
867225574:updateInputs:1857125:292
867225574:updateComponents:1857875:834
867225574:propagateValuesOnChangeOnly:1859209:1750
867225574:updateInputs:1861625:292
867225574:updateComponents:1862417:875
867225574:propagateValuesOnChangeOnly:1863792:1750
867225574:updateInputs:1866042:292
867225574:updateComponents:1866875:834
867225574:propagateValuesOnChangeOnly:1868209:1791
867225574:updateInputs:1870500:292
867225574:updateComponents:1871292:833
867225574:propagateValuesOnChangeOnly:1872625:1792
867225574:updateInputs:1874917:333
867225574:updateComponents:1875709:833
867225574:propagateValuesOnChangeOnly:1877084:1750
867225574:updateInputs:1879334:291
867225574:updateComponents:1880084:791
867225574:propagateValuesOnChangeOnly:1881417:1750
867225574:updateInputs:1883750:334
867225574:updateComponents:1884584:833
867225574:propagateValuesOnChangeOnly:1885917:1667
867225574:updateInputs:1888167:333
867225574:updateComponents:1889000:875
867225574:propagateValuesOnChangeOnly:1890417:1792
867225574:updateInputs:1892834:333
867225574:updateComponents:1893709:875
867225574:propagateValuesOnChangeOnly:1895084:1708
867225574:updateInputs:1897375:375
867225574:updateComponents:1898250:875
867225574:propagateValuesOnChangeOnly:1899625:1709
867225574:updateInputs:1901834:291
867225574:updateComponents:1902625:875
867225574:propagateValuesOnChangeOnly:1904000:1750
867225574:updateInputs:1906292:292
867225574:updateComponents:1907042:833
867225574:propagateValuesOnChangeOnly:1908334:1750
867225574:updateInputs:1910625:334
867225574:updateComponents:1911459:875
867225574:propagateValuesOnChangeOnly:1912792:1792
867225574:updateInputs:1915167:375
867225574:updateComponents:1916000:875
867225574:propagateValuesOnChangeOnly:1917334:1750
867225574:updateInputs:1919584:333
867225574:updateComponents:1920375:834
867225574:propagateValuesOnChangeOnly:1921709:1750
867225574:updateInputs:1923959:291
867225574:updateComponents:1924709:833
867225574:propagateValuesOnChangeOnly:1926000:1792
867225574:updateInputs:1928292:375
867225574:updateComponents:1929084:791
867225574:propagateValuesOnChangeOnly:1930292:1750
867225574:updateInputs:1932542:292
867225574:updateComponents:1933334:875
867225574:propagateValuesOnChangeOnly:1934709:1708
867225574:updateInputs:1936917:333
867225574:updateComponents:1937709:875
867225574:propagateValuesOnChangeOnly:1939042:1792
867225574:updateInputs:1941375:334
867225574:updateComponents:1942209:833
867225574:propagateValuesOnChangeOnly:1943500:1709
867225574:updateInputs:1945750:334
867225574:updateComponents:1946584:875
867225574:propagateValuesOnChangeOnly:1947959:1750
867225574:updateInputs:1950209:333
867225574:updateComponents:1951042:875
867225574:propagateValuesOnChangeOnly:1952459:1750
867225574:updateInputs:1954750:334
867225574:updateComponents:1955625:875
867225574:propagateValuesOnChangeOnly:1957042:1792
867225574:updateInputs:1959417:375
867225574:updateComponents:1960250:834
867225574:propagateValuesOnChangeOnly:1961542:1750
867225574:updateInputs:1969875:334
867225574:updateComponents:1970709:875
867225574:propagateValuesOnChangeOnly:1972125:2042
867225574:updateInputs:1974792:333
867225574:updateComponents:1975667:833
867225574:propagateValuesOnChangeOnly:1977000:1917
867225574:updateInputs:1979500:375
867225574:updateComponents:1980417:833
867225574:propagateValuesOnChangeOnly:1981750:1792
867225574:updateInputs:1984125:250
867225574:updateComponents:1984875:834
867225574:propagateValuesOnChangeOnly:1986209:1708
867225574:updateInputs:1988500:334
867225574:updateComponents:1989375:834
867225574:propagateValuesOnChangeOnly:1990667:1750
867225574:updateInputs:1993000:292
867225574:updateComponents:1993750:875
867225574:propagateValuesOnChangeOnly:1995125:1709
867225574:updateInputs:1997375:375
867225574:updateComponents:1998167:833
867225574:propagateValuesOnChangeOnly:1999584:1791
867225574:updateInputs:2001917:333
867225574:updateComponents:2002667:833
867225574:propagateValuesOnChangeOnly:2004042:1750
867225574:updateInputs:2006375:292
867225574:updateComponents:2007167:875
867225574:propagateValuesOnChangeOnly:2008500:1792
867225574:updateInputs:2010792:292
867225574:updateComponents:2011584:833
867225574:propagateValuesOnChangeOnly:2012875:1709
867225574:updateInputs:2015125:292
867225574:updateComponents:2015834:833
867225574:propagateValuesOnChangeOnly:2017125:1667
867225574:updateInputs:2019292:333
867225574:updateComponents:2020125:875
867225574:propagateValuesOnChangeOnly:2021459:1708
867225574:updateInputs:2023709:250
867225574:updateComponents:2024417:792
867225574:propagateValuesOnChangeOnly:2025750:1709
867225574:updateInputs:2028000:334
867225574:updateComponents:2028834:833
867225574:propagateValuesOnChangeOnly:2030250:1750
867225574:updateInputs:2032542:333
867225574:updateComponents:2033334:833
867225574:propagateValuesOnChangeOnly:2034625:1750
867225574:updateInputs:2036834:291
867225574:updateComponents:2037625:875
867225574:propagateValuesOnChangeOnly:2038959:1750
867225574:updateInputs:2041250:292
867225574:updateComponents:2042042:833
867225574:propagateValuesOnChangeOnly:2043334:1750
867225574:updateInputs:2045709:375
867225574:updateComponents:2046584:833
867225574:propagateValuesOnChangeOnly:2047875:1750
867225574:updateInputs:2050209:333
867225574:updateComponents:2051042:833
867225574:propagateValuesOnChangeOnly:2052334:1750
867225574:updateInputs:2054625:334
867225574:updateComponents:2055417:833
867225574:propagateValuesOnChangeOnly:2056750:1667
867225574:updateInputs:2059000:334
867225574:updateComponents:2059834:791
867225574:propagateValuesOnChangeOnly:2061125:1750
867225574:updateInputs:2063417:292
867225574:updateComponents:2064209:833
867225574:propagateValuesOnChangeOnly:2065500:1709
867225574:updateInputs:2067792:292
867225574:updateComponents:2068500:875
867225574:propagateValuesOnChangeOnly:2069875:1750
867225574:updateInputs:2072167:292
867225574:updateComponents:2073042:833
867225574:propagateValuesOnChangeOnly:2074417:1667
867225574:updateInputs:2076709:250
867225574:updateComponents:2077542:833
867225574:propagateValuesOnChangeOnly:2078834:1625
867225574:updateInputs:2081042:333
867225574:updateComponents:2081834:875
867225574:propagateValuesOnChangeOnly:2083167:1625
867225574:updateInputs:2085334:333
867225574:updateComponents:2086167:875
867225574:propagateValuesOnChangeOnly:2087500:1750
867225574:updateInputs:2089750:459
867225574:updateComponents:2090750:834
867225574:propagateValuesOnChangeOnly:2092084:1708
867225574:updateInputs:2100250:334
867225574:updateComponents:2101084:875
867225574:propagateValuesOnChangeOnly:2102459:2041
867225574:updateInputs:2105084:333
867225574:updateComponents:2105875:834
867225574:propagateValuesOnChangeOnly:2107209:1916
867225574:updateInputs:2109667:375
867225574:updateComponents:2110542:833
867225574:propagateValuesOnChangeOnly:2111917:1833
867225574:updateInputs:2114250:334
867225574:updateComponents:2115084:875
867225574:propagateValuesOnChangeOnly:2116500:1709
867225574:updateInputs:2118750:375
867225574:updateComponents:2119667:833
867225574:propagateValuesOnChangeOnly:2121000:1792
867225574:updateInputs:2123417:333
867225574:updateComponents:2124334:875
867225574:propagateValuesOnChangeOnly:2125750:1709
867225574:updateInputs:2128042:292
867225574:updateComponents:2128875:834
867225574:propagateValuesOnChangeOnly:2130209:1625
867225574:updateInputs:2132417:292
867225574:updateComponents:2133209:833
867225574:propagateValuesOnChangeOnly:2134500:1750
867225574:updateInputs:2136792:375
867225574:updateComponents:2137625:792
867225574:propagateValuesOnChangeOnly:2138917:1708
867225574:updateInputs:2141125:292
867225574:updateComponents:2141792:833
867225574:propagateValuesOnChangeOnly:2143125:1792
867225574:updateInputs:2145500:375
867225574:updateComponents:2146334:833
867225574:propagateValuesOnChangeOnly:2147625:1750
867225574:updateInputs:2149959:333
867225574:updateComponents:2150750:792
867225574:propagateValuesOnChangeOnly:2152042:1750
867225574:updateInputs:2154375:292
867225574:updateComponents:2155250:792
867225574:propagateValuesOnChangeOnly:2156625:1750
867225574:updateInputs:2158917:333
867225574:updateComponents:2159792:833
867225574:propagateValuesOnChangeOnly:2161125:1709
867225574:updateInputs:2163375:334
867225574:updateComponents:2164167:833
867225574:propagateValuesOnChangeOnly:2165500:1750
867225574:updateInputs:2167792:292
867225574:updateComponents:2168542:833
867225574:propagateValuesOnChangeOnly:2169834:1750
867225574:updateInputs:2172084:291
867225574:updateComponents:2172834:833
867225574:propagateValuesOnChangeOnly:2174125:1709
867225574:updateInputs:2176334:333
867225574:updateComponents:2177125:834
867225574:propagateValuesOnChangeOnly:2178417:1750
867225574:updateInputs:2180667:292
867225574:updateComponents:2181500:834
867225574:propagateValuesOnChangeOnly:2182834:1708
867225574:updateInputs:2185084:291
867225574:updateComponents:2185875:792
867225574:propagateValuesOnChangeOnly:2187167:1750
867225574:updateInputs:2189542:375
867225574:updateComponents:2190459:875
867225574:propagateValuesOnChangeOnly:2191792:1708
867225574:updateInputs:2194125:292
867225574:updateComponents:2194917:833
867225574:propagateValuesOnChangeOnly:2196292:1708
867225574:updateInputs:2198584:333
867225574:updateComponents:2199417:833
867225574:propagateValuesOnChangeOnly:2200750:1667
867225574:updateInputs:2202959:375
867225574:updateComponents:2203875:834
867225574:propagateValuesOnChangeOnly:2205209:1708
867225574:updateInputs:2207500:292
867225574:updateComponents:2208292:875
867225574:propagateValuesOnChangeOnly:2209667:1750
867225574:updateInputs:2211959:333
867225574:updateComponents:2212750:834
867225574:propagateValuesOnChangeOnly:2214167:1750
867225574:updateInputs:2216500:334
867225574:updateComponents:2217292:833
867225574:propagateValuesOnChangeOnly:2218625:1750
867225574:updateInputs:2220917:375
867225574:updateComponents:2221834:916
867225574:propagateValuesOnChangeOnly:2223250:1709
867225574:updateInputs:2231500:334
867225574:updateComponents:2232375:917
867225574:propagateValuesOnChangeOnly:2233834:1958
867225574:updateInputs:2236375:375
867225574:updateComponents:2237167:875
867225574:propagateValuesOnChangeOnly:2238500:1834
867225574:updateInputs:2241000:292
867225574:updateComponents:2241792:833
867225574:propagateValuesOnChangeOnly:2243167:1875
867225574:updateInputs:2245667:417
867225574:updateComponents:2246625:875
867225574:propagateValuesOnChangeOnly:2248000:1709
867225574:updateInputs:2250250:334
867225574:updateComponents:2251125:875
867225574:propagateValuesOnChangeOnly:2252500:1709
867225574:updateInputs:2254792:250
867225574:updateComponents:2255542:833
867225574:propagateValuesOnChangeOnly:2256792:1708
867225574:updateInputs:2259084:333
867225574:updateComponents:2259875:834
867225574:propagateValuesOnChangeOnly:2261209:1625
867225574:updateInputs:2263375:292
867225574:updateComponents:2264209:833
867225574:propagateValuesOnChangeOnly:2265625:1667
867225574:updateInputs:2267834:291
867225574:updateComponents:2268667:833
867225574:propagateValuesOnChangeOnly:2270000:1750
867225574:updateInputs:2272375:334
867225574:updateComponents:2273209:833
867225574:propagateValuesOnChangeOnly:2274500:1667
867225574:updateInputs:2276750:334
867225574:updateComponents:2277584:833
867225574:propagateValuesOnChangeOnly:2278959:1708
867225574:updateInputs:2281250:375
867225574:updateComponents:2282167:833
867225574:propagateValuesOnChangeOnly:2283459:1708
867225574:updateInputs:2285750:334
867225574:updateComponents:2286625:834
867225574:propagateValuesOnChangeOnly:2288000:1667
867225574:updateInputs:2290250:334
867225574:updateComponents:2291125:834
867225574:propagateValuesOnChangeOnly:2292417:1708
867225574:updateInputs:2294709:333
867225574:updateComponents:2295500:917
867225574:propagateValuesOnChangeOnly:2296917:1750
867225574:updateInputs:2299167:333
867225574:updateComponents:2300042:875
867225574:propagateValuesOnChangeOnly:2301459:1791
867225574:updateInputs:2303834:333
867225574:updateComponents:2304667:875
867225574:propagateValuesOnChangeOnly:2306042:1708
867225574:updateInputs:2308292:333
867225574:updateComponents:2309042:833
867225574:propagateValuesOnChangeOnly:2310334:1750
867225574:updateInputs:2312584:375
867225574:updateComponents:2313459:833
867225574:propagateValuesOnChangeOnly:2314792:1750
867225574:updateInputs:2317125:375
867225574:updateComponents:2317959:875
867225574:propagateValuesOnChangeOnly:2319250:1792
867225574:updateInputs:2321625:334
867225574:updateComponents:2322417:875
867225574:propagateValuesOnChangeOnly:2323792:1750
867225574:updateInputs:2326042:333
867225574:updateComponents:2326834:875
867225574:propagateValuesOnChangeOnly:2328167:1750
867225574:updateInputs:2330500:292
867225574:updateComponents:2331292:833
867225574:propagateValuesOnChangeOnly:2332584:1750
867225574:updateInputs:2334875:334
867225574:updateComponents:2335667:917
867225574:propagateValuesOnChangeOnly:2337042:1750
867225574:updateInputs:2339375:334
867225574:updateComponents:2340209:833
867225574:propagateValuesOnChangeOnly:2341584:1750
867225574:updateInputs:2343875:334
867225574:updateComponents:2344750:792
867225574:propagateValuesOnChangeOnly:2346000:1750
867225574:updateInputs:2348375:334
867225574:updateComponents:2349250:834
867225574:propagateValuesOnChangeOnly:2350625:1750
867225574:updateInputs:2352959:458
867225574:updateComponents:2353959:833
867225574:propagateValuesOnChangeOnly:2355250:1709
867225574:updateInputs:2363417:375
867225574:updateComponents:2364334:875
867225574:propagateValuesOnChangeOnly:2365750:2000
867225574:updateInputs:2368375:334
867225574:updateComponents:2369125:834
867225574:propagateValuesOnChangeOnly:2370500:1834
867225574:updateInputs:2372917:292
867225574:updateComponents:2373750:917
867225574:propagateValuesOnChangeOnly:2375167:2042
867225574:updateInputs:2377792:333
867225574:updateComponents:2378625:792
867225574:propagateValuesOnChangeOnly:2379834:2000
867225574:updateInputs:2382334:333
867225574:updateComponents:2383167:833
867225574:propagateValuesOnChangeOnly:2513417:1917
867225574:updateInputs:2515959:375
867225574:updateComponents:2516792:1000
867225574:propagateValuesOnChangeOnly:2518292:1708
867225574:updateInputs:2520625:375
867225574:updateComponents:2521542:833
867225574:propagateValuesOnChangeOnly:2522917:1750
867225574:updateInputs:2525209:291
867225574:updateComponents:2525959:875
867225574:propagateValuesOnChangeOnly:2527375:1709
867225574:updateInputs:2529584:333
867225574:updateComponents:2530459:875
867225574:propagateValuesOnChangeOnly:2531875:1750
867225574:updateInputs:2534167:375
867225574:updateComponents:2535000:834
867225574:propagateValuesOnChangeOnly:2536250:1709
867225574:updateInputs:2538542:333
867225574:updateComponents:2539334:791
867225574:propagateValuesOnChangeOnly:2540584:1708
867225574:updateInputs:2542875:334
867225574:updateComponents:2543750:875
867225574:propagateValuesOnChangeOnly:2545167:1750
867225574:updateInputs:2547500:334
867225574:updateComponents:2548375:834
867225574:propagateValuesOnChangeOnly:2549750:1750
867225574:updateInputs:2552125:334
867225574:updateComponents:2552917:917
867225574:propagateValuesOnChangeOnly:2554334:1750
867225574:updateInputs:2556625:292
867225574:updateComponents:2557459:833
867225574:propagateValuesOnChangeOnly:2558834:1750
867225574:updateInputs:2561125:375
867225574:updateComponents:2562042:875
867225574:propagateValuesOnChangeOnly:2563417:1750
867225574:updateInputs:2565709:333
867225574:updateComponents:2566584:833
867225574:propagateValuesOnChangeOnly:2567917:1750
867225574:updateInputs:2570209:333
867225574:updateComponents:2571042:875
867225574:propagateValuesOnChangeOnly:2572375:1709
867225574:updateInputs:2574667:333
867225574:updateComponents:2575542:833
867225574:propagateValuesOnChangeOnly:2576917:1708
867225574:updateInputs:2579292:333
867225574:updateComponents:2580042:833
867225574:propagateValuesOnChangeOnly:2581334:1791
867225574:updateInputs:2583750:375
867225574:updateComponents:2584625:834
867225574:propagateValuesOnChangeOnly:2586000:1750
867225574:updateInputs:2588250:292
867225574:updateComponents:2589042:875
867225574:propagateValuesOnChangeOnly:2590417:1750
867225574:updateInputs:2592709:291
867225574:updateComponents:2593500:834
867225574:propagateValuesOnChangeOnly:2594875:1709
867225574:updateInputs:2597084:291
867225574:updateComponents:2597875:834
867225574:propagateValuesOnChangeOnly:2599209:1750
867225574:updateInputs:2601459:291
867225574:updateComponents:2602292:833
867225574:propagateValuesOnChangeOnly:2603667:1750
867225574:updateInputs:2606000:334
867225574:updateComponents:2606750:834
867225574:propagateValuesOnChangeOnly:2608125:1750
867225574:updateInputs:2610375:334
867225574:updateComponents:2611250:792
867225574:propagateValuesOnChangeOnly:2612542:1667
867225574:updateInputs:2614834:333
867225574:updateComponents:2615667:833
867225574:propagateValuesOnChangeOnly:2616959:1708
867225574:updateInputs:2625250:334
867225574:updateComponents:2626084:833
867225574:propagateValuesOnChangeOnly:2627417:2000
867225574:updateInputs:2630000:292
867225574:updateComponents:2630792:875
867225574:propagateValuesOnChangeOnly:2632125:1875
867225574:updateInputs:2634584:291
867225574:updateComponents:2635334:875
867225574:propagateValuesOnChangeOnly:2636667:1917
867225574:updateInputs:2639125:292
867225574:updateComponents:2639875:750
867225574:propagateValuesOnChangeOnly:2641084:2083
867225574:updateInputs:2643709:333
867225574:updateComponents:2644542:792
867225574:propagateValuesOnChangeOnly:2645834:2083
867225574:updateInputs:2648500:417
867225574:updateComponents:2649459:833
867225574:propagateValuesOnChangeOnly:2650792:1750
867225574:updateInputs:2653125:334
867225574:updateComponents:2653875:875
867225574:propagateValuesOnChangeOnly:2655250:1792
867225574:updateInputs:2657542:333
867225574:updateComponents:2658334:833
867225574:propagateValuesOnChangeOnly:2659625:1750
867225574:updateInputs:2661917:292
867225574:updateComponents:2662667:875
867225574:propagateValuesOnChangeOnly:2664000:1709
867225574:updateInputs:2666292:375
867225574:updateComponents:2667125:875
867225574:propagateValuesOnChangeOnly:2668500:1709
867225574:updateInputs:2670750:334
867225574:updateComponents:2671542:917
867225574:propagateValuesOnChangeOnly:2672959:1708
867225574:updateInputs:2675209:333
867225574:updateComponents:2676042:875
867225574:propagateValuesOnChangeOnly:2677375:1750
867225574:updateInputs:2679667:292
867225574:updateComponents:2680459:875
867225574:propagateValuesOnChangeOnly:2681834:1791
867225574:updateInputs:2684167:292
867225574:updateComponents:2684959:833
867225574:propagateValuesOnChangeOnly:2686250:1750
867225574:updateInputs:2688542:375
867225574:updateComponents:2689334:833
867225574:propagateValuesOnChangeOnly:2690667:1708
867225574:updateInputs:2692875:334
867225574:updateComponents:2693667:917
867225574:propagateValuesOnChangeOnly:2695042:1708
867225574:updateInputs:2697292:333
867225574:updateComponents:2698084:791
867225574:propagateValuesOnChangeOnly:2699334:1708
867225574:updateInputs:2701625:375
867225574:updateComponents:2702459:875
867225574:propagateValuesOnChangeOnly:2703834:1750
867225574:updateInputs:2706125:334
867225574:updateComponents:2706959:875
867225574:propagateValuesOnChangeOnly:2708334:1750
867225574:updateInputs:2710667:333
867225574:updateComponents:2711459:833
867225574:propagateValuesOnChangeOnly:2712792:1708
867225574:updateInputs:2715042:375
867225574:updateComponents:2715917:875
867225574:propagateValuesOnChangeOnly:2717250:1709
867225574:updateInputs:2719542:333
867225574:updateComponents:2720375:875
867225574:propagateValuesOnChangeOnly:2721709:1750
867225574:updateInputs:2724084:333
867225574:updateComponents:2724959:875
867225574:propagateValuesOnChangeOnly:2726375:1709
867225574:updateInputs:2728667:333
867225574:updateComponents:2729584:833
867225574:propagateValuesOnChangeOnly:2730917:1792
867225574:updateInputs:2733334:333
867225574:updateComponents:2734084:833
867225574:propagateValuesOnChangeOnly:2735375:1750
867225574:updateInputs:2737709:333
867225574:updateComponents:2738584:833
867225574:propagateValuesOnChangeOnly:2739834:1708
867225574:updateInputs:2742084:375
867225574:updateComponents:2742917:833
867225574:propagateValuesOnChangeOnly:2744209:1791
867225574:updateInputs:2746584:458
867225574:updateComponents:2747500:917
867225574:propagateValuesOnChangeOnly:2748917:1750
867225574:updateInputs:2757084:375
867225574:updateComponents:2757917:833
867225574:propagateValuesOnChangeOnly:2759334:1958
867225574:updateInputs:2761959:333
867225574:updateComponents:2762792:875
867225574:propagateValuesOnChangeOnly:2764125:1959
867225574:updateInputs:2766792:292
867225574:updateComponents:2767584:875
867225574:propagateValuesOnChangeOnly:2768959:2166
867225574:updateInputs:2771667:292
867225574:updateComponents:2772459:875
867225574:propagateValuesOnChangeOnly:2773834:1958
867225574:updateInputs:2776375:334
867225574:updateComponents:2777167:917
867225574:propagateValuesOnChangeOnly:2778584:1750
867225574:updateInputs:2780917:375
867225574:updateComponents:2781834:833
867225574:propagateValuesOnChangeOnly:2783250:1792
867225574:updateInputs:2785584:333
867225574:updateComponents:2786417:833
867225574:propagateValuesOnChangeOnly:2787792:1750
867225574:updateInputs:2790125:334
867225574:updateComponents:2791000:834
867225574:propagateValuesOnChangeOnly:2792375:1625
867225574:updateInputs:2794584:333
867225574:updateComponents:2795500:834
867225574:propagateValuesOnChangeOnly:2796875:1709
867225574:updateInputs:2799167:333
867225574:updateComponents:2800000:875
867225574:propagateValuesOnChangeOnly:2801334:1625
867225574:updateInputs:2803584:291
867225574:updateComponents:2804375:792
867225574:propagateValuesOnChangeOnly:2805625:1709
867225574:updateInputs:2807917:375
867225574:updateComponents:2808750:875
867225574:propagateValuesOnChangeOnly:2810125:1709
867225574:updateInputs:2812334:375
867225574:updateComponents:2813167:833
867225574:propagateValuesOnChangeOnly:2814500:1750
867225574:updateInputs:2816750:334
867225574:updateComponents:2817625:875
867225574:propagateValuesOnChangeOnly:2819000:1750
867225574:updateInputs:2821375:334
867225574:updateComponents:2822167:833
867225574:propagateValuesOnChangeOnly:2823500:1750
867225574:updateInputs:2825750:292
867225574:updateComponents:2826542:833
867225574:propagateValuesOnChangeOnly:2827834:1666
867225574:updateInputs:2830000:292
867225574:updateComponents:2830792:917
867225574:propagateValuesOnChangeOnly:2832209:1708
867225574:updateInputs:2834500:334
867225574:updateComponents:2835292:875
867225574:propagateValuesOnChangeOnly:2836625:1709
867225574:updateInputs:2838875:334
867225574:updateComponents:2839709:833
867225574:propagateValuesOnChangeOnly:2841042:1750
867225574:updateInputs:2843334:333
867225574:updateComponents:2844167:833
867225574:propagateValuesOnChangeOnly:2845542:1708
867225574:updateInputs:2847750:334
867225574:updateComponents:2848584:833
867225574:propagateValuesOnChangeOnly:2849917:1667
867225574:updateInputs:2852167:292
867225574:updateComponents:2852959:791
867225574:propagateValuesOnChangeOnly:2854250:1750
867225574:updateInputs:2856542:333
867225574:updateComponents:2857375:834
867225574:propagateValuesOnChangeOnly:2858709:1791
867225574:updateInputs:2861084:291
867225574:updateComponents:2861875:792
867225574:propagateValuesOnChangeOnly:2863167:1750
867225574:updateInputs:2865500:334
867225574:updateComponents:2866334:833
867225574:propagateValuesOnChangeOnly:2867625:1792
867225574:updateInputs:2870000:292
867225574:updateComponents:2870709:833
867225574:propagateValuesOnChangeOnly:2872084:1666
867225574:updateInputs:2874250:292
867225574:updateComponents:2875000:834
867225574:propagateValuesOnChangeOnly:2876334:1750
867225574:updateInputs:2878667:375
867225574:updateComponents:2879584:791
867225574:propagateValuesOnChangeOnly:2880917:1708
867225574:updateInputs:2889084:375
867225574:updateComponents:2890000:875
867225574:propagateValuesOnChangeOnly:2891417:1958
867225574:updateInputs:2893959:333
867225574:updateComponents:2894834:916
867225574:propagateValuesOnChangeOnly:2896292:1917
867225574:updateInputs:2898792:333
867225574:updateComponents:2899584:833
867225574:propagateValuesOnChangeOnly:2900917:1833
867225574:updateInputs:2903292:333
867225574:updateComponents:2904125:875
867225574:propagateValuesOnChangeOnly:2905542:2208
867225574:updateInputs:2908292:333
867225574:updateComponents:2909209:833
867225574:propagateValuesOnChangeOnly:2910584:2125
867225574:updateInputs:2913334:333
867225574:updateComponents:2914167:875
867225574:propagateValuesOnChangeOnly:2915542:1792
867225574:updateInputs:2917834:291
867225574:updateComponents:2918667:875
867225574:propagateValuesOnChangeOnly:2920042:1708
867225574:updateInputs:2922334:375
867225574:updateComponents:2923209:875
867225574:propagateValuesOnChangeOnly:2924542:1750
867225574:updateInputs:2926875:375
867225574:updateComponents:2927750:875
867225574:propagateValuesOnChangeOnly:2929125:1750
867225574:updateInputs:2931500:334
867225574:updateComponents:2932292:833
867225574:propagateValuesOnChangeOnly:2933584:1750
867225574:updateInputs:2935875:334
867225574:updateComponents:2936667:875
867225574:propagateValuesOnChangeOnly:2938000:1750
867225574:updateInputs:2940334:333
867225574:updateComponents:2941167:833
867225574:propagateValuesOnChangeOnly:2942584:1750
867225574:updateInputs:2944875:334
867225574:updateComponents:2945625:792
867225574:propagateValuesOnChangeOnly:2946959:1791
867225574:updateInputs:2949292:292
867225574:updateComponents:2950125:834
867225574:propagateValuesOnChangeOnly:2951459:1708
867225574:updateInputs:2953709:291
867225574:updateComponents:2954459:833
867225574:propagateValuesOnChangeOnly:2955792:1750
867225574:updateInputs:2958084:375
867225574:updateComponents:2958917:833
867225574:propagateValuesOnChangeOnly:2960250:1709
867225574:updateInputs:2962500:375
867225574:updateComponents:2963334:833
867225574:propagateValuesOnChangeOnly:2964625:1750
867225574:updateInputs:2966875:292
867225574:updateComponents:2967667:792
867225574:propagateValuesOnChangeOnly:2968959:1708
867225574:updateInputs:2971250:375
867225574:updateComponents:2972125:834
867225574:propagateValuesOnChangeOnly:2973459:1708
867225574:updateInputs:2975750:292
867225574:updateComponents:2976459:833
867225574:propagateValuesOnChangeOnly:2977709:1708
867225574:updateInputs:2979917:292
867225574:updateComponents:2980667:875
867225574:propagateValuesOnChangeOnly:2982000:1667
867225574:updateInputs:2984209:375
867225574:updateComponents:2985042:917
867225574:propagateValuesOnChangeOnly:2986417:1750
867225574:updateInputs:2988750:334
867225574:updateComponents:2989542:875
867225574:propagateValuesOnChangeOnly:2990917:1708
867225574:updateInputs:2993167:333
867225574:updateComponents:2994000:834
867225574:propagateValuesOnChangeOnly:2995334:1791
867225574:updateInputs:2997625:292
867225574:updateComponents:2998375:834
867225574:propagateValuesOnChangeOnly:2999667:1708
867225574:updateInputs:3001959:291
867225574:updateComponents:3002750:875
867225574:propagateValuesOnChangeOnly:3004084:1791
867225574:updateInputs:3006417:333
867225574:updateComponents:3007209:833
867225574:propagateValuesOnChangeOnly:3008500:1709
867225574:updateInputs:3010792:500
867225574:updateComponents:3011792:875
867225574:propagateValuesOnChangeOnly:3013084:1708
867225574:updateInputs:3021334:375
867225574:updateComponents:3022167:875
867225574:propagateValuesOnChangeOnly:3023500:1959
867225574:updateInputs:3026084:375
867225574:updateComponents:3026959:916
867225574:propagateValuesOnChangeOnly:3028459:1875
867225574:updateInputs:3030834:291
867225574:updateComponents:3031542:833
867225574:propagateValuesOnChangeOnly:3032917:1792
867225574:updateInputs:3035292:292
867225574:updateComponents:3036125:834
867225574:propagateValuesOnChangeOnly:3037417:1708
867225574:updateInputs:3039709:375
867225574:updateComponents:3040584:916
867225574:propagateValuesOnChangeOnly:3042042:1708
867225574:updateInputs:3044250:334
867225574:updateComponents:3045125:834
867225574:propagateValuesOnChangeOnly:3046459:1708
867225574:updateInputs:3048750:334
867225574:updateComponents:3052792:833
867225574:propagateValuesOnChangeOnly:3054167:1792
867225574:updateInputs:3056542:292
867225574:updateComponents:3057292:833
867225574:propagateValuesOnChangeOnly:3058709:1666
867225574:updateInputs:3060917:292
867225574:updateComponents:3061750:875
867225574:propagateValuesOnChangeOnly:3063125:1709
867225574:updateInputs:3065417:333
867225574:updateComponents:3066334:875
867225574:propagateValuesOnChangeOnly:3067667:1750
867225574:updateInputs:3070000:334
867225574:updateComponents:3070917:833
867225574:propagateValuesOnChangeOnly:3072292:1667
867225574:updateInputs:3074500:292
867225574:updateComponents:3075250:792
867225574:propagateValuesOnChangeOnly:3076459:1666
867225574:updateInputs:3078625:292
867225574:updateComponents:3079375:834
867225574:propagateValuesOnChangeOnly:3080750:1709
867225574:updateInputs:3083084:291
867225574:updateComponents:3083917:875
867225574:propagateValuesOnChangeOnly:3085334:1666
867225574:updateInputs:3087584:291
867225574:updateComponents:3088375:834
867225574:propagateValuesOnChangeOnly:3089750:1709
867225574:updateInputs:3091959:333
867225574:updateComponents:3092792:875
867225574:propagateValuesOnChangeOnly:3094125:1709
867225574:updateInputs:3096375:334
867225574:updateComponents:3097125:875
867225574:propagateValuesOnChangeOnly:3098542:1750
867225574:updateInputs:3100834:375
867225574:updateComponents:3101750:875
867225574:propagateValuesOnChangeOnly:3103125:1709
867225574:updateInputs:3105334:333
867225574:updateComponents:3106250:875
867225574:propagateValuesOnChangeOnly:3107667:1708
867225574:updateInputs:3109875:334
867225574:updateComponents:3110709:875
867225574:propagateValuesOnChangeOnly:3112084:1708
867225574:updateInputs:3114334:291
867225574:updateComponents:3115209:875
867225574:propagateValuesOnChangeOnly:3116542:1708
867225574:updateInputs:3118792:375
867225574:updateComponents:3119625:834
867225574:propagateValuesOnChangeOnly:3120917:1708
867225574:updateInputs:3123167:333
867225574:updateComponents:3123959:916
867225574:propagateValuesOnChangeOnly:3125375:1667
867225574:updateInputs:3127625:334
867225574:updateComponents:3128459:875
867225574:propagateValuesOnChangeOnly:3129875:1667
867225574:updateInputs:3132125:334
867225574:updateComponents:3133042:833
867225574:propagateValuesOnChangeOnly:3134375:1750
867225574:updateInputs:3136709:291
867225574:updateComponents:3137459:833
867225574:propagateValuesOnChangeOnly:3138792:1708
867225574:updateInputs:3141084:333
867225574:updateComponents:3141875:875
867225574:propagateValuesOnChangeOnly:3143167:1708
867225574:Run loop:607500:2537875
867225574:main:1292:3205833
