Title:SR-Latch test
1722624754:updateInputs:938459:375
1722624754:updateComponents:964917:667
1722624754:Init circuit:904125:74084
1722624754:updateInputs:979875:209
1722624754:updateComponents:980625:500
1722624754:propagateValuesOnChangeOnly:982834:666
1722624754:updateInputs:989459:333
1722624754:updateComponents:990292:333
1722624754:propagateValuesOnChangeOnly:991084:708
1722624754:updateInputs:998500:209
1722624754:updateComponents:999167:333
1722624754:propagateValuesOnChangeOnly:1000042:750
1722624754:updateInputs:1005667:250
1722624754:updateComponents:1006375:334
1722624754:propagateValuesOnChangeOnly:1007209:750
1722624754:updateInputs:1013542:333
1722624754:updateComponents:1014375:292
1722624754:propagateValuesOnChangeOnly:1027209:500
1722624754:updateInputs:1032834:333
1722624754:updateComponents:1033667:292
1722624754:propagateValuesOnChangeOnly:1034500:375
1722624754:updateInputs:1039459:291
1722624754:updateComponents:1040292:292
1722624754:propagateValuesOnChangeOnly:1041042:583
1722624754:updateInputs:1046334:291
1722624754:updateComponents:1047084:375
1722624754:propagateValuesOnChangeOnly:1048000:709
1722624754:updateInputs:1053334:291
1722624754:updateComponents:1054084:291
1722624754:propagateValuesOnChangeOnly:1054917:458
1722624754:updateInputs:1059917:292
1722624754:updateComponents:1060709:333
1722624754:propagateValuesOnChangeOnly:1061542:333
1722624754:Run loop:979792:91667
1722624754:main:1584:1079791
