Title: 1-bit register with enable test
1693822136:updateInputs:69208:292
1693822136:updateComponents:75833:542
1693822136:Init circuit:46417:33583
1693822136:updateInputs:80208:167
1693822136:updateComponents:80417:416
1693822136:propagateValuesOnChangeOnly:81000:458
1693822136:updateInputs:83833:125
1693822136:updateComponents:84000:333
1693822136:propagateValuesOnChangeOnly:84375:458
1693822136:updateInputs:87000:167
1693822136:updateComponents:87167:333
1693822136:propagateValuesOnChangeOnly:87500:375
1693822136:updateInputs:89917:125
1693822136:updateComponents:90083:292
1693822136:propagateValuesOnChangeOnly:90417:375
1693822136:updateInputs:92750:125
1693822136:updateComponents:92875:292
1693822136:propagateValuesOnChangeOnly:93333:500
1693822136:updateInputs:95958:125
1693822136:updateComponents:96125:292
1693822136:propagateValuesOnChangeOnly:96458:417
1693822136:updateInputs:98833:125
1693822136:updateComponents:99000:292
1693822136:propagateValuesOnChangeOnly:99292:416
1693822136:updateInputs:101667:83
1693822136:updateComponents:101792:291
1693822136:propagateValuesOnChangeOnly:102125:375
1693822136:updateInputs:104458:125
1693822136:updateComponents:104625:292
1693822136:propagateValuesOnChangeOnly:104917:375
1693822136:updateInputs:107208:125
1693822136:updateComponents:107333:292
1693822136:propagateValuesOnChangeOnly:107667:375
1693822136:updateInputs:110375:125
1693822136:updateComponents:110542:250
1693822136:propagateValuesOnChangeOnly:110833:375
1693822136:updateInputs:113208:125
1693822136:updateComponents:113375:292
1693822136:propagateValuesOnChangeOnly:113708:375
1693822136:updateInputs:116042:166
1693822136:updateComponents:116250:250
1693822136:propagateValuesOnChangeOnly:116542:416
1693822136:updateInputs:118917:125
1693822136:updateComponents:119083:292
1693822136:propagateValuesOnChangeOnly:119375:417
1693822136:updateInputs:121792:125
1693822136:updateComponents:121917:291
1693822136:propagateValuesOnChangeOnly:122250:417
1693822136:updateInputs:124875:125
1693822136:updateComponents:125042:291
1693822136:propagateValuesOnChangeOnly:125375:375
1693822136:updateInputs:127750:125
1693822136:updateComponents:127917:291
1693822136:propagateValuesOnChangeOnly:128250:417
1693822136:updateInputs:130625:125
1693822136:updateComponents:130792:291
1693822136:propagateValuesOnChangeOnly:131125:417
1693822136:updateInputs:133500:125
1693822136:updateComponents:133667:291
1693822136:propagateValuesOnChangeOnly:134000:417
1693822136:updateInputs:136375:125
1693822136:updateComponents:136542:291
1693822136:propagateValuesOnChangeOnly:136833:417
1693822136:updateInputs:139250:125
1693822136:updateComponents:139417:291
1693822136:propagateValuesOnChangeOnly:139958:375
1693822136:updateInputs:142292:83
1693822136:updateComponents:142417:291
1693822136:propagateValuesOnChangeOnly:142750:375
1693822136:updateInputs:145083:84
1693822136:updateComponents:145208:292
1693822136:propagateValuesOnChangeOnly:145542:416
1693822136:updateInputs:147917:125
1693822136:updateComponents:148042:291
1693822136:propagateValuesOnChangeOnly:148333:417
1693822136:updateInputs:150750:83
1693822136:updateComponents:150875:292
1693822136:propagateValuesOnChangeOnly:151208:375
1693822136:updateInputs:153583:125
1693822136:updateComponents:153750:292
1693822136:propagateValuesOnChangeOnly:154042:416
1693822136:updateInputs:156417:125
1693822136:updateComponents:156583:292
1693822136:propagateValuesOnChangeOnly:156917:375
1693822136:updateInputs:159250:125
1693822136:updateComponents:159417:291
1693822136:propagateValuesOnChangeOnly:159750:375
1693822136:updateInputs:162083:125
1693822136:updateComponents:162250:292
1693822136:propagateValuesOnChangeOnly:162542:375
1693822136:updateInputs:164917:125
1693822136:updateComponents:165083:292
1693822136:propagateValuesOnChangeOnly:165375:417
1693822136:updateInputs:167792:125
1693822136:updateComponents:167958:250
1693822136:propagateValuesOnChangeOnly:168250:500
1693822136:updateInputs:170708:125
1693822136:updateComponents:170875:292
1693822136:propagateValuesOnChangeOnly:171208:459
1693822136:updateInputs:173667:125
1693822136:updateComponents:173833:250
1693822136:propagateValuesOnChangeOnly:174125:375
1693822136:updateInputs:176667:125
1693822136:updateComponents:176792:291
1693822136:propagateValuesOnChangeOnly:177125:375
1693822136:updateInputs:179458:125
1693822136:updateComponents:179625:292
1693822136:propagateValuesOnChangeOnly:179917:375
1693822136:updateInputs:182250:125
1693822136:updateComponents:182375:333
1693822136:propagateValuesOnChangeOnly:182708:417
1693822136:updateInputs:185125:167
1693822136:updateComponents:185292:333
1693822136:propagateValuesOnChangeOnly:185625:375
1693822136:updateInputs:188000:83
1693822136:updateComponents:188125:292
1693822136:propagateValuesOnChangeOnly:188458:417
1693822136:updateInputs:190833:125
1693822136:updateComponents:191000:250
1693822136:propagateValuesOnChangeOnly:191292:416
1693822136:updateInputs:193625:125
1693822136:updateComponents:193792:291
1693822136:propagateValuesOnChangeOnly:194125:375
1693822136:updateInputs:196500:125
1693822136:updateComponents:196667:250
1693822136:propagateValuesOnChangeOnly:196958:375
1693822136:updateInputs:199292:125
1693822136:updateComponents:199458:292
1693822136:propagateValuesOnChangeOnly:199792:375
1693822136:updateInputs:203458:125
1693822136:updateComponents:203625:292
1693822136:propagateValuesOnChangeOnly:203917:458
1693822136:updateInputs:206375:125
1693822136:updateComponents:206500:292
1693822136:propagateValuesOnChangeOnly:206833:417
1693822136:updateInputs:209208:167
1693822136:updateComponents:209375:292
1693822136:propagateValuesOnChangeOnly:209750:375
1693822136:updateInputs:212083:125
1693822136:updateComponents:212250:292
1693822136:propagateValuesOnChangeOnly:212542:416
1693822136:updateInputs:214917:125
1693822136:updateComponents:215083:292
1693822136:propagateValuesOnChangeOnly:215417:291
1693822136:updateInputs:217667:125
1693822136:updateComponents:217833:292
1693822136:propagateValuesOnChangeOnly:218167:375
1693822136:updateInputs:220500:125
1693822136:updateComponents:220625:292
1693822136:propagateValuesOnChangeOnly:220958:375
1693822136:updateInputs:223292:125
1693822136:updateComponents:223458:292
1693822136:propagateValuesOnChangeOnly:223750:417
1693822136:updateInputs:226125:125
1693822136:updateComponents:226292:291
1693822136:propagateValuesOnChangeOnly:226583:375
1693822136:updateInputs:228917:125
1693822136:updateComponents:229042:291
1693822136:propagateValuesOnChangeOnly:229375:333
1693822136:updateInputs:231667:125
1693822136:updateComponents:231792:333
1693822136:propagateValuesOnChangeOnly:232125:375
1693822136:updateInputs:234417:166
1693822136:updateComponents:234583:292
1693822136:propagateValuesOnChangeOnly:234875:375
1693822136:Run loop:80208:157000
1693822136:main:500:245375
