Title:D-Latch with asynchronous SR test
3733557848:updateInputs:1486125:458
3733557848:updateComponents:1513167:1375
3733557848:Init circuit:1439417:88583
3733557848:updateInputs:1529750:417
3733557848:updateComponents:1530667:1083
3733557848:propagateValuesOnChangeOnly:1533667:1625
3733557848:updateInputs:1543333:417
3733557848:updateComponents:1544333:667
3733557848:propagateValuesOnChangeOnly:1545500:1625
3733557848:updateInputs:1555375:375
3733557848:updateComponents:1556292:625
3733557848:propagateValuesOnChangeOnly:1557500:1417
3733557848:updateInputs:1565208:417
3733557848:updateComponents:1566167:625
3733557848:propagateValuesOnChangeOnly:1567292:1375
3733557848:updateInputs:1575042:416
3733557848:updateComponents:1575958:625
3733557848:propagateValuesOnChangeOnly:1590125:1375
3733557848:updateInputs:1598083:292
3733557848:updateComponents:1598917:625
3733557848:propagateValuesOnChangeOnly:1600083:1209
3733557848:updateInputs:1608417:291
3733557848:updateComponents:1609292:666
3733557848:propagateValuesOnChangeOnly:1610458:1167
3733557848:updateInputs:1618042:333
3733557848:updateComponents:1618917:583
3733557848:propagateValuesOnChangeOnly:1620000:1208
3733557848:updateInputs:1627417:333
3733557848:updateComponents:1628292:625
3733557848:propagateValuesOnChangeOnly:1629417:1125
3733557848:updateInputs:1636708:375
3733557848:updateComponents:1637625:625
3733557848:propagateValuesOnChangeOnly:1638750:1167
3733557848:updateInputs:1650958:417
3733557848:updateComponents:1651917:666
3733557848:propagateValuesOnChangeOnly:1653083:1417
3733557848:updateInputs:1661083:334
3733557848:updateComponents:1661875:625
3733557848:propagateValuesOnChangeOnly:1663042:1375
3733557848:updateInputs:1670917:500
3733557848:updateComponents:1671917:666
3733557848:propagateValuesOnChangeOnly:1673083:1417
3733557848:updateInputs:1680875:292
3733557848:updateComponents:1681667:625
3733557848:propagateValuesOnChangeOnly:1682792:1666
3733557848:updateInputs:1691000:292
3733557848:updateComponents:1691875:625
3733557848:propagateValuesOnChangeOnly:1693042:1166
3733557848:updateInputs:1700458:417
3733557848:updateComponents:1701417:583
3733557848:propagateValuesOnChangeOnly:1702542:1166
3733557848:updateInputs:1710792:458
3733557848:updateComponents:1711792:625
3733557848:propagateValuesOnChangeOnly:1712958:1375
3733557848:updateInputs:1723417:500
3733557848:updateComponents:1724458:584
3733557848:propagateValuesOnChangeOnly:1725542:1166
3733557848:updateInputs:1733167:291
3733557848:updateComponents:1733958:625
3733557848:propagateValuesOnChangeOnly:1735083:1417
3733557848:updateInputs:1743000:458
3733557848:updateComponents:1743958:584
3733557848:propagateValuesOnChangeOnly:1745083:1459
3733557848:updateInputs:1752875:375
3733557848:updateComponents:1753792:666
3733557848:propagateValuesOnChangeOnly:1762583:1250
3733557848:updateInputs:1770250:417
3733557848:updateComponents:1771208:625
3733557848:propagateValuesOnChangeOnly:1772375:1167
3733557848:updateInputs:1779917:291
3733557848:updateComponents:1780708:584
3733557848:propagateValuesOnChangeOnly:1781875:1167
3733557848:updateInputs:1789458:334
3733557848:updateComponents:1790292:583
3733557848:propagateValuesOnChangeOnly:1791333:1209
3733557848:Run loop:1529708:269250
3733557848:main:1500:1850083
