Title: Ram 256 words, 16 bits test
1945995890:updateInputs:37462625:458
1945995890:updateComponents:37487125:368916
1945995890:Init circuit:20333250:20655750
1945995890:updateInputs:40989083:542
1945995890:updateComponents:40989625:458000
1945995890:propagateValuesOnChangeOnly:41449625:1442333
1945995890:updateInputs:42892583:333
1945995890:updateComponents:42892958:406750
1945995890:propagateValuesOnChangeOnly:43299875:1383458
1945995890:updateInputs:44683833:375
1945995890:updateComponents:44684250:396291
1945995890:propagateValuesOnChangeOnly:45080583:1352583
1945995890:updateInputs:46436000:416
1945995890:updateComponents:46436416:395292
1945995890:propagateValuesOnChangeOnly:46831750:1355041
1945995890:updateInputs:48187083:333
1945995890:updateComponents:48187541:387667
1945995890:propagateValuesOnChangeOnly:48578458:1373833
1945995890:updateInputs:49952875:375
1945995890:updateComponents:49953291:395375
1945995890:propagateValuesOnChangeOnly:50351291:1425334
1945995890:updateInputs:51778333:375
1945995890:updateComponents:51778833:428000
1945995890:propagateValuesOnChangeOnly:52206916:1526417
1945995890:updateInputs:53733500:333
1945995890:updateComponents:53733958:428792
1945995890:propagateValuesOnChangeOnly:54162791:1564250
1945995890:updateInputs:55727666:459
1945995890:updateComponents:55728125:464500
1945995890:propagateValuesOnChangeOnly:56192708:1557750
1945995890:updateInputs:57751041:334
1945995890:updateComponents:57751416:450542
1945995890:propagateValuesOnChangeOnly:58201958:1680708
1945995890:updateInputs:59884041:375
1945995890:updateComponents:59884416:480375
1945995890:propagateValuesOnChangeOnly:60365041:1695625
1945995890:updateInputs:62061208:500
1945995890:updateComponents:62061708:512875
1945995890:propagateValuesOnChangeOnly:62574833:1768250
1945995890:updateInputs:64979666:1167
1945995890:updateComponents:64981166:528625
1945995890:propagateValuesOnChangeOnly:65509875:1090750
1945995890:updateInputs:66601416:375
1945995890:updateComponents:66601875:407166
1945995890:propagateValuesOnChangeOnly:67009125:1166875
1945995890:updateInputs:68176250:416
1945995890:updateComponents:68176791:408917
1945995890:propagateValuesOnChangeOnly:68585708:1072250
1945995890:updateInputs:69658083:333
1945995890:updateComponents:69658583:408542
1945995890:propagateValuesOnChangeOnly:70067166:1366917
1945995890:updateInputs:71434291:375
1945995890:updateComponents:71434708:396292
1945995890:propagateValuesOnChangeOnly:71831041:1586292
1945995890:updateInputs:73417500:250
1945995890:updateComponents:73417750:398416
1945995890:propagateValuesOnChangeOnly:73816208:1375792
1945995890:updateInputs:75192541:292
1945995890:updateComponents:75193000:407791
1945995890:propagateValuesOnChangeOnly:75600833:1372292
1945995890:updateInputs:76973333:458
1945995890:updateComponents:76973791:396500
1945995890:propagateValuesOnChangeOnly:77370291:1367209
1945995890:updateInputs:78738041:292
1945995890:updateComponents:78738333:399083
1945995890:propagateValuesOnChangeOnly:79151666:1363500
1945995890:updateInputs:80515750:250
1945995890:updateComponents:80516000:395625
1945995890:propagateValuesOnChangeOnly:80911666:1364584
1945995890:updateInputs:82276458:333
1945995890:updateComponents:82276875:397958
1945995890:propagateValuesOnChangeOnly:82674833:1372917
1945995890:updateInputs:84048375:333
1945995890:updateComponents:84048875:393333
1945995890:propagateValuesOnChangeOnly:84442250:1378708
1945995890:updateInputs:86343666:500
1945995890:updateComponents:86344333:423042
1945995890:propagateValuesOnChangeOnly:86767416:1106584
1945995890:updateInputs:87874250:291
1945995890:updateComponents:87874583:409667
1945995890:propagateValuesOnChangeOnly:88284291:1099167
1945995890:updateInputs:89383625:375
1945995890:updateComponents:89384041:408334
1945995890:propagateValuesOnChangeOnly:89792416:1011209
1945995890:updateInputs:90803833:375
1945995890:updateComponents:90804250:423833
1945995890:propagateValuesOnChangeOnly:91228083:1110417
1945995890:updateInputs:92338708:292
1945995890:updateComponents:92339041:404167
1945995890:propagateValuesOnChangeOnly:92743250:1161541
1945995890:updateInputs:93905041:459
1945995890:updateComponents:93905666:408250
1945995890:propagateValuesOnChangeOnly:94313958:1372583
1945995890:updateInputs:95686750:375
1945995890:updateComponents:95687333:395125
1945995890:propagateValuesOnChangeOnly:96082458:1374167
1945995890:updateInputs:97456833:375
1945995890:updateComponents:97457375:394625
1945995890:propagateValuesOnChangeOnly:97852000:1352666
1945995890:updateInputs:99204916:292
1945995890:updateComponents:99205208:393458
1945995890:propagateValuesOnChangeOnly:99598666:1368792
1945995890:updateInputs:100967708:375
1945995890:updateComponents:100968083:393875
1945995890:propagateValuesOnChangeOnly:101362000:1369000
1945995890:updateInputs:102731208:375
1945995890:updateComponents:102731583:398250
1945995890:propagateValuesOnChangeOnly:103129833:1368625
1945995890:updateInputs:104498666:375
1945995890:updateComponents:104499083:400625
1945995890:propagateValuesOnChangeOnly:104899708:1423542
1945995890:updateInputs:106864416:500
1945995890:updateComponents:106865000:428083
1945995890:propagateValuesOnChangeOnly:107293125:1066833
1945995890:updateInputs:108360125:416
1945995890:updateComponents:108360750:409416
1945995890:propagateValuesOnChangeOnly:108770208:1153500
1945995890:updateInputs:109923916:459
1945995890:updateComponents:109924500:407250
1945995890:propagateValuesOnChangeOnly:110331791:1070667
1945995890:updateInputs:111402666:375
1945995890:updateComponents:111403166:411625
1945995890:propagateValuesOnChangeOnly:111814833:1377667
1945995890:updateInputs:113192708:333
1945995890:updateComponents:113193083:402708
1945995890:propagateValuesOnChangeOnly:113595791:1405125
1945995890:updateInputs:115001125:333
1945995890:updateComponents:115001500:391083
1945995890:propagateValuesOnChangeOnly:115392583:1372000
1945995890:updateInputs:116765791:417
1945995890:updateComponents:116766250:393458
1945995890:propagateValuesOnChangeOnly:117159750:1381208
1945995890:updateInputs:118541166:334
1945995890:updateComponents:118541541:392875
1945995890:propagateValuesOnChangeOnly:118934416:1377584
1945995890:updateInputs:120312208:375
1945995890:updateComponents:120312625:389083
1945995890:propagateValuesOnChangeOnly:120701833:1365542
1945995890:updateInputs:122067583:333
1945995890:updateComponents:122067958:400167
1945995890:propagateValuesOnChangeOnly:122468125:1359333
1945995890:updateInputs:123827958:333
1945995890:updateComponents:123828375:393541
1945995890:propagateValuesOnChangeOnly:124221958:1364917
1945995890:updateInputs:125587083:458
1945995890:updateComponents:125587666:393834
1945995890:propagateValuesOnChangeOnly:125981541:1369542
1945995890:updateInputs:127875458:375
1945995890:updateComponents:127875916:423334
1945995890:propagateValuesOnChangeOnly:128299250:1134458
1945995890:updateInputs:129433958:292
1945995890:updateComponents:129434291:400667
1945995890:propagateValuesOnChangeOnly:129834958:1128792
1945995890:updateInputs:130963958:333
1945995890:updateComponents:130964333:417958
1945995890:propagateValuesOnChangeOnly:131382291:1018750
1945995890:updateInputs:132401208:333
1945995890:updateComponents:132401583:409667
1945995890:propagateValuesOnChangeOnly:132811291:1104667
1945995890:updateInputs:133916250:291
1945995890:updateComponents:133916750:406208
1945995890:propagateValuesOnChangeOnly:134323000:1120750
1945995890:updateInputs:135443958:417
1945995890:updateComponents:135444416:405500
1945995890:propagateValuesOnChangeOnly:135849916:1377750
1945995890:updateInputs:137227875:500
1945995890:updateComponents:137228375:399541
1945995890:propagateValuesOnChangeOnly:137627958:1414417
1945995890:updateInputs:139057416:959
1945995890:updateComponents:139058541:395625
1945995890:propagateValuesOnChangeOnly:139454166:1307542
1945995890:updateInputs:140762291:292
1945995890:updateComponents:140762583:393292
1945995890:propagateValuesOnChangeOnly:141155875:1308750
1945995890:updateInputs:142464791:334
1945995890:updateComponents:142465166:388125
1945995890:propagateValuesOnChangeOnly:142853333:1330500
1945995890:updateInputs:144184041:334
1945995890:updateComponents:144184416:396084
1945995890:propagateValuesOnChangeOnly:144580541:1313542
1945995890:updateInputs:145894291:459
1945995890:updateComponents:145894791:393459
1945995890:propagateValuesOnChangeOnly:146288291:1312000
1945995890:updateInputs:148147875:166
1945995890:updateComponents:148148250:430083
1945995890:propagateValuesOnChangeOnly:148578333:1073083
1945995890:updateInputs:149651708:417
1945995890:updateComponents:149652250:402958
1945995890:propagateValuesOnChangeOnly:150055208:1124750
1945995890:updateInputs:151180250:291
1945995890:updateComponents:151180625:397666
1945995890:propagateValuesOnChangeOnly:151578333:1029042
1945995890:updateInputs:152607583:375
1945995890:updateComponents:152608125:404750
1945995890:propagateValuesOnChangeOnly:153012875:1301625
1945995890:updateInputs:154314708:417
1945995890:updateComponents:154315166:389709
1945995890:propagateValuesOnChangeOnly:154704875:1370250
1945995890:updateInputs:156075291:500
1945995890:updateComponents:156075791:392042
1945995890:propagateValuesOnChangeOnly:156467875:1319500
1945995890:updateInputs:157787625:333
1945995890:updateComponents:157787958:388917
1945995890:propagateValuesOnChangeOnly:158180916:1310500
1945995890:updateInputs:159491666:417
1945995890:updateComponents:159492125:390875
1945995890:propagateValuesOnChangeOnly:159883041:1311000
1945995890:updateInputs:161194291:375
1945995890:updateComponents:161194666:391500
1945995890:propagateValuesOnChangeOnly:161586166:1316125
1945995890:updateInputs:162902500:416
1945995890:updateComponents:162903083:391708
1945995890:propagateValuesOnChangeOnly:163294791:1302667
1945995890:updateInputs:164597666:334
1945995890:updateComponents:164598125:393583
1945995890:propagateValuesOnChangeOnly:164991708:1305625
1945995890:updateInputs:166297541:375
1945995890:updateComponents:166298083:398250
1945995890:propagateValuesOnChangeOnly:166696333:1305708
1945995890:updateInputs:168527583:458
1945995890:updateComponents:168528125:419416
1945995890:propagateValuesOnChangeOnly:168947541:1080000
1945995890:updateInputs:170027791:334
1945995890:updateComponents:170028125:400500
1945995890:propagateValuesOnChangeOnly:170428666:1065334
1945995890:updateInputs:171494250:333
1945995890:updateComponents:171494625:398166
1945995890:propagateValuesOnChangeOnly:171892833:1017917
1945995890:updateInputs:172910958:417
1945995890:updateComponents:172911416:405334
1945995890:propagateValuesOnChangeOnly:173316791:1061000
1945995890:updateInputs:174378000:458
1945995890:updateComponents:174378500:401625
1945995890:propagateValuesOnChangeOnly:174780125:1104375
1945995890:updateInputs:175884708:417
1945995890:updateComponents:175885208:397625
1945995890:propagateValuesOnChangeOnly:176282875:1311583
1945995890:updateInputs:177594666:375
1945995890:updateComponents:177595125:394541
1945995890:propagateValuesOnChangeOnly:177989708:1317542
1945995890:updateInputs:179307458:375
1945995890:updateComponents:179307958:392417
1945995890:propagateValuesOnChangeOnly:179700416:1327459
1945995890:updateInputs:181028125:375
1945995890:updateComponents:181028541:392834
1945995890:propagateValuesOnChangeOnly:181421375:1323125
1945995890:updateInputs:182744708:500
1945995890:updateComponents:182745250:388458
1945995890:propagateValuesOnChangeOnly:183133791:1317000
1945995890:updateInputs:184451000:375
1945995890:updateComponents:184451416:391584
1945995890:propagateValuesOnChangeOnly:184843000:1307833
1945995890:updateInputs:186151041:542
1945995890:updateComponents:186151625:393333
1945995890:propagateValuesOnChangeOnly:186544958:1357000
1945995890:updateInputs:188443500:541
1945995890:updateComponents:188444083:424417
1945995890:propagateValuesOnChangeOnly:188870375:1051875
1945995890:updateInputs:189922458:458
1945995890:updateComponents:189922958:405250
1945995890:propagateValuesOnChangeOnly:190328208:1161000
1945995890:updateInputs:191489416:459
1945995890:updateComponents:191489958:402750
1945995890:propagateValuesOnChangeOnly:191892750:1057291
1945995890:updateInputs:192950250:375
1945995890:updateComponents:192950750:397083
1945995890:propagateValuesOnChangeOnly:193347833:1310083
1945995890:updateInputs:194658125:375
1945995890:updateComponents:194658541:393000
1945995890:propagateValuesOnChangeOnly:195051583:1330833
1945995890:updateInputs:196382666:334
1945995890:updateComponents:196383041:390000
1945995890:propagateValuesOnChangeOnly:196773083:1309292
1945995890:updateInputs:198082583:333
1945995890:updateComponents:198082958:400167
1945995890:propagateValuesOnChangeOnly:198483166:1311584
1945995890:updateInputs:199794958:375
1945995890:updateComponents:199795375:386875
1945995890:propagateValuesOnChangeOnly:200182291:1529875
1945995890:updateInputs:201712375:333
1945995890:updateComponents:201712708:401708
1945995890:propagateValuesOnChangeOnly:202114458:1323417
1945995890:updateInputs:203438083:375
1945995890:updateComponents:203438500:391333
1945995890:propagateValuesOnChangeOnly:203829875:1351083
1945995890:updateInputs:205181166:292
1945995890:updateComponents:205181666:396584
1945995890:propagateValuesOnChangeOnly:205578250:1310708
1945995890:updateInputs:206889458:375
1945995890:updateComponents:206890000:393583
1945995890:propagateValuesOnChangeOnly:207283583:1311875
1945995890:updateInputs:209121750:416
1945995890:updateComponents:209122208:423917
1945995890:propagateValuesOnChangeOnly:209546125:1131875
1945995890:updateInputs:210678208:417
1945995890:updateComponents:210678666:393959
1945995890:propagateValuesOnChangeOnly:211072666:1071375
1945995890:updateInputs:212144291:334
1945995890:updateComponents:212144625:403875
1945995890:propagateValuesOnChangeOnly:212551541:979042
1945995890:updateInputs:213530791:334
1945995890:updateComponents:213531125:404333
1945995890:propagateValuesOnChangeOnly:213935625:1051750
1945995890:updateInputs:214987583:500
1945995890:updateComponents:214988125:397708
1945995890:propagateValuesOnChangeOnly:215385875:1132583
1945995890:updateInputs:216518791:375
1945995890:updateComponents:216519208:411583
1945995890:propagateValuesOnChangeOnly:216930833:1316792
1945995890:updateInputs:218250291:459
1945995890:updateComponents:218250791:395209
1945995890:propagateValuesOnChangeOnly:218646000:1327166
1945995890:updateInputs:219973375:583
1945995890:updateComponents:219974041:392834
1945995890:propagateValuesOnChangeOnly:220366916:1342000
1945995890:updateInputs:221709458:250
1945995890:updateComponents:221709875:392416
1945995890:propagateValuesOnChangeOnly:222102291:1319292
1945995890:updateInputs:223421791:417
1945995890:updateComponents:223422250:394708
1945995890:propagateValuesOnChangeOnly:223816958:1318625
1945995890:updateInputs:225135791:292
1945995890:updateComponents:225136125:397291
1945995890:propagateValuesOnChangeOnly:225533416:1306500
1945995890:updateInputs:226840166:292
1945995890:updateComponents:226840500:393000
1945995890:propagateValuesOnChangeOnly:227233583:1299375
1945995890:updateInputs:229060583:500
1945995890:updateComponents:229061166:425042
1945995890:propagateValuesOnChangeOnly:229486208:1026000
1945995890:updateInputs:230512375:458
1945995890:updateComponents:230512875:403041
1945995890:propagateValuesOnChangeOnly:230915958:1113958
1945995890:updateInputs:232030125:375
1945995890:updateComponents:232030625:400791
1945995890:propagateValuesOnChangeOnly:232431416:1021125
1945995890:updateInputs:233452750:375
1945995890:updateComponents:233453250:397000
1945995890:propagateValuesOnChangeOnly:233850250:1315166
1945995890:updateInputs:235166083:292
1945995890:updateComponents:235166416:398917
1945995890:propagateValuesOnChangeOnly:235565333:1308958
1945995890:updateInputs:236874500:375
1945995890:updateComponents:236874916:387792
1945995890:propagateValuesOnChangeOnly:237262708:1309417
1945995890:updateInputs:238572333:333
1945995890:updateComponents:238572708:413458
1945995890:propagateValuesOnChangeOnly:238988666:1315209
1945995890:updateInputs:240304125:416
1945995890:updateComponents:240304583:394417
1945995890:propagateValuesOnChangeOnly:240699083:1330708
1945995890:updateInputs:242030083:250
1945995890:updateComponents:242030375:390083
1945995890:propagateValuesOnChangeOnly:242420541:1306459
1945995890:updateInputs:243727291:459
1945995890:updateComponents:243727791:389125
1945995890:propagateValuesOnChangeOnly:244116916:1315500
1945995890:updateInputs:245432625:375
1945995890:updateComponents:245433166:394625
1945995890:propagateValuesOnChangeOnly:245827791:1306834
1945995890:updateInputs:247134875:208
1945995890:updateComponents:247135250:395083
1945995890:propagateValuesOnChangeOnly:247530375:1334625
1945995890:updateInputs:249393541:417
1945995890:updateComponents:249394125:420041
1945995890:propagateValuesOnChangeOnly:249814208:1078000
1945995890:updateInputs:250892416:459
1945995890:updateComponents:250892916:401834
1945995890:propagateValuesOnChangeOnly:251294791:1164667
1945995890:updateInputs:252460208:292
1945995890:updateComponents:252460541:468750
1945995890:propagateValuesOnChangeOnly:252929291:1182459
1945995890:updateInputs:254111958:333
1945995890:updateComponents:254112333:480958
1945995890:propagateValuesOnChangeOnly:254593500:1313625
1945995890:updateInputs:255907541:375
1945995890:updateComponents:255907958:472042
1945995890:propagateValuesOnChangeOnly:256380000:1286083
1945995890:updateInputs:257667000:333
1945995890:updateComponents:257667375:444916
1945995890:propagateValuesOnChangeOnly:258112416:1488959
1945995890:updateInputs:259601916:334
1945995890:updateComponents:259602416:447542
1945995890:propagateValuesOnChangeOnly:260050000:1548833
1945995890:updateInputs:261599291:375
1945995890:updateComponents:261599750:443208
1945995890:propagateValuesOnChangeOnly:262043041:1496375
1945995890:updateInputs:263539875:375
1945995890:updateComponents:263540250:436375
1945995890:propagateValuesOnChangeOnly:263976708:1603500
1945995890:updateInputs:265580916:459
1945995890:updateComponents:265581416:495125
1945995890:propagateValuesOnChangeOnly:266076583:1708000
1945995890:updateInputs:267785041:292
1945995890:updateComponents:267785500:490250
1945995890:propagateValuesOnChangeOnly:268276125:1622625
1945995890:updateInputs:269899333:417
1945995890:updateComponents:269899750:440041
1945995890:propagateValuesOnChangeOnly:270339791:1681959
1945995890:updateInputs:272627250:541
1945995890:updateComponents:272627958:508833
1945995890:propagateValuesOnChangeOnly:273136958:1355667
1945995890:updateInputs:274492791:292
1945995890:updateComponents:274493125:428333
1945995890:propagateValuesOnChangeOnly:274921500:1165375
1945995890:updateInputs:276087458:292
1945995890:updateComponents:276087833:400833
1945995890:propagateValuesOnChangeOnly:276488708:1078625
1945995890:updateInputs:277567541:250
1945995890:updateComponents:277567958:413583
1945995890:propagateValuesOnChangeOnly:277981625:1329791
1945995890:updateInputs:279311625:416
1945995890:updateComponents:279312083:393583
1945995890:propagateValuesOnChangeOnly:279705708:1326125
1945995890:updateInputs:281032041:417
1945995890:updateComponents:281032458:405792
1945995890:propagateValuesOnChangeOnly:281438291:1300625
1945995890:updateInputs:282739125:375
1945995890:updateComponents:282739541:391625
1945995890:propagateValuesOnChangeOnly:283131208:1304667
1945995890:updateInputs:284436083:375
1945995890:updateComponents:284436500:391458
1945995890:propagateValuesOnChangeOnly:284828000:1322708
1945995890:updateInputs:286150916:375
1945995890:updateComponents:286151333:388958
1945995890:propagateValuesOnChangeOnly:286540291:1298042
1945995890:updateInputs:287838541:459
1945995890:updateComponents:287839000:395125
1945995890:propagateValuesOnChangeOnly:288234166:1322667
1945995890:updateInputs:289557291:375
1945995890:updateComponents:289557833:405000
1945995890:propagateValuesOnChangeOnly:289962875:1317166
1945995890:updateInputs:291280208:375
1945995890:updateComponents:291280750:392333
1945995890:propagateValuesOnChangeOnly:291673125:1316333
1945995890:updateInputs:293518041:542
1945995890:updateComponents:293518750:412833
1945995890:propagateValuesOnChangeOnly:293931625:1111250
1945995890:updateInputs:295043125:375
1945995890:updateComponents:295043541:396500
1945995890:propagateValuesOnChangeOnly:295440041:1074417
1945995890:updateInputs:296514666:334
1945995890:updateComponents:296515041:402250
1945995890:propagateValuesOnChangeOnly:296917375:982750
1945995890:updateInputs:297900375:375
1945995890:updateComponents:297900791:407875
1945995890:propagateValuesOnChangeOnly:298308708:1077375
1945995890:updateInputs:299386291:500
1945995890:updateComponents:299386791:406250
1945995890:propagateValuesOnChangeOnly:299793083:1067042
1945995890:updateInputs:300860333:375
1945995890:updateComponents:300860750:404958
1945995890:propagateValuesOnChangeOnly:301265708:1308375
1945995890:updateInputs:302574291:334
1945995890:updateComponents:302574791:392542
1945995890:propagateValuesOnChangeOnly:302967375:1333416
1945995890:updateInputs:304301041:292
1945995890:updateComponents:304301541:390709
1945995890:propagateValuesOnChangeOnly:304692250:1351750
1945995890:updateInputs:306044166:334
1945995890:updateComponents:306044541:395084
1945995890:propagateValuesOnChangeOnly:306442166:1311750
1945995890:updateInputs:307754125:375
1945995890:updateComponents:307754541:393542
1945995890:propagateValuesOnChangeOnly:308148125:1316291
1945995890:updateInputs:309464625:416
1945995890:updateComponents:309465083:396625
1945995890:propagateValuesOnChangeOnly:309861750:1300000
1945995890:updateInputs:311161916:542
1945995890:updateComponents:311162500:412416
1945995890:propagateValuesOnChangeOnly:311574958:1324458
1945995890:updateInputs:313426291:667
1945995890:updateComponents:313427125:420708
1945995890:propagateValuesOnChangeOnly:313847875:1025375
1945995890:updateInputs:314873500:375
1945995890:updateComponents:314873916:401667
1945995890:propagateValuesOnChangeOnly:315275625:1150500
1945995890:updateInputs:316426333:375
1945995890:updateComponents:316426750:399250
1945995890:propagateValuesOnChangeOnly:316826041:1033250
1945995890:updateInputs:317859500:500
1945995890:updateComponents:317860083:405083
1945995890:propagateValuesOnChangeOnly:318265208:1310208
1945995890:updateInputs:319575958:417
1945995890:updateComponents:319576416:395875
1945995890:propagateValuesOnChangeOnly:319972333:1293750
1945995890:updateInputs:321266375:416
1945995890:updateComponents:321266791:396917
1945995890:propagateValuesOnChangeOnly:321663750:1307125
1945995890:updateInputs:322971208:375
1945995890:updateComponents:322971583:394125
1945995890:propagateValuesOnChangeOnly:323365750:1308458
1945995890:updateInputs:324674458:417
1945995890:updateComponents:324674875:389541
1945995890:propagateValuesOnChangeOnly:325064416:1311459
1945995890:updateInputs:326376083:458
1945995890:updateComponents:326376583:391208
1945995890:propagateValuesOnChangeOnly:326767833:1314083
1945995890:updateInputs:328082125:416
1945995890:updateComponents:328082583:395458
1945995890:propagateValuesOnChangeOnly:328478083:1297750
1945995890:updateInputs:329776000:333
1945995890:updateComponents:329776458:392917
1945995890:propagateValuesOnChangeOnly:330169416:1302667
1945995890:updateInputs:331472291:417
1945995890:updateComponents:331472791:393750
1945995890:propagateValuesOnChangeOnly:331866583:1299833
1945995890:updateInputs:333692541:334
1945995890:updateComponents:333693041:417125
1945995890:propagateValuesOnChangeOnly:334112666:1082709
1945995890:updateInputs:335195666:375
1945995890:updateComponents:335196083:403708
1945995890:propagateValuesOnChangeOnly:335599833:1071333
1945995890:updateInputs:336699375:375
1945995890:updateComponents:336699750:410416
1945995890:propagateValuesOnChangeOnly:337110208:1002042
1945995890:updateInputs:338112541:334
1945995890:updateComponents:338112875:446166
1945995890:propagateValuesOnChangeOnly:338559125:1063458
1945995890:updateInputs:339622833:333
1945995890:updateComponents:339623208:402708
1945995890:propagateValuesOnChangeOnly:340025958:1103167
1945995890:updateInputs:341129458:375
1945995890:updateComponents:341129833:401375
1945995890:propagateValuesOnChangeOnly:341531208:1309583
1945995890:updateInputs:342841000:500
1945995890:updateComponents:342841583:392333
1945995890:propagateValuesOnChangeOnly:343234000:1302541
1945995890:updateInputs:344536791:375
1945995890:updateComponents:344537250:396458
1945995890:propagateValuesOnChangeOnly:344933750:1308000
1945995890:updateInputs:346242000:666
1945995890:updateComponents:346242666:391792
1945995890:propagateValuesOnChangeOnly:346634500:1319333
1945995890:updateInputs:347954041:417
1945995890:updateComponents:347954500:396666
1945995890:propagateValuesOnChangeOnly:348351166:1310917
1945995890:updateInputs:349662291:542
1945995890:updateComponents:349662833:394000
1945995890:propagateValuesOnChangeOnly:350056875:1292750
1945995890:updateInputs:351349833:375
1945995890:updateComponents:351350250:391625
1945995890:propagateValuesOnChangeOnly:351741916:1306917
1945995890:updateInputs:353577583:292
1945995890:updateComponents:353578000:435583
1945995890:propagateValuesOnChangeOnly:354013625:1044750
1945995890:updateInputs:355058916:417
1945995890:updateComponents:355059375:399291
1945995890:propagateValuesOnChangeOnly:355458708:1107417
1945995890:updateInputs:356566333:333
1945995890:updateComponents:356566791:403042
1945995890:propagateValuesOnChangeOnly:356969833:1029125
1945995890:updateInputs:357999208:375
1945995890:updateComponents:357999708:406250
1945995890:propagateValuesOnChangeOnly:358406000:1309583
1945995890:updateInputs:359715833:375
1945995890:updateComponents:359716208:390625
1945995890:propagateValuesOnChangeOnly:360106833:1297583
1945995890:updateInputs:361404625:375
1945995890:updateComponents:361405041:393209
1945995890:propagateValuesOnChangeOnly:361798291:1308417
1945995890:updateInputs:363106916:459
1945995890:updateComponents:363107416:392625
1945995890:propagateValuesOnChangeOnly:363500041:1306417
1945995890:updateInputs:364806708:292
1945995890:updateComponents:364807041:395667
1945995890:propagateValuesOnChangeOnly:365202750:1311958
1945995890:updateInputs:366514916:542
1945995890:updateComponents:366515458:390000
1945995890:propagateValuesOnChangeOnly:366905500:1316833
1945995890:updateInputs:368222541:334
1945995890:updateComponents:368222875:397500
1945995890:propagateValuesOnChangeOnly:368620416:1306000
1945995890:updateInputs:369926666:334
1945995890:updateComponents:369927125:393958
1945995890:propagateValuesOnChangeOnly:370321083:1323833
1945995890:updateInputs:371645083:458
1945995890:updateComponents:371645666:396292
1945995890:propagateValuesOnChangeOnly:372041958:1308583
1945995890:updateInputs:373877375:333
1945995890:updateComponents:373877875:418875
1945995890:propagateValuesOnChangeOnly:374296791:1155542
1945995890:updateInputs:375452625:375
1945995890:updateComponents:375453041:392459
1945995890:propagateValuesOnChangeOnly:375845500:1114791
1945995890:updateInputs:376960500:333
1945995890:updateComponents:376960875:403458
1945995890:propagateValuesOnChangeOnly:377364333:989542
1945995890:updateInputs:378354125:333
1945995890:updateComponents:378354500:406166
1945995890:propagateValuesOnChangeOnly:378760708:1055583
1945995890:updateInputs:379816500:416
1945995890:updateComponents:379816958:402583
1945995890:propagateValuesOnChangeOnly:380219541:1111209
1945995890:updateInputs:381331000:500
1945995890:updateComponents:381331500:395625
1945995890:propagateValuesOnChangeOnly:381727166:1306584
1945995890:updateInputs:383033958:333
1945995890:updateComponents:383034500:392166
1945995890:propagateValuesOnChangeOnly:383426666:1300959
1945995890:updateInputs:384728125:291
1945995890:updateComponents:384728541:392917
1945995890:propagateValuesOnChangeOnly:385121500:1293708
1945995890:updateInputs:386415458:375
1945995890:updateComponents:386415875:393958
1945995890:propagateValuesOnChangeOnly:386809875:1353500
1945995890:updateInputs:388163625:333
1945995890:updateComponents:388164000:397583
1945995890:propagateValuesOnChangeOnly:388564250:1397875
1945995890:updateInputs:389980333:917
1945995890:updateComponents:389981333:402667
1945995890:propagateValuesOnChangeOnly:390384000:1376833
1945995890:updateInputs:391761166:417
1945995890:updateComponents:391761625:391000
1945995890:propagateValuesOnChangeOnly:392152708:1309750
1945995890:updateInputs:393997875:458
1945995890:updateComponents:393998500:426833
1945995890:propagateValuesOnChangeOnly:394425375:1019958
1945995890:updateInputs:395445541:292
1945995890:updateComponents:395445875:400083
1945995890:propagateValuesOnChangeOnly:395846041:1131792
1945995890:updateInputs:396978000:416
1945995890:updateComponents:396978541:398334
1945995890:propagateValuesOnChangeOnly:397376916:1029250
1945995890:updateInputs:398406375:458
1945995890:updateComponents:398407000:401875
1945995890:propagateValuesOnChangeOnly:398808916:1318667
1945995890:updateInputs:400127791:334
1945995890:updateComponents:400128166:389917
1945995890:propagateValuesOnChangeOnly:400518166:1308459
1945995890:updateInputs:401826833:375
1945995890:updateComponents:401827250:393166
1945995890:propagateValuesOnChangeOnly:402220458:1306917
1945995890:updateInputs:403527625:416
1945995890:updateComponents:403528083:391958
1945995890:propagateValuesOnChangeOnly:403920083:1320417
1945995890:updateInputs:405240708:500
1945995890:updateComponents:405241250:393333
1945995890:propagateValuesOnChangeOnly:405634625:1301166
1945995890:updateInputs:406935958:458
1945995890:updateComponents:406936458:396292
1945995890:propagateValuesOnChangeOnly:407332791:1312584
1945995890:updateInputs:408645583:417
1945995890:updateComponents:408646041:391459
1945995890:propagateValuesOnChangeOnly:409037541:1312500
1945995890:updateInputs:410350291:334
1945995890:updateComponents:410350833:395583
1945995890:propagateValuesOnChangeOnly:410746458:1520375
1945995890:updateInputs:412267416:417
1945995890:updateComponents:412268041:508917
1945995890:propagateValuesOnChangeOnly:412777000:1639666
1945995890:updateInputs:414982625:541
1945995890:updateComponents:414983416:493750
1945995890:propagateValuesOnChangeOnly:415477208:1472042
1945995890:updateInputs:416949458:250
1945995890:updateComponents:416949750:462958
1945995890:propagateValuesOnChangeOnly:417412708:1559958
1945995890:updateInputs:418974375:833
1945995890:updateComponents:418975291:474542
1945995890:propagateValuesOnChangeOnly:419449875:1162333
1945995890:updateInputs:420612916:417
1945995890:updateComponents:420613375:410916
1945995890:propagateValuesOnChangeOnly:421024375:1061541
1945995890:updateInputs:422086375:208
1945995890:updateComponents:422086625:396916
1945995890:propagateValuesOnChangeOnly:422483583:1084708
1945995890:updateInputs:423568791:334
1945995890:updateComponents:423569125:400666
1945995890:propagateValuesOnChangeOnly:423969833:1315417
1945995890:updateInputs:425285708:292
1945995890:updateComponents:425286166:391834
1945995890:propagateValuesOnChangeOnly:425678125:1321958
1945995890:updateInputs:427000458:333
1945995890:updateComponents:427000833:393083
1945995890:propagateValuesOnChangeOnly:427393916:1318792
1945995890:updateInputs:428713125:458
1945995890:updateComponents:428713625:389458
1945995890:propagateValuesOnChangeOnly:429103125:1313833
1945995890:updateInputs:430417291:375
1945995890:updateComponents:430417666:390959
1945995890:propagateValuesOnChangeOnly:430808625:1312041
1945995890:updateInputs:432121458:375
1945995890:updateComponents:432121875:392791
1945995890:propagateValuesOnChangeOnly:432521125:1321083
1945995890:updateInputs:433842625:333
1945995890:updateComponents:433843000:392541
1945995890:propagateValuesOnChangeOnly:434235583:1317667
1945995890:updateInputs:436081333:542
1945995890:updateComponents:436082041:419084
1945995890:propagateValuesOnChangeOnly:436501166:1023334
1945995890:updateInputs:437524958:292
1945995890:updateComponents:437525333:406667
1945995890:propagateValuesOnChangeOnly:437932000:1229750
1945995890:updateInputs:439162458:333
1945995890:updateComponents:439162875:425458
1945995890:propagateValuesOnChangeOnly:439588375:1045791
1945995890:updateInputs:440634916:334
1945995890:updateComponents:440635416:406542
1945995890:propagateValuesOnChangeOnly:441042041:1354042
1945995890:updateInputs:442396666:625
1945995890:updateComponents:442397291:860125
1945995890:propagateValuesOnChangeOnly:443257500:1996750
1945995890:updateInputs:445254708:417
1945995890:updateComponents:445255166:389875
1945995890:propagateValuesOnChangeOnly:445645125:1443541
1945995890:updateInputs:447089041:375
1945995890:updateComponents:447089458:400458
1945995890:propagateValuesOnChangeOnly:447489916:1444125
1945995890:updateInputs:448934458:375
1945995890:updateComponents:448934875:396583
1945995890:propagateValuesOnChangeOnly:449331500:1437958
1945995890:updateInputs:450769666:250
1945995890:updateComponents:450769916:396000
1945995890:propagateValuesOnChangeOnly:451165916:1440167
1945995890:updateInputs:452606333:458
1945995890:updateComponents:452606791:396042
1945995890:propagateValuesOnChangeOnly:453002875:1435791
1945995890:updateInputs:454438958:375
1945995890:updateComponents:454439500:398708
1945995890:propagateValuesOnChangeOnly:454838291:1416250
1945995890:updateInputs:456254750:375
1945995890:updateComponents:456255333:397667
1945995890:propagateValuesOnChangeOnly:456653041:1423584
1945995890:updateInputs:458601875:541
1945995890:updateComponents:458602500:432291
1945995890:propagateValuesOnChangeOnly:459034833:1190625
1945995890:updateInputs:460225708:375
1945995890:updateComponents:460226125:410375
1945995890:propagateValuesOnChangeOnly:460636500:1159166
1945995890:Run loop:40989041:420807292
1945995890:main:41:484144334
