Title:Mux 2 to 1 test
1052359506:updateInputs:920708:334
1052359506:updateComponents:947333:1125
1052359506:Init circuit:889583:78792
1052359506:updateInputs:970208:375
1052359506:updateComponents:971167:791
1052359506:propagateValuesOnChangeOnly:973917:1166
1052359506:updateInputs:975958:375
1052359506:updateComponents:976875:583
1052359506:propagateValuesOnChangeOnly:978042:1250
1052359506:updateInputs:981667:291
1052359506:updateComponents:982458:542
1052359506:propagateValuesOnChangeOnly:983417:958
1052359506:updateInputs:990917:291
1052359506:updateComponents:991792:500
1052359506:propagateValuesOnChangeOnly:992833:959
1052359506:updateInputs:994458:292
1052359506:updateComponents:995250:500
1052359506:propagateValuesOnChangeOnly:1012333:959
1052359506:updateInputs:1013958:459
1052359506:updateComponents:1014917:458
1052359506:propagateValuesOnChangeOnly:1015875:958
1052359506:updateInputs:1022708:292
1052359506:updateComponents:1023458:542
1052359506:propagateValuesOnChangeOnly:1024458:959
1052359506:updateInputs:1026042:250
1052359506:updateComponents:1026750:458
1052359506:propagateValuesOnChangeOnly:1027667:958
1052359506:updateInputs:1029375:250
1052359506:updateComponents:1030125:542
1052359506:propagateValuesOnChangeOnly:1031083:1125
1052359506:updateInputs:1037333:292
1052359506:updateComponents:1038125:458
1052359506:propagateValuesOnChangeOnly:1039125:1083
1052359506:updateInputs:1045417:291
1052359506:updateComponents:1046167:500
1052359506:propagateValuesOnChangeOnly:1047125:1125
1052359506:updateInputs:1048917:375
1052359506:updateComponents:1049792:458
1052359506:propagateValuesOnChangeOnly:1050708:1042
1052359506:updateInputs:1058167:250
1052359506:updateComponents:1059000:458
1052359506:propagateValuesOnChangeOnly:1059958:1000
1052359506:updateInputs:1061667:250
1052359506:updateComponents:1062417:500
1052359506:propagateValuesOnChangeOnly:1063417:958
1052359506:updateInputs:1064958:250
1052359506:updateComponents:1065625:500
1052359506:propagateValuesOnChangeOnly:1066583:1042
1052359506:updateInputs:1072792:291
1052359506:updateComponents:1073583:542
1052359506:propagateValuesOnChangeOnly:1074583:1000
1052359506:updateInputs:1076167:291
1052359506:updateComponents:1076917:541
1052359506:propagateValuesOnChangeOnly:1077958:1000
1052359506:updateInputs:1079500:458
1052359506:updateComponents:1080458:459
1052359506:propagateValuesOnChangeOnly:1081417:1000
1052359506:updateInputs:1087542:250
1052359506:updateComponents:1088292:500
1052359506:propagateValuesOnChangeOnly:1089292:1000
1052359506:updateInputs:1090958:334
1052359506:updateComponents:1091792:500
1052359506:propagateValuesOnChangeOnly:1092792:1041
1052359506:updateInputs:1094417:250
1052359506:updateComponents:1095167:541
1052359506:propagateValuesOnChangeOnly:1104042:1041
1052359506:updateInputs:1110250:250
1052359506:updateComponents:1111000:542
1052359506:propagateValuesOnChangeOnly:1112000:917
1052359506:updateInputs:1113583:209
1052359506:updateComponents:1114250:458
1052359506:propagateValuesOnChangeOnly:1115208:875
1052359506:updateInputs:1116667:375
1052359506:updateComponents:1117500:458
1052359506:propagateValuesOnChangeOnly:1118458:959
1052359506:updateInputs:1124500:250
1052359506:updateComponents:1125208:500
1052359506:propagateValuesOnChangeOnly:1126167:916
1052359506:updateInputs:1127667:250
1052359506:updateComponents:1128375:417
1052359506:propagateValuesOnChangeOnly:1129292:958
1052359506:Run loop:970167:160583
1052359506:main:1375:1144292
