Title: Unit delay test
572991520:updateInputs:24792:42
572991520:updateComponents:31334:208
572991520:Init circuit:20709:12791
572991520:updateInputs:33667:0
572991520:updateComponents:33709:83
572991520:propagateValuesOnChangeOnly:33959:83
572991520:updateInputs:35292:0
572991520:updateComponents:35334:83
572991520:propagateValuesOnChangeOnly:35417:83
572991520:updateInputs:36584:0
572991520:updateComponents:36625:84
572991520:propagateValuesOnChangeOnly:36709:83
572991520:updateInputs:37709:41
572991520:updateComponents:37792:42
572991520:propagateValuesOnChangeOnly:37875:84
572991520:updateInputs:38792:42
572991520:updateComponents:38875:42
572991520:propagateValuesOnChangeOnly:39125:42
572991520:updateInputs:40042:42
572991520:updateComponents:40125:42
572991520:propagateValuesOnChangeOnly:40209:41
572991520:updateInputs:41334:41
572991520:updateComponents:41417:42
572991520:propagateValuesOnChangeOnly:41500:42
572991520:updateInputs:42375:42
572991520:updateComponents:42417:83
572991520:propagateValuesOnChangeOnly:42500:42
572991520:updateInputs:43375:42
572991520:updateComponents:43417:83
572991520:propagateValuesOnChangeOnly:43542:42
572991520:updateInputs:44417:42
572991520:updateComponents:44459:83
572991520:propagateValuesOnChangeOnly:44584:41
572991520:Run loop:33625:12084
572991520:main:459:45750
