Title: 16-bit register with enable test
230787891:updateInputs:414208:417
230787891:updateComponents:421083:4542
230787891:Init circuit:183458:262459
230787891:updateInputs:446083:417
230787891:updateComponents:446542:4125
230787891:propagateValuesOnChangeOnly:450875:5625
230787891:updateInputs:469208:375
230787891:updateComponents:469625:3958
230787891:propagateValuesOnChangeOnly:473667:5500
230787891:updateInputs:492167:333
230787891:updateComponents:492542:3916
230787891:propagateValuesOnChangeOnly:496500:5375
230787891:updateInputs:514292:375
230787891:updateComponents:514708:3834
230787891:propagateValuesOnChangeOnly:518625:5333
230787891:updateInputs:536500:375
230787891:updateComponents:536875:3875
230787891:propagateValuesOnChangeOnly:541000:5375
230787891:updateInputs:558917:291
230787891:updateComponents:559250:3917
230787891:propagateValuesOnChangeOnly:563208:5917
230787891:updateInputs:581750:375
230787891:updateComponents:582125:3833
230787891:propagateValuesOnChangeOnly:586042:5666
230787891:updateInputs:604125:333
230787891:updateComponents:604500:3917
230787891:propagateValuesOnChangeOnly:608458:6084
230787891:updateInputs:626958:292
230787891:updateComponents:627292:3875
230787891:propagateValuesOnChangeOnly:631208:5375
230787891:updateInputs:648917:458
230787891:updateComponents:649375:3875
230787891:propagateValuesOnChangeOnly:653292:5666
230787891:updateInputs:671750:375
230787891:updateComponents:672167:3875
230787891:propagateValuesOnChangeOnly:676083:6334
230787891:updateInputs:694875:375
230787891:updateComponents:695250:3875
230787891:propagateValuesOnChangeOnly:699167:5916
230787891:updateInputs:717583:334
230787891:updateComponents:717958:3834
230787891:propagateValuesOnChangeOnly:721833:6000
230787891:updateInputs:740333:334
230787891:updateComponents:740708:3834
230787891:propagateValuesOnChangeOnly:744583:5334
230787891:updateInputs:762750:375
230787891:updateComponents:763125:3958
230787891:propagateValuesOnChangeOnly:767125:5375
230787891:updateInputs:784917:333
230787891:updateComponents:785292:3791
230787891:propagateValuesOnChangeOnly:789125:5833
230787891:updateInputs:807375:375
230787891:updateComponents:807750:3833
230787891:propagateValuesOnChangeOnly:811667:5708
230787891:updateInputs:829917:333
230787891:updateComponents:830292:3833
230787891:propagateValuesOnChangeOnly:834167:6083
230787891:updateInputs:852708:334
230787891:updateComponents:853083:3834
230787891:propagateValuesOnChangeOnly:856958:5417
230787891:updateInputs:874875:333
230787891:updateComponents:875250:3833
230787891:propagateValuesOnChangeOnly:879125:6250
230787891:updateInputs:897708:334
230787891:updateComponents:898083:3875
230787891:propagateValuesOnChangeOnly:906208:6375
230787891:updateInputs:925083:334
230787891:updateComponents:925458:3917
230787891:propagateValuesOnChangeOnly:929417:5416
230787891:updateInputs:947083:334
230787891:updateComponents:947458:3875
230787891:propagateValuesOnChangeOnly:951375:5458
230787891:updateInputs:969208:334
230787891:updateComponents:969542:3833
230787891:propagateValuesOnChangeOnly:973417:5208
230787891:updateInputs:991042:333
230787891:updateComponents:991375:3875
230787891:propagateValuesOnChangeOnly:995292:5125
230787891:updateInputs:1012708:334
230787891:updateComponents:1013083:3875
230787891:propagateValuesOnChangeOnly:1017000:5417
230787891:updateInputs:1034792:375
230787891:updateComponents:1035208:3875
230787891:propagateValuesOnChangeOnly:1039125:5500
230787891:updateInputs:1056917:375
230787891:updateComponents:1057292:3875
230787891:propagateValuesOnChangeOnly:1061208:5584
230787891:updateInputs:1079000:333
230787891:updateComponents:1079375:3958
230787891:propagateValuesOnChangeOnly:1083375:6417
230787891:updateInputs:1102125:375
230787891:updateComponents:1102500:3833
230787891:propagateValuesOnChangeOnly:1106375:6000
230787891:updateInputs:1125167:375
230787891:updateComponents:1125583:3834
230787891:propagateValuesOnChangeOnly:1129458:6084
230787891:updateInputs:1147875:375
230787891:updateComponents:1148250:3875
230787891:propagateValuesOnChangeOnly:1152167:5416
230787891:updateInputs:1169875:333
230787891:updateComponents:1170250:3833
230787891:propagateValuesOnChangeOnly:1174125:5417
230787891:updateInputs:1191875:333
230787891:updateComponents:1192250:3833
230787891:propagateValuesOnChangeOnly:1196125:5167
230787891:updateInputs:1213542:375
230787891:updateComponents:1213958:3834
230787891:propagateValuesOnChangeOnly:1217833:5125
230787891:updateInputs:1235208:334
230787891:updateComponents:1235583:3834
230787891:propagateValuesOnChangeOnly:1239458:5417
230787891:updateInputs:1257208:334
230787891:updateComponents:1257583:3792
230787891:propagateValuesOnChangeOnly:1261417:5541
230787891:updateInputs:1279250:333
230787891:updateComponents:1279625:3833
230787891:propagateValuesOnChangeOnly:1283500:5583
230787891:updateInputs:1301417:333
230787891:updateComponents:1301792:3833
230787891:propagateValuesOnChangeOnly:1305667:5833
230787891:updateInputs:1323708:375
230787891:updateComponents:1324125:3833
230787891:propagateValuesOnChangeOnly:1328000:5917
230787891:updateInputs:1346375:375
230787891:updateComponents:1346750:3875
230787891:propagateValuesOnChangeOnly:1350667:5916
230787891:updateInputs:1368875:333
230787891:updateComponents:1369250:3833
230787891:propagateValuesOnChangeOnly:1373167:5583
230787891:updateInputs:1392458:375
230787891:updateComponents:1392875:3917
230787891:propagateValuesOnChangeOnly:1396875:5708
230787891:updateInputs:1414917:333
230787891:updateComponents:1415292:3833
230787891:propagateValuesOnChangeOnly:1419167:5291
230787891:updateInputs:1436750:333
230787891:updateComponents:1437083:3917
230787891:propagateValuesOnChangeOnly:1441042:5125
230787891:updateInputs:1458417:375
230787891:updateComponents:1458792:3916
230787891:propagateValuesOnChangeOnly:1462750:5417
230787891:updateInputs:1480500:333
230787891:updateComponents:1480833:3875
230787891:propagateValuesOnChangeOnly:1484750:5500
230787891:updateInputs:1502542:375
230787891:updateComponents:1502917:3875
230787891:propagateValuesOnChangeOnly:1506833:5625
230787891:updateInputs:1524708:334
230787891:updateComponents:1525083:3875
230787891:propagateValuesOnChangeOnly:1529000:5125
230787891:updateInputs:1546333:334
230787891:updateComponents:1546708:3917
230787891:propagateValuesOnChangeOnly:1550667:5375
230787891:updateInputs:1568292:333
230787891:updateComponents:1568667:3833
230787891:propagateValuesOnChangeOnly:1572542:5375
230787891:updateInputs:1590208:334
230787891:updateComponents:1590583:3917
230787891:propagateValuesOnChangeOnly:1594542:5333
230787891:updateInputs:1612250:375
230787891:updateComponents:1612625:3833
230787891:propagateValuesOnChangeOnly:1616542:5000
230787891:updateInputs:1633875:333
230787891:updateComponents:1634292:3791
230787891:propagateValuesOnChangeOnly:1638125:5125
230787891:updateInputs:1655583:334
230787891:updateComponents:1655958:3834
230787891:propagateValuesOnChangeOnly:1659875:5042
230787891:updateInputs:1677250:333
230787891:updateComponents:1677625:3792
230787891:propagateValuesOnChangeOnly:1681500:5333
230787891:updateInputs:1699208:292
230787891:updateComponents:1699542:3875
230787891:propagateValuesOnChangeOnly:1703458:5417
230787891:updateInputs:1721208:334
230787891:updateComponents:1721583:3875
230787891:propagateValuesOnChangeOnly:1725500:5583
230787891:updateInputs:1743292:333
230787891:updateComponents:1743667:3833
230787891:propagateValuesOnChangeOnly:1747542:5083
230787891:updateInputs:1764958:334
230787891:updateComponents:1765333:3834
230787891:propagateValuesOnChangeOnly:1769208:5334
230787891:updateInputs:1786917:333
230787891:updateComponents:1787250:3833
230787891:propagateValuesOnChangeOnly:1791167:5666
230787891:updateInputs:1809208:334
230787891:updateComponents:1809583:3875
230787891:propagateValuesOnChangeOnly:1813500:5750
230787891:updateInputs:1831583:334
230787891:updateComponents:1831958:3834
230787891:propagateValuesOnChangeOnly:1835833:5292
230787891:updateInputs:1855042:375
230787891:updateComponents:1855458:3917
230787891:propagateValuesOnChangeOnly:1859417:5333
230787891:updateInputs:1877000:375
230787891:updateComponents:1877417:3916
230787891:propagateValuesOnChangeOnly:1881375:5458
230787891:updateInputs:1899167:333
230787891:updateComponents:1899542:3833
230787891:propagateValuesOnChangeOnly:1903417:5375
230787891:updateInputs:1921167:333
230787891:updateComponents:1921542:3875
230787891:propagateValuesOnChangeOnly:1925458:5542
230787891:updateInputs:1943375:333
230787891:updateComponents:1943750:3833
230787891:propagateValuesOnChangeOnly:1947625:5542
230787891:updateInputs:1965417:333
230787891:updateComponents:1965792:3791
230787891:propagateValuesOnChangeOnly:1969625:5125
230787891:updateInputs:1987042:375
230787891:updateComponents:1987417:3875
230787891:propagateValuesOnChangeOnly:1991333:5417
230787891:updateInputs:2008958:375
230787891:updateComponents:2009333:3834
230787891:propagateValuesOnChangeOnly:2013250:5375
230787891:updateInputs:2030917:333
230787891:updateComponents:2031292:3833
230787891:propagateValuesOnChangeOnly:2035208:5292
230787891:updateInputs:2052792:333
230787891:updateComponents:2053167:3875
230787891:propagateValuesOnChangeOnly:2057083:5000
230787891:updateInputs:2074333:334
230787891:updateComponents:2074708:3875
230787891:propagateValuesOnChangeOnly:2078625:5125
230787891:Run loop:446083:1649959
230787891:main:458:2171667
