Title: 8-bit register with enable test
3444054256:updateInputs:123541:125
3444054256:updateComponents:132000:1125
3444054256:Init circuit:87541:51292
3444054256:updateInputs:138958:83
3444054256:updateComponents:139083:708
3444054256:propagateValuesOnChangeOnly:140000:1166
3444054256:updateInputs:144375:125
3444054256:updateComponents:144541:625
3444054256:propagateValuesOnChangeOnly:145208:1000
3444054256:updateInputs:149541:84
3444054256:updateComponents:149666:625
3444054256:propagateValuesOnChangeOnly:150333:917
3444054256:updateInputs:154375:83
3444054256:updateComponents:154458:667
3444054256:propagateValuesOnChangeOnly:155125:958
3444054256:updateInputs:159083:83
3444054256:updateComponents:159166:625
3444054256:propagateValuesOnChangeOnly:160000:916
3444054256:updateInputs:163958:42
3444054256:updateComponents:164041:584
3444054256:propagateValuesOnChangeOnly:164666:1084
3444054256:updateInputs:168750:41
3444054256:updateComponents:168833:625
3444054256:propagateValuesOnChangeOnly:169458:1167
3444054256:updateInputs:173708:42
3444054256:updateComponents:173791:625
3444054256:propagateValuesOnChangeOnly:174416:1084
3444054256:updateInputs:178708:42
3444054256:updateComponents:178791:625
3444054256:propagateValuesOnChangeOnly:179416:1125
3444054256:updateInputs:183541:125
3444054256:updateComponents:183708:625
3444054256:propagateValuesOnChangeOnly:184333:1042
3444054256:updateInputs:188750:83
3444054256:updateComponents:188875:625
3444054256:propagateValuesOnChangeOnly:189500:1208
3444054256:updateInputs:193791:84
3444054256:updateComponents:193916:584
3444054256:propagateValuesOnChangeOnly:194541:1167
3444054256:updateInputs:198708:83
3444054256:updateComponents:198791:625
3444054256:propagateValuesOnChangeOnly:199458:1083
3444054256:updateInputs:203500:83
3444054256:updateComponents:203583:625
3444054256:propagateValuesOnChangeOnly:204250:958
3444054256:updateInputs:208208:83
3444054256:updateComponents:208333:583
3444054256:propagateValuesOnChangeOnly:208958:917
3444054256:updateInputs:212833:42
3444054256:updateComponents:212916:625
3444054256:propagateValuesOnChangeOnly:213541:1084
3444054256:updateInputs:217583:83
3444054256:updateComponents:217666:625
3444054256:propagateValuesOnChangeOnly:218333:1167
3444054256:updateInputs:222458:42
3444054256:updateComponents:222541:625
3444054256:propagateValuesOnChangeOnly:223166:1084
3444054256:updateInputs:227458:42
3444054256:updateComponents:227541:625
3444054256:propagateValuesOnChangeOnly:228166:1250
3444054256:updateInputs:232375:83
3444054256:updateComponents:232458:625
3444054256:propagateValuesOnChangeOnly:233125:1208
3444054256:updateInputs:237333:42
3444054256:updateComponents:237416:584
3444054256:propagateValuesOnChangeOnly:239416:1084
3444054256:updateInputs:243458:42
3444054256:updateComponents:243541:667
3444054256:propagateValuesOnChangeOnly:244208:1167
3444054256:updateInputs:248333:42
3444054256:updateComponents:248416:625
3444054256:propagateValuesOnChangeOnly:249083:1042
3444054256:updateInputs:253083:42
3444054256:updateComponents:253166:625
3444054256:propagateValuesOnChangeOnly:253791:959
3444054256:updateInputs:257666:84
3444054256:updateComponents:257750:625
3444054256:propagateValuesOnChangeOnly:258416:917
3444054256:updateInputs:262333:42
3444054256:updateComponents:262416:625
3444054256:propagateValuesOnChangeOnly:263041:1084
3444054256:updateInputs:267166:42
3444054256:updateComponents:267250:583
3444054256:propagateValuesOnChangeOnly:267875:1166
3444054256:updateInputs:272041:42
3444054256:updateComponents:272125:583
3444054256:propagateValuesOnChangeOnly:272750:1083
3444054256:updateInputs:276833:42
3444054256:updateComponents:276916:625
3444054256:propagateValuesOnChangeOnly:277541:1292
3444054256:updateInputs:281750:125
3444054256:updateComponents:281916:584
3444054256:propagateValuesOnChangeOnly:282541:1084
3444054256:updateInputs:286625:41
3444054256:updateComponents:286708:583
3444054256:propagateValuesOnChangeOnly:287333:1083
3444054256:updateInputs:291375:41
3444054256:updateComponents:291458:583
3444054256:propagateValuesOnChangeOnly:292083:1125
3444054256:updateInputs:296208:42
3444054256:updateComponents:296250:583
3444054256:propagateValuesOnChangeOnly:296875:1041
3444054256:updateInputs:300875:41
3444054256:updateComponents:300958:625
3444054256:propagateValuesOnChangeOnly:301583:958
3444054256:updateInputs:305500:41
3444054256:updateComponents:305583:583
3444054256:propagateValuesOnChangeOnly:306208:917
3444054256:updateInputs:310083:42
3444054256:updateComponents:310166:584
3444054256:propagateValuesOnChangeOnly:310791:1042
3444054256:updateInputs:314791:84
3444054256:updateComponents:314875:625
3444054256:propagateValuesOnChangeOnly:315541:1125
3444054256:updateInputs:319625:41
3444054256:updateComponents:319708:625
3444054256:propagateValuesOnChangeOnly:320375:1083
3444054256:updateInputs:324458:42
3444054256:updateComponents:324500:625
3444054256:propagateValuesOnChangeOnly:325166:1167
3444054256:updateInputs:329625:83
3444054256:updateComponents:329750:625
3444054256:propagateValuesOnChangeOnly:330375:1166
3444054256:updateInputs:334541:42
3444054256:updateComponents:334625:625
3444054256:propagateValuesOnChangeOnly:335250:1125
3444054256:updateInputs:339375:41
3444054256:updateComponents:339416:625
3444054256:propagateValuesOnChangeOnly:340083:1167
3444054256:updateInputs:344708:42
3444054256:updateComponents:344791:625
3444054256:propagateValuesOnChangeOnly:345458:1167
3444054256:updateInputs:349583:42
3444054256:updateComponents:349666:625
3444054256:propagateValuesOnChangeOnly:350291:1042
3444054256:updateInputs:354291:42
3444054256:updateComponents:354375:625
3444054256:propagateValuesOnChangeOnly:355000:958
3444054256:updateInputs:358833:83
3444054256:updateComponents:358916:625
3444054256:propagateValuesOnChangeOnly:359583:1042
3444054256:updateInputs:363625:41
3444054256:updateComponents:363708:583
3444054256:propagateValuesOnChangeOnly:364333:1125
3444054256:updateInputs:368458:42
3444054256:updateComponents:368541:625
3444054256:propagateValuesOnChangeOnly:369166:1042
3444054256:updateInputs:373166:84
3444054256:updateComponents:373250:625
3444054256:propagateValuesOnChangeOnly:373916:1084
3444054256:updateInputs:379166:42
3444054256:updateComponents:379250:625
3444054256:propagateValuesOnChangeOnly:379916:1042
3444054256:updateInputs:384000:41
3444054256:updateComponents:384083:625
3444054256:propagateValuesOnChangeOnly:384708:1042
3444054256:updateInputs:388666:42
3444054256:updateComponents:388750:625
3444054256:propagateValuesOnChangeOnly:389375:1041
3444054256:updateInputs:393416:42
3444054256:updateComponents:393500:625
3444054256:propagateValuesOnChangeOnly:394125:1083
3444054256:updateInputs:398166:42
3444054256:updateComponents:398250:625
3444054256:propagateValuesOnChangeOnly:398875:958
3444054256:updateInputs:402875:41
3444054256:updateComponents:402958:625
3444054256:propagateValuesOnChangeOnly:403583:958
3444054256:updateInputs:407500:41
3444054256:updateComponents:407583:625
3444054256:propagateValuesOnChangeOnly:408208:1042
3444054256:updateInputs:412208:42
3444054256:updateComponents:412291:625
3444054256:propagateValuesOnChangeOnly:412958:1167
3444054256:updateInputs:417125:41
3444054256:updateComponents:417208:625
3444054256:propagateValuesOnChangeOnly:417833:1125
3444054256:updateInputs:421958:42
3444054256:updateComponents:422041:584
3444054256:propagateValuesOnChangeOnly:422666:1084
3444054256:updateInputs:426791:42
3444054256:updateComponents:426875:625
3444054256:propagateValuesOnChangeOnly:427500:1041
3444054256:updateInputs:431583:42
3444054256:updateComponents:431625:625
3444054256:propagateValuesOnChangeOnly:432291:1125
3444054256:updateInputs:436416:42
3444054256:updateComponents:436458:625
3444054256:propagateValuesOnChangeOnly:437125:1166
3444054256:updateInputs:441250:41
3444054256:updateComponents:441333:583
3444054256:propagateValuesOnChangeOnly:441958:1083
3444054256:updateInputs:446000:41
3444054256:updateComponents:446083:625
3444054256:propagateValuesOnChangeOnly:446708:1042
3444054256:updateInputs:450708:83
3444054256:updateComponents:450791:625
3444054256:propagateValuesOnChangeOnly:451458:958
3444054256:updateInputs:455500:41
3444054256:updateComponents:455583:583
3444054256:propagateValuesOnChangeOnly:456208:1000
3444054256:updateInputs:460250:41
3444054256:updateComponents:460333:583
3444054256:propagateValuesOnChangeOnly:460958:1125
3444054256:updateInputs:465041:42
3444054256:updateComponents:465125:625
3444054256:propagateValuesOnChangeOnly:465791:1042
3444054256:updateInputs:469791:42
3444054256:updateComponents:469875:625
3444054256:propagateValuesOnChangeOnly:470500:1125
3444054256:updateInputs:474583:83
3444054256:updateComponents:474708:583
3444054256:propagateValuesOnChangeOnly:475333:1042
3444054256:updateInputs:479333:83
3444054256:updateComponents:479416:667
3444054256:propagateValuesOnChangeOnly:480125:1041
3444054256:updateInputs:484208:42
3444054256:updateComponents:484291:625
3444054256:propagateValuesOnChangeOnly:484916:1042
3444054256:updateInputs:488958:42
3444054256:updateComponents:489041:625
3444054256:propagateValuesOnChangeOnly:489666:1042
3444054256:updateInputs:493708:42
3444054256:updateComponents:493791:625
3444054256:propagateValuesOnChangeOnly:494416:959
3444054256:Run loop:138916:359459
3444054256:main:41:542750
