Title:Nor 3 test
1463605665:updateInputs:1163875:291
1463605665:updateComponents:1189750:500
1463605665:Init circuit:1139291:60459
1463605665:updateInputs:1201583:417
1463605665:updateComponents:1202583:292
1463605665:propagateValuesOnChangeOnly:1204666:584
1463605665:updateInputs:1211208:500
1463605665:updateComponents:1212208:250
1463605665:propagateValuesOnChangeOnly:1213000:541
1463605665:updateInputs:1220166:334
1463605665:updateComponents:1221041:292
1463605665:propagateValuesOnChangeOnly:1221833:458
1463605665:updateInputs:1227000:416
1463605665:updateComponents:1228000:208
1463605665:propagateValuesOnChangeOnly:1228666:417
1463605665:updateInputs:1233791:334
1463605665:updateComponents:1234625:250
1463605665:propagateValuesOnChangeOnly:1254500:416
1463605665:updateInputs:1261166:417
1463605665:updateComponents:1262166:292
1463605665:propagateValuesOnChangeOnly:1263000:375
1463605665:updateInputs:1267916:375
1463605665:updateComponents:1268791:209
1463605665:propagateValuesOnChangeOnly:1269541:417
1463605665:updateInputs:1274625:416
1463605665:updateComponents:1275583:333
1463605665:propagateValuesOnChangeOnly:1276333:375
1463605665:Run loop:1201500:79791
1463605665:main:2125:1316666
