Title: 8-bit address decoder test
504649174:updateInputs:1826583:209
504649174:updateComponents:1833333:14334
504649174:Init circuit:1037417:915708
504649174:updateInputs:1953292:208
504649174:updateComponents:1953542:14041
504649174:propagateValuesOnChangeOnly:1967750:20292
504649174:updateInputs:2056500:250
504649174:updateComponents:2056792:13958
504649174:propagateValuesOnChangeOnly:2070833:22042
504649174:updateInputs:2161958:167
504649174:updateComponents:2162167:13833
504649174:propagateValuesOnChangeOnly:2176083:25042
504649174:updateInputs:2269583:209
504649174:updateComponents:2269833:13959
504649174:propagateValuesOnChangeOnly:2283792:22833
504649174:updateInputs:2375042:208
504649174:updateComponents:2375292:13875
504649174:propagateValuesOnChangeOnly:2389375:26542
504649174:updateInputs:2485167:208
504649174:updateComponents:2485417:13958
504649174:propagateValuesOnChangeOnly:2499417:22958
504649174:updateInputs:2591458:167
504649174:updateComponents:2591708:13917
504649174:propagateValuesOnChangeOnly:2605708:24792
504649174:updateInputs:2699000:250
504649174:updateComponents:2699250:13792
504649174:propagateValuesOnChangeOnly:2713083:22959
504649174:updateInputs:2804667:208
504649174:updateComponents:2804917:13625
504649174:propagateValuesOnChangeOnly:2818625:28250
504649174:updateInputs:2915417:250
504649174:updateComponents:2915708:14000
504649174:propagateValuesOnChangeOnly:2929750:22708
504649174:updateInputs:3021167:208
504649174:updateComponents:3021417:13916
504649174:propagateValuesOnChangeOnly:3035375:24708
504649174:updateInputs:3129167:208
504649174:updateComponents:3129417:14291
504649174:propagateValuesOnChangeOnly:3143750:23958
504649174:updateInputs:3238000:208
504649174:updateComponents:3238250:13958
504649174:propagateValuesOnChangeOnly:3252208:26542
504649174:updateInputs:3347250:208
504649174:updateComponents:3347500:13708
504649174:propagateValuesOnChangeOnly:3361250:22958
504649174:updateInputs:3452375:208
504649174:updateComponents:3452625:13792
504649174:propagateValuesOnChangeOnly:3466500:24750
504649174:updateInputs:3559625:208
504649174:updateComponents:3559875:13833
504649174:propagateValuesOnChangeOnly:3573750:22875
504649174:updateInputs:3665000:208
504649174:updateComponents:3665250:13833
504649174:propagateValuesOnChangeOnly:3679125:30083
504649174:updateInputs:3777542:208
504649174:updateComponents:3777792:13958
504649174:propagateValuesOnChangeOnly:3791792:23208
504649174:updateInputs:3883375:167
504649174:updateComponents:3883583:13959
504649174:propagateValuesOnChangeOnly:3897583:24750
504649174:updateInputs:3990708:209
504649174:updateComponents:3990958:13667
504649174:propagateValuesOnChangeOnly:4004667:23041
504649174:updateInputs:4096042:208
504649174:updateComponents:4096292:13666
504649174:propagateValuesOnChangeOnly:4110208:26500
504649174:updateInputs:4205167:208
504649174:updateComponents:4205417:13916
504649174:propagateValuesOnChangeOnly:4219375:23083
504649174:updateInputs:4310375:167
504649174:updateComponents:4310583:14042
504649174:propagateValuesOnChangeOnly:4324667:24958
504649174:updateInputs:4417917:250
504649174:updateComponents:4418208:13792
504649174:propagateValuesOnChangeOnly:4432042:23000
504649174:updateInputs:4523708:167
504649174:updateComponents:4523958:13834
504649174:propagateValuesOnChangeOnly:4537833:28417
504649174:updateInputs:4637500:208
504649174:updateComponents:4637750:14375
504649174:propagateValuesOnChangeOnly:4652125:23667
504649174:updateInputs:4744958:250
504649174:updateComponents:4745208:14042
504649174:propagateValuesOnChangeOnly:4759292:24791
504649174:updateInputs:4852125:208
504649174:updateComponents:4852375:14000
504649174:propagateValuesOnChangeOnly:4866375:23042
504649174:updateInputs:4957958:209
504649174:updateComponents:4958250:13750
504649174:propagateValuesOnChangeOnly:4972042:26750
504649174:updateInputs:5067292:208
504649174:updateComponents:5067542:13875
504649174:propagateValuesOnChangeOnly:5081458:22917
504649174:updateInputs:5172542:166
504649174:updateComponents:5172750:13958
504649174:propagateValuesOnChangeOnly:5186750:24792
504649174:updateInputs:5279792:208
504649174:updateComponents:5280042:13875
504649174:propagateValuesOnChangeOnly:5294000:22958
504649174:updateInputs:5385875:167
504649174:updateComponents:5386083:14334
504649174:propagateValuesOnChangeOnly:5400458:33167
504649174:updateInputs:5501875:167
504649174:updateComponents:5502083:13667
504649174:propagateValuesOnChangeOnly:5515792:23291
504649174:updateInputs:5608417:208
504649174:updateComponents:5608667:14208
504649174:propagateValuesOnChangeOnly:5622958:25709
504649174:updateInputs:5717208:209
504649174:updateComponents:5717458:13917
504649174:propagateValuesOnChangeOnly:5731417:22833
504649174:updateInputs:5826792:208
504649174:updateComponents:5827042:14833
504649174:propagateValuesOnChangeOnly:5841958:29042
504649174:updateInputs:5944625:208
504649174:updateComponents:5944875:14958
504649174:propagateValuesOnChangeOnly:5959875:24250
504649174:updateInputs:6054792:208
504649174:updateComponents:6055083:14292
504649174:propagateValuesOnChangeOnly:6069417:26458
504649174:updateInputs:6168583:250
504649174:updateComponents:6168875:14375
504649174:propagateValuesOnChangeOnly:6183333:24834
504649174:updateInputs:6280667:208
504649174:updateComponents:6280917:14541
504649174:propagateValuesOnChangeOnly:6295500:30375
504649174:updateInputs:6399583:209
504649174:updateComponents:6399833:15292
504649174:propagateValuesOnChangeOnly:6415208:24667
504649174:updateInputs:6511125:208
504649174:updateComponents:6511375:13917
504649174:propagateValuesOnChangeOnly:6525333:24834
504649174:updateInputs:6618417:208
504649174:updateComponents:6618667:13875
504649174:propagateValuesOnChangeOnly:6632583:22875
504649174:updateInputs:6723958:209
504649174:updateComponents:6724208:13834
504649174:propagateValuesOnChangeOnly:6738083:26667
504649174:updateInputs:6833042:208
504649174:updateComponents:6833292:13791
504649174:propagateValuesOnChangeOnly:6847125:22917
504649174:updateInputs:6938375:167
504649174:updateComponents:6938667:13875
504649174:propagateValuesOnChangeOnly:6952542:24875
504649174:updateInputs:7045667:250
504649174:updateComponents:7045958:13917
504649174:propagateValuesOnChangeOnly:7059917:23000
504649174:updateInputs:7151000:208
504649174:updateComponents:7151208:13792
504649174:propagateValuesOnChangeOnly:7165042:30166
504649174:updateInputs:7263375:167
504649174:updateComponents:7263583:13834
504649174:propagateValuesOnChangeOnly:7277500:23375
504649174:updateInputs:7369125:167
504649174:updateComponents:7369333:13792
504649174:propagateValuesOnChangeOnly:7383167:24791
504649174:updateInputs:7476333:209
504649174:updateComponents:7476583:13792
504649174:propagateValuesOnChangeOnly:7490417:23083
504649174:updateInputs:7581708:209
504649174:updateComponents:7581958:13875
504649174:propagateValuesOnChangeOnly:7595875:26542
504649174:updateInputs:7701792:208
504649174:updateComponents:7702000:11625
504649174:propagateValuesOnChangeOnly:7713708:22834
504649174:updateInputs:7805083:167
504649174:updateComponents:7805292:13750
504649174:propagateValuesOnChangeOnly:7819083:24750
504649174:updateInputs:7912250:250
504649174:updateComponents:7912542:13916
504649174:propagateValuesOnChangeOnly:7926500:22917
504649174:updateInputs:8018000:167
504649174:updateComponents:8018250:13708
504649174:propagateValuesOnChangeOnly:8032000:28583
504649174:updateInputs:8128833:209
504649174:updateComponents:8129083:13875
504649174:propagateValuesOnChangeOnly:8143000:23000
504649174:updateInputs:8236292:166
504649174:updateComponents:8236542:14708
504649174:propagateValuesOnChangeOnly:8251292:24750
504649174:updateInputs:8344667:208
504649174:updateComponents:8344875:14917
504649174:propagateValuesOnChangeOnly:8359833:23875
504649174:updateInputs:8455917:208
504649174:updateComponents:8456167:14958
504649174:propagateValuesOnChangeOnly:8471167:28958
504649174:updateInputs:8573417:208
504649174:updateComponents:8573667:14375
504649174:propagateValuesOnChangeOnly:8588042:24541
504649174:updateInputs:8684042:166
504649174:updateComponents:8684250:14417
504649174:propagateValuesOnChangeOnly:8698708:26750
504649174:updateInputs:8797500:250
504649174:updateComponents:8797750:14458
504649174:propagateValuesOnChangeOnly:8812250:23792
504649174:updateInputs:8906667:166
504649174:updateComponents:8906875:14458
504649174:propagateValuesOnChangeOnly:8921333:36375
504649174:updateInputs:9030375:208
504649174:updateComponents:9030625:13875
504649174:propagateValuesOnChangeOnly:9044542:23125
504649174:updateInputs:9136125:208
504649174:updateComponents:9136375:13917
504649174:propagateValuesOnChangeOnly:9150333:24459
504649174:updateInputs:9243333:209
504649174:updateComponents:9243583:13875
504649174:propagateValuesOnChangeOnly:9257500:22917
504649174:updateInputs:9349083:167
504649174:updateComponents:9349292:13958
504649174:propagateValuesOnChangeOnly:9363292:26666
504649174:updateInputs:9458375:208
504649174:updateComponents:9458625:13917
504649174:propagateValuesOnChangeOnly:9472583:22917
504649174:updateInputs:9563750:208
504649174:updateComponents:9564000:13667
504649174:propagateValuesOnChangeOnly:9577708:24834
504649174:updateInputs:9671000:208
504649174:updateComponents:9671250:13875
504649174:propagateValuesOnChangeOnly:9685167:23000
504649174:updateInputs:9776875:167
504649174:updateComponents:9777083:13834
504649174:propagateValuesOnChangeOnly:9790958:28500
504649174:updateInputs:9887917:208
504649174:updateComponents:9888167:13875
504649174:propagateValuesOnChangeOnly:9902083:22959
504649174:updateInputs:9993625:208
504649174:updateComponents:9993833:13917
504649174:propagateValuesOnChangeOnly:10007792:24583
504649174:updateInputs:10100958:209
504649174:updateComponents:10101208:13709
504649174:propagateValuesOnChangeOnly:10114958:22875
504649174:updateInputs:10206292:208
504649174:updateComponents:10206542:13875
504649174:propagateValuesOnChangeOnly:10220458:26625
504649174:updateInputs:10315375:167
504649174:updateComponents:10315583:13750
504649174:propagateValuesOnChangeOnly:10329375:22917
504649174:updateInputs:10420792:166
504649174:updateComponents:10421000:13792
504649174:propagateValuesOnChangeOnly:10434833:24750
504649174:updateInputs:10527792:208
504649174:updateComponents:10528042:13875
504649174:propagateValuesOnChangeOnly:10541958:22917
504649174:updateInputs:10633333:167
504649174:updateComponents:10633542:13708
504649174:propagateValuesOnChangeOnly:10647292:29583
504649174:updateInputs:10745250:167
504649174:updateComponents:10745458:13875
504649174:propagateValuesOnChangeOnly:10759375:23167
504649174:updateInputs:10850792:166
504649174:updateComponents:10851000:13958
504649174:propagateValuesOnChangeOnly:10865000:24833
504649174:updateInputs:10958292:166
504649174:updateComponents:10958500:13833
504649174:propagateValuesOnChangeOnly:10972375:23000
504649174:updateInputs:11063833:209
504649174:updateComponents:11064083:13792
504649174:propagateValuesOnChangeOnly:11079042:26750
504649174:updateInputs:11174125:208
504649174:updateComponents:11174375:13875
504649174:propagateValuesOnChangeOnly:11188333:22917
504649174:updateInputs:11279708:209
504649174:updateComponents:11279958:13750
504649174:propagateValuesOnChangeOnly:11293750:24500
504649174:updateInputs:11386667:208
504649174:updateComponents:11386917:13875
504649174:propagateValuesOnChangeOnly:11400833:22959
504649174:updateInputs:11492042:166
504649174:updateComponents:11492250:13917
504649174:propagateValuesOnChangeOnly:11506167:27833
504649174:updateInputs:11602542:166
504649174:updateComponents:11602750:13917
504649174:propagateValuesOnChangeOnly:11616708:22834
504649174:updateInputs:11707875:208
504649174:updateComponents:11708125:13875
504649174:propagateValuesOnChangeOnly:11722042:25083
504649174:updateInputs:11815333:209
504649174:updateComponents:11815583:13917
504649174:propagateValuesOnChangeOnly:11829542:22958
504649174:updateInputs:11921042:166
504649174:updateComponents:11921250:13917
504649174:propagateValuesOnChangeOnly:11935208:26542
504649174:updateInputs:12030292:208
504649174:updateComponents:12030542:13833
504649174:propagateValuesOnChangeOnly:12044417:23000
504649174:updateInputs:12135708:209
504649174:updateComponents:12135958:13875
504649174:propagateValuesOnChangeOnly:12149875:24458
504649174:updateInputs:12242875:250
504649174:updateComponents:12243167:13875
504649174:propagateValuesOnChangeOnly:12257083:23000
504649174:updateInputs:12348333:167
504649174:updateComponents:12348542:13875
504649174:propagateValuesOnChangeOnly:12362458:31167
504649174:updateInputs:12461917:208
504649174:updateComponents:12462167:13916
504649174:propagateValuesOnChangeOnly:12476125:23333
504649174:updateInputs:12567958:167
504649174:updateComponents:12568167:13916
504649174:propagateValuesOnChangeOnly:12582125:24875
504649174:updateInputs:12675500:208
504649174:updateComponents:12675750:13750
504649174:propagateValuesOnChangeOnly:12689583:22959
504649174:updateInputs:12780958:209
504649174:updateComponents:12781208:13917
504649174:propagateValuesOnChangeOnly:12795167:26250
504649174:updateInputs:12890125:208
504649174:updateComponents:12890375:13833
504649174:propagateValuesOnChangeOnly:12904250:22958
504649174:updateInputs:12995750:167
504649174:updateComponents:12995958:13959
504649174:propagateValuesOnChangeOnly:13009958:24792
504649174:updateInputs:13103167:208
504649174:updateComponents:13103417:13875
504649174:propagateValuesOnChangeOnly:13117333:22959
504649174:updateInputs:13208792:166
504649174:updateComponents:13209000:13625
504649174:propagateValuesOnChangeOnly:13222708:28375
504649174:updateInputs:13319417:208
504649174:updateComponents:13319667:13833
504649174:propagateValuesOnChangeOnly:13333542:22958
504649174:updateInputs:13425125:208
504649174:updateComponents:13425375:13792
504649174:propagateValuesOnChangeOnly:13439208:24750
504649174:updateInputs:13539792:250
504649174:updateComponents:13540083:11459
504649174:propagateValuesOnChangeOnly:13551625:22958
504649174:updateInputs:13642875:167
504649174:updateComponents:13643083:13875
504649174:propagateValuesOnChangeOnly:13657000:26625
504649174:updateInputs:13751958:209
504649174:updateComponents:13752208:13917
504649174:propagateValuesOnChangeOnly:13766167:23041
504649174:updateInputs:13857667:208
504649174:updateComponents:13857917:13833
504649174:propagateValuesOnChangeOnly:13871792:24791
504649174:updateInputs:13965042:208
504649174:updateComponents:13965292:13916
504649174:propagateValuesOnChangeOnly:13979250:23000
504649174:updateInputs:14070333:167
504649174:updateComponents:14070542:13833
504649174:propagateValuesOnChangeOnly:14084417:30166
504649174:updateInputs:14182792:208
504649174:updateComponents:14183042:13666
504649174:propagateValuesOnChangeOnly:14196750:23292
504649174:updateInputs:14288458:209
504649174:updateComponents:14288708:13834
504649174:propagateValuesOnChangeOnly:14302625:24750
504649174:updateInputs:14395667:208
504649174:updateComponents:14395917:13750
504649174:propagateValuesOnChangeOnly:14409708:23042
504649174:updateInputs:14501208:209
504649174:updateComponents:14501458:13834
504649174:propagateValuesOnChangeOnly:14515333:26667
504649174:updateInputs:14610208:209
504649174:updateComponents:14610458:13792
504649174:propagateValuesOnChangeOnly:14624333:22875
504649174:updateInputs:14724125:208
504649174:updateComponents:14724375:13792
504649174:propagateValuesOnChangeOnly:14738208:24750
504649174:updateInputs:14831500:208
504649174:updateComponents:14831750:13958
504649174:propagateValuesOnChangeOnly:14845750:23042
504649174:updateInputs:14940125:167
504649174:updateComponents:14940375:13875
504649174:propagateValuesOnChangeOnly:14954292:28333
504649174:updateInputs:15051333:209
504649174:updateComponents:15051583:13709
504649174:propagateValuesOnChangeOnly:15065333:22917
504649174:updateInputs:15156708:209
504649174:updateComponents:15156917:13958
504649174:propagateValuesOnChangeOnly:15170917:24708
504649174:updateInputs:15264000:208
504649174:updateComponents:15264250:13875
504649174:propagateValuesOnChangeOnly:15278167:23000
504649174:updateInputs:15369417:208
504649174:updateComponents:15369667:13833
504649174:propagateValuesOnChangeOnly:15383542:26625
504649174:updateInputs:15478667:166
504649174:updateComponents:15478875:13792
504649174:propagateValuesOnChangeOnly:15492708:22917
504649174:updateInputs:15583833:209
504649174:updateComponents:15584083:13917
504649174:propagateValuesOnChangeOnly:15598042:24750
504649174:updateInputs:15691000:250
504649174:updateComponents:15691292:13791
504649174:propagateValuesOnChangeOnly:15705125:22958
504649174:updateInputs:15796375:167
504649174:updateComponents:15796583:13875
504649174:propagateValuesOnChangeOnly:15810500:35583
504649174:updateInputs:15914333:167
504649174:updateComponents:15914583:13834
504649174:propagateValuesOnChangeOnly:15928458:23417
504649174:updateInputs:16020125:208
504649174:updateComponents:16020375:13750
504649174:propagateValuesOnChangeOnly:16034167:24875
504649174:updateInputs:16127458:167
504649174:updateComponents:16127667:13875
504649174:propagateValuesOnChangeOnly:16141583:23000
504649174:updateInputs:16233167:166
504649174:updateComponents:16233375:13833
504649174:propagateValuesOnChangeOnly:16247250:26667
504649174:updateInputs:16342167:166
504649174:updateComponents:16342375:13792
504649174:propagateValuesOnChangeOnly:16356208:22959
504649174:updateInputs:16447583:167
504649174:updateComponents:16447792:13875
504649174:propagateValuesOnChangeOnly:16461708:24792
504649174:updateInputs:16555000:250
504649174:updateComponents:16555292:13916
504649174:propagateValuesOnChangeOnly:16569250:22875
504649174:updateInputs:16660417:208
504649174:updateComponents:16660667:13833
504649174:propagateValuesOnChangeOnly:16674542:28166
504649174:updateInputs:16771292:208
504649174:updateComponents:16771500:13917
504649174:propagateValuesOnChangeOnly:16785458:22959
504649174:updateInputs:16879875:167
504649174:updateComponents:16880125:13708
504649174:propagateValuesOnChangeOnly:16893917:24791
504649174:updateInputs:16987083:209
504649174:updateComponents:16987333:13917
504649174:propagateValuesOnChangeOnly:17001292:22875
504649174:updateInputs:17092500:167
504649174:updateComponents:17092708:13875
504649174:propagateValuesOnChangeOnly:17106625:26583
504649174:updateInputs:17201542:208
504649174:updateComponents:17201792:13833
504649174:propagateValuesOnChangeOnly:17215708:22917
504649174:updateInputs:17307083:209
504649174:updateComponents:17307292:13833
504649174:propagateValuesOnChangeOnly:17321167:24750
504649174:updateInputs:17414292:250
504649174:updateComponents:17414583:13875
504649174:propagateValuesOnChangeOnly:17428500:29625
504649174:updateInputs:17526542:208
504649174:updateComponents:17526792:13708
504649174:propagateValuesOnChangeOnly:17540542:30125
504649174:updateInputs:17638958:209
504649174:updateComponents:17639208:13959
504649174:propagateValuesOnChangeOnly:17653208:23292
504649174:updateInputs:17753250:167
504649174:updateComponents:17753500:13875
504649174:propagateValuesOnChangeOnly:17767417:24791
504649174:updateInputs:17860667:208
504649174:updateComponents:17860917:13791
504649174:propagateValuesOnChangeOnly:17874750:23083
504649174:updateInputs:17966083:167
504649174:updateComponents:17966292:13791
504649174:propagateValuesOnChangeOnly:17980125:26583
504649174:updateInputs:18075292:208
504649174:updateComponents:18075542:13958
504649174:propagateValuesOnChangeOnly:18089542:23041
504649174:updateInputs:18181000:167
504649174:updateComponents:18181208:13917
504649174:propagateValuesOnChangeOnly:18195167:24791
504649174:updateInputs:18288417:208
504649174:updateComponents:18288667:13916
504649174:propagateValuesOnChangeOnly:18302625:22958
504649174:updateInputs:18394125:208
504649174:updateComponents:18394375:13833
504649174:propagateValuesOnChangeOnly:18408250:28458
504649174:updateInputs:18505000:167
504649174:updateComponents:18505208:13834
504649174:propagateValuesOnChangeOnly:18519042:23000
504649174:updateInputs:18610208:209
504649174:updateComponents:18610458:13750
504649174:propagateValuesOnChangeOnly:18624250:24792
504649174:updateInputs:18717292:208
504649174:updateComponents:18717542:13708
504649174:propagateValuesOnChangeOnly:18731583:22959
504649174:updateInputs:18822792:208
504649174:updateComponents:18823042:13750
504649174:propagateValuesOnChangeOnly:18836833:26584
504649174:updateInputs:18939083:209
504649174:updateComponents:18939333:13875
504649174:propagateValuesOnChangeOnly:18953208:22875
504649174:updateInputs:19044417:166
504649174:updateComponents:19044625:13958
504649174:propagateValuesOnChangeOnly:19058625:24792
504649174:updateInputs:19151500:250
504649174:updateComponents:19151792:13708
504649174:propagateValuesOnChangeOnly:19165542:22875
504649174:updateInputs:19256375:167
504649174:updateComponents:19256583:13875
504649174:propagateValuesOnChangeOnly:19270500:32083
504649174:updateInputs:19370833:209
504649174:updateComponents:19371083:13834
504649174:propagateValuesOnChangeOnly:19384958:23292
504649174:updateInputs:19476583:167
504649174:updateComponents:19476833:13834
504649174:propagateValuesOnChangeOnly:19490708:24750
504649174:updateInputs:19590208:209
504649174:updateComponents:19590458:13834
504649174:propagateValuesOnChangeOnly:19604333:23000
504649174:updateInputs:19695875:167
504649174:updateComponents:19696083:13709
504649174:propagateValuesOnChangeOnly:19709833:26542
504649174:updateInputs:19804875:208
504649174:updateComponents:19805125:13917
504649174:propagateValuesOnChangeOnly:19819083:22959
504649174:updateInputs:19910333:167
504649174:updateComponents:19910625:13875
504649174:propagateValuesOnChangeOnly:19924542:24833
504649174:updateInputs:20018125:250
504649174:updateComponents:20018417:14625
504649174:propagateValuesOnChangeOnly:20033083:23875
504649174:updateInputs:20126167:166
504649174:updateComponents:20126375:13708
504649174:propagateValuesOnChangeOnly:20140167:28625
504649174:updateInputs:20240292:208
504649174:updateComponents:20240542:14708
504649174:propagateValuesOnChangeOnly:20255292:24291
504649174:updateInputs:20354875:167
504649174:updateComponents:20355083:15125
504649174:propagateValuesOnChangeOnly:20370250:25750
504649174:updateInputs:20467542:208
504649174:updateComponents:20467792:14791
504649174:propagateValuesOnChangeOnly:20482625:23667
504649174:updateInputs:20578458:250
504649174:updateComponents:20578708:14750
504649174:propagateValuesOnChangeOnly:20593542:28416
504649174:updateInputs:20692792:166
504649174:updateComponents:20693000:14375
504649174:propagateValuesOnChangeOnly:20707417:23750
504649174:updateInputs:20802333:209
504649174:updateComponents:20802583:14459
504649174:propagateValuesOnChangeOnly:20817083:26084
504649174:updateInputs:20914458:250
504649174:updateComponents:20914750:13833
504649174:propagateValuesOnChangeOnly:20928625:22833
504649174:updateInputs:21019875:208
504649174:updateComponents:21020125:13875
504649174:propagateValuesOnChangeOnly:21034042:30125
504649174:updateInputs:21132375:125
504649174:updateComponents:21132542:13916
504649174:propagateValuesOnChangeOnly:21146500:23375
504649174:updateInputs:21238208:167
504649174:updateComponents:21238417:13958
504649174:propagateValuesOnChangeOnly:21252417:24916
504649174:updateInputs:21345833:209
504649174:updateComponents:21346083:14000
504649174:propagateValuesOnChangeOnly:21360125:23000
504649174:updateInputs:21452042:166
504649174:updateComponents:21452250:13958
504649174:propagateValuesOnChangeOnly:21466250:26667
504649174:updateInputs:21561042:166
504649174:updateComponents:21561250:13708
504649174:propagateValuesOnChangeOnly:21575000:22958
504649174:updateInputs:21666417:166
504649174:updateComponents:21666625:13917
504649174:propagateValuesOnChangeOnly:21680583:24834
504649174:updateInputs:21773792:208
504649174:updateComponents:21774042:13833
504649174:propagateValuesOnChangeOnly:21787958:22959
504649174:updateInputs:21879292:208
504649174:updateComponents:21879542:13791
504649174:propagateValuesOnChangeOnly:21893375:28500
504649174:updateInputs:21990458:209
504649174:updateComponents:21990708:13834
504649174:propagateValuesOnChangeOnly:22004583:22959
504649174:updateInputs:22095750:167
504649174:updateComponents:22095958:13959
504649174:propagateValuesOnChangeOnly:22109958:24792
504649174:updateInputs:22202792:208
504649174:updateComponents:22203042:13583
504649174:propagateValuesOnChangeOnly:22216667:22958
504649174:updateInputs:22308042:208
504649174:updateComponents:22308292:13791
504649174:propagateValuesOnChangeOnly:22322125:26625
504649174:updateInputs:22417208:209
504649174:updateComponents:22417458:13917
504649174:propagateValuesOnChangeOnly:22431417:22958
504649174:updateInputs:22522417:208
504649174:updateComponents:22522625:13875
504649174:propagateValuesOnChangeOnly:22536542:24750
504649174:updateInputs:22629625:250
504649174:updateComponents:22629917:13833
504649174:propagateValuesOnChangeOnly:22643792:23000
504649174:updateInputs:22734958:167
504649174:updateComponents:22735167:13958
504649174:propagateValuesOnChangeOnly:22749167:33875
504649174:updateInputs:22851125:208
504649174:updateComponents:22851375:13833
504649174:propagateValuesOnChangeOnly:22865250:23250
504649174:updateInputs:22956708:209
504649174:updateComponents:22956958:13875
504649174:propagateValuesOnChangeOnly:22970875:24792
504649174:updateInputs:23064375:208
504649174:updateComponents:23064625:13833
504649174:propagateValuesOnChangeOnly:23078542:22916
504649174:updateInputs:23169792:208
504649174:updateComponents:23170042:13958
504649174:propagateValuesOnChangeOnly:23184042:26625
504649174:updateInputs:23279292:166
504649174:updateComponents:23279500:13958
504649174:propagateValuesOnChangeOnly:23293500:22917
504649174:updateInputs:23384750:167
504649174:updateComponents:23385000:13917
504649174:propagateValuesOnChangeOnly:23398958:24750
504649174:updateInputs:23492042:208
504649174:updateComponents:23492292:13791
504649174:propagateValuesOnChangeOnly:23506125:22917
504649174:updateInputs:23597625:167
504649174:updateComponents:23597833:13917
504649174:propagateValuesOnChangeOnly:23611792:28458
504649174:updateInputs:23708708:167
504649174:updateComponents:23708917:13833
504649174:propagateValuesOnChangeOnly:23722792:22916
504649174:updateInputs:23814000:208
504649174:updateComponents:23814250:13875
504649174:propagateValuesOnChangeOnly:23828167:24791
504649174:updateInputs:23921458:167
504649174:updateComponents:23921667:13750
504649174:propagateValuesOnChangeOnly:23935458:22917
504649174:updateInputs:24026875:208
504649174:updateComponents:24027125:13708
504649174:propagateValuesOnChangeOnly:24040875:26625
504649174:updateInputs:24135917:166
504649174:updateComponents:24136167:13875
504649174:propagateValuesOnChangeOnly:24150125:22917
504649174:updateInputs:24241500:167
504649174:updateComponents:24241792:13833
504649174:propagateValuesOnChangeOnly:24255667:24875
504649174:updateInputs:24348917:208
504649174:updateComponents:24349167:13833
504649174:propagateValuesOnChangeOnly:24363042:22916
504649174:updateInputs:24454375:167
504649174:updateComponents:24454583:13917
504649174:propagateValuesOnChangeOnly:24468542:30125
504649174:updateInputs:24567167:166
504649174:updateComponents:24567375:13917
504649174:propagateValuesOnChangeOnly:24581333:23250
504649174:updateInputs:24673125:208
504649174:updateComponents:24673375:13917
504649174:propagateValuesOnChangeOnly:24687333:24834
504649174:updateInputs:24780417:208
504649174:updateComponents:24780667:13750
504649174:propagateValuesOnChangeOnly:24794458:23042
504649174:updateInputs:24888708:167
504649174:updateComponents:24888958:13875
504649174:propagateValuesOnChangeOnly:24902875:26667
504649174:updateInputs:24997875:167
504649174:updateComponents:24998083:13917
504649174:propagateValuesOnChangeOnly:25012042:22958
504649174:updateInputs:25103292:166
504649174:updateComponents:25103500:13917
504649174:propagateValuesOnChangeOnly:25117458:24792
504649174:updateInputs:25228208:209
504649174:updateComponents:25228458:11584
504649174:propagateValuesOnChangeOnly:25240083:23000
504649174:updateInputs:25331458:167
504649174:updateComponents:25331667:13958
504649174:propagateValuesOnChangeOnly:25345667:28416
504649174:updateInputs:25442333:209
504649174:updateComponents:25442583:13792
504649174:propagateValuesOnChangeOnly:25456417:22958
504649174:updateInputs:25547750:167
504649174:updateComponents:25547958:13750
504649174:propagateValuesOnChangeOnly:25561792:24750
504649174:updateInputs:25654792:208
504649174:updateComponents:25655042:13791
504649174:propagateValuesOnChangeOnly:25668875:22958
504649174:updateInputs:25759958:167
504649174:updateComponents:25760167:13791
504649174:propagateValuesOnChangeOnly:25774000:26583
504649174:updateInputs:25868875:208
504649174:updateComponents:25869125:13833
504649174:propagateValuesOnChangeOnly:25883000:22958
504649174:updateInputs:25974292:208
504649174:updateComponents:25974542:13833
504649174:propagateValuesOnChangeOnly:25988417:24791
504649174:updateInputs:26081208:250
504649174:updateComponents:26081500:13792
504649174:propagateValuesOnChangeOnly:26095333:22917
504649174:updateInputs:26186667:166
504649174:updateComponents:26186875:13833
504649174:propagateValuesOnChangeOnly:26200750:32000
504649174:updateInputs:26300958:209
504649174:updateComponents:26301208:13834
504649174:propagateValuesOnChangeOnly:26315083:23292
504649174:updateInputs:26406292:208
504649174:updateComponents:26406542:13916
504649174:propagateValuesOnChangeOnly:26420542:24791
504649174:updateInputs:26513792:208
504649174:updateComponents:26514042:13875
504649174:propagateValuesOnChangeOnly:26528000:22917
504649174:updateInputs:26619292:208
504649174:updateComponents:26619542:13708
504649174:propagateValuesOnChangeOnly:26633292:26666
504649174:updateInputs:26728292:166
504649174:updateComponents:26728500:13833
504649174:propagateValuesOnChangeOnly:26742375:22958
504649174:updateInputs:26836750:167
504649174:updateComponents:26837000:13875
504649174:propagateValuesOnChangeOnly:26850917:24833
504649174:updateInputs:26944167:208
504649174:updateComponents:26944417:13750
504649174:propagateValuesOnChangeOnly:26958208:22750
504649174:updateInputs:27049542:166
504649174:updateComponents:27049750:13958
504649174:propagateValuesOnChangeOnly:27063750:28500
504649174:updateInputs:27160583:209
504649174:updateComponents:27160833:13792
504649174:propagateValuesOnChangeOnly:27174667:22916
504649174:updateInputs:27266167:208
504649174:updateComponents:27266417:13708
504649174:propagateValuesOnChangeOnly:27280167:24833
504649174:updateInputs:27373333:209
504649174:updateComponents:27373583:13875
504649174:propagateValuesOnChangeOnly:27387500:23000
504649174:updateInputs:27479083:209
504649174:updateComponents:27479333:13792
504649174:propagateValuesOnChangeOnly:27493208:26625
504649174:updateInputs:27588208:209
504649174:updateComponents:27588458:13917
504649174:propagateValuesOnChangeOnly:27602417:22916
504649174:updateInputs:27693500:167
504649174:updateComponents:27693708:13709
504649174:propagateValuesOnChangeOnly:27707458:24834
504649174:updateInputs:27800875:208
504649174:updateComponents:27801125:13792
504649174:propagateValuesOnChangeOnly:27814958:22917
504649174:updateInputs:27906083:167
504649174:updateComponents:27906292:13708
504649174:propagateValuesOnChangeOnly:27920042:29583
504649174:updateInputs:28017750:167
504649174:updateComponents:28017958:13917
504649174:propagateValuesOnChangeOnly:28031917:23125
504649174:updateInputs:28123375:208
504649174:updateComponents:28123625:13833
504649174:propagateValuesOnChangeOnly:28137542:24750
504649174:updateInputs:28230750:208
504649174:updateComponents:28231000:13750
504649174:propagateValuesOnChangeOnly:28244792:23000
504649174:updateInputs:28338917:166
504649174:updateComponents:28339167:13916
504649174:propagateValuesOnChangeOnly:28353125:26167
504649174:updateInputs:28447542:208
504649174:updateComponents:28447792:13791
504649174:propagateValuesOnChangeOnly:28461625:22917
504649174:updateInputs:28552833:209
504649174:updateComponents:28553083:13834
504649174:propagateValuesOnChangeOnly:28567000:24750
504649174:updateInputs:28659917:208
504649174:updateComponents:28660167:13916
504649174:propagateValuesOnChangeOnly:28674125:22792
504649174:updateInputs:28765542:166
504649174:updateComponents:28765750:13833
504649174:propagateValuesOnChangeOnly:28779667:28375
504649174:updateInputs:28876375:167
504649174:updateComponents:28876583:13709
504649174:propagateValuesOnChangeOnly:28890333:22959
504649174:updateInputs:28985750:208
504649174:updateComponents:28986000:13917
504649174:propagateValuesOnChangeOnly:29000000:24750
504649174:updateInputs:29093125:208
504649174:updateComponents:29093375:13708
504649174:propagateValuesOnChangeOnly:29107167:22958
504649174:updateInputs:29198500:167
504649174:updateComponents:29198708:13917
504649174:propagateValuesOnChangeOnly:29212708:26584
504649174:updateInputs:29307542:208
504649174:updateComponents:29307792:13875
504649174:propagateValuesOnChangeOnly:29321708:22875
504649174:updateInputs:29412875:167
504649174:updateComponents:29413083:13792
504649174:propagateValuesOnChangeOnly:29426917:24750
504649174:updateInputs:29520000:250
504649174:updateComponents:29520292:13750
504649174:propagateValuesOnChangeOnly:29534083:22959
504649174:updateInputs:29625125:208
504649174:updateComponents:29625375:13875
504649174:propagateValuesOnChangeOnly:29639292:35541
504649174:updateInputs:29742958:167
504649174:updateComponents:29743167:13958
504649174:propagateValuesOnChangeOnly:29757167:23333
504649174:Run loop:1953292:27895583
504649174:main:542:30134458
