Title: D-FlipFlop test
1262902980:updateInputs:45583:83
1262902980:updateComponents:51875:416
1262902980:Init circuit:28500:27750
1262902980:updateInputs:56416:84
1262902980:updateComponents:56541:250
1262902980:propagateValuesOnChangeOnly:56958:542
1262902980:updateInputs:59041:42
1262902980:updateComponents:59125:208
1262902980:propagateValuesOnChangeOnly:59375:333
1262902980:updateInputs:61208:83
1262902980:updateComponents:61291:250
1262902980:propagateValuesOnChangeOnly:61583:250
1262902980:updateInputs:63500:83
1262902980:updateComponents:63583:250
1262902980:propagateValuesOnChangeOnly:63833:292
1262902980:updateInputs:65583:83
1262902980:updateComponents:65708:208
1262902980:propagateValuesOnChangeOnly:66083:375
1262902980:updateInputs:67875:41
1262902980:updateComponents:67958:208
1262902980:propagateValuesOnChangeOnly:68166:334
1262902980:updateInputs:69875:83
1262902980:updateComponents:69958:250
1262902980:propagateValuesOnChangeOnly:70208:375
1262902980:updateInputs:71958:42
1262902980:updateComponents:72041:209
1262902980:propagateValuesOnChangeOnly:72250:375
1262902980:updateInputs:74000:41
1262902980:updateComponents:74083:208
1262902980:propagateValuesOnChangeOnly:74291:334
1262902980:updateInputs:76208:83
1262902980:updateComponents:76291:209
1262902980:propagateValuesOnChangeOnly:76541:250
1262902980:updateInputs:78458:83
1262902980:updateComponents:78583:208
1262902980:propagateValuesOnChangeOnly:78833:208
1262902980:updateInputs:80458:42
1262902980:updateComponents:80541:209
1262902980:propagateValuesOnChangeOnly:80791:334
1262902980:updateInputs:82541:42
1262902980:updateComponents:82625:250
1262902980:propagateValuesOnChangeOnly:82875:291
1262902980:updateInputs:84583:42
1262902980:updateComponents:84666:250
1262902980:propagateValuesOnChangeOnly:84916:334
1262902980:updateInputs:86666:42
1262902980:updateComponents:86750:208
1262902980:propagateValuesOnChangeOnly:86958:375
1262902980:updateInputs:88750:41
1262902980:updateComponents:88833:208
1262902980:propagateValuesOnChangeOnly:89083:250
1262902980:updateInputs:90708:83
1262902980:updateComponents:90833:208
1262902980:propagateValuesOnChangeOnly:91083:250
1262902980:updateInputs:92750:41
1262902980:updateComponents:92833:208
1262902980:propagateValuesOnChangeOnly:93083:250
1262902980:updateInputs:94666:42
1262902980:updateComponents:94750:208
1262902980:propagateValuesOnChangeOnly:95000:208
1262902980:Run loop:56416:40209
1262902980:main:458:100833
