Title: Display test
1470623227:updateInputs:42833:167
1470623227:updateComponents:51667:250
1470623227:Init circuit:32083:22500
1470623227:updateInputs:54792:166
1470623227:updateComponents:55000:83
1470623227:propagateValuesOnChangeOnly:55208:209
1470623227:updateInputs:57458:250
1470623227:updateComponents:57750:42
1470623227:propagateValuesOnChangeOnly:57833:167
1470623227:updateInputs:60042:166
1470623227:updateComponents:60250:42
1470623227:propagateValuesOnChangeOnly:60333:125
1470623227:updateInputs:62625:167
1470623227:updateComponents:62833:42
1470623227:propagateValuesOnChangeOnly:62917:125
1470623227:updateInputs:65042:208
1470623227:updateComponents:65292:41
1470623227:propagateValuesOnChangeOnly:65500:167
1470623227:updateInputs:67583:167
1470623227:updateComponents:67792:41
1470623227:propagateValuesOnChangeOnly:67875:125
1470623227:updateInputs:69917:208
1470623227:updateComponents:70167:41
1470623227:propagateValuesOnChangeOnly:70250:125
1470623227:updateInputs:72292:208
1470623227:updateComponents:72542:41
1470623227:propagateValuesOnChangeOnly:72625:125
1470623227:updateInputs:74583:167
1470623227:updateComponents:74750:83
1470623227:propagateValuesOnChangeOnly:74833:167
1470623227:updateInputs:77042:166
1470623227:updateComponents:77250:42
1470623227:propagateValuesOnChangeOnly:77292:166
1470623227:updateInputs:79500:125
1470623227:updateComponents:79667:83
1470623227:propagateValuesOnChangeOnly:79792:125
1470623227:updateInputs:81750:208
1470623227:updateComponents:81958:84
1470623227:propagateValuesOnChangeOnly:82042:166
1470623227:updateInputs:84042:166
1470623227:updateComponents:84208:84
1470623227:propagateValuesOnChangeOnly:84292:166
1470623227:updateInputs:86333:125
1470623227:updateComponents:86500:42
1470623227:propagateValuesOnChangeOnly:86583:167
1470623227:updateInputs:88583:167
1470623227:updateComponents:88792:41
1470623227:propagateValuesOnChangeOnly:88875:125
1470623227:Run loop:54750:36042
1470623227:main:500:93583
