Title:ALU test
2713081198:updateInputs:1181125:917
2713081198:updateComponents:1206125:5250
2713081198:Init circuit:891625:359167
2713081198:updateInputs:1252375:959
2713081198:updateComponents:1253834:4458
2713081198:propagateValuesOnChangeOnly:1260125:11209
2713081198:updateInputs:1293459:1000
2713081198:updateComponents:1294959:4083
2713081198:propagateValuesOnChangeOnly:1299625:10500
2713081198:updateInputs:1333875:1000
2713081198:updateComponents:1335417:4042
2713081198:propagateValuesOnChangeOnly:1340042:10083
2713081198:updateInputs:1372584:875
2713081198:updateComponents:1374000:3917
2713081198:propagateValuesOnChangeOnly:1378584:10166
2713081198:updateInputs:1410459:875
2713081198:updateComponents:1411875:4084
2713081198:propagateValuesOnChangeOnly:1419334:9666
2713081198:updateInputs:1450750:917
2713081198:updateComponents:1452209:3916
2713081198:propagateValuesOnChangeOnly:1456709:9375
2713081198:updateInputs:1487792:917
2713081198:updateComponents:1489209:4041
2713081198:propagateValuesOnChangeOnly:1493834:9375
2713081198:updateInputs:1525500:917
2713081198:updateComponents:1526959:3958
2713081198:propagateValuesOnChangeOnly:1531542:9458
2713081198:updateInputs:1562625:917
2713081198:updateComponents:1564084:4041
2713081198:propagateValuesOnChangeOnly:1568750:9375
2713081198:updateInputs:1599625:917
2713081198:updateComponents:1601167:3875
2713081198:propagateValuesOnChangeOnly:1605709:9541
2713081198:updateInputs:1641584:875
2713081198:updateComponents:1643000:3917
2713081198:propagateValuesOnChangeOnly:1647542:9292
2713081198:updateInputs:1678625:875
2713081198:updateComponents:1680084:3916
2713081198:propagateValuesOnChangeOnly:1684625:9250
2713081198:updateInputs:1715292:875
2713081198:updateComponents:1716625:3917
2713081198:propagateValuesOnChangeOnly:1721167:9458
2713081198:updateInputs:1752250:959
2713081198:updateComponents:1753709:3875
2713081198:propagateValuesOnChangeOnly:1758167:9167
2713081198:updateInputs:1789209:875
2713081198:updateComponents:1790584:4083
2713081198:propagateValuesOnChangeOnly:1795250:9000
2713081198:updateInputs:1826042:875
2713081198:updateComponents:1827500:3834
2713081198:propagateValuesOnChangeOnly:1831959:9166
2713081198:updateInputs:1863584:833
2713081198:updateComponents:1864917:3958
2713081198:propagateValuesOnChangeOnly:1869500:9209
2713081198:updateInputs:1900167:958
2713081198:updateComponents:1901667:4042
2713081198:propagateValuesOnChangeOnly:1906292:9042
2713081198:updateInputs:1937167:875
2713081198:updateComponents:1938584:4041
2713081198:propagateValuesOnChangeOnly:1943167:9083
2713081198:updateInputs:1974000:875
2713081198:updateComponents:1975417:4083
2713081198:propagateValuesOnChangeOnly:1980125:8959
2713081198:updateInputs:2010792:875
2713081198:updateComponents:2012209:3958
2713081198:propagateValuesOnChangeOnly:2024667:9083
2713081198:updateInputs:2055625:875
2713081198:updateComponents:2057042:3833
2713081198:propagateValuesOnChangeOnly:2061500:9000
2713081198:updateInputs:2092334:875
2713081198:updateComponents:2093792:4000
2713081198:propagateValuesOnChangeOnly:2098375:9042
2713081198:updateInputs:2129375:875
2713081198:updateComponents:2130792:4000
2713081198:propagateValuesOnChangeOnly:2135375:9292
2713081198:updateInputs:2166417:917
2713081198:updateComponents:2167917:4000
2713081198:propagateValuesOnChangeOnly:2172584:9041
2713081198:updateInputs:2203417:917
2713081198:updateComponents:2204875:3917
2713081198:propagateValuesOnChangeOnly:2209375:8959
2713081198:updateInputs:2239959:875
2713081198:updateComponents:2241375:4042
2713081198:propagateValuesOnChangeOnly:2246000:9084
2713081198:updateInputs:2276917:917
2713081198:updateComponents:2278375:3917
2713081198:propagateValuesOnChangeOnly:2282917:8917
2713081198:updateInputs:2313334:875
2713081198:updateComponents:2314750:4084
2713081198:propagateValuesOnChangeOnly:2319417:9000
2713081198:Run loop:1252334:1097708
2713081198:main:1375:2519542
