Title:16-bit register with enable test
3108134653:updateInputs:2434083:1750
3108134653:updateComponents:2460292:19000
3108134653:Init circuit:1677083:885834
3108134653:updateInputs:2564667:1375
3108134653:updateComponents:2566583:17417
3108134653:propagateValuesOnChangeOnly:2585875:26208
3108134653:updateInputs:2651500:1167
3108134653:updateComponents:2653292:16583
3108134653:propagateValuesOnChangeOnly:2670542:26250
3108134653:updateInputs:2738292:1166
3108134653:updateComponents:2740083:16084
3108134653:propagateValuesOnChangeOnly:2756792:26083
3108134653:updateInputs:2821542:1166
3108134653:updateComponents:2823250:16208
3108134653:propagateValuesOnChangeOnly:2840000:25875
3108134653:updateInputs:2904458:1292
3108134653:updateComponents:2906375:16125
3108134653:propagateValuesOnChangeOnly:2926375:25750
3108134653:updateInputs:2990917:1208
3108134653:updateComponents:2992667:16041
3108134653:propagateValuesOnChangeOnly:3009333:27792
3108134653:updateInputs:3076375:1208
3108134653:updateComponents:3078125:16292
3108134653:propagateValuesOnChangeOnly:3095042:29791
3108134653:updateInputs:3163417:1208
3108134653:updateComponents:3165167:15458
3108134653:propagateValuesOnChangeOnly:3181167:28083
3108134653:updateInputs:3247667:1208
3108134653:updateComponents:3249333:16125
3108134653:propagateValuesOnChangeOnly:3266042:28583
3108134653:updateInputs:3332833:1667
3108134653:updateComponents:3335042:16250
3108134653:propagateValuesOnChangeOnly:3351917:27458
3108134653:updateInputs:3422667:1416
3108134653:updateComponents:3424583:16209
3108134653:propagateValuesOnChangeOnly:3441417:30833
3108134653:updateInputs:3511083:1250
3108134653:updateComponents:3512833:16042
3108134653:propagateValuesOnChangeOnly:3529500:29417
3108134653:updateInputs:3597708:1125
3108134653:updateComponents:3599417:16333
3108134653:propagateValuesOnChangeOnly:3616333:28125
3108134653:updateInputs:3683458:1084
3108134653:updateComponents:3685125:16125
3108134653:propagateValuesOnChangeOnly:3701917:25791
3108134653:updateInputs:3767292:1208
3108134653:updateComponents:3769042:16250
3108134653:propagateValuesOnChangeOnly:3785917:25833
3108134653:updateInputs:3850250:1208
3108134653:updateComponents:3852000:16167
3108134653:propagateValuesOnChangeOnly:3868833:27834
3108134653:updateInputs:3935333:1209
3108134653:updateComponents:3937042:16125
3108134653:propagateValuesOnChangeOnly:3953708:30042
3108134653:updateInputs:4022208:1209
3108134653:updateComponents:4023917:16208
3108134653:propagateValuesOnChangeOnly:4040667:27958
3108134653:updateInputs:4107458:1125
3108134653:updateComponents:4109125:16125
3108134653:propagateValuesOnChangeOnly:4125875:29583
3108134653:updateInputs:4194167:1375
3108134653:updateComponents:4196083:16125
3108134653:propagateValuesOnChangeOnly:4212875:31125
3108134653:updateInputs:4282958:1209
3108134653:updateComponents:4284667:16208
3108134653:propagateValuesOnChangeOnly:4312375:30917
3108134653:updateInputs:4381750:1292
3108134653:updateComponents:4383500:16250
3108134653:propagateValuesOnChangeOnly:4400292:29791
3108134653:updateInputs:4468417:1250
3108134653:updateComponents:4470208:15500
3108134653:propagateValuesOnChangeOnly:4486292:28416
3108134653:updateInputs:4552958:1084
3108134653:updateComponents:4554542:16083
3108134653:propagateValuesOnChangeOnly:4571250:26167
3108134653:updateInputs:4636208:1167
3108134653:updateComponents:4637917:16166
3108134653:propagateValuesOnChangeOnly:4654708:25917
3108134653:updateInputs:4718917:1125
3108134653:updateComponents:4720625:16083
3108134653:propagateValuesOnChangeOnly:4737292:27541
3108134653:updateInputs:4802958:1167
3108134653:updateComponents:4804625:16125
3108134653:propagateValuesOnChangeOnly:4821375:30375
3108134653:updateInputs:4889958:1084
3108134653:updateComponents:4891542:16291
3108134653:propagateValuesOnChangeOnly:4908375:28083
3108134653:updateInputs:4974667:1083
3108134653:updateComponents:4976292:16375
3108134653:propagateValuesOnChangeOnly:4993208:33500
3108134653:updateInputs:5064833:1375
3108134653:updateComponents:5066792:16458
3108134653:propagateValuesOnChangeOnly:5083833:29917
3108134653:updateInputs:5153333:1292
3108134653:updateComponents:5155208:16167
3108134653:propagateValuesOnChangeOnly:5172000:30333
3108134653:updateInputs:5240667:1250
3108134653:updateComponents:5242417:16166
3108134653:propagateValuesOnChangeOnly:5259167:29458
3108134653:updateInputs:5326833:1209
3108134653:updateComponents:5328542:16125
3108134653:propagateValuesOnChangeOnly:5345208:28084
3108134653:updateInputs:5411917:1208
3108134653:updateComponents:5413667:16166
3108134653:propagateValuesOnChangeOnly:5430333:26042
3108134653:updateInputs:5494500:1250
3108134653:updateComponents:5496208:16250
3108134653:propagateValuesOnChangeOnly:5513000:25583
3108134653:updateInputs:5576750:1083
3108134653:updateComponents:5578417:16208
3108134653:propagateValuesOnChangeOnly:5595292:28166
3108134653:updateInputs:5661500:1125
3108134653:updateComponents:5663167:16208
3108134653:propagateValuesOnChangeOnly:5679958:30000
3108134653:updateInputs:5747875:1125
3108134653:updateComponents:5749542:16291
3108134653:propagateValuesOnChangeOnly:5766417:27833
3108134653:updateInputs:5832333:1167
3108134653:updateComponents:5834083:16125
3108134653:propagateValuesOnChangeOnly:5850750:31792
3108134653:updateInputs:5920833:1459
3108134653:updateComponents:5922917:15958
3108134653:propagateValuesOnChangeOnly:5939417:29958
3108134653:updateInputs:6008167:1500
3108134653:updateComponents:6010167:16000
3108134653:propagateValuesOnChangeOnly:6026708:30625
3108134653:updateInputs:6095583:1209
3108134653:updateComponents:6097333:16042
3108134653:propagateValuesOnChangeOnly:6113958:29209
3108134653:updateInputs:6199833:1167
3108134653:updateComponents:6201583:16250
3108134653:propagateValuesOnChangeOnly:6218458:29709
3108134653:updateInputs:6286417:1166
3108134653:updateComponents:6288167:16208
3108134653:propagateValuesOnChangeOnly:6304917:27208
3108134653:updateInputs:6370333:1250
3108134653:updateComponents:6372125:16167
3108134653:propagateValuesOnChangeOnly:6388875:25792
3108134653:updateInputs:6452875:1042
3108134653:updateComponents:6454500:15417
3108134653:propagateValuesOnChangeOnly:6470583:27750
3108134653:updateInputs:6536583:1125
3108134653:updateComponents:6538250:16125
3108134653:propagateValuesOnChangeOnly:6554958:30209
3108134653:updateInputs:6624583:875
3108134653:updateComponents:6625833:13417
3108134653:propagateValuesOnChangeOnly:6639792:23083
3108134653:updateInputs:6694250:958
3108134653:updateComponents:6695667:13166
3108134653:propagateValuesOnChangeOnly:6709292:23500
3108134653:updateInputs:6764083:1042
3108134653:updateComponents:6765583:13250
3108134653:propagateValuesOnChangeOnly:6779375:22292
3108134653:updateInputs:6833083:1042
3108134653:updateComponents:6834542:13208
3108134653:propagateValuesOnChangeOnly:6848292:22875
3108134653:updateInputs:6902417:916
3108134653:updateComponents:6903833:13084
3108134653:propagateValuesOnChangeOnly:6917458:22125
3108134653:updateInputs:6970958:1000
3108134653:updateComponents:6972333:13334
3108134653:propagateValuesOnChangeOnly:6986125:21125
3108134653:updateInputs:7038750:917
3108134653:updateComponents:7040125:13292
3108134653:propagateValuesOnChangeOnly:7053958:21250
3108134653:updateInputs:7106708:1000
3108134653:updateComponents:7108167:13208
3108134653:propagateValuesOnChangeOnly:7121917:21208
3108134653:updateInputs:7174250:917
3108134653:updateComponents:7175625:12667
3108134653:propagateValuesOnChangeOnly:7188792:22916
3108134653:updateInputs:7242958:959
3108134653:updateComponents:7244333:13417
3108134653:propagateValuesOnChangeOnly:7258250:24750
3108134653:updateInputs:7314208:959
3108134653:updateComponents:7315625:12583
3108134653:propagateValuesOnChangeOnly:7328667:22958
3108134653:updateInputs:7383042:916
3108134653:updateComponents:7384417:13125
3108134653:propagateValuesOnChangeOnly:7398083:23542
3108134653:updateInputs:7453167:1041
3108134653:updateComponents:7454667:13291
3108134653:propagateValuesOnChangeOnly:7468417:22333
3108134653:updateInputs:7534833:917
3108134653:updateComponents:7536167:13250
3108134653:propagateValuesOnChangeOnly:7549958:23667
3108134653:updateInputs:7605125:917
3108134653:updateComponents:7606500:13333
3108134653:propagateValuesOnChangeOnly:7620333:23834
3108134653:updateInputs:7675500:917
3108134653:updateComponents:7676875:13333
3108134653:propagateValuesOnChangeOnly:7690708:22209
3108134653:updateInputs:7748125:875
3108134653:updateComponents:7749417:13333
3108134653:propagateValuesOnChangeOnly:7763208:23250
3108134653:updateInputs:7817875:1042
3108134653:updateComponents:7819333:12667
3108134653:propagateValuesOnChangeOnly:7832458:22834
3108134653:updateInputs:7886542:916
3108134653:updateComponents:7887917:13333
3108134653:propagateValuesOnChangeOnly:7901750:22917
3108134653:updateInputs:7955958:917
3108134653:updateComponents:7957333:13375
3108134653:propagateValuesOnChangeOnly:7971208:25042
3108134653:updateInputs:8027667:916
3108134653:updateComponents:8029000:13292
3108134653:propagateValuesOnChangeOnly:8042792:23083
3108134653:updateInputs:8097375:958
3108134653:updateComponents:8098708:13375
3108134653:propagateValuesOnChangeOnly:8112542:23541
3108134653:updateInputs:8167417:1041
3108134653:updateComponents:8168917:13166
3108134653:propagateValuesOnChangeOnly:8182583:22375
3108134653:updateInputs:8236250:1000
3108134653:updateComponents:8237667:13291
3108134653:propagateValuesOnChangeOnly:8251500:22917
3108134653:updateInputs:8305625:1000
3108134653:updateComponents:8307125:13500
3108134653:propagateValuesOnChangeOnly:8321125:22167
3108134653:updateInputs:8374542:958
3108134653:updateComponents:8375958:13209
3108134653:propagateValuesOnChangeOnly:8389667:21000
3108134653:updateInputs:8441750:958
3108134653:updateComponents:8443167:12583
3108134653:propagateValuesOnChangeOnly:8456250:21083
3108134653:Run loop:2564583:5944250
3108134653:main:1208:8878375
