Title: And 6 test
2631983313:updateInputs:34792:83
2631983313:updateComponents:45833:84
2631983313:Init circuit:30667:17125
2631983313:updateInputs:47917:83
2631983313:updateComponents:48042:41
2631983313:propagateValuesOnChangeOnly:48250:83
2631983313:updateInputs:48458:84
2631983313:updateComponents:48583:0
2631983313:propagateValuesOnChangeOnly:48625:83
2631983313:updateInputs:49625:42
2631983313:updateComponents:49708:0
2631983313:propagateValuesOnChangeOnly:49750:83
2631983313:updateInputs:49917:41
2631983313:updateComponents:50000:42
2631983313:propagateValuesOnChangeOnly:50042:83
2631983313:updateInputs:50750:0
2631983313:updateComponents:50792:41
2631983313:propagateValuesOnChangeOnly:51042:41
2631983313:updateInputs:51167:41
2631983313:updateComponents:51250:42
2631983313:propagateValuesOnChangeOnly:51292:83
2631983313:updateInputs:52208:42
2631983313:updateComponents:52250:42
2631983313:propagateValuesOnChangeOnly:52333:42
2631983313:updateInputs:52458:42
2631983313:updateComponents:52542:41
2631983313:propagateValuesOnChangeOnly:52583:84
2631983313:updateInputs:53292:0
2631983313:updateComponents:53333:42
2631983313:propagateValuesOnChangeOnly:53375:83
2631983313:updateInputs:53542:41
2631983313:updateComponents:53625:0
2631983313:propagateValuesOnChangeOnly:53667:41
2631983313:updateInputs:54583:42
2631983313:updateComponents:54667:0
2631983313:propagateValuesOnChangeOnly:54708:42
2631983313:updateInputs:54833:42
2631983313:updateComponents:54917:0
2631983313:propagateValuesOnChangeOnly:54958:84
2631983313:updateInputs:55667:0
2631983313:updateComponents:55708:42
2631983313:propagateValuesOnChangeOnly:55750:83
2631983313:updateInputs:55875:42
2631983313:updateComponents:55958:42
2631983313:propagateValuesOnChangeOnly:56000:83
2631983313:updateInputs:56708:42
2631983313:updateComponents:56750:42
2631983313:propagateValuesOnChangeOnly:56833:42
2631983313:updateInputs:56958:42
2631983313:updateComponents:57042:41
2631983313:propagateValuesOnChangeOnly:57083:84
2631983313:updateInputs:59000:42
2631983313:updateComponents:59083:0
2631983313:propagateValuesOnChangeOnly:59125:42
2631983313:updateInputs:59250:42
2631983313:updateComponents:59333:0
2631983313:propagateValuesOnChangeOnly:59375:42
2631983313:updateInputs:60042:41
2631983313:updateComponents:60125:0
2631983313:propagateValuesOnChangeOnly:60167:41
2631983313:updateInputs:60292:41
2631983313:updateComponents:60375:42
2631983313:propagateValuesOnChangeOnly:60417:83
2631983313:updateInputs:61125:0
2631983313:updateComponents:61167:41
2631983313:propagateValuesOnChangeOnly:61542:41
2631983313:updateInputs:61667:41
2631983313:updateComponents:61750:42
2631983313:propagateValuesOnChangeOnly:61833:42
2631983313:updateInputs:62500:0
2631983313:updateComponents:62542:41
2631983313:propagateValuesOnChangeOnly:62583:84
2631983313:updateInputs:62750:42
2631983313:updateComponents:62833:42
2631983313:propagateValuesOnChangeOnly:62875:83
2631983313:updateInputs:63583:0
2631983313:updateComponents:63625:42
2631983313:propagateValuesOnChangeOnly:63708:42
2631983313:updateInputs:63833:42
2631983313:updateComponents:63875:42
2631983313:propagateValuesOnChangeOnly:63958:42
2631983313:updateInputs:64625:42
2631983313:updateComponents:64667:41
2631983313:propagateValuesOnChangeOnly:64750:42
2631983313:updateInputs:64875:42
2631983313:updateComponents:64958:0
2631983313:propagateValuesOnChangeOnly:65000:42
2631983313:updateInputs:65667:41
2631983313:updateComponents:65708:42
2631983313:propagateValuesOnChangeOnly:65792:41
2631983313:updateInputs:65917:0
2631983313:updateComponents:65958:42
2631983313:propagateValuesOnChangeOnly:66042:41
2631983313:updateInputs:66708:42
2631983313:updateComponents:66792:0
2631983313:propagateValuesOnChangeOnly:66833:42
2631983313:updateInputs:66958:84
2631983313:updateComponents:67083:0
2631983313:propagateValuesOnChangeOnly:67125:42
2631983313:updateInputs:68000:0
2631983313:updateComponents:68042:41
2631983313:propagateValuesOnChangeOnly:68083:84
2631983313:updateInputs:68250:0
2631983313:updateComponents:68292:41
2631983313:propagateValuesOnChangeOnly:68375:42
2631983313:updateInputs:69042:41
2631983313:updateComponents:69083:42
2631983313:propagateValuesOnChangeOnly:69167:41
2631983313:updateInputs:69292:41
2631983313:updateComponents:69333:42
2631983313:propagateValuesOnChangeOnly:69417:41
2631983313:updateInputs:70083:0
2631983313:updateComponents:70125:42
2631983313:propagateValuesOnChangeOnly:70208:42
2631983313:updateInputs:70333:42
2631983313:updateComponents:70375:42
2631983313:propagateValuesOnChangeOnly:70458:42
2631983313:updateInputs:71125:42
2631983313:updateComponents:71167:41
2631983313:propagateValuesOnChangeOnly:71250:42
2631983313:updateInputs:71375:42
2631983313:updateComponents:71458:0
2631983313:propagateValuesOnChangeOnly:71500:83
2631983313:updateInputs:72167:41
2631983313:updateComponents:72250:0
2631983313:propagateValuesOnChangeOnly:72292:41
2631983313:updateInputs:72417:41
2631983313:updateComponents:72500:0
2631983313:propagateValuesOnChangeOnly:72542:41
2631983313:updateInputs:74500:42
2631983313:updateComponents:74583:0
2631983313:propagateValuesOnChangeOnly:74667:41
2631983313:updateInputs:74792:41
2631983313:updateComponents:74875:0
2631983313:propagateValuesOnChangeOnly:74917:41
2631983313:updateInputs:75583:42
2631983313:updateComponents:75625:42
2631983313:propagateValuesOnChangeOnly:75708:42
2631983313:updateInputs:75833:42
2631983313:updateComponents:75917:0
2631983313:propagateValuesOnChangeOnly:75958:42
2631983313:updateInputs:76625:42
2631983313:updateComponents:76708:0
2631983313:propagateValuesOnChangeOnly:76750:83
2631983313:updateInputs:76875:83
2631983313:updateComponents:76958:42
2631983313:propagateValuesOnChangeOnly:77042:41
2631983313:updateInputs:77708:0
2631983313:updateComponents:77750:42
2631983313:propagateValuesOnChangeOnly:77792:83
2631983313:updateInputs:77917:41
2631983313:updateComponents:78000:42
2631983313:propagateValuesOnChangeOnly:78042:83
2631983313:updateInputs:78750:0
2631983313:updateComponents:78792:41
2631983313:propagateValuesOnChangeOnly:78833:84
2631983313:updateInputs:78958:84
2631983313:updateComponents:79042:41
2631983313:propagateValuesOnChangeOnly:79125:42
2631983313:updateInputs:79833:0
2631983313:updateComponents:79875:42
2631983313:propagateValuesOnChangeOnly:79917:83
2631983313:updateInputs:80083:42
2631983313:updateComponents:80125:42
2631983313:propagateValuesOnChangeOnly:80208:42
2631983313:updateInputs:80875:42
2631983313:updateComponents:80958:0
2631983313:propagateValuesOnChangeOnly:81000:42
2631983313:updateInputs:81125:42
2631983313:updateComponents:81208:0
2631983313:propagateValuesOnChangeOnly:81250:83
2631983313:updateInputs:81917:41
2631983313:updateComponents:82000:0
2631983313:propagateValuesOnChangeOnly:82042:83
2631983313:updateInputs:82167:41
2631983313:updateComponents:82250:0
2631983313:propagateValuesOnChangeOnly:82292:83
2631983313:updateInputs:83000:0
2631983313:updateComponents:83042:41
2631983313:propagateValuesOnChangeOnly:83083:84
2631983313:updateInputs:83208:42
2631983313:updateComponents:83292:41
2631983313:propagateValuesOnChangeOnly:83375:42
2631983313:updateInputs:84042:41
2631983313:updateComponents:84083:42
2631983313:propagateValuesOnChangeOnly:84167:41
2631983313:updateInputs:84292:41
2631983313:updateComponents:84333:42
2631983313:propagateValuesOnChangeOnly:84417:41
2631983313:updateInputs:85083:42
2631983313:updateComponents:85167:0
2631983313:propagateValuesOnChangeOnly:85208:42
2631983313:updateInputs:85333:84
2631983313:updateComponents:85458:0
2631983313:propagateValuesOnChangeOnly:85500:83
2631983313:updateInputs:86167:41
2631983313:updateComponents:86250:0
2631983313:propagateValuesOnChangeOnly:86292:41
2631983313:updateInputs:86417:41
2631983313:updateComponents:86500:0
2631983313:propagateValuesOnChangeOnly:86542:41
2631983313:updateInputs:87208:42
2631983313:updateComponents:87250:42
2631983313:propagateValuesOnChangeOnly:87333:42
2631983313:updateInputs:87458:42
2631983313:updateComponents:87542:0
2631983313:propagateValuesOnChangeOnly:87583:42
2631983313:updateInputs:88458:42
2631983313:updateComponents:88500:42
2631983313:propagateValuesOnChangeOnly:88583:42
2631983313:updateInputs:88708:42
2631983313:updateComponents:88750:42
2631983313:propagateValuesOnChangeOnly:88833:42
2631983313:updateInputs:89500:42
2631983313:updateComponents:89542:41
2631983313:propagateValuesOnChangeOnly:89625:42
2631983313:updateInputs:89750:42
2631983313:updateComponents:89833:42
2631983313:propagateValuesOnChangeOnly:89875:83
2631983313:updateInputs:90542:41
2631983313:updateComponents:90583:42
2631983313:propagateValuesOnChangeOnly:90667:41
2631983313:updateInputs:90792:0
2631983313:updateComponents:90833:42
2631983313:propagateValuesOnChangeOnly:90875:83
2631983313:updateInputs:91583:0
2631983313:updateComponents:91625:42
2631983313:propagateValuesOnChangeOnly:91667:83
2631983313:updateInputs:91792:41
2631983313:updateComponents:91875:42
2631983313:propagateValuesOnChangeOnly:91917:83
2631983313:updateInputs:92583:42
2631983313:updateComponents:92625:42
2631983313:propagateValuesOnChangeOnly:92708:42
2631983313:updateInputs:92833:0
2631983313:updateComponents:92875:42
2631983313:propagateValuesOnChangeOnly:92917:83
2631983313:updateInputs:93583:42
2631983313:updateComponents:93667:0
2631983313:propagateValuesOnChangeOnly:93708:42
2631983313:updateInputs:93833:42
2631983313:updateComponents:93917:41
2631983313:propagateValuesOnChangeOnly:94000:42
2631983313:updateInputs:94625:42
2631983313:updateComponents:94708:0
2631983313:propagateValuesOnChangeOnly:94750:42
2631983313:updateInputs:94875:0
2631983313:updateComponents:94917:41
2631983313:propagateValuesOnChangeOnly:95000:42
2631983313:updateInputs:95667:0
2631983313:updateComponents:95708:42
2631983313:propagateValuesOnChangeOnly:95750:83
2631983313:updateInputs:95875:42
2631983313:updateComponents:95958:0
2631983313:propagateValuesOnChangeOnly:96000:83
2631983313:updateInputs:96667:0
2631983313:updateComponents:96708:42
2631983313:propagateValuesOnChangeOnly:98375:42
2631983313:updateInputs:98500:0
2631983313:updateComponents:98542:41
2631983313:propagateValuesOnChangeOnly:98583:84
2631983313:updateInputs:99250:42
2631983313:updateComponents:99333:0
2631983313:propagateValuesOnChangeOnly:99375:42
2631983313:updateInputs:99500:42
2631983313:updateComponents:99583:0
2631983313:propagateValuesOnChangeOnly:99625:83
2631983313:updateInputs:100292:0
2631983313:updateComponents:100333:42
2631983313:propagateValuesOnChangeOnly:100375:83
2631983313:updateInputs:100500:42
2631983313:updateComponents:100583:0
2631983313:propagateValuesOnChangeOnly:100625:42
2631983313:updateInputs:101292:0
2631983313:updateComponents:101333:42
2631983313:propagateValuesOnChangeOnly:101375:83
2631983313:updateInputs:101500:42
2631983313:updateComponents:101583:0
2631983313:propagateValuesOnChangeOnly:101625:83
2631983313:updateInputs:102292:41
2631983313:updateComponents:102333:42
2631983313:propagateValuesOnChangeOnly:102417:41
2631983313:updateInputs:102500:42
2631983313:updateComponents:102583:42
2631983313:propagateValuesOnChangeOnly:102625:83
2631983313:updateInputs:103292:41
2631983313:updateComponents:103333:42
2631983313:propagateValuesOnChangeOnly:103417:41
2631983313:updateInputs:103500:83
2631983313:updateComponents:103625:42
2631983313:propagateValuesOnChangeOnly:103667:83
2631983313:updateInputs:104375:42
2631983313:updateComponents:104417:41
2631983313:propagateValuesOnChangeOnly:104500:42
2631983313:updateInputs:104583:42
2631983313:updateComponents:104667:0
2631983313:propagateValuesOnChangeOnly:104708:84
2631983313:updateInputs:105375:42
2631983313:updateComponents:105417:41
2631983313:propagateValuesOnChangeOnly:105500:42
2631983313:updateInputs:105583:42
2631983313:updateComponents:105667:41
2631983313:propagateValuesOnChangeOnly:105708:84
2631983313:updateInputs:106500:42
2631983313:updateComponents:106583:0
2631983313:propagateValuesOnChangeOnly:106625:42
2631983313:updateInputs:106750:0
2631983313:updateComponents:106792:41
2631983313:propagateValuesOnChangeOnly:106833:84
2631983313:updateInputs:107583:0
2631983313:updateComponents:107625:0
2631983313:propagateValuesOnChangeOnly:107667:83
2631983313:updateInputs:107792:41
2631983313:updateComponents:107875:42
2631983313:propagateValuesOnChangeOnly:107917:83
2631983313:updateInputs:108583:42
2631983313:updateComponents:108667:0
2631983313:propagateValuesOnChangeOnly:108708:84
2631983313:updateInputs:108833:42
2631983313:updateComponents:108917:0
2631983313:propagateValuesOnChangeOnly:108958:42
2631983313:updateInputs:109625:0
2631983313:updateComponents:109667:41
2631983313:propagateValuesOnChangeOnly:109708:84
2631983313:updateInputs:109833:42
2631983313:updateComponents:109917:41
2631983313:propagateValuesOnChangeOnly:109958:84
2631983313:updateInputs:110583:42
2631983313:updateComponents:110625:42
2631983313:propagateValuesOnChangeOnly:110708:42
2631983313:updateInputs:110833:0
2631983313:updateComponents:110875:42
2631983313:propagateValuesOnChangeOnly:110917:83
2631983313:updateInputs:111583:42
2631983313:updateComponents:111667:0
2631983313:propagateValuesOnChangeOnly:111708:42
2631983313:updateInputs:111833:42
2631983313:updateComponents:111917:41
2631983313:propagateValuesOnChangeOnly:111958:84
2631983313:updateInputs:112667:0
2631983313:updateComponents:112708:42
2631983313:propagateValuesOnChangeOnly:112750:83
2631983313:updateInputs:112875:42
2631983313:updateComponents:112958:42
2631983313:propagateValuesOnChangeOnly:113000:83
2631983313:updateInputs:113708:0
2631983313:updateComponents:113750:0
2631983313:propagateValuesOnChangeOnly:113792:83
2631983313:updateInputs:113917:41
2631983313:updateComponents:114000:0
2631983313:propagateValuesOnChangeOnly:114042:41
2631983313:updateInputs:114708:42
2631983313:updateComponents:114750:42
2631983313:propagateValuesOnChangeOnly:114792:83
2631983313:updateInputs:114917:41
2631983313:updateComponents:115000:0
2631983313:propagateValuesOnChangeOnly:115042:83
2631983313:updateInputs:115708:42
2631983313:updateComponents:115792:0
2631983313:propagateValuesOnChangeOnly:115833:42
2631983313:updateInputs:115958:42
2631983313:updateComponents:116042:0
2631983313:propagateValuesOnChangeOnly:116083:42
2631983313:updateInputs:116750:42
2631983313:updateComponents:116833:0
2631983313:propagateValuesOnChangeOnly:116875:42
2631983313:updateInputs:117000:0
2631983313:updateComponents:117042:41
2631983313:propagateValuesOnChangeOnly:117125:42
2631983313:updateInputs:117750:42
2631983313:updateComponents:117833:0
2631983313:propagateValuesOnChangeOnly:117875:83
2631983313:updateInputs:118000:42
2631983313:updateComponents:118083:42
2631983313:propagateValuesOnChangeOnly:118125:83
2631983313:updateInputs:118792:41
2631983313:updateComponents:118833:42
2631983313:propagateValuesOnChangeOnly:118917:41
2631983313:updateInputs:119000:42
2631983313:updateComponents:119083:0
2631983313:propagateValuesOnChangeOnly:119125:83
2631983313:updateInputs:119792:41
2631983313:updateComponents:119833:42
2631983313:propagateValuesOnChangeOnly:119917:41
2631983313:updateInputs:120000:83
2631983313:updateComponents:120125:42
2631983313:propagateValuesOnChangeOnly:120167:83
2631983313:Run loop:47917:73000
2631983313:main:42:124125
