Title: JK-Latch Master-Slave with asynchronous SR test
4082748216:updateInputs:59084:166
4082748216:updateComponents:65875:417
4082748216:Init circuit:42125:27834
4082748216:updateInputs:70167:167
4082748216:updateComponents:70375:375
4082748216:propagateValuesOnChangeOnly:70875:459
4082748216:updateInputs:71459:125
4082748216:updateComponents:71625:250
4082748216:propagateValuesOnChangeOnly:71917:458
4082748216:updateInputs:73667:83
4082748216:updateComponents:73792:208
4082748216:propagateValuesOnChangeOnly:74000:375
4082748216:updateInputs:74459:83
4082748216:updateComponents:74584:208
4082748216:propagateValuesOnChangeOnly:74792:375
4082748216:updateInputs:75250:84
4082748216:updateComponents:75334:208
4082748216:propagateValuesOnChangeOnly:75709:333
4082748216:updateInputs:76125:84
4082748216:updateComponents:76250:209
4082748216:propagateValuesOnChangeOnly:76459:333
4082748216:updateInputs:76875:84
4082748216:updateComponents:77000:167
4082748216:propagateValuesOnChangeOnly:77209:333
4082748216:updateInputs:77584:83
4082748216:updateComponents:77709:208
4082748216:propagateValuesOnChangeOnly:77917:333
4082748216:updateInputs:78292:83
4082748216:updateComponents:78417:208
4082748216:propagateValuesOnChangeOnly:78667:292
4082748216:updateInputs:79042:83
4082748216:updateComponents:79125:209
4082748216:propagateValuesOnChangeOnly:79375:292
4082748216:updateInputs:80000:84
4082748216:updateComponents:80084:250
4082748216:propagateValuesOnChangeOnly:80334:333
4082748216:updateInputs:80750:84
4082748216:updateComponents:80875:209
4082748216:propagateValuesOnChangeOnly:81084:333
4082748216:updateInputs:81500:84
4082748216:updateComponents:81625:209
4082748216:propagateValuesOnChangeOnly:81875:292
4082748216:updateInputs:82250:84
4082748216:updateComponents:82334:208
4082748216:propagateValuesOnChangeOnly:82584:333
4082748216:updateInputs:82959:83
4082748216:updateComponents:83084:208
4082748216:propagateValuesOnChangeOnly:83292:333
4082748216:updateInputs:83709:83
4082748216:updateComponents:83792:208
4082748216:propagateValuesOnChangeOnly:84042:333
4082748216:updateInputs:84459:83
4082748216:updateComponents:84542:208
4082748216:propagateValuesOnChangeOnly:84792:333
4082748216:updateInputs:85167:83
4082748216:updateComponents:85292:208
4082748216:propagateValuesOnChangeOnly:85500:334
4082748216:updateInputs:85917:83
4082748216:updateComponents:86000:209
4082748216:propagateValuesOnChangeOnly:86292:292
4082748216:updateInputs:86667:83
4082748216:updateComponents:86750:209
4082748216:propagateValuesOnChangeOnly:87000:334
4082748216:updateInputs:87417:83
4082748216:updateComponents:87500:209
4082748216:propagateValuesOnChangeOnly:87959:333
4082748216:updateInputs:88375:84
4082748216:updateComponents:88459:208
4082748216:propagateValuesOnChangeOnly:88709:333
4082748216:updateInputs:89084:83
4082748216:updateComponents:89209:208
4082748216:propagateValuesOnChangeOnly:89459:291
4082748216:updateInputs:89834:83
4082748216:updateComponents:89959:208
4082748216:propagateValuesOnChangeOnly:90167:333
4082748216:updateInputs:90584:83
4082748216:updateComponents:90709:166
4082748216:propagateValuesOnChangeOnly:90875:334
4082748216:updateInputs:91250:84
4082748216:updateComponents:91375:209
4082748216:propagateValuesOnChangeOnly:91584:333
4082748216:updateInputs:92000:84
4082748216:updateComponents:92084:250
4082748216:propagateValuesOnChangeOnly:92334:333
4082748216:updateInputs:92750:84
4082748216:updateComponents:92875:209
4082748216:propagateValuesOnChangeOnly:93125:334
4082748216:updateInputs:95750:84
4082748216:updateComponents:95875:209
4082748216:propagateValuesOnChangeOnly:96125:375
4082748216:updateInputs:96584:83
4082748216:updateComponents:96709:208
4082748216:propagateValuesOnChangeOnly:96959:375
4082748216:updateInputs:97417:83
4082748216:updateComponents:97542:208
4082748216:propagateValuesOnChangeOnly:97750:375
4082748216:updateInputs:98209:83
4082748216:updateComponents:98334:208
4082748216:propagateValuesOnChangeOnly:98542:333
4082748216:updateInputs:98917:83
4082748216:updateComponents:99042:208
4082748216:propagateValuesOnChangeOnly:99292:333
4082748216:updateInputs:99667:83
4082748216:updateComponents:99792:208
4082748216:propagateValuesOnChangeOnly:100000:334
4082748216:updateInputs:100417:83
4082748216:updateComponents:100542:208
4082748216:propagateValuesOnChangeOnly:100750:334
4082748216:updateInputs:101167:83
4082748216:updateComponents:101292:208
4082748216:propagateValuesOnChangeOnly:101500:334
4082748216:updateInputs:101917:83
4082748216:updateComponents:102042:208
4082748216:propagateValuesOnChangeOnly:102292:292
4082748216:updateInputs:102667:83
4082748216:updateComponents:102792:208
4082748216:propagateValuesOnChangeOnly:103042:292
4082748216:updateInputs:103417:83
4082748216:updateComponents:103542:208
4082748216:propagateValuesOnChangeOnly:103792:292
4082748216:updateInputs:104167:83
4082748216:updateComponents:104292:167
4082748216:propagateValuesOnChangeOnly:104500:334
4082748216:updateInputs:104875:84
4082748216:updateComponents:105000:167
4082748216:propagateValuesOnChangeOnly:105209:333
4082748216:updateInputs:105584:83
4082748216:updateComponents:105709:208
4082748216:propagateValuesOnChangeOnly:105959:291
4082748216:updateInputs:107834:83
4082748216:updateComponents:107959:208
4082748216:propagateValuesOnChangeOnly:108167:333
4082748216:updateInputs:108542:125
4082748216:updateComponents:108667:208
4082748216:propagateValuesOnChangeOnly:108917:333
4082748216:updateInputs:109292:83
4082748216:updateComponents:109417:208
4082748216:propagateValuesOnChangeOnly:109667:292
4082748216:updateInputs:110042:83
4082748216:updateComponents:110125:209
4082748216:propagateValuesOnChangeOnly:110375:292
4082748216:updateInputs:110750:84
4082748216:updateComponents:110834:208
4082748216:propagateValuesOnChangeOnly:111084:333
4082748216:updateInputs:111459:83
4082748216:updateComponents:111584:166
4082748216:propagateValuesOnChangeOnly:111792:333
4082748216:updateInputs:112167:83
4082748216:updateComponents:112292:167
4082748216:propagateValuesOnChangeOnly:112500:334
4082748216:updateInputs:112875:84
4082748216:updateComponents:113000:167
4082748216:propagateValuesOnChangeOnly:113209:333
4082748216:updateInputs:113584:83
4082748216:updateComponents:113709:208
4082748216:propagateValuesOnChangeOnly:113917:333
4082748216:updateInputs:114292:125
4082748216:updateComponents:114417:208
4082748216:propagateValuesOnChangeOnly:114667:292
4082748216:updateInputs:115042:83
4082748216:updateComponents:115167:208
4082748216:propagateValuesOnChangeOnly:115375:334
4082748216:updateInputs:115750:125
4082748216:updateComponents:115875:209
4082748216:propagateValuesOnChangeOnly:116125:334
4082748216:updateInputs:116500:84
4082748216:updateComponents:116625:167
4082748216:propagateValuesOnChangeOnly:116834:333
4082748216:updateInputs:117209:125
4082748216:updateComponents:117334:208
4082748216:propagateValuesOnChangeOnly:117584:333
4082748216:updateInputs:119750:84
4082748216:updateComponents:119875:209
4082748216:propagateValuesOnChangeOnly:120125:417
4082748216:updateInputs:120584:83
4082748216:updateComponents:120709:250
4082748216:propagateValuesOnChangeOnly:120959:375
4082748216:updateInputs:121417:125
4082748216:updateComponents:121542:208
4082748216:propagateValuesOnChangeOnly:121792:417
4082748216:updateInputs:122292:83
4082748216:updateComponents:122375:250
4082748216:propagateValuesOnChangeOnly:122625:375
4082748216:updateInputs:123084:83
4082748216:updateComponents:123209:208
4082748216:propagateValuesOnChangeOnly:123417:333
4082748216:updateInputs:123834:83
4082748216:updateComponents:123917:250
4082748216:propagateValuesOnChangeOnly:124167:333
4082748216:updateInputs:124542:83
4082748216:updateComponents:124667:208
4082748216:propagateValuesOnChangeOnly:124917:333
4082748216:updateInputs:125292:83
4082748216:updateComponents:125417:208
4082748216:propagateValuesOnChangeOnly:125625:334
4082748216:updateInputs:126000:84
4082748216:updateComponents:126125:209
4082748216:propagateValuesOnChangeOnly:126334:333
4082748216:updateInputs:126750:84
4082748216:updateComponents:126834:208
4082748216:propagateValuesOnChangeOnly:127084:333
4082748216:updateInputs:127459:83
4082748216:updateComponents:127584:208
4082748216:propagateValuesOnChangeOnly:127792:333
4082748216:updateInputs:128167:83
4082748216:updateComponents:128292:208
4082748216:propagateValuesOnChangeOnly:128500:334
4082748216:updateInputs:128875:84
4082748216:updateComponents:129000:167
4082748216:propagateValuesOnChangeOnly:129209:291
4082748216:updateInputs:129584:83
4082748216:updateComponents:129667:208
4082748216:propagateValuesOnChangeOnly:129917:292
4082748216:updateInputs:130292:83
4082748216:updateComponents:130375:209
4082748216:propagateValuesOnChangeOnly:130625:334
4082748216:updateInputs:131000:84
4082748216:updateComponents:131084:208
4082748216:propagateValuesOnChangeOnly:131334:333
4082748216:updateInputs:131709:83
4082748216:updateComponents:131834:166
4082748216:propagateValuesOnChangeOnly:132042:333
4082748216:updateInputs:132417:83
4082748216:updateComponents:132542:208
4082748216:propagateValuesOnChangeOnly:132792:292
4082748216:updateInputs:133167:83
4082748216:updateComponents:133250:209
4082748216:propagateValuesOnChangeOnly:133500:334
4082748216:updateInputs:133875:84
4082748216:updateComponents:134000:209
4082748216:propagateValuesOnChangeOnly:134209:333
4082748216:updateInputs:134584:83
4082748216:updateComponents:134709:208
4082748216:propagateValuesOnChangeOnly:134917:333
4082748216:updateInputs:135334:83
4082748216:updateComponents:135417:208
4082748216:propagateValuesOnChangeOnly:135667:292
4082748216:updateInputs:136042:83
4082748216:updateComponents:136167:208
4082748216:propagateValuesOnChangeOnly:136375:334
4082748216:updateInputs:136750:84
4082748216:updateComponents:136875:209
4082748216:propagateValuesOnChangeOnly:137084:333
4082748216:updateInputs:137459:83
4082748216:updateComponents:137584:208
4082748216:propagateValuesOnChangeOnly:137792:333
4082748216:updateInputs:138167:125
4082748216:updateComponents:138292:208
4082748216:propagateValuesOnChangeOnly:138542:333
4082748216:updateInputs:138917:83
4082748216:updateComponents:139042:208
4082748216:propagateValuesOnChangeOnly:139250:334
4082748216:updateInputs:139625:84
4082748216:updateComponents:139750:209
4082748216:propagateValuesOnChangeOnly:140000:292
4082748216:updateInputs:142084:125
4082748216:updateComponents:142209:208
4082748216:propagateValuesOnChangeOnly:144875:417
4082748216:updateInputs:145334:83
4082748216:updateComponents:145459:208
4082748216:propagateValuesOnChangeOnly:145709:375
4082748216:updateInputs:146125:84
4082748216:updateComponents:146250:209
4082748216:propagateValuesOnChangeOnly:146459:375
4082748216:updateInputs:146875:84
4082748216:updateComponents:147000:209
4082748216:propagateValuesOnChangeOnly:147250:417
4082748216:updateInputs:147709:125
4082748216:updateComponents:147834:208
4082748216:propagateValuesOnChangeOnly:148084:458
4082748216:updateInputs:148625:84
4082748216:updateComponents:148750:209
4082748216:propagateValuesOnChangeOnly:148959:375
4082748216:updateInputs:149417:83
4082748216:updateComponents:149500:209
4082748216:propagateValuesOnChangeOnly:149750:334
4082748216:updateInputs:150125:84
4082748216:updateComponents:150250:209
4082748216:propagateValuesOnChangeOnly:150459:333
4082748216:updateInputs:150834:125
4082748216:updateComponents:150959:208
4082748216:propagateValuesOnChangeOnly:151209:333
4082748216:updateInputs:151584:83
4082748216:updateComponents:151709:208
4082748216:propagateValuesOnChangeOnly:151917:292
4082748216:updateInputs:152292:83
4082748216:updateComponents:152417:208
4082748216:propagateValuesOnChangeOnly:152625:334
4082748216:updateInputs:153000:84
4082748216:updateComponents:153125:209
4082748216:propagateValuesOnChangeOnly:153375:334
4082748216:updateInputs:153750:84
4082748216:updateComponents:153875:209
4082748216:propagateValuesOnChangeOnly:154084:333
4082748216:updateInputs:154500:84
4082748216:updateComponents:154584:208
4082748216:propagateValuesOnChangeOnly:154834:333
4082748216:updateInputs:155209:125
4082748216:updateComponents:155334:208
4082748216:propagateValuesOnChangeOnly:155584:333
4082748216:updateInputs:155959:83
4082748216:updateComponents:156084:208
4082748216:propagateValuesOnChangeOnly:156292:333
4082748216:updateInputs:156709:83
4082748216:updateComponents:156792:208
4082748216:propagateValuesOnChangeOnly:157042:292
4082748216:updateInputs:157417:83
4082748216:updateComponents:157500:209
4082748216:propagateValuesOnChangeOnly:157750:334
4082748216:updateInputs:158125:84
4082748216:updateComponents:158250:167
4082748216:propagateValuesOnChangeOnly:158459:333
4082748216:updateInputs:158875:42
4082748216:updateComponents:158959:208
4082748216:propagateValuesOnChangeOnly:159167:333
4082748216:updateInputs:159584:41
4082748216:updateComponents:159667:208
4082748216:propagateValuesOnChangeOnly:159875:334
4082748216:updateInputs:160292:83
4082748216:updateComponents:160375:209
4082748216:propagateValuesOnChangeOnly:160584:333
4082748216:updateInputs:161000:42
4082748216:updateComponents:161084:208
4082748216:propagateValuesOnChangeOnly:161292:333
4082748216:updateInputs:161709:41
4082748216:updateComponents:161792:208
4082748216:propagateValuesOnChangeOnly:162000:375
4082748216:updateInputs:162417:83
4082748216:updateComponents:162500:209
4082748216:propagateValuesOnChangeOnly:162750:292
4082748216:updateInputs:163125:84
4082748216:updateComponents:163209:208
4082748216:propagateValuesOnChangeOnly:163459:291
4082748216:updateInputs:163834:83
4082748216:updateComponents:163917:208
4082748216:propagateValuesOnChangeOnly:164167:333
4082748216:updateInputs:164542:125
4082748216:updateComponents:164667:208
4082748216:propagateValuesOnChangeOnly:164917:333
4082748216:updateInputs:167125:84
4082748216:updateComponents:167250:209
4082748216:propagateValuesOnChangeOnly:167459:416
4082748216:updateInputs:167917:83
4082748216:updateComponents:168042:208
4082748216:propagateValuesOnChangeOnly:168292:375
4082748216:updateInputs:168709:83
4082748216:updateComponents:168834:208
4082748216:propagateValuesOnChangeOnly:169042:375
4082748216:updateInputs:169500:84
4082748216:updateComponents:169584:208
4082748216:propagateValuesOnChangeOnly:169834:375
4082748216:updateInputs:170292:83
4082748216:updateComponents:170417:208
4082748216:propagateValuesOnChangeOnly:170625:334
4082748216:updateInputs:171000:84
4082748216:updateComponents:171125:209
4082748216:propagateValuesOnChangeOnly:171334:375
4082748216:updateInputs:171750:84
4082748216:updateComponents:171875:209
4082748216:propagateValuesOnChangeOnly:172084:333
4082748216:updateInputs:172500:84
4082748216:updateComponents:172625:167
4082748216:propagateValuesOnChangeOnly:172834:333
4082748216:updateInputs:173209:83
4082748216:updateComponents:173334:208
4082748216:propagateValuesOnChangeOnly:173542:333
4082748216:updateInputs:173959:83
4082748216:updateComponents:174042:208
4082748216:propagateValuesOnChangeOnly:174292:333
4082748216:updateInputs:174667:83
4082748216:updateComponents:174792:208
4082748216:propagateValuesOnChangeOnly:175000:334
4082748216:updateInputs:175375:84
4082748216:updateComponents:175500:209
4082748216:propagateValuesOnChangeOnly:175709:333
4082748216:updateInputs:176125:84
4082748216:updateComponents:176209:208
4082748216:propagateValuesOnChangeOnly:176459:291
4082748216:updateInputs:176834:83
4082748216:updateComponents:176959:166
4082748216:propagateValuesOnChangeOnly:177167:333
4082748216:updateInputs:177542:83
4082748216:updateComponents:177667:208
4082748216:propagateValuesOnChangeOnly:177875:334
4082748216:updateInputs:178250:84
4082748216:updateComponents:178375:209
4082748216:propagateValuesOnChangeOnly:178584:333
4082748216:updateInputs:178959:83
4082748216:updateComponents:179084:208
4082748216:propagateValuesOnChangeOnly:179334:291
4082748216:updateInputs:179709:83
4082748216:updateComponents:179834:208
4082748216:propagateValuesOnChangeOnly:180042:333
4082748216:updateInputs:180417:83
4082748216:updateComponents:180542:208
4082748216:propagateValuesOnChangeOnly:180750:334
4082748216:updateInputs:181125:125
4082748216:updateComponents:181250:209
4082748216:propagateValuesOnChangeOnly:181500:334
4082748216:updateInputs:181875:84
4082748216:updateComponents:182000:209
4082748216:propagateValuesOnChangeOnly:182209:375
4082748216:updateInputs:182625:84
4082748216:updateComponents:182750:209
4082748216:propagateValuesOnChangeOnly:183000:292
4082748216:updateInputs:183375:84
4082748216:updateComponents:183459:208
4082748216:propagateValuesOnChangeOnly:183709:333
4082748216:updateInputs:184084:83
4082748216:updateComponents:184209:166
4082748216:propagateValuesOnChangeOnly:184417:333
4082748216:updateInputs:184792:83
4082748216:updateComponents:184917:208
4082748216:propagateValuesOnChangeOnly:185125:334
4082748216:updateInputs:185542:83
4082748216:updateComponents:185625:209
4082748216:propagateValuesOnChangeOnly:185875:334
4082748216:updateInputs:186250:84
4082748216:updateComponents:186375:209
4082748216:propagateValuesOnChangeOnly:186584:333
4082748216:updateInputs:186959:125
4082748216:updateComponents:187084:208
4082748216:propagateValuesOnChangeOnly:187334:333
4082748216:updateInputs:189459:125
4082748216:updateComponents:189584:208
4082748216:propagateValuesOnChangeOnly:189834:375
4082748216:updateInputs:190250:125
4082748216:updateComponents:190375:209
4082748216:propagateValuesOnChangeOnly:190625:334
4082748216:updateInputs:191042:83
4082748216:updateComponents:191167:167
4082748216:propagateValuesOnChangeOnly:191375:375
4082748216:updateInputs:191792:83
4082748216:updateComponents:191917:208
4082748216:propagateValuesOnChangeOnly:192125:417
4082748216:updateInputs:192625:84
4082748216:updateComponents:192709:208
4082748216:propagateValuesOnChangeOnly:192959:416
4082748216:updateInputs:193417:83
4082748216:updateComponents:193542:208
4082748216:propagateValuesOnChangeOnly:193750:375
4082748216:updateInputs:194167:83
4082748216:updateComponents:194292:167
4082748216:propagateValuesOnChangeOnly:194500:334
4082748216:updateInputs:194875:84
4082748216:updateComponents:195000:209
4082748216:propagateValuesOnChangeOnly:195209:333
4082748216:updateInputs:195584:83
4082748216:updateComponents:195709:208
4082748216:propagateValuesOnChangeOnly:195917:333
4082748216:updateInputs:196292:83
4082748216:updateComponents:196417:167
4082748216:propagateValuesOnChangeOnly:196625:334
4082748216:updateInputs:197000:84
4082748216:updateComponents:197125:167
4082748216:propagateValuesOnChangeOnly:197334:333
4082748216:updateInputs:197709:83
4082748216:updateComponents:197834:166
4082748216:propagateValuesOnChangeOnly:198042:333
4082748216:updateInputs:198417:83
4082748216:updateComponents:198500:209
4082748216:propagateValuesOnChangeOnly:198750:334
4082748216:updateInputs:199125:84
4082748216:updateComponents:199250:167
4082748216:propagateValuesOnChangeOnly:199459:333
4082748216:updateInputs:199834:83
4082748216:updateComponents:199959:166
4082748216:propagateValuesOnChangeOnly:200167:333
4082748216:updateInputs:200542:83
4082748216:updateComponents:200667:167
4082748216:propagateValuesOnChangeOnly:200875:334
4082748216:updateInputs:201250:84
4082748216:updateComponents:201375:209
4082748216:propagateValuesOnChangeOnly:201584:333
4082748216:updateInputs:202000:42
4082748216:updateComponents:202084:208
4082748216:propagateValuesOnChangeOnly:202292:333
4082748216:updateInputs:202667:83
4082748216:updateComponents:202792:208
4082748216:propagateValuesOnChangeOnly:203000:334
4082748216:updateInputs:203417:42
4082748216:updateComponents:203500:209
4082748216:propagateValuesOnChangeOnly:203709:333
4082748216:updateInputs:204125:42
4082748216:updateComponents:204209:208
4082748216:propagateValuesOnChangeOnly:204417:333
4082748216:updateInputs:204834:41
4082748216:updateComponents:204917:208
4082748216:propagateValuesOnChangeOnly:205167:333
4082748216:updateInputs:205542:83
4082748216:updateComponents:205667:208
4082748216:propagateValuesOnChangeOnly:205875:334
4082748216:updateInputs:206250:84
4082748216:updateComponents:206375:209
4082748216:propagateValuesOnChangeOnly:206584:333
4082748216:updateInputs:207000:84
4082748216:updateComponents:207084:208
4082748216:propagateValuesOnChangeOnly:207334:333
4082748216:updateInputs:207709:83
4082748216:updateComponents:207834:166
4082748216:propagateValuesOnChangeOnly:208042:333
4082748216:updateInputs:208417:83
4082748216:updateComponents:209584:208
4082748216:propagateValuesOnChangeOnly:209792:333
4082748216:updateInputs:210209:83
4082748216:updateComponents:210334:208
4082748216:propagateValuesOnChangeOnly:210584:333
4082748216:updateInputs:212709:83
4082748216:updateComponents:212834:208
4082748216:propagateValuesOnChangeOnly:213084:375
4082748216:updateInputs:213500:125
4082748216:updateComponents:213625:209
4082748216:propagateValuesOnChangeOnly:213875:334
4082748216:updateInputs:222750:84
4082748216:updateComponents:222875:209
4082748216:propagateValuesOnChangeOnly:223167:417
4082748216:updateInputs:223667:83
4082748216:updateComponents:223792:208
4082748216:propagateValuesOnChangeOnly:224000:417
4082748216:updateInputs:224459:83
4082748216:updateComponents:224584:208
4082748216:propagateValuesOnChangeOnly:224792:333
4082748216:updateInputs:225167:83
4082748216:updateComponents:225292:208
4082748216:propagateValuesOnChangeOnly:225500:334
4082748216:updateInputs:225917:83
4082748216:updateComponents:226000:209
4082748216:propagateValuesOnChangeOnly:226250:334
4082748216:updateInputs:226625:84
4082748216:updateComponents:226709:208
4082748216:propagateValuesOnChangeOnly:226959:333
4082748216:updateInputs:227334:83
4082748216:updateComponents:227459:166
4082748216:propagateValuesOnChangeOnly:227667:333
4082748216:updateInputs:228042:83
4082748216:updateComponents:228167:208
4082748216:propagateValuesOnChangeOnly:228375:334
4082748216:updateInputs:228792:83
4082748216:updateComponents:228917:167
4082748216:propagateValuesOnChangeOnly:229125:334
4082748216:updateInputs:229500:84
4082748216:updateComponents:229625:209
4082748216:propagateValuesOnChangeOnly:229875:334
4082748216:updateInputs:230250:84
4082748216:updateComponents:230334:208
4082748216:propagateValuesOnChangeOnly:230584:291
4082748216:updateInputs:230959:83
4082748216:updateComponents:231042:208
4082748216:propagateValuesOnChangeOnly:231250:334
4082748216:updateInputs:231667:83
4082748216:updateComponents:231750:209
4082748216:propagateValuesOnChangeOnly:231959:333
4082748216:updateInputs:232375:42
4082748216:updateComponents:232459:208
4082748216:propagateValuesOnChangeOnly:232709:291
4082748216:updateInputs:233084:83
4082748216:updateComponents:233167:208
4082748216:propagateValuesOnChangeOnly:233417:333
4082748216:updateInputs:233792:83
4082748216:updateComponents:233917:208
4082748216:propagateValuesOnChangeOnly:234125:334
4082748216:updateInputs:234542:83
4082748216:updateComponents:234625:209
4082748216:propagateValuesOnChangeOnly:234875:334
4082748216:updateInputs:235250:84
4082748216:updateComponents:235375:167
4082748216:propagateValuesOnChangeOnly:235584:333
4082748216:updateInputs:235959:83
4082748216:updateComponents:236084:208
4082748216:propagateValuesOnChangeOnly:236292:333
4082748216:updateInputs:236709:83
4082748216:updateComponents:236792:208
4082748216:propagateValuesOnChangeOnly:237042:333
4082748216:updateInputs:237417:83
4082748216:updateComponents:237542:208
4082748216:propagateValuesOnChangeOnly:237750:334
4082748216:updateInputs:238167:42
4082748216:updateComponents:238250:209
4082748216:propagateValuesOnChangeOnly:238459:333
4082748216:updateInputs:238834:83
4082748216:updateComponents:238959:208
4082748216:propagateValuesOnChangeOnly:239167:333
4082748216:updateInputs:239542:83
4082748216:updateComponents:239667:208
4082748216:propagateValuesOnChangeOnly:239875:334
4082748216:updateInputs:240250:84
4082748216:updateComponents:240375:209
4082748216:propagateValuesOnChangeOnly:240584:333
4082748216:updateInputs:240959:125
4082748216:updateComponents:241084:208
4082748216:propagateValuesOnChangeOnly:241334:333
4082748216:updateInputs:243709:83
4082748216:updateComponents:243834:166
4082748216:propagateValuesOnChangeOnly:244042:375
4082748216:updateInputs:244500:84
4082748216:updateComponents:244625:209
4082748216:propagateValuesOnChangeOnly:244834:375
4082748216:updateInputs:245250:84
4082748216:updateComponents:245375:209
4082748216:propagateValuesOnChangeOnly:245625:334
4082748216:updateInputs:246042:83
4082748216:updateComponents:246167:208
4082748216:propagateValuesOnChangeOnly:246417:375
4082748216:updateInputs:246875:84
4082748216:updateComponents:247000:209
4082748216:propagateValuesOnChangeOnly:247250:417
4082748216:updateInputs:247709:83
4082748216:updateComponents:247834:208
4082748216:propagateValuesOnChangeOnly:248084:291
4082748216:updateInputs:248459:83
4082748216:updateComponents:248584:208
4082748216:propagateValuesOnChangeOnly:248792:333
4082748216:updateInputs:249209:83
4082748216:updateComponents:249292:208
4082748216:propagateValuesOnChangeOnly:249542:333
4082748216:updateInputs:249917:83
4082748216:updateComponents:250042:208
4082748216:propagateValuesOnChangeOnly:250250:334
4082748216:updateInputs:250625:125
4082748216:updateComponents:250750:209
4082748216:propagateValuesOnChangeOnly:251000:334
4082748216:updateInputs:251375:84
4082748216:updateComponents:251500:209
4082748216:propagateValuesOnChangeOnly:251709:333
4082748216:updateInputs:252084:125
4082748216:updateComponents:252209:208
4082748216:propagateValuesOnChangeOnly:252459:333
4082748216:updateInputs:252834:83
4082748216:updateComponents:252959:208
4082748216:propagateValuesOnChangeOnly:253209:291
4082748216:updateInputs:253584:83
4082748216:updateComponents:253709:208
4082748216:propagateValuesOnChangeOnly:253917:333
4082748216:updateInputs:254292:125
4082748216:updateComponents:254417:208
4082748216:propagateValuesOnChangeOnly:254667:333
4082748216:updateInputs:255042:83
4082748216:updateComponents:255167:208
4082748216:propagateValuesOnChangeOnly:255375:334
4082748216:updateInputs:255792:83
4082748216:updateComponents:255917:208
4082748216:propagateValuesOnChangeOnly:256125:334
4082748216:updateInputs:256500:84
4082748216:updateComponents:256625:209
4082748216:propagateValuesOnChangeOnly:256875:334
4082748216:updateInputs:257250:84
4082748216:updateComponents:257375:209
4082748216:propagateValuesOnChangeOnly:257584:333
4082748216:updateInputs:257959:83
4082748216:updateComponents:258084:208
4082748216:propagateValuesOnChangeOnly:258292:333
4082748216:updateInputs:258709:83
4082748216:updateComponents:258792:208
4082748216:propagateValuesOnChangeOnly:259042:292
4082748216:updateInputs:259417:83
4082748216:updateComponents:259500:209
4082748216:propagateValuesOnChangeOnly:259750:334
4082748216:updateInputs:260125:84
4082748216:updateComponents:260250:167
4082748216:propagateValuesOnChangeOnly:260459:333
4082748216:updateInputs:260834:83
4082748216:updateComponents:260959:208
4082748216:propagateValuesOnChangeOnly:261167:333
4082748216:updateInputs:261542:83
4082748216:updateComponents:261667:208
4082748216:propagateValuesOnChangeOnly:261875:375
4082748216:updateInputs:262292:83
4082748216:updateComponents:262417:167
4082748216:propagateValuesOnChangeOnly:262625:334
4082748216:updateInputs:263000:84
4082748216:updateComponents:263125:167
4082748216:propagateValuesOnChangeOnly:263334:333
4082748216:updateInputs:263709:83
4082748216:updateComponents:263834:208
4082748216:propagateValuesOnChangeOnly:264042:333
4082748216:updateInputs:266209:83
4082748216:updateComponents:266334:208
4082748216:propagateValuesOnChangeOnly:266584:375
4082748216:updateInputs:267000:84
4082748216:updateComponents:267125:209
4082748216:propagateValuesOnChangeOnly:267375:334
4082748216:updateInputs:267750:125
4082748216:updateComponents:267875:209
4082748216:propagateValuesOnChangeOnly:269042:333
4082748216:updateInputs:269459:83
4082748216:updateComponents:269542:250
4082748216:propagateValuesOnChangeOnly:269792:333
4082748216:updateInputs:270167:83
4082748216:updateComponents:270292:208
4082748216:propagateValuesOnChangeOnly:270542:333
4082748216:updateInputs:270917:83
4082748216:updateComponents:271042:208
4082748216:propagateValuesOnChangeOnly:271292:333
4082748216:updateInputs:271667:83
4082748216:updateComponents:271792:208
4082748216:propagateValuesOnChangeOnly:272000:334
4082748216:updateInputs:272417:83
4082748216:updateComponents:272500:209
4082748216:propagateValuesOnChangeOnly:272750:334
4082748216:updateInputs:273125:84
4082748216:updateComponents:273250:209
4082748216:propagateValuesOnChangeOnly:273459:333
4082748216:updateInputs:273875:42
4082748216:updateComponents:274000:209
4082748216:propagateValuesOnChangeOnly:274250:334
4082748216:updateInputs:274625:84
4082748216:updateComponents:274750:209
4082748216:propagateValuesOnChangeOnly:275000:292
4082748216:updateInputs:275375:84
4082748216:updateComponents:275459:208
4082748216:propagateValuesOnChangeOnly:275709:291
4082748216:updateInputs:276084:83
4082748216:updateComponents:276167:250
4082748216:propagateValuesOnChangeOnly:276417:375
4082748216:updateInputs:276834:83
4082748216:updateComponents:276959:208
4082748216:propagateValuesOnChangeOnly:277209:291
4082748216:updateInputs:277584:83
4082748216:updateComponents:277667:208
4082748216:propagateValuesOnChangeOnly:277917:333
4082748216:updateInputs:278292:83
4082748216:updateComponents:278417:208
4082748216:propagateValuesOnChangeOnly:278667:292
4082748216:updateInputs:279042:83
4082748216:updateComponents:279125:209
4082748216:propagateValuesOnChangeOnly:279375:334
4082748216:updateInputs:279750:84
4082748216:updateComponents:279875:209
4082748216:propagateValuesOnChangeOnly:280084:333
4082748216:updateInputs:280459:83
4082748216:updateComponents:280584:208
4082748216:propagateValuesOnChangeOnly:280834:333
4082748216:updateInputs:281209:83
4082748216:updateComponents:281292:250
4082748216:propagateValuesOnChangeOnly:281542:333
4082748216:updateInputs:281917:83
4082748216:updateComponents:282042:208
4082748216:propagateValuesOnChangeOnly:282292:292
4082748216:updateInputs:282667:83
4082748216:updateComponents:282750:209
4082748216:propagateValuesOnChangeOnly:283000:334
4082748216:updateInputs:283375:84
4082748216:updateComponents:283500:209
4082748216:propagateValuesOnChangeOnly:283750:292
4082748216:updateInputs:284125:84
4082748216:updateComponents:284209:208
4082748216:propagateValuesOnChangeOnly:284459:333
4082748216:updateInputs:284834:83
4082748216:updateComponents:284959:166
4082748216:propagateValuesOnChangeOnly:285167:333
4082748216:updateInputs:285542:83
4082748216:updateComponents:285667:208
4082748216:propagateValuesOnChangeOnly:285875:334
4082748216:updateInputs:286292:83
4082748216:updateComponents:286417:208
4082748216:propagateValuesOnChangeOnly:286625:334
4082748216:updateInputs:287000:125
4082748216:updateComponents:287167:208
4082748216:propagateValuesOnChangeOnly:287375:334
4082748216:updateInputs:289500:125
4082748216:updateComponents:289667:208
4082748216:propagateValuesOnChangeOnly:289917:375
4082748216:updateInputs:290375:84
4082748216:updateComponents:290459:250
4082748216:propagateValuesOnChangeOnly:290709:375
4082748216:updateInputs:291125:84
4082748216:updateComponents:291250:209
4082748216:propagateValuesOnChangeOnly:291500:334
4082748216:updateInputs:291875:84
4082748216:updateComponents:292000:209
4082748216:propagateValuesOnChangeOnly:292250:334
4082748216:updateInputs:292625:84
4082748216:updateComponents:292750:209
4082748216:propagateValuesOnChangeOnly:293000:292
4082748216:updateInputs:293375:84
4082748216:updateComponents:293459:250
4082748216:propagateValuesOnChangeOnly:293709:333
4082748216:updateInputs:294084:125
4082748216:updateComponents:294209:208
4082748216:propagateValuesOnChangeOnly:294459:333
4082748216:updateInputs:294834:83
4082748216:updateComponents:294959:208
4082748216:propagateValuesOnChangeOnly:295167:333
4082748216:updateInputs:295584:83
4082748216:updateComponents:295709:166
4082748216:propagateValuesOnChangeOnly:295917:333
4082748216:updateInputs:296292:83
4082748216:updateComponents:296417:208
4082748216:propagateValuesOnChangeOnly:296625:334
4082748216:updateInputs:297000:84
4082748216:updateComponents:297125:209
4082748216:propagateValuesOnChangeOnly:297334:333
4082748216:updateInputs:297750:42
4082748216:updateComponents:297834:208
4082748216:propagateValuesOnChangeOnly:298084:333
4082748216:updateInputs:298459:83
4082748216:updateComponents:298542:208
4082748216:propagateValuesOnChangeOnly:298792:333
4082748216:updateInputs:299167:83
4082748216:updateComponents:299250:209
4082748216:propagateValuesOnChangeOnly:299500:292
4082748216:updateInputs:299875:84
4082748216:updateComponents:299959:208
4082748216:propagateValuesOnChangeOnly:300209:291
4082748216:updateInputs:300584:41
4082748216:updateComponents:300667:208
4082748216:propagateValuesOnChangeOnly:300875:334
4082748216:updateInputs:301250:84
4082748216:updateComponents:301375:209
4082748216:propagateValuesOnChangeOnly:301584:333
4082748216:updateInputs:301959:125
4082748216:updateComponents:302084:208
4082748216:propagateValuesOnChangeOnly:302334:333
4082748216:updateInputs:302709:83
4082748216:updateComponents:302834:208
4082748216:propagateValuesOnChangeOnly:303042:333
4082748216:updateInputs:303417:83
4082748216:updateComponents:303542:208
4082748216:propagateValuesOnChangeOnly:303750:334
4082748216:updateInputs:304125:84
4082748216:updateComponents:304250:209
4082748216:propagateValuesOnChangeOnly:304459:291
4082748216:updateInputs:304834:83
4082748216:updateComponents:304917:208
4082748216:propagateValuesOnChangeOnly:305167:333
4082748216:updateInputs:305542:83
4082748216:updateComponents:305667:167
4082748216:propagateValuesOnChangeOnly:305875:334
4082748216:updateInputs:306250:84
4082748216:updateComponents:306375:209
4082748216:propagateValuesOnChangeOnly:306584:333
4082748216:updateInputs:306959:83
4082748216:updateComponents:307084:166
4082748216:propagateValuesOnChangeOnly:307292:333
4082748216:updateInputs:307667:83
4082748216:updateComponents:307792:208
4082748216:propagateValuesOnChangeOnly:308000:334
4082748216:updateInputs:308375:84
4082748216:updateComponents:308500:209
4082748216:propagateValuesOnChangeOnly:308750:292
4082748216:updateInputs:309125:84
4082748216:updateComponents:309250:167
4082748216:propagateValuesOnChangeOnly:309459:333
4082748216:updateInputs:311584:83
4082748216:updateComponents:311709:208
4082748216:propagateValuesOnChangeOnly:311917:375
4082748216:updateInputs:312375:84
4082748216:updateComponents:312459:250
4082748216:propagateValuesOnChangeOnly:312709:375
4082748216:updateInputs:313125:125
4082748216:updateComponents:313250:209
4082748216:propagateValuesOnChangeOnly:313500:334
4082748216:updateInputs:313917:83
4082748216:updateComponents:314000:209
4082748216:propagateValuesOnChangeOnly:314250:292
4082748216:updateInputs:314625:84
4082748216:updateComponents:314750:167
4082748216:propagateValuesOnChangeOnly:314959:333
4082748216:updateInputs:315334:125
4082748216:updateComponents:315459:250
4082748216:propagateValuesOnChangeOnly:315709:333
4082748216:updateInputs:316084:83
4082748216:updateComponents:316209:208
4082748216:propagateValuesOnChangeOnly:316417:333
4082748216:updateInputs:316792:83
4082748216:updateComponents:316917:208
4082748216:propagateValuesOnChangeOnly:317125:334
4082748216:updateInputs:317542:42
4082748216:updateComponents:317625:209
4082748216:propagateValuesOnChangeOnly:317875:334
4082748216:updateInputs:318250:84
4082748216:updateComponents:318375:209
4082748216:propagateValuesOnChangeOnly:318584:333
4082748216:updateInputs:319000:42
4082748216:updateComponents:319084:208
4082748216:propagateValuesOnChangeOnly:319334:291
4082748216:updateInputs:319709:83
4082748216:updateComponents:319792:208
4082748216:propagateValuesOnChangeOnly:320042:333
4082748216:updateInputs:320417:83
4082748216:updateComponents:320542:208
4082748216:propagateValuesOnChangeOnly:320750:334
4082748216:updateInputs:321167:83
4082748216:updateComponents:321250:250
4082748216:propagateValuesOnChangeOnly:321500:334
4082748216:updateInputs:321875:84
4082748216:updateComponents:322000:209
4082748216:propagateValuesOnChangeOnly:322250:292
4082748216:updateInputs:322625:84
4082748216:updateComponents:322709:250
4082748216:propagateValuesOnChangeOnly:322959:333
4082748216:updateInputs:323334:83
4082748216:updateComponents:323459:166
4082748216:propagateValuesOnChangeOnly:323667:292
4082748216:updateInputs:324042:83
4082748216:updateComponents:324125:209
4082748216:propagateValuesOnChangeOnly:324375:292
4082748216:updateInputs:324709:83
4082748216:updateComponents:324834:208
4082748216:propagateValuesOnChangeOnly:325042:333
4082748216:updateInputs:325417:83
4082748216:updateComponents:325542:167
4082748216:propagateValuesOnChangeOnly:325750:334
4082748216:updateInputs:326125:84
4082748216:updateComponents:326250:209
4082748216:propagateValuesOnChangeOnly:326459:333
4082748216:updateInputs:326834:83
4082748216:updateComponents:326959:208
4082748216:propagateValuesOnChangeOnly:327167:333
4082748216:updateInputs:327584:41
4082748216:updateComponents:327667:208
4082748216:propagateValuesOnChangeOnly:327917:292
4082748216:updateInputs:328292:42
4082748216:updateComponents:328375:209
4082748216:propagateValuesOnChangeOnly:328625:292
4082748216:updateInputs:329000:84
4082748216:updateComponents:329084:208
4082748216:propagateValuesOnChangeOnly:329334:291
4082748216:updateInputs:329709:83
4082748216:updateComponents:329834:166
4082748216:propagateValuesOnChangeOnly:330042:333
4082748216:updateInputs:330417:83
4082748216:updateComponents:330542:208
4082748216:propagateValuesOnChangeOnly:330750:375
4082748216:updateInputs:331167:83
4082748216:updateComponents:331292:167
4082748216:propagateValuesOnChangeOnly:331500:334
4082748216:updateInputs:333584:125
4082748216:updateComponents:333709:208
4082748216:propagateValuesOnChangeOnly:333959:375
4082748216:updateInputs:334417:83
4082748216:updateComponents:334542:208
4082748216:propagateValuesOnChangeOnly:334750:417
4082748216:updateInputs:335209:83
4082748216:updateComponents:335334:208
4082748216:propagateValuesOnChangeOnly:335584:333
4082748216:updateInputs:335959:83
4082748216:updateComponents:336084:208
4082748216:propagateValuesOnChangeOnly:336334:333
4082748216:updateInputs:336709:83
4082748216:updateComponents:336834:166
4082748216:propagateValuesOnChangeOnly:337042:333
4082748216:updateInputs:337459:41
4082748216:updateComponents:337542:208
4082748216:propagateValuesOnChangeOnly:337792:292
4082748216:updateInputs:338167:83
4082748216:updateComponents:338250:209
4082748216:propagateValuesOnChangeOnly:338500:292
4082748216:updateInputs:338875:84
4082748216:updateComponents:338959:208
4082748216:propagateValuesOnChangeOnly:339167:333
4082748216:updateInputs:339584:83
4082748216:updateComponents:339667:208
4082748216:propagateValuesOnChangeOnly:339917:292
4082748216:updateInputs:340292:83
4082748216:updateComponents:340375:209
4082748216:propagateValuesOnChangeOnly:340625:334
4082748216:updateInputs:341000:84
4082748216:updateComponents:341125:167
4082748216:propagateValuesOnChangeOnly:341334:333
4082748216:updateInputs:341709:83
4082748216:updateComponents:341834:166
4082748216:propagateValuesOnChangeOnly:342042:333
4082748216:updateInputs:342417:83
4082748216:updateComponents:342542:208
4082748216:propagateValuesOnChangeOnly:342750:334
4082748216:updateInputs:343125:84
4082748216:updateComponents:343250:209
4082748216:propagateValuesOnChangeOnly:343459:333
4082748216:updateInputs:343875:84
4082748216:updateComponents:343959:208
4082748216:propagateValuesOnChangeOnly:344209:291
4082748216:updateInputs:344584:83
4082748216:updateComponents:344667:208
4082748216:propagateValuesOnChangeOnly:344875:334
4082748216:updateInputs:345292:42
4082748216:updateComponents:345375:209
4082748216:propagateValuesOnChangeOnly:345584:333
4082748216:updateInputs:346000:42
4082748216:updateComponents:346084:208
4082748216:propagateValuesOnChangeOnly:346292:333
4082748216:updateInputs:346667:83
4082748216:updateComponents:346792:208
4082748216:propagateValuesOnChangeOnly:347000:334
4082748216:updateInputs:347375:84
4082748216:updateComponents:347500:209
4082748216:propagateValuesOnChangeOnly:347750:292
4082748216:updateInputs:348125:84
4082748216:updateComponents:348250:167
4082748216:propagateValuesOnChangeOnly:348459:333
4082748216:updateInputs:348834:83
4082748216:updateComponents:348959:208
4082748216:propagateValuesOnChangeOnly:349209:291
4082748216:updateInputs:349584:83
4082748216:updateComponents:349709:208
4082748216:propagateValuesOnChangeOnly:349917:333
4082748216:updateInputs:350292:83
4082748216:updateComponents:350417:208
4082748216:propagateValuesOnChangeOnly:350667:333
4082748216:updateInputs:351042:83
4082748216:updateComponents:351167:208
4082748216:propagateValuesOnChangeOnly:351375:334
4082748216:updateInputs:351792:83
4082748216:updateComponents:351875:209
4082748216:propagateValuesOnChangeOnly:352125:334
4082748216:updateInputs:352500:84
4082748216:updateComponents:352625:167
4082748216:propagateValuesOnChangeOnly:352834:333
4082748216:updateInputs:353209:125
4082748216:updateComponents:353334:208
4082748216:propagateValuesOnChangeOnly:353584:333
4082748216:updateInputs:355667:83
4082748216:updateComponents:355792:208
4082748216:propagateValuesOnChangeOnly:356042:375
4082748216:updateInputs:356459:83
4082748216:updateComponents:356584:208
4082748216:propagateValuesOnChangeOnly:356792:375
4082748216:updateInputs:357209:125
4082748216:updateComponents:357375:209
4082748216:propagateValuesOnChangeOnly:357625:375
4082748216:updateInputs:358042:83
4082748216:updateComponents:358167:208
4082748216:propagateValuesOnChangeOnly:358417:375
4082748216:updateInputs:358875:42
4082748216:updateComponents:358959:208
4082748216:propagateValuesOnChangeOnly:365417:333
4082748216:updateInputs:365834:83
4082748216:updateComponents:365959:208
4082748216:propagateValuesOnChangeOnly:366209:291
4082748216:updateInputs:366584:83
4082748216:updateComponents:366709:166
4082748216:propagateValuesOnChangeOnly:366917:333
4082748216:updateInputs:367292:83
4082748216:updateComponents:367417:208
4082748216:propagateValuesOnChangeOnly:367667:292
4082748216:updateInputs:368042:83
4082748216:updateComponents:368125:209
4082748216:propagateValuesOnChangeOnly:368375:334
4082748216:updateInputs:368750:84
4082748216:updateComponents:368875:209
4082748216:propagateValuesOnChangeOnly:369084:333
4082748216:updateInputs:369459:83
4082748216:updateComponents:369584:208
4082748216:propagateValuesOnChangeOnly:369834:291
4082748216:updateInputs:370167:83
4082748216:updateComponents:370292:208
4082748216:propagateValuesOnChangeOnly:370542:292
4082748216:updateInputs:370917:83
4082748216:updateComponents:371000:209
4082748216:propagateValuesOnChangeOnly:371250:334
4082748216:updateInputs:371625:84
4082748216:updateComponents:371750:209
4082748216:propagateValuesOnChangeOnly:372000:292
4082748216:updateInputs:372375:84
4082748216:updateComponents:372459:208
4082748216:propagateValuesOnChangeOnly:372709:333
4082748216:updateInputs:373084:83
4082748216:updateComponents:373209:208
4082748216:propagateValuesOnChangeOnly:373417:333
4082748216:updateInputs:373792:83
4082748216:updateComponents:373917:208
4082748216:propagateValuesOnChangeOnly:374125:334
4082748216:updateInputs:374500:84
4082748216:updateComponents:374625:209
4082748216:propagateValuesOnChangeOnly:374875:292
4082748216:updateInputs:375250:84
4082748216:updateComponents:375334:208
4082748216:propagateValuesOnChangeOnly:375584:333
4082748216:updateInputs:375959:83
4082748216:updateComponents:376084:208
4082748216:propagateValuesOnChangeOnly:376292:333
4082748216:updateInputs:376709:83
4082748216:updateComponents:376792:208
4082748216:propagateValuesOnChangeOnly:377042:333
4082748216:updateInputs:377417:83
4082748216:updateComponents:377542:208
4082748216:propagateValuesOnChangeOnly:377750:334
4082748216:updateInputs:378167:42
4082748216:updateComponents:378250:209
4082748216:propagateValuesOnChangeOnly:378500:292
4082748216:updateInputs:378875:84
4082748216:updateComponents:378959:208
4082748216:propagateValuesOnChangeOnly:379209:333
4082748216:updateInputs:379584:83
4082748216:updateComponents:379709:208
4082748216:propagateValuesOnChangeOnly:379917:333
4082748216:updateInputs:380292:83
4082748216:updateComponents:380417:208
4082748216:propagateValuesOnChangeOnly:380625:334
4082748216:updateInputs:381000:84
4082748216:updateComponents:381125:209
4082748216:propagateValuesOnChangeOnly:381375:292
4082748216:updateInputs:381750:84
4082748216:updateComponents:381834:208
4082748216:propagateValuesOnChangeOnly:382084:333
4082748216:updateInputs:384209:83
4082748216:updateComponents:384334:208
4082748216:propagateValuesOnChangeOnly:384584:375
4082748216:updateInputs:385000:84
4082748216:updateComponents:385125:209
4082748216:propagateValuesOnChangeOnly:385334:375
4082748216:updateInputs:385750:84
4082748216:updateComponents:385875:209
4082748216:propagateValuesOnChangeOnly:386125:334
4082748216:updateInputs:386542:83
4082748216:updateComponents:386625:209
4082748216:propagateValuesOnChangeOnly:386875:417
4082748216:updateInputs:387375:84
4082748216:updateComponents:387459:208
4082748216:propagateValuesOnChangeOnly:387709:416
4082748216:updateInputs:388167:83
4082748216:updateComponents:388292:167
4082748216:propagateValuesOnChangeOnly:388500:334
4082748216:updateInputs:388875:84
4082748216:updateComponents:389000:209
4082748216:propagateValuesOnChangeOnly:389250:292
4082748216:updateInputs:389625:84
4082748216:updateComponents:389709:208
4082748216:propagateValuesOnChangeOnly:389959:333
4082748216:updateInputs:390334:83
4082748216:updateComponents:390459:208
4082748216:propagateValuesOnChangeOnly:390667:333
4082748216:updateInputs:391042:83
4082748216:updateComponents:391167:208
4082748216:propagateValuesOnChangeOnly:391375:334
4082748216:updateInputs:391792:83
4082748216:updateComponents:391875:209
4082748216:propagateValuesOnChangeOnly:392125:334
4082748216:updateInputs:392500:84
4082748216:updateComponents:392625:209
4082748216:propagateValuesOnChangeOnly:392834:333
4082748216:updateInputs:393209:83
4082748216:updateComponents:393334:208
4082748216:propagateValuesOnChangeOnly:393584:291
4082748216:updateInputs:393959:83
4082748216:updateComponents:394084:166
4082748216:propagateValuesOnChangeOnly:394292:333
4082748216:updateInputs:394667:83
4082748216:updateComponents:394792:208
4082748216:propagateValuesOnChangeOnly:395042:292
4082748216:updateInputs:395417:83
4082748216:updateComponents:395500:209
4082748216:propagateValuesOnChangeOnly:395750:292
4082748216:updateInputs:396125:84
4082748216:updateComponents:396209:208
4082748216:propagateValuesOnChangeOnly:396459:291
4082748216:updateInputs:396834:83
4082748216:updateComponents:396917:208
4082748216:propagateValuesOnChangeOnly:397167:333
4082748216:updateInputs:397542:83
4082748216:updateComponents:397667:208
4082748216:propagateValuesOnChangeOnly:397917:292
4082748216:updateInputs:398292:83
4082748216:updateComponents:398375:209
4082748216:propagateValuesOnChangeOnly:398625:334
4082748216:updateInputs:399000:84
4082748216:updateComponents:399125:209
4082748216:propagateValuesOnChangeOnly:399375:292
4082748216:updateInputs:399750:84
4082748216:updateComponents:399834:208
4082748216:propagateValuesOnChangeOnly:400084:291
4082748216:updateInputs:400417:125
4082748216:updateComponents:400542:208
4082748216:propagateValuesOnChangeOnly:400750:334
4082748216:updateInputs:401167:83
4082748216:updateComponents:401250:209
4082748216:propagateValuesOnChangeOnly:401500:334
4082748216:updateInputs:401875:84
4082748216:updateComponents:401959:208
4082748216:propagateValuesOnChangeOnly:402209:333
4082748216:updateInputs:402584:83
4082748216:updateComponents:402667:208
4082748216:propagateValuesOnChangeOnly:402917:292
4082748216:updateInputs:403292:42
4082748216:updateComponents:403375:209
4082748216:propagateValuesOnChangeOnly:403584:333
4082748216:updateInputs:403959:125
4082748216:updateComponents:404084:208
4082748216:propagateValuesOnChangeOnly:404334:291
4082748216:updateInputs:406459:83
4082748216:updateComponents:406584:208
4082748216:propagateValuesOnChangeOnly:406834:375
4082748216:updateInputs:407250:84
4082748216:updateComponents:407375:209
4082748216:propagateValuesOnChangeOnly:407625:334
4082748216:updateInputs:408000:84
4082748216:updateComponents:408125:209
4082748216:propagateValuesOnChangeOnly:408334:458
4082748216:updateInputs:408834:83
4082748216:updateComponents:408959:166
4082748216:propagateValuesOnChangeOnly:409167:333
4082748216:updateInputs:409584:83
4082748216:updateComponents:409667:208
4082748216:propagateValuesOnChangeOnly:409917:333
4082748216:updateInputs:410292:83
4082748216:updateComponents:410417:167
4082748216:propagateValuesOnChangeOnly:410625:334
4082748216:updateInputs:411000:84
4082748216:updateComponents:411125:209
4082748216:propagateValuesOnChangeOnly:411334:333
4082748216:updateInputs:411750:84
4082748216:updateComponents:411834:208
4082748216:propagateValuesOnChangeOnly:412084:333
4082748216:updateInputs:412459:83
4082748216:updateComponents:412584:208
4082748216:propagateValuesOnChangeOnly:412792:333
4082748216:updateInputs:413167:83
4082748216:updateComponents:413292:208
4082748216:propagateValuesOnChangeOnly:413500:334
4082748216:updateInputs:413875:84
4082748216:updateComponents:414000:209
4082748216:propagateValuesOnChangeOnly:414250:292
4082748216:updateInputs:414625:84
4082748216:updateComponents:414709:208
4082748216:propagateValuesOnChangeOnly:414959:333
4082748216:updateInputs:415334:83
4082748216:updateComponents:415459:208
4082748216:propagateValuesOnChangeOnly:415667:333
4082748216:updateInputs:416084:83
4082748216:updateComponents:416167:208
4082748216:propagateValuesOnChangeOnly:416417:333
4082748216:updateInputs:416792:83
4082748216:updateComponents:416917:208
4082748216:propagateValuesOnChangeOnly:417167:292
4082748216:updateInputs:417542:83
4082748216:updateComponents:417667:208
4082748216:propagateValuesOnChangeOnly:417875:334
4082748216:updateInputs:418250:84
4082748216:updateComponents:418375:209
4082748216:propagateValuesOnChangeOnly:418584:333
4082748216:updateInputs:419000:84
4082748216:updateComponents:419084:208
4082748216:propagateValuesOnChangeOnly:419334:333
4082748216:updateInputs:419709:83
4082748216:updateComponents:419834:208
4082748216:propagateValuesOnChangeOnly:420042:333
4082748216:updateInputs:420459:41
4082748216:updateComponents:420542:208
4082748216:propagateValuesOnChangeOnly:420792:292
4082748216:updateInputs:421167:83
4082748216:updateComponents:421250:209
4082748216:propagateValuesOnChangeOnly:421500:334
4082748216:updateInputs:421875:84
4082748216:updateComponents:422000:167
4082748216:propagateValuesOnChangeOnly:422209:291
4082748216:updateInputs:422584:83
4082748216:updateComponents:422667:208
4082748216:propagateValuesOnChangeOnly:422875:375
4082748216:updateInputs:423292:83
4082748216:updateComponents:423375:209
4082748216:propagateValuesOnChangeOnly:423625:292
4082748216:updateInputs:424000:84
4082748216:updateComponents:424084:208
4082748216:propagateValuesOnChangeOnly:424334:291
4082748216:updateInputs:424709:83
4082748216:updateComponents:424792:208
4082748216:propagateValuesOnChangeOnly:425000:334
4082748216:updateInputs:425375:84
4082748216:updateComponents:425500:167
4082748216:propagateValuesOnChangeOnly:425709:333
4082748216:updateInputs:426125:84
4082748216:updateComponents:426209:208
4082748216:propagateValuesOnChangeOnly:426417:333
4082748216:updateInputs:428542:83
4082748216:updateComponents:428667:208
4082748216:propagateValuesOnChangeOnly:428875:375
4082748216:updateInputs:429334:83
4082748216:updateComponents:429417:208
4082748216:propagateValuesOnChangeOnly:429667:333
4082748216:updateInputs:430084:83
4082748216:updateComponents:430167:208
4082748216:propagateValuesOnChangeOnly:430417:333
4082748216:updateInputs:430792:83
4082748216:updateComponents:430875:209
4082748216:propagateValuesOnChangeOnly:431125:375
4082748216:updateInputs:431584:41
4082748216:updateComponents:431667:208
4082748216:propagateValuesOnChangeOnly:431875:417
4082748216:updateInputs:432375:42
4082748216:updateComponents:432459:208
4082748216:propagateValuesOnChangeOnly:432667:333
4082748216:updateInputs:433042:83
4082748216:updateComponents:433167:167
4082748216:propagateValuesOnChangeOnly:433375:292
4082748216:updateInputs:433750:84
4082748216:updateComponents:433834:208
4082748216:propagateValuesOnChangeOnly:434084:291
4082748216:updateInputs:434459:83
4082748216:updateComponents:434542:208
4082748216:propagateValuesOnChangeOnly:434792:292
4082748216:updateInputs:435167:83
4082748216:updateComponents:435292:167
4082748216:propagateValuesOnChangeOnly:435500:292
4082748216:updateInputs:435875:84
4082748216:updateComponents:435959:208
4082748216:propagateValuesOnChangeOnly:436209:333
4082748216:updateInputs:436584:83
4082748216:updateComponents:436709:166
4082748216:propagateValuesOnChangeOnly:436917:333
4082748216:updateInputs:437292:83
4082748216:updateComponents:437375:209
4082748216:propagateValuesOnChangeOnly:437625:292
4082748216:updateInputs:438000:84
4082748216:updateComponents:438084:208
4082748216:propagateValuesOnChangeOnly:438292:333
4082748216:updateInputs:438667:83
4082748216:updateComponents:438792:167
4082748216:propagateValuesOnChangeOnly:439000:334
4082748216:updateInputs:439375:84
4082748216:updateComponents:439459:208
4082748216:propagateValuesOnChangeOnly:439709:333
4082748216:updateInputs:440084:83
4082748216:updateComponents:440167:208
4082748216:propagateValuesOnChangeOnly:440417:292
4082748216:updateInputs:440792:83
4082748216:updateComponents:440875:209
4082748216:propagateValuesOnChangeOnly:441125:334
4082748216:updateInputs:441500:84
4082748216:updateComponents:441625:167
4082748216:propagateValuesOnChangeOnly:441834:333
4082748216:updateInputs:442209:83
4082748216:updateComponents:442334:166
4082748216:propagateValuesOnChangeOnly:442542:333
4082748216:updateInputs:442917:83
4082748216:updateComponents:443042:208
4082748216:propagateValuesOnChangeOnly:443250:334
4082748216:updateInputs:443625:84
4082748216:updateComponents:443750:209
4082748216:propagateValuesOnChangeOnly:444000:292
4082748216:updateInputs:444375:84
4082748216:updateComponents:444459:208
4082748216:propagateValuesOnChangeOnly:444709:333
4082748216:updateInputs:445084:83
4082748216:updateComponents:445209:208
4082748216:propagateValuesOnChangeOnly:445417:333
4082748216:updateInputs:445792:83
4082748216:updateComponents:445917:208
4082748216:propagateValuesOnChangeOnly:446125:334
4082748216:updateInputs:446542:83
4082748216:updateComponents:446625:250
4082748216:propagateValuesOnChangeOnly:446875:334
4082748216:updateInputs:447250:84
4082748216:updateComponents:447375:209
4082748216:propagateValuesOnChangeOnly:447625:292
4082748216:updateInputs:448000:84
4082748216:updateComponents:448125:209
4082748216:propagateValuesOnChangeOnly:448334:333
4082748216:updateInputs:450500:84
4082748216:updateComponents:450625:209
4082748216:propagateValuesOnChangeOnly:450875:375
4082748216:updateInputs:451292:83
4082748216:updateComponents:451417:208
4082748216:propagateValuesOnChangeOnly:451625:375
4082748216:updateInputs:452042:83
4082748216:updateComponents:452167:208
4082748216:propagateValuesOnChangeOnly:452417:333
4082748216:updateInputs:452792:83
4082748216:updateComponents:452917:208
4082748216:propagateValuesOnChangeOnly:453125:334
4082748216:updateInputs:453500:84
4082748216:updateComponents:453625:209
4082748216:propagateValuesOnChangeOnly:453875:292
4082748216:updateInputs:454250:84
4082748216:updateComponents:454334:208
4082748216:propagateValuesOnChangeOnly:454584:333
4082748216:updateInputs:454959:83
4082748216:updateComponents:456209:208
4082748216:propagateValuesOnChangeOnly:456459:333
4082748216:updateInputs:456834:83
4082748216:updateComponents:456959:166
4082748216:propagateValuesOnChangeOnly:457167:333
4082748216:updateInputs:457542:83
4082748216:updateComponents:457667:208
4082748216:propagateValuesOnChangeOnly:457875:334
4082748216:updateInputs:458292:83
4082748216:updateComponents:458417:167
4082748216:propagateValuesOnChangeOnly:458625:334
4082748216:updateInputs:459000:84
4082748216:updateComponents:459125:209
4082748216:propagateValuesOnChangeOnly:459375:292
4082748216:updateInputs:459750:84
4082748216:updateComponents:459834:208
4082748216:propagateValuesOnChangeOnly:460084:333
4082748216:updateInputs:460459:83
4082748216:updateComponents:460584:208
4082748216:propagateValuesOnChangeOnly:460792:333
4082748216:updateInputs:461167:83
4082748216:updateComponents:461292:167
4082748216:propagateValuesOnChangeOnly:461500:334
4082748216:updateInputs:461875:84
4082748216:updateComponents:462000:209
4082748216:propagateValuesOnChangeOnly:462209:333
4082748216:updateInputs:462584:83
4082748216:updateComponents:462709:208
4082748216:propagateValuesOnChangeOnly:462959:291
4082748216:updateInputs:463334:83
4082748216:updateComponents:463417:208
4082748216:propagateValuesOnChangeOnly:463667:333
4082748216:updateInputs:464042:83
4082748216:updateComponents:464167:208
4082748216:propagateValuesOnChangeOnly:464375:334
4082748216:updateInputs:464792:42
4082748216:updateComponents:464875:209
4082748216:propagateValuesOnChangeOnly:465125:292
4082748216:updateInputs:465500:84
4082748216:updateComponents:465625:167
4082748216:propagateValuesOnChangeOnly:465834:333
4082748216:updateInputs:466209:83
4082748216:updateComponents:466334:208
4082748216:propagateValuesOnChangeOnly:466584:291
4082748216:updateInputs:466959:83
4082748216:updateComponents:467042:208
4082748216:propagateValuesOnChangeOnly:467292:333
4082748216:updateInputs:467709:83
4082748216:updateComponents:467792:208
4082748216:propagateValuesOnChangeOnly:468042:292
4082748216:updateInputs:468417:83
4082748216:updateComponents:468542:167
4082748216:propagateValuesOnChangeOnly:468750:334
4082748216:updateInputs:469125:84
4082748216:updateComponents:469250:209
4082748216:propagateValuesOnChangeOnly:469459:333
4082748216:updateInputs:469875:84
4082748216:updateComponents:469959:208
4082748216:propagateValuesOnChangeOnly:470209:333
4082748216:updateInputs:470584:83
4082748216:updateComponents:470709:208
4082748216:propagateValuesOnChangeOnly:470917:333
4082748216:Run loop:70167:401125
4082748216:main:459:1285125
