Title:Tri-state buffer test
417041206:updateInputs:1001000:208
417041206:updateComponents:1011042:291
417041206:Init circuit:988208:28375
417041206:updateInputs:1017125:125
417041206:updateComponents:1017458:209
417041206:propagateValuesOnChangeOnly:1018333:334
417041206:updateInputs:1020708:167
417041206:updateComponents:1021125:83
417041206:propagateValuesOnChangeOnly:1021417:333
417041206:updateInputs:1024625:125
417041206:updateComponents:1024917:208
417041206:propagateValuesOnChangeOnly:1025292:333
417041206:updateInputs:1027500:167
417041206:updateComponents:1027833:125
417041206:propagateValuesOnChangeOnly:1028125:292
417041206:updateInputs:1030250:125
417041206:updateComponents:1030542:125
417041206:propagateValuesOnChangeOnly:1036042:333
417041206:updateInputs:1038333:167
417041206:updateComponents:1038667:125
417041206:propagateValuesOnChangeOnly:1038958:292
417041206:updateInputs:1041208:84
417041206:updateComponents:1041500:125
417041206:propagateValuesOnChangeOnly:1041792:291
417041206:updateInputs:1044208:125
417041206:updateComponents:1044500:125
417041206:propagateValuesOnChangeOnly:1044792:250
417041206:updateInputs:1046833:125
417041206:updateComponents:1047125:125
417041206:propagateValuesOnChangeOnly:1047458:250
417041206:updateInputs:1049500:125
417041206:updateComponents:1049833:125
417041206:propagateValuesOnChangeOnly:1050125:208
417041206:updateInputs:1053750:125
417041206:updateComponents:1054083:125
417041206:propagateValuesOnChangeOnly:1054375:250
417041206:updateInputs:1056458:167
417041206:updateComponents:1056792:125
417041206:propagateValuesOnChangeOnly:1057125:292
417041206:updateInputs:1059208:125
417041206:updateComponents:1059500:167
417041206:propagateValuesOnChangeOnly:1059833:250
417041206:updateInputs:1061833:125
417041206:updateComponents:1062125:125
417041206:propagateValuesOnChangeOnly:1062417:166
417041206:updateInputs:1064417:83
417041206:updateComponents:1064708:84
417041206:propagateValuesOnChangeOnly:1065000:167
417041206:updateInputs:1067000:83
417041206:updateComponents:1067250:125
417041206:propagateValuesOnChangeOnly:1067542:208
417041206:updateInputs:1069583:84
417041206:updateComponents:1069875:83
417041206:propagateValuesOnChangeOnly:1070125:208
417041206:updateInputs:1072458:84
417041206:updateComponents:1072708:125
417041206:propagateValuesOnChangeOnly:1073000:208
417041206:updateInputs:1075042:125
417041206:updateComponents:1075375:125
417041206:propagateValuesOnChangeOnly:1075708:209
417041206:Run loop:1017125:60750
417041206:main:667:1164625
