Title: D-Latch with asynchronous SR test
2669662697:updateInputs:61792:125
2669662697:updateComponents:68167:333
2669662697:Init circuit:47417:24333
2669662697:updateInputs:71917:83
2669662697:updateComponents:72042:292
2669662697:propagateValuesOnChangeOnly:72459:291
2669662697:updateInputs:74792:125
2669662697:updateComponents:74959:166
2669662697:propagateValuesOnChangeOnly:75167:333
2669662697:updateInputs:77334:125
2669662697:updateComponents:77459:166
2669662697:propagateValuesOnChangeOnly:77667:292
2669662697:updateInputs:79625:84
2669662697:updateComponents:79750:125
2669662697:propagateValuesOnChangeOnly:79917:250
2669662697:updateInputs:81709:125
2669662697:updateComponents:81834:166
2669662697:propagateValuesOnChangeOnly:82167:250
2669662697:updateInputs:84000:84
2669662697:updateComponents:84084:166
2669662697:propagateValuesOnChangeOnly:84292:208
2669662697:updateInputs:86334:83
2669662697:updateComponents:86417:167
2669662697:propagateValuesOnChangeOnly:86584:250
2669662697:updateInputs:88375:84
2669662697:updateComponents:88500:125
2669662697:propagateValuesOnChangeOnly:88667:208
2669662697:updateInputs:90459:83
2669662697:updateComponents:90542:167
2669662697:propagateValuesOnChangeOnly:90750:209
2669662697:updateInputs:92542:83
2669662697:updateComponents:92667:125
2669662697:propagateValuesOnChangeOnly:92834:208
2669662697:updateInputs:94917:83
2669662697:updateComponents:95042:167
2669662697:propagateValuesOnChangeOnly:95250:250
2669662697:updateInputs:97167:83
2669662697:updateComponents:97250:167
2669662697:propagateValuesOnChangeOnly:97459:250
2669662697:updateInputs:99334:125
2669662697:updateComponents:99500:125
2669662697:propagateValuesOnChangeOnly:99667:292
2669662697:updateInputs:101584:83
2669662697:updateComponents:101709:125
2669662697:propagateValuesOnChangeOnly:101875:334
2669662697:updateInputs:103875:84
2669662697:updateComponents:104000:125
2669662697:propagateValuesOnChangeOnly:104167:250
2669662697:updateInputs:106084:83
2669662697:updateComponents:106209:125
2669662697:propagateValuesOnChangeOnly:106375:209
2669662697:updateInputs:108375:84
2669662697:updateComponents:108500:167
2669662697:propagateValuesOnChangeOnly:108667:292
2669662697:updateInputs:110584:125
2669662697:updateComponents:110709:166
2669662697:propagateValuesOnChangeOnly:110917:208
2669662697:updateInputs:112750:84
2669662697:updateComponents:112834:166
2669662697:propagateValuesOnChangeOnly:113042:292
2669662697:updateInputs:114959:83
2669662697:updateComponents:115084:125
2669662697:propagateValuesOnChangeOnly:115250:250
2669662697:updateInputs:117125:125
2669662697:updateComponents:117250:167
2669662697:propagateValuesOnChangeOnly:117625:250
2669662697:updateInputs:119459:125
2669662697:updateComponents:119584:166
2669662697:propagateValuesOnChangeOnly:119792:208
2669662697:updateInputs:121625:84
2669662697:updateComponents:121750:167
2669662697:propagateValuesOnChangeOnly:121917:208
2669662697:updateInputs:123792:83
2669662697:updateComponents:123875:167
2669662697:propagateValuesOnChangeOnly:124084:208
2669662697:Run loop:71917:54000
2669662697:main:500:971625
