Title: D-Latch with asynchronous SR test
157225479:updateInputs:29500:42
157225479:updateComponents:38209:250
157225479:Init circuit:22959:17208
157225479:updateInputs:40334:41
157225479:updateComponents:40417:83
157225479:propagateValuesOnChangeOnly:40667:167
157225479:updateInputs:41750:42
157225479:updateComponents:41834:41
157225479:propagateValuesOnChangeOnly:41917:125
157225479:updateInputs:42792:42
157225479:updateComponents:42875:42
157225479:propagateValuesOnChangeOnly:42917:125
157225479:updateInputs:43625:42
157225479:updateComponents:43709:41
157225479:propagateValuesOnChangeOnly:43792:83
157225479:updateInputs:44459:41
157225479:updateComponents:44542:42
157225479:propagateValuesOnChangeOnly:44792:83
157225479:updateInputs:45459:41
157225479:updateComponents:45500:42
157225479:propagateValuesOnChangeOnly:45584:83
157225479:updateInputs:46417:42
157225479:updateComponents:46500:42
157225479:propagateValuesOnChangeOnly:46584:41
157225479:updateInputs:47250:0
157225479:updateComponents:47292:42
157225479:propagateValuesOnChangeOnly:47375:84
157225479:updateInputs:48042:0
157225479:updateComponents:48084:41
157225479:propagateValuesOnChangeOnly:48167:83
157225479:updateInputs:48834:41
157225479:updateComponents:48917:42
157225479:propagateValuesOnChangeOnly:49000:84
157225479:updateInputs:49959:41
157225479:updateComponents:50042:42
157225479:propagateValuesOnChangeOnly:50125:125
157225479:updateInputs:50875:42
157225479:updateComponents:50917:83
157225479:propagateValuesOnChangeOnly:51000:125
157225479:updateInputs:51750:42
157225479:updateComponents:51834:41
157225479:propagateValuesOnChangeOnly:51875:167
157225479:updateInputs:52667:42
157225479:updateComponents:52750:42
157225479:propagateValuesOnChangeOnly:52834:125
157225479:updateInputs:53584:41
157225479:updateComponents:53667:42
157225479:propagateValuesOnChangeOnly:53709:125
157225479:updateInputs:54459:41
157225479:updateComponents:54500:84
157225479:propagateValuesOnChangeOnly:54584:83
157225479:updateInputs:55417:42
157225479:updateComponents:55500:42
157225479:propagateValuesOnChangeOnly:55584:83
157225479:updateInputs:56334:83
157225479:updateComponents:56417:83
157225479:propagateValuesOnChangeOnly:56500:84
157225479:updateInputs:57250:0
157225479:updateComponents:57292:42
157225479:propagateValuesOnChangeOnly:57375:125
157225479:updateInputs:58125:42
157225479:updateComponents:58209:41
157225479:propagateValuesOnChangeOnly:58292:125
157225479:updateInputs:59000:42
157225479:updateComponents:59084:41
157225479:propagateValuesOnChangeOnly:59459:83
157225479:updateInputs:60125:42
157225479:updateComponents:60209:41
157225479:propagateValuesOnChangeOnly:60250:84
157225479:updateInputs:60917:42
157225479:updateComponents:61000:42
157225479:propagateValuesOnChangeOnly:61042:83
157225479:updateInputs:61709:41
157225479:updateComponents:61792:42
157225479:propagateValuesOnChangeOnly:61875:42
157225479:Run loop:40334:22208
157225479:main:0:66709
