Title:16-bit register with enable test
1019631329:updateInputs:2451875:1584
1019631329:updateComponents:2484584:18833
1019631329:Init circuit:1690334:896791
1019631329:updateInputs:2588875:1334
1019631329:updateComponents:2590792:17208
1019631329:propagateValuesOnChangeOnly:2609834:26291
1019631329:updateInputs:2675375:1334
1019631329:updateComponents:2677292:16750
1019631329:propagateValuesOnChangeOnly:2694709:25958
1019631329:updateInputs:2762000:1209
1019631329:updateComponents:2763792:16458
1019631329:propagateValuesOnChangeOnly:2780917:25583
1019631329:updateInputs:2844917:1208
1019631329:updateComponents:2846667:16417
1019631329:propagateValuesOnChangeOnly:2863625:25709
1019631329:updateInputs:2927459:1291
1019631329:updateComponents:2929334:16291
1019631329:propagateValuesOnChangeOnly:2949209:25708
1019631329:updateInputs:3013375:1250
1019631329:updateComponents:3015125:16375
1019631329:propagateValuesOnChangeOnly:3032167:27667
1019631329:updateInputs:3099334:1208
1019631329:updateComponents:3101084:15916
1019631329:propagateValuesOnChangeOnly:3117584:29333
1019631329:updateInputs:3185334:1208
1019631329:updateComponents:3187042:16417
1019631329:propagateValuesOnChangeOnly:3204125:28125
1019631329:updateInputs:3270292:1167
1019631329:updateComponents:3272000:16334
1019631329:propagateValuesOnChangeOnly:3288959:28541
1019631329:updateInputs:3355750:1709
1019631329:updateComponents:3358000:16209
1019631329:propagateValuesOnChangeOnly:3374834:27041
1019631329:updateInputs:3445584:1083
1019631329:updateComponents:3447167:13500
1019631329:propagateValuesOnChangeOnly:3461167:24833
1019631329:updateInputs:3517792:958
1019631329:updateComponents:3519167:13500
1019631329:propagateValuesOnChangeOnly:3533209:24000
1019631329:updateInputs:3589042:1000
1019631329:updateComponents:3590500:13375
1019631329:propagateValuesOnChangeOnly:3604375:23459
1019631329:updateInputs:3659584:1000
1019631329:updateComponents:3661000:13542
1019631329:propagateValuesOnChangeOnly:3675000:21042
1019631329:updateInputs:3728584:1083
1019631329:updateComponents:3730167:13458
1019631329:propagateValuesOnChangeOnly:3744167:21083
1019631329:updateInputs:3797000:1000
1019631329:updateComponents:3798459:13458
1019631329:propagateValuesOnChangeOnly:3812417:22917
1019631329:updateInputs:3866709:958
1019631329:updateComponents:3868084:13416
1019631329:propagateValuesOnChangeOnly:3882000:24500
1019631329:updateInputs:3937959:1000
1019631329:updateComponents:3939417:13458
1019631329:propagateValuesOnChangeOnly:3953417:22958
1019631329:updateInputs:4007792:958
1019631329:updateComponents:4009167:13458
1019631329:propagateValuesOnChangeOnly:4023167:24208
1019631329:updateInputs:4078917:1250
1019631329:updateComponents:4080625:13500
1019631329:propagateValuesOnChangeOnly:4094667:25375
1019631329:updateInputs:4151250:1000
1019631329:updateComponents:4152625:13542
1019631329:propagateValuesOnChangeOnly:4176292:25500
1019631329:updateInputs:4233250:959
1019631329:updateComponents:4234667:13500
1019631329:propagateValuesOnChangeOnly:4248667:24625
1019631329:updateInputs:4304875:959
1019631329:updateComponents:4306292:13583
1019631329:propagateValuesOnChangeOnly:4320417:23750
1019631329:updateInputs:4375709:958
1019631329:updateComponents:4377125:13459
1019631329:propagateValuesOnChangeOnly:4391084:21125
1019631329:updateInputs:4443834:1000
1019631329:updateComponents:4445250:13459
1019631329:propagateValuesOnChangeOnly:4459209:20958
1019631329:updateInputs:4511292:1000
1019631329:updateComponents:4512750:13417
1019631329:propagateValuesOnChangeOnly:4526667:22667
1019631329:updateInputs:4580542:958
1019631329:updateComponents:4581917:13417
1019631329:propagateValuesOnChangeOnly:4595792:24458
1019631329:updateInputs:4651375:1000
1019631329:updateComponents:4652834:13500
1019631329:propagateValuesOnChangeOnly:4666834:22916
1019631329:updateInputs:4720959:1000
1019631329:updateComponents:4722375:13375
1019631329:propagateValuesOnChangeOnly:4736250:26917
1019631329:updateInputs:4794334:1125
1019631329:updateComponents:4795959:13333
1019631329:propagateValuesOnChangeOnly:4809792:24375
1019631329:updateInputs:4866834:1041
1019631329:updateComponents:4868250:13625
1019631329:propagateValuesOnChangeOnly:4882375:24750
1019631329:updateInputs:4938375:1000
1019631329:updateComponents:4939875:13625
1019631329:propagateValuesOnChangeOnly:4954042:24333
1019631329:updateInputs:5009709:1041
1019631329:updateComponents:5011167:13500
1019631329:propagateValuesOnChangeOnly:5025167:23708
1019631329:updateInputs:5080084:1000
1019631329:updateComponents:5081542:13458
1019631329:propagateValuesOnChangeOnly:5095542:21042
1019631329:updateInputs:5147875:1000
1019631329:updateComponents:5149334:13416
1019631329:propagateValuesOnChangeOnly:5163250:20959
1019631329:updateInputs:5215417:1000
1019631329:updateComponents:5216875:13500
1019631329:propagateValuesOnChangeOnly:5230917:22875
1019631329:updateInputs:5285250:1000
1019631329:updateComponents:5286667:13500
1019631329:propagateValuesOnChangeOnly:5300667:24458
1019631329:updateInputs:5356750:959
1019631329:updateComponents:5358167:13417
1019631329:propagateValuesOnChangeOnly:5372125:22834
1019631329:updateInputs:5426209:916
1019631329:updateComponents:5427584:13375
1019631329:propagateValuesOnChangeOnly:5441459:25666
1019631329:updateInputs:5498584:1250
1019631329:updateComponents:5500292:13500
1019631329:propagateValuesOnChangeOnly:5514292:24333
1019631329:updateInputs:5570125:1167
1019631329:updateComponents:5571750:12750
1019631329:propagateValuesOnChangeOnly:5585000:25084
1019631329:updateInputs:5641209:1083
1019631329:updateComponents:5642750:13375
1019631329:propagateValuesOnChangeOnly:5656625:24042
1019631329:updateInputs:5726834:958
1019631329:updateComponents:5728250:13667
1019631329:propagateValuesOnChangeOnly:5742417:24000
1019631329:updateInputs:5797667:917
1019631329:updateComponents:5799000:13459
1019631329:propagateValuesOnChangeOnly:5812917:22292
1019631329:updateInputs:5866667:1000
1019631329:updateComponents:5868084:13416
1019631329:propagateValuesOnChangeOnly:5882000:21042
1019631329:updateInputs:5934209:958
1019631329:updateComponents:5935625:13334
1019631329:propagateValuesOnChangeOnly:5949500:22834
1019631329:updateInputs:6003500:917
1019631329:updateComponents:6004875:13292
1019631329:propagateValuesOnChangeOnly:6018667:24375
1019631329:updateInputs:6074209:916
1019631329:updateComponents:6075584:13333
1019631329:propagateValuesOnChangeOnly:6089334:22666
1019631329:updateInputs:6143125:875
1019631329:updateComponents:6144500:13375
1019631329:propagateValuesOnChangeOnly:6158417:23417
1019631329:updateInputs:6212792:1042
1019631329:updateComponents:6214334:13333
1019631329:propagateValuesOnChangeOnly:6228209:22208
1019631329:updateInputs:6281417:958
1019631329:updateComponents:6282834:13291
1019631329:propagateValuesOnChangeOnly:6296625:22667
1019631329:updateInputs:6350417:958
1019631329:updateComponents:6351792:13333
1019631329:propagateValuesOnChangeOnly:6365625:21625
1019631329:updateInputs:6418750:959
1019631329:updateComponents:6420125:13292
1019631329:propagateValuesOnChangeOnly:6433917:20667
1019631329:updateInputs:6485792:917
1019631329:updateComponents:6487125:13417
1019631329:propagateValuesOnChangeOnly:6501084:21083
1019631329:updateInputs:6553500:875
1019631329:updateComponents:6554834:13416
1019631329:propagateValuesOnChangeOnly:6568792:21000
1019631329:updateInputs:6621167:917
1019631329:updateComponents:6622500:13417
1019631329:propagateValuesOnChangeOnly:6636417:22542
1019631329:updateInputs:6696125:959
1019631329:updateComponents:6697542:13375
1019631329:propagateValuesOnChangeOnly:6711417:24583
1019631329:updateInputs:6767084:916
1019631329:updateComponents:6768459:13208
1019631329:propagateValuesOnChangeOnly:6782167:22917
1019631329:updateInputs:6836125:959
1019631329:updateComponents:6837500:13292
1019631329:propagateValuesOnChangeOnly:6851334:23416
1019631329:updateInputs:6906000:1084
1019631329:updateComponents:6907459:13375
1019631329:propagateValuesOnChangeOnly:6921334:22125
1019631329:updateInputs:6974792:875
1019631329:updateComponents:6976125:13334
1019631329:propagateValuesOnChangeOnly:6990000:23084
1019631329:updateInputs:7044667:917
1019631329:updateComponents:7046000:12834
1019631329:propagateValuesOnChangeOnly:7059334:23500
1019631329:updateInputs:7114042:1000
1019631329:updateComponents:7115417:13250
1019631329:propagateValuesOnChangeOnly:7129167:21792
1019631329:updateInputs:7185709:958
1019631329:updateComponents:7187084:12916
1019631329:propagateValuesOnChangeOnly:7200459:22916
1019631329:updateInputs:7254667:1000
1019631329:updateComponents:7256125:13375
1019631329:propagateValuesOnChangeOnly:7269959:22416
1019631329:updateInputs:7323459:916
1019631329:updateComponents:7324792:12667
1019631329:propagateValuesOnChangeOnly:7337917:22833
1019631329:updateInputs:7392084:875
1019631329:updateComponents:7393459:13333
1019631329:propagateValuesOnChangeOnly:7407209:24708
1019631329:updateInputs:7462917:917
1019631329:updateComponents:7464250:12667
1019631329:propagateValuesOnChangeOnly:7477292:22917
1019631329:updateInputs:7531667:917
1019631329:updateComponents:7533000:13375
1019631329:propagateValuesOnChangeOnly:7546792:23292
1019631329:updateInputs:7601375:1000
1019631329:updateComponents:7602875:12709
1019631329:propagateValuesOnChangeOnly:7616042:22208
1019631329:updateInputs:7669375:959
1019631329:updateComponents:7670792:12750
1019631329:propagateValuesOnChangeOnly:7684000:22750
1019631329:updateInputs:7737875:959
1019631329:updateComponents:7739250:13334
1019631329:propagateValuesOnChangeOnly:7753000:21625
1019631329:updateInputs:7806084:1000
1019631329:updateComponents:7807584:13250
1019631329:propagateValuesOnChangeOnly:7821250:20959
1019631329:updateInputs:7873542:958
1019631329:updateComponents:7875000:13250
1019631329:propagateValuesOnChangeOnly:7888667:20792
1019631329:Run loop:2588834:5351791
1019631329:main:1334:8329291
