Title: Rising edge detector test
2764738849:updateInputs:17500:42
2764738849:updateComponents:25458:125
2764738849:Init circuit:11542:16291
2764738849:updateInputs:27958:42
2764738849:updateComponents:28042:41
2764738849:propagateValuesOnChangeOnly:28250:42
2764738849:updateInputs:28792:41
2764738849:updateComponents:28875:0
2764738849:propagateValuesOnChangeOnly:28917:41
2764738849:updateInputs:29458:42
2764738849:updateComponents:29500:42
2764738849:propagateValuesOnChangeOnly:29583:0
2764738849:updateInputs:29958:0
2764738849:updateComponents:30000:42
2764738849:propagateValuesOnChangeOnly:30042:41
2764738849:updateInputs:30583:42
2764738849:updateComponents:30625:42
2764738849:propagateValuesOnChangeOnly:30833:42
2764738849:updateInputs:31333:0
2764738849:updateComponents:31375:42
2764738849:propagateValuesOnChangeOnly:31458:42
2764738849:updateInputs:31917:0
2764738849:updateComponents:31958:42
2764738849:propagateValuesOnChangeOnly:32000:42
2764738849:updateInputs:32458:42
2764738849:updateComponents:32500:42
2764738849:propagateValuesOnChangeOnly:32542:83
2764738849:updateInputs:32958:42
2764738849:updateComponents:33000:42
2764738849:propagateValuesOnChangeOnly:33083:42
2764738849:updateInputs:33500:0
2764738849:updateComponents:33542:0
2764738849:propagateValuesOnChangeOnly:33583:42
2764738849:updateInputs:34250:0
2764738849:updateComponents:34292:41
2764738849:propagateValuesOnChangeOnly:34333:42
2764738849:updateInputs:34750:42
2764738849:updateComponents:34792:41
2764738849:propagateValuesOnChangeOnly:34833:42
2764738849:updateInputs:35292:0
2764738849:updateComponents:35333:42
2764738849:propagateValuesOnChangeOnly:35375:42
2764738849:updateInputs:35792:0
2764738849:updateComponents:35833:0
2764738849:propagateValuesOnChangeOnly:35875:42
2764738849:updateInputs:36417:41
2764738849:updateComponents:36458:42
2764738849:propagateValuesOnChangeOnly:36542:0
2764738849:updateInputs:36958:0
2764738849:updateComponents:37000:0
2764738849:propagateValuesOnChangeOnly:37042:41
2764738849:updateInputs:37417:41
2764738849:updateComponents:37458:42
2764738849:propagateValuesOnChangeOnly:37500:42
2764738849:updateInputs:37917:0
2764738849:updateComponents:37958:0
2764738849:propagateValuesOnChangeOnly:38000:42
2764738849:updateInputs:38375:42
2764738849:updateComponents:38417:41
2764738849:propagateValuesOnChangeOnly:38500:0
2764738849:Run loop:27958:10917
2764738849:main:42:40291
