Title: SR-Latch test
1742936946:updateInputs:29042:42
1742936946:updateComponents:37834:83
1742936946:Init circuit:22625:17625
1742936946:updateInputs:40375:42
1742936946:updateComponents:40459:41
1742936946:propagateValuesOnChangeOnly:40667:42
1742936946:updateInputs:41542:42
1742936946:updateComponents:41625:0
1742936946:propagateValuesOnChangeOnly:41709:41
1742936946:updateInputs:42375:0
1742936946:updateComponents:42417:42
1742936946:propagateValuesOnChangeOnly:42500:42
1742936946:updateInputs:43125:0
1742936946:updateComponents:43167:42
1742936946:propagateValuesOnChangeOnly:43209:83
1742936946:updateInputs:44000:0
1742936946:updateComponents:44042:42
1742936946:propagateValuesOnChangeOnly:44250:42
1742936946:updateInputs:44834:41
1742936946:updateComponents:44875:42
1742936946:propagateValuesOnChangeOnly:44959:41
1742936946:updateInputs:45500:0
1742936946:updateComponents:45542:42
1742936946:propagateValuesOnChangeOnly:45625:42
1742936946:updateInputs:46167:42
1742936946:updateComponents:46209:41
1742936946:propagateValuesOnChangeOnly:46292:42
1742936946:updateInputs:46834:41
1742936946:updateComponents:46875:42
1742936946:propagateValuesOnChangeOnly:46959:0
1742936946:updateInputs:47459:0
1742936946:updateComponents:47500:42
1742936946:propagateValuesOnChangeOnly:47542:42
1742936946:Run loop:40375:7959
1742936946:main:42:49875
