Title:Xor test
1498138470:updateInputs:278584:333
1498138470:updateComponents:303209:500
1498138470:Init circuit:251584:63083
1498138470:updateInputs:316375:334
1498138470:updateComponents:317292:333
1498138470:propagateValuesOnChangeOnly:319584:500
1498138470:updateInputs:325209:333
1498138470:updateComponents:326084:250
1498138470:propagateValuesOnChangeOnly:326834:458
1498138470:updateInputs:333250:292
1498138470:updateComponents:334000:250
1498138470:propagateValuesOnChangeOnly:334792:417
1498138470:updateInputs:339417:333
1498138470:updateComponents:340250:250
1498138470:propagateValuesOnChangeOnly:341042:375
1498138470:updateInputs:345542:208
1498138470:updateComponents:346250:250
1498138470:propagateValuesOnChangeOnly:349834:333
1498138470:updateInputs:355167:417
1498138470:updateComponents:356125:209
1498138470:propagateValuesOnChangeOnly:356875:292
1498138470:updateInputs:361125:209
1498138470:updateComponents:361834:208
1498138470:propagateValuesOnChangeOnly:362584:416
1498138470:Run loop:316334:50666
1498138470:main:1334:399250
