Title:D-Latch test
3523444519:updateInputs:413750:375
3523444519:updateComponents:439417:1000
3523444519:Init circuit:318542:172500
3523444519:updateInputs:492667:208
3523444519:updateComponents:493375:917
3523444519:propagateValuesOnChangeOnly:496125:19125
3523444519:updateInputs:521209:208
3523444519:updateComponents:521917:750
3523444519:propagateValuesOnChangeOnly:523209:19791
3523444519:updateInputs:550667:292
3523444519:updateComponents:551459:750
3523444519:propagateValuesOnChangeOnly:552709:18500
3523444519:updateInputs:576834:250
3523444519:updateComponents:577584:750
3523444519:propagateValuesOnChangeOnly:578834:24583
3523444519:updateInputs:609000:292
3523444519:updateComponents:609834:750
3523444519:propagateValuesOnChangeOnly:614334:21750
3523444519:updateInputs:641709:291
3523444519:updateComponents:642459:708
3523444519:propagateValuesOnChangeOnly:643667:24208
3523444519:updateInputs:673500:250
3523444519:updateComponents:674209:708
3523444519:propagateValuesOnChangeOnly:675459:27000
3523444519:updateInputs:708042:208
3523444519:updateComponents:708750:667
3523444519:propagateValuesOnChangeOnly:709959:18625
3523444519:updateInputs:734292:208
3523444519:updateComponents:735000:709
3523444519:propagateValuesOnChangeOnly:736209:25125
3523444519:updateInputs:766959:291
3523444519:updateComponents:767750:709
3523444519:propagateValuesOnChangeOnly:769000:18542
3523444519:updateInputs:798792:292
3523444519:updateComponents:799584:666
3523444519:propagateValuesOnChangeOnly:800750:24500
3523444519:updateInputs:830959:250
3523444519:updateComponents:831709:750
3523444519:propagateValuesOnChangeOnly:832959:21708
3523444519:updateInputs:860334:291
3523444519:updateComponents:861125:709
3523444519:propagateValuesOnChangeOnly:862334:24208
3523444519:updateInputs:892167:250
3523444519:updateComponents:892917:708
3523444519:propagateValuesOnChangeOnly:894167:32917
3523444519:updateInputs:932667:208
3523444519:updateComponents:933375:667
3523444519:propagateValuesOnChangeOnly:934584:18541
3523444519:updateInputs:958792:250
3523444519:updateComponents:959542:667
3523444519:propagateValuesOnChangeOnly:960709:18583
3523444519:updateInputs:985084:250
3523444519:updateComponents:985834:666
3523444519:propagateValuesOnChangeOnly:987042:24542
3523444519:updateInputs:1017209:208
3523444519:updateComponents:1017917:750
3523444519:propagateValuesOnChangeOnly:1019167:18667
3523444519:updateInputs:1043542:250
3523444519:updateComponents:1044292:708
3523444519:propagateValuesOnChangeOnly:1045500:18542
3523444519:Run loop:492625:577084
3523444519:main:2042:1083750
