Title: ALU test
4259897743:updateInputs:163667:291
4259897743:updateComponents:170375:1583
4259897743:Init circuit:86250:95417
4259897743:updateInputs:181833:292
4259897743:updateComponents:182167:1083
4259897743:propagateValuesOnChangeOnly:183417:2375
4259897743:updateInputs:192625:292
4259897743:updateComponents:192958:959
4259897743:propagateValuesOnChangeOnly:194000:2167
4259897743:updateInputs:203083:292
4259897743:updateComponents:203417:958
4259897743:propagateValuesOnChangeOnly:204417:2208
4259897743:updateInputs:213583:334
4259897743:updateComponents:213958:959
4259897743:propagateValuesOnChangeOnly:214958:1959
4259897743:updateInputs:223625:250
4259897743:updateComponents:223917:1000
4259897743:propagateValuesOnChangeOnly:225083:2042
4259897743:updateInputs:233875:250
4259897743:updateComponents:234167:958
4259897743:propagateValuesOnChangeOnly:235167:1916
4259897743:updateInputs:243792:250
4259897743:updateComponents:244083:1000
4259897743:propagateValuesOnChangeOnly:245125:1958
4259897743:updateInputs:254000:250
4259897743:updateComponents:254292:958
4259897743:propagateValuesOnChangeOnly:255292:1916
4259897743:updateInputs:263917:291
4259897743:updateComponents:264250:958
4259897743:propagateValuesOnChangeOnly:265250:1917
4259897743:updateInputs:273833:250
4259897743:updateComponents:274125:958
4259897743:propagateValuesOnChangeOnly:275167:1875
4259897743:updateInputs:283917:250
4259897743:updateComponents:284208:959
4259897743:propagateValuesOnChangeOnly:285208:1959
4259897743:updateInputs:293875:292
4259897743:updateComponents:294208:959
4259897743:propagateValuesOnChangeOnly:295208:1875
4259897743:updateInputs:303750:250
4259897743:updateComponents:304042:958
4259897743:propagateValuesOnChangeOnly:305083:1959
4259897743:updateInputs:313833:292
4259897743:updateComponents:314167:958
4259897743:propagateValuesOnChangeOnly:315167:1833
4259897743:updateInputs:323792:291
4259897743:updateComponents:324125:958
4259897743:propagateValuesOnChangeOnly:325167:1833
4259897743:updateInputs:333833:292
4259897743:updateComponents:334167:958
4259897743:propagateValuesOnChangeOnly:335167:1875
4259897743:updateInputs:343917:250
4259897743:updateComponents:344208:1000
4259897743:propagateValuesOnChangeOnly:345250:1833
4259897743:updateInputs:353833:292
4259897743:updateComponents:354167:958
4259897743:propagateValuesOnChangeOnly:355167:1833
4259897743:updateInputs:363792:291
4259897743:updateComponents:364125:958
4259897743:propagateValuesOnChangeOnly:365125:1833
4259897743:updateInputs:373750:292
4259897743:updateComponents:374083:959
4259897743:propagateValuesOnChangeOnly:375083:1834
4259897743:updateInputs:383625:292
4259897743:updateComponents:383917:1000
4259897743:propagateValuesOnChangeOnly:385208:1792
4259897743:updateInputs:393750:292
4259897743:updateComponents:394083:959
4259897743:propagateValuesOnChangeOnly:395083:1834
4259897743:updateInputs:403583:292
4259897743:updateComponents:403917:958
4259897743:propagateValuesOnChangeOnly:404917:1833
4259897743:updateInputs:413458:292
4259897743:updateComponents:413792:958
4259897743:propagateValuesOnChangeOnly:414792:1875
4259897743:updateInputs:423500:250
4259897743:updateComponents:423792:958
4259897743:propagateValuesOnChangeOnly:424833:1834
4259897743:updateInputs:433458:250
4259897743:updateComponents:433750:958
4259897743:propagateValuesOnChangeOnly:434792:1833
4259897743:updateInputs:443375:292
4259897743:updateComponents:443708:959
4259897743:propagateValuesOnChangeOnly:444708:1792
4259897743:updateInputs:453250:292
4259897743:updateComponents:453542:1000
4259897743:propagateValuesOnChangeOnly:454583:1834
4259897743:updateInputs:463208:292
4259897743:updateComponents:463500:958
4259897743:propagateValuesOnChangeOnly:464542:1833
4259897743:Run loop:181792:291375
4259897743:main:458:501084
