Title: D-FlipFlop test
4197310895:updateInputs:23833:84
4197310895:updateComponents:31833:292
4197310895:Init circuit:15792:19083
4197310895:updateInputs:35042:0
4197310895:updateComponents:35083:125
4197310895:propagateValuesOnChangeOnly:35375:208
4197310895:updateInputs:36208:0
4197310895:updateComponents:36250:83
4197310895:propagateValuesOnChangeOnly:36375:125
4197310895:updateInputs:37125:42
4197310895:updateComponents:37167:83
4197310895:propagateValuesOnChangeOnly:37292:83
4197310895:updateInputs:38083:0
4197310895:updateComponents:38167:41
4197310895:propagateValuesOnChangeOnly:38250:42
4197310895:updateInputs:38958:0
4197310895:updateComponents:39000:83
4197310895:propagateValuesOnChangeOnly:39250:167
4197310895:updateInputs:40000:0
4197310895:updateComponents:40042:83
4197310895:propagateValuesOnChangeOnly:40125:167
4197310895:updateInputs:40833:0
4197310895:updateComponents:40875:83
4197310895:propagateValuesOnChangeOnly:40958:209
4197310895:updateInputs:41708:0
4197310895:updateComponents:41750:42
4197310895:propagateValuesOnChangeOnly:41833:167
4197310895:updateInputs:42542:0
4197310895:updateComponents:42583:84
4197310895:propagateValuesOnChangeOnly:42667:125
4197310895:updateInputs:43458:42
4197310895:updateComponents:43500:83
4197310895:propagateValuesOnChangeOnly:43583:84
4197310895:updateInputs:44458:42
4197310895:updateComponents:44542:41
4197310895:propagateValuesOnChangeOnly:44625:83
4197310895:updateInputs:45250:42
4197310895:updateComponents:45292:83
4197310895:propagateValuesOnChangeOnly:45375:167
4197310895:updateInputs:46042:41
4197310895:updateComponents:46083:84
4197310895:propagateValuesOnChangeOnly:46208:125
4197310895:updateInputs:46875:0
4197310895:updateComponents:46917:83
4197310895:propagateValuesOnChangeOnly:47000:167
4197310895:updateInputs:47708:42
4197310895:updateComponents:47750:83
4197310895:propagateValuesOnChangeOnly:47875:125
4197310895:updateInputs:48583:0
4197310895:updateComponents:48625:42
4197310895:propagateValuesOnChangeOnly:48708:84
4197310895:updateInputs:49333:42
4197310895:updateComponents:49375:83
4197310895:propagateValuesOnChangeOnly:49500:42
4197310895:updateInputs:50083:42
4197310895:updateComponents:50125:83
4197310895:propagateValuesOnChangeOnly:50208:84
4197310895:updateInputs:50833:0
4197310895:updateComponents:50875:42
4197310895:propagateValuesOnChangeOnly:50958:84
4197310895:Run loop:35000:16542
4197310895:main:42:55583
