Title:Up counter test
694470152:updateInputs:1198417:958
694470152:updateComponents:1224625:7084
694470152:Init circuit:923792:351833
694470152:updateInputs:1277500:917
694470152:updateComponents:1278959:6291
694470152:propagateValuesOnChangeOnly:1287167:12542
694470152:updateInputs:1300542:625
694470152:updateComponents:1301709:6041
694470152:propagateValuesOnChangeOnly:1308334:11583
694470152:updateInputs:1322584:583
694470152:updateComponents:1323667:5917
694470152:propagateValuesOnChangeOnly:1330167:11500
694470152:updateInputs:1342459:583
694470152:updateComponents:1343584:5875
694470152:propagateValuesOnChangeOnly:1350125:11459
694470152:updateInputs:1362375:542
694470152:updateComponents:1363459:5625
694470152:propagateValuesOnChangeOnly:1372292:11583
694470152:updateInputs:1384625:625
694470152:updateComponents:1385709:5458
694470152:propagateValuesOnChangeOnly:1391750:11667
694470152:updateInputs:1422334:541
694470152:updateComponents:1423459:5666
694470152:propagateValuesOnChangeOnly:1429750:12667
694470152:updateInputs:1443084:541
694470152:updateComponents:1444084:5666
694470152:propagateValuesOnChangeOnly:1450417:12250
694470152:updateInputs:1463375:542
694470152:updateComponents:1464417:5583
694470152:propagateValuesOnChangeOnly:1470625:12209
694470152:updateInputs:1483500:542
694470152:updateComponents:1484500:5667
694470152:propagateValuesOnChangeOnly:1490709:11625
694470152:updateInputs:1507584:541
694470152:updateComponents:1508667:5667
694470152:propagateValuesOnChangeOnly:1514959:11625
694470152:updateInputs:1527334:833
694470152:updateComponents:1528667:5667
694470152:propagateValuesOnChangeOnly:1534917:11583
694470152:updateInputs:1566375:750
694470152:updateComponents:1567667:5750
694470152:propagateValuesOnChangeOnly:1574000:14167
694470152:updateInputs:1588959:583
694470152:updateComponents:1590125:5750
694470152:propagateValuesOnChangeOnly:1596417:13083
694470152:updateInputs:1610292:542
694470152:updateComponents:1611334:5625
694470152:propagateValuesOnChangeOnly:1617542:12333
694470152:updateInputs:1630625:542
694470152:updateComponents:1631750:5667
694470152:propagateValuesOnChangeOnly:1638000:12292
694470152:updateInputs:1650917:542
694470152:updateComponents:1651959:5666
694470152:propagateValuesOnChangeOnly:1658250:12209
694470152:updateInputs:1671209:625
694470152:updateComponents:1672334:5625
694470152:propagateValuesOnChangeOnly:1678542:11667
694470152:updateInputs:1708625:625
694470152:updateComponents:1709792:5750
694470152:propagateValuesOnChangeOnly:1716125:12625
694470152:updateInputs:1729500:542
694470152:updateComponents:1730500:5500
694470152:propagateValuesOnChangeOnly:1736625:12000
694470152:updateInputs:1749292:542
694470152:updateComponents:1750334:5708
694470152:propagateValuesOnChangeOnly:1764625:11875
694470152:updateInputs:1777250:584
694470152:updateComponents:1778292:5542
694470152:propagateValuesOnChangeOnly:1784417:12042
694470152:updateInputs:1797084:583
694470152:updateComponents:1798167:5708
694470152:propagateValuesOnChangeOnly:1804459:12625
694470152:updateInputs:1817792:750
694470152:updateComponents:1819042:5542
694470152:propagateValuesOnChangeOnly:1825167:11458
694470152:updateInputs:1855250:625
694470152:updateComponents:1856375:5709
694470152:propagateValuesOnChangeOnly:1862709:13791
694470152:updateInputs:1877167:667
694470152:updateComponents:1878292:5500
694470152:propagateValuesOnChangeOnly:1884417:12417
694470152:updateInputs:1897542:583
694470152:updateComponents:1898667:5583
694470152:propagateValuesOnChangeOnly:1904875:11959
694470152:updateInputs:1917542:500
694470152:updateComponents:1918500:5667
694470152:propagateValuesOnChangeOnly:1924750:11542
694470152:updateInputs:1937000:542
694470152:updateComponents:1938000:5459
694470152:propagateValuesOnChangeOnly:1944084:11541
694470152:updateInputs:1956375:584
694470152:updateComponents:1957459:5708
694470152:propagateValuesOnChangeOnly:1963750:11459
694470152:updateInputs:1994667:542
694470152:updateComponents:1995834:5666
694470152:propagateValuesOnChangeOnly:2002125:12542
694470152:updateInputs:2015417:583
694470152:updateComponents:2016542:5667
694470152:propagateValuesOnChangeOnly:2022792:12083
694470152:updateInputs:2035584:583
694470152:updateComponents:2036625:5667
694470152:propagateValuesOnChangeOnly:2042875:11834
694470152:updateInputs:2055417:583
694470152:updateComponents:2056459:5750
694470152:propagateValuesOnChangeOnly:2062792:11458
694470152:updateInputs:2075000:542
694470152:updateComponents:2076042:5750
694470152:propagateValuesOnChangeOnly:2082334:11666
694470152:updateInputs:2094750:709
694470152:updateComponents:2095917:5667
694470152:propagateValuesOnChangeOnly:2102167:11417
694470152:updateInputs:2132209:583
694470152:updateComponents:2133375:5709
694470152:propagateValuesOnChangeOnly:2139667:12542
694470152:updateInputs:2152959:625
694470152:updateComponents:2154084:5541
694470152:propagateValuesOnChangeOnly:2160167:12083
694470152:updateInputs:2172917:542
694470152:updateComponents:2179750:5667
694470152:propagateValuesOnChangeOnly:2186042:11792
694470152:updateInputs:2198500:500
694470152:updateComponents:2199542:5667
694470152:propagateValuesOnChangeOnly:2205834:11666
694470152:updateInputs:2218167:542
694470152:updateComponents:2219250:5709
694470152:propagateValuesOnChangeOnly:2225500:11542
694470152:updateInputs:2237667:625
694470152:updateComponents:2238834:5625
694470152:propagateValuesOnChangeOnly:2245042:11542
694470152:updateInputs:2289875:625
694470152:updateComponents:2291042:5667
694470152:propagateValuesOnChangeOnly:2297292:12625
694470152:updateInputs:2310542:542
694470152:updateComponents:2311625:5709
694470152:propagateValuesOnChangeOnly:2317917:12042
694470152:updateInputs:2330667:500
694470152:updateComponents:2331709:5625
694470152:propagateValuesOnChangeOnly:2337959:11916
694470152:updateInputs:2350500:584
694470152:updateComponents:2351625:5667
694470152:propagateValuesOnChangeOnly:2357875:11584
694470152:updateInputs:2370209:541
694470152:updateComponents:2371209:5458
694470152:propagateValuesOnChangeOnly:2377250:11625
694470152:updateInputs:2389542:625
694470152:updateComponents:2390667:5708
694470152:propagateValuesOnChangeOnly:2397000:11500
694470152:updateInputs:2427000:584
694470152:updateComponents:2428125:5584
694470152:propagateValuesOnChangeOnly:2434334:12791
694470152:updateInputs:2447834:583
694470152:updateComponents:2448917:5583
694470152:propagateValuesOnChangeOnly:2455084:12291
694470152:updateInputs:2468042:583
694470152:updateComponents:2469084:5583
694470152:propagateValuesOnChangeOnly:2475250:11750
694470152:updateInputs:2487750:542
694470152:updateComponents:2488834:5666
694470152:propagateValuesOnChangeOnly:2495125:11834
694470152:updateInputs:2507584:541
694470152:updateComponents:2508667:5625
694470152:propagateValuesOnChangeOnly:2514959:11625
694470152:updateInputs:2527292:625
694470152:updateComponents:2528375:5750
694470152:propagateValuesOnChangeOnly:2534750:11417
694470152:updateInputs:2564584:541
694470152:updateComponents:2565709:5791
694470152:propagateValuesOnChangeOnly:2572125:12709
694470152:updateInputs:2585459:583
694470152:updateComponents:2586542:5625
694470152:propagateValuesOnChangeOnly:2592750:12167
694470152:updateInputs:2605584:583
694470152:updateComponents:2606667:5625
694470152:propagateValuesOnChangeOnly:2612792:12000
694470152:updateInputs:2625375:542
694470152:updateComponents:2626459:5708
694470152:propagateValuesOnChangeOnly:2632750:11834
694470152:updateInputs:2645209:541
694470152:updateComponents:2646334:5500
694470152:propagateValuesOnChangeOnly:2652417:12208
694470152:updateInputs:2665292:708
694470152:updateComponents:2666542:5667
694470152:propagateValuesOnChangeOnly:2672750:11709
694470152:updateInputs:2703834:666
694470152:updateComponents:2705084:5750
694470152:propagateValuesOnChangeOnly:2711417:12792
694470152:updateInputs:2725000:584
694470152:updateComponents:2726042:5667
694470152:propagateValuesOnChangeOnly:2732292:12333
694470152:updateInputs:2745375:500
694470152:updateComponents:2746375:5667
694470152:propagateValuesOnChangeOnly:2752750:11959
694470152:updateInputs:2765375:542
694470152:updateComponents:2766459:5541
694470152:propagateValuesOnChangeOnly:2772625:12084
694470152:updateInputs:2785500:500
694470152:updateComponents:2786584:5791
694470152:propagateValuesOnChangeOnly:2793000:11875
694470152:updateInputs:2805584:625
694470152:updateComponents:2806709:5666
694470152:propagateValuesOnChangeOnly:2813042:11500
694470152:updateInputs:2843084:666
694470152:updateComponents:2844292:5750
694470152:propagateValuesOnChangeOnly:2850667:12583
694470152:updateInputs:2863959:583
694470152:updateComponents:2865084:5458
694470152:propagateValuesOnChangeOnly:2871125:12084
694470152:updateInputs:2883917:500
694470152:updateComponents:2884959:5458
694470152:propagateValuesOnChangeOnly:2890959:11916
694470152:updateInputs:2903542:583
694470152:updateComponents:2904625:5459
694470152:propagateValuesOnChangeOnly:2910667:12542
694470152:updateInputs:2923917:542
694470152:updateComponents:2924959:5458
694470152:propagateValuesOnChangeOnly:2930959:12708
694470152:updateInputs:2944375:584
694470152:updateComponents:2945500:5667
694470152:propagateValuesOnChangeOnly:2951709:11875
694470152:updateInputs:2982125:584
694470152:updateComponents:2983250:5750
694470152:propagateValuesOnChangeOnly:2989625:12750
694470152:updateInputs:3003084:541
694470152:updateComponents:3004167:5667
694470152:propagateValuesOnChangeOnly:3010334:12000
694470152:updateInputs:3023000:542
694470152:updateComponents:3024125:5667
694470152:propagateValuesOnChangeOnly:3030375:12167
694470152:updateInputs:3043292:542
694470152:updateComponents:3044292:5458
694470152:propagateValuesOnChangeOnly:3050334:11833
694470152:updateInputs:3062792:542
694470152:updateComponents:3063792:5667
694470152:propagateValuesOnChangeOnly:3070000:11584
694470152:updateInputs:3082292:625
694470152:updateComponents:3083375:5709
694470152:propagateValuesOnChangeOnly:3089625:11709
694470152:updateInputs:3119917:583
694470152:updateComponents:3121042:5792
694470152:propagateValuesOnChangeOnly:3127459:12583
694470152:updateInputs:3140709:541
694470152:updateComponents:3141792:5375
694470152:propagateValuesOnChangeOnly:3147750:12042
694470152:updateInputs:3160417:542
694470152:updateComponents:3161459:5708
694470152:propagateValuesOnChangeOnly:3167792:11833
694470152:updateInputs:3180334:500
694470152:updateComponents:3181334:5750
694470152:propagateValuesOnChangeOnly:3187667:11833
694470152:updateInputs:3200209:541
694470152:updateComponents:3201250:5542
694470152:propagateValuesOnChangeOnly:3207417:12125
694470152:updateInputs:3220167:625
694470152:updateComponents:3221250:5667
694470152:propagateValuesOnChangeOnly:3227542:11917
694470152:updateInputs:3257750:625
694470152:updateComponents:3258917:5625
694470152:propagateValuesOnChangeOnly:3298625:13042
694470152:updateInputs:3312375:542
694470152:updateComponents:3313417:5708
694470152:propagateValuesOnChangeOnly:3319709:12666
694470152:updateInputs:3333125:542
694470152:updateComponents:3334125:5709
694470152:propagateValuesOnChangeOnly:3340500:12417
694470152:updateInputs:3353625:500
694470152:updateComponents:3354667:5625
694470152:propagateValuesOnChangeOnly:3360917:12083
694470152:updateInputs:3373584:541
694470152:updateComponents:3374667:5667
694470152:propagateValuesOnChangeOnly:3380959:11750
694470152:updateInputs:3393334:583
694470152:updateComponents:3394500:5709
694470152:propagateValuesOnChangeOnly:3400750:11959
694470152:updateInputs:3431292:542
694470152:updateComponents:3432292:5750
694470152:propagateValuesOnChangeOnly:3438667:13167
694470152:updateInputs:3452542:542
694470152:updateComponents:3453625:5792
694470152:propagateValuesOnChangeOnly:3460042:12000
694470152:updateInputs:3472709:541
694470152:updateComponents:3473709:5708
694470152:propagateValuesOnChangeOnly:3479959:12208
694470152:updateInputs:3492792:500
694470152:updateComponents:3493834:5666
694470152:propagateValuesOnChangeOnly:3500084:13500
694470152:updateInputs:3514292:500
694470152:updateComponents:3515375:5667
694470152:propagateValuesOnChangeOnly:3521584:13291
694470152:updateInputs:3535500:584
694470152:updateComponents:3536625:5834
694470152:propagateValuesOnChangeOnly:3543084:12333
694470152:updateInputs:3573792:583
694470152:updateComponents:3574875:5667
694470152:propagateValuesOnChangeOnly:3581209:13208
694470152:updateInputs:3595125:542
694470152:updateComponents:3596167:5625
694470152:propagateValuesOnChangeOnly:3602459:12083
694470152:updateInputs:3615292:500
694470152:updateComponents:3616250:5625
694470152:propagateValuesOnChangeOnly:3622500:12209
694470152:updateInputs:3635417:542
694470152:updateComponents:3636542:5583
694470152:propagateValuesOnChangeOnly:3642709:11750
694470152:updateInputs:3655125:542
694470152:updateComponents:3656125:5625
694470152:propagateValuesOnChangeOnly:3662334:11458
694470152:updateInputs:3674500:584
694470152:updateComponents:3675584:5583
694470152:propagateValuesOnChangeOnly:3681792:11375
694470152:updateInputs:3711584:541
694470152:updateComponents:3712667:5750
694470152:propagateValuesOnChangeOnly:3719042:12583
694470152:updateInputs:3732292:542
694470152:updateComponents:3733292:5583
694470152:propagateValuesOnChangeOnly:3739459:12041
694470152:updateInputs:3752209:583
694470152:updateComponents:3753292:5750
694470152:propagateValuesOnChangeOnly:3759667:11958
694470152:updateInputs:3772250:542
694470152:updateComponents:3773375:5625
694470152:propagateValuesOnChangeOnly:3779625:11667
694470152:updateInputs:3791917:542
694470152:updateComponents:3792917:5667
694470152:propagateValuesOnChangeOnly:3799209:12125
694470152:updateInputs:3812084:625
694470152:updateComponents:3813167:5750
694470152:propagateValuesOnChangeOnly:3819542:11833
694470152:updateInputs:3849709:541
694470152:updateComponents:3850792:5708
694470152:propagateValuesOnChangeOnly:3857125:12792
694470152:updateInputs:3870584:541
694470152:updateComponents:3871625:5750
694470152:propagateValuesOnChangeOnly:3877917:12417
694470152:updateInputs:3891000:542
694470152:updateComponents:3892042:5708
694470152:propagateValuesOnChangeOnly:3898375:11959
694470152:updateInputs:3910917:542
694470152:updateComponents:3912042:5667
694470152:propagateValuesOnChangeOnly:3918375:12084
694470152:updateInputs:3931167:500
694470152:updateComponents:3932125:5542
694470152:propagateValuesOnChangeOnly:3938209:11791
694470152:updateInputs:3950667:583
694470152:updateComponents:3951792:5500
694470152:propagateValuesOnChangeOnly:3957875:11542
694470152:updateInputs:3987917:500
694470152:updateComponents:3988875:5750
694470152:propagateValuesOnChangeOnly:3995209:12583
694470152:updateInputs:4008500:500
694470152:updateComponents:4009500:5667
694470152:propagateValuesOnChangeOnly:4015792:12083
694470152:updateInputs:4028584:541
694470152:updateComponents:4029667:5542
694470152:propagateValuesOnChangeOnly:4035792:11875
694470152:updateInputs:4048375:542
694470152:updateComponents:4049417:5458
694470152:propagateValuesOnChangeOnly:4055500:12459
694470152:updateInputs:4068584:541
694470152:updateComponents:4069625:5500
694470152:propagateValuesOnChangeOnly:4075750:12917
694470152:updateInputs:4089375:542
694470152:updateComponents:4090417:5458
694470152:propagateValuesOnChangeOnly:4096459:11875
694470152:updateInputs:4126667:500
694470152:updateComponents:4127709:5708
694470152:propagateValuesOnChangeOnly:4134000:12792
694470152:updateInputs:4147417:542
694470152:updateComponents:4148417:5667
694470152:propagateValuesOnChangeOnly:4154625:12000
694470152:updateInputs:4167334:541
694470152:updateComponents:4168375:5750
694470152:propagateValuesOnChangeOnly:4174750:12334
694470152:updateInputs:4187834:541
694470152:updateComponents:4188834:5666
694470152:propagateValuesOnChangeOnly:4195209:11708
694470152:updateInputs:4207542:542
694470152:updateComponents:4208584:5458
694470152:propagateValuesOnChangeOnly:4214542:11625
694470152:updateInputs:4226875:542
694470152:updateComponents:4227959:5541
694470152:propagateValuesOnChangeOnly:4234084:11541
694470152:updateInputs:4263959:541
694470152:updateComponents:4265000:5667
694470152:propagateValuesOnChangeOnly:4271250:12625
694470152:updateInputs:4284500:500
694470152:updateComponents:4285584:5666
694470152:propagateValuesOnChangeOnly:4291875:12167
694470152:updateInputs:4304709:500
694470152:updateComponents:4305750:5667
694470152:propagateValuesOnChangeOnly:4312042:11792
694470152:updateInputs:4324500:584
694470152:updateComponents:4325584:5625
694470152:propagateValuesOnChangeOnly:4331792:12083
694470152:updateInputs:4344500:542
694470152:updateComponents:4345500:5834
694470152:propagateValuesOnChangeOnly:4351875:12209
694470152:updateInputs:4364709:625
694470152:updateComponents:4365875:5500
694470152:propagateValuesOnChangeOnly:4371959:11875
694470152:updateInputs:4403334:541
694470152:updateComponents:4404334:5750
694470152:propagateValuesOnChangeOnly:4410709:12958
694470152:updateInputs:4424292:500
694470152:updateComponents:4425292:5667
694470152:propagateValuesOnChangeOnly:4431625:12542
694470152:updateInputs:4444834:541
694470152:updateComponents:4445917:5708
694470152:propagateValuesOnChangeOnly:4452250:12250
694470152:updateInputs:4465167:500
694470152:updateComponents:4466167:5667
694470152:propagateValuesOnChangeOnly:4472459:11958
694470152:updateInputs:4485084:541
694470152:updateComponents:4486084:5583
694470152:propagateValuesOnChangeOnly:4492250:12000
694470152:updateInputs:4504875:584
694470152:updateComponents:4506000:5500
694470152:propagateValuesOnChangeOnly:4512084:11750
694470152:updateInputs:4544792:583
694470152:updateComponents:4545834:5750
694470152:propagateValuesOnChangeOnly:4552167:12542
694470152:updateInputs:4565417:500
694470152:updateComponents:4566417:5583
694470152:propagateValuesOnChangeOnly:4572584:12041
694470152:updateInputs:4585334:500
694470152:updateComponents:4586292:5500
694470152:propagateValuesOnChangeOnly:4592417:11833
694470152:updateInputs:4604834:500
694470152:updateComponents:4605917:5500
694470152:propagateValuesOnChangeOnly:4611959:13083
694470152:updateInputs:4625709:541
694470152:updateComponents:4626750:5459
694470152:propagateValuesOnChangeOnly:4632792:13250
694470152:updateInputs:4646667:625
694470152:updateComponents:4647792:5750
694470152:propagateValuesOnChangeOnly:4654292:11833
694470152:updateInputs:4684792:583
694470152:updateComponents:4685917:5750
694470152:propagateValuesOnChangeOnly:4692250:12959
694470152:updateInputs:4705917:542
694470152:updateComponents:4706959:5625
694470152:propagateValuesOnChangeOnly:4713209:12250
694470152:updateInputs:4726084:583
694470152:updateComponents:4727209:5458
694470152:propagateValuesOnChangeOnly:4733250:12250
694470152:updateInputs:4746125:542
694470152:updateComponents:4747209:5666
694470152:propagateValuesOnChangeOnly:4753500:11667
694470152:updateInputs:4765834:541
694470152:updateComponents:4766875:5584
694470152:propagateValuesOnChangeOnly:4773000:11542
694470152:updateInputs:4785167:583
694470152:updateComponents:4786209:5500
694470152:propagateValuesOnChangeOnly:4792209:11458
694470152:updateInputs:4822000:542
694470152:updateComponents:4823125:5750
694470152:propagateValuesOnChangeOnly:4829459:12500
694470152:updateInputs:4842667:583
694470152:updateComponents:4843750:5459
694470152:propagateValuesOnChangeOnly:4849834:12125
694470152:updateInputs:4862625:500
694470152:updateComponents:4863709:5500
694470152:propagateValuesOnChangeOnly:4869792:11875
694470152:updateInputs:4882292:542
694470152:updateComponents:4883292:5542
694470152:propagateValuesOnChangeOnly:4889375:11792
694470152:updateInputs:4901792:542
694470152:updateComponents:4902834:5625
694470152:propagateValuesOnChangeOnly:4909042:12167
694470152:updateInputs:4921875:625
694470152:updateComponents:4923000:5459
694470152:propagateValuesOnChangeOnly:4929042:11875
694470152:updateInputs:4959250:542
694470152:updateComponents:4960250:5709
694470152:propagateValuesOnChangeOnly:4966625:12709
694470152:updateInputs:4980042:542
694470152:updateComponents:4981125:5625
694470152:propagateValuesOnChangeOnly:4987334:12375
694470152:updateInputs:5000375:500
694470152:updateComponents:5001375:5542
694470152:propagateValuesOnChangeOnly:5007584:12000
694470152:updateInputs:5020209:500
694470152:updateComponents:5021334:5458
694470152:propagateValuesOnChangeOnly:5027375:12125
694470152:updateInputs:5040167:500
694470152:updateComponents:5041209:5500
694470152:propagateValuesOnChangeOnly:5047375:11625
694470152:updateInputs:5059584:625
694470152:updateComponents:5060750:5625
694470152:propagateValuesOnChangeOnly:5066959:11541
694470152:updateInputs:5096959:541
694470152:updateComponents:5098000:5709
694470152:propagateValuesOnChangeOnly:5104375:12667
694470152:updateInputs:5117625:542
694470152:updateComponents:5118667:5583
694470152:propagateValuesOnChangeOnly:5124875:12500
694470152:updateInputs:5137917:458
694470152:updateComponents:5138750:4709
694470152:propagateValuesOnChangeOnly:5143917:9750
694470152:updateInputs:5154167:417
694470152:updateComponents:5155042:4667
694470152:propagateValuesOnChangeOnly:5160167:10333
694470152:updateInputs:5170959:375
694470152:updateComponents:5171750:4750
694470152:propagateValuesOnChangeOnly:5176959:10583
694470152:updateInputs:5188084:500
694470152:updateComponents:5189042:4750
694470152:propagateValuesOnChangeOnly:5194292:9500
694470152:updateInputs:5218834:500
694470152:updateComponents:5219750:4667
694470152:propagateValuesOnChangeOnly:5224875:10459
694470152:updateInputs:5235875:417
694470152:updateComponents:5236750:4584
694470152:propagateValuesOnChangeOnly:5241750:9917
694470152:updateInputs:5318667:500
694470152:updateComponents:5319625:4875
694470152:propagateValuesOnChangeOnly:5324959:10375
694470152:updateInputs:5335917:458
694470152:updateComponents:5336792:4667
694470152:propagateValuesOnChangeOnly:5341959:9625
694470152:updateInputs:5352125:459
694470152:updateComponents:5352959:4708
694470152:propagateValuesOnChangeOnly:5358167:9583
694470152:updateInputs:5368334:500
694470152:updateComponents:5369209:4541
694470152:propagateValuesOnChangeOnly:5374292:9500
694470152:updateInputs:5400125:417
694470152:updateComponents:5401042:4667
694470152:propagateValuesOnChangeOnly:5406250:10292
694470152:updateInputs:5417084:458
694470152:updateComponents:5418000:4667
694470152:propagateValuesOnChangeOnly:5423125:9750
694470152:updateInputs:5433417:458
694470152:updateComponents:5434250:4542
694470152:propagateValuesOnChangeOnly:5439209:9708
694470152:updateInputs:5449459:458
694470152:updateComponents:5450334:4666
694470152:propagateValuesOnChangeOnly:5455542:9625
694470152:updateInputs:5465709:458
694470152:updateComponents:5466584:4500
694470152:propagateValuesOnChangeOnly:5471584:10125
694470152:updateInputs:5482250:459
694470152:updateComponents:5483167:4708
694470152:propagateValuesOnChangeOnly:5488334:9791
694470152:updateInputs:5513250:459
694470152:updateComponents:5514125:4709
694470152:propagateValuesOnChangeOnly:5519334:10750
694470152:updateInputs:5530584:458
694470152:updateComponents:5531459:4708
694470152:propagateValuesOnChangeOnly:5536667:10458
694470152:updateInputs:5547667:458
694470152:updateComponents:5548584:4583
694470152:propagateValuesOnChangeOnly:5553584:10291
694470152:updateInputs:5564417:458
694470152:updateComponents:5565250:4750
694470152:propagateValuesOnChangeOnly:5570500:10000
694470152:updateInputs:5581000:459
694470152:updateComponents:5581917:4708
694470152:propagateValuesOnChangeOnly:5587042:10042
694470152:updateInputs:5597542:500
694470152:updateComponents:5598417:4708
694470152:propagateValuesOnChangeOnly:5603709:9916
694470152:updateInputs:5628709:500
694470152:updateComponents:5629625:4667
694470152:propagateValuesOnChangeOnly:5634750:10584
694470152:updateInputs:5645917:458
694470152:updateComponents:5646750:4500
694470152:propagateValuesOnChangeOnly:5651709:9958
694470152:updateInputs:5662167:417
694470152:updateComponents:5663042:4500
694470152:propagateValuesOnChangeOnly:5668000:9959
694470152:updateInputs:5678417:458
694470152:updateComponents:5679334:4541
694470152:propagateValuesOnChangeOnly:5684375:11084
694470152:updateInputs:5695959:458
694470152:updateComponents:5696792:4625
694470152:propagateValuesOnChangeOnly:5701917:11333
694470152:updateInputs:5713750:459
694470152:updateComponents:5714625:4709
694470152:propagateValuesOnChangeOnly:5719792:10083
694470152:updateInputs:5744792:458
694470152:updateComponents:5745667:4542
694470152:propagateValuesOnChangeOnly:5750625:10875
694470152:updateInputs:5762084:416
694470152:updateComponents:5762917:4625
694470152:propagateValuesOnChangeOnly:5768042:9833
694470152:updateInputs:5778417:458
694470152:updateComponents:5779250:4542
694470152:propagateValuesOnChangeOnly:5784250:10125
694470152:updateInputs:5794875:500
694470152:updateComponents:5795917:4542
694470152:propagateValuesOnChangeOnly:5800917:9583
694470152:updateInputs:5811167:417
694470152:updateComponents:5812000:4625
694470152:propagateValuesOnChangeOnly:5817042:9500
694470152:updateInputs:5827084:458
694470152:updateComponents:5828000:4584
694470152:propagateValuesOnChangeOnly:5833042:9417
694470152:updateInputs:5857542:458
694470152:updateComponents:5858417:4708
694470152:propagateValuesOnChangeOnly:5863584:10375
694470152:updateInputs:5874500:459
694470152:updateComponents:5875417:4583
694470152:propagateValuesOnChangeOnly:5880542:9958
694470152:updateInputs:5891000:459
694470152:updateComponents:5891834:4666
694470152:propagateValuesOnChangeOnly:5897000:9625
694470152:updateInputs:5907209:416
694470152:updateComponents:5908042:4667
694470152:propagateValuesOnChangeOnly:5913209:9791
694470152:updateInputs:5923542:417
694470152:updateComponents:5924417:4667
694470152:propagateValuesOnChangeOnly:5929542:10083
694470152:updateInputs:5940167:458
694470152:updateComponents:5941042:4583
694470152:propagateValuesOnChangeOnly:5946042:9625
694470152:updateInputs:5970625:459
694470152:updateComponents:5971459:4750
694470152:propagateValuesOnChangeOnly:5976667:10500
694470152:updateInputs:5987667:458
694470152:updateComponents:5988584:4583
694470152:propagateValuesOnChangeOnly:5993709:10041
694470152:updateInputs:6004292:458
694470152:updateComponents:6005125:4667
694470152:propagateValuesOnChangeOnly:6010250:10000
694470152:updateInputs:6020792:458
694470152:updateComponents:6021625:4709
694470152:propagateValuesOnChangeOnly:6026834:9875
694470152:updateInputs:6037250:459
694470152:updateComponents:6038167:4667
694470152:propagateValuesOnChangeOnly:6043334:9708
694470152:updateInputs:6053542:500
694470152:updateComponents:6054417:4542
694470152:propagateValuesOnChangeOnly:6059417:9458
694470152:updateInputs:6084125:459
694470152:updateComponents:6085000:4709
694470152:propagateValuesOnChangeOnly:6090250:10334
694470152:updateInputs:6101125:459
694470152:updateComponents:6102042:4500
694470152:propagateValuesOnChangeOnly:6107084:9916
694470152:updateInputs:6117542:417
694470152:updateComponents:6118375:4625
694470152:propagateValuesOnChangeOnly:6123459:9708
694470152:updateInputs:6133709:458
694470152:updateComponents:6134584:4708
694470152:propagateValuesOnChangeOnly:6139792:10250
694470152:updateInputs:6150542:458
694470152:updateComponents:6151459:4666
694470152:propagateValuesOnChangeOnly:6156625:10584
694470152:updateInputs:6167709:458
694470152:updateComponents:6168584:4750
694470152:propagateValuesOnChangeOnly:6173750:9709
694470152:updateInputs:6198584:458
694470152:updateComponents:6199459:4666
694470152:propagateValuesOnChangeOnly:6204625:10417
694470152:updateInputs:6215542:458
694470152:updateComponents:6216417:4542
694470152:propagateValuesOnChangeOnly:6221459:10000
694470152:updateInputs:6231959:458
694470152:updateComponents:6232792:4667
694470152:propagateValuesOnChangeOnly:6237959:10083
694470152:updateInputs:6248625:417
694470152:updateComponents:6249500:4625
694470152:propagateValuesOnChangeOnly:6254667:9708
694470152:updateInputs:6264875:459
694470152:updateComponents:6265709:4625
694470152:propagateValuesOnChangeOnly:6270792:9458
694470152:updateInputs:6280750:500
694470152:updateComponents:6281667:4542
694470152:propagateValuesOnChangeOnly:6286667:9542
694470152:updateInputs:6311292:375
694470152:updateComponents:6312167:4667
694470152:propagateValuesOnChangeOnly:6317292:10250
694470152:updateInputs:6328084:458
694470152:updateComponents:6328959:4708
694470152:propagateValuesOnChangeOnly:6334125:9834
694470152:updateInputs:6344500:459
694470152:updateComponents:6345417:4667
694470152:propagateValuesOnChangeOnly:6350542:9833
694470152:updateInputs:6360917:542
694470152:updateComponents:6361834:4708
694470152:propagateValuesOnChangeOnly:6366959:9750
694470152:updateInputs:6377292:417
694470152:updateComponents:6378167:4667
694470152:propagateValuesOnChangeOnly:6386375:10209
694470152:updateInputs:6397084:500
694470152:updateComponents:6398042:4542
694470152:propagateValuesOnChangeOnly:6403125:9792
694470152:updateInputs:6428042:375
694470152:updateComponents:6428875:4750
694470152:propagateValuesOnChangeOnly:6434084:10750
694470152:updateInputs:6445334:416
694470152:updateComponents:6446209:4458
694470152:propagateValuesOnChangeOnly:6451209:10375
694470152:updateInputs:6462084:458
694470152:updateComponents:6462959:4666
694470152:propagateValuesOnChangeOnly:6468167:9958
694470152:updateInputs:6478667:542
694470152:updateComponents:6479584:4708
694470152:propagateValuesOnChangeOnly:6484750:9834
694470152:updateInputs:6495125:417
694470152:updateComponents:6495959:4458
694470152:propagateValuesOnChangeOnly:6500834:9833
694470152:updateInputs:6511209:500
694470152:updateComponents:6512125:4667
694470152:propagateValuesOnChangeOnly:6517292:9750
694470152:updateInputs:6542000:417
694470152:updateComponents:6542917:4667
694470152:propagateValuesOnChangeOnly:6548042:10250
694470152:updateInputs:6558875:459
694470152:updateComponents:6559750:4542
694470152:propagateValuesOnChangeOnly:6564709:9916
694470152:updateInputs:6575209:416
694470152:updateComponents:6576084:4666
694470152:propagateValuesOnChangeOnly:6581209:9875
694470152:updateInputs:6591584:458
694470152:updateComponents:6592500:4709
694470152:propagateValuesOnChangeOnly:6597667:10708
694470152:updateInputs:6608917:417
694470152:updateComponents:6609834:4708
694470152:propagateValuesOnChangeOnly:6615042:11000
694470152:updateInputs:6626542:500
694470152:updateComponents:6627500:4542
694470152:propagateValuesOnChangeOnly:6632542:9833
694470152:updateInputs:6657542:417
694470152:updateComponents:6658334:4708
694470152:propagateValuesOnChangeOnly:6663584:10750
694470152:updateInputs:6674875:459
694470152:updateComponents:6675709:4583
694470152:propagateValuesOnChangeOnly:6680750:9875
694470152:updateInputs:6691125:417
694470152:updateComponents:6691959:4666
694470152:propagateValuesOnChangeOnly:6697084:9958
694470152:updateInputs:6707625:459
694470152:updateComponents:6708459:4625
694470152:propagateValuesOnChangeOnly:6713625:9750
694470152:updateInputs:6723875:459
694470152:updateComponents:6724792:4542
694470152:propagateValuesOnChangeOnly:6729792:9458
694470152:updateInputs:6739750:459
694470152:updateComponents:6740625:4709
694470152:propagateValuesOnChangeOnly:6745834:9416
694470152:updateInputs:6770250:459
694470152:updateComponents:6771167:4708
694470152:propagateValuesOnChangeOnly:6776375:10167
694470152:updateInputs:6787125:417
694470152:updateComponents:6788000:4584
694470152:propagateValuesOnChangeOnly:6793042:9792
694470152:updateInputs:6803375:417
694470152:updateComponents:6804167:4542
694470152:propagateValuesOnChangeOnly:6809167:9792
694470152:updateInputs:6819500:417
694470152:updateComponents:6820334:4625
694470152:propagateValuesOnChangeOnly:6825417:9792
694470152:updateInputs:6835709:416
694470152:updateComponents:6836584:4625
694470152:propagateValuesOnChangeOnly:6841750:10042
694470152:updateInputs:6852334:500
694470152:updateComponents:6853209:4666
694470152:propagateValuesOnChangeOnly:6858417:9792
694470152:updateInputs:6883167:458
694470152:updateComponents:6884084:4666
694470152:propagateValuesOnChangeOnly:6889250:10417
694470152:updateInputs:6900167:458
694470152:updateComponents:6901042:4667
694470152:propagateValuesOnChangeOnly:6906167:10208
694470152:updateInputs:6916917:458
694470152:updateComponents:6917834:4750
694470152:propagateValuesOnChangeOnly:6923042:9833
694470152:updateInputs:6933375:459
694470152:updateComponents:6934209:4791
694470152:propagateValuesOnChangeOnly:6939459:9916
694470152:updateInputs:6949959:458
694470152:updateComponents:6950792:4542
694470152:propagateValuesOnChangeOnly:6955834:9708
694470152:updateInputs:6966000:500
694470152:updateComponents:6966959:4750
694470152:propagateValuesOnChangeOnly:6972167:9625
694470152:updateInputs:6996875:375
694470152:updateComponents:6997709:4750
694470152:propagateValuesOnChangeOnly:7002917:10417
694470152:updateInputs:7013834:458
694470152:updateComponents:7014709:4625
694470152:propagateValuesOnChangeOnly:7019875:9959
694470152:updateInputs:7030334:458
694470152:updateComponents:7031209:4625
694470152:propagateValuesOnChangeOnly:7036334:9791
694470152:updateInputs:7046667:458
694470152:updateComponents:7047500:4667
694470152:propagateValuesOnChangeOnly:7052667:10333
694470152:updateInputs:7063459:416
694470152:updateComponents:7064334:4500
694470152:propagateValuesOnChangeOnly:7069375:10625
694470152:updateInputs:7080459:500
694470152:updateComponents:7081417:4750
694470152:propagateValuesOnChangeOnly:7086667:9667
694470152:updateInputs:7112709:458
694470152:updateComponents:7113625:4709
694470152:propagateValuesOnChangeOnly:7118834:10666
694470152:updateInputs:7130042:458
694470152:updateComponents:7130917:4667
694470152:propagateValuesOnChangeOnly:7136042:9958
694470152:updateInputs:7146542:417
694470152:updateComponents:7147375:4709
694470152:propagateValuesOnChangeOnly:7152542:10125
694470152:updateInputs:7163292:417
694470152:updateComponents:7164125:4625
694470152:propagateValuesOnChangeOnly:7169209:9666
694470152:updateInputs:7179417:417
694470152:updateComponents:7180292:4583
694470152:propagateValuesOnChangeOnly:7185334:9583
694470152:updateInputs:7195417:458
694470152:updateComponents:7196334:4750
694470152:propagateValuesOnChangeOnly:7201625:9584
694470152:updateInputs:7226209:375
694470152:updateComponents:7227000:4750
694470152:propagateValuesOnChangeOnly:7232250:10417
694470152:updateInputs:7243209:458
694470152:updateComponents:7244042:4625
694470152:propagateValuesOnChangeOnly:7249084:9916
694470152:updateInputs:7259500:417
694470152:updateComponents:7260334:4625
694470152:propagateValuesOnChangeOnly:7265417:9625
694470152:updateInputs:7275625:417
694470152:updateComponents:7276500:4709
694470152:propagateValuesOnChangeOnly:7281667:9750
694470152:updateInputs:7291959:416
694470152:updateComponents:7292834:4750
694470152:propagateValuesOnChangeOnly:7298042:10042
694470152:updateInputs:7308667:500
694470152:updateComponents:7309625:4459
694470152:propagateValuesOnChangeOnly:7314584:9750
694470152:updateInputs:7339209:416
694470152:updateComponents:7340042:4708
694470152:propagateValuesOnChangeOnly:7345250:13750
694470152:updateInputs:7359542:458
694470152:updateComponents:7360375:4709
694470152:propagateValuesOnChangeOnly:7365542:10542
694470152:updateInputs:7376625:459
694470152:updateComponents:7377500:4667
694470152:propagateValuesOnChangeOnly:7382625:10250
694470152:updateInputs:7393417:458
694470152:updateComponents:7394250:4625
694470152:propagateValuesOnChangeOnly:7399375:9917
694470152:updateInputs:7409834:458
694470152:updateComponents:7410709:4666
694470152:propagateValuesOnChangeOnly:7415834:9916
694470152:updateInputs:7426334:458
694470152:updateComponents:7427167:4708
694470152:propagateValuesOnChangeOnly:7432334:9791
694470152:updateInputs:7457167:458
694470152:updateComponents:7458084:4750
694470152:propagateValuesOnChangeOnly:7463334:10500
694470152:updateInputs:7474459:416
694470152:updateComponents:7475292:4625
694470152:propagateValuesOnChangeOnly:7480417:9917
694470152:updateInputs:7490834:416
694470152:updateComponents:7491625:4459
694470152:propagateValuesOnChangeOnly:7496584:9916
694470152:updateInputs:7507000:417
694470152:updateComponents:7507875:4750
694470152:propagateValuesOnChangeOnly:7513084:11083
694470152:updateInputs:7524709:458
694470152:updateComponents:7525584:4500
694470152:propagateValuesOnChangeOnly:7530584:10708
694470152:updateInputs:7541834:500
694470152:updateComponents:7542750:4709
694470152:propagateValuesOnChangeOnly:7547959:10000
694470152:updateInputs:7572875:459
694470152:updateComponents:7573750:4625
694470152:propagateValuesOnChangeOnly:7578875:10917
694470152:updateInputs:7590375:417
694470152:updateComponents:7591250:4584
694470152:propagateValuesOnChangeOnly:7596334:9958
694470152:updateInputs:7606792:417
694470152:updateComponents:7607667:4625
694470152:propagateValuesOnChangeOnly:7612834:10041
694470152:updateInputs:7623459:416
694470152:updateComponents:7624334:4666
694470152:propagateValuesOnChangeOnly:7629500:9750
694470152:updateInputs:7639792:458
694470152:updateComponents:7640709:4666
694470152:propagateValuesOnChangeOnly:7645834:9500
694470152:updateInputs:7655875:500
694470152:updateComponents:7656750:4584
694470152:propagateValuesOnChangeOnly:7661792:9458
694470152:updateInputs:7686417:458
694470152:updateComponents:7687334:4666
694470152:propagateValuesOnChangeOnly:7692500:10417
694470152:updateInputs:7703375:459
694470152:updateComponents:7704292:4667
694470152:propagateValuesOnChangeOnly:7709375:10042
694470152:updateInputs:7719959:416
694470152:updateComponents:7720834:4583
694470152:propagateValuesOnChangeOnly:7725959:9708
694470152:updateInputs:7736250:417
694470152:updateComponents:7737042:4667
694470152:propagateValuesOnChangeOnly:7742167:9708
694470152:updateInputs:7752417:417
694470152:updateComponents:7753292:4667
694470152:propagateValuesOnChangeOnly:7758459:10083
694470152:updateInputs:7769167:500
694470152:updateComponents:7770042:4542
694470152:propagateValuesOnChangeOnly:7775084:9875
694470152:updateInputs:7799917:458
694470152:updateComponents:7800792:4667
694470152:propagateValuesOnChangeOnly:7806000:10459
694470152:updateInputs:7817000:459
694470152:updateComponents:7817875:4667
694470152:propagateValuesOnChangeOnly:7823000:10084
694470152:updateInputs:7833584:458
694470152:updateComponents:7834459:4541
694470152:propagateValuesOnChangeOnly:7839500:9834
694470152:updateInputs:7849792:458
694470152:updateComponents:7850667:4625
694470152:propagateValuesOnChangeOnly:7855792:9833
694470152:updateInputs:7866292:417
694470152:updateComponents:7867125:4542
694470152:propagateValuesOnChangeOnly:7872167:9708
694470152:updateInputs:7882417:458
694470152:updateComponents:7883334:4625
694470152:propagateValuesOnChangeOnly:7888417:9500
694470152:updateInputs:7912917:417
694470152:updateComponents:7913792:4667
694470152:propagateValuesOnChangeOnly:7918917:10417
694470152:updateInputs:7929834:458
694470152:updateComponents:7930750:4625
694470152:propagateValuesOnChangeOnly:7935834:10000
694470152:updateInputs:7946417:500
694470152:updateComponents:7947292:4625
694470152:propagateValuesOnChangeOnly:7952459:9791
694470152:updateInputs:7962750:417
694470152:updateComponents:7963625:4625
694470152:propagateValuesOnChangeOnly:7968709:10208
694470152:updateInputs:7979417:458
694470152:updateComponents:7980250:4459
694470152:propagateValuesOnChangeOnly:7985209:10583
694470152:updateInputs:7996375:500
694470152:updateComponents:7997250:4709
694470152:propagateValuesOnChangeOnly:8002459:9708
694470152:updateInputs:8027209:458
694470152:updateComponents:8028125:4709
694470152:propagateValuesOnChangeOnly:8033334:10416
694470152:updateInputs:8044334:458
694470152:updateComponents:8045209:4500
694470152:propagateValuesOnChangeOnly:8050167:9875
694470152:updateInputs:8060584:416
694470152:updateComponents:8061375:4542
694470152:propagateValuesOnChangeOnly:8066417:10167
694470152:updateInputs:8077167:458
694470152:updateComponents:8078084:4708
694470152:propagateValuesOnChangeOnly:8083334:9666
694470152:updateInputs:8093500:417
694470152:updateComponents:8094375:4709
694470152:propagateValuesOnChangeOnly:8099584:9458
694470152:updateInputs:8109625:459
694470152:updateComponents:8110500:4625
694470152:propagateValuesOnChangeOnly:8115625:9417
694470152:updateInputs:8140167:417
694470152:updateComponents:8141084:4708
694470152:propagateValuesOnChangeOnly:8146292:10333
694470152:updateInputs:8157125:459
694470152:updateComponents:8158000:4625
694470152:propagateValuesOnChangeOnly:8163084:9958
694470152:updateInputs:8173542:458
694470152:updateComponents:8174417:4583
694470152:propagateValuesOnChangeOnly:8179542:9708
694470152:updateInputs:8189792:458
694470152:updateComponents:8190709:4583
694470152:propagateValuesOnChangeOnly:8195792:9667
694470152:updateInputs:8206000:459
694470152:updateComponents:8206834:4666
694470152:propagateValuesOnChangeOnly:8212000:10000
694470152:updateInputs:8222542:458
694470152:updateComponents:8223459:4500
694470152:propagateValuesOnChangeOnly:8228459:9833
694470152:updateInputs:8253250:459
694470152:updateComponents:8254125:4667
694470152:propagateValuesOnChangeOnly:8259334:10625
694470152:updateInputs:8270500:459
694470152:updateComponents:8271375:4709
694470152:propagateValuesOnChangeOnly:8276625:10292
694470152:updateInputs:8287459:458
694470152:updateComponents:8288334:4708
694470152:propagateValuesOnChangeOnly:8293500:10042
694470152:updateInputs:8304125:459
694470152:updateComponents:8305042:4583
694470152:propagateValuesOnChangeOnly:8310125:9750
694470152:updateInputs:8320459:458
694470152:updateComponents:8321250:4667
694470152:propagateValuesOnChangeOnly:8326375:9834
694470152:updateInputs:8336709:500
694470152:updateComponents:8337584:4625
694470152:propagateValuesOnChangeOnly:8342667:9625
694470152:updateInputs:8367292:500
694470152:updateComponents:8368167:4792
694470152:propagateValuesOnChangeOnly:8373459:10375
694470152:updateInputs:8384334:458
694470152:updateComponents:8385209:4583
694470152:propagateValuesOnChangeOnly:8390250:10000
694470152:updateInputs:8400792:417
694470152:updateComponents:8401625:4625
694470152:propagateValuesOnChangeOnly:8406667:9750
694470152:updateInputs:8416959:416
694470152:updateComponents:8417792:4667
694470152:propagateValuesOnChangeOnly:8422959:10708
694470152:updateInputs:8434209:458
694470152:updateComponents:8435042:4542
694470152:propagateValuesOnChangeOnly:8440000:11000
694470152:updateInputs:8451542:500
694470152:updateComponents:8452417:4708
694470152:propagateValuesOnChangeOnly:8457625:9709
694470152:updateInputs:8482209:458
694470152:updateComponents:8483167:4625
694470152:propagateValuesOnChangeOnly:8488334:10708
694470152:updateInputs:8499584:458
694470152:updateComponents:8500459:4708
694470152:propagateValuesOnChangeOnly:8505667:9833
694470152:updateInputs:8516125:459
694470152:updateComponents:8516959:4666
694470152:propagateValuesOnChangeOnly:8522167:10000
694470152:updateInputs:8532709:416
694470152:updateComponents:8533542:4583
694470152:propagateValuesOnChangeOnly:8538625:9709
694470152:updateInputs:8548875:459
694470152:updateComponents:8549709:4583
694470152:propagateValuesOnChangeOnly:8659292:10125
694470152:updateInputs:8670042:500
694470152:updateComponents:8671000:4792
694470152:propagateValuesOnChangeOnly:8676292:9458
694470152:updateInputs:8701334:458
694470152:updateComponents:8702292:4500
694470152:propagateValuesOnChangeOnly:8707250:10334
694470152:updateInputs:8718167:417
694470152:updateComponents:8719000:4709
694470152:propagateValuesOnChangeOnly:8724167:9958
694470152:updateInputs:8734709:458
694470152:updateComponents:8735584:4666
694470152:propagateValuesOnChangeOnly:8740792:9792
694470152:updateInputs:8751125:417
694470152:updateComponents:8751917:4500
694470152:propagateValuesOnChangeOnly:8756917:9750
694470152:updateInputs:8767250:417
694470152:updateComponents:8768084:4583
694470152:propagateValuesOnChangeOnly:8773125:10125
694470152:updateInputs:8783875:500
694470152:updateComponents:8784750:4667
694470152:propagateValuesOnChangeOnly:8789875:9667
694470152:updateInputs:8814500:459
694470152:updateComponents:8815417:4708
694470152:propagateValuesOnChangeOnly:8820625:10625
694470152:updateInputs:8831792:458
694470152:updateComponents:8832625:4667
694470152:propagateValuesOnChangeOnly:8837792:10125
694470152:updateInputs:8848417:458
694470152:updateComponents:8849292:4625
694470152:propagateValuesOnChangeOnly:8854375:9917
694470152:updateInputs:8864750:417
694470152:updateComponents:8865625:4709
694470152:propagateValuesOnChangeOnly:8870834:9875
694470152:updateInputs:8881209:458
694470152:updateComponents:8882042:4542
694470152:propagateValuesOnChangeOnly:8887042:9625
694470152:updateInputs:8897167:500
694470152:updateComponents:8898042:4708
694470152:propagateValuesOnChangeOnly:8903292:9458
694470152:updateInputs:8927834:416
694470152:updateComponents:8928709:4666
694470152:propagateValuesOnChangeOnly:8933834:10458
694470152:updateInputs:8944875:459
694470152:updateComponents:8945709:4666
694470152:propagateValuesOnChangeOnly:8950917:9875
694470152:updateInputs:8961417:458
694470152:updateComponents:8983625:4709
694470152:propagateValuesOnChangeOnly:8988834:10083
694470152:updateInputs:8999459:416
694470152:updateComponents:9000292:4583
694470152:propagateValuesOnChangeOnly:9005334:10375
694470152:updateInputs:9016250:417
694470152:updateComponents:9017084:4583
694470152:propagateValuesOnChangeOnly:9022125:10584
694470152:updateInputs:9033250:500
694470152:updateComponents:9034125:4667
694470152:propagateValuesOnChangeOnly:9039209:9666
694470152:updateInputs:9064000:375
694470152:updateComponents:9064834:4666
694470152:propagateValuesOnChangeOnly:9070042:10542
694470152:updateInputs:9081084:416
694470152:updateComponents:9081917:4625
694470152:propagateValuesOnChangeOnly:9086959:10000
694470152:updateInputs:9097459:458
694470152:updateComponents:9098334:4500
694470152:propagateValuesOnChangeOnly:9103334:10083
694470152:updateInputs:9114042:417
694470152:updateComponents:9114875:4709
694470152:propagateValuesOnChangeOnly:9120042:9667
694470152:updateInputs:9130209:458
694470152:updateComponents:9131084:4666
694470152:propagateValuesOnChangeOnly:9136167:9458
694470152:updateInputs:9146167:500
694470152:updateComponents:9147042:4625
694470152:propagateValuesOnChangeOnly:9152125:9500
694470152:updateInputs:9176667:458
694470152:updateComponents:9177625:4667
694470152:propagateValuesOnChangeOnly:9182792:10250
694470152:updateInputs:9193625:459
694470152:updateComponents:9194459:4666
694470152:propagateValuesOnChangeOnly:9199584:9916
694470152:updateInputs:9210042:458
694470152:updateComponents:9210875:4667
694470152:propagateValuesOnChangeOnly:9216084:9708
694470152:updateInputs:9226292:458
694470152:updateComponents:9227125:4667
694470152:propagateValuesOnChangeOnly:9232250:9709
694470152:updateInputs:9242500:417
694470152:updateComponents:9243334:4666
694470152:propagateValuesOnChangeOnly:9248542:10000
694470152:updateInputs:9259084:500
694470152:updateComponents:9260042:4625
694470152:propagateValuesOnChangeOnly:9265167:9708
694470152:updateInputs:9289792:458
694470152:updateComponents:9290750:4667
694470152:propagateValuesOnChangeOnly:9295959:10750
694470152:updateInputs:9307292:458
694470152:updateComponents:9308167:4542
694470152:propagateValuesOnChangeOnly:9313167:10500
694470152:updateInputs:9324250:417
694470152:updateComponents:9325042:4667
694470152:propagateValuesOnChangeOnly:9330167:10250
694470152:updateInputs:9340917:458
694470152:updateComponents:9341834:4708
694470152:propagateValuesOnChangeOnly:9346959:9916
694470152:updateInputs:9357417:458
694470152:updateComponents:9358250:4667
694470152:propagateValuesOnChangeOnly:9363459:9791
694470152:updateInputs:9373792:500
694470152:updateComponents:9374709:4666
694470152:propagateValuesOnChangeOnly:9379875:9834
694470152:updateInputs:9404709:458
694470152:updateComponents:9405667:4708
694470152:propagateValuesOnChangeOnly:9410875:10500
694470152:updateInputs:9421959:458
694470152:updateComponents:9422834:4541
694470152:propagateValuesOnChangeOnly:9427834:9875
694470152:updateInputs:9438250:459
694470152:updateComponents:9439167:4667
694470152:propagateValuesOnChangeOnly:9444375:9792
694470152:updateInputs:9454667:458
694470152:updateComponents:9455542:4458
694470152:propagateValuesOnChangeOnly:9460459:11166
694470152:updateInputs:9472167:458
694470152:updateComponents:9473042:4667
694470152:propagateValuesOnChangeOnly:9478167:11208
694470152:updateInputs:9489917:458
694470152:updateComponents:9490750:4459
694470152:propagateValuesOnChangeOnly:9495667:10083
694470152:updateInputs:9520792:458
694470152:updateComponents:9521625:4750
694470152:propagateValuesOnChangeOnly:9526875:10834
694470152:updateInputs:9538250:500
694470152:updateComponents:9539125:4709
694470152:propagateValuesOnChangeOnly:9544334:10041
694470152:updateInputs:9554875:417
694470152:updateComponents:9555750:4750
694470152:propagateValuesOnChangeOnly:9560959:9833
694470152:updateInputs:9571334:416
694470152:updateComponents:9572209:4666
694470152:propagateValuesOnChangeOnly:9577417:9542
694470152:updateInputs:9587459:458
694470152:updateComponents:9588334:4666
694470152:propagateValuesOnChangeOnly:9593459:9500
694470152:updateInputs:9603459:500
694470152:updateComponents:9604375:4500
694470152:propagateValuesOnChangeOnly:9609375:9542
694470152:updateInputs:9633875:459
694470152:updateComponents:9634750:4667
694470152:propagateValuesOnChangeOnly:9639917:10250
694470152:updateInputs:9650709:416
694470152:updateComponents:9651584:4458
694470152:propagateValuesOnChangeOnly:9656500:9959
694470152:updateInputs:9667000:500
694470152:updateComponents:9667875:4459
694470152:propagateValuesOnChangeOnly:9672834:9750
694470152:updateInputs:9683125:417
694470152:updateComponents:9683917:4500
694470152:propagateValuesOnChangeOnly:9688875:9792
694470152:updateInputs:9699209:416
694470152:updateComponents:9700084:4666
694470152:propagateValuesOnChangeOnly:9705209:10041
694470152:updateInputs:9715875:500
694470152:updateComponents:9716750:4709
694470152:propagateValuesOnChangeOnly:9721875:9750
694470152:updateInputs:9746584:458
694470152:updateComponents:9747417:4625
694470152:propagateValuesOnChangeOnly:9752500:10500
694470152:updateInputs:9763500:459
694470152:updateComponents:9764375:4625
694470152:propagateValuesOnChangeOnly:9769500:10084
694470152:updateInputs:9780084:458
694470152:updateComponents:9781000:4584
694470152:propagateValuesOnChangeOnly:9786125:9917
694470152:updateInputs:9796542:417
694470152:updateComponents:9797334:4583
694470152:propagateValuesOnChangeOnly:9802417:9917
694470152:updateInputs:9812917:458
694470152:updateComponents:9813750:4667
694470152:propagateValuesOnChangeOnly:9818959:9750
694470152:updateInputs:9829209:458
694470152:updateComponents:9830125:4500
694470152:propagateValuesOnChangeOnly:9835125:9459
694470152:updateInputs:9859625:459
694470152:updateComponents:9860542:4625
694470152:propagateValuesOnChangeOnly:9865667:10292
694470152:updateInputs:9876500:459
694470152:updateComponents:9877375:4542
694470152:propagateValuesOnChangeOnly:9882417:10083
694470152:updateInputs:9893042:458
694470152:updateComponents:9893959:4625
694470152:propagateValuesOnChangeOnly:9899042:9792
694470152:updateInputs:9909375:417
694470152:updateComponents:9910167:4667
694470152:propagateValuesOnChangeOnly:9915334:10291
694470152:updateInputs:9926209:458
694470152:updateComponents:9927084:4500
694470152:propagateValuesOnChangeOnly:9932042:10542
694470152:updateInputs:9943125:459
694470152:updateComponents:9944000:4500
694470152:propagateValuesOnChangeOnly:9948959:9583
694470152:updateInputs:9973500:417
694470152:updateComponents:9974375:4709
694470152:propagateValuesOnChangeOnly:9979584:10541
694470152:updateInputs:9990667:458
694470152:updateComponents:9991584:4750
694470152:propagateValuesOnChangeOnly:9996834:9916
694470152:updateInputs:10007292:458
694470152:updateComponents:10008125:4667
694470152:propagateValuesOnChangeOnly:10013334:10000
694470152:updateInputs:10023917:458
694470152:updateComponents:10024834:4500
694470152:propagateValuesOnChangeOnly:10029792:9708
694470152:updateInputs:10040084:416
694470152:updateComponents:10040875:4750
694470152:propagateValuesOnChangeOnly:10046125:9375
694470152:updateInputs:10056042:458
694470152:updateComponents:10056959:4583
694470152:propagateValuesOnChangeOnly:10062000:9417
694470152:updateInputs:10086334:458
694470152:updateComponents:10087167:4708
694470152:propagateValuesOnChangeOnly:10092417:10250
694470152:updateInputs:10103250:417
694470152:updateComponents:10104084:4625
694470152:propagateValuesOnChangeOnly:10109167:9833
694470152:updateInputs:10119500:459
694470152:updateComponents:10120375:4584
694470152:propagateValuesOnChangeOnly:10125417:9833
694470152:updateInputs:10135709:458
694470152:updateComponents:10136584:4458
694470152:propagateValuesOnChangeOnly:10141542:9792
694470152:updateInputs:10151917:458
694470152:updateComponents:10152750:4667
694470152:propagateValuesOnChangeOnly:10157959:9958
694470152:updateInputs:10168417:500
694470152:updateComponents:10169250:4625
694470152:propagateValuesOnChangeOnly:10174417:9708
694470152:updateInputs:10199084:458
694470152:updateComponents:10200042:4750
694470152:propagateValuesOnChangeOnly:10205292:10708
694470152:updateInputs:10216500:459
694470152:updateComponents:10217375:4667
694470152:propagateValuesOnChangeOnly:10222584:10291
694470152:updateInputs:10233459:458
694470152:updateComponents:10234292:4708
694470152:propagateValuesOnChangeOnly:10239500:10084
694470152:updateInputs:10250084:458
694470152:updateComponents:10251000:4709
694470152:propagateValuesOnChangeOnly:10256209:9833
694470152:updateInputs:10266584:416
694470152:updateComponents:10267417:4667
694470152:propagateValuesOnChangeOnly:10272500:9792
694470152:updateInputs:10282834:500
694470152:updateComponents:10283750:4625
694470152:propagateValuesOnChangeOnly:10288875:9500
694470152:updateInputs:10313500:459
694470152:updateComponents:10314334:4666
694470152:propagateValuesOnChangeOnly:10319500:10375
694470152:updateInputs:10330375:459
694470152:updateComponents:10331250:4667
694470152:propagateValuesOnChangeOnly:10336417:10000
694470152:updateInputs:10346959:458
694470152:updateComponents:10347792:4708
694470152:propagateValuesOnChangeOnly:10353000:9792
694470152:updateInputs:10363375:417
694470152:updateComponents:10364209:4666
694470152:propagateValuesOnChangeOnly:10369375:10792
694470152:updateInputs:10380709:458
694470152:updateComponents:10381542:4708
694470152:propagateValuesOnChangeOnly:10386750:10875
694470152:updateInputs:10398167:500
694470152:updateComponents:10399042:4708
694470152:propagateValuesOnChangeOnly:10404209:9791
694470152:updateInputs:10428750:459
694470152:updateComponents:10429625:4709
694470152:propagateValuesOnChangeOnly:10434792:10708
694470152:updateInputs:10446042:458
694470152:updateComponents:10446917:4708
694470152:propagateValuesOnChangeOnly:10452084:10000
694470152:updateInputs:10462625:417
694470152:updateComponents:10463459:4625
694470152:propagateValuesOnChangeOnly:10468584:9958
694470152:updateInputs:10479084:458
694470152:updateComponents:10479959:4625
694470152:propagateValuesOnChangeOnly:10485084:9666
694470152:updateInputs:10495250:459
694470152:updateComponents:10496125:4667
694470152:propagateValuesOnChangeOnly:10501250:9667
694470152:updateInputs:10511375:500
694470152:updateComponents:10512250:4500
694470152:propagateValuesOnChangeOnly:10517209:9416
694470152:updateInputs:10541500:459
694470152:updateComponents:10542334:4708
694470152:propagateValuesOnChangeOnly:10547542:10333
694470152:updateInputs:10558459:416
694470152:updateComponents:10559292:4625
694470152:propagateValuesOnChangeOnly:10564417:9875
694470152:updateInputs:10574792:417
694470152:updateComponents:10575584:4541
694470152:propagateValuesOnChangeOnly:10580625:9792
694470152:updateInputs:10590959:458
694470152:updateComponents:10591834:4583
694470152:propagateValuesOnChangeOnly:10596875:9917
694470152:updateInputs:10607292:500
694470152:updateComponents:10608209:4708
694470152:propagateValuesOnChangeOnly:10613334:9958
694470152:updateInputs:10623834:500
694470152:updateComponents:10624750:4709
694470152:propagateValuesOnChangeOnly:10629917:9875
694470152:updateInputs:10654917:375
694470152:updateComponents:10655792:4708
694470152:propagateValuesOnChangeOnly:10661042:10542
694470152:updateInputs:10672125:459
694470152:updateComponents:10673000:4792
694470152:propagateValuesOnChangeOnly:10678250:10125
694470152:updateInputs:10688875:459
694470152:updateComponents:10689792:4667
694470152:propagateValuesOnChangeOnly:10694959:9791
694470152:updateInputs:10705250:459
694470152:updateComponents:10706167:4708
694470152:propagateValuesOnChangeOnly:10711334:9791
694470152:updateInputs:10721667:500
694470152:updateComponents:10722542:4667
694470152:propagateValuesOnChangeOnly:10727625:9667
694470152:updateInputs:10737875:500
694470152:updateComponents:10738792:4708
694470152:propagateValuesOnChangeOnly:10744042:9542
694470152:updateInputs:10768584:458
694470152:updateComponents:10769459:4666
694470152:propagateValuesOnChangeOnly:10774625:10084
694470152:updateInputs:10785292:458
694470152:updateComponents:10786209:4500
694470152:propagateValuesOnChangeOnly:10791209:9916
694470152:updateInputs:10801625:417
694470152:updateComponents:10802459:4583
694470152:propagateValuesOnChangeOnly:10807500:9917
694470152:updateInputs:10817959:416
694470152:updateComponents:10818834:4708
694470152:propagateValuesOnChangeOnly:10824000:10167
694470152:updateInputs:10834667:458
694470152:updateComponents:10837875:4542
694470152:propagateValuesOnChangeOnly:10842875:10500
694470152:updateInputs:10853875:500
694470152:updateComponents:10854792:4708
694470152:propagateValuesOnChangeOnly:10859959:9708
694470152:updateInputs:10884834:458
694470152:updateComponents:10885709:4625
694470152:propagateValuesOnChangeOnly:10890792:10542
694470152:updateInputs:10901875:417
694470152:updateComponents:10902709:4541
694470152:propagateValuesOnChangeOnly:10907750:9917
694470152:updateInputs:10918209:458
694470152:updateComponents:10919125:4667
694470152:propagateValuesOnChangeOnly:10924250:10042
694470152:updateInputs:10934834:458
694470152:updateComponents:10935709:4500
694470152:propagateValuesOnChangeOnly:10940709:9750
694470152:updateInputs:10951000:417
694470152:updateComponents:10951834:4458
694470152:propagateValuesOnChangeOnly:10956834:9583
694470152:updateInputs:10966917:542
694470152:updateComponents:10967875:4667
694470152:propagateValuesOnChangeOnly:10973042:9500
694470152:updateInputs:10997542:458
694470152:updateComponents:10998459:4666
694470152:propagateValuesOnChangeOnly:11003667:10292
694470152:updateInputs:11014542:458
694470152:updateComponents:11015417:4625
694470152:propagateValuesOnChangeOnly:11020500:10000
694470152:updateInputs:11031000:417
694470152:updateComponents:11031917:4708
694470152:propagateValuesOnChangeOnly:11037042:9625
694470152:updateInputs:11047250:459
694470152:updateComponents:11048125:4667
694470152:propagateValuesOnChangeOnly:11053250:9709
694470152:updateInputs:11063500:459
694470152:updateComponents:11064375:4709
694470152:propagateValuesOnChangeOnly:11069584:9916
694470152:updateInputs:11080084:500
694470152:updateComponents:11080959:4666
694470152:propagateValuesOnChangeOnly:11086125:9667
694470152:updateInputs:11110709:458
694470152:updateComponents:11111625:4709
694470152:propagateValuesOnChangeOnly:11116792:10583
694470152:updateInputs:11127959:458
694470152:updateComponents:11128792:4708
694470152:propagateValuesOnChangeOnly:11133917:10458
694470152:updateInputs:11144875:417
694470152:updateComponents:11145709:4625
694470152:propagateValuesOnChangeOnly:11150834:10250
694470152:updateInputs:11161667:417
694470152:updateComponents:11162459:4708
694470152:propagateValuesOnChangeOnly:11167667:9958
694470152:updateInputs:11178209:416
694470152:updateComponents:11179000:4709
694470152:propagateValuesOnChangeOnly:11184167:9750
694470152:updateInputs:11194459:500
694470152:updateComponents:11195375:4625
694470152:propagateValuesOnChangeOnly:11200500:9834
694470152:updateInputs:11225459:458
694470152:updateComponents:11226375:4709
694470152:propagateValuesOnChangeOnly:11231584:10500
694470152:updateInputs:11242625:459
694470152:updateComponents:11243500:4500
694470152:propagateValuesOnChangeOnly:11248459:9958
694470152:updateInputs:11258917:417
694470152:updateComponents:11259709:4541
694470152:propagateValuesOnChangeOnly:11264750:10084
694470152:updateInputs:11275334:458
694470152:updateComponents:11276250:4500
694470152:propagateValuesOnChangeOnly:11281209:11125
694470152:updateInputs:11292750:417
694470152:updateComponents:11293542:4667
694470152:propagateValuesOnChangeOnly:11298709:10791
694470152:updateInputs:11310084:500
694470152:updateComponents:11311000:4625
694470152:propagateValuesOnChangeOnly:11316125:9959
694470152:updateInputs:11341042:458
694470152:updateComponents:11341917:4708
694470152:propagateValuesOnChangeOnly:11347125:10667
694470152:updateInputs:11358292:458
694470152:updateComponents:11359209:4583
694470152:propagateValuesOnChangeOnly:11364250:9917
694470152:updateInputs:11374709:458
694470152:updateComponents:11375542:4458
694470152:propagateValuesOnChangeOnly:11380500:10084
694470152:updateInputs:11391084:458
694470152:updateComponents:11391959:4583
694470152:propagateValuesOnChangeOnly:11397000:9750
694470152:updateInputs:11407292:458
694470152:updateComponents:11408209:4625
694470152:propagateValuesOnChangeOnly:11413375:9334
694470152:updateInputs:11423209:500
694470152:updateComponents:11424084:4625
694470152:propagateValuesOnChangeOnly:11429167:9542
694470152:updateInputs:11453792:500
694470152:updateComponents:11454750:4709
694470152:propagateValuesOnChangeOnly:11459917:10375
694470152:updateInputs:11470875:459
694470152:updateComponents:11471750:4625
694470152:propagateValuesOnChangeOnly:11476917:9875
694470152:updateInputs:11487334:458
694470152:updateComponents:11488209:4666
694470152:propagateValuesOnChangeOnly:11493334:9791
694470152:updateInputs:11503709:458
694470152:updateComponents:11504625:4667
694470152:propagateValuesOnChangeOnly:11509750:9750
694470152:updateInputs:11520000:417
694470152:updateComponents:11520917:4667
694470152:propagateValuesOnChangeOnly:11526125:10000
694470152:updateInputs:11536792:417
694470152:updateComponents:11537584:4666
694470152:propagateValuesOnChangeOnly:11542750:9875
694470152:updateInputs:11567500:459
694470152:updateComponents:11568375:4667
694470152:propagateValuesOnChangeOnly:11573542:10417
694470152:updateInputs:11584500:459
694470152:updateComponents:11585334:4625
694470152:propagateValuesOnChangeOnly:11590417:10125
694470152:updateInputs:11601042:417
694470152:updateComponents:11601875:4542
694470152:propagateValuesOnChangeOnly:11606917:9875
694470152:updateInputs:11617334:458
694470152:updateComponents:11618209:4666
694470152:propagateValuesOnChangeOnly:11623375:10000
694470152:updateInputs:11633875:459
694470152:updateComponents:11634792:4708
694470152:propagateValuesOnChangeOnly:11640000:9625
694470152:updateInputs:11650209:458
694470152:updateComponents:11651084:4666
694470152:propagateValuesOnChangeOnly:11656209:9375
694470152:updateInputs:11680667:458
694470152:updateComponents:11681584:4625
694470152:propagateValuesOnChangeOnly:11686750:10334
694470152:updateInputs:11697667:458
694470152:updateComponents:11698542:4708
694470152:propagateValuesOnChangeOnly:11703750:9917
694470152:updateInputs:11714209:416
694470152:updateComponents:11715084:4666
694470152:propagateValuesOnChangeOnly:11720250:9792
694470152:updateInputs:11730542:417
694470152:updateComponents:11731417:4500
694470152:propagateValuesOnChangeOnly:11736375:10209
694470152:updateInputs:11747125:459
694470152:updateComponents:11747959:4708
694470152:propagateValuesOnChangeOnly:11753125:10667
694470152:updateInputs:11764334:500
694470152:updateComponents:11765250:4750
694470152:propagateValuesOnChangeOnly:11770417:9667
694470152:updateInputs:11795084:458
694470152:updateComponents:11796000:4667
694470152:propagateValuesOnChangeOnly:11801209:10416
694470152:updateInputs:11812125:459
694470152:updateComponents:11813042:4708
694470152:propagateValuesOnChangeOnly:11818209:9833
694470152:updateInputs:11828500:459
694470152:updateComponents:11829375:4709
694470152:propagateValuesOnChangeOnly:11834584:10166
694470152:updateInputs:11845250:459
694470152:updateComponents:11846084:4666
694470152:propagateValuesOnChangeOnly:11851250:9750
694470152:updateInputs:11861500:417
694470152:updateComponents:11862375:4709
694470152:propagateValuesOnChangeOnly:11867584:9416
694470152:updateInputs:11877500:500
694470152:updateComponents:11878500:4667
694470152:propagateValuesOnChangeOnly:11883584:9375
694470152:updateInputs:11908000:459
694470152:updateComponents:11908834:4666
694470152:propagateValuesOnChangeOnly:11914000:10334
694470152:updateInputs:11924917:417
694470152:updateComponents:11925709:4625
694470152:propagateValuesOnChangeOnly:11930792:9958
694470152:updateInputs:11941292:458
694470152:updateComponents:11942209:4541
694470152:propagateValuesOnChangeOnly:11947209:9791
694470152:updateInputs:11957542:458
694470152:updateComponents:11958459:4625
694470152:propagateValuesOnChangeOnly:11963542:9542
694470152:updateInputs:11973667:417
694470152:updateComponents:11974459:4708
694470152:propagateValuesOnChangeOnly:11979667:10000
694470152:updateInputs:11990209:500
694470152:updateComponents:11991084:4541
694470152:propagateValuesOnChangeOnly:11996084:9708
694470152:updateInputs:12020709:458
694470152:updateComponents:12021584:4708
694470152:propagateValuesOnChangeOnly:12026792:10708
694470152:updateInputs:12038042:458
694470152:updateComponents:12038875:4542
694470152:propagateValuesOnChangeOnly:12043959:10250
694470152:updateInputs:12054709:458
694470152:updateComponents:12055625:4667
694470152:propagateValuesOnChangeOnly:12060834:10041
694470152:updateInputs:12071459:458
694470152:updateComponents:12072292:4583
694470152:propagateValuesOnChangeOnly:12077375:9834
694470152:updateInputs:12087750:459
694470152:updateComponents:12088625:4542
694470152:propagateValuesOnChangeOnly:12093625:9959
694470152:updateInputs:12104167:458
694470152:updateComponents:12105042:4708
694470152:propagateValuesOnChangeOnly:12110250:9584
694470152:updateInputs:12134875:459
694470152:updateComponents:12135750:4500
694470152:propagateValuesOnChangeOnly:12140750:10209
694470152:updateInputs:12151542:458
694470152:updateComponents:12152375:4584
694470152:propagateValuesOnChangeOnly:12157417:9917
694470152:updateInputs:12167834:458
694470152:updateComponents:12168709:4625
694470152:propagateValuesOnChangeOnly:12173834:9708
694470152:updateInputs:12184042:458
694470152:updateComponents:12184917:4708
694470152:propagateValuesOnChangeOnly:12190084:10625
694470152:updateInputs:12201250:459
694470152:updateComponents:12202125:4625
694470152:propagateValuesOnChangeOnly:12207250:11084
694470152:updateInputs:12218834:458
694470152:updateComponents:12219709:4666
694470152:propagateValuesOnChangeOnly:12224792:9792
694470152:updateInputs:12249584:416
694470152:updateComponents:12250417:4708
694470152:propagateValuesOnChangeOnly:12255667:10625
694470152:updateInputs:12266917:458
694470152:updateComponents:12267792:4708
694470152:propagateValuesOnChangeOnly:12272959:9958
694470152:updateInputs:12283459:458
694470152:updateComponents:12284334:4625
694470152:propagateValuesOnChangeOnly:12289459:9958
694470152:updateInputs:12299917:458
694470152:updateComponents:12300792:4667
694470152:propagateValuesOnChangeOnly:12305917:9583
694470152:updateInputs:12316042:458
694470152:updateComponents:12316875:4667
694470152:propagateValuesOnChangeOnly:12322042:9500
694470152:updateInputs:12332042:458
694470152:updateComponents:12332917:4667
694470152:propagateValuesOnChangeOnly:12338042:9417
694470152:updateInputs:12364709:458
694470152:updateComponents:12365625:4542
694470152:propagateValuesOnChangeOnly:12370667:10250
694470152:updateInputs:12381500:417
694470152:updateComponents:12382334:4708
694470152:propagateValuesOnChangeOnly:12387500:9959
694470152:updateInputs:12404542:458
694470152:updateComponents:12405417:4667
694470152:propagateValuesOnChangeOnly:12410542:9792
694470152:updateInputs:12420834:458
694470152:updateComponents:12421750:4667
694470152:propagateValuesOnChangeOnly:12426917:9708
694470152:updateInputs:12437167:417
694470152:updateComponents:12438000:4584
694470152:propagateValuesOnChangeOnly:12443084:10041
694470152:updateInputs:12453750:500
694470152:updateComponents:12454625:4667
694470152:propagateValuesOnChangeOnly:12459709:9750
694470152:updateInputs:12484625:417
694470152:updateComponents:12485459:4708
694470152:propagateValuesOnChangeOnly:12490667:10458
694470152:updateInputs:12501709:416
694470152:updateComponents:12502542:4542
694470152:propagateValuesOnChangeOnly:12507500:10125
694470152:updateInputs:12518167:417
694470152:updateComponents:12519000:4667
694470152:propagateValuesOnChangeOnly:12524167:10000
694470152:updateInputs:12534667:458
694470152:updateComponents:12535625:4709
694470152:propagateValuesOnChangeOnly:12540792:9833
694470152:updateInputs:12551125:459
694470152:updateComponents:12552000:4667
694470152:propagateValuesOnChangeOnly:12557167:9542
694470152:updateInputs:12567292:500
694470152:updateComponents:12568167:4708
694470152:propagateValuesOnChangeOnly:12573375:9500
694470152:updateInputs:12598000:459
694470152:updateComponents:12598917:4708
694470152:propagateValuesOnChangeOnly:12604167:10292
694470152:updateInputs:12615042:458
694470152:updateComponents:12615875:4709
694470152:propagateValuesOnChangeOnly:12621125:9917
694470152:updateInputs:12631542:458
694470152:updateComponents:12632375:4500
694470152:propagateValuesOnChangeOnly:12637375:9834
694470152:updateInputs:12647792:417
694470152:updateComponents:12648625:4709
694470152:propagateValuesOnChangeOnly:12653792:10292
694470152:updateInputs:12664625:459
694470152:updateComponents:12665459:4666
694470152:propagateValuesOnChangeOnly:12670625:10459
694470152:updateInputs:12681625:459
694470152:updateComponents:12682500:4625
694470152:propagateValuesOnChangeOnly:12687625:9584
694470152:updateInputs:12712167:458
694470152:updateComponents:12713000:4709
694470152:propagateValuesOnChangeOnly:12718209:10583
694470152:updateInputs:12729292:458
694470152:updateComponents:12730167:4500
694470152:propagateValuesOnChangeOnly:12735125:9834
694470152:updateInputs:12745542:458
694470152:updateComponents:12746375:4625
694470152:propagateValuesOnChangeOnly:12751542:10042
694470152:updateInputs:12762125:459
694470152:updateComponents:12763000:4625
694470152:propagateValuesOnChangeOnly:12768125:9667
694470152:updateInputs:12778292:458
694470152:updateComponents:12779125:4667
694470152:propagateValuesOnChangeOnly:12784334:9666
694470152:updateInputs:12794500:500
694470152:updateComponents:12795375:4709
694470152:propagateValuesOnChangeOnly:12800584:9541
694470152:updateInputs:12825209:416
694470152:updateComponents:12826125:4709
694470152:propagateValuesOnChangeOnly:12831334:10375
694470152:updateInputs:12842292:417
694470152:updateComponents:12843125:4709
694470152:propagateValuesOnChangeOnly:12848292:10000
694470152:updateInputs:12858792:458
694470152:updateComponents:12859709:4458
694470152:propagateValuesOnChangeOnly:12864625:9792
694470152:updateInputs:12874959:458
694470152:updateComponents:12875917:4708
694470152:propagateValuesOnChangeOnly:12881042:9708
694470152:updateInputs:12891292:417
694470152:updateComponents:12892125:4667
694470152:propagateValuesOnChangeOnly:12897292:10000
694470152:updateInputs:12907792:500
694470152:updateComponents:12908750:4584
694470152:propagateValuesOnChangeOnly:12913875:9709
694470152:updateInputs:12938542:417
694470152:updateComponents:12939375:4750
694470152:propagateValuesOnChangeOnly:12944667:10792
694470152:updateInputs:12955959:458
694470152:updateComponents:12956834:4666
694470152:propagateValuesOnChangeOnly:12962042:10375
694470152:updateInputs:12972917:417
694470152:updateComponents:12973709:4750
694470152:propagateValuesOnChangeOnly:12978917:10292
694470152:updateInputs:12989709:458
694470152:updateComponents:12990625:4667
694470152:propagateValuesOnChangeOnly:12995792:9958
694470152:updateInputs:13008542:375
694470152:updateComponents:13009292:4708
694470152:propagateValuesOnChangeOnly:13014417:9833
694470152:updateInputs:13024709:500
694470152:updateComponents:13025667:4708
694470152:propagateValuesOnChangeOnly:13030875:9834
694470152:updateInputs:13055834:458
694470152:updateComponents:13056750:4667
694470152:propagateValuesOnChangeOnly:13061959:10458
694470152:updateInputs:13073042:417
694470152:updateComponents:13073875:4667
694470152:propagateValuesOnChangeOnly:13079042:9958
694470152:updateInputs:13089500:459
694470152:updateComponents:13090417:4667
694470152:propagateValuesOnChangeOnly:13095584:9916
694470152:updateInputs:13106000:417
694470152:updateComponents:13106792:4792
694470152:propagateValuesOnChangeOnly:13112042:11083
694470152:updateInputs:13123709:375
694470152:updateComponents:13124459:4583
694470152:propagateValuesOnChangeOnly:13129500:11125
694470152:updateInputs:13141167:500
694470152:updateComponents:13142125:4625
694470152:propagateValuesOnChangeOnly:13147250:10042
694470152:updateInputs:13172292:417
694470152:updateComponents:13173167:4667
694470152:propagateValuesOnChangeOnly:13178334:10833
694470152:updateInputs:13189667:458
694470152:updateComponents:13190500:4667
694470152:propagateValuesOnChangeOnly:13195667:10000
694470152:updateInputs:13206167:417
694470152:updateComponents:13207042:4667
694470152:propagateValuesOnChangeOnly:13212209:9958
694470152:updateInputs:13222709:416
694470152:updateComponents:13223584:4625
694470152:propagateValuesOnChangeOnly:13228709:9625
694470152:updateInputs:13238917:458
694470152:updateComponents:13239834:4625
694470152:propagateValuesOnChangeOnly:13245000:9417
694470152:updateInputs:13254959:458
694470152:updateComponents:13255875:4667
694470152:propagateValuesOnChangeOnly:13261042:9417
694470152:updateInputs:13285417:458
694470152:updateComponents:13286292:4667
694470152:propagateValuesOnChangeOnly:13291459:10125
694470152:updateInputs:13302084:458
694470152:updateComponents:13302959:4500
694470152:propagateValuesOnChangeOnly:13308000:10000
694470152:updateInputs:13318500:459
694470152:updateComponents:13319417:4708
694470152:propagateValuesOnChangeOnly:13324625:9750
694470152:updateInputs:13334875:459
694470152:updateComponents:13335750:4625
694470152:propagateValuesOnChangeOnly:13340875:9709
694470152:updateInputs:13351167:417
694470152:updateComponents:13352042:4625
694470152:propagateValuesOnChangeOnly:13357125:10042
694470152:updateInputs:13367709:500
694470152:updateComponents:13368667:4708
694470152:propagateValuesOnChangeOnly:13373834:9791
694470152:updateInputs:13398625:459
694470152:updateComponents:13399542:4708
694470152:propagateValuesOnChangeOnly:13404709:10458
694470152:updateInputs:13415709:500
694470152:updateComponents:13416584:4625
694470152:propagateValuesOnChangeOnly:13421709:10125
694470152:updateInputs:13432375:459
694470152:updateComponents:13433292:4708
694470152:propagateValuesOnChangeOnly:13438417:9917
694470152:updateInputs:13448875:417
694470152:updateComponents:13449709:4666
694470152:propagateValuesOnChangeOnly:13454917:9917
694470152:updateInputs:13465334:458
694470152:updateComponents:13466167:4625
694470152:propagateValuesOnChangeOnly:13471250:9584
694470152:updateInputs:13481417:458
694470152:updateComponents:13482292:4625
694470152:propagateValuesOnChangeOnly:13487459:9541
694470152:updateInputs:13512084:458
694470152:updateComponents:13512959:4666
694470152:propagateValuesOnChangeOnly:13518125:10417
694470152:updateInputs:13529125:417
694470152:updateComponents:13529959:4750
694470152:propagateValuesOnChangeOnly:13535125:9875
694470152:updateInputs:13545500:459
694470152:updateComponents:13546417:4542
694470152:propagateValuesOnChangeOnly:13551375:9834
694470152:updateInputs:13561750:375
694470152:updateComponents:13562584:4500
694470152:propagateValuesOnChangeOnly:13567625:10292
694470152:updateInputs:13578459:458
694470152:updateComponents:13579375:4709
694470152:propagateValuesOnChangeOnly:13584542:10625
694470152:Run loop:1277459:12318333
694470152:main:1584:13742625
