Title:Memory programmer test
1626626935:updateInputs:12782042:1041
1626626935:updateComponents:12807500:116000
1626626935:Init circuit:8210167:5188583
1626626935:updateInputs:13400208:1167
1626626935:updateComponents:13401875:113917
1626626935:propagateValuesOnChangeOnly:13517458:146375
1626626935:updateInputs:13664625:958
1626626935:updateComponents:13666042:113583
1626626935:propagateValuesOnChangeOnly:13780208:144000
1626626935:updateInputs:13926417:916
1626626935:updateComponents:13927833:113917
1626626935:propagateValuesOnChangeOnly:14042167:143208
1626626935:updateInputs:14186083:959
1626626935:updateComponents:14187500:113167
1626626935:propagateValuesOnChangeOnly:14301083:142375
1626626935:updateInputs:14444083:917
1626626935:updateComponents:14445458:109500
1626626935:propagateValuesOnChangeOnly:14557958:142334
1626626935:updateInputs:14700958:959
1626626935:updateComponents:14702333:113334
1626626935:propagateValuesOnChangeOnly:14816125:142542
1626626935:updateInputs:14959292:875
1626626935:updateComponents:14960542:110416
1626626935:propagateValuesOnChangeOnly:15071417:142291
1626626935:updateInputs:15214333:875
1626626935:updateComponents:15215583:113875
1626626935:propagateValuesOnChangeOnly:15329917:142250
1626626935:updateInputs:15472792:916
1626626935:updateComponents:15474083:113084
1626626935:propagateValuesOnChangeOnly:15587625:142625
1626626935:updateInputs:15730917:875
1626626935:updateComponents:15732250:112875
1626626935:propagateValuesOnChangeOnly:15845625:142750
1626626935:updateInputs:15993042:958
1626626935:updateComponents:15994417:113000
1626626935:propagateValuesOnChangeOnly:16107792:157250
1626626935:updateInputs:16288167:1666
1626626935:updateComponents:16290458:120084
1626626935:propagateValuesOnChangeOnly:16411125:143917
1626626935:updateInputs:16555750:1250
1626626935:updateComponents:16557458:116959
1626626935:propagateValuesOnChangeOnly:16674958:143500
1626626935:updateInputs:16819000:1000
1626626935:updateComponents:16820458:94709
1626626935:propagateValuesOnChangeOnly:16915542:121916
1626626935:updateInputs:17037958:875
1626626935:updateComponents:17039208:91209
1626626935:propagateValuesOnChangeOnly:17130792:122208
1626626935:updateInputs:17393417:791
1626626935:updateComponents:17394667:92000
1626626935:propagateValuesOnChangeOnly:17487125:138667
1626626935:updateInputs:17626333:750
1626626935:updateComponents:17627417:94250
1626626935:propagateValuesOnChangeOnly:17722083:125167
1626626935:updateInputs:17847792:708
1626626935:updateComponents:17848875:105000
1626626935:propagateValuesOnChangeOnly:17954208:123625
1626626935:updateInputs:18078375:708
1626626935:updateComponents:18079500:98500
1626626935:propagateValuesOnChangeOnly:18178417:122833
1626626935:updateInputs:18301750:750
1626626935:updateComponents:18302875:98583
1626626935:propagateValuesOnChangeOnly:18401875:128083
1626626935:updateInputs:18530458:750
1626626935:updateComponents:18531542:98708
1626626935:propagateValuesOnChangeOnly:18648333:121625
1626626935:updateInputs:18770500:750
1626626935:updateComponents:18771625:94125
1626626935:propagateValuesOnChangeOnly:18866167:121833
1626626935:updateInputs:18988500:750
1626626935:updateComponents:18989583:97917
1626626935:propagateValuesOnChangeOnly:19087875:121625
1626626935:updateInputs:19210042:750
1626626935:updateComponents:19211125:97792
1626626935:propagateValuesOnChangeOnly:19309333:121834
1626626935:updateInputs:19431625:708
1626626935:updateComponents:19432750:97958
1626626935:propagateValuesOnChangeOnly:19531083:120709
1626626935:updateInputs:19652292:708
1626626935:updateComponents:19653375:98125
1626626935:propagateValuesOnChangeOnly:19751875:121708
1626626935:updateInputs:19874042:708
1626626935:updateComponents:19875083:98209
1626626935:propagateValuesOnChangeOnly:19973667:121833
1626626935:updateInputs:20096000:708
1626626935:updateComponents:20097083:98042
1626626935:propagateValuesOnChangeOnly:20195500:121833
1626626935:updateInputs:20317875:708
1626626935:updateComponents:20318958:98667
1626626935:propagateValuesOnChangeOnly:20418042:121791
1626626935:updateInputs:20540333:1084
1626626935:updateComponents:20541792:98125
1626626935:propagateValuesOnChangeOnly:20640250:124833
1626626935:updateInputs:20894667:750
1626626935:updateComponents:20895792:98083
1626626935:propagateValuesOnChangeOnly:20994292:135500
1626626935:updateInputs:21130292:750
1626626935:updateComponents:21131417:97750
1626626935:propagateValuesOnChangeOnly:21229542:141958
1626626935:updateInputs:21372000:750
1626626935:updateComponents:21373125:98042
1626626935:propagateValuesOnChangeOnly:21471542:137625
1626626935:updateInputs:21609667:750
1626626935:updateComponents:21610750:98500
1626626935:propagateValuesOnChangeOnly:21709583:138959
1626626935:updateInputs:21849042:750
1626626935:updateComponents:21850167:98125
1626626935:propagateValuesOnChangeOnly:21948625:133375
1626626935:updateInputs:22082500:750
1626626935:updateComponents:22083625:98000
1626626935:propagateValuesOnChangeOnly:22182000:125500
1626626935:updateInputs:22307958:750
1626626935:updateComponents:22309083:97917
1626626935:propagateValuesOnChangeOnly:22407333:121709
1626626935:updateInputs:22529542:750
1626626935:updateComponents:22530625:98042
1626626935:propagateValuesOnChangeOnly:22629042:122375
1626626935:updateInputs:22751917:750
1626626935:updateComponents:22753000:97833
1626626935:propagateValuesOnChangeOnly:22851208:121792
1626626935:updateInputs:22973500:750
1626626935:updateComponents:22974583:98500
1626626935:propagateValuesOnChangeOnly:23073500:122042
1626626935:updateInputs:23196000:750
1626626935:updateComponents:23197125:97958
1626626935:propagateValuesOnChangeOnly:23295458:121667
1626626935:updateInputs:23417625:750
1626626935:updateComponents:23418792:98500
1626626935:propagateValuesOnChangeOnly:23517708:121709
1626626935:updateInputs:23651292:750
1626626935:updateComponents:23652417:98208
1626626935:propagateValuesOnChangeOnly:23750958:121667
1626626935:updateInputs:23873167:750
1626626935:updateComponents:23874250:98000
1626626935:propagateValuesOnChangeOnly:23972667:121875
1626626935:updateInputs:24095042:750
1626626935:updateComponents:24096125:98833
1626626935:propagateValuesOnChangeOnly:24195375:121667
1626626935:updateInputs:24445208:709
1626626935:updateComponents:24446292:97791
1626626935:propagateValuesOnChangeOnly:24544458:133750
1626626935:updateInputs:24678792:791
1626626935:updateComponents:24679917:98416
1626626935:propagateValuesOnChangeOnly:24778667:125125
1626626935:updateInputs:24904375:750
1626626935:updateComponents:24905500:98667
1626626935:propagateValuesOnChangeOnly:25004583:119000
1626626935:updateInputs:25124125:708
1626626935:updateComponents:25125250:98083
1626626935:propagateValuesOnChangeOnly:25223667:122708
1626626935:updateInputs:25346875:708
1626626935:updateComponents:25348000:98000
1626626935:propagateValuesOnChangeOnly:25446375:128125
1626626935:updateInputs:25575000:750
1626626935:updateComponents:25576125:98667
1626626935:propagateValuesOnChangeOnly:25675167:121708
1626626935:updateInputs:25797417:750
1626626935:updateComponents:25798542:97791
1626626935:propagateValuesOnChangeOnly:25896667:122083
1626626935:updateInputs:26019292:750
1626626935:updateComponents:26020417:97875
1626626935:propagateValuesOnChangeOnly:26118708:127417
1626626935:updateInputs:26246667:750
1626626935:updateComponents:26247708:98500
1626626935:propagateValuesOnChangeOnly:26346625:121792
1626626935:updateInputs:26468917:750
1626626935:updateComponents:26470083:98167
1626626935:propagateValuesOnChangeOnly:26568625:121792
1626626935:updateInputs:26690958:709
1626626935:updateComponents:26692042:97916
1626626935:propagateValuesOnChangeOnly:26790333:122042
1626626935:updateInputs:26912917:791
1626626935:updateComponents:26914042:97916
1626626935:propagateValuesOnChangeOnly:27012333:121750
1626626935:updateInputs:27134583:709
1626626935:updateComponents:27135625:98667
1626626935:propagateValuesOnChangeOnly:27234625:121750
1626626935:updateInputs:27356833:750
1626626935:updateComponents:27357958:98750
1626626935:propagateValuesOnChangeOnly:27457042:121791
1626626935:updateInputs:27579333:1000
1626626935:updateComponents:27580708:97834
1626626935:propagateValuesOnChangeOnly:27678958:135875
1626626935:updateInputs:27950083:750
1626626935:updateComponents:27951167:96875
1626626935:propagateValuesOnChangeOnly:28048417:137750
1626626935:updateInputs:28186667:708
1626626935:updateComponents:28187750:94208
1626626935:propagateValuesOnChangeOnly:28282375:140875
1626626935:updateInputs:28423750:750
1626626935:updateComponents:28424917:93875
1626626935:propagateValuesOnChangeOnly:28519167:129666
1626626935:updateInputs:28649250:625
1626626935:updateComponents:28650208:81334
1626626935:propagateValuesOnChangeOnly:28731917:120541
1626626935:updateInputs:28852917:625
1626626935:updateComponents:28853833:81459
1626626935:propagateValuesOnChangeOnly:28935583:115042
1626626935:updateInputs:29051042:666
1626626935:updateComponents:29052042:81625
1626626935:propagateValuesOnChangeOnly:29134000:106500
1626626935:updateInputs:29241000:625
1626626935:updateComponents:29241917:81583
1626626935:propagateValuesOnChangeOnly:29328250:106750
1626626935:updateInputs:29435417:625
1626626935:updateComponents:29436375:81625
1626626935:propagateValuesOnChangeOnly:29518292:106333
1626626935:updateInputs:29625083:625
1626626935:updateComponents:29626042:82166
1626626935:propagateValuesOnChangeOnly:29708542:105666
1626626935:updateInputs:29814583:625
1626626935:updateComponents:29815583:80584
1626626935:propagateValuesOnChangeOnly:29896500:105750
1626626935:updateInputs:30002708:625
1626626935:updateComponents:30003625:82083
1626626935:propagateValuesOnChangeOnly:30085958:105709
1626626935:updateInputs:30192125:625
1626626935:updateComponents:30193042:81541
1626626935:propagateValuesOnChangeOnly:30274917:105708
1626626935:updateInputs:30381000:667
1626626935:updateComponents:30381958:81625
1626626935:propagateValuesOnChangeOnly:30463917:105750
1626626935:updateInputs:30570083:625
1626626935:updateComponents:30571042:81625
1626626935:propagateValuesOnChangeOnly:30653000:105750
1626626935:updateInputs:30759208:625
1626626935:updateComponents:30760167:81333
1626626935:propagateValuesOnChangeOnly:30841792:105750
1626626935:updateInputs:31058542:666
1626626935:updateComponents:31059542:81625
1626626935:propagateValuesOnChangeOnly:31141500:113875
1626626935:updateInputs:31255833:667
1626626935:updateComponents:31256750:81667
1626626935:propagateValuesOnChangeOnly:31338708:108667
1626626935:updateInputs:31447833:625
1626626935:updateComponents:31448750:81917
1626626935:propagateValuesOnChangeOnly:31531000:102875
1626626935:updateInputs:31634333:625
1626626935:updateComponents:31635292:81458
1626626935:propagateValuesOnChangeOnly:31717042:106583
1626626935:updateInputs:31824042:666
1626626935:updateComponents:31825000:81750
1626626935:propagateValuesOnChangeOnly:31907083:111167
1626626935:updateInputs:32018708:625
1626626935:updateComponents:32019667:81541
1626626935:propagateValuesOnChangeOnly:32101542:105708
1626626935:updateInputs:32207667:625
1626626935:updateComponents:32208583:81625
1626626935:propagateValuesOnChangeOnly:32290583:105709
1626626935:updateInputs:32396792:666
1626626935:updateComponents:32397792:81791
1626626935:propagateValuesOnChangeOnly:32479917:105666
1626626935:updateInputs:32586042:583
1626626935:updateComponents:32586917:81958
1626626935:propagateValuesOnChangeOnly:32669250:105792
1626626935:updateInputs:32775458:667
1626626935:updateComponents:32776417:81916
1626626935:propagateValuesOnChangeOnly:32877125:105792
1626626935:updateInputs:32983375:667
1626626935:updateComponents:32984333:81542
1626626935:propagateValuesOnChangeOnly:33066292:105583
1626626935:updateInputs:33172250:667
1626626935:updateComponents:33173250:78625
1626626935:propagateValuesOnChangeOnly:33252208:106625
1626626935:updateInputs:33359250:625
1626626935:updateComponents:33360208:81584
1626626935:propagateValuesOnChangeOnly:33442125:106083
1626626935:updateInputs:33548625:625
1626626935:updateComponents:33549583:81459
1626626935:propagateValuesOnChangeOnly:33631333:105875
1626626935:updateInputs:33737667:875
1626626935:updateComponents:33738875:82125
1626626935:propagateValuesOnChangeOnly:33821333:105667
1626626935:updateInputs:34037083:625
1626626935:updateComponents:34038042:81375
1626626935:propagateValuesOnChangeOnly:34119750:120583
1626626935:updateInputs:34240750:625
1626626935:updateComponents:34241667:80791
1626626935:propagateValuesOnChangeOnly:34322833:123459
1626626935:updateInputs:34446750:667
1626626935:updateComponents:34447708:81917
1626626935:propagateValuesOnChangeOnly:34529958:119000
1626626935:updateInputs:34649417:625
1626626935:updateComponents:34650375:81875
1626626935:propagateValuesOnChangeOnly:34732583:123667
1626626935:updateInputs:34856667:625
1626626935:updateComponents:34857583:86750
1626626935:propagateValuesOnChangeOnly:34944667:115416
1626626935:updateInputs:35060875:625
1626626935:updateComponents:35063583:81834
1626626935:propagateValuesOnChangeOnly:35145917:107083
1626626935:updateInputs:35253458:667
1626626935:updateComponents:35254458:80459
1626626935:propagateValuesOnChangeOnly:35335208:106500
1626626935:updateInputs:35442125:625
1626626935:updateComponents:35443083:79709
1626626935:propagateValuesOnChangeOnly:35523125:105958
1626626935:updateInputs:35629542:625
1626626935:updateComponents:35630500:82125
1626626935:propagateValuesOnChangeOnly:35712917:105875
1626626935:updateInputs:35819250:625
1626626935:updateComponents:35820167:81666
1626626935:propagateValuesOnChangeOnly:35902208:105917
1626626935:updateInputs:36008542:625
1626626935:updateComponents:36009458:82042
1626626935:propagateValuesOnChangeOnly:36091833:107584
1626626935:updateInputs:36199833:625
1626626935:updateComponents:36200750:81542
1626626935:propagateValuesOnChangeOnly:36282583:105917
1626626935:updateInputs:36388917:666
1626626935:updateComponents:36389875:81583
1626626935:propagateValuesOnChangeOnly:36471750:105625
1626626935:updateInputs:36577875:625
1626626935:updateComponents:36578792:81541
1626626935:propagateValuesOnChangeOnly:36660667:105750
1626626935:updateInputs:36766875:625
1626626935:updateComponents:36767833:81250
1626626935:propagateValuesOnChangeOnly:36849375:106083
1626626935:updateInputs:37067125:583
1626626935:updateComponents:37068083:81500
1626626935:propagateValuesOnChangeOnly:37149875:112333
1626626935:updateInputs:37262708:667
1626626935:updateComponents:37263708:82167
1626626935:propagateValuesOnChangeOnly:37346208:108584
1626626935:updateInputs:37455250:667
1626626935:updateComponents:37456250:81542
1626626935:propagateValuesOnChangeOnly:37538083:103000
1626626935:updateInputs:37641583:667
1626626935:updateComponents:37642542:84583
1626626935:propagateValuesOnChangeOnly:37727458:105334
1626626935:updateInputs:37833250:625
1626626935:updateComponents:37834167:81541
1626626935:propagateValuesOnChangeOnly:37916000:110958
1626626935:updateInputs:38027458:625
1626626935:updateComponents:38028417:81583
1626626935:propagateValuesOnChangeOnly:38110333:105542
1626626935:updateInputs:38216292:666
1626626935:updateComponents:38217292:81333
1626626935:propagateValuesOnChangeOnly:38299000:105667
1626626935:updateInputs:38405125:625
1626626935:updateComponents:38406042:79833
1626626935:propagateValuesOnChangeOnly:38486167:93416
1626626935:updateInputs:38579958:584
1626626935:updateComponents:38580833:72042
1626626935:propagateValuesOnChangeOnly:38653167:93291
1626626935:updateInputs:38746875:583
1626626935:updateComponents:38747750:72083
1626626935:propagateValuesOnChangeOnly:38820167:93583
1626626935:updateInputs:38914167:541
1626626935:updateComponents:38915000:72125
1626626935:propagateValuesOnChangeOnly:38987417:93500
1626626935:updateInputs:39081333:542
1626626935:updateComponents:39082167:71833
1626626935:propagateValuesOnChangeOnly:39154292:93416
1626626935:updateInputs:39248083:584
1626626935:updateComponents:39248958:72042
1626626935:propagateValuesOnChangeOnly:39321292:93333
1626626935:updateInputs:39415042:541
1626626935:updateComponents:39415875:71917
1626626935:propagateValuesOnChangeOnly:39488083:93459
1626626935:updateInputs:39581917:875
1626626935:updateComponents:39583083:72000
1626626935:propagateValuesOnChangeOnly:39655333:93500
1626626935:updateInputs:39846208:542
1626626935:updateComponents:39847042:72166
1626626935:propagateValuesOnChangeOnly:39919458:106875
1626626935:updateInputs:40026750:625
1626626935:updateComponents:40027667:72166
1626626935:propagateValuesOnChangeOnly:40100167:108708
1626626935:updateInputs:40209292:583
1626626935:updateComponents:40210167:72125
1626626935:propagateValuesOnChangeOnly:40282583:104750
1626626935:updateInputs:40387750:583
1626626935:updateComponents:40388583:74750
1626626935:propagateValuesOnChangeOnly:40463625:106667
1626626935:updateInputs:40570667:541
1626626935:updateComponents:40571542:72208
1626626935:propagateValuesOnChangeOnly:40644042:101625
1626626935:updateInputs:40746042:583
1626626935:updateComponents:40746875:71958
1626626935:propagateValuesOnChangeOnly:40819125:94625
1626626935:updateInputs:40914167:583
1626626935:updateComponents:40915000:72042
1626626935:propagateValuesOnChangeOnly:40987333:94125
1626626935:updateInputs:41081833:584
1626626935:updateComponents:41082708:72000
1626626935:propagateValuesOnChangeOnly:41155042:94041
1626626935:updateInputs:41249458:584
1626626935:updateComponents:41250333:72000
1626626935:propagateValuesOnChangeOnly:41322625:93667
1626626935:updateInputs:41416750:542
1626626935:updateComponents:41417583:72042
1626626935:propagateValuesOnChangeOnly:41489958:93459
1626626935:updateInputs:41583875:583
1626626935:updateComponents:41584708:72167
1626626935:propagateValuesOnChangeOnly:41657167:93375
1626626935:updateInputs:41751208:542
1626626935:updateComponents:41752000:72250
1626626935:propagateValuesOnChangeOnly:41824500:93417
1626626935:updateInputs:41918292:583
1626626935:updateComponents:41919167:69166
1626626935:propagateValuesOnChangeOnly:41988583:93459
1626626935:updateInputs:42082417:583
1626626935:updateComponents:42083250:71792
1626626935:propagateValuesOnChangeOnly:42155375:93417
1626626935:updateInputs:42249167:583
1626626935:updateComponents:42250000:72042
1626626935:propagateValuesOnChangeOnly:42322333:96042
1626626935:updateInputs:42516458:542
1626626935:updateComponents:42517292:71583
1626626935:propagateValuesOnChangeOnly:42589125:100625
1626626935:updateInputs:42690125:542
1626626935:updateComponents:42690917:72291
1626626935:propagateValuesOnChangeOnly:42763458:95959
1626626935:updateInputs:42859792:583
1626626935:updateComponents:42860625:72250
1626626935:propagateValuesOnChangeOnly:42933208:91125
1626626935:updateInputs:43024750:542
1626626935:updateComponents:43025542:72083
1626626935:propagateValuesOnChangeOnly:43097917:94125
1626626935:updateInputs:43192708:584
1626626935:updateComponents:43193542:72000
1626626935:propagateValuesOnChangeOnly:43265833:98250
1626626935:updateInputs:43364500:542
1626626935:updateComponents:43365292:72166
1626626935:propagateValuesOnChangeOnly:43437708:93292
1626626935:updateInputs:43531417:583
1626626935:updateComponents:43532250:72042
1626626935:propagateValuesOnChangeOnly:43604542:93375
1626626935:updateInputs:43698292:583
1626626935:updateComponents:43699167:72000
1626626935:propagateValuesOnChangeOnly:43771458:93584
1626626935:updateInputs:43865708:584
1626626935:updateComponents:43866583:72417
1626626935:propagateValuesOnChangeOnly:43939333:93500
1626626935:updateInputs:44033208:542
1626626935:updateComponents:44034042:72250
1626626935:propagateValuesOnChangeOnly:44106625:93375
1626626935:updateInputs:44200375:583
1626626935:updateComponents:44201208:72542
1626626935:propagateValuesOnChangeOnly:44274000:93500
1626626935:updateInputs:44367917:541
1626626935:updateComponents:44368750:72167
1626626935:propagateValuesOnChangeOnly:44441208:93209
1626626935:updateInputs:44535125:583
1626626935:updateComponents:44536000:72333
1626626935:propagateValuesOnChangeOnly:44608667:93291
1626626935:updateInputs:44702333:542
1626626935:updateComponents:44703167:72083
1626626935:propagateValuesOnChangeOnly:44775542:93250
1626626935:updateInputs:44869167:708
1626626935:updateComponents:44870125:72208
1626626935:propagateValuesOnChangeOnly:44942625:92333
1626626935:updateInputs:45132208:542
1626626935:updateComponents:45133042:72458
1626626935:propagateValuesOnChangeOnly:45205792:103625
1626626935:updateInputs:45309792:625
1626626935:updateComponents:45310708:72125
1626626935:propagateValuesOnChangeOnly:45383125:108292
1626626935:updateInputs:45491792:541
1626626935:updateComponents:45492583:72250
1626626935:propagateValuesOnChangeOnly:45565083:105750
1626626935:updateInputs:45671250:542
1626626935:updateComponents:45672083:72084
1626626935:propagateValuesOnChangeOnly:45744458:106459
1626626935:updateInputs:45851333:542
1626626935:updateComponents:45852167:72000
1626626935:propagateValuesOnChangeOnly:45924417:101750
1626626935:updateInputs:46026667:583
1626626935:updateComponents:46027542:72041
1626626935:propagateValuesOnChangeOnly:46099875:95458
1626626935:updateInputs:46195708:584
1626626935:updateComponents:46196583:72084
1626626935:propagateValuesOnChangeOnly:46268917:92500
1626626935:updateInputs:46361750:500
1626626935:updateComponents:46362542:64500
1626626935:propagateValuesOnChangeOnly:46427292:84041
1626626935:updateInputs:46511667:500
1626626935:updateComponents:46512417:64583
1626626935:propagateValuesOnChangeOnly:46577250:83583
1626626935:updateInputs:46661292:500
1626626935:updateComponents:46662042:64583
1626626935:propagateValuesOnChangeOnly:46726917:83541
1626626935:updateInputs:46810792:500
1626626935:updateComponents:46811542:64458
1626626935:propagateValuesOnChangeOnly:46876250:83625
1626626935:updateInputs:46960250:500
1626626935:updateComponents:46960958:64625
1626626935:propagateValuesOnChangeOnly:47025833:83750
1626626935:updateInputs:47109917:500
1626626935:updateComponents:47110667:61916
1626626935:propagateValuesOnChangeOnly:47172875:83750
1626626935:updateInputs:47257125:542
1626626935:updateComponents:47257917:64500
1626626935:propagateValuesOnChangeOnly:47322667:83583
1626626935:updateInputs:47406625:500
1626626935:updateComponents:47407375:64708
1626626935:propagateValuesOnChangeOnly:47472375:83833
1626626935:updateInputs:47643458:500
1626626935:updateComponents:47644208:64500
1626626935:propagateValuesOnChangeOnly:47708958:90042
1626626935:updateInputs:47799333:500
1626626935:updateComponents:47800125:64875
1626626935:propagateValuesOnChangeOnly:47865250:84958
1626626935:updateInputs:47950625:542
1626626935:updateComponents:47951417:63333
1626626935:propagateValuesOnChangeOnly:48015000:80917
1626626935:updateInputs:48096292:500
1626626935:updateComponents:48097000:62083
1626626935:propagateValuesOnChangeOnly:48159292:84333
1626626935:updateInputs:48243958:542
1626626935:updateComponents:48244708:64417
1626626935:propagateValuesOnChangeOnly:48309375:88125
1626626935:updateInputs:48457917:625
1626626935:updateComponents:48458875:63792
1626626935:propagateValuesOnChangeOnly:48522958:83834
1626626935:updateInputs:48607250:500
1626626935:updateComponents:48608042:64625
1626626935:propagateValuesOnChangeOnly:48672958:83500
1626626935:updateInputs:48756792:541
1626626935:updateComponents:48757542:64708
1626626935:propagateValuesOnChangeOnly:48822542:83541
1626626935:updateInputs:48906417:500
1626626935:updateComponents:48907167:71541
1626626935:propagateValuesOnChangeOnly:48978958:83709
1626626935:updateInputs:49063042:500
1626626935:updateComponents:49063833:64625
1626626935:propagateValuesOnChangeOnly:49128708:83459
1626626935:updateInputs:49212542:500
1626626935:updateComponents:49213333:64584
1626626935:propagateValuesOnChangeOnly:49278208:83459
1626626935:updateInputs:49362000:500
1626626935:updateComponents:49362750:64500
1626626935:propagateValuesOnChangeOnly:49427542:83416
1626626935:updateInputs:49511292:541
1626626935:updateComponents:49512042:67250
1626626935:propagateValuesOnChangeOnly:49579583:83584
1626626935:updateInputs:49663542:500
1626626935:updateComponents:49664292:62541
1626626935:propagateValuesOnChangeOnly:49727125:83458
1626626935:updateInputs:49811000:667
1626626935:updateComponents:49811958:64709
1626626935:propagateValuesOnChangeOnly:49877000:83500
1626626935:updateInputs:50048542:500
1626626935:updateComponents:50049333:64542
1626626935:propagateValuesOnChangeOnly:50114167:93833
1626626935:updateInputs:50208333:500
1626626935:updateComponents:50209083:64375
1626626935:propagateValuesOnChangeOnly:50273792:100083
1626626935:updateInputs:50374250:500
1626626935:updateComponents:50374958:64667
1626626935:propagateValuesOnChangeOnly:50439875:94458
1626626935:updateInputs:50534667:500
1626626935:updateComponents:50535458:63542
1626626935:propagateValuesOnChangeOnly:50599250:94625
1626626935:updateInputs:50694208:500
1626626935:updateComponents:50695000:64625
1626626935:propagateValuesOnChangeOnly:50759875:90167
1626626935:updateInputs:50850375:500
1626626935:updateComponents:50851125:64458
1626626935:propagateValuesOnChangeOnly:50915875:83833
1626626935:updateInputs:51000125:500
1626626935:updateComponents:51000875:61917
1626626935:propagateValuesOnChangeOnly:51063083:84125
1626626935:updateInputs:51147667:500
1626626935:updateComponents:51148417:64458
1626626935:propagateValuesOnChangeOnly:51213083:84292
1626626935:updateInputs:51297708:500
1626626935:updateComponents:51298458:61834
1626626935:propagateValuesOnChangeOnly:51360583:83542
1626626935:updateInputs:51444417:541
1626626935:updateComponents:51445167:64500
1626626935:propagateValuesOnChangeOnly:51509917:83666
1626626935:updateInputs:51593917:541
1626626935:updateComponents:51594667:64833
1626626935:propagateValuesOnChangeOnly:51659750:83625
1626626935:updateInputs:51743750:500
1626626935:updateComponents:51744500:64625
1626626935:propagateValuesOnChangeOnly:51809375:83625
1626626935:updateInputs:51893375:500
1626626935:updateComponents:51894125:64750
1626626935:propagateValuesOnChangeOnly:51959125:83708
1626626935:updateInputs:52043167:541
1626626935:updateComponents:52043958:64459
1626626935:propagateValuesOnChangeOnly:52108708:83667
1626626935:updateInputs:52192708:500
1626626935:updateComponents:52193458:64584
1626626935:propagateValuesOnChangeOnly:52258292:83708
1626626935:updateInputs:52431917:500
1626626935:updateComponents:52432708:62459
1626626935:propagateValuesOnChangeOnly:52495417:89833
1626626935:updateInputs:52585542:500
1626626935:updateComponents:52586250:64708
1626626935:propagateValuesOnChangeOnly:52651208:85917
1626626935:updateInputs:52737458:542
1626626935:updateComponents:52738208:64542
1626626935:propagateValuesOnChangeOnly:52803000:81375
1626626935:updateInputs:52884708:542
1626626935:updateComponents:52885500:64667
1626626935:propagateValuesOnChangeOnly:52950417:84333
1626626935:updateInputs:53035167:500
1626626935:updateComponents:53035917:64708
1626626935:propagateValuesOnChangeOnly:53100875:88125
1626626935:updateInputs:53189375:500
1626626935:updateComponents:53190125:64500
1626626935:propagateValuesOnChangeOnly:53254833:83667
1626626935:updateInputs:53338875:458
1626626935:updateComponents:53339583:62292
1626626935:propagateValuesOnChangeOnly:53402167:83458
1626626935:updateInputs:53486000:500
1626626935:updateComponents:53486792:65041
1626626935:propagateValuesOnChangeOnly:53552083:83709
1626626935:updateInputs:53636375:458
1626626935:updateComponents:53637083:64334
1626626935:propagateValuesOnChangeOnly:53701708:83625
1626626935:updateInputs:53785667:541
1626626935:updateComponents:53786458:64417
1626626935:propagateValuesOnChangeOnly:53851125:83792
1626626935:updateInputs:53935250:500
1626626935:updateComponents:53935958:67292
1626626935:propagateValuesOnChangeOnly:54003500:83583
1626626935:updateInputs:54087417:500
1626626935:updateComponents:54088125:64583
1626626935:propagateValuesOnChangeOnly:54152958:83542
1626626935:updateInputs:54237083:459
1626626935:updateComponents:54237792:64583
1626626935:propagateValuesOnChangeOnly:54302667:83583
1626626935:updateInputs:54386625:500
1626626935:updateComponents:54387375:64958
1626626935:propagateValuesOnChangeOnly:54452583:83625
1626626935:updateInputs:54536542:541
1626626935:updateComponents:54537292:64625
1626626935:propagateValuesOnChangeOnly:54602208:83542
1626626935:updateInputs:54772917:458
1626626935:updateComponents:54773625:64417
1626626935:propagateValuesOnChangeOnly:54838292:89791
1626626935:updateInputs:54928667:500
1626626935:updateComponents:54929375:64667
1626626935:propagateValuesOnChangeOnly:54994292:96666
1626626935:updateInputs:55091292:500
1626626935:updateComponents:55092042:66166
1626626935:propagateValuesOnChangeOnly:55158458:93834
1626626935:updateInputs:55252625:500
1626626935:updateComponents:55253375:61917
1626626935:propagateValuesOnChangeOnly:55315542:94041
1626626935:updateInputs:55409958:500
1626626935:updateComponents:55410708:61959
1626626935:propagateValuesOnChangeOnly:55472958:89917
1626626935:updateInputs:55563542:500
1626626935:updateComponents:55564333:64500
1626626935:propagateValuesOnChangeOnly:55629083:88125
1626626935:updateInputs:55717542:500
1626626935:updateComponents:55718292:64291
1626626935:propagateValuesOnChangeOnly:55782875:83583
1626626935:updateInputs:55866792:500
1626626935:updateComponents:55867500:62083
1626626935:propagateValuesOnChangeOnly:55929833:83625
1626626935:updateInputs:56013833:459
1626626935:updateComponents:56014583:64417
1626626935:propagateValuesOnChangeOnly:56079250:87833
1626626935:updateInputs:56167708:542
1626626935:updateComponents:56168500:64333
1626626935:propagateValuesOnChangeOnly:56233125:85375
1626626935:updateInputs:56318833:459
1626626935:updateComponents:56319500:59000
1626626935:propagateValuesOnChangeOnly:56378750:76542
1626626935:updateInputs:56455625:458
1626626935:updateComponents:56456292:57125
1626626935:propagateValuesOnChangeOnly:56513625:76458
1626626935:updateInputs:56590417:458
1626626935:updateComponents:56591125:56625
1626626935:propagateValuesOnChangeOnly:56647917:76583
1626626935:updateInputs:56724875:500
1626626935:updateComponents:56725625:58958
1626626935:propagateValuesOnChangeOnly:56784792:76541
1626626935:updateInputs:56861667:458
1626626935:updateComponents:56862375:59000
1626626935:propagateValuesOnChangeOnly:56921583:76417
1626626935:updateInputs:57078292:458
1626626935:updateComponents:57078958:58917
1626626935:propagateValuesOnChangeOnly:57138125:82042
1626626935:updateInputs:57220500:458
1626626935:updateComponents:57221208:59000
1626626935:propagateValuesOnChangeOnly:57284625:78625
1626626935:updateInputs:57363667:416
1626626935:updateComponents:57364292:59000
1626626935:propagateValuesOnChangeOnly:57423500:74708
1626626935:updateInputs:57498500:458
1626626935:updateComponents:57499208:58917
1626626935:propagateValuesOnChangeOnly:57558375:77083
1626626935:updateInputs:57635792:458
1626626935:updateComponents:57636458:59042
1626626935:propagateValuesOnChangeOnly:57695708:80542
1626626935:updateInputs:57776583:417
1626626935:updateComponents:57777208:59000
1626626935:propagateValuesOnChangeOnly:57836417:76416
1626626935:updateInputs:57913333:459
1626626935:updateComponents:57914000:58917
1626626935:propagateValuesOnChangeOnly:57973167:76666
1626626935:updateInputs:58050167:458
1626626935:updateComponents:58050833:58917
1626626935:propagateValuesOnChangeOnly:58110000:76500
1626626935:updateInputs:58186833:459
1626626935:updateComponents:58187542:58958
1626626935:propagateValuesOnChangeOnly:58246750:79333
1626626935:updateInputs:58326458:417
1626626935:updateComponents:58327125:58917
1626626935:propagateValuesOnChangeOnly:58386292:76708
1626626935:updateInputs:58463542:416
1626626935:updateComponents:58464167:59000
1626626935:propagateValuesOnChangeOnly:58523375:76417
1626626935:updateInputs:58600125:458
1626626935:updateComponents:58600792:59208
1626626935:propagateValuesOnChangeOnly:58660250:76458
1626626935:updateInputs:58737000:458
1626626935:updateComponents:58737667:59083
1626626935:propagateValuesOnChangeOnly:58797042:76500
1626626935:updateInputs:58873833:459
1626626935:updateComponents:58874542:58958
1626626935:propagateValuesOnChangeOnly:58933750:76542
1626626935:updateInputs:59010833:542
1626626935:updateComponents:59011583:59042
1626626935:propagateValuesOnChangeOnly:59070833:76584
1626626935:updateInputs:59227250:458
1626626935:updateComponents:59227958:59084
1626626935:propagateValuesOnChangeOnly:59287292:83958
1626626935:updateInputs:59371583:459
1626626935:updateComponents:59372250:59375
1626626935:propagateValuesOnChangeOnly:59431875:88458
1626626935:updateInputs:59520625:500
1626626935:updateComponents:59521333:58917
1626626935:propagateValuesOnChangeOnly:59580500:85708
1626626935:updateInputs:59666750:417
1626626935:updateComponents:59667375:59083
1626626935:propagateValuesOnChangeOnly:59726708:86084
1626626935:updateInputs:59813083:459
1626626935:updateComponents:59813792:58958
1626626935:propagateValuesOnChangeOnly:59873042:82333
1626626935:updateInputs:59955708:500
1626626935:updateComponents:59956417:59208
1626626935:propagateValuesOnChangeOnly:60015833:80625
1626626935:updateInputs:60096792:458
1626626935:updateComponents:60097458:59084
1626626935:propagateValuesOnChangeOnly:60156792:76666
1626626935:updateInputs:60233875:417
1626626935:updateComponents:60234542:59041
1626626935:propagateValuesOnChangeOnly:60293833:76417
1626626935:updateInputs:60370583:500
1626626935:updateComponents:60371292:59000
1626626935:propagateValuesOnChangeOnly:60430542:76375
1626626935:updateInputs:60507250:458
1626626935:updateComponents:60507917:59041
1626626935:propagateValuesOnChangeOnly:60567208:76584
1626626935:updateInputs:60644125:458
1626626935:updateComponents:60644792:56791
1626626935:propagateValuesOnChangeOnly:60701833:76500
1626626935:updateInputs:60779000:458
1626626935:updateComponents:60779625:58958
1626626935:propagateValuesOnChangeOnly:60838833:76459
1626626935:updateInputs:60915625:458
1626626935:updateComponents:60916333:58792
1626626935:propagateValuesOnChangeOnly:60975333:76500
1626626935:updateInputs:61052167:416
1626626935:updateComponents:61052792:58958
1626626935:propagateValuesOnChangeOnly:61112000:76583
1626626935:updateInputs:61188917:458
1626626935:updateComponents:61189583:59542
1626626935:propagateValuesOnChangeOnly:61249375:76708
1626626935:updateInputs:61406500:417
1626626935:updateComponents:61407167:58916
1626626935:propagateValuesOnChangeOnly:61466333:82459
1626626935:updateInputs:61549125:500
1626626935:updateComponents:61549875:59000
1626626935:propagateValuesOnChangeOnly:61609125:78583
1626626935:updateInputs:61688000:458
1626626935:updateComponents:61688708:59167
1626626935:propagateValuesOnChangeOnly:61748125:74292
1626626935:updateInputs:61822708:459
1626626935:updateComponents:61823375:56708
1626626935:propagateValuesOnChangeOnly:61880417:77125
1626626935:updateInputs:61958083:459
1626626935:updateComponents:61958750:58833
1626626935:propagateValuesOnChangeOnly:62017833:80417
1626626935:updateInputs:62098583:459
1626626935:updateComponents:62099292:59166
1626626935:propagateValuesOnChangeOnly:62158667:76583
1626626935:updateInputs:62235542:458
1626626935:updateComponents:62236208:57125
1626626935:propagateValuesOnChangeOnly:62293542:76458
1626626935:updateInputs:62370333:459
1626626935:updateComponents:62371000:59292
1626626935:propagateValuesOnChangeOnly:62430542:76458
1626626935:updateInputs:62507375:458
1626626935:updateComponents:62508083:59000
1626626935:propagateValuesOnChangeOnly:62567333:76459
1626626935:updateInputs:62644125:417
1626626935:updateComponents:62644750:59083
1626626935:propagateValuesOnChangeOnly:62704083:76459
1626626935:updateInputs:62780875:458
1626626935:updateComponents:62781542:58958
1626626935:propagateValuesOnChangeOnly:62840750:76417
1626626935:updateInputs:62917500:458
1626626935:updateComponents:62918208:57584
1626626935:propagateValuesOnChangeOnly:62976000:76500
1626626935:updateInputs:63052958:459
1626626935:updateComponents:63053625:59208
1626626935:propagateValuesOnChangeOnly:63113042:76500
1626626935:updateInputs:63189875:458
1626626935:updateComponents:63190583:58959
1626626935:propagateValuesOnChangeOnly:63249792:76458
1626626935:updateInputs:63326542:500
1626626935:updateComponents:63327250:59333
1626626935:propagateValuesOnChangeOnly:63386833:76500
1626626935:updateInputs:63543333:417
1626626935:updateComponents:63544000:59208
1626626935:propagateValuesOnChangeOnly:63603458:83125
1626626935:updateInputs:63686958:459
1626626935:updateComponents:63687625:59042
1626626935:propagateValuesOnChangeOnly:63746917:88750
1626626935:updateInputs:63836000:458
1626626935:updateComponents:63836708:59459
1626626935:propagateValuesOnChangeOnly:63896417:85791
1626626935:updateInputs:63982542:458
1626626935:updateComponents:63983250:59125
1626626935:propagateValuesOnChangeOnly:64042625:86250
1626626935:updateInputs:64129208:459
1626626935:updateComponents:64129875:59000
1626626935:propagateValuesOnChangeOnly:64189125:82500
1626626935:updateInputs:64272083:459
1626626935:updateComponents:64272792:57083
1626626935:propagateValuesOnChangeOnly:64330125:74167
1626626935:updateInputs:64404625:417
1626626935:updateComponents:64405250:54417
1626626935:propagateValuesOnChangeOnly:64459917:70500
1626626935:updateInputs:64530708:459
1626626935:updateComponents:64531333:56000
1626626935:propagateValuesOnChangeOnly:64587542:70500
1626626935:updateInputs:64658333:459
1626626935:updateComponents:64658958:54500
1626626935:propagateValuesOnChangeOnly:64713708:70375
1626626935:updateInputs:64784458:417
1626626935:updateComponents:64785083:54375
1626626935:propagateValuesOnChangeOnly:64839667:70500
1626626935:updateInputs:64910458:417
1626626935:updateComponents:64911083:54250
1626626935:propagateValuesOnChangeOnly:64965542:70541
1626626935:updateInputs:65036375:417
1626626935:updateComponents:65037000:54333
1626626935:propagateValuesOnChangeOnly:65091583:70542
1626626935:updateInputs:65162417:416
1626626935:updateComponents:65163042:54250
1626626935:propagateValuesOnChangeOnly:65217542:70500
1626626935:updateInputs:65288375:458
1626626935:updateComponents:65289000:52833
1626626935:propagateValuesOnChangeOnly:65342083:70667
1626626935:updateInputs:65413042:416
1626626935:updateComponents:65413667:54333
1626626935:propagateValuesOnChangeOnly:65468167:70666
1626626935:updateInputs:65612292:416
1626626935:updateComponents:65612917:54416
1626626935:propagateValuesOnChangeOnly:65667583:76042
1626626935:updateInputs:65743917:416
1626626935:updateComponents:65744542:54291
1626626935:propagateValuesOnChangeOnly:65799000:72333
1626626935:updateInputs:65871667:416
1626626935:updateComponents:65872292:54250
1626626935:propagateValuesOnChangeOnly:65926750:68417
1626626935:updateInputs:65995458:417
1626626935:updateComponents:65996125:54583
1626626935:propagateValuesOnChangeOnly:66050958:71167
1626626935:updateInputs:66122333:417
1626626935:updateComponents:66122958:57292
1626626935:propagateValuesOnChangeOnly:66180500:74167
1626626935:updateInputs:66254958:459
1626626935:updateComponents:66255625:56750
1626626935:propagateValuesOnChangeOnly:66312625:70500
1626626935:updateInputs:66383458:375
1626626935:updateComponents:66384042:56750
1626626935:propagateValuesOnChangeOnly:66441000:70542
1626626935:updateInputs:66511833:417
1626626935:updateComponents:66512458:54375
1626626935:propagateValuesOnChangeOnly:66567083:70334
1626626935:updateInputs:66637708:459
1626626935:updateComponents:66638333:56542
1626626935:propagateValuesOnChangeOnly:66695083:70417
1626626935:updateInputs:66765792:458
1626626935:updateComponents:66766458:56667
1626626935:propagateValuesOnChangeOnly:66823333:70584
1626626935:updateInputs:66894292:375
1626626935:updateComponents:66894875:56917
1626626935:propagateValuesOnChangeOnly:66952000:70625
1626626935:updateInputs:67022917:416
1626626935:updateComponents:67023542:56875
1626626935:propagateValuesOnChangeOnly:67080625:70583
1626626935:updateInputs:67151500:542
1626626935:updateComponents:67152250:57000
1626626935:propagateValuesOnChangeOnly:67209500:75167
1626626935:updateInputs:67285000:417
1626626935:updateComponents:67285625:56708
1626626935:propagateValuesOnChangeOnly:67342583:70625
1626626935:updateInputs:67413458:500
1626626935:updateComponents:67414167:56083
1626626935:propagateValuesOnChangeOnly:67470417:70666
1626626935:updateInputs:67614750:417
1626626935:updateComponents:67615417:56833
1626626935:propagateValuesOnChangeOnly:67672458:76667
1626626935:updateInputs:67749458:417
1626626935:updateComponents:67750083:57042
1626626935:propagateValuesOnChangeOnly:67807333:81542
1626626935:updateInputs:67889167:416
1626626935:updateComponents:67889833:57000
1626626935:propagateValuesOnChangeOnly:67947083:79125
1626626935:updateInputs:68026542:416
1626626935:updateComponents:68027167:56958
1626626935:propagateValuesOnChangeOnly:68084375:79333
1626626935:updateInputs:68164000:417
1626626935:updateComponents:68164667:56750
1626626935:propagateValuesOnChangeOnly:68221625:75875
1626626935:updateInputs:68297750:417
1626626935:updateComponents:68298417:54166
1626626935:propagateValuesOnChangeOnly:68352792:74208
1626626935:updateInputs:68427250:458
1626626935:updateComponents:68427917:57125
1626626935:propagateValuesOnChangeOnly:68485250:70500
1626626935:updateInputs:68556167:458
1626626935:updateComponents:68556792:59416
1626626935:propagateValuesOnChangeOnly:68616417:70458
1626626935:updateInputs:68687125:417
1626626935:updateComponents:68687750:56667
1626626935:propagateValuesOnChangeOnly:68744625:70458
1626626935:updateInputs:68815375:417
1626626935:updateComponents:68816000:56667
1626626935:propagateValuesOnChangeOnly:68872917:70583
1626626935:updateInputs:68943792:458
1626626935:updateComponents:68944458:57084
1626626935:propagateValuesOnChangeOnly:69001750:70500
1626626935:updateInputs:69072875:417
1626626935:updateComponents:69073500:56667
1626626935:propagateValuesOnChangeOnly:69130375:70417
1626626935:updateInputs:69201083:417
1626626935:updateComponents:69201708:56709
1626626935:propagateValuesOnChangeOnly:69258625:70458
1626626935:updateInputs:69329375:417
1626626935:updateComponents:69330000:57042
1626626935:propagateValuesOnChangeOnly:69387208:70334
1626626935:updateInputs:69457875:417
1626626935:updateComponents:69458500:56750
1626626935:propagateValuesOnChangeOnly:69515458:70584
1626626935:updateInputs:69659750:417
1626626935:updateComponents:69660375:56708
1626626935:propagateValuesOnChangeOnly:69717292:75791
1626626935:updateInputs:69793375:417
1626626935:updateComponents:69794042:56666
1626626935:propagateValuesOnChangeOnly:69850917:72333
1626626935:updateInputs:69923542:416
1626626935:updateComponents:69924167:56833
1626626935:propagateValuesOnChangeOnly:69981208:68625
1626626935:updateInputs:70050125:458
1626626935:updateComponents:70050750:56708
1626626935:propagateValuesOnChangeOnly:70107625:71083
1626626935:updateInputs:70179000:417
1626626935:updateComponents:70179625:55625
1626626935:propagateValuesOnChangeOnly:70235458:69209
1626626935:updateInputs:70304958:375
1626626935:updateComponents:70305542:52750
1626626935:propagateValuesOnChangeOnly:70358500:65875
1626626935:updateInputs:70424667:416
1626626935:updateComponents:70425250:53292
1626626935:propagateValuesOnChangeOnly:70478750:66000
1626626935:updateInputs:70545042:375
1626626935:updateComponents:70545625:53083
1626626935:propagateValuesOnChangeOnly:70598917:65833
1626626935:updateInputs:70665083:375
1626626935:updateComponents:70665667:53083
1626626935:propagateValuesOnChangeOnly:70718958:65917
1626626935:updateInputs:70785167:375
1626626935:updateComponents:70785750:52792
1626626935:propagateValuesOnChangeOnly:70838750:65875
1626626935:updateInputs:70904917:416
1626626935:updateComponents:70905500:52958
1626626935:propagateValuesOnChangeOnly:70958667:65916
1626626935:updateInputs:71024875:417
1626626935:updateComponents:71025500:53000
1626626935:propagateValuesOnChangeOnly:71078708:65875
1626626935:updateInputs:71144875:375
1626626935:updateComponents:71145458:53125
1626626935:propagateValuesOnChangeOnly:71198792:65833
1626626935:updateInputs:71264917:416
1626626935:updateComponents:71265500:53375
1626626935:propagateValuesOnChangeOnly:71319083:65834
1626626935:updateInputs:71385208:417
1626626935:updateComponents:71385792:53291
1626626935:propagateValuesOnChangeOnly:71439292:65791
1626626935:updateInputs:71573750:417
1626626935:updateComponents:71574333:53042
1626626935:propagateValuesOnChangeOnly:71627583:70709
1626626935:updateInputs:71698625:375
1626626935:updateComponents:71699208:53042
1626626935:propagateValuesOnChangeOnly:71752417:76583
1626626935:updateInputs:71829292:416
1626626935:updateComponents:71829875:53000
1626626935:propagateValuesOnChangeOnly:71883042:73958
1626626935:updateInputs:71957292:375
1626626935:updateComponents:71957875:53208
1626626935:propagateValuesOnChangeOnly:72011292:74166
1626626935:updateInputs:72085708:417
1626626935:updateComponents:72086292:53000
1626626935:propagateValuesOnChangeOnly:72139500:73583
1626626935:updateInputs:72213500:417
1626626935:updateComponents:72214083:53042
1626626935:propagateValuesOnChangeOnly:72267333:69292
1626626935:updateInputs:72336875:417
1626626935:updateComponents:72337500:53333
1626626935:propagateValuesOnChangeOnly:72391042:66000
1626626935:updateInputs:72457292:416
1626626935:updateComponents:72457875:53333
1626626935:propagateValuesOnChangeOnly:72511458:65750
1626626935:updateInputs:72577458:417
1626626935:updateComponents:72578042:50750
1626626935:propagateValuesOnChangeOnly:72628958:65834
1626626935:updateInputs:72695167:375
1626626935:updateComponents:72695750:53375
1626626935:propagateValuesOnChangeOnly:72749333:66125
1626626935:updateInputs:72815750:375
1626626935:updateComponents:72816292:53041
1626626935:propagateValuesOnChangeOnly:72921833:66167
1626626935:updateInputs:72988292:375
1626626935:updateComponents:72988875:53083
1626626935:propagateValuesOnChangeOnly:73042167:65916
1626626935:updateInputs:73108333:375
1626626935:updateComponents:73108917:52791
1626626935:propagateValuesOnChangeOnly:73161958:66042
1626626935:updateInputs:73228417:416
1626626935:updateComponents:73229000:53250
1626626935:propagateValuesOnChangeOnly:73282458:65917
1626626935:updateInputs:73348625:375
1626626935:updateComponents:73349250:53208
1626626935:propagateValuesOnChangeOnly:73402625:65958
1626626935:updateInputs:73538042:375
1626626935:updateComponents:73538667:53000
1626626935:propagateValuesOnChangeOnly:73591875:70958
1626626935:updateInputs:73663125:417
1626626935:updateComponents:73663708:53125
1626626935:propagateValuesOnChangeOnly:73717042:66833
1626626935:updateInputs:73784333:375
1626626935:updateComponents:73784917:53083
1626626935:propagateValuesOnChangeOnly:73838208:64334
1626626935:updateInputs:73902833:375
1626626935:updateComponents:73903417:53041
1626626935:propagateValuesOnChangeOnly:73956708:66417
1626626935:updateInputs:74023375:417
1626626935:updateComponents:74024000:52958
1626626935:propagateValuesOnChangeOnly:74077167:69416
1626626935:updateInputs:74146833:417
1626626935:updateComponents:74147417:53000
1626626935:propagateValuesOnChangeOnly:74200583:65917
1626626935:updateInputs:74266792:416
1626626935:updateComponents:74267417:52958
1626626935:propagateValuesOnChangeOnly:74320583:65875
1626626935:updateInputs:74386750:375
1626626935:updateComponents:74387333:53500
1626626935:propagateValuesOnChangeOnly:74441000:66042
1626626935:updateInputs:74507333:417
1626626935:updateComponents:74507958:50750
1626626935:propagateValuesOnChangeOnly:74558917:65916
1626626935:updateInputs:74625125:417
1626626935:updateComponents:74625750:52875
1626626935:propagateValuesOnChangeOnly:74678833:65959
1626626935:updateInputs:74745125:375
1626626935:updateComponents:74745708:53125
1626626935:propagateValuesOnChangeOnly:74799000:65875
1626626935:updateInputs:74865167:375
1626626935:updateComponents:74865750:53000
1626626935:propagateValuesOnChangeOnly:74918958:66000
1626626935:updateInputs:74985250:417
1626626935:updateComponents:74985833:52959
1626626935:propagateValuesOnChangeOnly:75039000:66208
1626626935:updateInputs:75105458:417
1626626935:updateComponents:75106083:53084
1626626935:propagateValuesOnChangeOnly:75159333:65917
1626626935:updateInputs:75225667:458
1626626935:updateComponents:75226333:53417
1626626935:propagateValuesOnChangeOnly:75279958:65917
1626626935:updateInputs:75414500:417
1626626935:updateComponents:75415125:53083
1626626935:propagateValuesOnChangeOnly:75468417:71750
1626626935:updateInputs:75540458:375
1626626935:updateComponents:75541042:53000
1626626935:propagateValuesOnChangeOnly:75594250:76417
1626626935:updateInputs:75670958:417
1626626935:updateComponents:75671542:52916
1626626935:propagateValuesOnChangeOnly:75724667:73958
1626626935:updateInputs:75798958:375
1626626935:updateComponents:75799542:53041
1626626935:propagateValuesOnChangeOnly:75852792:74041
1626626935:updateInputs:75927125:375
1626626935:updateComponents:75927708:53000
1626626935:propagateValuesOnChangeOnly:75980875:70958
1626626935:updateInputs:76052083:417
1626626935:updateComponents:76052667:53250
1626626935:propagateValuesOnChangeOnly:76106083:73625
1626626935:updateInputs:76179958:375
1626626935:updateComponents:76180542:53333
1626626935:propagateValuesOnChangeOnly:76234042:65833
1626626935:updateInputs:76300208:417
1626626935:updateComponents:76300792:52958
1626626935:propagateValuesOnChangeOnly:76353958:65917
1626626935:updateInputs:76420125:375
1626626935:updateComponents:76420708:53375
1626626935:propagateValuesOnChangeOnly:76474292:65875
1626626935:updateInputs:76540417:416
1626626935:updateComponents:76541000:53125
1626626935:propagateValuesOnChangeOnly:76594333:65875
1626626935:updateInputs:76660500:375
1626626935:updateComponents:76661083:52959
1626626935:propagateValuesOnChangeOnly:76714250:65833
1626626935:updateInputs:76780500:375
1626626935:updateComponents:76781083:53000
1626626935:propagateValuesOnChangeOnly:76834250:65750
1626626935:updateInputs:76900250:417
1626626935:updateComponents:76900833:53042
1626626935:propagateValuesOnChangeOnly:76954083:65875
1626626935:updateInputs:77020208:417
1626626935:updateComponents:77020833:50792
1626626935:propagateValuesOnChangeOnly:77071833:65709
1626626935:updateInputs:77137833:417
1626626935:updateComponents:77138417:53375
1626626935:propagateValuesOnChangeOnly:77192000:65750
1626626935:updateInputs:77326750:375
1626626935:updateComponents:77327333:53000
1626626935:propagateValuesOnChangeOnly:77380500:70958
1626626935:updateInputs:77451750:375
1626626935:updateComponents:77452333:53000
1626626935:propagateValuesOnChangeOnly:77505542:67625
1626626935:updateInputs:77573417:416
1626626935:updateComponents:77574042:53333
1626626935:propagateValuesOnChangeOnly:77627583:64167
1626626935:updateInputs:77692042:375
1626626935:updateComponents:77692625:53375
1626626935:propagateValuesOnChangeOnly:77746208:66500
1626626935:updateInputs:77813042:375
1626626935:updateComponents:77813625:53000
1626626935:propagateValuesOnChangeOnly:77866792:69166
1626626935:updateInputs:77936208:417
1626626935:updateComponents:77936833:53084
1626626935:propagateValuesOnChangeOnly:77990125:65833
1626626935:updateInputs:78056208:417
1626626935:updateComponents:78056792:53208
1626626935:propagateValuesOnChangeOnly:78110208:65875
1626626935:updateInputs:78176333:375
1626626935:updateComponents:78176917:53125
1626626935:propagateValuesOnChangeOnly:78230250:65917
1626626935:updateInputs:78296500:375
1626626935:updateComponents:78297083:52917
1626626935:propagateValuesOnChangeOnly:78350208:65875
1626626935:updateInputs:78416333:417
1626626935:updateComponents:78416958:53042
1626626935:propagateValuesOnChangeOnly:78470208:65834
1626626935:updateInputs:78536333:375
1626626935:updateComponents:78536917:53000
1626626935:propagateValuesOnChangeOnly:78590083:78375
1626626935:updateInputs:78676042:916
1626626935:updateComponents:78677167:51958
1626626935:propagateValuesOnChangeOnly:78729375:66167
1626626935:updateInputs:78795833:459
1626626935:updateComponents:78796458:52792
1626626935:propagateValuesOnChangeOnly:78849500:65917
1626626935:updateInputs:78915667:416
1626626935:updateComponents:78916250:52458
1626626935:propagateValuesOnChangeOnly:78968958:65875
1626626935:updateInputs:79035083:500
1626626935:updateComponents:79035792:52375
1626626935:propagateValuesOnChangeOnly:79088417:65833
1626626935:updateInputs:79225458:417
1626626935:updateComponents:79226083:50250
1626626935:propagateValuesOnChangeOnly:79276583:71042
1626626935:updateInputs:79347917:375
1626626935:updateComponents:79348500:52417
1626626935:propagateValuesOnChangeOnly:79401167:79458
1626626935:updateInputs:79480917:375
1626626935:updateComponents:79481500:52375
1626626935:propagateValuesOnChangeOnly:79534125:76500
1626626935:updateInputs:79610875:417
1626626935:updateComponents:79611500:52500
1626626935:propagateValuesOnChangeOnly:79664250:77667
1626626935:updateInputs:79742167:375
1626626935:updateComponents:79742750:52458
1626626935:propagateValuesOnChangeOnly:79795417:71041
1626626935:updateInputs:79866708:417
1626626935:updateComponents:79867333:50792
1626626935:propagateValuesOnChangeOnly:79918375:69375
1626626935:updateInputs:79988042:416
1626626935:updateComponents:79988625:51625
1626626935:propagateValuesOnChangeOnly:80040500:65833
1626626935:updateInputs:80106542:375
1626626935:updateComponents:80107125:48583
1626626935:propagateValuesOnChangeOnly:80155917:61083
1626626935:updateInputs:80217250:417
1626626935:updateComponents:80217833:48667
1626626935:propagateValuesOnChangeOnly:80266750:61125
1626626935:updateInputs:80328083:375
1626626935:updateComponents:80328667:48541
1626626935:propagateValuesOnChangeOnly:80377417:61041
1626626935:updateInputs:80438708:375
1626626935:updateComponents:80439250:48708
1626626935:propagateValuesOnChangeOnly:80488167:61125
1626626935:updateInputs:80549542:333
1626626935:updateComponents:80550083:48959
1626626935:propagateValuesOnChangeOnly:80599250:61125
1626626935:updateInputs:80660583:375
1626626935:updateComponents:80661125:48625
1626626935:propagateValuesOnChangeOnly:80709958:61250
1626626935:updateInputs:80771500:333
1626626935:updateComponents:80772042:48916
1626626935:propagateValuesOnChangeOnly:80821167:61125
1626626935:updateInputs:80882542:375
1626626935:updateComponents:80883083:48834
1626626935:propagateValuesOnChangeOnly:80932125:61208
1626626935:updateInputs:81057667:333
1626626935:updateComponents:81058208:48834
1626626935:propagateValuesOnChangeOnly:81107250:65875
1626626935:updateInputs:81173333:375
1626626935:updateComponents:81173917:48791
1626626935:propagateValuesOnChangeOnly:81222917:62750
1626626935:updateInputs:81285917:375
1626626935:updateComponents:81286458:48584
1626626935:propagateValuesOnChangeOnly:81335292:59500
1626626935:updateInputs:81395042:333
1626626935:updateComponents:81395583:48917
1626626935:propagateValuesOnChangeOnly:81444750:61667
1626626935:updateInputs:81506625:417
1626626935:updateComponents:81507208:48625
1626626935:propagateValuesOnChangeOnly:81556042:64208
1626626935:updateInputs:81620500:375
1626626935:updateComponents:81621042:58000
1626626935:propagateValuesOnChangeOnly:81679250:64833
1626626935:updateInputs:81744333:375
1626626935:updateComponents:81744917:48708
1626626935:propagateValuesOnChangeOnly:81793833:61292
1626626935:updateInputs:81855375:417
1626626935:updateComponents:81855917:51791
1626626935:propagateValuesOnChangeOnly:81907958:61084
1626626935:updateInputs:81969292:375
1626626935:updateComponents:81969833:49084
1626626935:propagateValuesOnChangeOnly:82019125:61250
1626626935:updateInputs:82080625:375
1626626935:updateComponents:82081167:47041
1626626935:propagateValuesOnChangeOnly:82128458:61042
1626626935:updateInputs:82189750:375
1626626935:updateComponents:82190292:49166
1626626935:propagateValuesOnChangeOnly:82239708:61167
1626626935:updateInputs:82301125:375
1626626935:updateComponents:82301667:49208
1626626935:propagateValuesOnChangeOnly:82351083:61125
1626626935:updateInputs:82412458:375
1626626935:updateComponents:82413000:49458
1626626935:propagateValuesOnChangeOnly:82462667:61041
1626626935:updateInputs:82523958:334
1626626935:updateComponents:82524458:49125
1626626935:propagateValuesOnChangeOnly:82573833:61209
1626626935:updateInputs:82635292:416
1626626935:updateComponents:82635917:49250
1626626935:propagateValuesOnChangeOnly:82685375:61083
1626626935:updateInputs:82810375:333
1626626935:updateComponents:82810917:49166
1626626935:propagateValuesOnChangeOnly:82860292:66541
1626626935:updateInputs:82927083:375
1626626935:updateComponents:82927625:49417
1626626935:propagateValuesOnChangeOnly:82977250:73875
1626626935:updateInputs:83051375:375
1626626935:updateComponents:83051917:49166
1626626935:propagateValuesOnChangeOnly:83101292:68541
1626626935:updateInputs:83170083:375
1626626935:updateComponents:83170625:49250
1626626935:propagateValuesOnChangeOnly:83220083:71875
1626626935:updateInputs:83292167:375
1626626935:updateComponents:83292750:49292
1626626935:propagateValuesOnChangeOnly:83342292:65750
1626626935:updateInputs:83408292:375
1626626935:updateComponents:83408833:49167
1626626935:propagateValuesOnChangeOnly:83458208:64500
1626626935:updateInputs:83522917:375
1626626935:updateComponents:83523458:48084
1626626935:propagateValuesOnChangeOnly:83571750:60583
1626626935:updateInputs:83632542:375
1626626935:updateComponents:83633083:49334
1626626935:propagateValuesOnChangeOnly:83682625:61250
1626626935:updateInputs:83744083:417
1626626935:updateComponents:83744708:49250
1626626935:propagateValuesOnChangeOnly:83794208:61084
1626626935:updateInputs:83855542:375
1626626935:updateComponents:83856125:49083
1626626935:propagateValuesOnChangeOnly:83905417:61041
1626626935:updateInputs:83966708:375
1626626935:updateComponents:83967250:49208
1626626935:propagateValuesOnChangeOnly:84016667:63916
1626626935:updateInputs:84080833:375
1626626935:updateComponents:84081375:49125
1626626935:propagateValuesOnChangeOnly:84130708:61250
1626626935:updateInputs:84192208:375
1626626935:updateComponents:84192792:49333
1626626935:propagateValuesOnChangeOnly:84242292:61041
1626626935:updateInputs:84303583:375
1626626935:updateComponents:84304125:49458
1626626935:propagateValuesOnChangeOnly:84353750:61167
1626626935:updateInputs:84415208:375
1626626935:updateComponents:84415750:49417
1626626935:propagateValuesOnChangeOnly:84465333:61209
1626626935:updateInputs:84590292:375
1626626935:updateComponents:84590833:49417
1626626935:propagateValuesOnChangeOnly:84640417:65875
1626626935:updateInputs:84706542:375
1626626935:updateComponents:84707083:49209
1626626935:propagateValuesOnChangeOnly:84756500:62792
1626626935:updateInputs:84819500:375
1626626935:updateComponents:84820042:49250
1626626935:propagateValuesOnChangeOnly:84869458:59375
1626626935:updateInputs:84929083:375
1626626935:updateComponents:84929667:49541
1626626935:propagateValuesOnChangeOnly:84979417:61583
1626626935:updateInputs:85041292:333
1626626935:updateComponents:85041833:49125
1626626935:propagateValuesOnChangeOnly:85091125:64292
1626626935:updateInputs:85155667:375
1626626935:updateComponents:85156208:49542
1626626935:propagateValuesOnChangeOnly:85205917:61166
1626626935:updateInputs:85267333:375
1626626935:updateComponents:85267875:49042
1626626935:propagateValuesOnChangeOnly:85317125:61208
1626626935:updateInputs:85378583:375
1626626935:updateComponents:85379167:49416
1626626935:propagateValuesOnChangeOnly:85428792:61125
1626626935:updateInputs:85490167:375
1626626935:updateComponents:85490708:49250
1626626935:propagateValuesOnChangeOnly:85540125:61167
1626626935:updateInputs:85601583:334
1626626935:updateComponents:85602125:49167
1626626935:propagateValuesOnChangeOnly:85651500:61167
1626626935:updateInputs:85713250:375
1626626935:updateComponents:85713792:49250
1626626935:propagateValuesOnChangeOnly:85763250:61125
1626626935:updateInputs:85824667:375
1626626935:updateComponents:85825208:49250
1626626935:propagateValuesOnChangeOnly:85874667:61166
1626626935:updateInputs:85936083:375
1626626935:updateComponents:85936625:49083
1626626935:propagateValuesOnChangeOnly:85985917:63833
1626626935:updateInputs:86050042:333
1626626935:updateComponents:86050583:47125
1626626935:propagateValuesOnChangeOnly:86097917:61041
1626626935:updateInputs:86159208:417
1626626935:updateComponents:86159792:49291
1626626935:propagateValuesOnChangeOnly:86209292:61125
1626626935:updateInputs:86334167:375
1626626935:updateComponents:86334708:49334
1626626935:propagateValuesOnChangeOnly:86384250:66208
1626626935:updateInputs:86450708:375
1626626935:updateComponents:86451250:49250
1626626935:propagateValuesOnChangeOnly:86500708:73917
1626626935:updateInputs:86574875:375
1626626935:updateComponents:86575375:49583
1626626935:propagateValuesOnChangeOnly:86625167:68250
1626626935:updateInputs:86693792:375
1626626935:updateComponents:86694333:49334
1626626935:propagateValuesOnChangeOnly:86743875:71750
1626626935:updateInputs:86815875:375
1626626935:updateComponents:86820958:49542
1626626935:propagateValuesOnChangeOnly:86870667:65833
1626626935:updateInputs:86936750:375
1626626935:updateComponents:86937333:49209
1626626935:propagateValuesOnChangeOnly:86986750:64208
1626626935:updateInputs:87051208:334
1626626935:updateComponents:87051750:49208
1626626935:propagateValuesOnChangeOnly:87101125:61083
1626626935:updateInputs:87162750:375
1626626935:updateComponents:87163292:49375
1626626935:propagateValuesOnChangeOnly:87212875:61125
1626626935:updateInputs:87274250:375
1626626935:updateComponents:87274792:49583
1626626935:propagateValuesOnChangeOnly:87324583:61209
1626626935:updateInputs:87386042:333
1626626935:updateComponents:87386542:49166
1626626935:propagateValuesOnChangeOnly:87435917:61041
1626626935:updateInputs:87497208:334
1626626935:updateComponents:87497750:49167
1626626935:propagateValuesOnChangeOnly:87547083:61167
1626626935:updateInputs:87608500:375
1626626935:updateComponents:87609042:49166
1626626935:propagateValuesOnChangeOnly:87658375:60792
1626626935:updateInputs:87719458:375
1626626935:updateComponents:87720042:49541
1626626935:propagateValuesOnChangeOnly:87769792:61125
1626626935:updateInputs:87831167:375
1626626935:updateComponents:87831708:49584
1626626935:propagateValuesOnChangeOnly:87881500:61083
1626626935:updateInputs:87942833:375
1626626935:updateComponents:87943375:49333
1626626935:propagateValuesOnChangeOnly:87992875:61042
1626626935:updateInputs:88117667:375
1626626935:updateComponents:88118208:49334
1626626935:propagateValuesOnChangeOnly:88167750:65292
1626626935:updateInputs:88233292:375
1626626935:updateComponents:88233833:47042
1626626935:propagateValuesOnChangeOnly:88281083:62709
1626626935:updateInputs:88344083:375
1626626935:updateComponents:88344625:49125
1626626935:propagateValuesOnChangeOnly:88393917:59500
1626626935:updateInputs:88453667:375
1626626935:updateComponents:88454208:49167
1626626935:propagateValuesOnChangeOnly:88503583:61584
1626626935:updateInputs:88565708:375
1626626935:updateComponents:88566250:49083
1626626935:propagateValuesOnChangeOnly:88615542:67625
1626626935:updateInputs:88683417:375
1626626935:updateComponents:88683958:49459
1626626935:propagateValuesOnChangeOnly:88733583:61084
1626626935:updateInputs:88794917:375
1626626935:updateComponents:88795458:49417
1626626935:propagateValuesOnChangeOnly:88845042:61125
1626626935:updateInputs:88906417:375
1626626935:updateComponents:88907000:47958
1626626935:propagateValuesOnChangeOnly:88955125:61208
1626626935:updateInputs:89016708:375
1626626935:updateComponents:89017250:49458
1626626935:propagateValuesOnChangeOnly:89066875:61208
1626626935:updateInputs:89128333:375
1626626935:updateComponents:89128875:49167
1626626935:propagateValuesOnChangeOnly:89178208:61167
1626626935:updateInputs:89239667:333
1626626935:updateComponents:89240167:49083
1626626935:propagateValuesOnChangeOnly:89289417:61083
1626626935:updateInputs:89350792:333
1626626935:updateComponents:89351333:49042
1626626935:propagateValuesOnChangeOnly:89400583:61084
1626626935:updateInputs:89462167:375
1626626935:updateComponents:89462708:49542
1626626935:propagateValuesOnChangeOnly:89512458:61167
1626626935:updateInputs:89573875:375
1626626935:updateComponents:89574458:49167
1626626935:propagateValuesOnChangeOnly:89623792:61083
1626626935:updateInputs:89685125:542
1626626935:updateComponents:89685875:49208
1626626935:propagateValuesOnChangeOnly:89735292:61125
1626626935:updateInputs:89861375:417
1626626935:updateComponents:89862000:49042
1626626935:propagateValuesOnChangeOnly:89911250:67375
1626626935:updateInputs:89979000:417
1626626935:updateComponents:89979583:49667
1626626935:propagateValuesOnChangeOnly:90029417:74000
1626626935:updateInputs:90103667:333
1626626935:updateComponents:90104167:48458
1626626935:propagateValuesOnChangeOnly:90152792:68333
1626626935:updateInputs:90221375:375
1626626935:updateComponents:90221917:49208
1626626935:propagateValuesOnChangeOnly:90271292:71875
1626626935:updateInputs:90343417:333
1626626935:updateComponents:90343958:49084
1626626935:propagateValuesOnChangeOnly:90393250:65917
1626626935:updateInputs:90459417:375
1626626935:updateComponents:90459958:49209
1626626935:propagateValuesOnChangeOnly:90509333:61500
1626626935:updateInputs:90571083:375
1626626935:updateComponents:90571625:49542
1626626935:propagateValuesOnChangeOnly:90621333:61500
1626626935:updateInputs:90683083:375
1626626935:updateComponents:90683625:49208
1626626935:propagateValuesOnChangeOnly:90733042:61125
1626626935:updateInputs:90794417:375
1626626935:updateComponents:90794958:49209
1626626935:propagateValuesOnChangeOnly:90844333:61084
1626626935:updateInputs:90905875:333
1626626935:updateComponents:90906375:47625
1626626935:propagateValuesOnChangeOnly:90954167:61166
1626626935:updateInputs:91015625:333
1626626935:updateComponents:91016125:49417
1626626935:propagateValuesOnChangeOnly:91065750:61000
1626626935:updateInputs:91127000:375
1626626935:updateComponents:91127542:49208
1626626935:propagateValuesOnChangeOnly:91176917:61208
1626626935:updateInputs:91238375:375
1626626935:updateComponents:91238917:49125
1626626935:propagateValuesOnChangeOnly:91288208:61125
1626626935:updateInputs:91349667:333
1626626935:updateComponents:91350208:49375
1626626935:propagateValuesOnChangeOnly:91399750:61167
1626626935:Run loop:13400167:78061041
1626626935:programMemory:7707125:83811042
1626626935:updateInputs:92331708:542
1626626935:updateComponents:92332542:46958
1626626935:Init circuit:91650417:922750
1626626935:updateInputs:92573417:333
1626626935:updateComponents:92573958:47084
1626626935:propagateValuesOnChangeOnly:92621250:66250
1626626935:updateInputs:92687792:375
1626626935:updateComponents:92688333:47125
1626626935:propagateValuesOnChangeOnly:92735667:63750
1626626935:updateInputs:92799667:375
1626626935:updateComponents:92800208:46584
1626626935:propagateValuesOnChangeOnly:92847042:60833
1626626935:updateInputs:92908167:375
1626626935:updateComponents:92908708:47375
1626626935:propagateValuesOnChangeOnly:92956292:62833
1626626935:updateInputs:93019375:458
1626626935:updateComponents:93020000:47167
1626626935:propagateValuesOnChangeOnly:93067375:61750
1626626935:updateInputs:93129417:375
1626626935:updateComponents:93129958:45334
1626626935:propagateValuesOnChangeOnly:93175500:63000
1626626935:updateInputs:93238750:333
1626626935:updateComponents:93239292:45333
1626626935:propagateValuesOnChangeOnly:93284833:61667
1626626935:updateInputs:93346750:375
1626626935:updateComponents:93347333:47334
1626626935:propagateValuesOnChangeOnly:93394875:61708
1626626935:updateInputs:93456875:333
1626626935:updateComponents:93457417:47083
1626626935:propagateValuesOnChangeOnly:93504708:63000
1626626935:updateInputs:93567958:417
1626626935:updateComponents:93568583:47334
1626626935:propagateValuesOnChangeOnly:93616167:61833
1626626935:updateInputs:93678250:375
1626626935:updateComponents:93678833:46334
1626626935:propagateValuesOnChangeOnly:93725375:61583
1626626935:updateInputs:93787208:334
1626626935:updateComponents:93787750:46375
1626626935:propagateValuesOnChangeOnly:93834333:61834
1626626935:updateInputs:93896458:334
1626626935:updateComponents:93896958:48042
1626626935:propagateValuesOnChangeOnly:93945208:59542
1626626935:updateInputs:94005000:333
1626626935:updateComponents:94005500:43708
1626626935:propagateValuesOnChangeOnly:94049417:59583
1626626935:updateInputs:94109250:375
1626626935:updateComponents:94109833:46542
1626626935:propagateValuesOnChangeOnly:94156583:60292
1626626935:updateInputs:94278417:375
1626626935:updateComponents:94278958:45500
1626626935:propagateValuesOnChangeOnly:94324667:59833
1626626935:updateInputs:94384750:333
1626626935:updateComponents:94385292:45791
1626626935:propagateValuesOnChangeOnly:94431292:59750
1626626935:updateInputs:94491333:334
1626626935:updateComponents:94491875:43833
1626626935:propagateValuesOnChangeOnly:94535917:61708
1626626935:updateInputs:94597875:333
1626626935:updateComponents:94598417:45541
1626626935:propagateValuesOnChangeOnly:94644167:59500
1626626935:updateInputs:94703958:334
1626626935:updateComponents:94704458:45459
1626626935:propagateValuesOnChangeOnly:94750125:59542
1626626935:updateInputs:94809917:333
1626626935:updateComponents:94810458:45459
1626626935:propagateValuesOnChangeOnly:94856125:59417
1626626935:updateInputs:94915833:334
1626626935:updateComponents:94916292:47666
1626626935:propagateValuesOnChangeOnly:94964125:59667
1626626935:updateInputs:95024042:333
1626626935:updateComponents:95024542:45666
1626626935:propagateValuesOnChangeOnly:95070375:66625
1626626935:updateInputs:95137292:333
1626626935:updateComponents:95137792:45625
1626626935:propagateValuesOnChangeOnly:95183583:59625
1626626935:updateInputs:95243500:333
1626626935:updateComponents:95244000:47500
1626626935:propagateValuesOnChangeOnly:95291667:62458
1626626935:updateInputs:95354375:333
1626626935:updateComponents:95354875:47708
1626626935:propagateValuesOnChangeOnly:95402792:59625
1626626935:updateInputs:95462667:333
1626626935:updateComponents:95463167:47666
1626626935:propagateValuesOnChangeOnly:95511000:66333
1626626935:updateInputs:95577625:292
1626626935:updateComponents:95578083:45542
1626626935:propagateValuesOnChangeOnly:95623833:59625
1626626935:updateInputs:95683708:334
1626626935:updateComponents:95684250:47875
1626626935:propagateValuesOnChangeOnly:95732292:59666
1626626935:updateInputs:95792208:417
1626626935:updateComponents:95792792:47416
1626626935:propagateValuesOnChangeOnly:95840417:59791
1626626935:updateInputs:95962583:334
1626626935:updateComponents:95963083:47625
1626626935:propagateValuesOnChangeOnly:96010917:60416
1626626935:updateInputs:96071583:334
1626626935:updateComponents:96072083:49292
1626626935:propagateValuesOnChangeOnly:96121542:61833
1626626935:updateInputs:96183625:333
1626626935:updateComponents:96184167:47500
1626626935:propagateValuesOnChangeOnly:96231833:60292
1626626935:updateInputs:96292375:333
1626626935:updateComponents:96292917:47750
1626626935:propagateValuesOnChangeOnly:96340875:59583
1626626935:updateInputs:96400708:334
1626626935:updateComponents:96401208:44959
1626626935:propagateValuesOnChangeOnly:96446333:59667
1626626935:updateInputs:96506250:333
1626626935:updateComponents:96506708:47459
1626626935:propagateValuesOnChangeOnly:96554333:59709
1626626935:updateInputs:96614250:333
1626626935:updateComponents:96614750:46833
1626626935:propagateValuesOnChangeOnly:96661750:59750
1626626935:updateInputs:96721750:292
1626626935:updateComponents:96722208:45625
1626626935:propagateValuesOnChangeOnly:96768000:59583
1626626935:updateInputs:96827833:334
1626626935:updateComponents:96828333:47750
1626626935:propagateValuesOnChangeOnly:96876417:61250
1626626935:updateInputs:96937917:333
1626626935:updateComponents:96938417:47875
1626626935:propagateValuesOnChangeOnly:96986458:59917
1626626935:updateInputs:97046625:333
1626626935:updateComponents:97047125:45833
1626626935:propagateValuesOnChangeOnly:97093125:59667
1626626935:updateInputs:97153042:333
1626626935:updateComponents:97153542:47208
1626626935:propagateValuesOnChangeOnly:97200958:59750
1626626935:updateInputs:97260958:334
1626626935:updateComponents:97261458:47542
1626626935:propagateValuesOnChangeOnly:97309167:59666
1626626935:updateInputs:97369083:334
1626626935:updateComponents:97369625:46458
1626626935:propagateValuesOnChangeOnly:97416250:59667
1626626935:updateInputs:97476167:333
1626626935:updateComponents:97476667:47708
1626626935:propagateValuesOnChangeOnly:97524583:59750
1626626935:updateInputs:97645958:250
1626626935:updateComponents:97646375:47333
1626626935:propagateValuesOnChangeOnly:97693917:60000
1626626935:updateInputs:97754167:333
1626626935:updateComponents:97754667:47416
1626626935:propagateValuesOnChangeOnly:97802250:59708
1626626935:updateInputs:97862208:375
1626626935:updateComponents:97862750:47417
1626626935:propagateValuesOnChangeOnly:97910333:60250
1626626935:updateInputs:97970792:333
1626626935:updateComponents:97971333:47459
1626626935:propagateValuesOnChangeOnly:98019000:59708
1626626935:updateInputs:98078958:334
1626626935:updateComponents:98079458:47500
1626626935:propagateValuesOnChangeOnly:98127083:59875
1626626935:updateInputs:98187208:334
1626626935:updateComponents:98187708:45792
1626626935:propagateValuesOnChangeOnly:98233708:59834
1626626935:updateInputs:98293792:333
1626626935:updateComponents:98294292:47541
1626626935:propagateValuesOnChangeOnly:98342000:59625
1626626935:updateInputs:98401875:333
1626626935:updateComponents:98402375:46875
1626626935:propagateValuesOnChangeOnly:98449417:59916
1626626935:updateInputs:98509542:333
1626626935:updateComponents:98510042:47416
1626626935:propagateValuesOnChangeOnly:98557625:61542
1626626935:updateInputs:98619417:291
1626626935:updateComponents:98619875:48250
1626626935:propagateValuesOnChangeOnly:98668333:59709
1626626935:updateInputs:98728250:375
1626626935:updateComponents:98728792:47458
1626626935:propagateValuesOnChangeOnly:98776417:59666
1626626935:updateInputs:98836333:334
1626626935:updateComponents:98836833:47459
1626626935:propagateValuesOnChangeOnly:98884458:59667
1626626935:updateInputs:98944375:333
1626626935:updateComponents:98944875:47333
1626626935:propagateValuesOnChangeOnly:98992417:59708
1626626935:updateInputs:99052375:333
1626626935:updateComponents:99052875:47417
1626626935:propagateValuesOnChangeOnly:99100458:59792
1626626935:updateInputs:99160500:417
1626626935:updateComponents:99161042:47375
1626626935:propagateValuesOnChangeOnly:99208583:59667
1626626935:updateInputs:99331833:375
1626626935:updateComponents:99332375:49167
1626626935:propagateValuesOnChangeOnly:99381708:60834
1626626935:updateInputs:99442792:333
1626626935:updateComponents:99443292:48541
1626626935:propagateValuesOnChangeOnly:99492042:62708
1626626935:updateInputs:99555000:333
1626626935:updateComponents:99555500:46250
1626626935:propagateValuesOnChangeOnly:99601958:60167
1626626935:updateInputs:99662375:333
1626626935:updateComponents:99662875:47458
1626626935:propagateValuesOnChangeOnly:99710500:59667
1626626935:updateInputs:99770417:333
1626626935:updateComponents:99770917:47000
1626626935:propagateValuesOnChangeOnly:99818042:59708
1626626935:updateInputs:99877958:334
1626626935:updateComponents:99878458:45625
1626626935:propagateValuesOnChangeOnly:99924250:59292
1626626935:updateInputs:99983750:333
1626626935:updateComponents:99984292:46666
1626626935:propagateValuesOnChangeOnly:100031167:58791
1626626935:updateInputs:100090208:334
1626626935:updateComponents:100090708:46792
1626626935:propagateValuesOnChangeOnly:100137667:58708
1626626935:updateInputs:100196625:333
1626626935:updateComponents:100197125:47000
1626626935:propagateValuesOnChangeOnly:100244333:58875
1626626935:updateInputs:100303417:333
1626626935:updateComponents:100303958:46917
1626626935:propagateValuesOnChangeOnly:100351083:58709
1626626935:updateInputs:100410042:291
1626626935:updateComponents:100410500:44833
1626626935:propagateValuesOnChangeOnly:100455500:67542
1626626935:updateInputs:100523292:333
1626626935:updateComponents:100523750:46500
1626626935:propagateValuesOnChangeOnly:100570458:58750
1626626935:updateInputs:100629458:292
1626626935:updateComponents:100634125:47667
1626626935:propagateValuesOnChangeOnly:100682000:60958
1626626935:updateInputs:100743292:333
1626626935:updateComponents:100743792:46083
1626626935:propagateValuesOnChangeOnly:100790083:59125
1626626935:updateInputs:100849458:334
1626626935:updateComponents:100849958:46667
1626626935:propagateValuesOnChangeOnly:100896792:58833
1626626935:updateInputs:101017083:292
1626626935:updateComponents:101017583:46917
1626626935:propagateValuesOnChangeOnly:101064667:58500
1626626935:updateInputs:101123417:333
1626626935:updateComponents:101123917:46791
1626626935:propagateValuesOnChangeOnly:101170875:58833
1626626935:updateInputs:101229958:292
1626626935:updateComponents:101230417:47041
1626626935:propagateValuesOnChangeOnly:101277667:59333
1626626935:updateInputs:101337250:292
1626626935:updateComponents:101337750:46667
1626626935:propagateValuesOnChangeOnly:101384542:58750
1626626935:updateInputs:101443542:333
1626626935:updateComponents:101444042:46625
1626626935:propagateValuesOnChangeOnly:101490875:58708
1626626935:updateInputs:101549833:375
1626626935:updateComponents:101550375:45250
1626626935:propagateValuesOnChangeOnly:101595792:58708
1626626935:updateInputs:101654708:334
1626626935:updateComponents:101655208:46667
1626626935:propagateValuesOnChangeOnly:101702042:58750
1626626935:updateInputs:101761042:333
1626626935:updateComponents:101761583:49917
1626626935:propagateValuesOnChangeOnly:101811667:58750
1626626935:updateInputs:101870667:291
1626626935:updateComponents:101871167:46875
1626626935:propagateValuesOnChangeOnly:101918208:58667
1626626935:updateInputs:101977125:333
1626626935:updateComponents:101977667:46708
1626626935:propagateValuesOnChangeOnly:102024542:58791
1626626935:updateInputs:102083583:334
1626626935:updateComponents:102084083:46750
1626626935:propagateValuesOnChangeOnly:102131000:58792
1626626935:updateInputs:102190042:333
1626626935:updateComponents:102190542:44833
1626626935:propagateValuesOnChangeOnly:102235833:58584
1626626935:updateInputs:102294667:333
1626626935:updateComponents:102295167:46666
1626626935:propagateValuesOnChangeOnly:102342000:58500
1626626935:updateInputs:102400708:334
1626626935:updateComponents:102401167:44833
1626626935:propagateValuesOnChangeOnly:102446167:58791
1626626935:updateInputs:102505208:375
1626626935:updateComponents:102505750:46750
1626626935:propagateValuesOnChangeOnly:102552667:58791
1626626935:updateInputs:102675792:291
1626626935:updateComponents:102676292:46708
1626626935:propagateValuesOnChangeOnly:102723167:59625
1626626935:updateInputs:102783042:333
1626626935:updateComponents:102783542:46875
1626626935:propagateValuesOnChangeOnly:102830625:58833
1626626935:updateInputs:102889708:375
1626626935:updateComponents:102890250:45917
1626626935:propagateValuesOnChangeOnly:102936375:59542
1626626935:updateInputs:102996125:333
1626626935:updateComponents:102996667:46625
1626626935:propagateValuesOnChangeOnly:103043500:58792
1626626935:updateInputs:103102500:333
1626626935:updateComponents:103103000:44833
1626626935:propagateValuesOnChangeOnly:103148000:58583
1626626935:updateInputs:103206833:334
1626626935:updateComponents:103207333:46959
1626626935:propagateValuesOnChangeOnly:103254458:58750
1626626935:updateInputs:103313417:333
1626626935:updateComponents:103313917:44750
1626626935:propagateValuesOnChangeOnly:103358833:58709
1626626935:updateInputs:103417750:333
1626626935:updateComponents:103418250:46833
1626626935:propagateValuesOnChangeOnly:103465292:58916
1626626935:updateInputs:103524417:333
1626626935:updateComponents:103524958:46625
1626626935:propagateValuesOnChangeOnly:103571750:58750
1626626935:updateInputs:103630750:292
1626626935:updateComponents:103631250:46667
1626626935:propagateValuesOnChangeOnly:103678125:58500
1626626935:updateInputs:103736833:334
1626626935:updateComponents:103737375:46583
1626626935:propagateValuesOnChangeOnly:103784125:58667
1626626935:updateInputs:103843000:333
1626626935:updateComponents:103843500:46917
1626626935:propagateValuesOnChangeOnly:103890625:58792
1626626935:updateInputs:103949667:333
1626626935:updateComponents:103950167:44916
1626626935:propagateValuesOnChangeOnly:103995250:58792
1626626935:updateInputs:104054292:291
1626626935:updateComponents:104054792:56458
1626626935:propagateValuesOnChangeOnly:104111417:58666
1626626935:updateInputs:104170333:375
1626626935:updateComponents:104170875:46708
1626626935:propagateValuesOnChangeOnly:104217750:58833
1626626935:updateInputs:104340667:291
1626626935:updateComponents:104341125:46208
1626626935:propagateValuesOnChangeOnly:104387500:59000
1626626935:updateInputs:104446708:334
1626626935:updateComponents:104447250:46625
1626626935:propagateValuesOnChangeOnly:104494042:58916
1626626935:updateInputs:104553167:333
1626626935:updateComponents:104553708:44750
1626626935:propagateValuesOnChangeOnly:104598625:60542
1626626935:updateInputs:104659417:333
1626626935:updateComponents:104659917:46916
1626626935:propagateValuesOnChangeOnly:104707042:58833
1626626935:updateInputs:104766083:375
1626626935:updateComponents:104766625:46833
1626626935:propagateValuesOnChangeOnly:104813625:58792
1626626935:updateInputs:104872667:333
1626626935:updateComponents:104873167:46625
1626626935:propagateValuesOnChangeOnly:104920000:58833
1626626935:updateInputs:104979083:334
1626626935:updateComponents:104979583:46750
1626626935:propagateValuesOnChangeOnly:105026500:58708
1626626935:updateInputs:105085417:333
1626626935:updateComponents:105085917:46625
1626626935:propagateValuesOnChangeOnly:105132750:58750
1626626935:updateInputs:105191750:292
1626626935:updateComponents:105192250:44833
1626626935:propagateValuesOnChangeOnly:105237250:58750
1626626935:updateInputs:105296292:333
1626626935:updateComponents:105296792:45125
1626626935:propagateValuesOnChangeOnly:105342125:58958
1626626935:updateInputs:105401333:334
1626626935:updateComponents:105401833:47000
1626626935:propagateValuesOnChangeOnly:105449042:61541
1626626935:updateInputs:105510833:334
1626626935:updateComponents:105511333:46750
1626626935:propagateValuesOnChangeOnly:105558250:58750
1626626935:updateInputs:105617250:292
1626626935:updateComponents:105617708:46625
1626626935:propagateValuesOnChangeOnly:105664500:58875
1626626935:updateInputs:105723583:334
1626626935:updateComponents:105724083:57209
1626626935:propagateValuesOnChangeOnly:105781458:58834
1626626935:updateInputs:105840500:542
1626626935:updateComponents:105841208:47084
1626626935:propagateValuesOnChangeOnly:105888458:58709
1626626935:updateInputs:106007750:333
1626626935:updateComponents:106008250:46750
1626626935:propagateValuesOnChangeOnly:106055167:59916
1626626935:updateInputs:106115333:334
1626626935:updateComponents:106115833:44792
1626626935:propagateValuesOnChangeOnly:106160792:69625
1626626935:updateInputs:106230667:333
1626626935:updateComponents:106231167:46708
1626626935:propagateValuesOnChangeOnly:106278083:59292
1626626935:updateInputs:106337625:333
1626626935:updateComponents:106338125:46750
1626626935:propagateValuesOnChangeOnly:106385125:61417
1626626935:updateInputs:106446792:333
1626626935:updateComponents:106447292:46958
1626626935:propagateValuesOnChangeOnly:106494458:58709
1626626935:updateInputs:106553417:333
1626626935:updateComponents:106553917:46625
1626626935:propagateValuesOnChangeOnly:106600708:58750
1626626935:updateInputs:106659708:334
1626626935:updateComponents:106660208:55167
1626626935:propagateValuesOnChangeOnly:106715583:58667
1626626935:updateInputs:106774458:375
1626626935:updateComponents:106775000:44708
1626626935:propagateValuesOnChangeOnly:106819917:58750
1626626935:updateInputs:106878917:333
1626626935:updateComponents:106879375:45833
1626626935:propagateValuesOnChangeOnly:106925417:58250
1626626935:updateInputs:106983917:291
1626626935:updateComponents:106984417:44791
1626626935:propagateValuesOnChangeOnly:107029375:58792
1626626935:updateInputs:107088417:333
1626626935:updateComponents:107088917:43000
1626626935:propagateValuesOnChangeOnly:107132083:69209
1626626935:updateInputs:107201542:333
1626626935:updateComponents:107202083:43084
1626626935:propagateValuesOnChangeOnly:107245333:58667
1626626935:updateInputs:107304250:333
1626626935:updateComponents:107304750:44875
1626626935:propagateValuesOnChangeOnly:107349833:58792
1626626935:updateInputs:107408875:333
1626626935:updateComponents:107409375:44875
1626626935:propagateValuesOnChangeOnly:107454375:58292
1626626935:updateInputs:107512917:375
1626626935:updateComponents:107513458:44750
1626626935:propagateValuesOnChangeOnly:107558375:58583
1626626935:updateInputs:107677542:375
1626626935:updateComponents:107678083:56250
1626626935:propagateValuesOnChangeOnly:107734542:59166
1626626935:updateInputs:107793958:334
1626626935:updateComponents:107794458:46834
1626626935:propagateValuesOnChangeOnly:107841500:58917
1626626935:updateInputs:107900667:333
1626626935:updateComponents:107901167:45583
1626626935:propagateValuesOnChangeOnly:107946917:59250
1626626935:updateInputs:108006417:333
1626626935:updateComponents:108006917:46833
1626626935:propagateValuesOnChangeOnly:108053958:58792
1626626935:updateInputs:108113000:333
1626626935:updateComponents:108113458:57167
1626626935:propagateValuesOnChangeOnly:108170792:58833
1626626935:updateInputs:108229875:333
1626626935:updateComponents:108230375:44833
1626626935:propagateValuesOnChangeOnly:108275417:58416
1626626935:updateInputs:108334042:333
1626626935:updateComponents:108334583:46834
1626626935:propagateValuesOnChangeOnly:108381583:58834
1626626935:updateInputs:108440625:333
1626626935:updateComponents:108441125:45167
1626626935:propagateValuesOnChangeOnly:108486458:58750
1626626935:updateInputs:108545458:334
1626626935:updateComponents:108545917:44750
1626626935:propagateValuesOnChangeOnly:108590833:70375
1626626935:updateInputs:108661458:334
1626626935:updateComponents:108661917:49583
1626626935:propagateValuesOnChangeOnly:108711708:58834
1626626935:updateInputs:108770792:333
1626626935:updateComponents:108771292:46708
1626626935:propagateValuesOnChangeOnly:108818167:58708
1626626935:updateInputs:108877125:333
1626626935:updateComponents:108877625:46792
1626626935:propagateValuesOnChangeOnly:108924583:69625
1626626935:updateInputs:108994458:334
1626626935:updateComponents:108994958:47042
1626626935:propagateValuesOnChangeOnly:109042167:58791
1626626935:updateInputs:109101208:334
1626626935:updateComponents:109101708:46709
1626626935:propagateValuesOnChangeOnly:109148583:58875
1626626935:updateInputs:109207667:375
1626626935:updateComponents:109208250:44792
1626626935:propagateValuesOnChangeOnly:109253250:58750
1626626935:updateInputs:109372542:291
1626626935:updateComponents:109373042:46625
1626626935:propagateValuesOnChangeOnly:109419833:59375
1626626935:updateInputs:109479458:334
1626626935:updateComponents:109479958:44750
1626626935:propagateValuesOnChangeOnly:109524917:69625
1626626935:updateInputs:109594792:333
1626626935:updateComponents:109595292:44833
1626626935:propagateValuesOnChangeOnly:109640333:59250
1626626935:updateInputs:109699792:333
1626626935:updateComponents:109700292:46791
1626626935:propagateValuesOnChangeOnly:109747250:59042
1626626935:updateInputs:109806500:333
1626626935:updateComponents:109806958:45750
1626626935:propagateValuesOnChangeOnly:109852917:57583
1626626935:updateInputs:109910750:333
1626626935:updateComponents:109911208:44417
1626626935:propagateValuesOnChangeOnly:109955792:57916
1626626935:updateInputs:110013958:334
1626626935:updateComponents:110014458:45875
1626626935:propagateValuesOnChangeOnly:110060500:68458
1626626935:updateInputs:110129208:334
1626626935:updateComponents:110129708:43959
1626626935:propagateValuesOnChangeOnly:110173833:57792
1626626935:updateInputs:110231875:292
1626626935:updateComponents:110232375:44958
1626626935:propagateValuesOnChangeOnly:110277500:60167
1626626935:updateInputs:110337917:333
1626626935:updateComponents:110338417:45833
1626626935:propagateValuesOnChangeOnly:110384458:57542
1626626935:updateInputs:110442250:292
1626626935:updateComponents:110442708:46084
1626626935:propagateValuesOnChangeOnly:110488958:57709
1626626935:updateInputs:110546875:333
1626626935:updateComponents:110547417:44000
1626626935:propagateValuesOnChangeOnly:110602000:57500
1626626935:updateInputs:110659750:375
1626626935:updateComponents:110660250:46042
1626626935:propagateValuesOnChangeOnly:110706500:57542
1626626935:updateInputs:110764292:291
1626626935:updateComponents:110764750:45917
1626626935:propagateValuesOnChangeOnly:110810833:60292
1626626935:updateInputs:110871375:333
1626626935:updateComponents:110871875:44292
1626626935:propagateValuesOnChangeOnly:110916333:57750
1626626935:updateInputs:111034292:333
1626626935:updateComponents:111034792:56750
1626626935:propagateValuesOnChangeOnly:111091708:59542
1626626935:updateInputs:111151625:292
1626626935:updateComponents:111152083:49292
1626626935:propagateValuesOnChangeOnly:111201542:66791
1626626935:updateInputs:111270750:667
1626626935:updateComponents:111271583:47250
1626626935:propagateValuesOnChangeOnly:111319042:60416
1626626935:updateInputs:111379792:416
1626626935:updateComponents:111380375:46750
1626626935:propagateValuesOnChangeOnly:111427333:59750
1626626935:updateInputs:111487333:334
1626626935:updateComponents:111487875:46125
1626626935:propagateValuesOnChangeOnly:111534208:59709
1626626935:updateInputs:111594167:333
1626626935:updateComponents:111594667:47666
1626626935:propagateValuesOnChangeOnly:111642583:61334
1626626935:updateInputs:111704125:333
1626626935:updateComponents:111704583:45084
1626626935:propagateValuesOnChangeOnly:111749833:57625
1626626935:updateInputs:111807708:334
1626626935:updateComponents:111808208:45375
1626626935:propagateValuesOnChangeOnly:111853792:57791
1626626935:updateInputs:111911833:334
1626626935:updateComponents:111912333:45667
1626626935:propagateValuesOnChangeOnly:111958208:57667
1626626935:updateInputs:112016125:333
1626626935:updateComponents:112016625:44667
1626626935:propagateValuesOnChangeOnly:112061500:57708
1626626935:updateInputs:112119417:291
1626626935:updateComponents:112119917:43500
1626626935:propagateValuesOnChangeOnly:112163625:57625
1626626935:updateInputs:112221542:333
1626626935:updateComponents:112222042:44666
1626626935:propagateValuesOnChangeOnly:112266917:57666
1626626935:updateInputs:112324792:333
1626626935:updateComponents:112325292:45333
1626626935:propagateValuesOnChangeOnly:112370833:57084
1626626935:updateInputs:112428167:333
1626626935:updateComponents:112428625:45625
1626626935:propagateValuesOnChangeOnly:112474458:57584
1626626935:updateInputs:112532250:375
1626626935:updateComponents:112532833:47417
1626626935:propagateValuesOnChangeOnly:112580458:58709
1626626935:updateInputs:112701792:333
1626626935:updateComponents:112702292:44416
1626626935:propagateValuesOnChangeOnly:112746917:58500
1626626935:updateInputs:112805625:333
1626626935:updateComponents:112806125:45583
1626626935:propagateValuesOnChangeOnly:112851917:57833
1626626935:updateInputs:112910000:333
1626626935:updateComponents:112910500:43667
1626626935:propagateValuesOnChangeOnly:112954375:58083
1626626935:updateInputs:113012667:333
1626626935:updateComponents:113013125:45542
1626626935:propagateValuesOnChangeOnly:113058875:57750
1626626935:updateInputs:113116875:333
1626626935:updateComponents:113117375:47208
1626626935:propagateValuesOnChangeOnly:113164792:57583
1626626935:updateInputs:113222583:334
1626626935:updateComponents:113223125:43917
1626626935:propagateValuesOnChangeOnly:113267250:57625
1626626935:updateInputs:113325125:333
1626626935:updateComponents:113416250:45958
1626626935:propagateValuesOnChangeOnly:113462458:57584
1626626935:updateInputs:113520250:333
1626626935:updateComponents:113520750:44917
1626626935:propagateValuesOnChangeOnly:113565875:57625
1626626935:updateInputs:113623958:334
1626626935:updateComponents:113624458:44000
1626626935:propagateValuesOnChangeOnly:113668667:57541
1626626935:updateInputs:113726458:292
1626626935:updateComponents:113726917:48583
1626626935:propagateValuesOnChangeOnly:113775708:68875
1626626935:updateInputs:113844792:333
1626626935:updateComponents:113845250:44083
1626626935:propagateValuesOnChangeOnly:113889542:57666
1626626935:updateInputs:113947417:333
1626626935:updateComponents:113947917:45750
1626626935:propagateValuesOnChangeOnly:113993875:57625
1626626935:updateInputs:114052000:292
1626626935:updateComponents:114052500:45875
1626626935:propagateValuesOnChangeOnly:114098583:57667
1626626935:updateInputs:114156458:334
1626626935:updateComponents:114157000:45792
1626626935:propagateValuesOnChangeOnly:114203000:71208
1626626935:updateInputs:114274417:375
1626626935:updateComponents:114274917:45875
1626626935:propagateValuesOnChangeOnly:114321000:57500
1626626935:updateInputs:114438083:334
1626626935:updateComponents:114438583:45375
1626626935:propagateValuesOnChangeOnly:114484167:57333
1626626935:updateInputs:114541833:334
1626626935:updateComponents:114542375:55667
1626626935:propagateValuesOnChangeOnly:114598250:60417
1626626935:updateInputs:114658917:333
1626626935:updateComponents:114659417:45791
1626626935:propagateValuesOnChangeOnly:114705417:58250
1626626935:updateInputs:114763917:291
1626626935:updateComponents:114764417:45791
1626626935:propagateValuesOnChangeOnly:114810417:57666
1626626935:updateInputs:114868292:291
1626626935:updateComponents:114868792:46083
1626626935:propagateValuesOnChangeOnly:114915083:57667
1626626935:updateInputs:114973250:333
1626626935:updateComponents:114973708:44500
1626626935:propagateValuesOnChangeOnly:115018417:57625
1626626935:updateInputs:115076250:333
1626626935:updateComponents:115076750:46125
1626626935:propagateValuesOnChangeOnly:115123083:57625
1626626935:updateInputs:115180917:333
1626626935:updateComponents:115181417:45833
1626626935:propagateValuesOnChangeOnly:115227458:57209
1626626935:updateInputs:115284875:333
1626626935:updateComponents:115285375:45875
1626626935:propagateValuesOnChangeOnly:115331458:57125
1626626935:updateInputs:115388917:333
1626626935:updateComponents:115389417:46125
1626626935:propagateValuesOnChangeOnly:115435750:57667
1626626935:updateInputs:115493625:333
1626626935:updateComponents:115494125:45833
1626626935:propagateValuesOnChangeOnly:115540167:57666
1626626935:updateInputs:115598042:333
1626626935:updateComponents:115598542:46000
1626626935:propagateValuesOnChangeOnly:115644750:57667
1626626935:updateInputs:115702625:333
1626626935:updateComponents:115703125:48583
1626626935:propagateValuesOnChangeOnly:115751917:57166
1626626935:updateInputs:115809583:334
1626626935:updateComponents:115810083:45917
1626626935:propagateValuesOnChangeOnly:115856208:57542
1626626935:updateInputs:115914000:375
1626626935:updateComponents:115914542:45791
1626626935:propagateValuesOnChangeOnly:115960500:57667
1626626935:updateInputs:116077583:334
1626626935:updateComponents:116078083:44000
1626626935:propagateValuesOnChangeOnly:116122292:58250
1626626935:updateInputs:116180750:333
1626626935:updateComponents:116181250:46208
1626626935:propagateValuesOnChangeOnly:116227667:57833
1626626935:updateInputs:116285750:333
1626626935:updateComponents:116286208:44000
1626626935:propagateValuesOnChangeOnly:116330417:58166
1626626935:updateInputs:116388792:333
1626626935:updateComponents:116389292:45166
1626626935:propagateValuesOnChangeOnly:116434667:57708
1626626935:updateInputs:116492583:334
1626626935:updateComponents:116493083:45459
1626626935:propagateValuesOnChangeOnly:116538750:57708
1626626935:updateInputs:116596667:333
1626626935:updateComponents:116597167:45791
1626626935:propagateValuesOnChangeOnly:116643167:57666
1626626935:updateInputs:116701167:333
1626626935:updateComponents:116701667:45833
1626626935:propagateValuesOnChangeOnly:116747708:57667
1626626935:updateInputs:116805625:333
1626626935:updateComponents:116806125:45792
1626626935:propagateValuesOnChangeOnly:116852083:57500
1626626935:updateInputs:116909792:333
1626626935:updateComponents:116910292:44291
1626626935:propagateValuesOnChangeOnly:116954792:57708
1626626935:updateInputs:117012708:334
1626626935:updateComponents:117013250:46125
1626626935:propagateValuesOnChangeOnly:117059583:57709
1626626935:updateInputs:117117792:333
1626626935:updateComponents:117118250:45875
1626626935:propagateValuesOnChangeOnly:117164292:57541
1626626935:updateInputs:117222083:334
1626626935:updateComponents:117222583:45834
1626626935:propagateValuesOnChangeOnly:117268625:57667
1626626935:updateInputs:117326542:333
1626626935:updateComponents:117327042:47333
1626626935:propagateValuesOnChangeOnly:117374583:59709
1626626935:updateInputs:117434500:375
1626626935:updateComponents:117435000:47542
1626626935:propagateValuesOnChangeOnly:117482792:61666
1626626935:updateInputs:117544792:375
1626626935:updateComponents:117545333:49459
1626626935:propagateValuesOnChangeOnly:117595000:60250
1626626935:updateInputs:117717542:291
1626626935:updateComponents:117718042:43875
1626626935:propagateValuesOnChangeOnly:117762125:57875
1626626935:updateInputs:117820250:292
1626626935:updateComponents:117820750:44000
1626626935:propagateValuesOnChangeOnly:117864958:57792
1626626935:updateInputs:117922958:334
1626626935:updateComponents:117923458:46209
1626626935:propagateValuesOnChangeOnly:117969833:58292
1626626935:updateInputs:118028625:292
1626626935:updateComponents:118029083:45792
1626626935:propagateValuesOnChangeOnly:118075083:57542
1626626935:updateInputs:118132875:333
1626626935:updateComponents:118133375:46000
1626626935:propagateValuesOnChangeOnly:118179583:57625
1626626935:updateInputs:118237458:334
1626626935:updateComponents:118237917:43958
1626626935:propagateValuesOnChangeOnly:118282083:57750
1626626935:updateInputs:118340083:292
1626626935:updateComponents:118340542:45000
1626626935:propagateValuesOnChangeOnly:118385750:57625
1626626935:updateInputs:118443708:334
1626626935:updateComponents:118444208:45125
1626626935:propagateValuesOnChangeOnly:118489542:57291
1626626935:updateInputs:118547083:292
1626626935:updateComponents:118547583:45875
1626626935:propagateValuesOnChangeOnly:118593667:57375
1626626935:updateInputs:118651292:291
1626626935:updateComponents:118651750:44000
1626626935:propagateValuesOnChangeOnly:118696000:57750
1626626935:updateInputs:118753958:334
1626626935:updateComponents:118754458:46042
1626626935:propagateValuesOnChangeOnly:118800708:57584
1626626935:updateInputs:118858667:291
1626626935:updateComponents:118859125:48083
1626626935:propagateValuesOnChangeOnly:118907458:59917
1626626935:updateInputs:118967583:375
1626626935:updateComponents:118968125:47583
1626626935:propagateValuesOnChangeOnly:119015917:60416
1626626935:updateInputs:119076583:375
1626626935:updateComponents:119077125:48208
1626626935:propagateValuesOnChangeOnly:119125500:62417
1626626935:Run loop:92573375:26614792
1626626935:main:1292:120408208
