Title:And 6 test
2488830006:updateInputs:468917:833
2488830006:updateComponents:493667:791
2488830006:Init circuit:440125:67458
2488830006:updateInputs:509375:583
2488830006:updateComponents:510458:500
2488830006:propagateValuesOnChangeOnly:512833:917
2488830006:updateInputs:514583:584
2488830006:updateComponents:515792:375
2488830006:propagateValuesOnChangeOnly:516667:875
2488830006:updateInputs:526958:417
2488830006:updateComponents:527958:334
2488830006:propagateValuesOnChangeOnly:528750:750
2488830006:updateInputs:530292:500
2488830006:updateComponents:531333:375
2488830006:propagateValuesOnChangeOnly:532208:750
2488830006:updateInputs:539417:541
2488830006:updateComponents:540417:375
2488830006:propagateValuesOnChangeOnly:544083:834
2488830006:updateInputs:545750:542
2488830006:updateComponents:546750:333
2488830006:propagateValuesOnChangeOnly:547583:709
2488830006:updateInputs:555667:458
2488830006:updateComponents:556625:375
2488830006:propagateValuesOnChangeOnly:557500:792
2488830006:updateInputs:558917:541
2488830006:updateComponents:559875:417
2488830006:propagateValuesOnChangeOnly:560750:750
2488830006:updateInputs:567833:459
2488830006:updateComponents:568792:333
2488830006:propagateValuesOnChangeOnly:569625:750
2488830006:updateInputs:571000:542
2488830006:updateComponents:572042:416
2488830006:propagateValuesOnChangeOnly:572875:750
2488830006:updateInputs:584458:459
2488830006:updateComponents:585375:417
2488830006:propagateValuesOnChangeOnly:586292:791
2488830006:updateInputs:587667:541
2488830006:updateComponents:588708:375
2488830006:propagateValuesOnChangeOnly:589542:791
2488830006:updateInputs:596708:417
2488830006:updateComponents:597667:375
2488830006:propagateValuesOnChangeOnly:598542:791
2488830006:updateInputs:600000:458
2488830006:updateComponents:600958:334
2488830006:propagateValuesOnChangeOnly:601750:750
2488830006:updateInputs:608875:458
2488830006:updateComponents:609833:375
2488830006:propagateValuesOnChangeOnly:610708:667
2488830006:updateInputs:612083:584
2488830006:updateComponents:613208:375
2488830006:propagateValuesOnChangeOnly:614125:750
2488830006:updateInputs:626458:375
2488830006:updateComponents:627375:375
2488830006:propagateValuesOnChangeOnly:628250:750
2488830006:updateInputs:629625:458
2488830006:updateComponents:630625:375
2488830006:propagateValuesOnChangeOnly:631542:750
2488830006:updateInputs:638708:375
2488830006:updateComponents:639625:375
2488830006:propagateValuesOnChangeOnly:640542:750
2488830006:updateInputs:641875:500
2488830006:updateComponents:642917:333
2488830006:propagateValuesOnChangeOnly:643750:750
2488830006:updateInputs:650792:375
2488830006:updateComponents:651708:334
2488830006:propagateValuesOnChangeOnly:660500:792
2488830006:updateInputs:662042:500
2488830006:updateComponents:663000:375
2488830006:propagateValuesOnChangeOnly:663958:750
2488830006:updateInputs:671250:458
2488830006:updateComponents:672250:417
2488830006:propagateValuesOnChangeOnly:673167:791
2488830006:updateInputs:674542:541
2488830006:updateComponents:675583:375
2488830006:propagateValuesOnChangeOnly:676458:792
2488830006:updateInputs:683583:417
2488830006:updateComponents:684500:333
2488830006:propagateValuesOnChangeOnly:685375:750
2488830006:updateInputs:686750:458
2488830006:updateComponents:687708:334
2488830006:propagateValuesOnChangeOnly:688500:792
2488830006:updateInputs:695625:417
2488830006:updateComponents:696625:375
2488830006:propagateValuesOnChangeOnly:697583:750
2488830006:updateInputs:698958:542
2488830006:updateComponents:700000:333
2488830006:propagateValuesOnChangeOnly:700875:667
2488830006:updateInputs:708000:417
2488830006:updateComponents:708958:334
2488830006:propagateValuesOnChangeOnly:709750:750
2488830006:updateInputs:711167:458
2488830006:updateComponents:712125:333
2488830006:propagateValuesOnChangeOnly:712917:708
2488830006:updateInputs:720167:416
2488830006:updateComponents:721125:333
2488830006:propagateValuesOnChangeOnly:721958:750
2488830006:updateInputs:723292:666
2488830006:updateComponents:724500:417
2488830006:propagateValuesOnChangeOnly:725417:708
2488830006:updateInputs:733167:416
2488830006:updateComponents:734042:333
2488830006:propagateValuesOnChangeOnly:734917:708
2488830006:updateInputs:736250:417
2488830006:updateComponents:737167:375
2488830006:propagateValuesOnChangeOnly:738042:750
2488830006:updateInputs:745292:416
2488830006:updateComponents:746292:333
2488830006:propagateValuesOnChangeOnly:747208:750
2488830006:updateInputs:748500:458
2488830006:updateComponents:749417:375
2488830006:propagateValuesOnChangeOnly:750333:792
2488830006:updateInputs:757458:459
2488830006:updateComponents:758458:334
2488830006:propagateValuesOnChangeOnly:759333:750
2488830006:updateInputs:760708:375
2488830006:updateComponents:761667:333
2488830006:propagateValuesOnChangeOnly:762500:792
2488830006:updateInputs:769625:500
2488830006:updateComponents:770625:375
2488830006:propagateValuesOnChangeOnly:771542:750
2488830006:updateInputs:772958:542
2488830006:updateComponents:773958:250
2488830006:propagateValuesOnChangeOnly:774708:750
2488830006:updateInputs:781792:458
2488830006:updateComponents:782792:333
2488830006:propagateValuesOnChangeOnly:783625:750
2488830006:updateInputs:785000:417
2488830006:updateComponents:785917:333
2488830006:propagateValuesOnChangeOnly:786833:750
2488830006:updateInputs:810958:500
2488830006:updateComponents:811958:417
2488830006:propagateValuesOnChangeOnly:812875:792
2488830006:updateInputs:814292:416
2488830006:updateComponents:815208:417
2488830006:propagateValuesOnChangeOnly:816167:750
2488830006:updateInputs:823417:416
2488830006:updateComponents:824375:375
2488830006:propagateValuesOnChangeOnly:825208:792
2488830006:updateInputs:826625:417
2488830006:updateComponents:827542:333
2488830006:propagateValuesOnChangeOnly:828375:750
2488830006:updateInputs:835542:416
2488830006:updateComponents:836500:375
2488830006:propagateValuesOnChangeOnly:837375:750
2488830006:updateInputs:838667:583
2488830006:updateComponents:839750:375
2488830006:propagateValuesOnChangeOnly:840667:708
2488830006:updateInputs:847750:417
2488830006:updateComponents:848750:333
2488830006:propagateValuesOnChangeOnly:849583:750
2488830006:updateInputs:850917:375
2488830006:updateComponents:851792:333
2488830006:propagateValuesOnChangeOnly:852667:750
2488830006:updateInputs:859792:416
2488830006:updateComponents:860750:333
2488830006:propagateValuesOnChangeOnly:861583:750
2488830006:updateInputs:862917:458
2488830006:updateComponents:863875:333
2488830006:propagateValuesOnChangeOnly:864667:708
2488830006:updateInputs:871750:375
2488830006:updateComponents:872667:375
2488830006:propagateValuesOnChangeOnly:873500:750
2488830006:updateInputs:874917:458
2488830006:updateComponents:875833:375
2488830006:propagateValuesOnChangeOnly:876667:708
2488830006:updateInputs:883792:416
2488830006:updateComponents:884667:375
2488830006:propagateValuesOnChangeOnly:885500:750
2488830006:updateInputs:886833:542
2488830006:updateComponents:887833:334
2488830006:propagateValuesOnChangeOnly:888583:667
2488830006:updateInputs:895625:458
2488830006:updateComponents:896542:333
2488830006:propagateValuesOnChangeOnly:897375:708
2488830006:updateInputs:898625:500
2488830006:updateComponents:899583:292
2488830006:propagateValuesOnChangeOnly:900375:750
2488830006:updateInputs:907458:459
2488830006:updateComponents:908417:291
2488830006:propagateValuesOnChangeOnly:909208:750
2488830006:updateInputs:910542:541
2488830006:updateComponents:911667:333
2488830006:propagateValuesOnChangeOnly:912458:667
2488830006:updateInputs:919583:417
2488830006:updateComponents:920542:333
2488830006:propagateValuesOnChangeOnly:921417:708
2488830006:updateInputs:922708:375
2488830006:updateComponents:923542:291
2488830006:propagateValuesOnChangeOnly:924292:750
2488830006:updateInputs:931458:417
2488830006:updateComponents:932417:375
2488830006:propagateValuesOnChangeOnly:933292:750
2488830006:updateInputs:934583:667
2488830006:updateComponents:935792:333
2488830006:propagateValuesOnChangeOnly:936625:708
2488830006:updateInputs:943667:375
2488830006:updateComponents:944625:292
2488830006:propagateValuesOnChangeOnly:945375:792
2488830006:updateInputs:946750:375
2488830006:updateComponents:947625:292
2488830006:propagateValuesOnChangeOnly:948417:750
2488830006:updateInputs:955500:375
2488830006:updateComponents:956375:292
2488830006:propagateValuesOnChangeOnly:957208:709
2488830006:updateInputs:958542:458
2488830006:updateComponents:959542:333
2488830006:propagateValuesOnChangeOnly:960417:750
2488830006:updateInputs:968208:375
2488830006:updateComponents:969125:292
2488830006:propagateValuesOnChangeOnly:969958:792
2488830006:updateInputs:971417:375
2488830006:updateComponents:972292:291
2488830006:propagateValuesOnChangeOnly:973083:709
2488830006:updateInputs:980208:417
2488830006:updateComponents:981125:333
2488830006:propagateValuesOnChangeOnly:981958:792
2488830006:updateInputs:983292:541
2488830006:updateComponents:984333:292
2488830006:propagateValuesOnChangeOnly:985125:750
2488830006:updateInputs:992083:375
2488830006:updateComponents:992958:334
2488830006:propagateValuesOnChangeOnly:993792:791
2488830006:updateInputs:995042:375
2488830006:updateComponents:995958:292
2488830006:propagateValuesOnChangeOnly:996750:792
2488830006:updateInputs:1004000:375
2488830006:updateComponents:1004875:333
2488830006:propagateValuesOnChangeOnly:1005708:792
2488830006:updateInputs:1007000:458
2488830006:updateComponents:1007958:334
2488830006:propagateValuesOnChangeOnly:1008792:750
2488830006:updateInputs:1015875:375
2488830006:updateComponents:1016792:291
2488830006:propagateValuesOnChangeOnly:1017583:750
2488830006:updateInputs:1018875:375
2488830006:updateComponents:1019750:292
2488830006:propagateValuesOnChangeOnly:1020500:750
2488830006:updateInputs:1027667:375
2488830006:updateComponents:1028583:334
2488830006:propagateValuesOnChangeOnly:1029375:708
2488830006:updateInputs:1030625:625
2488830006:updateComponents:1031708:292
2488830006:propagateValuesOnChangeOnly:1032458:667
2488830006:updateInputs:1039375:417
2488830006:updateComponents:1040292:291
2488830006:propagateValuesOnChangeOnly:1041042:708
2488830006:updateInputs:1042292:416
2488830006:updateComponents:1043208:334
2488830006:propagateValuesOnChangeOnly:1044000:750
2488830006:updateInputs:1051042:416
2488830006:updateComponents:1051958:334
2488830006:propagateValuesOnChangeOnly:1052708:709
2488830006:updateInputs:1053958:459
2488830006:updateComponents:1054917:291
2488830006:propagateValuesOnChangeOnly:1055750:708
2488830006:updateInputs:1062708:375
2488830006:updateComponents:1063625:333
2488830006:propagateValuesOnChangeOnly:1095167:833
2488830006:updateInputs:1096708:417
2488830006:updateComponents:1097583:334
2488830006:propagateValuesOnChangeOnly:1098333:750
2488830006:updateInputs:1105333:375
2488830006:updateComponents:1106250:333
2488830006:propagateValuesOnChangeOnly:1107083:750
2488830006:updateInputs:1108417:500
2488830006:updateComponents:1109333:375
2488830006:propagateValuesOnChangeOnly:1110167:750
2488830006:updateInputs:1117208:459
2488830006:updateComponents:1118125:375
2488830006:propagateValuesOnChangeOnly:1119000:750
2488830006:updateInputs:1120250:417
2488830006:updateComponents:1121208:334
2488830006:propagateValuesOnChangeOnly:1121958:709
2488830006:updateInputs:1129042:416
2488830006:updateComponents:1129958:334
2488830006:propagateValuesOnChangeOnly:1130875:750
2488830006:updateInputs:1132167:458
2488830006:updateComponents:1133125:375
2488830006:propagateValuesOnChangeOnly:1133958:750
2488830006:updateInputs:1140958:459
2488830006:updateComponents:1141917:333
2488830006:propagateValuesOnChangeOnly:1142708:709
2488830006:updateInputs:1144000:417
2488830006:updateComponents:1144917:291
2488830006:propagateValuesOnChangeOnly:1145708:792
2488830006:updateInputs:1152833:417
2488830006:updateComponents:1153875:333
2488830006:propagateValuesOnChangeOnly:1154708:750
2488830006:updateInputs:1156083:709
2488830006:updateComponents:1157292:375
2488830006:propagateValuesOnChangeOnly:1158167:791
2488830006:updateInputs:1165458:417
2488830006:updateComponents:1166375:375
2488830006:propagateValuesOnChangeOnly:1167292:750
2488830006:updateInputs:1168583:417
2488830006:updateComponents:1169583:375
2488830006:propagateValuesOnChangeOnly:1170500:708
2488830006:updateInputs:1177500:542
2488830006:updateComponents:1178625:375
2488830006:propagateValuesOnChangeOnly:1179542:750
2488830006:updateInputs:1180958:459
2488830006:updateComponents:1181958:334
2488830006:propagateValuesOnChangeOnly:1182833:792
2488830006:updateInputs:1190167:416
2488830006:updateComponents:1191167:291
2488830006:propagateValuesOnChangeOnly:1191958:709
2488830006:updateInputs:1193208:417
2488830006:updateComponents:1194125:333
2488830006:propagateValuesOnChangeOnly:1195000:708
2488830006:updateInputs:1202250:417
2488830006:updateComponents:1203208:375
2488830006:propagateValuesOnChangeOnly:1204125:792
2488830006:updateInputs:1205500:542
2488830006:updateComponents:1206542:333
2488830006:propagateValuesOnChangeOnly:1207333:709
2488830006:updateInputs:1214458:459
2488830006:updateComponents:1215458:334
2488830006:propagateValuesOnChangeOnly:1216292:750
2488830006:updateInputs:1217625:458
2488830006:updateComponents:1218625:333
2488830006:propagateValuesOnChangeOnly:1219458:750
2488830006:updateInputs:1226500:500
2488830006:updateComponents:1227458:292
2488830006:propagateValuesOnChangeOnly:1228250:708
2488830006:updateInputs:1229500:458
2488830006:updateComponents:1230417:250
2488830006:propagateValuesOnChangeOnly:1231208:709
2488830006:updateInputs:1238167:416
2488830006:updateComponents:1239167:291
2488830006:propagateValuesOnChangeOnly:1240000:750
2488830006:updateInputs:1241292:416
2488830006:updateComponents:1242250:292
2488830006:propagateValuesOnChangeOnly:1243042:791
2488830006:updateInputs:1250375:375
2488830006:updateComponents:1251250:292
2488830006:propagateValuesOnChangeOnly:1251958:750
2488830006:updateInputs:1253333:584
2488830006:updateComponents:1254375:292
2488830006:propagateValuesOnChangeOnly:1255208:792
2488830006:updateInputs:1262333:417
2488830006:updateComponents:1263292:291
2488830006:propagateValuesOnChangeOnly:1264125:750
2488830006:updateInputs:1265417:458
2488830006:updateComponents:1266417:291
2488830006:propagateValuesOnChangeOnly:1267250:708
2488830006:updateInputs:1274333:417
2488830006:updateComponents:1275292:333
2488830006:propagateValuesOnChangeOnly:1276125:750
2488830006:updateInputs:1277417:500
2488830006:updateComponents:1278417:333
2488830006:propagateValuesOnChangeOnly:1279250:750
2488830006:updateInputs:1286292:458
2488830006:updateComponents:1287208:334
2488830006:propagateValuesOnChangeOnly:1288042:750
2488830006:updateInputs:1289333:459
2488830006:updateComponents:1290292:333
2488830006:propagateValuesOnChangeOnly:1291083:792
2488830006:updateInputs:1298208:417
2488830006:updateComponents:1299083:375
2488830006:propagateValuesOnChangeOnly:1299958:792
2488830006:updateInputs:1301250:542
2488830006:updateComponents:1302292:333
2488830006:propagateValuesOnChangeOnly:1303083:792
2488830006:updateInputs:1310125:458
2488830006:updateComponents:1311042:333
2488830006:propagateValuesOnChangeOnly:1311833:792
2488830006:updateInputs:1313167:416
2488830006:updateComponents:1314000:333
2488830006:propagateValuesOnChangeOnly:1314750:708
2488830006:updateInputs:1321750:417
2488830006:updateComponents:1322750:250
2488830006:propagateValuesOnChangeOnly:1323583:750
2488830006:updateInputs:1324958:459
2488830006:updateComponents:1326000:333
2488830006:propagateValuesOnChangeOnly:1326792:708
2488830006:updateInputs:1333750:417
2488830006:updateComponents:1334750:292
2488830006:propagateValuesOnChangeOnly:1335542:791
2488830006:updateInputs:1336958:417
2488830006:updateComponents:1337875:333
2488830006:propagateValuesOnChangeOnly:1338667:791
2488830006:updateInputs:1345792:416
2488830006:updateComponents:1346708:250
2488830006:propagateValuesOnChangeOnly:1347500:750
2488830006:updateInputs:1348792:666
2488830006:updateComponents:1349958:334
2488830006:propagateValuesOnChangeOnly:1350792:791
2488830006:Run loop:509292:848750
2488830006:main:1375:1375708
