Title: 32-bit address decoder test
1259739251:updateInputs:764334:83
1259739251:updateComponents:773084:4541
1259739251:Init circuit:559750:271000
1259739251:updateInputs:830959:83
1259739251:updateComponents:831084:4541
1259739251:propagateValuesOnChangeOnly:835792:5917
1259739251:updateInputs:873500:125
1259739251:updateComponents:873667:4458
1259739251:propagateValuesOnChangeOnly:878167:7292
1259739251:updateInputs:917584:41
1259739251:updateComponents:917667:4417
1259739251:propagateValuesOnChangeOnly:922167:9083
1259739251:updateInputs:963125:84
1259739251:updateComponents:963250:4417
1259739251:propagateValuesOnChangeOnly:967709:7625
1259739251:updateInputs:1007084:41
1259739251:updateComponents:1007167:4375
1259739251:propagateValuesOnChangeOnly:1011709:10416
1259739251:updateInputs:1054500:42
1259739251:updateComponents:1054542:4500
1259739251:propagateValuesOnChangeOnly:1059084:7750
1259739251:updateInputs:1098542:83
1259739251:updateComponents:1098625:4417
1259739251:propagateValuesOnChangeOnly:1103125:9084
1259739251:updateInputs:1143792:42
1259739251:updateComponents:1143875:4417
1259739251:propagateValuesOnChangeOnly:1148334:7666
1259739251:updateInputs:1187500:84
1259739251:updateComponents:1187625:4375
1259739251:propagateValuesOnChangeOnly:1192084:11791
1259739251:updateInputs:1235625:84
1259739251:updateComponents:1235750:4417
1259739251:propagateValuesOnChangeOnly:1240209:7708
1259739251:updateInputs:1279875:84
1259739251:updateComponents:1280000:4375
1259739251:propagateValuesOnChangeOnly:1284459:8958
1259739251:updateInputs:1325042:83
1259739251:updateComponents:1325167:4417
1259739251:propagateValuesOnChangeOnly:1329625:7667
1259739251:updateInputs:1373292:42
1259739251:updateComponents:1373375:4417
1259739251:propagateValuesOnChangeOnly:1377834:10375
1259739251:updateInputs:1420167:42
1259739251:updateComponents:1420250:4417
1259739251:propagateValuesOnChangeOnly:1424709:7625
1259739251:updateInputs:1463917:42
1259739251:updateComponents:1464042:4250
1259739251:propagateValuesOnChangeOnly:1468375:9000
1259739251:updateInputs:1508834:83
1259739251:updateComponents:1508959:4416
1259739251:propagateValuesOnChangeOnly:1513417:7625
1259739251:updateInputs:1552584:41
1259739251:updateComponents:1552709:4375
1259739251:propagateValuesOnChangeOnly:1557167:13083
1259739251:updateInputs:1601917:42
1259739251:updateComponents:1602000:4417
1259739251:propagateValuesOnChangeOnly:1606459:8125
1259739251:updateInputs:1646167:42
1259739251:updateComponents:1646250:4417
1259739251:propagateValuesOnChangeOnly:1650709:9083
1259739251:updateInputs:1691667:83
1259739251:updateComponents:1691792:4417
1259739251:propagateValuesOnChangeOnly:1696250:7625
1259739251:updateInputs:1735459:41
1259739251:updateComponents:1735542:4417
1259739251:propagateValuesOnChangeOnly:1740209:10416
1259739251:updateInputs:1782334:41
1259739251:updateComponents:1782417:4375
1259739251:propagateValuesOnChangeOnly:1786834:7625
1259739251:updateInputs:1826209:41
1259739251:updateComponents:1826292:4417
1259739251:propagateValuesOnChangeOnly:1830792:9042
1259739251:updateInputs:1871625:84
1259739251:updateComponents:1871750:4375
1259739251:propagateValuesOnChangeOnly:1876209:7625
1259739251:updateInputs:1915542:42
1259739251:updateComponents:1915625:4375
1259739251:propagateValuesOnChangeOnly:1920084:11708
1259739251:updateInputs:1966084:41
1259739251:updateComponents:1966167:4500
1259739251:propagateValuesOnChangeOnly:1970709:7625
1259739251:updateInputs:2010084:41
1259739251:updateComponents:2010167:4417
1259739251:propagateValuesOnChangeOnly:2014625:9000
1259739251:updateInputs:2055500:84
1259739251:updateComponents:2055625:4417
1259739251:propagateValuesOnChangeOnly:2060084:7541
1259739251:updateInputs:2099417:42
1259739251:updateComponents:2099500:4417
1259739251:propagateValuesOnChangeOnly:2103959:10375
1259739251:updateInputs:2145959:41
1259739251:updateComponents:2146042:4417
1259739251:propagateValuesOnChangeOnly:2150500:7584
1259739251:updateInputs:2189875:42
1259739251:updateComponents:2189959:4458
1259739251:propagateValuesOnChangeOnly:2194500:9084
1259739251:updateInputs:2237917:42
1259739251:updateComponents:2238000:4417
1259739251:propagateValuesOnChangeOnly:2242500:7625
1259739251:updateInputs:2281792:42
1259739251:updateComponents:2281875:4459
1259739251:propagateValuesOnChangeOnly:2286375:14459
1259739251:updateInputs:2332625:42
1259739251:updateComponents:2332709:4416
1259739251:propagateValuesOnChangeOnly:2337167:8000
1259739251:updateInputs:2376709:41
1259739251:updateComponents:2376792:4333
1259739251:propagateValuesOnChangeOnly:2381209:9000
1259739251:updateInputs:2422000:84
1259739251:updateComponents:2422125:4334
1259739251:propagateValuesOnChangeOnly:2426500:7709
1259739251:updateInputs:2466042:42
1259739251:updateComponents:2466125:4375
1259739251:propagateValuesOnChangeOnly:2470542:10375
1259739251:updateInputs:2512750:42
1259739251:updateComponents:2512834:4375
1259739251:propagateValuesOnChangeOnly:2517250:7667
1259739251:updateInputs:2556709:41
1259739251:updateComponents:2556792:4417
1259739251:propagateValuesOnChangeOnly:2561292:9042
1259739251:updateInputs:2601792:83
1259739251:updateComponents:2601917:4375
1259739251:propagateValuesOnChangeOnly:2606334:7666
1259739251:updateInputs:2645625:84
1259739251:updateComponents:2645709:4375
1259739251:propagateValuesOnChangeOnly:2650125:11834
1259739251:updateInputs:2693542:42
1259739251:updateComponents:2693625:4375
1259739251:propagateValuesOnChangeOnly:2698084:7666
1259739251:updateInputs:2738125:42
1259739251:updateComponents:2738209:4333
1259739251:propagateValuesOnChangeOnly:2742584:9041
1259739251:updateInputs:2783500:84
1259739251:updateComponents:2783625:4375
1259739251:propagateValuesOnChangeOnly:2788084:7583
1259739251:updateInputs:2827375:42
1259739251:updateComponents:2827459:4333
1259739251:propagateValuesOnChangeOnly:2831875:10375
1259739251:updateInputs:2874042:83
1259739251:updateComponents:2874125:4417
1259739251:propagateValuesOnChangeOnly:2878625:7584
1259739251:updateInputs:2917959:41
1259739251:updateComponents:2918042:4375
1259739251:propagateValuesOnChangeOnly:2922459:9000
1259739251:updateInputs:2962875:84
1259739251:updateComponents:2963000:4417
1259739251:propagateValuesOnChangeOnly:2967459:7666
1259739251:updateInputs:3006834:41
1259739251:updateComponents:3006917:4375
1259739251:propagateValuesOnChangeOnly:3011334:13000
1259739251:updateInputs:3055917:42
1259739251:updateComponents:3056000:4375
1259739251:propagateValuesOnChangeOnly:3060417:8375
1259739251:updateInputs:3100834:41
1259739251:updateComponents:3100875:4375
1259739251:propagateValuesOnChangeOnly:3105334:9041
1259739251:updateInputs:3146042:83
1259739251:updateComponents:3146167:4333
1259739251:propagateValuesOnChangeOnly:3150542:7708
1259739251:updateInputs:3189917:42
1259739251:updateComponents:3190000:4375
1259739251:propagateValuesOnChangeOnly:3194417:10417
1259739251:updateInputs:3248167:42
1259739251:updateComponents:3248250:4542
1259739251:propagateValuesOnChangeOnly:3252834:7666
1259739251:updateInputs:3292250:42
1259739251:updateComponents:3292334:4375
1259739251:propagateValuesOnChangeOnly:3296750:9042
1259739251:updateInputs:3337459:83
1259739251:updateComponents:3337584:4333
1259739251:propagateValuesOnChangeOnly:3341959:7583
1259739251:updateInputs:3381292:42
1259739251:updateComponents:3381375:4375
1259739251:propagateValuesOnChangeOnly:3385792:11708
1259739251:updateInputs:3429292:42
1259739251:updateComponents:3429375:4417
1259739251:propagateValuesOnChangeOnly:3433834:7666
1259739251:updateInputs:3473167:42
1259739251:updateComponents:3473250:4334
1259739251:propagateValuesOnChangeOnly:3477667:9042
1259739251:updateInputs:3518750:84
1259739251:updateComponents:3518875:4334
1259739251:propagateValuesOnChangeOnly:3523250:7584
1259739251:updateInputs:3562834:41
1259739251:updateComponents:3562917:4417
1259739251:propagateValuesOnChangeOnly:3567375:10417
1259739251:updateInputs:3609584:41
1259739251:updateComponents:3609667:4375
1259739251:propagateValuesOnChangeOnly:3614084:7666
1259739251:updateInputs:3653584:41
1259739251:updateComponents:3653667:4458
1259739251:propagateValuesOnChangeOnly:3658167:8958
1259739251:updateInputs:3698792:125
1259739251:updateComponents:3698959:4250
1259739251:propagateValuesOnChangeOnly:3703292:7625
1259739251:updateInputs:3742500:42
1259739251:updateComponents:3742584:4416
1259739251:propagateValuesOnChangeOnly:3747042:15750
1259739251:updateInputs:3794584:83
1259739251:updateComponents:3794709:4333
1259739251:propagateValuesOnChangeOnly:3799125:7959
1259739251:updateInputs:3838917:42
1259739251:updateComponents:3839000:4375
1259739251:propagateValuesOnChangeOnly:3843417:9083
1259739251:updateInputs:3884292:42
1259739251:updateComponents:3884375:4417
1259739251:propagateValuesOnChangeOnly:3888834:7666
1259739251:updateInputs:3928209:41
1259739251:updateComponents:3928292:4375
1259739251:propagateValuesOnChangeOnly:3932709:10375
1259739251:updateInputs:3974750:84
1259739251:updateComponents:3974875:4334
1259739251:propagateValuesOnChangeOnly:3979250:7667
1259739251:updateInputs:4018542:42
1259739251:updateComponents:4018667:4375
1259739251:propagateValuesOnChangeOnly:4023125:8959
1259739251:updateInputs:4064000:84
1259739251:updateComponents:4064125:4375
1259739251:propagateValuesOnChangeOnly:4068584:7625
1259739251:updateInputs:4107792:83
1259739251:updateComponents:4107917:4375
1259739251:propagateValuesOnChangeOnly:4112334:11625
1259739251:updateInputs:4156042:42
1259739251:updateComponents:4156125:4334
1259739251:propagateValuesOnChangeOnly:4160542:7667
1259739251:updateInputs:4200417:42
1259739251:updateComponents:4200500:4334
1259739251:propagateValuesOnChangeOnly:4204917:9042
1259739251:updateInputs:4245792:83
1259739251:updateComponents:4245917:4375
1259739251:propagateValuesOnChangeOnly:4250334:7583
1259739251:updateInputs:4289292:83
1259739251:updateComponents:4289417:4375
1259739251:propagateValuesOnChangeOnly:4293834:10250
1259739251:updateInputs:4336167:42
1259739251:updateComponents:4336250:4375
1259739251:propagateValuesOnChangeOnly:4340667:7625
1259739251:updateInputs:4380042:42
1259739251:updateComponents:4380084:4375
1259739251:propagateValuesOnChangeOnly:4384500:8917
1259739251:updateInputs:4424875:84
1259739251:updateComponents:4425000:4417
1259739251:propagateValuesOnChangeOnly:4429459:7625
1259739251:updateInputs:4468917:42
1259739251:updateComponents:4469000:4334
1259739251:propagateValuesOnChangeOnly:4473417:13125
1259739251:updateInputs:4518334:41
1259739251:updateComponents:4518417:4375
1259739251:propagateValuesOnChangeOnly:4522875:8209
1259739251:updateInputs:4562792:42
1259739251:updateComponents:4562875:4375
1259739251:propagateValuesOnChangeOnly:4567334:9125
1259739251:updateInputs:4608375:84
1259739251:updateComponents:4608500:4375
1259739251:propagateValuesOnChangeOnly:4612917:8250
1259739251:updateInputs:4654209:41
1259739251:updateComponents:4654292:4542
1259739251:propagateValuesOnChangeOnly:4659500:10875
1259739251:updateInputs:4703084:41
1259739251:updateComponents:4703167:4375
1259739251:propagateValuesOnChangeOnly:4707625:7542
1259739251:updateInputs:4747042:42
1259739251:updateComponents:4747125:4375
1259739251:propagateValuesOnChangeOnly:4751584:8958
1259739251:updateInputs:4792375:84
1259739251:updateComponents:4792500:4375
1259739251:propagateValuesOnChangeOnly:4796959:7625
1259739251:updateInputs:4836250:42
1259739251:updateComponents:4836375:4334
1259739251:propagateValuesOnChangeOnly:4840750:11750
1259739251:updateInputs:4884459:41
1259739251:updateComponents:4884542:4333
1259739251:propagateValuesOnChangeOnly:4888959:7666
1259739251:updateInputs:4928209:41
1259739251:updateComponents:4928292:4417
1259739251:propagateValuesOnChangeOnly:4932792:9042
1259739251:updateInputs:4973584:41
1259739251:updateComponents:4973667:4375
1259739251:propagateValuesOnChangeOnly:4978084:7625
1259739251:updateInputs:5017750:42
1259739251:updateComponents:5017834:4333
1259739251:propagateValuesOnChangeOnly:5022250:10375
1259739251:updateInputs:5064167:83
1259739251:updateComponents:5064292:4375
1259739251:propagateValuesOnChangeOnly:5068709:7583
1259739251:updateInputs:5119125:42
1259739251:updateComponents:5119209:4375
1259739251:propagateValuesOnChangeOnly:5123667:8958
1259739251:updateInputs:5164584:83
1259739251:updateComponents:5164709:4416
1259739251:propagateValuesOnChangeOnly:5169167:7625
1259739251:updateInputs:5208542:42
1259739251:updateComponents:5208625:4375
1259739251:propagateValuesOnChangeOnly:5213042:14375
1259739251:updateInputs:5259042:83
1259739251:updateComponents:5259167:4333
1259739251:propagateValuesOnChangeOnly:5263584:8208
1259739251:updateInputs:5303625:42
1259739251:updateComponents:5303750:4542
1259739251:propagateValuesOnChangeOnly:5308334:9000
1259739251:updateInputs:5349084:41
1259739251:updateComponents:5349167:4417
1259739251:propagateValuesOnChangeOnly:5353625:7792
1259739251:updateInputs:5393250:0
1259739251:updateComponents:5393292:4500
1259739251:propagateValuesOnChangeOnly:5397834:10375
1259739251:updateInputs:5440084:41
1259739251:updateComponents:5440167:4375
1259739251:propagateValuesOnChangeOnly:5444584:7625
1259739251:updateInputs:5483875:42
1259739251:updateComponents:5483959:4375
1259739251:propagateValuesOnChangeOnly:5488375:8959
1259739251:updateInputs:5529000:84
1259739251:updateComponents:5529125:4375
1259739251:propagateValuesOnChangeOnly:5533542:7625
1259739251:updateInputs:5573042:42
1259739251:updateComponents:5573125:4375
1259739251:propagateValuesOnChangeOnly:5577584:11666
1259739251:updateInputs:5621000:84
1259739251:updateComponents:5621125:4334
1259739251:propagateValuesOnChangeOnly:5625500:7750
1259739251:updateInputs:5664792:42
1259739251:updateComponents:5664875:4417
1259739251:propagateValuesOnChangeOnly:5669334:9125
1259739251:updateInputs:5720250:84
1259739251:updateComponents:5720375:4292
1259739251:propagateValuesOnChangeOnly:5724709:7666
1259739251:updateInputs:5764167:42
1259739251:updateComponents:5764292:4375
1259739251:propagateValuesOnChangeOnly:5768709:10416
1259739251:updateInputs:5810792:83
1259739251:updateComponents:5810917:4417
1259739251:propagateValuesOnChangeOnly:5815375:7625
1259739251:updateInputs:5854875:42
1259739251:updateComponents:5854959:4333
1259739251:propagateValuesOnChangeOnly:5859375:8917
1259739251:updateInputs:5899834:83
1259739251:updateComponents:5899959:4416
1259739251:propagateValuesOnChangeOnly:5904417:7583
1259739251:updateInputs:5943625:42
1259739251:updateComponents:5943709:4375
1259739251:propagateValuesOnChangeOnly:5948125:13000
1259739251:updateInputs:5993042:83
1259739251:updateComponents:5993167:4375
1259739251:propagateValuesOnChangeOnly:5997584:8208
1259739251:updateInputs:6037459:41
1259739251:updateComponents:6037542:4375
1259739251:propagateValuesOnChangeOnly:6041959:9041
1259739251:updateInputs:6082542:83
1259739251:updateComponents:6082667:4375
1259739251:propagateValuesOnChangeOnly:6087084:7625
1259739251:updateInputs:6126709:41
1259739251:updateComponents:6126792:4375
1259739251:propagateValuesOnChangeOnly:6131209:10375
1259739251:updateInputs:6173500:0
1259739251:updateComponents:6173542:4417
1259739251:propagateValuesOnChangeOnly:6178000:7584
1259739251:updateInputs:6217334:41
1259739251:updateComponents:6217417:4375
1259739251:propagateValuesOnChangeOnly:6221875:9000
1259739251:updateInputs:6262625:84
1259739251:updateComponents:6262750:4375
1259739251:propagateValuesOnChangeOnly:6267167:7625
1259739251:updateInputs:6306584:41
1259739251:updateComponents:6306667:4375
1259739251:propagateValuesOnChangeOnly:6311084:11791
1259739251:updateInputs:6354667:42
1259739251:updateComponents:6354750:4417
1259739251:propagateValuesOnChangeOnly:6359209:7666
1259739251:updateInputs:6398792:42
1259739251:updateComponents:6398875:4375
1259739251:propagateValuesOnChangeOnly:6403292:9083
1259739251:updateInputs:6444209:83
1259739251:updateComponents:6444334:4375
1259739251:propagateValuesOnChangeOnly:6448750:7584
1259739251:updateInputs:6488084:41
1259739251:updateComponents:6488167:4375
1259739251:propagateValuesOnChangeOnly:6492584:10375
1259739251:updateInputs:6534667:42
1259739251:updateComponents:6534750:4375
1259739251:propagateValuesOnChangeOnly:6539167:7667
1259739251:updateInputs:6578459:41
1259739251:updateComponents:6578542:4417
1259739251:propagateValuesOnChangeOnly:6583000:9000
1259739251:updateInputs:6623625:125
1259739251:updateComponents:6623792:4375
1259739251:propagateValuesOnChangeOnly:6628209:7666
1259739251:updateInputs:6667542:42
1259739251:updateComponents:6667625:4334
1259739251:propagateValuesOnChangeOnly:6672000:17125
1259739251:updateInputs:6720667:42
1259739251:updateComponents:6720750:4375
1259739251:propagateValuesOnChangeOnly:6725167:8250
1259739251:updateInputs:6765084:41
1259739251:updateComponents:6765167:4250
1259739251:propagateValuesOnChangeOnly:6769500:9000
1259739251:updateInputs:6810250:42
1259739251:updateComponents:6810334:4416
1259739251:propagateValuesOnChangeOnly:6814792:7667
1259739251:updateInputs:6854292:42
1259739251:updateComponents:6854375:4375
1259739251:propagateValuesOnChangeOnly:6858792:10375
1259739251:updateInputs:6900667:42
1259739251:updateComponents:6900750:4375
1259739251:propagateValuesOnChangeOnly:6905209:7625
1259739251:updateInputs:6944459:41
1259739251:updateComponents:6944542:4375
1259739251:propagateValuesOnChangeOnly:6948959:9041
1259739251:updateInputs:6989834:83
1259739251:updateComponents:6989959:4333
1259739251:propagateValuesOnChangeOnly:6994334:7625
1259739251:updateInputs:7033500:42
1259739251:updateComponents:7033584:4375
1259739251:propagateValuesOnChangeOnly:7038000:11792
1259739251:updateInputs:7081625:42
1259739251:updateComponents:7081709:4375
1259739251:propagateValuesOnChangeOnly:7086125:7667
1259739251:updateInputs:7125625:42
1259739251:updateComponents:7125709:4250
1259739251:propagateValuesOnChangeOnly:7130000:9000
1259739251:updateInputs:7170750:84
1259739251:updateComponents:7170875:4375
1259739251:propagateValuesOnChangeOnly:7175292:7667
1259739251:updateInputs:7214750:42
1259739251:updateComponents:7214834:4375
1259739251:propagateValuesOnChangeOnly:7219250:10375
1259739251:updateInputs:7261417:83
1259739251:updateComponents:7261542:4333
1259739251:propagateValuesOnChangeOnly:7265917:7667
1259739251:updateInputs:7305334:41
1259739251:updateComponents:7305417:4375
1259739251:propagateValuesOnChangeOnly:7309834:9041
1259739251:updateInputs:7351000:84
1259739251:updateComponents:7351125:4375
1259739251:propagateValuesOnChangeOnly:7355542:7583
1259739251:updateInputs:7395084:41
1259739251:updateComponents:7395167:4375
1259739251:propagateValuesOnChangeOnly:7399584:13083
1259739251:updateInputs:7444292:42
1259739251:updateComponents:7444375:4375
1259739251:propagateValuesOnChangeOnly:7448834:8041
1259739251:updateInputs:7488667:42
1259739251:updateComponents:7488750:4375
1259739251:propagateValuesOnChangeOnly:7493209:9083
1259739251:updateInputs:7534209:41
1259739251:updateComponents:7534292:4375
1259739251:propagateValuesOnChangeOnly:7538709:7666
1259739251:updateInputs:7577959:41
1259739251:updateComponents:7578042:4375
1259739251:propagateValuesOnChangeOnly:7582500:10334
1259739251:updateInputs:7624625:84
1259739251:updateComponents:7624750:4375
1259739251:propagateValuesOnChangeOnly:7629167:7625
1259739251:updateInputs:7668542:42
1259739251:updateComponents:7668625:4375
1259739251:propagateValuesOnChangeOnly:7673042:9000
1259739251:updateInputs:7714000:84
1259739251:updateComponents:7714125:4375
1259739251:propagateValuesOnChangeOnly:7718542:7583
1259739251:updateInputs:7757917:42
1259739251:updateComponents:7758000:4375
1259739251:propagateValuesOnChangeOnly:7762417:11750
1259739251:updateInputs:7806042:42
1259739251:updateComponents:7806125:4459
1259739251:propagateValuesOnChangeOnly:7810625:7625
1259739251:updateInputs:7849834:41
1259739251:updateComponents:7849917:4375
1259739251:propagateValuesOnChangeOnly:7854334:9000
1259739251:updateInputs:7894959:83
1259739251:updateComponents:7895084:4375
1259739251:propagateValuesOnChangeOnly:7899542:7542
1259739251:updateInputs:7938625:42
1259739251:updateComponents:7938709:4416
1259739251:propagateValuesOnChangeOnly:7943167:10333
1259739251:updateInputs:7984917:42
1259739251:updateComponents:7985000:4417
1259739251:propagateValuesOnChangeOnly:7989459:7666
1259739251:updateInputs:8028709:41
1259739251:updateComponents:8028792:4375
1259739251:propagateValuesOnChangeOnly:8033209:9041
1259739251:updateInputs:8073917:83
1259739251:updateComponents:8074042:4375
1259739251:propagateValuesOnChangeOnly:8078459:7541
1259739251:updateInputs:8117375:42
1259739251:updateComponents:8117459:4375
1259739251:propagateValuesOnChangeOnly:8121875:14500
1259739251:updateInputs:8170625:0
1259739251:updateComponents:8170709:4375
1259739251:propagateValuesOnChangeOnly:8175125:8084
1259739251:updateInputs:8214917:42
1259739251:updateComponents:8215000:4334
1259739251:propagateValuesOnChangeOnly:8219417:9083
1259739251:updateInputs:8260084:83
1259739251:updateComponents:8260209:4416
1259739251:propagateValuesOnChangeOnly:8264667:7667
1259739251:updateInputs:8304042:42
1259739251:updateComponents:8304125:4375
1259739251:propagateValuesOnChangeOnly:8308542:10333
1259739251:updateInputs:8350542:42
1259739251:updateComponents:8350625:4375
1259739251:propagateValuesOnChangeOnly:8355042:7708
1259739251:updateInputs:8394375:42
1259739251:updateComponents:8394459:4375
1259739251:propagateValuesOnChangeOnly:8398917:9000
1259739251:updateInputs:8439792:42
1259739251:updateComponents:8439875:4375
1259739251:propagateValuesOnChangeOnly:8444334:7541
1259739251:updateInputs:8483917:42
1259739251:updateComponents:8484000:4375
1259739251:propagateValuesOnChangeOnly:8488459:11750
1259739251:updateInputs:8532125:42
1259739251:updateComponents:8532209:4375
1259739251:propagateValuesOnChangeOnly:8536625:7625
1259739251:updateInputs:8577709:41
1259739251:updateComponents:8577792:4375
1259739251:propagateValuesOnChangeOnly:8582209:9041
1259739251:updateInputs:8623084:41
1259739251:updateComponents:8623167:4375
1259739251:propagateValuesOnChangeOnly:8627625:7625
1259739251:updateInputs:8666917:42
1259739251:updateComponents:8667000:4417
1259739251:propagateValuesOnChangeOnly:8671459:10333
1259739251:updateInputs:8713584:83
1259739251:updateComponents:8713709:4333
1259739251:propagateValuesOnChangeOnly:8718125:7584
1259739251:updateInputs:8757584:41
1259739251:updateComponents:8757709:4375
1259739251:propagateValuesOnChangeOnly:8762125:9000
1259739251:updateInputs:8802709:83
1259739251:updateComponents:8802834:4375
1259739251:propagateValuesOnChangeOnly:8807292:7542
1259739251:updateInputs:8846667:42
1259739251:updateComponents:8846750:4375
1259739251:propagateValuesOnChangeOnly:8851167:13083
1259739251:updateInputs:8896084:41
1259739251:updateComponents:8896167:4375
1259739251:propagateValuesOnChangeOnly:8900584:8125
1259739251:updateInputs:8940292:42
1259739251:updateComponents:8940375:4375
1259739251:propagateValuesOnChangeOnly:8944792:9083
1259739251:updateInputs:8985584:83
1259739251:updateComponents:8985709:4333
1259739251:propagateValuesOnChangeOnly:8990084:7666
1259739251:updateInputs:9029334:83
1259739251:updateComponents:9029417:4458
1259739251:propagateValuesOnChangeOnly:9033917:10208
1259739251:updateInputs:9075709:83
1259739251:updateComponents:9075834:4416
1259739251:propagateValuesOnChangeOnly:9080292:7625
1259739251:updateInputs:9119834:41
1259739251:updateComponents:9119917:4375
1259739251:propagateValuesOnChangeOnly:9124334:9041
1259739251:updateInputs:9169167:83
1259739251:updateComponents:9169292:4208
1259739251:propagateValuesOnChangeOnly:9173584:7708
1259739251:updateInputs:9212750:42
1259739251:updateComponents:9212834:4375
1259739251:propagateValuesOnChangeOnly:9217292:11750
1259739251:updateInputs:9260709:83
1259739251:updateComponents:9260834:4333
1259739251:propagateValuesOnChangeOnly:9265209:7708
1259739251:updateInputs:9304792:42
1259739251:updateComponents:9304875:4334
1259739251:propagateValuesOnChangeOnly:9309250:9084
1259739251:updateInputs:9350000:84
1259739251:updateComponents:9350125:4375
1259739251:propagateValuesOnChangeOnly:9354542:7708
1259739251:updateInputs:9394084:41
1259739251:updateComponents:9394167:4375
1259739251:propagateValuesOnChangeOnly:9398584:10375
1259739251:updateInputs:9440667:83
1259739251:updateComponents:9440750:4417
1259739251:propagateValuesOnChangeOnly:9445209:7708
1259739251:updateInputs:9484500:42
1259739251:updateComponents:9484584:4375
1259739251:propagateValuesOnChangeOnly:9489000:9000
1259739251:updateInputs:9529959:125
1259739251:updateComponents:9530125:4375
1259739251:propagateValuesOnChangeOnly:9534584:7541
1259739251:updateInputs:9573834:41
1259739251:updateComponents:9573917:4250
1259739251:propagateValuesOnChangeOnly:9578209:15833
1259739251:updateInputs:9625709:41
1259739251:updateComponents:9625792:4375
1259739251:propagateValuesOnChangeOnly:9630209:8041
1259739251:updateInputs:9670292:42
1259739251:updateComponents:9670375:4375
1259739251:propagateValuesOnChangeOnly:9674834:9000
1259739251:updateInputs:9715584:83
1259739251:updateComponents:9715709:4375
1259739251:propagateValuesOnChangeOnly:9720125:7667
1259739251:updateInputs:9759334:41
1259739251:updateComponents:9759417:4333
1259739251:propagateValuesOnChangeOnly:9763792:10417
1259739251:updateInputs:9806000:84
1259739251:updateComponents:9806084:4416
1259739251:propagateValuesOnChangeOnly:9810584:7625
1259739251:updateInputs:9850042:42
1259739251:updateComponents:9850125:4417
1259739251:propagateValuesOnChangeOnly:9854584:9041
1259739251:updateInputs:9895209:41
1259739251:updateComponents:9895292:4417
1259739251:propagateValuesOnChangeOnly:9899750:7667
1259739251:updateInputs:9939417:42
1259739251:updateComponents:9939500:4417
1259739251:propagateValuesOnChangeOnly:9943959:11708
1259739251:updateInputs:9987542:42
1259739251:updateComponents:9987625:4417
1259739251:propagateValuesOnChangeOnly:9992084:7625
1259739251:updateInputs:10031500:42
1259739251:updateComponents:10031584:4416
1259739251:propagateValuesOnChangeOnly:10036042:9042
1259739251:updateInputs:10077042:42
1259739251:updateComponents:10077125:4375
1259739251:propagateValuesOnChangeOnly:10081584:7625
1259739251:updateInputs:10120875:42
1259739251:updateComponents:10120959:4333
1259739251:propagateValuesOnChangeOnly:10125334:10458
1259739251:updateInputs:10167375:84
1259739251:updateComponents:10167500:4334
1259739251:propagateValuesOnChangeOnly:10171875:7667
1259739251:updateInputs:10211375:42
1259739251:updateComponents:10211459:4333
1259739251:propagateValuesOnChangeOnly:10215875:9042
1259739251:updateInputs:10256375:84
1259739251:updateComponents:10256500:4334
1259739251:propagateValuesOnChangeOnly:10260917:7583
1259739251:updateInputs:10300042:42
1259739251:updateComponents:10300125:4375
1259739251:propagateValuesOnChangeOnly:10304542:13000
1259739251:updateInputs:10349459:41
1259739251:updateComponents:10349542:4375
1259739251:propagateValuesOnChangeOnly:10353959:7916
1259739251:updateInputs:10393542:42
1259739251:updateComponents:10393625:4375
1259739251:propagateValuesOnChangeOnly:10398084:8958
1259739251:updateInputs:10438709:83
1259739251:updateComponents:10438834:4333
1259739251:propagateValuesOnChangeOnly:10443209:7666
1259739251:updateInputs:10482875:42
1259739251:updateComponents:10482959:4416
1259739251:propagateValuesOnChangeOnly:10487417:10333
1259739251:updateInputs:10529709:41
1259739251:updateComponents:10529792:4375
1259739251:propagateValuesOnChangeOnly:10534209:7666
1259739251:updateInputs:10573292:42
1259739251:updateComponents:10573417:4333
1259739251:propagateValuesOnChangeOnly:10577792:9083
1259739251:updateInputs:10634917:83
1259739251:updateComponents:10635042:4458
1259739251:propagateValuesOnChangeOnly:10639542:7667
1259739251:updateInputs:10678959:83
1259739251:updateComponents:10679084:4375
1259739251:propagateValuesOnChangeOnly:10683500:11709
1259739251:updateInputs:10726792:83
1259739251:updateComponents:10726917:4417
1259739251:propagateValuesOnChangeOnly:10731375:7542
1259739251:updateInputs:10770667:42
1259739251:updateComponents:10770750:4375
1259739251:propagateValuesOnChangeOnly:10775209:9000
1259739251:updateInputs:10816042:42
1259739251:updateComponents:10816125:4375
1259739251:propagateValuesOnChangeOnly:10820542:7708
1259739251:updateInputs:10859625:42
1259739251:updateComponents:10859709:4375
1259739251:propagateValuesOnChangeOnly:10864125:10375
1259739251:updateInputs:10906459:41
1259739251:updateComponents:10906542:4375
1259739251:propagateValuesOnChangeOnly:10910959:7666
1259739251:updateInputs:10950292:42
1259739251:updateComponents:10950375:4375
1259739251:propagateValuesOnChangeOnly:10954792:9083
1259739251:updateInputs:10995375:84
1259739251:updateComponents:10995500:4417
1259739251:propagateValuesOnChangeOnly:10999959:7583
1259739251:updateInputs:11039209:41
1259739251:updateComponents:11039292:4375
1259739251:propagateValuesOnChangeOnly:11043709:14416
1259739251:updateInputs:11090000:42
1259739251:updateComponents:11090084:4416
1259739251:propagateValuesOnChangeOnly:11094542:7917
1259739251:updateInputs:11133959:41
1259739251:updateComponents:11134042:4417
1259739251:propagateValuesOnChangeOnly:11138500:9000
1259739251:updateInputs:11179584:41
1259739251:updateComponents:11179667:4417
1259739251:propagateValuesOnChangeOnly:11184125:7667
1259739251:updateInputs:11223459:41
1259739251:updateComponents:11223542:4375
1259739251:propagateValuesOnChangeOnly:11228000:10334
1259739251:updateInputs:11269875:84
1259739251:updateComponents:11270000:4417
1259739251:propagateValuesOnChangeOnly:11274459:7666
1259739251:updateInputs:11313959:83
1259739251:updateComponents:11314042:4375
1259739251:propagateValuesOnChangeOnly:11318459:9041
1259739251:updateInputs:11359292:83
1259739251:updateComponents:11359417:4417
1259739251:propagateValuesOnChangeOnly:11363875:7667
1259739251:updateInputs:11403292:42
1259739251:updateComponents:11403375:4250
1259739251:propagateValuesOnChangeOnly:11407667:11750
1259739251:updateInputs:11451209:41
1259739251:updateComponents:11451292:4375
1259739251:propagateValuesOnChangeOnly:11455709:7583
1259739251:updateInputs:11495042:42
1259739251:updateComponents:11495125:4375
1259739251:propagateValuesOnChangeOnly:11499542:9042
1259739251:updateInputs:11540292:83
1259739251:updateComponents:11540417:4375
1259739251:propagateValuesOnChangeOnly:11544875:7584
1259739251:updateInputs:11584459:41
1259739251:updateComponents:11584542:4417
1259739251:propagateValuesOnChangeOnly:11589000:10417
1259739251:updateInputs:11631250:42
1259739251:updateComponents:11631334:4375
1259739251:propagateValuesOnChangeOnly:11635750:7667
1259739251:updateInputs:11674917:42
1259739251:updateComponents:11675000:4417
1259739251:propagateValuesOnChangeOnly:11679459:9041
1259739251:updateInputs:11720459:83
1259739251:updateComponents:11720584:4375
1259739251:propagateValuesOnChangeOnly:11725000:7667
1259739251:updateInputs:11764334:41
1259739251:updateComponents:11764417:4375
1259739251:propagateValuesOnChangeOnly:11768834:13083
1259739251:updateInputs:11813500:84
1259739251:updateComponents:11813625:4375
1259739251:propagateValuesOnChangeOnly:11818084:7833
1259739251:updateInputs:11857709:41
1259739251:updateComponents:11857792:4250
1259739251:propagateValuesOnChangeOnly:11862084:9000
1259739251:updateInputs:11902792:83
1259739251:updateComponents:11902917:4375
1259739251:propagateValuesOnChangeOnly:11907375:7625
1259739251:updateInputs:11946584:41
1259739251:updateComponents:11946667:4375
1259739251:propagateValuesOnChangeOnly:11951084:10458
1259739251:updateInputs:11993209:41
1259739251:updateComponents:11993292:4375
1259739251:propagateValuesOnChangeOnly:11997709:7583
1259739251:updateInputs:12036875:42
1259739251:updateComponents:12036959:4375
1259739251:propagateValuesOnChangeOnly:12041375:9000
1259739251:updateInputs:12082042:83
1259739251:updateComponents:12082167:4500
1259739251:propagateValuesOnChangeOnly:12086667:7583
1259739251:updateInputs:12126334:41
1259739251:updateComponents:12126417:4417
1259739251:propagateValuesOnChangeOnly:12130875:11750
1259739251:updateInputs:12174459:41
1259739251:updateComponents:12174542:4417
1259739251:propagateValuesOnChangeOnly:12179000:7625
1259739251:updateInputs:12218417:42
1259739251:updateComponents:12218500:4250
1259739251:propagateValuesOnChangeOnly:12222792:9125
1259739251:updateInputs:12263750:84
1259739251:updateComponents:12263875:4334
1259739251:propagateValuesOnChangeOnly:12268292:7583
1259739251:updateInputs:12307792:42
1259739251:updateComponents:12307875:4375
1259739251:propagateValuesOnChangeOnly:12312292:10417
1259739251:updateInputs:12354334:41
1259739251:updateComponents:12354417:4417
1259739251:propagateValuesOnChangeOnly:12358875:7625
1259739251:updateInputs:12398459:41
1259739251:updateComponents:12398542:4333
1259739251:propagateValuesOnChangeOnly:12402917:9000
1259739251:updateInputs:12443667:125
1259739251:updateComponents:12443834:4291
1259739251:propagateValuesOnChangeOnly:12448167:7625
1259739251:updateInputs:12487500:84
1259739251:updateComponents:12487584:4375
1259739251:propagateValuesOnChangeOnly:12492000:17042
1259739251:updateInputs:12541084:83
1259739251:updateComponents:12541209:4375
1259739251:propagateValuesOnChangeOnly:12545667:8292
1259739251:Run loop:830917:11754625
1259739251:main:42:12855417
