Title: Memory programmer test
871610673:updateInputs:1085958:125
871610673:updateComponents:1094750:10958
871610673:Init circuit:668000:497958
871610673:updateInputs:1166166:167
871610673:updateComponents:1166375:10541
871610673:propagateValuesOnChangeOnly:1177083:15667
871610673:updateInputs:1192916:167
871610673:updateComponents:1193125:10416
871610673:propagateValuesOnChangeOnly:1203583:15042
871610673:updateInputs:1218875:125
871610673:updateComponents:1219041:10292
871610673:propagateValuesOnChangeOnly:1229375:13041
871610673:updateInputs:1242541:125
871610673:updateComponents:1242708:10333
871610673:propagateValuesOnChangeOnly:1253083:12875
871610673:updateInputs:1266041:125
871610673:updateComponents:1266166:10334
871610673:propagateValuesOnChangeOnly:1276791:12792
871610673:updateInputs:1289666:84
871610673:updateComponents:1289791:10250
871610673:propagateValuesOnChangeOnly:1300083:12792
871610673:updateInputs:1312958:42
871610673:updateComponents:1313041:10334
871610673:propagateValuesOnChangeOnly:1323416:12834
871610673:updateInputs:1336333:42
871610673:updateComponents:1336416:10334
871610673:propagateValuesOnChangeOnly:1346791:12792
871610673:updateInputs:1359666:84
871610673:updateComponents:1359791:10292
871610673:propagateValuesOnChangeOnly:1370125:12750
871610673:updateInputs:1383000:83
871610673:updateComponents:1383125:10291
871610673:propagateValuesOnChangeOnly:1393500:12958
871610673:updateInputs:1406750:125
871610673:updateComponents:1406916:10292
871610673:propagateValuesOnChangeOnly:1417250:12833
871610673:updateInputs:1430125:83
871610673:updateComponents:1430250:10291
871610673:propagateValuesOnChangeOnly:1440583:12792
871610673:updateInputs:1453458:83
871610673:updateComponents:1453583:10250
871610673:propagateValuesOnChangeOnly:1463875:12833
871610673:updateInputs:1476791:42
871610673:updateComponents:1476875:10250
871610673:propagateValuesOnChangeOnly:1487166:12750
871610673:updateInputs:1500000:83
871610673:updateComponents:1500125:10250
871610673:propagateValuesOnChangeOnly:1510458:12792
871610673:updateInputs:1541750:41
871610673:updateComponents:1541833:10333
871610673:propagateValuesOnChangeOnly:1552208:14458
871610673:updateInputs:1566750:41
871610673:updateComponents:1566833:10250
871610673:propagateValuesOnChangeOnly:1577125:13666
871610673:updateInputs:1590875:83
871610673:updateComponents:1591000:10291
871610673:propagateValuesOnChangeOnly:1601333:13958
871610673:updateInputs:1615375:83
871610673:updateComponents:1615458:10333
871610673:propagateValuesOnChangeOnly:1625833:12917
871610673:updateInputs:1638833:83
871610673:updateComponents:1638916:10250
871610673:propagateValuesOnChangeOnly:1649250:12791
871610673:updateInputs:1662125:83
871610673:updateComponents:1662250:10291
871610673:propagateValuesOnChangeOnly:1672916:12792
871610673:updateInputs:1685791:84
871610673:updateComponents:1685916:10292
871610673:propagateValuesOnChangeOnly:1696250:13083
871610673:updateInputs:1709416:84
871610673:updateComponents:1709541:10250
871610673:propagateValuesOnChangeOnly:1719833:12833
871610673:updateInputs:1732750:41
871610673:updateComponents:1732833:10292
871610673:propagateValuesOnChangeOnly:1743166:12834
871610673:updateInputs:1756083:83
871610673:updateComponents:1756208:10292
871610673:propagateValuesOnChangeOnly:1766541:12792
871610673:updateInputs:1779458:42
871610673:updateComponents:1779541:10292
871610673:propagateValuesOnChangeOnly:1789875:12916
871610673:updateInputs:1802875:83
871610673:updateComponents:1803000:10250
871610673:propagateValuesOnChangeOnly:1813291:12834
871610673:updateInputs:1826208:42
871610673:updateComponents:1826291:10334
871610673:propagateValuesOnChangeOnly:1836666:12792
871610673:updateInputs:1849541:84
871610673:updateComponents:1849666:10292
871610673:propagateValuesOnChangeOnly:1860000:12750
871610673:updateInputs:1872833:167
871610673:updateComponents:1873041:10250
871610673:propagateValuesOnChangeOnly:1883333:12875
871610673:updateInputs:1914375:41
871610673:updateComponents:1914458:10292
871610673:propagateValuesOnChangeOnly:1924791:15084
871610673:updateInputs:1939958:42
871610673:updateComponents:1940083:10250
871610673:propagateValuesOnChangeOnly:1950375:17583
871610673:updateInputs:1968083:42
871610673:updateComponents:1968166:10292
871610673:propagateValuesOnChangeOnly:1978500:15583
871610673:updateInputs:1994208:42
871610673:updateComponents:1994291:10209
871610673:propagateValuesOnChangeOnly:2004541:16917
871610673:updateInputs:2021541:42
871610673:updateComponents:2021625:10250
871610673:propagateValuesOnChangeOnly:2031958:14917
871610673:updateInputs:2046958:83
871610673:updateComponents:2047083:10250
871610673:propagateValuesOnChangeOnly:2057375:13458
871610673:updateInputs:2070916:84
871610673:updateComponents:2071041:10209
871610673:propagateValuesOnChangeOnly:2081291:13042
871610673:updateInputs:2094416:42
871610673:updateComponents:2094500:10291
871610673:propagateValuesOnChangeOnly:2104833:12875
871610673:updateInputs:2117833:42
871610673:updateComponents:2117916:10292
871610673:propagateValuesOnChangeOnly:2128250:12875
871610673:updateInputs:2141208:83
871610673:updateComponents:2141291:10334
871610673:propagateValuesOnChangeOnly:2151666:12959
871610673:updateInputs:2164708:83
871610673:updateComponents:2164833:10292
871610673:propagateValuesOnChangeOnly:2175166:12792
871610673:updateInputs:2188041:84
871610673:updateComponents:2188125:10291
871610673:propagateValuesOnChangeOnly:2198458:12875
871610673:updateInputs:2211916:42
871610673:updateComponents:2212000:10333
871610673:propagateValuesOnChangeOnly:2222375:12708
871610673:updateInputs:2235166:42
871610673:updateComponents:2235250:10250
871610673:propagateValuesOnChangeOnly:2245541:12834
871610673:updateInputs:2258458:83
871610673:updateComponents:2258583:10292
871610673:propagateValuesOnChangeOnly:2268916:12834
871610673:updateInputs:2300041:84
871610673:updateComponents:2300166:10250
871610673:propagateValuesOnChangeOnly:2310458:14375
871610673:updateInputs:2324958:42
871610673:updateComponents:2325083:10250
871610673:propagateValuesOnChangeOnly:2335375:13875
871610673:updateInputs:2349333:83
871610673:updateComponents:2349458:10292
871610673:propagateValuesOnChangeOnly:2359791:14042
871610673:updateInputs:2373916:84
871610673:updateComponents:2374000:10208
871610673:propagateValuesOnChangeOnly:2384250:12958
871610673:updateInputs:2397333:42
871610673:updateComponents:2397416:10292
871610673:propagateValuesOnChangeOnly:2407750:12833
871610673:updateInputs:2420666:42
871610673:updateComponents:2420750:10250
871610673:propagateValuesOnChangeOnly:2431083:12750
871610673:updateInputs:2443916:84
871610673:updateComponents:2444041:10292
871610673:propagateValuesOnChangeOnly:2454375:12791
871610673:updateInputs:2467250:83
871610673:updateComponents:2467333:10417
871610673:propagateValuesOnChangeOnly:2477791:12834
871610673:updateInputs:2490708:42
871610673:updateComponents:2490791:10292
871610673:propagateValuesOnChangeOnly:2501166:12750
871610673:updateInputs:2514000:83
871610673:updateComponents:2514125:10250
871610673:propagateValuesOnChangeOnly:2524416:12792
871610673:updateInputs:2537291:42
871610673:updateComponents:2537375:10291
871610673:propagateValuesOnChangeOnly:2547750:12583
871610673:updateInputs:2560416:84
871610673:updateComponents:2560500:10333
871610673:propagateValuesOnChangeOnly:2570875:12833
871610673:updateInputs:2583791:84
871610673:updateComponents:2583916:10292
871610673:propagateValuesOnChangeOnly:2594250:12791
871610673:updateInputs:2607125:83
871610673:updateComponents:2607250:10250
871610673:propagateValuesOnChangeOnly:2617541:12875
871610673:updateInputs:2630500:125
871610673:updateComponents:2630666:10292
871610673:propagateValuesOnChangeOnly:2641000:12791
871610673:updateInputs:2671875:83
871610673:updateComponents:2672000:10250
871610673:propagateValuesOnChangeOnly:2682291:15250
871610673:updateInputs:2697625:41
871610673:updateComponents:2697708:10292
871610673:propagateValuesOnChangeOnly:2708041:17334
871610673:updateInputs:2725458:83
871610673:updateComponents:2725583:10250
871610673:propagateValuesOnChangeOnly:2735875:15625
871610673:updateInputs:2751583:83
871610673:updateComponents:2751708:10250
871610673:propagateValuesOnChangeOnly:2762000:16458
871610673:updateInputs:2778541:42
871610673:updateComponents:2778625:10250
871610673:propagateValuesOnChangeOnly:2788916:14917
871610673:updateInputs:2803916:42
871610673:updateComponents:2804000:10208
871610673:propagateValuesOnChangeOnly:2814291:13459
871610673:updateInputs:2827833:42
871610673:updateComponents:2827916:10292
871610673:propagateValuesOnChangeOnly:2838291:13334
871610673:updateInputs:2851708:42
871610673:updateComponents:2851791:10250
871610673:propagateValuesOnChangeOnly:2862083:12958
871610673:updateInputs:2875125:41
871610673:updateComponents:2875208:10292
871610673:propagateValuesOnChangeOnly:2885541:12792
871610673:updateInputs:2898416:42
871610673:updateComponents:2898500:10291
871610673:propagateValuesOnChangeOnly:2908833:12750
871610673:updateInputs:2921666:42
871610673:updateComponents:2921750:10333
871610673:propagateValuesOnChangeOnly:2932125:12791
871610673:updateInputs:2945041:42
871610673:updateComponents:2945125:10250
871610673:propagateValuesOnChangeOnly:2955416:12834
871610673:updateInputs:2968333:42
871610673:updateComponents:2968416:10334
871610673:propagateValuesOnChangeOnly:2978791:12792
871610673:updateInputs:2991666:42
871610673:updateComponents:2991750:10291
871610673:propagateValuesOnChangeOnly:3002083:12792
871610673:updateInputs:3014958:42
871610673:updateComponents:3015041:10292
871610673:propagateValuesOnChangeOnly:3025375:12875
871610673:updateInputs:3056416:84
871610673:updateComponents:3056541:10292
871610673:propagateValuesOnChangeOnly:3066916:14542
871610673:updateInputs:3081500:83
871610673:updateComponents:3081625:10291
871610673:propagateValuesOnChangeOnly:3091958:13917
871610673:updateInputs:3105916:84
871610673:updateComponents:3106041:10250
871610673:propagateValuesOnChangeOnly:3116333:14083
871610673:updateInputs:3130500:41
871610673:updateComponents:3130625:10291
871610673:propagateValuesOnChangeOnly:3140958:13083
871610673:updateInputs:3154083:83
871610673:updateComponents:3154208:10292
871610673:propagateValuesOnChangeOnly:3164541:12792
871610673:updateInputs:3177416:42
871610673:updateComponents:3177500:10333
871610673:propagateValuesOnChangeOnly:3187875:12791
871610673:updateInputs:3200750:41
871610673:updateComponents:3200833:10375
871610673:propagateValuesOnChangeOnly:3211250:12833
871610673:updateInputs:3224166:42
871610673:updateComponents:3224250:10291
871610673:propagateValuesOnChangeOnly:3234583:12792
871610673:updateInputs:3247458:42
871610673:updateComponents:3247541:10250
871610673:propagateValuesOnChangeOnly:3257875:12708
871610673:updateInputs:3270666:42
871610673:updateComponents:3270750:10250
871610673:propagateValuesOnChangeOnly:3281791:12917
871610673:updateInputs:3294750:83
871610673:updateComponents:3294833:10333
871610673:propagateValuesOnChangeOnly:3305250:12791
871610673:updateInputs:3318083:83
871610673:updateComponents:3318208:10292
871610673:propagateValuesOnChangeOnly:3328541:12875
871610673:updateInputs:3341458:83
871610673:updateComponents:3341541:10334
871610673:propagateValuesOnChangeOnly:3351916:12834
871610673:updateInputs:3364833:42
871610673:updateComponents:3364916:10334
871610673:propagateValuesOnChangeOnly:3375291:12750
871610673:updateInputs:3388125:83
871610673:updateComponents:3388250:10333
871610673:propagateValuesOnChangeOnly:3398625:12791
871610673:updateInputs:3429375:83
871610673:updateComponents:3429500:10333
871610673:propagateValuesOnChangeOnly:3439875:15458
871610673:updateInputs:3455416:42
871610673:updateComponents:3455500:10291
871610673:propagateValuesOnChangeOnly:3465833:17250
871610673:updateInputs:3483166:84
871610673:updateComponents:3483291:10250
871610673:propagateValuesOnChangeOnly:3493583:15583
871610673:updateInputs:3509250:83
871610673:updateComponents:3509375:10250
871610673:propagateValuesOnChangeOnly:3519666:16417
871610673:updateInputs:3536166:42
871610673:updateComponents:3536250:10291
871610673:propagateValuesOnChangeOnly:3546583:15125
871610673:updateInputs:3561750:83
871610673:updateComponents:3561875:10291
871610673:propagateValuesOnChangeOnly:3572250:13416
871610673:updateInputs:3585750:83
871610673:updateComponents:3585875:10291
871610673:propagateValuesOnChangeOnly:3596250:12875
871610673:updateInputs:3609208:42
871610673:updateComponents:3609291:10292
871610673:propagateValuesOnChangeOnly:3619625:12875
871610673:updateInputs:3632583:42
871610673:updateComponents:3632666:10334
871610673:propagateValuesOnChangeOnly:3643041:12750
871610673:updateInputs:3655833:83
871610673:updateComponents:3655916:10292
871610673:propagateValuesOnChangeOnly:3666250:12791
871610673:updateInputs:3679125:41
871610673:updateComponents:3679208:10250
871610673:propagateValuesOnChangeOnly:3689541:12709
871610673:updateInputs:3702333:42
871610673:updateComponents:3702416:10292
871610673:propagateValuesOnChangeOnly:3712750:12875
871610673:updateInputs:3725708:42
871610673:updateComponents:3725791:10334
871610673:propagateValuesOnChangeOnly:3736166:12750
871610673:updateInputs:3749000:41
871610673:updateComponents:3749083:10292
871610673:propagateValuesOnChangeOnly:3759416:12875
871610673:updateInputs:3772333:83
871610673:updateComponents:3772458:10292
871610673:propagateValuesOnChangeOnly:3782791:12792
871610673:updateInputs:3813875:83
871610673:updateComponents:3814000:10291
871610673:propagateValuesOnChangeOnly:3824333:14333
871610673:updateInputs:3838750:83
871610673:updateComponents:3838875:10250
871610673:propagateValuesOnChangeOnly:3849166:13917
871610673:updateInputs:3863208:42
871610673:updateComponents:3863291:10292
871610673:propagateValuesOnChangeOnly:3873625:13958
871610673:updateInputs:3887666:84
871610673:updateComponents:3887750:10333
871610673:propagateValuesOnChangeOnly:3898125:13000
871610673:updateInputs:3911208:83
871610673:updateComponents:3915208:10292
871610673:propagateValuesOnChangeOnly:3925541:12792
871610673:updateInputs:3938416:42
871610673:updateComponents:3938541:10250
871610673:propagateValuesOnChangeOnly:3948833:12833
871610673:updateInputs:3961750:83
871610673:updateComponents:3961833:10292
871610673:propagateValuesOnChangeOnly:3972166:12834
871610673:updateInputs:3985083:42
871610673:updateComponents:3985166:10334
871610673:propagateValuesOnChangeOnly:3995541:12792
871610673:updateInputs:4008416:84
871610673:updateComponents:4008541:10292
871610673:propagateValuesOnChangeOnly:4018875:12750
871610673:updateInputs:4031708:83
871610673:updateComponents:4031791:10292
871610673:propagateValuesOnChangeOnly:4042125:13000
871610673:updateInputs:4055208:83
871610673:updateComponents:4055291:10292
871610673:propagateValuesOnChangeOnly:4065625:12750
871610673:updateInputs:4078458:83
871610673:updateComponents:4078583:10250
871610673:propagateValuesOnChangeOnly:4088916:12834
871610673:updateInputs:4101875:41
871610673:updateComponents:4101958:10375
871610673:propagateValuesOnChangeOnly:4112375:12833
871610673:updateInputs:4125291:42
871610673:updateComponents:4125375:10250
871610673:propagateValuesOnChangeOnly:4135666:12834
871610673:updateInputs:4148583:167
871610673:updateComponents:4148791:10334
871610673:propagateValuesOnChangeOnly:4159166:12834
871610673:updateInputs:4190041:84
871610673:updateComponents:4190166:10334
871610673:propagateValuesOnChangeOnly:4200541:15584
871610673:updateInputs:4216208:42
871610673:updateComponents:4216291:10292
871610673:propagateValuesOnChangeOnly:4226625:17416
871610673:updateInputs:4244125:83
871610673:updateComponents:4244250:10291
871610673:propagateValuesOnChangeOnly:4254583:15875
871610673:updateInputs:4270541:42
871610673:updateComponents:4270625:10291
871610673:propagateValuesOnChangeOnly:4280958:16375
871610673:updateInputs:4297416:42
871610673:updateComponents:4297500:10291
871610673:propagateValuesOnChangeOnly:4307833:14625
871610673:updateInputs:4322541:42
871610673:updateComponents:4322625:10291
871610673:propagateValuesOnChangeOnly:4333000:13333
871610673:updateInputs:4346416:42
871610673:updateComponents:4346500:10333
871610673:propagateValuesOnChangeOnly:4356833:13083
871610673:updateInputs:4370000:41
871610673:updateComponents:4370083:10292
871610673:propagateValuesOnChangeOnly:4380375:12875
871610673:updateInputs:4393333:83
871610673:updateComponents:4393458:10292
871610673:propagateValuesOnChangeOnly:4403833:12792
871610673:updateInputs:4416708:83
871610673:updateComponents:4416791:10375
871610673:propagateValuesOnChangeOnly:4427208:12750
871610673:updateInputs:4441250:83
871610673:updateComponents:4441333:10292
871610673:propagateValuesOnChangeOnly:4451666:12792
871610673:updateInputs:4464541:42
871610673:updateComponents:4464625:10250
871610673:propagateValuesOnChangeOnly:4474916:12834
871610673:updateInputs:4487833:42
871610673:updateComponents:4487916:10292
871610673:propagateValuesOnChangeOnly:4498250:13000
871610673:updateInputs:4511333:42
871610673:updateComponents:4511416:10250
871610673:propagateValuesOnChangeOnly:4521708:12792
871610673:updateInputs:4534583:42
871610673:updateComponents:4534666:10292
871610673:propagateValuesOnChangeOnly:4545000:12791
871610673:updateInputs:4575750:41
871610673:updateComponents:4575833:10375
871610673:propagateValuesOnChangeOnly:4586250:14375
871610673:updateInputs:4600708:42
871610673:updateComponents:4600791:10292
871610673:propagateValuesOnChangeOnly:4611125:13875
871610673:updateInputs:4625083:83
871610673:updateComponents:4625166:10292
871610673:propagateValuesOnChangeOnly:4635500:13958
871610673:updateInputs:4649541:42
871610673:updateComponents:4649625:10333
871610673:propagateValuesOnChangeOnly:4660000:13166
871610673:updateInputs:4673250:41
871610673:updateComponents:4673333:10333
871610673:propagateValuesOnChangeOnly:4683708:12792
871610673:updateInputs:4696541:84
871610673:updateComponents:4696625:10333
871610673:propagateValuesOnChangeOnly:4707000:12833
871610673:updateInputs:4719875:83
871610673:updateComponents:4719958:10292
871610673:propagateValuesOnChangeOnly:4730291:12792
871610673:updateInputs:4743166:84
871610673:updateComponents:4743291:10292
871610673:propagateValuesOnChangeOnly:4753625:12750
871610673:updateInputs:4766458:42
871610673:updateComponents:4766541:10292
871610673:propagateValuesOnChangeOnly:4776875:12916
871610673:updateInputs:4789875:83
871610673:updateComponents:4790000:10333
871610673:propagateValuesOnChangeOnly:4800375:12791
871610673:updateInputs:4813250:83
871610673:updateComponents:4813375:10250
871610673:propagateValuesOnChangeOnly:4823666:12792
871610673:updateInputs:4836541:42
871610673:updateComponents:4836625:10291
871610673:propagateValuesOnChangeOnly:4846958:12792
871610673:updateInputs:4859833:42
871610673:updateComponents:4859916:10334
871610673:propagateValuesOnChangeOnly:4870291:12834
871610673:updateInputs:4883166:84
871610673:updateComponents:4883291:10250
871610673:propagateValuesOnChangeOnly:4893583:12792
871610673:updateInputs:4906458:167
871610673:updateComponents:4906666:10334
871610673:propagateValuesOnChangeOnly:4917041:12875
871610673:updateInputs:4947916:84
871610673:updateComponents:4948041:10334
871610673:propagateValuesOnChangeOnly:4958416:14875
871610673:updateInputs:4973375:83
871610673:updateComponents:4973500:10208
871610673:propagateValuesOnChangeOnly:4983750:17250
871610673:updateInputs:5001083:42
871610673:updateComponents:5001166:10334
871610673:propagateValuesOnChangeOnly:5011541:15792
871610673:updateInputs:5027416:42
871610673:updateComponents:5027625:10208
871610673:propagateValuesOnChangeOnly:5037916:16625
871610673:updateInputs:5054583:42
871610673:updateComponents:5054666:10292
871610673:propagateValuesOnChangeOnly:5065000:14750
871610673:updateInputs:5079833:42
871610673:updateComponents:5079916:10292
871610673:propagateValuesOnChangeOnly:5090250:13416
871610673:updateInputs:5103708:83
871610673:updateComponents:5103833:10292
871610673:propagateValuesOnChangeOnly:5114166:13000
871610673:updateInputs:5127250:41
871610673:updateComponents:5127333:10292
871610673:propagateValuesOnChangeOnly:5137666:12875
871610673:updateInputs:5150625:41
871610673:updateComponents:5150708:10333
871610673:propagateValuesOnChangeOnly:5161083:12792
871610673:updateInputs:5173916:84
871610673:updateComponents:5174041:10292
871610673:propagateValuesOnChangeOnly:5184375:12750
871610673:updateInputs:5197166:42
871610673:updateComponents:5197250:10291
871610673:propagateValuesOnChangeOnly:5207583:12958
871610673:updateInputs:5220625:41
871610673:updateComponents:5220708:10292
871610673:propagateValuesOnChangeOnly:5231041:12792
871610673:updateInputs:5243916:42
871610673:updateComponents:5244000:10291
871610673:propagateValuesOnChangeOnly:5254333:12833
871610673:updateInputs:5267250:41
871610673:updateComponents:5267333:10292
871610673:propagateValuesOnChangeOnly:5277666:12792
871610673:updateInputs:5290541:42
871610673:updateComponents:5290625:10333
871610673:propagateValuesOnChangeOnly:5301041:12834
871610673:updateInputs:5331875:83
871610673:updateComponents:5332000:10250
871610673:propagateValuesOnChangeOnly:5342291:14375
871610673:updateInputs:5356750:41
871610673:updateComponents:5356833:10292
871610673:propagateValuesOnChangeOnly:5367166:13875
871610673:updateInputs:5381125:41
871610673:updateComponents:5381208:10250
871610673:propagateValuesOnChangeOnly:5391500:14000
871610673:updateInputs:5405583:83
871610673:updateComponents:5405708:10333
871610673:propagateValuesOnChangeOnly:5416083:13042
871610673:updateInputs:5429166:84
871610673:updateComponents:5429291:10292
871610673:propagateValuesOnChangeOnly:5439625:12791
871610673:updateInputs:5458583:83
871610673:updateComponents:5458708:10458
871610673:propagateValuesOnChangeOnly:5469250:12750
871610673:updateInputs:5482083:42
871610673:updateComponents:5482166:10292
871610673:propagateValuesOnChangeOnly:5492500:12708
871610673:updateInputs:5505291:42
871610673:updateComponents:5505375:10291
871610673:propagateValuesOnChangeOnly:5515708:12792
871610673:updateInputs:5528583:42
871610673:updateComponents:5528666:10292
871610673:propagateValuesOnChangeOnly:5539000:12791
871610673:updateInputs:5551875:41
871610673:updateComponents:5551958:10208
871610673:propagateValuesOnChangeOnly:5562208:12833
871610673:updateInputs:5575083:83
871610673:updateComponents:5575208:10292
871610673:propagateValuesOnChangeOnly:5585541:12875
871610673:updateInputs:5598500:41
871610673:updateComponents:5598583:10292
871610673:propagateValuesOnChangeOnly:5608916:12750
871610673:updateInputs:5621750:41
871610673:updateComponents:5621833:10333
871610673:propagateValuesOnChangeOnly:5632208:12833
871610673:updateInputs:5645125:41
871610673:updateComponents:5645208:10292
871610673:propagateValuesOnChangeOnly:5655541:12834
871610673:updateInputs:5668416:167
871610673:updateComponents:5668625:10375
871610673:propagateValuesOnChangeOnly:5679041:12834
871610673:updateInputs:5709750:83
871610673:updateComponents:5709875:10333
871610673:propagateValuesOnChangeOnly:5720250:15166
871610673:updateInputs:5735500:83
871610673:updateComponents:5735583:10333
871610673:propagateValuesOnChangeOnly:5745958:17375
871610673:updateInputs:5763416:84
871610673:updateComponents:5763500:10291
871610673:propagateValuesOnChangeOnly:5773833:15833
871610673:updateInputs:5789750:41
871610673:updateComponents:5789833:10375
871610673:propagateValuesOnChangeOnly:5800250:16208
871610673:updateInputs:5816541:42
871610673:updateComponents:5816625:10291
871610673:propagateValuesOnChangeOnly:5826958:14625
871610673:updateInputs:5841666:42
871610673:updateComponents:5841750:10333
871610673:propagateValuesOnChangeOnly:5852125:13000
871610673:updateInputs:5865208:42
871610673:updateComponents:5865291:10334
871610673:propagateValuesOnChangeOnly:5875666:12959
871610673:updateInputs:5888666:84
871610673:updateComponents:5888791:10292
871610673:propagateValuesOnChangeOnly:5899125:12875
871610673:updateInputs:5912083:42
871610673:updateComponents:5912166:10250
871610673:propagateValuesOnChangeOnly:5922500:12791
871610673:updateInputs:5935375:41
871610673:updateComponents:5935458:10292
871610673:propagateValuesOnChangeOnly:5945791:12834
871610673:updateInputs:5958708:42
871610673:updateComponents:5958791:10334
871610673:propagateValuesOnChangeOnly:5969166:12792
871610673:updateInputs:5982000:83
871610673:updateComponents:5982125:10208
871610673:propagateValuesOnChangeOnly:5992375:12791
871610673:updateInputs:6005250:41
871610673:updateComponents:6005333:10292
871610673:propagateValuesOnChangeOnly:6015666:12834
871610673:updateInputs:6028541:84
871610673:updateComponents:6028625:10291
871610673:propagateValuesOnChangeOnly:6038958:12792
871610673:updateInputs:6051833:83
871610673:updateComponents:6051958:10292
871610673:propagateValuesOnChangeOnly:6062291:12750
871610673:updateInputs:6093000:41
871610673:updateComponents:6093083:10333
871610673:propagateValuesOnChangeOnly:6103458:14375
871610673:updateInputs:6117916:84
871610673:updateComponents:6118041:10292
871610673:propagateValuesOnChangeOnly:6128375:13875
871610673:updateInputs:6142333:42
871610673:updateComponents:6142416:10334
871610673:propagateValuesOnChangeOnly:6152791:14125
871610673:updateInputs:6167000:41
871610673:updateComponents:6167083:10333
871610673:propagateValuesOnChangeOnly:6177500:12958
871610673:updateInputs:6190541:42
871610673:updateComponents:6190625:10250
871610673:propagateValuesOnChangeOnly:6200916:12750
871610673:updateInputs:6213750:41
871610673:updateComponents:6213833:10292
871610673:propagateValuesOnChangeOnly:6224166:12792
871610673:updateInputs:6237041:42
871610673:updateComponents:6237125:10291
871610673:propagateValuesOnChangeOnly:6247458:12958
871610673:updateInputs:6260500:41
871610673:updateComponents:6260583:10292
871610673:propagateValuesOnChangeOnly:6270916:12792
871610673:updateInputs:6283791:42
871610673:updateComponents:6283875:10250
871610673:propagateValuesOnChangeOnly:6294166:12875
871610673:updateInputs:6307125:41
871610673:updateComponents:6307208:10292
871610673:propagateValuesOnChangeOnly:6317541:12875
871610673:updateInputs:6330500:41
871610673:updateComponents:6330583:10250
871610673:propagateValuesOnChangeOnly:6340916:12792
871610673:updateInputs:6353791:42
871610673:updateComponents:6353875:10291
871610673:propagateValuesOnChangeOnly:6364208:12792
871610673:updateInputs:6377083:83
871610673:updateComponents:6377166:10334
871610673:propagateValuesOnChangeOnly:6387541:12792
871610673:updateInputs:6400416:42
871610673:updateComponents:6400500:10291
871610673:propagateValuesOnChangeOnly:6410833:12750
871610673:updateInputs:6423666:84
871610673:updateComponents:6423791:10250
871610673:propagateValuesOnChangeOnly:6434083:12792
871610673:updateInputs:6464791:42
871610673:updateComponents:6464875:10375
871610673:propagateValuesOnChangeOnly:6475291:14334
871610673:updateInputs:6489666:84
871610673:updateComponents:6489750:10333
871610673:propagateValuesOnChangeOnly:6500125:17291
871610673:updateInputs:6517500:41
871610673:updateComponents:6517583:10292
871610673:propagateValuesOnChangeOnly:6527916:15667
871610673:updateInputs:6543666:84
871610673:updateComponents:6543791:10250
871610673:propagateValuesOnChangeOnly:6554083:16583
871610673:updateInputs:6570750:41
871610673:updateComponents:6570833:10292
871610673:propagateValuesOnChangeOnly:6581166:14709
871610673:updateInputs:6595958:42
871610673:updateComponents:6596041:10250
871610673:propagateValuesOnChangeOnly:6606333:13042
871610673:updateInputs:6619458:83
871610673:updateComponents:6619541:10375
871610673:propagateValuesOnChangeOnly:6629958:12750
871610673:updateInputs:6642791:42
871610673:updateComponents:6642875:10291
871610673:propagateValuesOnChangeOnly:6653250:12750
871610673:updateInputs:6666083:83
871610673:updateComponents:6666208:10292
871610673:propagateValuesOnChangeOnly:6676541:12875
871610673:updateInputs:6689458:83
871610673:updateComponents:6689541:10334
871610673:propagateValuesOnChangeOnly:6699916:13042
871610673:updateInputs:6713041:42
871610673:updateComponents:6713125:10291
871610673:propagateValuesOnChangeOnly:6723458:12792
871610673:updateInputs:6736333:42
871610673:updateComponents:6736416:10250
871610673:propagateValuesOnChangeOnly:6746708:12833
871610673:updateInputs:6759625:41
871610673:updateComponents:6759708:10292
871610673:propagateValuesOnChangeOnly:6770041:12750
871610673:updateInputs:6782875:83
871610673:updateComponents:6782958:10333
871610673:propagateValuesOnChangeOnly:6793333:12792
871610673:updateInputs:6806166:84
871610673:updateComponents:6806291:10250
871610673:propagateValuesOnChangeOnly:6816583:12833
871610673:updateInputs:6847666:42
871610673:updateComponents:6847750:10291
871610673:propagateValuesOnChangeOnly:6858083:14333
871610673:updateInputs:6872500:83
871610673:updateComponents:6872583:10292
871610673:propagateValuesOnChangeOnly:6886916:13834
871610673:updateInputs:6900791:84
871610673:updateComponents:6900916:10292
871610673:propagateValuesOnChangeOnly:6911250:13958
871610673:updateInputs:6925291:42
871610673:updateComponents:6925375:10291
871610673:propagateValuesOnChangeOnly:6935708:12958
871610673:updateInputs:6948750:41
871610673:updateComponents:6948833:10333
871610673:propagateValuesOnChangeOnly:6959208:12750
871610673:updateInputs:6972041:42
871610673:updateComponents:6972125:10291
871610673:propagateValuesOnChangeOnly:6982458:12792
871610673:updateInputs:6995333:42
871610673:updateComponents:6995416:10292
871610673:propagateValuesOnChangeOnly:7005750:12916
871610673:updateInputs:7018708:83
871610673:updateComponents:7018833:10208
871610673:propagateValuesOnChangeOnly:7029083:12958
871610673:updateInputs:7042083:83
871610673:updateComponents:7042208:10292
871610673:propagateValuesOnChangeOnly:7052541:12792
871610673:updateInputs:7065416:42
871610673:updateComponents:7065500:10250
871610673:propagateValuesOnChangeOnly:7075791:12792
871610673:updateInputs:7088625:41
871610673:updateComponents:7088708:10292
871610673:propagateValuesOnChangeOnly:7099041:12834
871610673:updateInputs:7111916:84
871610673:updateComponents:7112041:10250
871610673:propagateValuesOnChangeOnly:7122333:12792
871610673:updateInputs:7135166:84
871610673:updateComponents:7135250:10250
871610673:propagateValuesOnChangeOnly:7145541:12875
871610673:updateInputs:7158500:41
871610673:updateComponents:7158583:10208
871610673:propagateValuesOnChangeOnly:7168875:12791
871610673:updateInputs:7181708:125
871610673:updateComponents:7181875:10291
871610673:propagateValuesOnChangeOnly:7192208:12875
871610673:updateInputs:7223083:83
871610673:updateComponents:7223208:10292
871610673:propagateValuesOnChangeOnly:7233541:14500
871610673:updateInputs:7248125:83
871610673:updateComponents:7248208:10292
871610673:propagateValuesOnChangeOnly:7258541:17167
871610673:updateInputs:7275791:42
871610673:updateComponents:7275875:10291
871610673:propagateValuesOnChangeOnly:7286208:15708
871610673:updateInputs:7302000:41
871610673:updateComponents:7302083:10292
871610673:propagateValuesOnChangeOnly:7312416:16334
871610673:updateInputs:7328833:42
871610673:updateComponents:7328916:10250
871610673:propagateValuesOnChangeOnly:7339208:14792
871610673:updateInputs:7354083:42
871610673:updateComponents:7354166:10292
871610673:propagateValuesOnChangeOnly:7364500:13083
871610673:updateInputs:7377666:42
871610673:updateComponents:7377750:10291
871610673:propagateValuesOnChangeOnly:7388083:12833
871610673:updateInputs:7401000:41
871610673:updateComponents:7401083:10292
871610673:propagateValuesOnChangeOnly:7411416:12875
871610673:updateInputs:7424333:83
871610673:updateComponents:7424458:10292
871610673:propagateValuesOnChangeOnly:7434791:12875
871610673:updateInputs:7447750:41
871610673:updateComponents:7447833:10250
871610673:propagateValuesOnChangeOnly:7458125:12833
871610673:updateInputs:7471041:42
871610673:updateComponents:7471125:10291
871610673:propagateValuesOnChangeOnly:7481458:12958
871610673:updateInputs:7494458:83
871610673:updateComponents:7494583:10292
871610673:propagateValuesOnChangeOnly:7504916:13000
871610673:updateInputs:7518000:41
871610673:updateComponents:7518083:10292
871610673:propagateValuesOnChangeOnly:7528416:12750
871610673:updateInputs:7541250:41
871610673:updateComponents:7541333:10250
871610673:propagateValuesOnChangeOnly:7551625:12750
871610673:updateInputs:7564458:83
871610673:updateComponents:7564583:10250
871610673:propagateValuesOnChangeOnly:7574916:12792
871610673:updateInputs:7605666:42
871610673:updateComponents:7605750:10291
871610673:propagateValuesOnChangeOnly:7616083:14417
871610673:updateInputs:7630583:83
871610673:updateComponents:7630708:10333
871610673:propagateValuesOnChangeOnly:7641083:13792
871610673:updateInputs:7654958:83
871610673:updateComponents:7655041:10334
871610673:propagateValuesOnChangeOnly:7665458:14042
871610673:updateInputs:7679583:83
871610673:updateComponents:7679708:10250
871610673:propagateValuesOnChangeOnly:7690000:13041
871610673:updateInputs:7703083:83
871610673:updateComponents:7703208:10250
871610673:propagateValuesOnChangeOnly:7713500:12791
871610673:updateInputs:7726375:41
871610673:updateComponents:7726458:10292
871610673:propagateValuesOnChangeOnly:7736791:12792
871610673:updateInputs:7749625:83
871610673:updateComponents:7749750:10291
871610673:propagateValuesOnChangeOnly:7760083:12750
871610673:updateInputs:7772916:84
871610673:updateComponents:7773000:10333
871610673:propagateValuesOnChangeOnly:7783375:12833
871610673:updateInputs:7796291:84
871610673:updateComponents:7796375:10333
871610673:propagateValuesOnChangeOnly:7806750:12916
871610673:updateInputs:7819750:41
871610673:updateComponents:7819833:10250
871610673:propagateValuesOnChangeOnly:7830125:12833
871610673:updateInputs:7843041:42
871610673:updateComponents:7843125:10291
871610673:propagateValuesOnChangeOnly:7853458:12833
871610673:updateInputs:7866375:83
871610673:updateComponents:7866500:10250
871610673:propagateValuesOnChangeOnly:7876791:12834
871610673:updateInputs:7889708:42
871610673:updateComponents:7889791:10334
871610673:propagateValuesOnChangeOnly:7900166:12792
871610673:updateInputs:7913041:42
871610673:updateComponents:7913125:10291
871610673:propagateValuesOnChangeOnly:7923458:12792
871610673:updateInputs:7936333:83
871610673:updateComponents:7936458:10250
871610673:propagateValuesOnChangeOnly:7946750:12791
871610673:updateInputs:7977500:83
871610673:updateComponents:7977583:10375
871610673:propagateValuesOnChangeOnly:7988000:14416
871610673:updateInputs:8002500:41
871610673:updateComponents:8002583:10292
871610673:propagateValuesOnChangeOnly:8012916:17042
871610673:updateInputs:8030041:42
871610673:updateComponents:8030125:10291
871610673:propagateValuesOnChangeOnly:8040458:15667
871610673:updateInputs:8056208:42
871610673:updateComponents:8056291:10334
871610673:propagateValuesOnChangeOnly:8066666:16209
871610673:updateInputs:8082958:42
871610673:updateComponents:8083041:10292
871610673:propagateValuesOnChangeOnly:8093375:14708
871610673:updateInputs:8108125:83
871610673:updateComponents:8108250:10291
871610673:propagateValuesOnChangeOnly:8118583:13083
871610673:updateInputs:8131750:41
871610673:updateComponents:8131833:10292
871610673:propagateValuesOnChangeOnly:8142208:12750
871610673:updateInputs:8155041:42
871610673:updateComponents:8155125:10291
871610673:propagateValuesOnChangeOnly:8165458:12833
871610673:updateInputs:8178375:41
871610673:updateComponents:8178458:10250
871610673:propagateValuesOnChangeOnly:8188750:12791
871610673:updateInputs:8201625:41
871610673:updateComponents:8201708:10292
871610673:propagateValuesOnChangeOnly:8212041:12792
871610673:updateInputs:8224916:84
871610673:updateComponents:8225041:10334
871610673:propagateValuesOnChangeOnly:8235416:12750
871610673:updateInputs:8248250:83
871610673:updateComponents:8248333:10333
871610673:propagateValuesOnChangeOnly:8258708:12792
871610673:updateInputs:8271583:42
871610673:updateComponents:8271666:10292
871610673:propagateValuesOnChangeOnly:8282041:12792
871610673:updateInputs:8294916:42
871610673:updateComponents:8295000:10291
871610673:propagateValuesOnChangeOnly:8305333:12833
871610673:updateInputs:8318250:41
871610673:updateComponents:8318333:10333
871610673:propagateValuesOnChangeOnly:8328708:13000
871610673:updateInputs:8359750:83
871610673:updateComponents:8359875:10291
871610673:propagateValuesOnChangeOnly:8370208:14375
871610673:updateInputs:8384666:42
871610673:updateComponents:8384750:10250
871610673:propagateValuesOnChangeOnly:8395041:13959
871610673:updateInputs:8409041:84
871610673:updateComponents:8409166:10250
871610673:propagateValuesOnChangeOnly:8419458:14083
871610673:updateInputs:8433625:41
871610673:updateComponents:8433708:10292
871610673:propagateValuesOnChangeOnly:8444041:13000
871610673:updateInputs:8457125:41
871610673:updateComponents:8457208:10292
871610673:propagateValuesOnChangeOnly:8467541:12792
871610673:updateInputs:8480416:42
871610673:updateComponents:8480500:10291
871610673:propagateValuesOnChangeOnly:8490833:12833
871610673:updateInputs:8503750:41
871610673:updateComponents:8503833:10250
871610673:propagateValuesOnChangeOnly:8514166:12750
871610673:updateInputs:8526958:83
871610673:updateComponents:8527083:10292
871610673:propagateValuesOnChangeOnly:8537416:12792
871610673:updateInputs:8550291:84
871610673:updateComponents:8550416:10250
871610673:propagateValuesOnChangeOnly:8560708:12792
871610673:updateInputs:8573583:42
871610673:updateComponents:8573666:10250
871610673:propagateValuesOnChangeOnly:8583958:12792
871610673:updateInputs:8596833:42
871610673:updateComponents:8596916:10250
871610673:propagateValuesOnChangeOnly:8607208:12833
871610673:updateInputs:8620083:83
871610673:updateComponents:8620208:10292
871610673:propagateValuesOnChangeOnly:8630541:12792
871610673:updateInputs:8643416:42
871610673:updateComponents:8643500:10291
871610673:propagateValuesOnChangeOnly:8653833:12750
871610673:updateInputs:8666666:42
871610673:updateComponents:8666750:10333
871610673:propagateValuesOnChangeOnly:8677125:12791
871610673:updateInputs:8690000:83
871610673:updateComponents:8690125:10375
871610673:propagateValuesOnChangeOnly:8700541:12792
871610673:updateInputs:8731208:83
871610673:updateComponents:8731333:10333
871610673:propagateValuesOnChangeOnly:8741708:14417
871610673:updateInputs:8756166:84
871610673:updateComponents:8756291:10292
871610673:propagateValuesOnChangeOnly:8766625:17333
871610673:updateInputs:8784041:42
871610673:updateComponents:8784125:10375
871610673:propagateValuesOnChangeOnly:8794541:15625
871610673:updateInputs:8810250:41
871610673:updateComponents:8810333:10292
871610673:propagateValuesOnChangeOnly:8820666:16334
871610673:updateInputs:8837041:84
871610673:updateComponents:8837166:10334
871610673:propagateValuesOnChangeOnly:8847541:14500
871610673:updateInputs:8862125:41
871610673:updateComponents:8862208:10292
871610673:propagateValuesOnChangeOnly:8872541:13042
871610673:updateInputs:8885666:42
871610673:updateComponents:8885750:10333
871610673:propagateValuesOnChangeOnly:8896125:12833
871610673:updateInputs:8909000:83
871610673:updateComponents:8909083:10333
871610673:propagateValuesOnChangeOnly:8919458:12750
871610673:updateInputs:8932291:42
871610673:updateComponents:8932375:10333
871610673:propagateValuesOnChangeOnly:8942750:12833
871610673:updateInputs:8955666:84
871610673:updateComponents:8955750:10250
871610673:propagateValuesOnChangeOnly:8966041:12750
871610673:updateInputs:8978875:83
871610673:updateComponents:8978958:10375
871610673:propagateValuesOnChangeOnly:8989333:12958
871610673:updateInputs:9002333:42
871610673:updateComponents:9002416:10334
871610673:propagateValuesOnChangeOnly:9012791:12792
871610673:updateInputs:9025666:42
871610673:updateComponents:9025750:10291
871610673:propagateValuesOnChangeOnly:9036083:12750
871610673:updateInputs:9048916:42
871610673:updateComponents:9049000:10291
871610673:propagateValuesOnChangeOnly:9059375:12833
871610673:updateInputs:9072291:42
871610673:updateComponents:9072375:10291
871610673:propagateValuesOnChangeOnly:9082708:12792
871610673:updateInputs:9113500:41
871610673:updateComponents:9113583:10292
871610673:propagateValuesOnChangeOnly:9123916:14417
871610673:updateInputs:9138416:84
871610673:updateComponents:9138541:14459
871610673:propagateValuesOnChangeOnly:9153041:13792
871610673:updateInputs:9166916:42
871610673:updateComponents:9167000:10333
871610673:propagateValuesOnChangeOnly:9177375:14083
871610673:updateInputs:9191541:42
871610673:updateComponents:9191625:10250
871610673:propagateValuesOnChangeOnly:9201958:12917
871610673:updateInputs:9214958:42
871610673:updateComponents:9215041:10334
871610673:propagateValuesOnChangeOnly:9225416:12834
871610673:updateInputs:9238333:42
871610673:updateComponents:9238416:10292
871610673:propagateValuesOnChangeOnly:9248750:12791
871610673:updateInputs:9261625:41
871610673:updateComponents:9261708:10333
871610673:propagateValuesOnChangeOnly:9272083:12833
871610673:updateInputs:9285000:41
871610673:updateComponents:9285083:10292
871610673:propagateValuesOnChangeOnly:9295416:12792
871610673:updateInputs:9308291:84
871610673:updateComponents:9308375:10333
871610673:propagateValuesOnChangeOnly:9318750:12791
871610673:updateInputs:9331625:41
871610673:updateComponents:9331708:10250
871610673:propagateValuesOnChangeOnly:9342000:12791
871610673:updateInputs:9354875:83
871610673:updateComponents:9354958:10333
871610673:propagateValuesOnChangeOnly:9365333:12833
871610673:updateInputs:9378250:83
871610673:updateComponents:9378333:10292
871610673:propagateValuesOnChangeOnly:9388666:12792
871610673:updateInputs:9401541:42
871610673:updateComponents:9401625:10250
871610673:propagateValuesOnChangeOnly:9411916:12834
871610673:updateInputs:9424791:84
871610673:updateComponents:9424875:10375
871610673:propagateValuesOnChangeOnly:9435291:12750
871610673:updateInputs:9448125:83
871610673:updateComponents:9448250:10291
871610673:propagateValuesOnChangeOnly:9458583:12833
871610673:updateInputs:9489375:83
871610673:updateComponents:9489500:10291
871610673:propagateValuesOnChangeOnly:9499875:14416
871610673:updateInputs:9514375:41
871610673:updateComponents:9514458:10250
871610673:propagateValuesOnChangeOnly:9524750:17125
871610673:updateInputs:9541958:42
871610673:updateComponents:9542041:10292
871610673:propagateValuesOnChangeOnly:9552375:15875
871610673:updateInputs:9568333:83
871610673:updateComponents:9568458:10292
871610673:propagateValuesOnChangeOnly:9578791:16125
871610673:updateInputs:9595000:41
871610673:updateComponents:9595083:10292
871610673:propagateValuesOnChangeOnly:9605416:14625
871610673:updateInputs:9620125:41
871610673:updateComponents:9620208:10333
871610673:propagateValuesOnChangeOnly:9630583:13167
871610673:updateInputs:9643833:83
871610673:updateComponents:9643916:10292
871610673:propagateValuesOnChangeOnly:9654250:12791
871610673:updateInputs:9667166:42
871610673:updateComponents:9667250:10291
871610673:propagateValuesOnChangeOnly:9677583:12792
871610673:updateInputs:9690458:83
871610673:updateComponents:9690583:10250
871610673:propagateValuesOnChangeOnly:9700875:12833
871610673:updateInputs:9713750:83
871610673:updateComponents:9713875:10250
871610673:propagateValuesOnChangeOnly:9724166:12875
871610673:updateInputs:9737083:83
871610673:updateComponents:9737166:10292
871610673:propagateValuesOnChangeOnly:9753708:12917
871610673:updateInputs:9766708:83
871610673:updateComponents:9766791:10292
871610673:propagateValuesOnChangeOnly:9777125:12833
871610673:updateInputs:9790041:42
871610673:updateComponents:9790125:10291
871610673:propagateValuesOnChangeOnly:9800458:12833
871610673:updateInputs:9813375:41
871610673:updateComponents:9813458:10208
871610673:propagateValuesOnChangeOnly:9823708:12792
871610673:updateInputs:9836583:83
871610673:updateComponents:9836708:10250
871610673:propagateValuesOnChangeOnly:9847000:12750
871610673:updateInputs:9877708:42
871610673:updateComponents:9877833:10292
871610673:propagateValuesOnChangeOnly:9888166:14459
871610673:updateInputs:9902708:42
871610673:updateComponents:9902791:10292
871610673:propagateValuesOnChangeOnly:9913125:13958
871610673:updateInputs:9927166:42
871610673:updateComponents:9927250:10333
871610673:propagateValuesOnChangeOnly:9937625:14166
871610673:updateInputs:9951833:83
871610673:updateComponents:9951958:10250
871610673:propagateValuesOnChangeOnly:9962250:13125
871610673:updateInputs:9975416:84
871610673:updateComponents:9975541:10209
871610673:propagateValuesOnChangeOnly:9985791:12834
871610673:updateInputs:9998708:42
871610673:updateComponents:9998791:10292
871610673:propagateValuesOnChangeOnly:10009125:12833
871610673:updateInputs:10022041:42
871610673:updateComponents:10022125:10250
871610673:propagateValuesOnChangeOnly:10032416:12792
871610673:updateInputs:10045250:83
871610673:updateComponents:10045375:10250
871610673:propagateValuesOnChangeOnly:10055666:12792
871610673:updateInputs:10068541:42
871610673:updateComponents:10068625:10333
871610673:propagateValuesOnChangeOnly:10079000:12791
871610673:updateInputs:10091875:83
871610673:updateComponents:10092000:10250
871610673:propagateValuesOnChangeOnly:10102291:12792
871610673:updateInputs:10115166:42
871610673:updateComponents:10115250:10291
871610673:propagateValuesOnChangeOnly:10125583:12667
871610673:updateInputs:10138291:84
871610673:updateComponents:10138416:10292
871610673:propagateValuesOnChangeOnly:10148750:12791
871610673:updateInputs:10161625:83
871610673:updateComponents:10161750:10333
871610673:propagateValuesOnChangeOnly:10172125:12708
871610673:updateInputs:10184958:42
871610673:updateComponents:10185041:10292
871610673:propagateValuesOnChangeOnly:10195375:12750
871610673:updateInputs:10208208:83
871610673:updateComponents:10208333:10250
871610673:propagateValuesOnChangeOnly:10218625:12833
871610673:updateInputs:10249458:42
871610673:updateComponents:10249541:10292
871610673:propagateValuesOnChangeOnly:10259875:14541
871610673:updateInputs:10274500:41
871610673:updateComponents:10274583:10292
871610673:propagateValuesOnChangeOnly:10284916:17292
871610673:updateInputs:10302250:83
871610673:updateComponents:10302375:10291
871610673:propagateValuesOnChangeOnly:10312708:15667
871610673:updateInputs:10328458:42
871610673:updateComponents:10328541:10250
871610673:propagateValuesOnChangeOnly:10338833:16125
871610673:updateInputs:10355041:84
871610673:updateComponents:10355166:10334
871610673:propagateValuesOnChangeOnly:10365541:14500
871610673:updateInputs:10380166:42
871610673:updateComponents:10380250:10291
871610673:propagateValuesOnChangeOnly:10390583:13083
871610673:updateInputs:10403750:83
871610673:updateComponents:10403833:10250
871610673:propagateValuesOnChangeOnly:10414125:12791
871610673:updateInputs:10426958:83
871610673:updateComponents:10427041:10292
871610673:propagateValuesOnChangeOnly:10437375:12875
871610673:updateInputs:10450333:42
871610673:updateComponents:10450416:10292
871610673:propagateValuesOnChangeOnly:10460750:12875
871610673:updateInputs:10473708:42
871610673:updateComponents:10473791:10292
871610673:propagateValuesOnChangeOnly:10484125:12833
871610673:updateInputs:10497041:84
871610673:updateComponents:10497125:10291
871610673:propagateValuesOnChangeOnly:10507458:12917
871610673:updateInputs:10520458:42
871610673:updateComponents:10520541:10375
871610673:propagateValuesOnChangeOnly:10530958:12958
871610673:updateInputs:10544000:83
871610673:updateComponents:10544083:10333
871610673:propagateValuesOnChangeOnly:10554458:12833
871610673:updateInputs:10567375:41
871610673:updateComponents:10567458:10375
871610673:propagateValuesOnChangeOnly:10577875:12791
871610673:updateInputs:10590750:83
871610673:updateComponents:10590875:10291
871610673:propagateValuesOnChangeOnly:10601208:12792
871610673:updateInputs:10631958:42
871610673:updateComponents:10632041:10334
871610673:propagateValuesOnChangeOnly:10642416:14375
871610673:updateInputs:10656875:41
871610673:updateComponents:10656958:10292
871610673:propagateValuesOnChangeOnly:10667291:13792
871610673:updateInputs:10681166:84
871610673:updateComponents:10681291:10292
871610673:propagateValuesOnChangeOnly:10691625:14083
871610673:updateInputs:10705791:42
871610673:updateComponents:10705875:10291
871610673:propagateValuesOnChangeOnly:10716208:13125
871610673:updateInputs:10729416:42
871610673:updateComponents:10729500:10333
871610673:propagateValuesOnChangeOnly:10739875:12875
871610673:updateInputs:10752791:84
871610673:updateComponents:10752916:10250
871610673:propagateValuesOnChangeOnly:10763250:12750
871610673:updateInputs:10776083:42
871610673:updateComponents:10776166:10292
871610673:propagateValuesOnChangeOnly:10786500:12791
871610673:updateInputs:10799375:41
871610673:updateComponents:10799458:10375
871610673:propagateValuesOnChangeOnly:10809875:12708
871610673:updateInputs:10822666:42
871610673:updateComponents:10822750:10291
871610673:propagateValuesOnChangeOnly:10833083:12750
871610673:updateInputs:10845875:83
871610673:updateComponents:10846000:10250
871610673:propagateValuesOnChangeOnly:10856291:12875
871610673:updateInputs:10869250:41
871610673:updateComponents:10869333:10292
871610673:propagateValuesOnChangeOnly:10879666:12792
871610673:updateInputs:10892583:42
871610673:updateComponents:10892666:10209
871610673:propagateValuesOnChangeOnly:10902916:12834
871610673:updateInputs:10915791:84
871610673:updateComponents:10915875:10333
871610673:propagateValuesOnChangeOnly:10926250:12791
871610673:updateInputs:10939125:41
871610673:updateComponents:10939208:10292
871610673:propagateValuesOnChangeOnly:10949541:12834
871610673:updateInputs:10962416:84
871610673:updateComponents:10962541:10459
871610673:propagateValuesOnChangeOnly:10973041:12792
871610673:updateInputs:11003750:41
871610673:updateComponents:11003833:10458
871610673:propagateValuesOnChangeOnly:11014333:14417
871610673:updateInputs:11028833:42
871610673:updateComponents:11028916:10292
871610673:propagateValuesOnChangeOnly:11039250:17166
871610673:updateInputs:11056500:83
871610673:updateComponents:11056583:10333
871610673:propagateValuesOnChangeOnly:11066958:15792
871610673:updateInputs:11082791:84
871610673:updateComponents:11082916:10334
871610673:propagateValuesOnChangeOnly:11093291:16292
871610673:updateInputs:11109666:84
871610673:updateComponents:11109750:10291
871610673:propagateValuesOnChangeOnly:11120125:14625
871610673:updateInputs:11134833:42
871610673:updateComponents:11134916:10292
871610673:propagateValuesOnChangeOnly:11145250:13000
871610673:updateInputs:11158333:42
871610673:updateComponents:11158416:10375
871610673:propagateValuesOnChangeOnly:11168833:12792
871610673:updateInputs:11181708:42
871610673:updateComponents:11181791:10292
871610673:propagateValuesOnChangeOnly:11192125:12750
871610673:updateInputs:11204958:42
871610673:updateComponents:11205041:10334
871610673:propagateValuesOnChangeOnly:11215416:12792
871610673:updateInputs:11228291:42
871610673:updateComponents:11228375:10291
871610673:propagateValuesOnChangeOnly:11238708:12792
871610673:updateInputs:11251541:84
871610673:updateComponents:11251666:10250
871610673:propagateValuesOnChangeOnly:11261958:12708
871610673:updateInputs:11274750:41
871610673:updateComponents:11274833:10333
871610673:propagateValuesOnChangeOnly:11285208:12750
871610673:updateInputs:11298041:84
871610673:updateComponents:11298166:10334
871610673:propagateValuesOnChangeOnly:11308541:12834
871610673:updateInputs:11321416:84
871610673:updateComponents:11321541:10959
871610673:propagateValuesOnChangeOnly:11332541:13209
871610673:updateInputs:11345833:83
871610673:updateComponents:11345958:10625
871610673:propagateValuesOnChangeOnly:11356625:13250
871610673:updateInputs:11388500:41
871610673:updateComponents:11388583:10958
871610673:propagateValuesOnChangeOnly:11399583:14500
871610673:updateInputs:11414166:42
871610673:updateComponents:11414250:10291
871610673:propagateValuesOnChangeOnly:11424625:13916
871610673:updateInputs:11438583:83
871610673:updateComponents:11438708:10292
871610673:propagateValuesOnChangeOnly:11449041:13959
871610673:updateInputs:11463041:84
871610673:updateComponents:11463125:10333
871610673:propagateValuesOnChangeOnly:11473500:12958
871610673:updateInputs:11486541:42
871610673:updateComponents:11486625:10291
871610673:propagateValuesOnChangeOnly:11496958:12792
871610673:updateInputs:11509875:41
871610673:updateComponents:11509958:10250
871610673:propagateValuesOnChangeOnly:11520250:12791
871610673:updateInputs:11533125:41
871610673:updateComponents:11533208:10292
871610673:propagateValuesOnChangeOnly:11543541:12792
871610673:updateInputs:11556416:42
871610673:updateComponents:11556500:10333
871610673:propagateValuesOnChangeOnly:11566875:13500
871610673:updateInputs:11580458:83
871610673:updateComponents:11580583:11000
871610673:propagateValuesOnChangeOnly:11591625:13750
871610673:updateInputs:11605458:42
871610673:updateComponents:11605541:16292
871610673:propagateValuesOnChangeOnly:11622208:15208
871610673:updateInputs:11641541:250
871610673:updateComponents:11641875:11875
871610673:propagateValuesOnChangeOnly:11653750:14041
871610673:updateInputs:11667916:167
871610673:updateComponents:11668125:11041
871610673:propagateValuesOnChangeOnly:11679250:14166
871610673:updateInputs:11693500:83
871610673:updateComponents:11693583:10792
871610673:propagateValuesOnChangeOnly:11704416:13334
871610673:updateInputs:11717833:83
871610673:updateComponents:11717958:10292
871610673:propagateValuesOnChangeOnly:11728291:12917
871610673:updateInputs:11741291:125
871610673:updateComponents:11741458:10292
871610673:propagateValuesOnChangeOnly:11751791:12917
871610673:updateInputs:11784458:125
871610673:updateComponents:11784625:10333
871610673:propagateValuesOnChangeOnly:11795000:14458
871610673:updateInputs:11809541:84
871610673:updateComponents:11809666:10334
871610673:propagateValuesOnChangeOnly:11820041:17417
871610673:updateInputs:11837541:84
871610673:updateComponents:11837625:10250
871610673:propagateValuesOnChangeOnly:11847916:15834
871610673:updateInputs:11863833:42
871610673:updateComponents:11863916:10292
871610673:propagateValuesOnChangeOnly:11874291:16250
871610673:updateInputs:11890625:83
871610673:updateComponents:11890750:10250
871610673:propagateValuesOnChangeOnly:11901041:14834
871610673:updateInputs:11915916:84
871610673:updateComponents:11916041:10292
871610673:propagateValuesOnChangeOnly:11926375:13500
871610673:updateInputs:11939958:42
871610673:updateComponents:11940041:10292
871610673:propagateValuesOnChangeOnly:11950375:12958
871610673:updateInputs:11963375:83
871610673:updateComponents:11963500:10333
871610673:propagateValuesOnChangeOnly:11973875:12916
871610673:updateInputs:11986833:83
871610673:updateComponents:11986958:10250
871610673:propagateValuesOnChangeOnly:11997250:12916
871610673:updateInputs:12010250:41
871610673:updateComponents:12010333:10250
871610673:propagateValuesOnChangeOnly:12020625:13041
871610673:updateInputs:12033750:83
871610673:updateComponents:12033875:10250
871610673:propagateValuesOnChangeOnly:12044166:12875
871610673:updateInputs:12057125:83
871610673:updateComponents:12057250:10291
871610673:propagateValuesOnChangeOnly:12067583:12917
871610673:updateInputs:12080583:83
871610673:updateComponents:12080708:10208
871610673:propagateValuesOnChangeOnly:12091000:12916
871610673:updateInputs:12104000:83
871610673:updateComponents:12104125:10291
871610673:propagateValuesOnChangeOnly:12114458:12958
871610673:updateInputs:12127500:83
871610673:updateComponents:12127625:10333
871610673:propagateValuesOnChangeOnly:12138041:12875
871610673:updateInputs:12169166:84
871610673:updateComponents:12169291:10334
871610673:propagateValuesOnChangeOnly:12179708:14458
871610673:updateInputs:12194250:41
871610673:updateComponents:12194333:10292
871610673:propagateValuesOnChangeOnly:12204666:13792
871610673:updateInputs:12218541:42
871610673:updateComponents:12218625:10208
871610673:propagateValuesOnChangeOnly:12228875:14125
871610673:updateInputs:12243041:84
871610673:updateComponents:12243166:10250
871610673:propagateValuesOnChangeOnly:12253458:13292
871610673:updateInputs:12266833:42
871610673:updateComponents:12266916:10209
871610673:propagateValuesOnChangeOnly:12277166:12959
871610673:updateInputs:12290208:83
871610673:updateComponents:12290291:10250
871610673:propagateValuesOnChangeOnly:12300583:12917
871610673:updateInputs:12313583:83
871610673:updateComponents:12313708:10250
871610673:propagateValuesOnChangeOnly:12324000:12958
871610673:updateInputs:12337041:84
871610673:updateComponents:12337166:10292
871610673:propagateValuesOnChangeOnly:12347500:12916
871610673:updateInputs:12360500:41
871610673:updateComponents:12360583:10292
871610673:propagateValuesOnChangeOnly:12370916:13167
871610673:updateInputs:12384166:42
871610673:updateComponents:12384250:10375
871610673:propagateValuesOnChangeOnly:12394708:12875
871610673:updateInputs:12407666:42
871610673:updateComponents:12407750:10291
871610673:propagateValuesOnChangeOnly:12418083:13000
871610673:updateInputs:12431166:84
871610673:updateComponents:12431291:10292
871610673:propagateValuesOnChangeOnly:12441625:12958
871610673:updateInputs:12454666:42
871610673:updateComponents:12454750:10250
871610673:propagateValuesOnChangeOnly:12465041:12917
871610673:updateInputs:12478041:84
871610673:updateComponents:12478166:10334
871610673:propagateValuesOnChangeOnly:12488541:13000
871610673:updateInputs:12501625:41
871610673:updateComponents:12501750:10250
871610673:propagateValuesOnChangeOnly:12512041:12917
871610673:updateInputs:12543000:83
871610673:updateComponents:12543125:10333
871610673:propagateValuesOnChangeOnly:12553500:14500
871610673:updateInputs:12568083:42
871610673:updateComponents:12568166:10292
871610673:propagateValuesOnChangeOnly:12578500:17375
871610673:updateInputs:12595958:83
871610673:updateComponents:12596083:10250
871610673:propagateValuesOnChangeOnly:12606375:15500
871610673:updateInputs:12621958:83
871610673:updateComponents:12622041:10292
871610673:propagateValuesOnChangeOnly:12632375:16250
871610673:updateInputs:12648708:42
871610673:updateComponents:12652958:10292
871610673:propagateValuesOnChangeOnly:12663291:14667
871610673:updateInputs:12678041:84
871610673:updateComponents:12678166:10250
871610673:propagateValuesOnChangeOnly:12688458:13250
871610673:updateInputs:12701791:42
871610673:updateComponents:12701875:10291
871610673:propagateValuesOnChangeOnly:12712208:12917
871610673:updateInputs:12725208:83
871610673:updateComponents:12725291:10250
871610673:propagateValuesOnChangeOnly:12735583:12958
871610673:updateInputs:12748625:41
871610673:updateComponents:12748708:10333
871610673:propagateValuesOnChangeOnly:12759083:12917
871610673:updateInputs:12772083:83
871610673:updateComponents:12772208:10292
871610673:propagateValuesOnChangeOnly:12782541:13084
871610673:updateInputs:12795666:84
871610673:updateComponents:12795791:10250
871610673:propagateValuesOnChangeOnly:12806083:13000
871610673:updateInputs:12819166:84
871610673:updateComponents:12819250:10333
871610673:propagateValuesOnChangeOnly:12829625:12875
871610673:updateInputs:12842541:84
871610673:updateComponents:12842666:10292
871610673:propagateValuesOnChangeOnly:12853000:12916
871610673:updateInputs:12866000:83
871610673:updateComponents:12866125:10291
871610673:propagateValuesOnChangeOnly:12876458:12875
871610673:updateInputs:12889416:84
871610673:updateComponents:12889541:10292
871610673:propagateValuesOnChangeOnly:12899875:12916
871610673:updateInputs:12930875:83
871610673:updateComponents:12931000:10375
871610673:propagateValuesOnChangeOnly:12941416:14500
871610673:updateInputs:12955958:83
871610673:updateComponents:12956083:10292
871610673:propagateValuesOnChangeOnly:12966416:13959
871610673:updateInputs:12980458:83
871610673:updateComponents:12980583:10292
871610673:propagateValuesOnChangeOnly:12990916:14084
871610673:updateInputs:13005083:83
871610673:updateComponents:13005208:10250
871610673:propagateValuesOnChangeOnly:13015500:13166
871610673:updateInputs:13028750:83
871610673:updateComponents:13028875:10291
871610673:propagateValuesOnChangeOnly:13039208:12958
871610673:updateInputs:13052208:83
871610673:updateComponents:13052333:10333
871610673:propagateValuesOnChangeOnly:13062708:12958
871610673:updateInputs:13075750:41
871610673:updateComponents:13075833:10292
871610673:propagateValuesOnChangeOnly:13086166:12959
871610673:updateInputs:13099166:84
871610673:updateComponents:13099291:10292
871610673:propagateValuesOnChangeOnly:13109625:13000
871610673:updateInputs:13122708:83
871610673:updateComponents:13122791:10334
871610673:propagateValuesOnChangeOnly:13133166:12959
871610673:updateInputs:13146208:42
871610673:updateComponents:13146291:10209
871610673:propagateValuesOnChangeOnly:13156541:12875
871610673:updateInputs:13169500:83
871610673:updateComponents:13169625:10250
871610673:propagateValuesOnChangeOnly:13179916:13000
871610673:updateInputs:13192958:83
871610673:updateComponents:13193083:10333
871610673:propagateValuesOnChangeOnly:13203458:12917
871610673:updateInputs:13216458:42
871610673:updateComponents:13216541:10292
871610673:propagateValuesOnChangeOnly:13226875:12916
871610673:updateInputs:13239833:83
871610673:updateComponents:13239958:10250
871610673:propagateValuesOnChangeOnly:13250250:13000
871610673:updateInputs:13263333:167
871610673:updateComponents:13263541:10292
871610673:propagateValuesOnChangeOnly:13273875:12958
871610673:updateInputs:13311583:125
871610673:updateComponents:13311750:10291
871610673:propagateValuesOnChangeOnly:13322083:14542
871610673:updateInputs:13336708:42
871610673:updateComponents:13336791:10250
871610673:propagateValuesOnChangeOnly:13347083:17417
871610673:updateInputs:13364583:42
871610673:updateComponents:13364666:10250
871610673:propagateValuesOnChangeOnly:13374958:15625
871610673:updateInputs:13390666:42
871610673:updateComponents:13390750:10250
871610673:propagateValuesOnChangeOnly:13401041:16250
871610673:updateInputs:13417375:41
871610673:updateComponents:13417458:10292
871610673:propagateValuesOnChangeOnly:13427791:14750
871610673:updateInputs:13442625:41
871610673:updateComponents:13442708:10292
871610673:propagateValuesOnChangeOnly:13453041:13500
871610673:updateInputs:13466625:41
871610673:updateComponents:13466708:10292
871610673:propagateValuesOnChangeOnly:13477041:13084
871610673:updateInputs:13490208:42
871610673:updateComponents:13490291:10292
871610673:propagateValuesOnChangeOnly:13500625:12916
871610673:updateInputs:13513625:41
871610673:updateComponents:13513708:10292
871610673:propagateValuesOnChangeOnly:13524041:12917
871610673:updateInputs:13537041:42
871610673:updateComponents:13537125:10291
871610673:propagateValuesOnChangeOnly:13547500:12875
871610673:updateInputs:13560458:42
871610673:updateComponents:13560541:10334
871610673:propagateValuesOnChangeOnly:13570916:12917
871610673:updateInputs:13583916:42
871610673:updateComponents:13584000:10333
871610673:propagateValuesOnChangeOnly:13594375:12875
871610673:updateInputs:13607333:42
871610673:updateComponents:13607416:10334
871610673:propagateValuesOnChangeOnly:13617791:12875
871610673:updateInputs:13630750:41
871610673:updateComponents:13630833:10292
871610673:propagateValuesOnChangeOnly:13641166:12917
871610673:Run loop:1166125:12488041
871610673:programMemory:620875:13040916
871610673:updateInputs:13849666:209
871610673:updateComponents:13849916:10542
871610673:Init circuit:13675958:242292
871610673:updateInputs:13918333:125
871610673:updateComponents:13918500:10666
871610673:propagateValuesOnChangeOnly:13929208:14583
871610673:updateInputs:13943875:83
871610673:updateComponents:13944000:10666
871610673:propagateValuesOnChangeOnly:13954708:14042
871610673:updateInputs:13968833:83
871610673:updateComponents:13968958:10583
871610673:propagateValuesOnChangeOnly:13979583:14250
871610673:updateInputs:13993958:42
871610673:updateComponents:13994041:10625
871610673:propagateValuesOnChangeOnly:14004708:13375
871610673:updateInputs:14018166:125
871610673:updateComponents:14018333:10583
871610673:propagateValuesOnChangeOnly:14028958:12917
871610673:updateInputs:14041958:83
871610673:updateComponents:14042083:10625
871610673:propagateValuesOnChangeOnly:14052750:13208
871610673:updateInputs:14066041:84
871610673:updateComponents:14066125:10583
871610673:propagateValuesOnChangeOnly:14076791:12917
871610673:updateInputs:14089750:83
871610673:updateComponents:14089875:10583
871610673:propagateValuesOnChangeOnly:14100500:12958
871610673:updateInputs:14113541:42
871610673:updateComponents:14113625:10583
871610673:propagateValuesOnChangeOnly:14124250:13208
871610673:updateInputs:14137541:84
871610673:updateComponents:14137666:10542
871610673:propagateValuesOnChangeOnly:14148291:12917
871610673:updateInputs:14161291:42
871610673:updateComponents:14161375:10625
871610673:propagateValuesOnChangeOnly:14172041:12959
871610673:updateInputs:14185083:42
871610673:updateComponents:14185166:10625
871610673:propagateValuesOnChangeOnly:14195833:12958
871610673:updateInputs:14208875:41
871610673:updateComponents:14208958:10583
871610673:propagateValuesOnChangeOnly:14219583:12875
871610673:updateInputs:14232541:42
871610673:updateComponents:14232625:10625
871610673:propagateValuesOnChangeOnly:14243291:12917
871610673:updateInputs:14256291:84
871610673:updateComponents:14256416:10625
871610673:propagateValuesOnChangeOnly:14267083:12917
871610673:updateInputs:14298125:83
871610673:updateComponents:14298250:10625
871610673:propagateValuesOnChangeOnly:14308916:12917
871610673:updateInputs:14321916:42
871610673:updateComponents:14322000:10625
871610673:propagateValuesOnChangeOnly:14332708:12958
871610673:updateInputs:14345750:83
871610673:updateComponents:14345875:10583
871610673:propagateValuesOnChangeOnly:14356541:13084
871610673:updateInputs:14369708:83
871610673:updateComponents:14369791:10625
871610673:propagateValuesOnChangeOnly:14380416:12917
871610673:updateInputs:14393458:42
871610673:updateComponents:14393541:10625
871610673:propagateValuesOnChangeOnly:14404208:12958
871610673:updateInputs:14417250:41
871610673:updateComponents:14417333:10583
871610673:propagateValuesOnChangeOnly:14427958:13000
871610673:updateInputs:14441041:42
871610673:updateComponents:14441125:10625
871610673:propagateValuesOnChangeOnly:14451791:12875
871610673:updateInputs:14464750:41
871610673:updateComponents:14464833:10625
871610673:propagateValuesOnChangeOnly:14475541:12917
871610673:updateInputs:14488541:0
871610673:updateComponents:14488583:10667
871610673:propagateValuesOnChangeOnly:14499291:13125
871610673:updateInputs:14512500:41
871610673:updateComponents:14512541:10625
871610673:propagateValuesOnChangeOnly:14523208:12958
871610673:updateInputs:14536208:42
871610673:updateComponents:14536291:10584
871610673:propagateValuesOnChangeOnly:14546916:12959
871610673:updateInputs:14559958:42
871610673:updateComponents:14560000:10625
871610673:propagateValuesOnChangeOnly:14570666:12917
871610673:updateInputs:14583625:41
871610673:updateComponents:14583708:10625
871610673:propagateValuesOnChangeOnly:14594375:12916
871610673:updateInputs:14607375:41
871610673:updateComponents:14607416:10667
871610673:propagateValuesOnChangeOnly:14618125:12916
871610673:updateInputs:14631125:83
871610673:updateComponents:14631250:10583
871610673:propagateValuesOnChangeOnly:14641916:12875
871610673:updateInputs:14672916:42
871610673:updateComponents:14673000:10583
871610673:propagateValuesOnChangeOnly:14683625:13041
871610673:updateInputs:14696750:41
871610673:updateComponents:14696833:10583
871610673:propagateValuesOnChangeOnly:14707458:13000
871610673:updateInputs:14720541:42
871610673:updateComponents:14720625:10625
871610673:propagateValuesOnChangeOnly:14731291:13042
871610673:updateInputs:14744375:41
871610673:updateComponents:14744458:10583
871610673:propagateValuesOnChangeOnly:14755125:13041
871610673:updateInputs:14768208:42
871610673:updateComponents:14768291:10709
871610673:propagateValuesOnChangeOnly:14779041:12875
871610673:updateInputs:14792000:41
871610673:updateComponents:14792083:10583
871610673:propagateValuesOnChangeOnly:14802708:12875
871610673:updateInputs:14815666:42
871610673:updateComponents:14815750:10625
871610673:propagateValuesOnChangeOnly:14826416:12875
871610673:updateInputs:14839333:42
871610673:updateComponents:14839416:10667
871610673:propagateValuesOnChangeOnly:14850125:12833
871610673:updateInputs:14863041:42
871610673:updateComponents:14863125:10666
871610673:propagateValuesOnChangeOnly:14873833:13000
871610673:updateInputs:14886916:0
871610673:updateComponents:14886958:10583
871610673:propagateValuesOnChangeOnly:14897583:12875
871610673:updateInputs:14910500:41
871610673:updateComponents:14910583:10583
871610673:propagateValuesOnChangeOnly:14921208:13125
871610673:updateInputs:14934375:41
871610673:updateComponents:14934458:10583
871610673:propagateValuesOnChangeOnly:14945083:12875
871610673:updateInputs:14958041:42
871610673:updateComponents:14958125:10583
871610673:propagateValuesOnChangeOnly:14968750:12875
871610673:updateInputs:14981708:42
871610673:updateComponents:14981791:10625
871610673:propagateValuesOnChangeOnly:14992458:12917
871610673:updateInputs:15005458:42
871610673:updateComponents:15005541:10625
871610673:propagateValuesOnChangeOnly:15016208:12917
871610673:updateInputs:15047125:83
871610673:updateComponents:15047250:10625
871610673:propagateValuesOnChangeOnly:15057916:12959
871610673:updateInputs:15070958:42
871610673:updateComponents:15071041:10625
871610673:propagateValuesOnChangeOnly:15081708:13042
871610673:updateInputs:15094833:42
871610673:updateComponents:15094916:10625
871610673:propagateValuesOnChangeOnly:15105583:13083
871610673:updateInputs:15118750:41
871610673:updateComponents:15118833:10583
871610673:propagateValuesOnChangeOnly:15129458:13000
871610673:updateInputs:15142500:41
871610673:updateComponents:15142583:10625
871610673:propagateValuesOnChangeOnly:15153250:12833
871610673:updateInputs:15166166:42
871610673:updateComponents:15166250:10625
871610673:propagateValuesOnChangeOnly:15176916:12750
871610673:updateInputs:15189750:41
871610673:updateComponents:15189833:10625
871610673:propagateValuesOnChangeOnly:15200500:12791
871610673:updateInputs:15213375:41
871610673:updateComponents:15213416:10625
871610673:propagateValuesOnChangeOnly:15224083:12833
871610673:updateInputs:15236958:42
871610673:updateComponents:15237041:10667
871610673:propagateValuesOnChangeOnly:15247750:12708
871610673:updateInputs:15260541:42
871610673:updateComponents:15260625:10625
871610673:propagateValuesOnChangeOnly:15271291:12792
871610673:updateInputs:15284166:42
871610673:updateComponents:15284250:10625
871610673:propagateValuesOnChangeOnly:15294958:12792
871610673:updateInputs:15307833:42
871610673:updateComponents:15307875:10625
871610673:propagateValuesOnChangeOnly:15318541:12667
871610673:updateInputs:15331291:42
871610673:updateComponents:15331375:10625
871610673:propagateValuesOnChangeOnly:15342041:13000
871610673:updateInputs:15355083:83
871610673:updateComponents:15355166:10584
871610673:propagateValuesOnChangeOnly:15365791:12875
871610673:updateInputs:15378708:125
871610673:updateComponents:15378833:10625
871610673:propagateValuesOnChangeOnly:15389500:12833
871610673:updateInputs:15420291:42
871610673:updateComponents:15420375:10625
871610673:propagateValuesOnChangeOnly:15431041:13084
871610673:updateInputs:15444208:42
871610673:updateComponents:15444291:10584
871610673:propagateValuesOnChangeOnly:15454916:12834
871610673:updateInputs:15467791:42
871610673:updateComponents:15467875:10583
871610673:propagateValuesOnChangeOnly:15478500:12916
871610673:updateInputs:15491500:41
871610673:updateComponents:15491583:10625
871610673:propagateValuesOnChangeOnly:15502250:12875
871610673:updateInputs:15515208:42
871610673:updateComponents:15515291:10584
871610673:propagateValuesOnChangeOnly:15525916:12834
871610673:updateInputs:15538833:0
871610673:updateComponents:15538875:10666
871610673:propagateValuesOnChangeOnly:15549583:12792
871610673:updateInputs:15562416:84
871610673:updateComponents:15562500:10583
871610673:propagateValuesOnChangeOnly:15573125:12833
871610673:updateInputs:15586041:42
871610673:updateComponents:15586125:10583
871610673:propagateValuesOnChangeOnly:15596750:12791
871610673:updateInputs:15609625:41
871610673:updateComponents:15609666:10625
871610673:propagateValuesOnChangeOnly:15620333:12667
871610673:updateInputs:15633083:42
871610673:updateComponents:15633166:10625
871610673:propagateValuesOnChangeOnly:15643833:12875
871610673:updateInputs:15656833:42
871610673:updateComponents:15656875:10625
871610673:propagateValuesOnChangeOnly:15667541:12750
871610673:updateInputs:15680375:41
871610673:updateComponents:15680458:10542
871610673:propagateValuesOnChangeOnly:15691041:12834
871610673:updateInputs:15703958:42
871610673:updateComponents:15708250:10625
871610673:propagateValuesOnChangeOnly:15718916:12750
871610673:updateInputs:15731750:41
871610673:updateComponents:15731833:10625
871610673:propagateValuesOnChangeOnly:15742500:12833
871610673:updateInputs:15755375:83
871610673:updateComponents:15755458:10625
871610673:propagateValuesOnChangeOnly:15766125:12791
871610673:updateInputs:15796958:83
871610673:updateComponents:15797083:10625
871610673:propagateValuesOnChangeOnly:15807750:12833
871610673:updateInputs:15820666:42
871610673:updateComponents:15820750:10666
871610673:propagateValuesOnChangeOnly:15831458:12750
871610673:updateInputs:15844291:42
871610673:updateComponents:15844333:10625
871610673:propagateValuesOnChangeOnly:15855000:12958
871610673:updateInputs:15868041:42
871610673:updateComponents:15868125:10708
871610673:propagateValuesOnChangeOnly:15878875:12875
871610673:updateInputs:15891833:42
871610673:updateComponents:15891916:10625
871610673:propagateValuesOnChangeOnly:15902583:12792
871610673:updateInputs:15915458:42
871610673:updateComponents:15915541:10625
871610673:propagateValuesOnChangeOnly:15926250:12791
871610673:updateInputs:15939125:41
871610673:updateComponents:15939208:10625
871610673:propagateValuesOnChangeOnly:15949875:12791
871610673:updateInputs:15962708:42
871610673:updateComponents:15962791:10625
871610673:propagateValuesOnChangeOnly:15973458:12792
871610673:updateInputs:15986333:42
871610673:updateComponents:15986416:10584
871610673:propagateValuesOnChangeOnly:15997041:12834
871610673:updateInputs:16009916:42
871610673:updateComponents:16010000:10583
871610673:propagateValuesOnChangeOnly:16020625:12833
871610673:updateInputs:16033541:42
871610673:updateComponents:16033625:10625
871610673:propagateValuesOnChangeOnly:16044291:12792
871610673:updateInputs:16057166:42
871610673:updateComponents:16057250:10625
871610673:propagateValuesOnChangeOnly:16067916:12875
871610673:updateInputs:16080833:42
871610673:updateComponents:16080916:10750
871610673:propagateValuesOnChangeOnly:16091708:12833
871610673:updateInputs:16104625:41
871610673:updateComponents:16104666:10584
871610673:propagateValuesOnChangeOnly:16115291:12834
871610673:updateInputs:16128166:84
871610673:updateComponents:16128291:10625
871610673:propagateValuesOnChangeOnly:16138958:12875
871610673:updateInputs:16169833:83
871610673:updateComponents:16169958:10625
871610673:propagateValuesOnChangeOnly:16180625:12916
871610673:updateInputs:16193625:41
871610673:updateComponents:16193708:10667
871610673:propagateValuesOnChangeOnly:16204416:12875
871610673:updateInputs:16217375:41
871610673:updateComponents:16217458:10583
871610673:propagateValuesOnChangeOnly:16228083:13000
871610673:updateInputs:16242583:42
871610673:updateComponents:16242708:10583
871610673:propagateValuesOnChangeOnly:16253333:12792
871610673:updateInputs:16266208:42
871610673:updateComponents:16266250:10583
871610673:propagateValuesOnChangeOnly:16276875:12708
871610673:updateInputs:16289666:42
871610673:updateComponents:16289750:10708
871610673:propagateValuesOnChangeOnly:16300458:12833
871610673:updateInputs:16313375:41
871610673:updateComponents:16313458:10625
871610673:propagateValuesOnChangeOnly:16324125:12750
871610673:updateInputs:16336958:42
871610673:updateComponents:16337041:10625
871610673:propagateValuesOnChangeOnly:16347750:12750
871610673:updateInputs:16360583:42
871610673:updateComponents:16360666:10584
871610673:propagateValuesOnChangeOnly:16371291:12834
871610673:updateInputs:16384208:42
871610673:updateComponents:16384291:10667
871610673:propagateValuesOnChangeOnly:16395000:12791
871610673:updateInputs:16407875:41
871610673:updateComponents:16407958:10625
871610673:propagateValuesOnChangeOnly:16418625:12791
871610673:updateInputs:16431458:83
871610673:updateComponents:16431541:10625
871610673:propagateValuesOnChangeOnly:16442208:12875
871610673:updateInputs:16455166:42
871610673:updateComponents:16455250:10583
871610673:propagateValuesOnChangeOnly:16465875:12833
871610673:updateInputs:16478791:42
871610673:updateComponents:16478833:10500
871610673:propagateValuesOnChangeOnly:16489375:12750
871610673:updateInputs:16502208:83
871610673:updateComponents:16502333:10625
871610673:propagateValuesOnChangeOnly:16513000:12833
871610673:updateInputs:16543875:83
871610673:updateComponents:16544000:10625
871610673:propagateValuesOnChangeOnly:16554666:12834
871610673:updateInputs:16567583:42
871610673:updateComponents:16567666:10542
871610673:propagateValuesOnChangeOnly:16578291:12750
871610673:updateInputs:16591125:41
871610673:updateComponents:16591166:10584
871610673:propagateValuesOnChangeOnly:16601791:13042
871610673:updateInputs:16614916:42
871610673:updateComponents:16615000:10625
871610673:propagateValuesOnChangeOnly:16625666:12792
871610673:updateInputs:16638541:42
871610673:updateComponents:16638625:10583
871610673:propagateValuesOnChangeOnly:16649250:12791
871610673:updateInputs:16662125:41
871610673:updateComponents:16662208:10625
871610673:propagateValuesOnChangeOnly:16672875:12750
871610673:updateInputs:16685666:42
871610673:updateComponents:16685750:10541
871610673:propagateValuesOnChangeOnly:16696333:12833
871610673:updateInputs:16709208:42
871610673:updateComponents:16709291:10625
871610673:propagateValuesOnChangeOnly:16719958:12792
871610673:updateInputs:16732833:42
871610673:updateComponents:16732916:10584
871610673:propagateValuesOnChangeOnly:16743541:12792
871610673:updateInputs:16756416:42
871610673:updateComponents:16756500:10583
871610673:propagateValuesOnChangeOnly:16767125:12708
871610673:updateInputs:16779916:42
871610673:updateComponents:16780000:10541
871610673:propagateValuesOnChangeOnly:16790583:12792
871610673:updateInputs:16803458:42
871610673:updateComponents:16803500:10625
871610673:propagateValuesOnChangeOnly:16814208:12833
871610673:updateInputs:16827125:0
871610673:updateComponents:16827166:10667
871610673:propagateValuesOnChangeOnly:16837875:12750
871610673:updateInputs:16850708:42
871610673:updateComponents:16850791:10625
871610673:propagateValuesOnChangeOnly:16861458:12792
871610673:updateInputs:16874291:125
871610673:updateComponents:16874458:10625
871610673:propagateValuesOnChangeOnly:16885125:12916
871610673:updateInputs:16915916:84
871610673:updateComponents:16916041:10625
871610673:propagateValuesOnChangeOnly:16926708:13000
871610673:updateInputs:16939791:42
871610673:updateComponents:16939875:10541
871610673:propagateValuesOnChangeOnly:16950458:12708
871610673:updateInputs:16963250:41
871610673:updateComponents:16963333:10667
871610673:propagateValuesOnChangeOnly:16974041:12959
871610673:updateInputs:16987083:42
871610673:updateComponents:16987166:10584
871610673:propagateValuesOnChangeOnly:16997791:12709
871610673:updateInputs:17010583:42
871610673:updateComponents:17010666:10584
871610673:propagateValuesOnChangeOnly:17021291:12750
871610673:updateInputs:17034125:41
871610673:updateComponents:17034208:10583
871610673:propagateValuesOnChangeOnly:17044833:12833
871610673:updateInputs:17057750:41
871610673:updateComponents:17057833:10583
871610673:propagateValuesOnChangeOnly:17068458:12833
871610673:updateInputs:17081375:41
871610673:updateComponents:17081416:10584
871610673:propagateValuesOnChangeOnly:17092041:12834
871610673:updateInputs:17104958:0
871610673:updateComponents:17105000:10583
871610673:propagateValuesOnChangeOnly:17115625:12750
871610673:updateInputs:17128458:42
871610673:updateComponents:17128541:10542
871610673:propagateValuesOnChangeOnly:17139125:12750
871610673:updateInputs:17151958:42
871610673:updateComponents:17152041:10542
871610673:propagateValuesOnChangeOnly:17162625:12750
871610673:updateInputs:17175458:42
871610673:updateComponents:17175541:10625
871610673:propagateValuesOnChangeOnly:17186208:12750
871610673:updateInputs:17199041:42
871610673:updateComponents:17199125:10583
871610673:propagateValuesOnChangeOnly:17209750:12750
871610673:updateInputs:17222583:42
871610673:updateComponents:17222666:10625
871610673:propagateValuesOnChangeOnly:17233333:12792
871610673:updateInputs:17246166:84
871610673:updateComponents:17246291:10625
871610673:propagateValuesOnChangeOnly:17256958:12792
871610673:updateInputs:17287750:83
871610673:updateComponents:17287875:10583
871610673:propagateValuesOnChangeOnly:17298500:12875
871610673:updateInputs:17311458:42
871610673:updateComponents:17311541:10625
871610673:propagateValuesOnChangeOnly:17322208:12750
871610673:updateInputs:17335041:42
871610673:updateComponents:17335125:10583
871610673:propagateValuesOnChangeOnly:17345750:13000
871610673:updateInputs:17358791:84
871610673:updateComponents:17358875:10583
871610673:propagateValuesOnChangeOnly:17369500:12791
871610673:updateInputs:17382333:42
871610673:updateComponents:17382416:10667
871610673:propagateValuesOnChangeOnly:17393125:12875
871610673:updateInputs:17406083:42
871610673:updateComponents:17406125:10625
871610673:propagateValuesOnChangeOnly:17416791:12792
871610673:updateInputs:17429666:42
871610673:updateComponents:17429750:10583
871610673:propagateValuesOnChangeOnly:17440375:12791
871610673:updateInputs:17453208:42
871610673:updateComponents:17453291:10542
871610673:propagateValuesOnChangeOnly:17463875:12833
871610673:updateInputs:17476791:42
871610673:updateComponents:17476875:10625
871610673:propagateValuesOnChangeOnly:17487541:12875
871610673:updateInputs:17500500:41
871610673:updateComponents:17500583:10583
871610673:propagateValuesOnChangeOnly:17511208:12792
871610673:updateInputs:17524083:42
871610673:updateComponents:17524166:10542
871610673:propagateValuesOnChangeOnly:17534750:12791
871610673:updateInputs:17547625:41
871610673:updateComponents:17547708:10583
871610673:propagateValuesOnChangeOnly:17558333:12833
871610673:updateInputs:17571250:41
871610673:updateComponents:17571291:10584
871610673:propagateValuesOnChangeOnly:17581916:12834
871610673:updateInputs:17594791:42
871610673:updateComponents:17594875:10625
871610673:propagateValuesOnChangeOnly:17605541:12792
871610673:updateInputs:17618416:42
871610673:updateComponents:17618500:10625
871610673:propagateValuesOnChangeOnly:17629166:12792
871610673:updateInputs:17659958:42
871610673:updateComponents:17660083:10583
871610673:propagateValuesOnChangeOnly:17670708:12917
871610673:updateInputs:17683708:83
871610673:updateComponents:17683833:10583
871610673:propagateValuesOnChangeOnly:17694458:12833
871610673:updateInputs:17707375:41
871610673:updateComponents:17707416:10667
871610673:propagateValuesOnChangeOnly:17718125:12916
871610673:updateInputs:17731125:41
871610673:updateComponents:17731166:10625
871610673:propagateValuesOnChangeOnly:17741833:12792
871610673:updateInputs:17754666:42
871610673:updateComponents:17754750:10666
871610673:propagateValuesOnChangeOnly:17765458:12833
871610673:updateInputs:17778333:83
871610673:updateComponents:17778458:10583
871610673:propagateValuesOnChangeOnly:17789083:12750
871610673:updateInputs:17801916:42
871610673:updateComponents:17802000:10541
871610673:propagateValuesOnChangeOnly:17812583:12958
871610673:updateInputs:17825583:42
871610673:updateComponents:17825666:10625
871610673:propagateValuesOnChangeOnly:17836333:12833
871610673:updateInputs:17849250:41
871610673:updateComponents:17849333:10625
871610673:propagateValuesOnChangeOnly:17860000:12791
871610673:updateInputs:17872875:41
871610673:updateComponents:17872958:10625
871610673:propagateValuesOnChangeOnly:17883625:12791
871610673:updateInputs:17896458:42
871610673:updateComponents:17896541:10625
871610673:propagateValuesOnChangeOnly:17907250:12750
871610673:updateInputs:17920041:42
871610673:updateComponents:17920125:10583
871610673:propagateValuesOnChangeOnly:17930750:12875
871610673:updateInputs:17943708:42
871610673:updateComponents:17943791:10625
871610673:propagateValuesOnChangeOnly:17954458:12792
871610673:updateInputs:17967333:42
871610673:updateComponents:17967416:10625
871610673:propagateValuesOnChangeOnly:17978083:12792
871610673:updateInputs:17990958:42
871610673:updateComponents:17991041:10625
871610673:propagateValuesOnChangeOnly:18001708:12792
871610673:updateInputs:18032458:83
871610673:updateComponents:18032583:10625
871610673:propagateValuesOnChangeOnly:18043250:12916
871610673:updateInputs:18056250:41
871610673:updateComponents:18056333:10583
871610673:propagateValuesOnChangeOnly:18066958:12833
871610673:updateInputs:18079875:41
871610673:updateComponents:18079958:10542
871610673:propagateValuesOnChangeOnly:18090541:12959
871610673:updateInputs:18103583:42
871610673:updateComponents:18103666:10584
871610673:propagateValuesOnChangeOnly:18114291:12750
871610673:updateInputs:18127125:41
871610673:updateComponents:18127208:10583
871610673:propagateValuesOnChangeOnly:18137833:12833
871610673:updateInputs:18150750:41
871610673:updateComponents:18150833:10583
871610673:propagateValuesOnChangeOnly:18161458:12792
871610673:updateInputs:18174333:42
871610673:updateComponents:18174375:10583
871610673:propagateValuesOnChangeOnly:18185000:12833
871610673:updateInputs:18197875:41
871610673:updateComponents:18197958:10583
871610673:propagateValuesOnChangeOnly:18208583:12833
871610673:updateInputs:18221500:41
871610673:updateComponents:18221583:10625
871610673:propagateValuesOnChangeOnly:18232250:12791
871610673:updateInputs:18245125:41
871610673:updateComponents:18245208:10583
871610673:propagateValuesOnChangeOnly:18255833:12792
871610673:updateInputs:18268708:42
871610673:updateComponents:18268791:10542
871610673:propagateValuesOnChangeOnly:18279416:12792
871610673:updateInputs:18292291:42
871610673:updateComponents:18292333:10667
871610673:propagateValuesOnChangeOnly:18303041:12709
871610673:updateInputs:18315833:42
871610673:updateComponents:18315916:10625
871610673:propagateValuesOnChangeOnly:18326583:12708
871610673:updateInputs:18339375:41
871610673:updateComponents:18339458:10625
871610673:propagateValuesOnChangeOnly:18350125:12708
871610673:updateInputs:18362916:84
871610673:updateComponents:18363041:10584
871610673:propagateValuesOnChangeOnly:18373666:12750
871610673:updateInputs:18404416:84
871610673:updateComponents:18404541:10584
871610673:propagateValuesOnChangeOnly:18415166:13000
871610673:updateInputs:18428250:41
871610673:updateComponents:18428333:10625
871610673:propagateValuesOnChangeOnly:18439000:12833
871610673:updateInputs:18451916:42
871610673:updateComponents:18452000:10625
871610673:propagateValuesOnChangeOnly:18462666:13042
871610673:updateInputs:18475791:42
871610673:updateComponents:18475875:10625
871610673:propagateValuesOnChangeOnly:18486541:12750
871610673:updateInputs:18499375:41
871610673:updateComponents:18499458:10542
871610673:propagateValuesOnChangeOnly:18510041:12917
871610673:updateInputs:18523041:42
871610673:updateComponents:18523083:10583
871610673:propagateValuesOnChangeOnly:18533708:12833
871610673:updateInputs:18546625:41
871610673:updateComponents:18569875:10750
871610673:propagateValuesOnChangeOnly:18580666:12792
871610673:updateInputs:18593541:42
871610673:updateComponents:18593625:10583
871610673:propagateValuesOnChangeOnly:18604250:12833
871610673:updateInputs:18617166:0
871610673:updateComponents:18617208:10625
871610673:propagateValuesOnChangeOnly:18627875:12791
871610673:updateInputs:18640750:41
871610673:updateComponents:18640791:10584
871610673:propagateValuesOnChangeOnly:18651416:12792
871610673:updateInputs:18664291:42
871610673:updateComponents:18664375:10583
871610673:propagateValuesOnChangeOnly:18675000:12875
871610673:updateInputs:18687958:42
871610673:updateComponents:18688041:10542
871610673:propagateValuesOnChangeOnly:18698666:12834
871610673:updateInputs:18711583:42
871610673:updateComponents:18711625:10625
871610673:propagateValuesOnChangeOnly:18722291:12792
871610673:updateInputs:18735125:83
871610673:updateComponents:18735208:10625
871610673:propagateValuesOnChangeOnly:18745875:12833
871610673:updateInputs:18758791:84
871610673:updateComponents:18758916:10709
871610673:propagateValuesOnChangeOnly:18769666:12792
871610673:updateInputs:18800541:42
871610673:updateComponents:18800625:10666
871610673:propagateValuesOnChangeOnly:18811333:12792
871610673:updateInputs:18824208:42
871610673:updateComponents:18824291:10625
871610673:propagateValuesOnChangeOnly:18834958:12833
871610673:updateInputs:18847875:41
871610673:updateComponents:18847958:10583
871610673:propagateValuesOnChangeOnly:18858583:13125
871610673:updateInputs:18871750:41
871610673:updateComponents:18871833:10583
871610673:propagateValuesOnChangeOnly:18882458:12792
871610673:updateInputs:18895291:84
871610673:updateComponents:18895416:10584
871610673:propagateValuesOnChangeOnly:18906041:12792
871610673:updateInputs:18918916:42
871610673:updateComponents:18919000:10625
871610673:propagateValuesOnChangeOnly:18929666:12792
871610673:updateInputs:18942541:42
871610673:updateComponents:18942625:10500
871610673:propagateValuesOnChangeOnly:18953166:12834
871610673:updateInputs:18966083:42
871610673:updateComponents:18966166:10625
871610673:propagateValuesOnChangeOnly:18976833:12833
871610673:updateInputs:18989750:41
871610673:updateComponents:18989791:10625
871610673:propagateValuesOnChangeOnly:19000458:12792
871610673:updateInputs:19013333:42
871610673:updateComponents:19013416:10584
871610673:propagateValuesOnChangeOnly:19024041:12750
871610673:updateInputs:19036875:41
871610673:updateComponents:19036958:10667
871610673:propagateValuesOnChangeOnly:19047666:12792
871610673:updateInputs:19060541:42
871610673:updateComponents:19060583:10625
871610673:propagateValuesOnChangeOnly:19071250:12750
871610673:updateInputs:19084083:42
871610673:updateComponents:19084166:10625
871610673:propagateValuesOnChangeOnly:19094833:12833
871610673:updateInputs:19107750:0
871610673:updateComponents:19107791:10584
871610673:propagateValuesOnChangeOnly:19118416:12792
871610673:updateInputs:19131291:42
871610673:updateComponents:19131375:10583
871610673:propagateValuesOnChangeOnly:19142000:12833
871610673:updateInputs:19172791:84
871610673:updateComponents:19172916:10584
871610673:propagateValuesOnChangeOnly:19183541:12959
871610673:updateInputs:19196583:42
871610673:updateComponents:19196666:10625
871610673:propagateValuesOnChangeOnly:19207333:12958
871610673:updateInputs:19220333:42
871610673:updateComponents:19220416:10542
871610673:propagateValuesOnChangeOnly:19231000:12875
871610673:updateInputs:19243958:42
871610673:updateComponents:19244041:10667
871610673:propagateValuesOnChangeOnly:19254750:12791
871610673:updateInputs:19267583:42
871610673:updateComponents:19267666:10625
871610673:propagateValuesOnChangeOnly:19278333:12792
871610673:updateInputs:19291208:42
871610673:updateComponents:19291250:10625
871610673:propagateValuesOnChangeOnly:19301958:12750
871610673:updateInputs:19314791:42
871610673:updateComponents:19314875:10541
871610673:propagateValuesOnChangeOnly:19325458:12750
871610673:updateInputs:19338291:42
871610673:updateComponents:19338375:10625
871610673:propagateValuesOnChangeOnly:19349041:12917
871610673:updateInputs:19362041:42
871610673:updateComponents:19362083:10625
871610673:propagateValuesOnChangeOnly:19372750:12750
871610673:updateInputs:19385541:42
871610673:updateComponents:19385625:10583
871610673:propagateValuesOnChangeOnly:19396250:12833
871610673:updateInputs:19409125:83
871610673:updateComponents:19409208:10667
871610673:propagateValuesOnChangeOnly:19419916:12750
871610673:updateInputs:19432750:41
871610673:updateComponents:19432833:10500
871610673:propagateValuesOnChangeOnly:19443416:12750
871610673:updateInputs:19456208:42
871610673:updateComponents:19456291:10584
871610673:propagateValuesOnChangeOnly:19466958:12792
871610673:updateInputs:19479833:42
871610673:updateComponents:19479916:10625
871610673:propagateValuesOnChangeOnly:19490583:12750
871610673:updateInputs:19503416:42
871610673:updateComponents:19503500:10583
871610673:propagateValuesOnChangeOnly:19514125:12750
871610673:updateInputs:19544791:84
871610673:updateComponents:19544916:10584
871610673:propagateValuesOnChangeOnly:19555541:12875
871610673:updateInputs:19568458:83
871610673:updateComponents:19568583:10583
871610673:propagateValuesOnChangeOnly:19579208:12833
871610673:updateInputs:19592125:41
871610673:updateComponents:19592166:10625
871610673:propagateValuesOnChangeOnly:19602833:12917
871610673:updateInputs:19615833:42
871610673:updateComponents:19615916:10584
871610673:propagateValuesOnChangeOnly:19626541:12959
871610673:updateInputs:19639583:42
871610673:updateComponents:19639625:10666
871610673:propagateValuesOnChangeOnly:19650333:12792
871610673:updateInputs:19663208:42
871610673:updateComponents:19663250:10583
871610673:propagateValuesOnChangeOnly:19673916:12750
871610673:updateInputs:19686708:83
871610673:updateComponents:19686791:10625
871610673:propagateValuesOnChangeOnly:19697500:12750
871610673:updateInputs:19710333:42
871610673:updateComponents:19710416:10667
871610673:propagateValuesOnChangeOnly:19721166:12709
871610673:updateInputs:19733958:42
871610673:updateComponents:19734041:10625
871610673:propagateValuesOnChangeOnly:19744708:12750
871610673:updateInputs:19757541:42
871610673:updateComponents:19757625:10625
871610673:propagateValuesOnChangeOnly:19768291:12792
871610673:updateInputs:19781166:42
871610673:updateComponents:19781250:10583
871610673:propagateValuesOnChangeOnly:19791875:12791
871610673:updateInputs:19804750:41
871610673:updateComponents:19804791:10584
871610673:propagateValuesOnChangeOnly:19815416:12792
871610673:updateInputs:19828291:42
871610673:updateComponents:19828375:10583
871610673:propagateValuesOnChangeOnly:19839000:12791
871610673:updateInputs:19851875:41
871610673:updateComponents:19851958:10583
871610673:propagateValuesOnChangeOnly:19862583:12750
871610673:Run loop:13918291:5957125
871610673:main:83:20434458
