Title:4-bit address decoder test
440853267:updateInputs:1794750:500
440853267:updateComponents:1822750:2833
440853267:Init circuit:1663208:187667
440853267:updateInputs:1852583:584
440853267:updateComponents:1853750:2375
440853267:propagateValuesOnChangeOnly:1857917:4333
440853267:updateInputs:1879708:417
440853267:updateComponents:1880625:2083
440853267:propagateValuesOnChangeOnly:1883333:4125
440853267:updateInputs:1905583:417
440853267:updateComponents:1906583:2000
440853267:propagateValuesOnChangeOnly:1909083:3792
440853267:updateInputs:1928917:291
440853267:updateComponents:1929792:2041
440853267:propagateValuesOnChangeOnly:1932417:4791
440853267:updateInputs:1953708:334
440853267:updateComponents:1954583:2000
440853267:propagateValuesOnChangeOnly:1960083:3792
440853267:updateInputs:1980083:459
440853267:updateComponents:1981125:2000
440853267:propagateValuesOnChangeOnly:1983625:3750
440853267:updateInputs:2003125:292
440853267:updateComponents:2003958:1959
440853267:propagateValuesOnChangeOnly:2006500:5333
440853267:updateInputs:2027333:334
440853267:updateComponents:2028250:2000
440853267:propagateValuesOnChangeOnly:2030792:4000
440853267:updateInputs:2050375:417
440853267:updateComponents:2051333:2000
440853267:propagateValuesOnChangeOnly:2053833:3834
440853267:updateInputs:2073167:333
440853267:updateComponents:2074042:2000
440853267:propagateValuesOnChangeOnly:2076583:4542
440853267:updateInputs:2101833:334
440853267:updateComponents:2102667:1958
440853267:propagateValuesOnChangeOnly:2105125:4125
440853267:updateInputs:2125833:500
440853267:updateComponents:2126958:2000
440853267:propagateValuesOnChangeOnly:2129500:3875
440853267:updateInputs:2149167:333
440853267:updateComponents:2150042:2000
440853267:propagateValuesOnChangeOnly:2152625:6292
440853267:updateInputs:2174583:334
440853267:updateComponents:2175458:2000
440853267:propagateValuesOnChangeOnly:2177958:4084
440853267:updateInputs:2197792:416
440853267:updateComponents:2198792:1958
440853267:propagateValuesOnChangeOnly:2201250:3833
440853267:updateInputs:2220792:333
440853267:updateComponents:2221625:2042
440853267:propagateValuesOnChangeOnly:2224208:4667
440853267:updateInputs:2244458:334
440853267:updateComponents:2245375:1958
440853267:propagateValuesOnChangeOnly:2247875:3958
440853267:updateInputs:2267333:459
440853267:updateComponents:2268375:1958
440853267:propagateValuesOnChangeOnly:2270875:3750
440853267:updateInputs:2290083:375
440853267:updateComponents:2291042:1958
440853267:propagateValuesOnChangeOnly:2293542:5500
440853267:updateInputs:2314625:333
440853267:updateComponents:2315542:1958
440853267:propagateValuesOnChangeOnly:2318042:4208
440853267:updateInputs:2337917:416
440853267:updateComponents:2338917:1958
440853267:propagateValuesOnChangeOnly:2349292:3750
440853267:updateInputs:2368792:333
440853267:updateComponents:2369625:2042
440853267:propagateValuesOnChangeOnly:2372167:4583
440853267:updateInputs:2392458:292
440853267:updateComponents:2393250:2000
440853267:propagateValuesOnChangeOnly:2395833:4084
440853267:updateInputs:2415583:542
440853267:updateComponents:2416750:2000
440853267:propagateValuesOnChangeOnly:2419292:3916
440853267:updateInputs:2438792:333
440853267:updateComponents:2439625:2042
440853267:propagateValuesOnChangeOnly:2442125:7000
440853267:updateInputs:2465792:375
440853267:updateComponents:2466583:1709
440853267:propagateValuesOnChangeOnly:2468750:3292
440853267:updateInputs:2484750:375
440853267:updateComponents:2485583:1625
440853267:propagateValuesOnChangeOnly:2487667:3083
440853267:updateInputs:2503333:292
440853267:updateComponents:2504083:1709
440853267:propagateValuesOnChangeOnly:2506167:3833
440853267:updateInputs:2522792:291
440853267:updateComponents:2523542:1666
440853267:propagateValuesOnChangeOnly:2525667:3250
440853267:updateInputs:2541583:375
440853267:updateComponents:2542417:1666
440853267:propagateValuesOnChangeOnly:2544542:3083
440853267:updateInputs:2560292:291
440853267:updateComponents:2561000:1667
440853267:propagateValuesOnChangeOnly:2563083:4459
440853267:updateInputs:2580333:292
440853267:updateComponents:2581083:1625
440853267:propagateValuesOnChangeOnly:2583125:3208
440853267:updateInputs:2599042:375
440853267:updateComponents:2599875:1667
440853267:propagateValuesOnChangeOnly:2602000:3083
440853267:updateInputs:2617917:291
440853267:updateComponents:2618667:1708
440853267:propagateValuesOnChangeOnly:2620833:3875
440853267:updateInputs:2637542:291
440853267:updateComponents:2638292:1666
440853267:propagateValuesOnChangeOnly:2640417:3250
440853267:updateInputs:2656417:458
440853267:updateComponents:2657333:1667
440853267:propagateValuesOnChangeOnly:2659417:3083
440853267:updateInputs:2675250:292
440853267:updateComponents:2676000:1625
440853267:propagateValuesOnChangeOnly:2678083:5125
440853267:updateInputs:2695958:250
440853267:updateComponents:2696625:1667
440853267:propagateValuesOnChangeOnly:2698708:3250
440853267:updateInputs:2714625:333
440853267:updateComponents:2715375:1667
440853267:propagateValuesOnChangeOnly:2717458:3209
440853267:updateInputs:2733333:250
440853267:updateComponents:2734042:1666
440853267:propagateValuesOnChangeOnly:2736125:3833
440853267:updateInputs:2752625:250
440853267:updateComponents:2753333:1625
440853267:propagateValuesOnChangeOnly:2755417:3291
440853267:updateInputs:2771333:375
440853267:updateComponents:2772208:1625
440853267:propagateValuesOnChangeOnly:2774292:3166
440853267:updateInputs:2805375:292
440853267:updateComponents:2806125:1625
440853267:propagateValuesOnChangeOnly:2808250:4542
440853267:updateInputs:2825583:250
440853267:updateComponents:2826333:1625
440853267:propagateValuesOnChangeOnly:2828375:3250
440853267:updateInputs:2844500:333
440853267:updateComponents:2845333:1584
440853267:propagateValuesOnChangeOnly:2847375:3125
440853267:updateInputs:2863250:292
440853267:updateComponents:2864000:1625
440853267:propagateValuesOnChangeOnly:2866125:3750
440853267:updateInputs:2882500:292
440853267:updateComponents:2883250:1667
440853267:propagateValuesOnChangeOnly:2885375:3250
440853267:updateInputs:2901208:459
440853267:updateComponents:2902167:1666
440853267:propagateValuesOnChangeOnly:2904333:3042
440853267:updateInputs:2920000:292
440853267:updateComponents:2920750:1625
440853267:propagateValuesOnChangeOnly:2922833:5584
440853267:Run loop:1852542:1089500
440853267:main:1792:2995416
