Title: Nor 3 test
676829861:updateInputs:19459:83
676829861:updateComponents:27792:83
676829861:Init circuit:15084:14208
676829861:updateInputs:29459:41
676829861:updateComponents:29542:42
676829861:propagateValuesOnChangeOnly:29709:41
676829861:updateInputs:30500:42
676829861:updateComponents:30584:0
676829861:propagateValuesOnChangeOnly:30625:42
676829861:updateInputs:31334:41
676829861:updateComponents:31417:0
676829861:propagateValuesOnChangeOnly:31459:41
676829861:updateInputs:32000:42
676829861:updateComponents:32042:42
676829861:propagateValuesOnChangeOnly:32084:41
676829861:updateInputs:32625:42
676829861:updateComponents:32709:0
676829861:propagateValuesOnChangeOnly:32959:41
676829861:updateInputs:33709:41
676829861:updateComponents:33792:0
676829861:propagateValuesOnChangeOnly:33834:41
676829861:updateInputs:34334:41
676829861:updateComponents:34375:42
676829861:propagateValuesOnChangeOnly:34459:0
676829861:updateInputs:34959:41
676829861:updateComponents:35000:42
676829861:propagateValuesOnChangeOnly:35042:42
676829861:Run loop:29459:6083
676829861:main:42:37083
