Title:Ram 256 words, 16 bits test
3247534143:updateInputs:174755291:1125
3247534143:updateComponents:174775125:1333083
3247534143:Init circuit:113287916:69510542
3247534143:updateInputs:182799500:875
3247534143:updateComponents:182800583:1382083
3247534143:propagateValuesOnChangeOnly:184183833:3453958
3247534143:updateInputs:187638958:667
3247534143:updateComponents:187639791:1341084
3247534143:propagateValuesOnChangeOnly:188981166:3377959
3247534143:updateInputs:192360791:667
3247534143:updateComponents:192361625:1339208
3247534143:propagateValuesOnChangeOnly:193701125:3375375
3247534143:updateInputs:197077666:709
3247534143:updateComponents:197078541:1338125
3247534143:propagateValuesOnChangeOnly:198416916:4136250
3247534143:updateInputs:202568666:1750
3247534143:updateComponents:202570666:1549917
3247534143:propagateValuesOnChangeOnly:204125958:3754375
3247534143:updateInputs:207884458:1542
3247534143:updateComponents:207886208:1330958
3247534143:propagateValuesOnChangeOnly:209217458:3435958
3247534143:updateInputs:212654333:792
3247534143:updateComponents:212655416:1348375
3247534143:propagateValuesOnChangeOnly:214004083:3411542
3247534143:updateInputs:217416625:750
3247534143:updateComponents:217417625:1331875
3247534143:propagateValuesOnChangeOnly:218749916:3593292
3247534143:updateInputs:222344500:1333
3247534143:updateComponents:222346041:1429334
3247534143:propagateValuesOnChangeOnly:223775750:3535083
3247534143:updateInputs:227311958:792
3247534143:updateComponents:227312916:1338000
3247534143:propagateValuesOnChangeOnly:228651250:3486291
3247534143:updateInputs:232141000:583
3247534143:updateComponents:232141750:1337583
3247534143:propagateValuesOnChangeOnly:233479666:3485750
3247534143:updateInputs:236966500:708
3247534143:updateComponents:236967375:1338916
3247534143:propagateValuesOnChangeOnly:238306708:3478625
3247534143:updateInputs:243506791:584
3247534143:updateComponents:243507583:1335292
3247534143:propagateValuesOnChangeOnly:244843250:2423500
3247534143:updateInputs:247267750:916
3247534143:updateComponents:247268833:1338583
3247534143:propagateValuesOnChangeOnly:248607708:3243625
3247534143:updateInputs:251852291:709
3247534143:updateComponents:251853208:1363917
3247534143:propagateValuesOnChangeOnly:253217750:2313000
3247534143:updateInputs:255531625:791
3247534143:updateComponents:255532625:1337291
3247534143:propagateValuesOnChangeOnly:256870291:3518792
3247534143:updateInputs:260390083:625
3247534143:updateComponents:260390833:1356458
3247534143:propagateValuesOnChangeOnly:261747666:3497209
3247534143:updateInputs:265245833:708
3247534143:updateComponents:265246750:1321166
3247534143:propagateValuesOnChangeOnly:266568166:3434875
3247534143:updateInputs:270004000:791
3247534143:updateComponents:270004958:1331792
3247534143:propagateValuesOnChangeOnly:271337041:3631584
3247534143:updateInputs:274969708:542
3247534143:updateComponents:274970458:1346500
3247534143:propagateValuesOnChangeOnly:276317375:3823166
3247534143:updateInputs:280141416:625
3247534143:updateComponents:280142250:1325083
3247534143:propagateValuesOnChangeOnly:281470958:3407042
3247534143:updateInputs:284879083:625
3247534143:updateComponents:284879916:1342292
3247534143:propagateValuesOnChangeOnly:286222666:3400167
3247534143:updateInputs:289624166:709
3247534143:updateComponents:289625125:1338166
3247534143:propagateValuesOnChangeOnly:290963541:3396834
3247534143:updateInputs:294361458:750
3247534143:updateComponents:294362458:1324167
3247534143:propagateValuesOnChangeOnly:295686958:3425667
3247534143:updateInputs:300820000:541
3247534143:updateComponents:300820833:1350292
3247534143:propagateValuesOnChangeOnly:302171541:2647000
3247534143:updateInputs:304822333:1583
3247534143:updateComponents:304824166:1370500
3247534143:propagateValuesOnChangeOnly:306194958:2561500
3247534143:updateInputs:308757458:667
3247534143:updateComponents:308758333:1328583
3247534143:propagateValuesOnChangeOnly:310087166:2357459
3247534143:updateInputs:312445500:875
3247534143:updateComponents:312446541:1334542
3247534143:propagateValuesOnChangeOnly:313787666:3309625
3247534143:updateInputs:317098250:666
3247534143:updateComponents:317099125:1334000
3247534143:propagateValuesOnChangeOnly:318433375:3189291
3247534143:updateInputs:321623875:708
3247534143:updateComponents:321624750:1347625
3247534143:propagateValuesOnChangeOnly:322972666:3374709
3247534143:updateInputs:326348583:792
3247534143:updateComponents:326349583:1326958
3247534143:propagateValuesOnChangeOnly:327676958:3374500
3247534143:updateInputs:331052375:791
3247534143:updateComponents:331053375:1328375
3247534143:propagateValuesOnChangeOnly:332382000:3393541
3247534143:updateInputs:335776583:542
3247534143:updateComponents:335777250:1336250
3247534143:propagateValuesOnChangeOnly:337113750:3403583
3247534143:updateInputs:340518416:542
3247534143:updateComponents:340519125:1351541
3247534143:propagateValuesOnChangeOnly:341870916:3373792
3247534143:updateInputs:345245625:666
3247534143:updateComponents:345246416:1339834
3247534143:propagateValuesOnChangeOnly:346586458:3374667
3247534143:updateInputs:349962083:833
3247534143:updateComponents:349963083:1334292
3247534143:propagateValuesOnChangeOnly:351297625:3381166
3247534143:updateInputs:356398583:792
3247534143:updateComponents:356399583:1341708
3247534143:propagateValuesOnChangeOnly:357741625:2399625
3247534143:updateInputs:360142291:625
3247534143:updateComponents:360143083:1353417
3247534143:propagateValuesOnChangeOnly:361496750:3124333
3247534143:updateInputs:364624416:625
3247534143:updateComponents:364625333:1334333
3247534143:propagateValuesOnChangeOnly:365959916:2263125
3247534143:updateInputs:368224041:667
3247534143:updateComponents:368224916:1362042
3247534143:propagateValuesOnChangeOnly:369587208:3549500
3247534143:updateInputs:373137625:708
3247534143:updateComponents:373138500:1317375
3247534143:propagateValuesOnChangeOnly:374456166:3373917
3247534143:updateInputs:377831125:708
3247534143:updateComponents:377831958:1336583
3247534143:propagateValuesOnChangeOnly:379168833:3356792
3247534143:updateInputs:382550291:750
3247534143:updateComponents:382551208:1347083
3247534143:propagateValuesOnChangeOnly:383898500:3394791
3247534143:updateInputs:387294458:708
3247534143:updateComponents:387295333:1331542
3247534143:propagateValuesOnChangeOnly:388627125:3319916
3247534143:updateInputs:391948333:542
3247534143:updateComponents:391949041:1345334
3247534143:propagateValuesOnChangeOnly:393294666:3278542
3247534143:updateInputs:396574125:708
3247534143:updateComponents:396575000:1332416
3247534143:propagateValuesOnChangeOnly:397907666:3300334
3247534143:updateInputs:401208958:667
3247534143:updateComponents:401209875:1358916
3247534143:propagateValuesOnChangeOnly:402569041:3375875
3247534143:updateInputs:405945875:750
3247534143:updateComponents:405946833:1340417
3247534143:propagateValuesOnChangeOnly:407287458:3307167
3247534143:updateInputs:412302208:625
3247534143:updateComponents:412303041:1341709
3247534143:propagateValuesOnChangeOnly:413645041:2570417
3247534143:updateInputs:416216416:667
3247534143:updateComponents:416217250:1337041
3247534143:propagateValuesOnChangeOnly:417554500:2467041
3247534143:updateInputs:420022500:583
3247534143:updateComponents:420023250:1335750
3247534143:propagateValuesOnChangeOnly:421359208:2357792
3247534143:updateInputs:423717916:875
3247534143:updateComponents:423718958:1324917
3247534143:propagateValuesOnChangeOnly:425044083:3382667
3247534143:updateInputs:428427666:750
3247534143:updateComponents:428428583:1330958
3247534143:propagateValuesOnChangeOnly:429759791:2934792
3247534143:updateInputs:432695500:625
3247534143:updateComponents:432696375:1338250
3247534143:propagateValuesOnChangeOnly:434034875:3305875
3247534143:updateInputs:437341708:750
3247534143:updateComponents:437342708:1338708
3247534143:propagateValuesOnChangeOnly:438681666:3291500
3247534143:updateInputs:441974083:667
3247534143:updateComponents:441975000:1322125
3247534143:propagateValuesOnChangeOnly:443297416:3307292
3247534143:updateInputs:446605666:667
3247534143:updateComponents:446606500:1333833
3247534143:propagateValuesOnChangeOnly:447940583:3309792
3247534143:updateInputs:451251333:625
3247534143:updateComponents:451252125:1342750
3247534143:propagateValuesOnChangeOnly:452595083:3314292
3247534143:updateInputs:455910333:708
3247534143:updateComponents:455911208:1344375
3247534143:propagateValuesOnChangeOnly:457255791:3315542
3247534143:updateInputs:460572291:709
3247534143:updateComponents:460573125:1352541
3247534143:propagateValuesOnChangeOnly:461925875:3299333
3247534143:updateInputs:466937000:708
3247534143:updateComponents:466937958:1346333
3247534143:propagateValuesOnChangeOnly:468284583:2367125
3247534143:updateInputs:470652666:625
3247534143:updateComponents:470653458:1335125
3247534143:propagateValuesOnChangeOnly:471988791:3064542
3247534143:updateInputs:475056666:709
3247534143:updateComponents:475057625:1334875
3247534143:propagateValuesOnChangeOnly:476392708:2263333
3247534143:updateInputs:478657041:667
3247534143:updateComponents:478658000:1322375
3247534143:propagateValuesOnChangeOnly:479980583:3300083
3247534143:updateInputs:483281625:791
3247534143:updateComponents:483282583:1346917
3247534143:propagateValuesOnChangeOnly:484629791:3287459
3247534143:updateInputs:487918250:791
3247534143:updateComponents:487919208:1329458
3247534143:propagateValuesOnChangeOnly:489248875:3321333
3247534143:updateInputs:492571166:625
3247534143:updateComponents:492571958:1336042
3247534143:propagateValuesOnChangeOnly:493908250:3319125
3247534143:updateInputs:497228333:833
3247534143:updateComponents:497229291:1332959
3247534143:propagateValuesOnChangeOnly:498562458:3293458
3247534143:updateInputs:501856875:708
3247534143:updateComponents:501857791:1349625
3247534143:propagateValuesOnChangeOnly:503207666:3393167
3247534143:updateInputs:506604333:667
3247534143:updateComponents:506605208:1335458
3247534143:propagateValuesOnChangeOnly:507940875:3308291
3247534143:updateInputs:511250125:750
3247534143:updateComponents:511251083:1322917
3247534143:propagateValuesOnChangeOnly:512574166:3288959
3247534143:updateInputs:515864041:792
3247534143:updateComponents:515865083:1340125
3247534143:propagateValuesOnChangeOnly:517205458:3330375
3247534143:updateInputs:522241375:666
3247534143:updateComponents:522242250:1337125
3247534143:propagateValuesOnChangeOnly:523579666:2514834
3247534143:updateInputs:526095458:708
3247534143:updateComponents:526096375:1356916
3247534143:propagateValuesOnChangeOnly:527453750:2537291
3247534143:updateInputs:529992125:791
3247534143:updateComponents:529993083:1345333
3247534143:propagateValuesOnChangeOnly:531338625:2354083
3247534143:updateInputs:533693708:542
3247534143:updateComponents:533694375:1347416
3247534143:propagateValuesOnChangeOnly:535042041:3315375
3247534143:updateInputs:538358250:833
3247534143:updateComponents:538359208:1347750
3247534143:propagateValuesOnChangeOnly:539707166:3196000
3247534143:updateInputs:542904166:750
3247534143:updateComponents:542905166:1356500
3247534143:propagateValuesOnChangeOnly:544261875:3273916
3247534143:updateInputs:547536791:792
3247534143:updateComponents:547537833:1304958
3247534143:propagateValuesOnChangeOnly:548843083:3249667
3247534143:updateInputs:552093666:667
3247534143:updateComponents:552094583:1336250
3247534143:propagateValuesOnChangeOnly:553431083:3338750
3247534143:updateInputs:556770666:625
3247534143:updateComponents:556771500:1334250
3247534143:propagateValuesOnChangeOnly:558106000:3301958
3247534143:updateInputs:561408833:625
3247534143:updateComponents:561409625:1351500
3247534143:propagateValuesOnChangeOnly:562761333:3320375
3247534143:updateInputs:566082708:792
3247534143:updateComponents:566083625:1355208
3247534143:propagateValuesOnChangeOnly:567439125:3306583
3247534143:updateInputs:570746625:666
3247534143:updateComponents:570747416:1339959
3247534143:propagateValuesOnChangeOnly:572087625:3324166
3247534143:updateInputs:577120958:542
3247534143:updateComponents:577121708:1334750
3247534143:propagateValuesOnChangeOnly:578474291:2368917
3247534143:updateInputs:580844125:666
3247534143:updateComponents:580844958:1331375
3247534143:propagateValuesOnChangeOnly:582176625:3057666
3247534143:updateInputs:585235166:584
3247534143:updateComponents:585235916:1383167
3247534143:propagateValuesOnChangeOnly:586621041:2281459
3247534143:updateInputs:588904583:1708
3247534143:updateComponents:588906541:1314000
3247534143:propagateValuesOnChangeOnly:590220791:3527542
3247534143:updateInputs:593749500:666
3247534143:updateComponents:593750333:1314167
3247534143:propagateValuesOnChangeOnly:595064750:3314375
3247534143:updateInputs:598380083:625
3247534143:updateComponents:598380875:1316125
3247534143:propagateValuesOnChangeOnly:599697250:3343833
3247534143:updateInputs:603041916:709
3247534143:updateComponents:603042750:1319666
3247534143:propagateValuesOnChangeOnly:604362666:3316209
3247534143:updateInputs:607679875:541
3247534143:updateComponents:607680625:1361458
3247534143:propagateValuesOnChangeOnly:609042333:3363042
3247534143:updateInputs:612406375:666
3247534143:updateComponents:612407208:1374750
3247534143:propagateValuesOnChangeOnly:613782208:3311542
3247534143:updateInputs:617094708:542
3247534143:updateComponents:617095416:1369542
3247534143:propagateValuesOnChangeOnly:618465208:3359292
3247534143:updateInputs:621825500:750
3247534143:updateComponents:621826458:1373708
3247534143:propagateValuesOnChangeOnly:623200416:3303709
3247534143:updateInputs:626505083:792
3247534143:updateComponents:626506083:1381708
3247534143:propagateValuesOnChangeOnly:627888083:3316667
3247534143:updateInputs:632929708:583
3247534143:updateComponents:632930541:1387917
3247534143:propagateValuesOnChangeOnly:634318791:2660875
3247534143:updateInputs:636980708:792
3247534143:updateComponents:636981708:1371458
3247534143:propagateValuesOnChangeOnly:638353416:2469417
3247534143:updateInputs:640824166:542
3247534143:updateComponents:640824875:1369958
3247534143:propagateValuesOnChangeOnly:642195083:2370375
3247534143:updateInputs:644566333:708
3247534143:updateComponents:644567250:1394958
3247534143:propagateValuesOnChangeOnly:645962458:3410583
3247534143:updateInputs:649373958:500
3247534143:updateComponents:649374625:1371916
3247534143:propagateValuesOnChangeOnly:650746750:3036833
3247534143:updateInputs:653784708:667
3247534143:updateComponents:653785625:1370416
3247534143:propagateValuesOnChangeOnly:655156291:3300084
3247534143:updateInputs:658457291:1084
3247534143:updateComponents:658458583:1377042
3247534143:propagateValuesOnChangeOnly:659835833:3270208
3247534143:updateInputs:663107041:750
3247534143:updateComponents:663108041:1373542
3247534143:propagateValuesOnChangeOnly:664481875:3290041
3247534143:updateInputs:667772916:750
3247534143:updateComponents:667773833:1346208
3247534143:propagateValuesOnChangeOnly:669120291:3292500
3247534143:updateInputs:672416333:583
3247534143:updateComponents:672417041:1335084
3247534143:propagateValuesOnChangeOnly:673752500:3287708
3247534143:updateInputs:677043666:667
3247534143:updateComponents:677044500:1337708
3247534143:propagateValuesOnChangeOnly:678382458:3291208
3247534143:updateInputs:681674500:625
3247534143:updateComponents:681675291:1342084
3247534143:propagateValuesOnChangeOnly:683017666:3299375
3247534143:updateInputs:688027000:625
3247534143:updateComponents:688027833:1335583
3247534143:propagateValuesOnChangeOnly:689363750:2383958
3247534143:updateInputs:691748583:625
3247534143:updateComponents:691749458:1347125
3247534143:propagateValuesOnChangeOnly:693096833:3068125
3247534143:updateInputs:696168291:584
3247534143:updateComponents:696169083:1374333
3247534143:propagateValuesOnChangeOnly:697543666:2243125
3247534143:updateInputs:699787833:625
3247534143:updateComponents:699788666:1367167
3247534143:propagateValuesOnChangeOnly:701156125:3284833
3247534143:updateInputs:704442000:666
3247534143:updateComponents:704442833:1407875
3247534143:propagateValuesOnChangeOnly:705851041:3500250
3247534143:updateInputs:709352291:667
3247534143:updateComponents:709353125:1371916
3247534143:propagateValuesOnChangeOnly:710725250:3292458
3247534143:updateInputs:714018625:833
3247534143:updateComponents:714019625:1370833
3247534143:propagateValuesOnChangeOnly:715390708:3329833
3247534143:updateInputs:718721500:666
3247534143:updateComponents:718722375:1370458
3247534143:propagateValuesOnChangeOnly:720093083:3309833
3247534143:updateInputs:723403875:625
3247534143:updateComponents:723404666:1351417
3247534143:propagateValuesOnChangeOnly:724756375:3317666
3247534143:updateInputs:728074958:667
3247534143:updateComponents:728075791:1368042
3247534143:propagateValuesOnChangeOnly:729444083:3299500
3247534143:updateInputs:732744541:709
3247534143:updateComponents:732745500:1395208
3247534143:propagateValuesOnChangeOnly:734140958:3293250
3247534143:updateInputs:737435541:709
3247534143:updateComponents:737436500:1385333
3247534143:propagateValuesOnChangeOnly:738822208:3297167
3247534143:updateInputs:743826875:666
3247534143:updateComponents:743827791:1380792
3247534143:propagateValuesOnChangeOnly:745208916:2519959
3247534143:updateInputs:747729916:709
3247534143:updateComponents:747730833:1369708
3247534143:propagateValuesOnChangeOnly:749100791:2467500
3247534143:updateInputs:751569250:833
3247534143:updateComponents:751570250:1375291
3247534143:propagateValuesOnChangeOnly:752945791:2351042
3247534143:updateInputs:755300250:625
3247534143:updateComponents:755301041:1376375
3247534143:propagateValuesOnChangeOnly:756677666:3332667
3247534143:updateInputs:760011375:541
3247534143:updateComponents:760012083:1379500
3247534143:propagateValuesOnChangeOnly:761391833:3010042
3247534143:updateInputs:764402791:625
3247534143:updateComponents:764403666:1370875
3247534143:propagateValuesOnChangeOnly:765774791:3210292
3247534143:updateInputs:768986000:583
3247534143:updateComponents:768986833:1367458
3247534143:propagateValuesOnChangeOnly:770354583:3245208
3247534143:updateInputs:773600750:708
3247534143:updateComponents:773608666:1376500
3247534143:propagateValuesOnChangeOnly:774985416:3311167
3247534143:updateInputs:778297458:583
3247534143:updateComponents:778298208:1395708
3247534143:propagateValuesOnChangeOnly:779694166:3295667
3247534143:updateInputs:782990875:541
3247534143:updateComponents:782991583:1371542
3247534143:propagateValuesOnChangeOnly:784363416:3363125
3247534143:updateInputs:787727375:708
3247534143:updateComponents:787728250:1365958
3247534143:propagateValuesOnChangeOnly:789094625:3307416
3247534143:updateInputs:792403041:625
3247534143:updateComponents:792403875:1372458
3247534143:propagateValuesOnChangeOnly:793776583:3305042
3247534143:updateInputs:798786958:708
3247534143:updateComponents:798787875:1386041
3247534143:propagateValuesOnChangeOnly:800174250:2403875
3247534143:updateInputs:802578916:792
3247534143:updateComponents:802579958:1372875
3247534143:propagateValuesOnChangeOnly:803953041:3157250
3247534143:updateInputs:807113083:625
3247534143:updateComponents:807113916:1372625
3247534143:propagateValuesOnChangeOnly:808486916:2290459
3247534143:updateInputs:810778333:708
3247534143:updateComponents:810779291:1369459
3247534143:propagateValuesOnChangeOnly:812149000:3287833
3247534143:updateInputs:815440125:750
3247534143:updateComponents:815441000:1381208
3247534143:propagateValuesOnChangeOnly:816822541:3313125
3247534143:updateInputs:820136666:542
3247534143:updateComponents:820137333:1385083
3247534143:propagateValuesOnChangeOnly:821522666:3277709
3247534143:updateInputs:824803833:583
3247534143:updateComponents:824804541:1381667
3247534143:propagateValuesOnChangeOnly:826186458:3292792
3247534143:updateInputs:829480166:667
3247534143:updateComponents:829481000:1370458
3247534143:propagateValuesOnChangeOnly:830851708:3288833
3247534143:updateInputs:834141541:625
3247534143:updateComponents:834142333:1370208
3247534143:propagateValuesOnChangeOnly:835512875:3308458
3247534143:updateInputs:838822250:625
3247534143:updateComponents:838823083:1370042
3247534143:propagateValuesOnChangeOnly:840193375:3310750
3247534143:updateInputs:843505125:541
3247534143:updateComponents:843505916:1370625
3247534143:propagateValuesOnChangeOnly:844876791:3297750
3247534143:updateInputs:848175500:791
3247534143:updateComponents:848176500:1369875
3247534143:propagateValuesOnChangeOnly:849546583:3302583
3247534143:updateInputs:854559666:625
3247534143:updateComponents:854560500:1382416
3247534143:propagateValuesOnChangeOnly:855943250:2589458
3247534143:updateInputs:858533708:708
3247534143:updateComponents:858534583:1334667
3247534143:propagateValuesOnChangeOnly:859869458:2544417
3247534143:updateInputs:862414958:542
3247534143:updateComponents:862415666:1373709
3247534143:propagateValuesOnChangeOnly:863789583:2403208
3247534143:updateInputs:866193833:583
3247534143:updateComponents:866194583:1352583
3247534143:propagateValuesOnChangeOnly:867547375:3371125
3247534143:updateInputs:870919458:667
3247534143:updateComponents:870920291:1357167
3247534143:propagateValuesOnChangeOnly:872277666:2899709
3247534143:updateInputs:875178250:583
3247534143:updateComponents:875179041:1370167
3247534143:propagateValuesOnChangeOnly:876549458:3239042
3247534143:updateInputs:879789500:666
3247534143:updateComponents:879790416:1366334
3247534143:propagateValuesOnChangeOnly:881157000:3299583
3247534143:updateInputs:884457541:709
3247534143:updateComponents:884458458:1368625
3247534143:propagateValuesOnChangeOnly:885827458:3284542
3247534143:updateInputs:889113041:709
3247534143:updateComponents:889113875:1321125
3247534143:propagateValuesOnChangeOnly:890435250:3300666
3247534143:updateInputs:893736916:667
3247534143:updateComponents:893737750:1323125
3247534143:propagateValuesOnChangeOnly:895061125:3297041
3247534143:updateInputs:898359125:541
3247534143:updateComponents:898359833:1325042
3247534143:propagateValuesOnChangeOnly:899685125:3301791
3247534143:updateInputs:902987875:791
3247534143:updateComponents:902988833:1323542
3247534143:propagateValuesOnChangeOnly:904312666:3319292
3247534143:updateInputs:909336416:625
3247534143:updateComponents:909337250:1343083
3247534143:propagateValuesOnChangeOnly:910680708:2374958
3247534143:updateInputs:913056541:625
3247534143:updateComponents:913057375:1321250
3247534143:propagateValuesOnChangeOnly:914378875:3063958
3247534143:updateInputs:917443833:708
3247534143:updateComponents:917444791:1316375
3247534143:propagateValuesOnChangeOnly:918761416:2270875
3247534143:updateInputs:921033208:625
3247534143:updateComponents:921034041:1310709
3247534143:propagateValuesOnChangeOnly:922345000:3408125
3247534143:updateInputs:925754083:667
3247534143:updateComponents:925754916:1295125
3247534143:propagateValuesOnChangeOnly:927050291:3324834
3247534143:updateInputs:930376083:542
3247534143:updateComponents:930376791:1320625
3247534143:propagateValuesOnChangeOnly:931697666:3350125
3247534143:updateInputs:935048708:583
3247534143:updateComponents:935049458:1308500
3247534143:propagateValuesOnChangeOnly:936358208:3367292
3247534143:updateInputs:939726375:583
3247534143:updateComponents:939727083:1318500
3247534143:propagateValuesOnChangeOnly:941045833:3374542
3247534143:updateInputs:944421291:625
3247534143:updateComponents:944422083:1325917
3247534143:propagateValuesOnChangeOnly:945748208:3397458
3247534143:updateInputs:949146666:834
3247534143:updateComponents:949147708:1310375
3247534143:propagateValuesOnChangeOnly:950458416:3382750
3247534143:updateInputs:953842041:834
3247534143:updateComponents:953843000:1302666
3247534143:propagateValuesOnChangeOnly:955145916:3430959
3247534143:updateInputs:958577791:834
3247534143:updateComponents:958578875:1316208
3247534143:propagateValuesOnChangeOnly:959895333:3367417
3247534143:updateInputs:964969833:542
3247534143:updateComponents:964970541:1325042
3247534143:propagateValuesOnChangeOnly:966295916:2518125
3247534143:updateInputs:968815000:625
3247534143:updateComponents:968815791:1318459
3247534143:propagateValuesOnChangeOnly:970134500:2458416
3247534143:updateInputs:972617416:542
3247534143:updateComponents:972618125:1314333
3247534143:propagateValuesOnChangeOnly:973932708:2359500
3247534143:updateInputs:976293250:625
3247534143:updateComponents:976294041:1313792
3247534143:propagateValuesOnChangeOnly:977608083:3430792
3247534143:updateInputs:981039875:625
3247534143:updateComponents:981040666:1312417
3247534143:propagateValuesOnChangeOnly:982353291:2895792
3247534143:updateInputs:985250083:625
3247534143:updateComponents:985250875:1380333
3247534143:propagateValuesOnChangeOnly:986631500:3263875
3247534143:updateInputs:989896291:584
3247534143:updateComponents:989897125:1384125
3247534143:propagateValuesOnChangeOnly:991281500:3269833
3247534143:updateInputs:994552333:667
3247534143:updateComponents:994553208:1377333
3247534143:propagateValuesOnChangeOnly:995930791:3286417
3247534143:updateInputs:999218208:542
3247534143:updateComponents:999218958:1368292
3247534143:propagateValuesOnChangeOnly:1000587541:3331334
3247534143:updateInputs:1003919916:709
3247534143:updateComponents:1003920791:1379750
3247534143:propagateValuesOnChangeOnly:1005300833:3381542
3247534143:updateInputs:1008683375:708
3247534143:updateComponents:1008684250:1366375
3247534143:propagateValuesOnChangeOnly:1010050875:3325666
3247534143:updateInputs:1013377541:709
3247534143:updateComponents:1013378375:1376541
3247534143:propagateValuesOnChangeOnly:1014755166:3349750
3247534143:updateInputs:1019811208:583
3247534143:updateComponents:1019812000:1389583
3247534143:propagateValuesOnChangeOnly:1021201833:2370500
3247534143:updateInputs:1023573208:583
3247534143:updateComponents:1023573916:1369292
3247534143:propagateValuesOnChangeOnly:1024943458:3152542
3247534143:updateInputs:1028096958:542
3247534143:updateComponents:1028097708:1364792
3247534143:propagateValuesOnChangeOnly:1029462750:2252083
3247534143:updateInputs:1031715583:792
3247534143:updateComponents:1031716583:1374750
3247534143:propagateValuesOnChangeOnly:1033091625:3296250
3247534143:updateInputs:1036388791:750
3247534143:updateComponents:1036389708:1372000
3247534143:propagateValuesOnChangeOnly:1037762000:3299208
3247534143:updateInputs:1041062125:625
3247534143:updateComponents:1041062916:1398834
3247534143:propagateValuesOnChangeOnly:1042462000:3324541
3247534143:updateInputs:1045789875:666
3247534143:updateComponents:1045790708:1368958
3247534143:propagateValuesOnChangeOnly:1047159916:3351959
3247534143:updateInputs:1050512791:667
3247534143:updateComponents:1050513625:1360875
3247534143:propagateValuesOnChangeOnly:1051874833:3456042
3247534143:updateInputs:1055331833:708
3247534143:updateComponents:1055332708:1379083
3247534143:propagateValuesOnChangeOnly:1056712041:3310042
3247534143:updateInputs:1060023125:708
3247534143:updateComponents:1060024000:1382083
3247534143:propagateValuesOnChangeOnly:1061406333:3318625
3247534143:updateInputs:1064725916:709
3247534143:updateComponents:1064726875:1360208
3247534143:propagateValuesOnChangeOnly:1066087333:3303625
3247534143:updateInputs:1069391833:708
3247534143:updateComponents:1069392750:1374416
3247534143:propagateValuesOnChangeOnly:1070767458:3314000
3247534143:updateInputs:1075790833:667
3247534143:updateComponents:1075791708:1384792
3247534143:propagateValuesOnChangeOnly:1077176833:2670208
3247534143:updateInputs:1079848166:542
3247534143:updateComponents:1079848875:1377041
3247534143:propagateValuesOnChangeOnly:1081226166:2460042
3247534143:updateInputs:1083687166:667
3247534143:updateComponents:1083687958:1369667
3247534143:propagateValuesOnChangeOnly:1085057875:2400125
3247534143:updateInputs:1087458916:792
3247534143:updateComponents:1087459875:1374333
3247534143:propagateValuesOnChangeOnly:1088834541:3378292
3247534143:updateInputs:1092213833:708
3247534143:updateComponents:1092214708:1368625
3247534143:propagateValuesOnChangeOnly:1093583583:2637000
3247534143:updateInputs:1096223958:667
3247534143:updateComponents:1096224750:1370958
3247534143:propagateValuesOnChangeOnly:1097595916:3285542
3247534143:updateInputs:1100882416:792
3247534143:updateComponents:1100883416:1375625
3247534143:propagateValuesOnChangeOnly:1102259291:3303917
3247534143:updateInputs:1105566583:792
3247534143:updateComponents:1105567583:1371292
3247534143:propagateValuesOnChangeOnly:1106939125:3306500
3247534143:updateInputs:1110249083:667
3247534143:updateComponents:1110249916:1378042
3247534143:propagateValuesOnChangeOnly:1111628208:3299208
3247534143:updateInputs:1114928333:792
3247534143:updateComponents:1114929291:1366834
3247534143:propagateValuesOnChangeOnly:1116296500:3300458
3247534143:updateInputs:1119600291:667
3247534143:updateComponents:1119601125:1382125
3247534143:propagateValuesOnChangeOnly:1120983500:3285250
3247534143:updateInputs:1124269666:750
3247534143:updateComponents:1124270583:1396000
3247534143:propagateValuesOnChangeOnly:1125666833:3287708
3247534143:updateInputs:1130659666:709
3247534143:updateComponents:1130660541:1383417
3247534143:propagateValuesOnChangeOnly:1132044333:2380583
3247534143:updateInputs:1134425958:750
3247534143:updateComponents:1134426875:1372333
3247534143:propagateValuesOnChangeOnly:1135799458:3093875
3247534143:updateInputs:1138894333:750
3247534143:updateComponents:1138895291:1309500
3247534143:propagateValuesOnChangeOnly:1140205041:2268375
3247534143:updateInputs:1142474375:625
3247534143:updateComponents:1142475250:1316541
3247534143:propagateValuesOnChangeOnly:1143792083:3320333
3247534143:updateInputs:1147113583:792
3247534143:updateComponents:1147114583:1319417
3247534143:propagateValuesOnChangeOnly:1148434250:3336708
3247534143:updateInputs:1151772000:583
3247534143:updateComponents:1151772750:1322625
3247534143:propagateValuesOnChangeOnly:1153095583:3432667
3247534143:updateInputs:1156529041:750
3247534143:updateComponents:1156529958:1332875
3247534143:propagateValuesOnChangeOnly:1157863083:3416000
3247534143:updateInputs:1161279916:750
3247534143:updateComponents:1161280833:1322167
3247534143:propagateValuesOnChangeOnly:1162603250:3303375
3247534143:updateInputs:1165907541:667
3247534143:updateComponents:1165908375:1308958
3247534143:propagateValuesOnChangeOnly:1167217583:3301000
3247534143:updateInputs:1170519583:667
3247534143:updateComponents:1170520416:1334834
3247534143:propagateValuesOnChangeOnly:1171855458:3289458
3247534143:updateInputs:1175145833:875
3247534143:updateComponents:1175146958:1334500
3247534143:propagateValuesOnChangeOnly:1176481666:3338625
3247534143:updateInputs:1179821291:750
3247534143:updateComponents:1179822291:1327084
3247534143:propagateValuesOnChangeOnly:1181149666:3295125
3247534143:updateInputs:1186157583:958
3247534143:updateComponents:1186158791:1329875
3247534143:propagateValuesOnChangeOnly:1187489083:2493792
3247534143:updateInputs:1189983833:875
3247534143:updateComponents:1189984875:1320333
3247534143:propagateValuesOnChangeOnly:1191305458:2470875
3247534143:updateInputs:1193777250:666
3247534143:updateComponents:1193778083:1314458
3247534143:propagateValuesOnChangeOnly:1195092791:2360250
3247534143:updateInputs:1197454041:625
3247534143:updateComponents:1197454833:1316625
3247534143:propagateValuesOnChangeOnly:1198771708:3371792
3247534143:updateInputs:1202144416:709
3247534143:updateComponents:1202145291:1346875
3247534143:propagateValuesOnChangeOnly:1203492416:2739959
3247534143:updateInputs:1206233416:584
3247534143:updateComponents:1206234166:1321334
3247534143:propagateValuesOnChangeOnly:1207555750:3298083
3247534143:updateInputs:1210854708:750
3247534143:updateComponents:1210855666:1323709
3247534143:propagateValuesOnChangeOnly:1212179625:3307458
3247534143:updateInputs:1215487916:834
3247534143:updateComponents:1215489000:1326250
3247534143:propagateValuesOnChangeOnly:1216815541:3332375
3247534143:updateInputs:1220148916:750
3247534143:updateComponents:1220149833:1328500
3247534143:propagateValuesOnChangeOnly:1221478625:3321041
3247534143:updateInputs:1224800708:667
3247534143:updateComponents:1224801541:1318459
3247534143:propagateValuesOnChangeOnly:1226120291:3292000
3247534143:updateInputs:1229413208:792
3247534143:updateComponents:1229414166:1307584
3247534143:propagateValuesOnChangeOnly:1230722000:3297916
3247534143:updateInputs:1234020916:667
3247534143:updateComponents:1234021750:1308833
3247534143:propagateValuesOnChangeOnly:1235330833:3309958
3247534143:updateInputs:1240348416:542
3247534143:updateComponents:1240349166:1328042
3247534143:propagateValuesOnChangeOnly:1241677541:2379917
3247534143:updateInputs:1244058625:750
3247534143:updateComponents:1244059541:1319834
3247534143:propagateValuesOnChangeOnly:1245379625:3074125
3247534143:updateInputs:1248454708:708
3247534143:updateComponents:1248455666:1316334
3247534143:propagateValuesOnChangeOnly:1249772250:2268291
3247534143:updateInputs:1252041458:708
3247534143:updateComponents:1252042375:1313916
3247534143:propagateValuesOnChangeOnly:1253356541:3312417
3247534143:updateInputs:1256669958:750
3247534143:updateComponents:1256670833:1327083
3247534143:propagateValuesOnChangeOnly:1257998208:3321042
3247534143:updateInputs:1261320291:667
3247534143:updateComponents:1261321125:1327375
3247534143:propagateValuesOnChangeOnly:1262648750:3322375
3247534143:updateInputs:1265974375:541
3247534143:updateComponents:1265975083:1314500
3247534143:propagateValuesOnChangeOnly:1267289833:3370583
3247534143:updateInputs:1270661458:625
3247534143:updateComponents:1270662291:1332709
3247534143:propagateValuesOnChangeOnly:1271995250:3336000
3247534143:updateInputs:1275332250:583
3247534143:updateComponents:1275333000:1334666
3247534143:propagateValuesOnChangeOnly:1276667916:3285959
3247534143:updateInputs:1279954833:667
3247534143:updateComponents:1279955625:1331708
3247534143:propagateValuesOnChangeOnly:1281287666:3734125
3247534143:updateInputs:1285022833:542
3247534143:updateComponents:1285023583:1322042
3247534143:propagateValuesOnChangeOnly:1286345958:3649667
3247534143:updateInputs:1289999125:750
3247534143:updateComponents:1290000125:1318041
3247534143:propagateValuesOnChangeOnly:1291318500:3725416
3247534143:updateInputs:1296756958:750
3247534143:updateComponents:1296758000:1345166
3247534143:propagateValuesOnChangeOnly:1298103583:2601375
3247534143:updateInputs:1300705958:667
3247534143:updateComponents:1300706833:1319750
3247534143:propagateValuesOnChangeOnly:1302026958:2696833
3247534143:Run loop:182799458:1121925375
3247534143:main:1291:1345138500
