Title: Bit-stream signal test
3960419533:updateInputs:113458:42
3960419533:updateComponents:137333:125
3960419533:Init circuit:107166:35584
3960419533:updateInputs:143208:42
3960419533:updateComponents:143375:41
3960419533:propagateValuesOnChangeOnly:143708:125
3960419533:updateInputs:145000:41
3960419533:updateComponents:145125:41
3960419533:propagateValuesOnChangeOnly:145250:41
3960419533:updateInputs:146416:84
3960419533:updateComponents:146583:42
3960419533:propagateValuesOnChangeOnly:146708:42
3960419533:updateInputs:147625:41
3960419533:updateComponents:147750:41
3960419533:propagateValuesOnChangeOnly:147875:41
3960419533:updateInputs:148666:42
3960419533:updateComponents:148750:41
3960419533:propagateValuesOnChangeOnly:149333:42
3960419533:updateInputs:150083:83
3960419533:updateComponents:150208:42
3960419533:propagateValuesOnChangeOnly:150333:42
3960419533:updateInputs:151125:41
3960419533:updateComponents:151208:83
3960419533:propagateValuesOnChangeOnly:151333:42
3960419533:updateInputs:152666:42
3960419533:updateComponents:152791:42
3960419533:propagateValuesOnChangeOnly:152916:42
3960419533:updateInputs:153708:83
3960419533:updateComponents:153833:83
3960419533:propagateValuesOnChangeOnly:153958:42
3960419533:updateInputs:154708:42
3960419533:updateComponents:154833:42
3960419533:propagateValuesOnChangeOnly:154958:42
3960419533:updateInputs:156458:42
3960419533:updateComponents:156583:42
3960419533:propagateValuesOnChangeOnly:156708:42
3960419533:updateInputs:157500:41
3960419533:updateComponents:157625:41
3960419533:propagateValuesOnChangeOnly:157708:83
3960419533:updateInputs:158500:83
3960419533:updateComponents:158625:41
3960419533:propagateValuesOnChangeOnly:158750:41
3960419533:Run loop:143125:16416
3960419533:main:125:160416
