Title:Unit delay test
3992315141:updateInputs:757125:83
3992315141:updateComponents:785416:500
3992315141:Init circuit:744375:48958
3992315141:updateInputs:795083:83
3992315141:updateComponents:795625:333
3992315141:propagateValuesOnChangeOnly:797833:708
3992315141:updateInputs:803416:125
3992315141:updateComponents:804083:250
3992315141:propagateValuesOnChangeOnly:804833:250
3992315141:updateInputs:810291:84
3992315141:updateComponents:810958:250
3992315141:propagateValuesOnChangeOnly:811666:292
3992315141:updateInputs:815541:84
3992315141:updateComponents:816166:250
3992315141:propagateValuesOnChangeOnly:816875:250
3992315141:updateInputs:820416:84
3992315141:updateComponents:820958:250
3992315141:propagateValuesOnChangeOnly:824416:209
3992315141:updateInputs:828125:83
3992315141:updateComponents:828791:209
3992315141:propagateValuesOnChangeOnly:829500:166
3992315141:updateInputs:834083:125
3992315141:updateComponents:834666:250
3992315141:propagateValuesOnChangeOnly:835500:250
3992315141:updateInputs:839166:84
3992315141:updateComponents:839833:208
3992315141:propagateValuesOnChangeOnly:840583:167
3992315141:updateInputs:844166:84
3992315141:updateComponents:844791:209
3992315141:propagateValuesOnChangeOnly:845541:250
3992315141:updateInputs:849250:83
3992315141:updateComponents:849875:208
3992315141:propagateValuesOnChangeOnly:850625:166
3992315141:Run loop:795041:63834
3992315141:main:1375:860875
