Title: 8-bit register test
62701344:updateInputs:273458:250
62701344:updateComponents:282375:2625
62701344:Init circuit:165625:132500
62701344:updateInputs:298292:291
62701344:updateComponents:298625:2125
62701344:propagateValuesOnChangeOnly:300917:2708
62701344:updateInputs:303792:208
62701344:updateComponents:304042:2041
62701344:propagateValuesOnChangeOnly:306167:2625
62701344:updateInputs:309000:208
62701344:updateComponents:309250:1958
62701344:propagateValuesOnChangeOnly:311250:2542
62701344:updateInputs:313917:208
62701344:updateComponents:314167:1916
62701344:propagateValuesOnChangeOnly:316167:2416
62701344:updateInputs:318667:250
62701344:updateComponents:318958:1917
62701344:propagateValuesOnChangeOnly:321083:2417
62701344:updateInputs:331083:209
62701344:updateComponents:331333:2000
62701344:propagateValuesOnChangeOnly:333375:2667
62701344:updateInputs:336125:250
62701344:updateComponents:336375:1958
62701344:propagateValuesOnChangeOnly:338417:2708
62701344:updateInputs:341250:208
62701344:updateComponents:341500:2000
62701344:propagateValuesOnChangeOnly:343542:2666
62701344:updateInputs:346292:208
62701344:updateComponents:346542:1958
62701344:propagateValuesOnChangeOnly:348583:2500
62701344:updateInputs:351167:291
62701344:updateComponents:351500:1833
62701344:propagateValuesOnChangeOnly:353375:2625
62701344:updateInputs:363292:250
62701344:updateComponents:363542:1958
62701344:propagateValuesOnChangeOnly:365542:2958
62701344:updateInputs:368625:167
62701344:updateComponents:368833:1875
62701344:propagateValuesOnChangeOnly:370750:2792
62701344:updateInputs:373625:208
62701344:updateComponents:373875:1833
62701344:propagateValuesOnChangeOnly:375792:2625
62701344:updateInputs:378500:208
62701344:updateComponents:378708:1875
62701344:propagateValuesOnChangeOnly:380625:2458
62701344:updateInputs:383167:208
62701344:updateComponents:383375:1875
62701344:propagateValuesOnChangeOnly:385292:2416
62701344:updateInputs:394792:208
62701344:updateComponents:395042:1916
62701344:propagateValuesOnChangeOnly:397000:2542
62701344:updateInputs:399667:166
62701344:updateComponents:399875:1833
62701344:propagateValuesOnChangeOnly:401792:2583
62701344:updateInputs:404458:209
62701344:updateComponents:404708:1875
62701344:propagateValuesOnChangeOnly:406625:2750
62701344:updateInputs:409458:209
62701344:updateComponents:409708:1834
62701344:propagateValuesOnChangeOnly:411583:2584
62701344:updateInputs:414250:292
62701344:updateComponents:414542:1916
62701344:propagateValuesOnChangeOnly:416500:2875
62701344:updateInputs:426625:208
62701344:updateComponents:426875:1875
62701344:propagateValuesOnChangeOnly:429083:2792
62701344:updateInputs:431958:209
62701344:updateComponents:432167:1875
62701344:propagateValuesOnChangeOnly:434083:2792
62701344:updateInputs:436958:209
62701344:updateComponents:437208:1834
62701344:propagateValuesOnChangeOnly:439083:2709
62701344:updateInputs:441875:167
62701344:updateComponents:442083:1834
62701344:propagateValuesOnChangeOnly:444000:2417
62701344:updateInputs:446500:208
62701344:updateComponents:446750:1833
62701344:propagateValuesOnChangeOnly:448625:2417
62701344:updateInputs:458042:208
62701344:updateComponents:458250:1917
62701344:propagateValuesOnChangeOnly:460208:2625
62701344:updateInputs:462917:208
62701344:updateComponents:463125:1917
62701344:propagateValuesOnChangeOnly:465083:2667
62701344:updateInputs:467833:209
62701344:updateComponents:468083:1875
62701344:propagateValuesOnChangeOnly:470000:2708
62701344:updateInputs:472833:167
62701344:updateComponents:473042:1875
62701344:propagateValuesOnChangeOnly:474958:2917
62701344:updateInputs:477958:209
62701344:updateComponents:478208:1875
62701344:propagateValuesOnChangeOnly:480125:2792
62701344:updateInputs:489875:208
62701344:updateComponents:490083:1917
62701344:propagateValuesOnChangeOnly:492083:2625
62701344:updateInputs:494792:208
62701344:updateComponents:495042:1875
62701344:propagateValuesOnChangeOnly:496958:2625
62701344:updateInputs:499708:167
62701344:updateComponents:499917:1875
62701344:propagateValuesOnChangeOnly:501833:2667
62701344:updateInputs:504625:167
62701344:updateComponents:504833:1875
62701344:propagateValuesOnChangeOnly:506750:2458
62701344:updateInputs:509292:166
62701344:updateComponents:509500:1875
62701344:propagateValuesOnChangeOnly:511417:2416
62701344:updateInputs:520833:209
62701344:updateComponents:521042:1916
62701344:propagateValuesOnChangeOnly:523000:2625
62701344:updateInputs:525708:167
62701344:updateComponents:525917:1875
62701344:propagateValuesOnChangeOnly:527833:2709
62701344:updateInputs:530625:208
62701344:updateComponents:530875:1833
62701344:propagateValuesOnChangeOnly:532750:2750
62701344:updateInputs:535625:208
62701344:updateComponents:535875:1833
62701344:propagateValuesOnChangeOnly:537750:2708
62701344:updateInputs:540542:250
62701344:updateComponents:540833:1917
62701344:propagateValuesOnChangeOnly:542792:2875
62701344:updateInputs:552583:250
62701344:updateComponents:552875:1917
62701344:propagateValuesOnChangeOnly:554875:2792
62701344:updateInputs:557792:166
62701344:updateComponents:558000:1917
62701344:propagateValuesOnChangeOnly:559958:2875
62701344:updateInputs:564375:208
62701344:updateComponents:564625:1917
62701344:propagateValuesOnChangeOnly:566625:2750
62701344:updateInputs:569458:209
62701344:updateComponents:569708:1875
62701344:propagateValuesOnChangeOnly:571625:2417
62701344:updateInputs:574167:208
62701344:updateComponents:574375:1917
62701344:propagateValuesOnChangeOnly:576333:2459
62701344:updateInputs:585750:208
62701344:updateComponents:586000:1917
62701344:propagateValuesOnChangeOnly:587958:2542
62701344:updateInputs:590583:209
62701344:updateComponents:590833:1834
62701344:propagateValuesOnChangeOnly:592708:2709
62701344:updateInputs:595500:167
62701344:updateComponents:595708:1875
62701344:propagateValuesOnChangeOnly:597625:2750
62701344:updateInputs:600458:209
62701344:updateComponents:600667:1875
62701344:propagateValuesOnChangeOnly:602583:2375
62701344:updateInputs:605042:208
62701344:updateComponents:605292:1833
62701344:propagateValuesOnChangeOnly:607208:2500
62701344:updateInputs:616875:250
62701344:updateComponents:617167:1875
62701344:propagateValuesOnChangeOnly:619083:2584
62701344:updateInputs:621792:166
62701344:updateComponents:622000:1875
62701344:propagateValuesOnChangeOnly:623917:2625
62701344:updateInputs:626625:208
62701344:updateComponents:626875:1833
62701344:propagateValuesOnChangeOnly:628750:2458
62701344:updateInputs:631292:208
62701344:updateComponents:631500:1875
62701344:propagateValuesOnChangeOnly:633417:2375
62701344:updateInputs:635917:208
62701344:updateComponents:636125:1917
62701344:propagateValuesOnChangeOnly:638083:2375
62701344:updateInputs:647333:209
62701344:updateComponents:647583:1875
62701344:propagateValuesOnChangeOnly:649542:2583
62701344:updateInputs:652208:209
62701344:updateComponents:652458:1834
62701344:propagateValuesOnChangeOnly:654375:2542
62701344:updateInputs:657042:208
62701344:updateComponents:657250:1875
62701344:propagateValuesOnChangeOnly:659167:2750
62701344:updateInputs:662000:167
62701344:updateComponents:662208:1875
62701344:propagateValuesOnChangeOnly:664167:2333
62701344:updateInputs:666625:208
62701344:updateComponents:666833:1875
62701344:propagateValuesOnChangeOnly:668750:2542
62701344:updateInputs:678250:250
62701344:updateComponents:678500:1917
62701344:propagateValuesOnChangeOnly:680458:2667
62701344:updateInputs:683250:208
62701344:updateComponents:683458:1917
62701344:propagateValuesOnChangeOnly:685417:2750
62701344:updateInputs:688292:208
62701344:updateComponents:688500:1875
62701344:propagateValuesOnChangeOnly:690417:2500
62701344:updateInputs:693042:166
62701344:updateComponents:693250:1875
62701344:propagateValuesOnChangeOnly:695208:2417
62701344:updateInputs:697750:208
62701344:updateComponents:697958:1917
62701344:propagateValuesOnChangeOnly:699958:2417
62701344:updateInputs:709333:209
62701344:updateComponents:709583:1917
62701344:propagateValuesOnChangeOnly:711542:2583
62701344:updateInputs:714208:209
62701344:updateComponents:714458:1875
62701344:propagateValuesOnChangeOnly:716375:2583
62701344:updateInputs:719042:208
62701344:updateComponents:719292:1916
62701344:propagateValuesOnChangeOnly:721250:2708
62701344:updateInputs:724042:208
62701344:updateComponents:724292:1791
62701344:propagateValuesOnChangeOnly:726167:2375
62701344:updateInputs:728625:208
62701344:updateComponents:728875:1833
62701344:propagateValuesOnChangeOnly:730750:2500
62701344:updateInputs:740208:209
62701344:updateComponents:740458:1959
62701344:propagateValuesOnChangeOnly:742458:2542
62701344:updateInputs:745083:209
62701344:updateComponents:745292:1916
62701344:propagateValuesOnChangeOnly:747250:2625
62701344:updateInputs:749958:209
62701344:updateComponents:750208:1875
62701344:propagateValuesOnChangeOnly:752125:2458
62701344:updateInputs:754667:208
62701344:updateComponents:754917:1916
62701344:propagateValuesOnChangeOnly:756875:2375
62701344:Run loop:298292:461041
62701344:main:458:799959
