Title:8-bit address decoder test
161428049:updateInputs:9163750:458
161428049:updateComponents:9188833:45667
161428049:Init circuit:6907333:2659750
161428049:updateInputs:9568333:584
161428049:updateComponents:9569333:46042
161428049:propagateValuesOnChangeOnly:9617792:57208
161428049:updateInputs:9843375:667
161428049:updateComponents:9844500:46667
161428049:propagateValuesOnChangeOnly:9891708:68000
161428049:updateInputs:10130208:500
161428049:updateComponents:10131167:46625
161428049:propagateValuesOnChangeOnly:10178250:82500
161428049:updateInputs:10427417:500
161428049:updateComponents:10428417:46708
161428049:propagateValuesOnChangeOnly:10475708:71084
161428049:updateInputs:10713042:541
161428049:updateComponents:10714042:46583
161428049:propagateValuesOnChangeOnly:10763292:92666
161428049:updateInputs:11024417:500
161428049:updateComponents:11025417:46625
161428049:propagateValuesOnChangeOnly:11072542:71208
161428049:updateInputs:11311375:500
161428049:updateComponents:11312375:46458
161428049:propagateValuesOnChangeOnly:11359333:81834
161428049:updateInputs:11608125:625
161428049:updateComponents:11609250:46542
161428049:propagateValuesOnChangeOnly:11656292:71000
161428049:updateInputs:11893792:500
161428049:updateComponents:11894792:46625
161428049:propagateValuesOnChangeOnly:11941917:103625
161428049:updateInputs:12213250:542
161428049:updateComponents:12214292:45958
161428049:propagateValuesOnChangeOnly:12260792:71166
161428049:updateInputs:12505083:417
161428049:updateComponents:12506083:47000
161428049:propagateValuesOnChangeOnly:12553583:81584
161428049:updateInputs:12801375:625
161428049:updateComponents:12802500:46792
161428049:propagateValuesOnChangeOnly:12849792:70958
161428049:updateInputs:13091000:583
161428049:updateComponents:13092083:42542
161428049:propagateValuesOnChangeOnly:13135083:92542
161428049:updateInputs:13393750:500
161428049:updateComponents:13394708:46625
161428049:propagateValuesOnChangeOnly:13441917:71000
161428049:updateInputs:13679000:542
161428049:updateComponents:13680000:45667
161428049:propagateValuesOnChangeOnly:13726125:81542
161428049:updateInputs:13975042:708
161428049:updateComponents:13976167:47083
161428049:propagateValuesOnChangeOnly:14023792:71000
161428049:updateInputs:14261000:542
161428049:updateComponents:14262000:46500
161428049:propagateValuesOnChangeOnly:14309000:115042
161428049:updateInputs:14590708:542
161428049:updateComponents:14591750:46833
161428049:propagateValuesOnChangeOnly:14639042:71250
161428049:updateInputs:14875708:500
161428049:updateComponents:14876667:47166
161428049:propagateValuesOnChangeOnly:14924375:81792
161428049:updateInputs:15172250:625
161428049:updateComponents:15173333:46959
161428049:propagateValuesOnChangeOnly:15220792:71000
161428049:updateInputs:15458208:542
161428049:updateComponents:15459208:47000
161428049:propagateValuesOnChangeOnly:15513083:92792
161428049:updateInputs:15773125:500
161428049:updateComponents:15774125:46417
161428049:propagateValuesOnChangeOnly:15821042:71000
161428049:updateInputs:16057958:500
161428049:updateComponents:16058917:47041
161428049:propagateValuesOnChangeOnly:16106500:80917
161428049:updateInputs:16351208:10500
161428049:updateComponents:16362125:40250
161428049:propagateValuesOnChangeOnly:16402792:60833
161428049:updateInputs:16606458:417
161428049:updateComponents:16607292:39875
161428049:propagateValuesOnChangeOnly:16647583:91500
161428049:updateInputs:16891500:458
161428049:updateComponents:16892417:40500
161428049:propagateValuesOnChangeOnly:16933333:60875
161428049:updateInputs:17139292:375
161428049:updateComponents:17140125:40250
161428049:propagateValuesOnChangeOnly:17180792:69875
161428049:updateInputs:17392542:500
161428049:updateComponents:17393500:40125
161428049:propagateValuesOnChangeOnly:17434042:60750
161428049:updateInputs:17637250:417
161428049:updateComponents:17638083:40209
161428049:propagateValuesOnChangeOnly:17678750:78333
161428049:updateInputs:17899333:500
161428049:updateComponents:17900208:40209
161428049:propagateValuesOnChangeOnly:17940833:60042
161428049:updateInputs:18143917:458
161428049:updateComponents:18144792:39541
161428049:propagateValuesOnChangeOnly:18184833:69959
161428049:updateInputs:18399625:500
161428049:updateComponents:18400542:40208
161428049:propagateValuesOnChangeOnly:18441125:60750
161428049:updateInputs:18644125:417
161428049:updateComponents:18644917:39833
161428049:propagateValuesOnChangeOnly:18685042:106166
161428049:updateInputs:18933250:417
161428049:updateComponents:18934042:40166
161428049:propagateValuesOnChangeOnly:18974583:61917
161428049:updateInputs:19178833:417
161428049:updateComponents:19179667:40250
161428049:propagateValuesOnChangeOnly:19220208:69875
161428049:updateInputs:19433917:458
161428049:updateComponents:19434833:40167
161428049:propagateValuesOnChangeOnly:19475375:60750
161428049:updateInputs:19678625:417
161428049:updateComponents:19679375:39667
161428049:propagateValuesOnChangeOnly:19719417:79375
161428049:updateInputs:19941417:500
161428049:updateComponents:19942333:40292
161428049:propagateValuesOnChangeOnly:19983000:60792
161428049:updateInputs:20186083:417
161428049:updateComponents:20186833:39875
161428049:propagateValuesOnChangeOnly:20227083:72417
161428049:updateInputs:20442250:583
161428049:updateComponents:20443250:40000
161428049:propagateValuesOnChangeOnly:20483667:60625
161428049:updateInputs:20686833:417
161428049:updateComponents:20687667:40208
161428049:propagateValuesOnChangeOnly:20728250:88500
161428049:updateInputs:20959167:458
161428049:updateComponents:20960000:40042
161428049:propagateValuesOnChangeOnly:21000375:60000
161428049:updateInputs:21213625:458
161428049:updateComponents:21214500:39125
161428049:propagateValuesOnChangeOnly:21254042:69875
161428049:updateInputs:21466542:541
161428049:updateComponents:21467458:40250
161428049:propagateValuesOnChangeOnly:21508125:60833
161428049:updateInputs:21711542:416
161428049:updateComponents:21712333:39792
161428049:propagateValuesOnChangeOnly:21752500:79500
161428049:updateInputs:21974500:458
161428049:updateComponents:21975375:39875
161428049:propagateValuesOnChangeOnly:22015583:60792
161428049:updateInputs:22219750:417
161428049:updateComponents:22220625:40125
161428049:propagateValuesOnChangeOnly:22261125:72375
161428049:updateInputs:22475875:583
161428049:updateComponents:22476875:39208
161428049:propagateValuesOnChangeOnly:22516375:60792
161428049:updateInputs:22719375:417
161428049:updateComponents:22720208:40125
161428049:propagateValuesOnChangeOnly:22760708:98125
161428049:updateInputs:23000958:459
161428049:updateComponents:23001792:38791
161428049:propagateValuesOnChangeOnly:23040958:61917
161428049:updateInputs:23246417:416
161428049:updateComponents:23247250:40333
161428049:propagateValuesOnChangeOnly:23287958:69625
161428049:updateInputs:23500292:500
161428049:updateComponents:23501167:39041
161428049:propagateValuesOnChangeOnly:23540583:60792
161428049:updateInputs:23744792:416
161428049:updateComponents:23745667:39083
161428049:propagateValuesOnChangeOnly:23785125:79167
161428049:updateInputs:24036208:459
161428049:updateComponents:24037125:39083
161428049:propagateValuesOnChangeOnly:24076583:60959
161428049:updateInputs:24280208:417
161428049:updateComponents:24281042:40208
161428049:propagateValuesOnChangeOnly:24321542:70125
161428049:updateInputs:24534000:583
161428049:updateComponents:24535000:40208
161428049:propagateValuesOnChangeOnly:24575542:60708
161428049:updateInputs:24778500:417
161428049:updateComponents:24779333:40167
161428049:propagateValuesOnChangeOnly:24819875:88833
161428049:updateInputs:25050917:458
161428049:updateComponents:25051792:40000
161428049:propagateValuesOnChangeOnly:25092167:60666
161428049:updateInputs:25294917:458
161428049:updateComponents:25295792:40041
161428049:propagateValuesOnChangeOnly:25336167:69250
161428049:updateInputs:25547708:500
161428049:updateComponents:25548667:38541
161428049:propagateValuesOnChangeOnly:25587542:60625
161428049:updateInputs:25791583:459
161428049:updateComponents:25792417:39041
161428049:propagateValuesOnChangeOnly:25831792:79250
161428049:updateInputs:26053208:500
161428049:updateComponents:26054125:40042
161428049:propagateValuesOnChangeOnly:26094542:60875
161428049:updateInputs:26287792:375
161428049:updateComponents:26288583:35084
161428049:propagateValuesOnChangeOnly:26323958:60875
161428049:updateInputs:26508292:583
161428049:updateComponents:26509208:34542
161428049:propagateValuesOnChangeOnly:26544083:52459
161428049:updateInputs:26719708:375
161428049:updateComponents:26720458:34750
161428049:propagateValuesOnChangeOnly:26755500:102792
161428049:updateInputs:26981958:375
161428049:updateComponents:26982792:35250
161428049:propagateValuesOnChangeOnly:27018333:53709
161428049:updateInputs:27195917:375
161428049:updateComponents:27196667:34666
161428049:propagateValuesOnChangeOnly:27231667:59833
161428049:updateInputs:27415750:417
161428049:updateComponents:27416500:35083
161428049:propagateValuesOnChangeOnly:27451917:52750
161428049:updateInputs:27643667:1958
161428049:updateComponents:27648000:33250
161428049:propagateValuesOnChangeOnly:27681667:70708
161428049:updateInputs:27898875:542
161428049:updateComponents:27899875:35417
161428049:propagateValuesOnChangeOnly:27935667:52875
161428049:updateInputs:28112792:375
161428049:updateComponents:28113542:35208
161428049:propagateValuesOnChangeOnly:28149125:63542
161428049:updateInputs:28336875:542
161428049:updateComponents:28337750:34875
161428049:propagateValuesOnChangeOnly:28372958:52500
161428049:updateInputs:28549292:416
161428049:updateComponents:28550042:35041
161428049:propagateValuesOnChangeOnly:28585417:75291
161428049:updateInputs:28784667:416
161428049:updateComponents:28785458:34917
161428049:propagateValuesOnChangeOnly:28820667:52708
161428049:updateInputs:28997500:375
161428049:updateComponents:28998250:35125
161428049:propagateValuesOnChangeOnly:29033708:60500
161428049:updateInputs:29218208:417
161428049:updateComponents:29218958:34834
161428049:propagateValuesOnChangeOnly:29254167:52500
161428049:updateInputs:29430458:375
161428049:updateComponents:29431208:34917
161428049:propagateValuesOnChangeOnly:29466458:68625
161428049:updateInputs:29659458:417
161428049:updateComponents:29660208:35084
161428049:propagateValuesOnChangeOnly:29695583:52667
161428049:updateInputs:29872125:375
161428049:updateComponents:29872833:35084
161428049:propagateValuesOnChangeOnly:29908250:59917
161428049:updateInputs:30092250:500
161428049:updateComponents:30093083:34792
161428049:propagateValuesOnChangeOnly:30128167:55625
161428049:updateInputs:30307958:375
161428049:updateComponents:30308667:35083
161428049:propagateValuesOnChangeOnly:30344125:84375
161428049:updateInputs:30552042:416
161428049:updateComponents:30552792:34958
161428049:propagateValuesOnChangeOnly:30588083:54167
161428049:updateInputs:30766875:375
161428049:updateComponents:30767667:34250
161428049:propagateValuesOnChangeOnly:30802250:59875
161428049:updateInputs:30985917:416
161428049:updateComponents:30986708:34959
161428049:propagateValuesOnChangeOnly:31021958:52917
161428049:updateInputs:31198083:375
161428049:updateComponents:31198792:33875
161428049:propagateValuesOnChangeOnly:31257792:69208
161428049:updateInputs:31451083:459
161428049:updateComponents:31451875:34792
161428049:propagateValuesOnChangeOnly:31486958:52584
161428049:updateInputs:31663375:375
161428049:updateComponents:31664125:35000
161428049:propagateValuesOnChangeOnly:31699458:60792
161428049:updateInputs:31883625:500
161428049:updateComponents:31884500:33792
161428049:propagateValuesOnChangeOnly:31918583:52834
161428049:updateInputs:32095833:292
161428049:updateComponents:32096458:34917
161428049:propagateValuesOnChangeOnly:32131708:77375
161428049:updateInputs:32332542:458
161428049:updateComponents:32333333:35125
161428049:propagateValuesOnChangeOnly:32368750:52833
161428049:updateInputs:32544708:375
161428049:updateComponents:32545375:34792
161428049:propagateValuesOnChangeOnly:32580458:75875
161428049:updateInputs:32780125:375
161428049:updateComponents:32780833:35167
161428049:propagateValuesOnChangeOnly:32816333:52834
161428049:updateInputs:32992750:417
161428049:updateComponents:32993542:35125
161428049:propagateValuesOnChangeOnly:33029042:68750
161428049:updateInputs:33221250:417
161428049:updateComponents:33222042:35000
161428049:propagateValuesOnChangeOnly:33257333:52959
161428049:updateInputs:33434958:375
161428049:updateComponents:33435708:34750
161428049:propagateValuesOnChangeOnly:33470750:60708
161428049:updateInputs:33657750:542
161428049:updateComponents:33658583:34834
161428049:propagateValuesOnChangeOnly:33693750:52958
161428049:updateInputs:33870083:292
161428049:updateComponents:33870750:35000
161428049:propagateValuesOnChangeOnly:33906042:96291
161428049:updateInputs:34126083:375
161428049:updateComponents:34126833:34917
161428049:propagateValuesOnChangeOnly:34162083:53542
161428049:updateInputs:34339125:417
161428049:updateComponents:34339917:34791
161428049:propagateValuesOnChangeOnly:34375083:60750
161428049:updateInputs:34559583:459
161428049:updateComponents:34560333:35084
161428049:propagateValuesOnChangeOnly:34595750:52750
161428049:updateInputs:34773000:375
161428049:updateComponents:34773708:35167
161428049:propagateValuesOnChangeOnly:34809167:69041
161428049:updateInputs:35002583:417
161428049:updateComponents:35003333:34834
161428049:propagateValuesOnChangeOnly:35038500:52167
161428049:updateInputs:35214583:375
161428049:updateComponents:35215333:34750
161428049:propagateValuesOnChangeOnly:35250375:60792
161428049:updateInputs:35435042:500
161428049:updateComponents:35435917:35208
161428049:propagateValuesOnChangeOnly:35471417:52916
161428049:updateInputs:35649375:375
161428049:updateComponents:35650042:34041
161428049:propagateValuesOnChangeOnly:35684375:76917
161428049:updateInputs:35884833:417
161428049:updateComponents:35885583:34792
161428049:propagateValuesOnChangeOnly:35920667:52666
161428049:updateInputs:36098375:250
161428049:updateComponents:36098958:30917
161428049:propagateValuesOnChangeOnly:36130167:53625
161428049:updateInputs:36332792:458
161428049:updateComponents:36333583:30792
161428049:propagateValuesOnChangeOnly:36364708:46834
161428049:updateInputs:36520333:375
161428049:updateComponents:36521042:31125
161428049:propagateValuesOnChangeOnly:36552500:60792
161428049:updateInputs:36723000:333
161428049:updateComponents:36725417:31041
161428049:propagateValuesOnChangeOnly:36756792:46750
161428049:updateInputs:36913583:375
161428049:updateComponents:36914292:30666
161428049:propagateValuesOnChangeOnly:36945208:53750
161428049:updateInputs:37108750:458
161428049:updateComponents:37109542:29833
161428049:propagateValuesOnChangeOnly:37139708:46667
161428049:updateInputs:37295875:333
161428049:updateComponents:37296500:29708
161428049:propagateValuesOnChangeOnly:37326458:75167
161428049:updateInputs:37510667:375
161428049:updateComponents:37511333:31042
161428049:propagateValuesOnChangeOnly:37542625:46875
161428049:updateInputs:37703500:333
161428049:updateComponents:37704125:31125
161428049:propagateValuesOnChangeOnly:37735500:53792
161428049:updateInputs:37899417:416
161428049:updateComponents:37900125:30833
161428049:propagateValuesOnChangeOnly:37931250:46708
161428049:updateInputs:38090083:292
161428049:updateComponents:38090750:31000
161428049:propagateValuesOnChangeOnly:38122000:60833
161428049:updateInputs:38292042:375
161428049:updateComponents:38292750:31125
161428049:propagateValuesOnChangeOnly:38324125:46625
161428049:updateInputs:38480167:333
161428049:updateComponents:38480833:31125
161428049:propagateValuesOnChangeOnly:38512250:53833
161428049:updateInputs:38675083:459
161428049:updateComponents:38675833:30667
161428049:propagateValuesOnChangeOnly:38706833:46667
161428049:updateInputs:38862500:333
161428049:updateComponents:38863167:30958
161428049:propagateValuesOnChangeOnly:38894417:68041
161428049:updateInputs:39072292:375
161428049:updateComponents:39072958:29875
161428049:propagateValuesOnChangeOnly:39103083:46625
161428049:updateInputs:39259625:333
161428049:updateComponents:39260292:30958
161428049:propagateValuesOnChangeOnly:39291542:53625
161428049:updateInputs:39454417:375
161428049:updateComponents:39455125:31000
161428049:propagateValuesOnChangeOnly:39486375:46667
161428049:updateInputs:39643208:334
161428049:updateComponents:39643875:30750
161428049:propagateValuesOnChangeOnly:39674917:60833
161428049:updateInputs:39844583:375
161428049:updateComponents:39845250:31042
161428049:propagateValuesOnChangeOnly:39876583:46584
161428049:updateInputs:40033250:292
161428049:updateComponents:40033792:30041
161428049:propagateValuesOnChangeOnly:40064125:53708
161428049:updateInputs:40227042:500
161428049:updateComponents:40227875:30792
161428049:propagateValuesOnChangeOnly:40258958:46584
161428049:updateInputs:40414875:333
161428049:updateComponents:40415500:30625
161428049:propagateValuesOnChangeOnly:40446417:95458
161428049:updateInputs:40650250:375
161428049:updateComponents:40650917:30916
161428049:propagateValuesOnChangeOnly:40682125:47542
161428049:updateInputs:40839583:375
161428049:updateComponents:40840250:30667
161428049:propagateValuesOnChangeOnly:40871250:53625
161428049:updateInputs:41034208:417
161428049:updateComponents:41034958:30875
161428049:propagateValuesOnChangeOnly:41066125:46333
161428049:updateInputs:41221458:334
161428049:updateComponents:41222083:30792
161428049:propagateValuesOnChangeOnly:41253125:61042
161428049:updateInputs:41423583:375
161428049:updateComponents:41424208:30750
161428049:propagateValuesOnChangeOnly:41455250:46708
161428049:updateInputs:41611375:333
161428049:updateComponents:41612000:30792
161428049:propagateValuesOnChangeOnly:41643083:53667
161428049:updateInputs:41806000:417
161428049:updateComponents:41806750:30708
161428049:propagateValuesOnChangeOnly:41837750:46708
161428049:updateInputs:41994292:291
161428049:updateComponents:41994875:30875
161428049:propagateValuesOnChangeOnly:42026042:66833
161428049:updateInputs:42202208:334
161428049:updateComponents:42202833:31042
161428049:propagateValuesOnChangeOnly:42234167:46791
161428049:updateInputs:42390083:334
161428049:updateComponents:42390750:30833
161428049:propagateValuesOnChangeOnly:42421875:52917
161428049:updateInputs:42585250:375
161428049:updateComponents:42585958:30625
161428049:propagateValuesOnChangeOnly:42616875:46583
161428049:updateInputs:42773792:333
161428049:updateComponents:42774458:30917
161428049:propagateValuesOnChangeOnly:42805667:60916
161428049:updateInputs:42975750:292
161428049:updateComponents:42976333:30792
161428049:propagateValuesOnChangeOnly:43007375:46708
161428049:updateInputs:43163583:334
161428049:updateComponents:43164208:30917
161428049:propagateValuesOnChangeOnly:43195417:53791
161428049:updateInputs:43359500:500
161428049:updateComponents:43360292:30833
161428049:propagateValuesOnChangeOnly:43391375:46833
161428049:updateInputs:43548250:333
161428049:updateComponents:43548875:30125
161428049:propagateValuesOnChangeOnly:43579250:73917
161428049:updateInputs:43762708:375
161428049:updateComponents:43763375:30917
161428049:propagateValuesOnChangeOnly:43794625:47542
161428049:updateInputs:43951167:375
161428049:updateComponents:43951833:30709
161428049:propagateValuesOnChangeOnly:43982792:53833
161428049:updateInputs:44145708:375
161428049:updateComponents:44146417:31041
161428049:propagateValuesOnChangeOnly:44177750:46167
161428049:updateInputs:44336708:250
161428049:updateComponents:44337292:31041
161428049:propagateValuesOnChangeOnly:44368583:60959
161428049:updateInputs:44539750:375
161428049:updateComponents:44540375:30875
161428049:propagateValuesOnChangeOnly:44571542:46750
161428049:updateInputs:44727708:334
161428049:updateComponents:44728292:30208
161428049:propagateValuesOnChangeOnly:44758792:52583
161428049:updateInputs:44920667:416
161428049:updateComponents:44921417:29916
161428049:propagateValuesOnChangeOnly:44951625:45708
161428049:updateInputs:45107000:333
161428049:updateComponents:45107667:30750
161428049:propagateValuesOnChangeOnly:45138708:68084
161428049:updateInputs:45316625:375
161428049:updateComponents:45317333:30959
161428049:propagateValuesOnChangeOnly:45348542:46666
161428049:updateInputs:45505167:333
161428049:updateComponents:45505792:31083
161428049:propagateValuesOnChangeOnly:45537125:53500
161428049:updateInputs:45700083:417
161428049:updateComponents:45700833:31000
161428049:propagateValuesOnChangeOnly:45732125:46750
161428049:updateInputs:45888542:375
161428049:updateComponents:45889250:31000
161428049:propagateValuesOnChangeOnly:45920542:61291
161428049:updateInputs:46081125:250
161428049:updateComponents:46081667:27500
161428049:propagateValuesOnChangeOnly:46109417:41750
161428049:updateInputs:46249458:292
161428049:updateComponents:46250000:27833
161428049:propagateValuesOnChangeOnly:46278083:48250
161428049:updateInputs:46424250:417
161428049:updateComponents:46424917:27833
161428049:propagateValuesOnChangeOnly:46453000:41750
161428049:updateInputs:46593417:291
161428049:updateComponents:46594000:27667
161428049:propagateValuesOnChangeOnly:46621958:72209
161428049:updateInputs:46792292:291
161428049:updateComponents:46792875:27792
161428049:propagateValuesOnChangeOnly:46820958:42542
161428049:updateInputs:46961042:291
161428049:updateComponents:46961625:27542
161428049:propagateValuesOnChangeOnly:46989417:48166
161428049:updateInputs:47135917:333
161428049:updateComponents:47136542:27666
161428049:propagateValuesOnChangeOnly:47164500:41833
161428049:updateInputs:47305333:292
161428049:updateComponents:47305875:27583
161428049:propagateValuesOnChangeOnly:47333708:54250
161428049:updateInputs:47485458:334
161428049:updateComponents:47486083:26792
161428049:propagateValuesOnChangeOnly:47513125:41792
161428049:updateInputs:47657458:334
161428049:updateComponents:47658083:26917
161428049:propagateValuesOnChangeOnly:47685250:48000
161428049:updateInputs:47831208:375
161428049:updateComponents:47831875:27833
161428049:propagateValuesOnChangeOnly:47860000:41750
161428049:updateInputs:48001875:250
161428049:updateComponents:48002417:27666
161428049:propagateValuesOnChangeOnly:48030333:59875
161428049:updateInputs:48188208:334
161428049:updateComponents:48188833:27750
161428049:propagateValuesOnChangeOnly:48216833:41709
161428049:updateInputs:48390333:334
161428049:updateComponents:48390958:27542
161428049:propagateValuesOnChangeOnly:48418792:48291
161428049:updateInputs:48565417:375
161428049:updateComponents:48566042:27458
161428049:propagateValuesOnChangeOnly:48593750:41250
161428049:updateInputs:48733167:291
161428049:updateComponents:48733750:26708
161428049:propagateValuesOnChangeOnly:48760708:53542
161428049:updateInputs:48911958:334
161428049:updateComponents:48912583:27792
161428049:propagateValuesOnChangeOnly:48940625:41875
161428049:updateInputs:49081083:334
161428049:updateComponents:49081667:27750
161428049:propagateValuesOnChangeOnly:49109667:47541
161428049:updateInputs:49255458:417
161428049:updateComponents:49256167:27000
161428049:propagateValuesOnChangeOnly:49283375:41792
161428049:updateInputs:49422750:333
161428049:updateComponents:49423333:27667
161428049:propagateValuesOnChangeOnly:49451250:67625
161428049:updateInputs:49616500:333
161428049:updateComponents:49617125:27458
161428049:propagateValuesOnChangeOnly:49644833:42500
161428049:updateInputs:49786208:292
161428049:updateComponents:49786792:27583
161428049:propagateValuesOnChangeOnly:49814667:48166
161428049:updateInputs:49963833:292
161428049:updateComponents:49964458:26667
161428049:propagateValuesOnChangeOnly:49991375:41708
161428049:updateInputs:50131625:292
161428049:updateComponents:50132208:27667
161428049:propagateValuesOnChangeOnly:50160125:54458
161428049:updateInputs:50312417:333
161428049:updateComponents:50313042:27500
161428049:propagateValuesOnChangeOnly:50340792:41666
161428049:updateInputs:50480792:291
161428049:updateComponents:50481375:26792
161428049:propagateValuesOnChangeOnly:50508417:48166
161428049:updateInputs:50654000:375
161428049:updateComponents:50654667:27416
161428049:propagateValuesOnChangeOnly:50682375:41250
161428049:updateInputs:50821542:291
161428049:updateComponents:50822125:27792
161428049:propagateValuesOnChangeOnly:50850208:60959
161428049:updateInputs:51009792:333
161428049:updateComponents:51010417:27833
161428049:propagateValuesOnChangeOnly:51038458:41875
161428049:updateInputs:51177833:292
161428049:updateComponents:51178375:27833
161428049:propagateValuesOnChangeOnly:51206458:47417
161428049:updateInputs:51352500:375
161428049:updateComponents:51353167:27708
161428049:propagateValuesOnChangeOnly:51381125:41917
161428049:updateInputs:51520917:333
161428049:updateComponents:51521500:27625
161428049:propagateValuesOnChangeOnly:51549375:54375
161428049:updateInputs:51701750:333
161428049:updateComponents:51702375:27667
161428049:propagateValuesOnChangeOnly:51730292:41833
161428049:updateInputs:51870500:292
161428049:updateComponents:51871083:27917
161428049:propagateValuesOnChangeOnly:51899250:48000
161428049:updateInputs:52044875:417
161428049:updateComponents:52045583:27500
161428049:propagateValuesOnChangeOnly:52073292:41750
161428049:updateInputs:52213458:334
161428049:updateComponents:52214083:27750
161428049:propagateValuesOnChangeOnly:52242042:78666
161428049:updateInputs:52418708:334
161428049:updateComponents:52419333:27792
161428049:propagateValuesOnChangeOnly:52447375:42583
161428049:updateInputs:52587500:292
161428049:updateComponents:52588042:27666
161428049:propagateValuesOnChangeOnly:52616000:47292
161428049:updateInputs:52760958:334
161428049:updateComponents:52761583:27667
161428049:propagateValuesOnChangeOnly:52789500:41875
161428049:updateInputs:52930083:292
161428049:updateComponents:52930625:27458
161428049:propagateValuesOnChangeOnly:52958333:54542
161428049:updateInputs:53110625:292
161428049:updateComponents:53111208:27709
161428049:propagateValuesOnChangeOnly:53139125:41750
161428049:updateInputs:53278583:292
161428049:updateComponents:53279167:26708
161428049:propagateValuesOnChangeOnly:53306083:48000
161428049:updateInputs:53452875:375
161428049:updateComponents:53453542:27708
161428049:propagateValuesOnChangeOnly:53481458:41834
161428049:updateInputs:53622125:292
161428049:updateComponents:53622708:27417
161428049:propagateValuesOnChangeOnly:53650375:60833
161428049:updateInputs:53808875:333
161428049:updateComponents:53809500:27750
161428049:propagateValuesOnChangeOnly:53837542:41541
161428049:updateInputs:53973625:250
161428049:updateComponents:53974167:25375
161428049:propagateValuesOnChangeOnly:53999750:43583
161428049:updateInputs:54133625:333
161428049:updateComponents:54134250:25208
161428049:propagateValuesOnChangeOnly:54159708:38375
161428049:updateInputs:54287458:250
161428049:updateComponents:54288000:25333
161428049:propagateValuesOnChangeOnly:54313542:49791
161428049:updateInputs:54452833:292
161428049:updateComponents:54453417:25375
161428049:propagateValuesOnChangeOnly:54479042:38416
161428049:updateInputs:54607125:250
161428049:updateComponents:54607667:25375
161428049:propagateValuesOnChangeOnly:54633292:43958
161428049:updateInputs:54767250:417
161428049:updateComponents:54767917:25166
161428049:propagateValuesOnChangeOnly:54793292:38250
161428049:updateInputs:54921500:292
161428049:updateComponents:54922042:24333
161428049:propagateValuesOnChangeOnly:54946625:61458
161428049:updateInputs:55097500:292
161428049:updateComponents:55098042:25333
161428049:propagateValuesOnChangeOnly:55123625:39208
161428049:updateInputs:55252125:250
161428049:updateComponents:55252625:25167
161428049:propagateValuesOnChangeOnly:55278042:44000
161428049:updateInputs:55411750:333
161428049:updateComponents:55412333:25209
161428049:propagateValuesOnChangeOnly:55437792:38166
161428049:updateInputs:55566208:292
161428049:updateComponents:55566708:25125
161428049:propagateValuesOnChangeOnly:55592042:49333
161428049:updateInputs:55730625:292
161428049:updateComponents:55731167:25333
161428049:propagateValuesOnChangeOnly:55756750:38417
161428049:updateInputs:55884750:208
161428049:updateComponents:55885250:25167
161428049:propagateValuesOnChangeOnly:55910625:44000
161428049:updateInputs:56062250:375
161428049:updateComponents:56062917:25416
161428049:propagateValuesOnChangeOnly:56088542:38375
161428049:updateInputs:56216292:291
161428049:updateComponents:56216833:25084
161428049:propagateValuesOnChangeOnly:56242125:55583
161428049:updateInputs:56388125:292
161428049:updateComponents:56388667:25166
161428049:propagateValuesOnChangeOnly:56414042:38333
161428049:updateInputs:56541833:292
161428049:updateComponents:56542375:25208
161428049:propagateValuesOnChangeOnly:56567833:44000
161428049:updateInputs:56701833:292
161428049:updateComponents:56702375:25167
161428049:propagateValuesOnChangeOnly:56727792:37666
161428049:updateInputs:56855042:291
161428049:updateComponents:56855583:25209
161428049:propagateValuesOnChangeOnly:56881000:49958
161428049:updateInputs:57020417:291
161428049:updateComponents:57020958:25084
161428049:propagateValuesOnChangeOnly:57046250:37708
161428049:updateInputs:57173875:250
161428049:updateComponents:57174417:25375
161428049:propagateValuesOnChangeOnly:57200000:44000
161428049:updateInputs:57333208:417
161428049:updateComponents:57333833:25084
161428049:propagateValuesOnChangeOnly:57359167:38083
161428049:updateInputs:57487167:291
161428049:updateComponents:57487708:25209
161428049:propagateValuesOnChangeOnly:57513125:66750
161428049:updateInputs:57670292:291
161428049:updateComponents:57670875:25500
161428049:propagateValuesOnChangeOnly:57696583:39125
161428049:updateInputs:57825167:250
161428049:updateComponents:57825625:25417
161428049:propagateValuesOnChangeOnly:57852833:44209
161428049:updateInputs:57986917:291
161428049:updateComponents:57987458:25417
161428049:propagateValuesOnChangeOnly:58013083:38292
161428049:updateInputs:58140792:291
161428049:updateComponents:58141292:25208
161428049:propagateValuesOnChangeOnly:58166750:50042
161428049:updateInputs:58306417:291
161428049:updateComponents:58306958:25459
161428049:propagateValuesOnChangeOnly:58332667:38208
161428049:updateInputs:58460708:209
161428049:updateComponents:58461208:24750
161428049:propagateValuesOnChangeOnly:58486167:44000
161428049:updateInputs:58620208:334
161428049:updateComponents:58620750:25250
161428049:propagateValuesOnChangeOnly:58646250:38417
161428049:updateInputs:58774333:250
161428049:updateComponents:58774833:25459
161428049:propagateValuesOnChangeOnly:58800500:55833
161428049:updateInputs:58946875:250
161428049:updateComponents:58947375:24667
161428049:propagateValuesOnChangeOnly:58972292:38166
161428049:updateInputs:59100042:250
161428049:updateComponents:59100542:25375
161428049:propagateValuesOnChangeOnly:59126125:43917
161428049:updateInputs:59270250:292
161428049:updateComponents:59270792:25333
161428049:propagateValuesOnChangeOnly:59296375:38292
161428049:updateInputs:59424125:250
161428049:updateComponents:59424625:25167
161428049:propagateValuesOnChangeOnly:59450000:49750
161428049:updateInputs:59589000:250
161428049:updateComponents:59589500:25417
161428049:propagateValuesOnChangeOnly:59615167:38375
161428049:updateInputs:59743750:292
161428049:updateComponents:59744292:25416
161428049:propagateValuesOnChangeOnly:59769958:43209
161428049:updateInputs:59902625:375
161428049:updateComponents:59903250:24583
161428049:propagateValuesOnChangeOnly:59928083:38167
161428049:updateInputs:60055917:291
161428049:updateComponents:60056458:25125
161428049:propagateValuesOnChangeOnly:60081792:61166
161428049:updateInputs:60232667:291
161428049:updateComponents:60233208:25500
161428049:propagateValuesOnChangeOnly:60258958:38959
161428049:updateInputs:60387250:292
161428049:updateComponents:60387792:25166
161428049:propagateValuesOnChangeOnly:60413208:43959
161428049:updateInputs:60547250:333
161428049:updateComponents:60547833:25292
161428049:propagateValuesOnChangeOnly:60573375:38208
161428049:updateInputs:60702042:250
161428049:updateComponents:60702542:25125
161428049:propagateValuesOnChangeOnly:60727917:49708
161428049:updateInputs:60866792:291
161428049:updateComponents:60867333:25417
161428049:propagateValuesOnChangeOnly:60893000:38167
161428049:updateInputs:61021125:250
161428049:updateComponents:61021625:25167
161428049:propagateValuesOnChangeOnly:61047042:43958
161428049:updateInputs:61180625:333
161428049:updateComponents:61181208:25250
161428049:propagateValuesOnChangeOnly:61206667:38291
161428049:updateInputs:61334708:250
161428049:updateComponents:61335208:25417
161428049:propagateValuesOnChangeOnly:61360833:54542
161428049:updateInputs:61504625:292
161428049:updateComponents:61505167:25416
161428049:propagateValuesOnChangeOnly:61530833:38125
161428049:updateInputs:61658375:292
161428049:updateComponents:61658917:25083
161428049:propagateValuesOnChangeOnly:61684208:43209
161428049:updateInputs:61816958:209
161428049:updateComponents:61817417:23208
161428049:propagateValuesOnChangeOnly:61840875:35250
161428049:updateInputs:61958958:250
161428049:updateComponents:61959458:23250
161428049:propagateValuesOnChangeOnly:61982875:46000
161428049:updateInputs:62111458:250
161428049:updateComponents:62111958:23334
161428049:propagateValuesOnChangeOnly:62135500:35292
161428049:updateInputs:62253000:250
161428049:updateComponents:62253500:23125
161428049:propagateValuesOnChangeOnly:62276833:40459
161428049:updateInputs:62399417:375
161428049:updateComponents:62400042:23291
161428049:propagateValuesOnChangeOnly:62423625:35125
161428049:updateInputs:62541875:250
161428049:updateComponents:62542375:23167
161428049:propagateValuesOnChangeOnly:62565750:73083
161428049:updateInputs:62721750:250
161428049:updateComponents:62722292:23458
161428049:propagateValuesOnChangeOnly:62745958:35750
161428049:Run loop:9568250:53295708
161428049:main:1458:63545334
