Title: 8-bit ripple adder test
1861863668:updateInputs:146541:334
1861863668:updateComponents:153250:1083
1861863668:Init circuit:82000:81583
1861863668:updateInputs:163708:292
1861863668:updateComponents:164041:875
1861863668:propagateValuesOnChangeOnly:165041:1834
1861863668:updateInputs:173625:333
1861863668:updateComponents:174000:791
1861863668:propagateValuesOnChangeOnly:174833:1708
1861863668:updateInputs:183500:291
1861863668:updateComponents:183833:750
1861863668:propagateValuesOnChangeOnly:184666:1667
1861863668:updateInputs:192916:292
1861863668:updateComponents:193250:708
1861863668:propagateValuesOnChangeOnly:194000:1666
1861863668:updateInputs:202250:291
1861863668:updateComponents:202541:792
1861863668:propagateValuesOnChangeOnly:203541:1667
1861863668:updateInputs:211791:250
1861863668:updateComponents:212083:750
1861863668:propagateValuesOnChangeOnly:212875:1666
1861863668:updateInputs:221083:292
1861863668:updateComponents:221416:750
1861863668:propagateValuesOnChangeOnly:222208:1625
1861863668:updateInputs:230750:250
1861863668:updateComponents:231041:792
1861863668:propagateValuesOnChangeOnly:231833:1667
1861863668:updateInputs:240125:291
1861863668:updateComponents:240458:708
1861863668:propagateValuesOnChangeOnly:241208:1625
1861863668:updateInputs:249458:292
1861863668:updateComponents:249750:750
1861863668:propagateValuesOnChangeOnly:250541:1625
1861863668:updateInputs:259083:250
1861863668:updateComponents:259375:750
1861863668:propagateValuesOnChangeOnly:260125:1666
1861863668:updateInputs:268458:250
1861863668:updateComponents:268750:750
1861863668:propagateValuesOnChangeOnly:269541:1542
1861863668:updateInputs:277625:291
1861863668:updateComponents:277958:750
1861863668:propagateValuesOnChangeOnly:278708:1667
1861863668:updateInputs:287000:250
1861863668:updateComponents:287291:750
1861863668:propagateValuesOnChangeOnly:288083:1625
1861863668:updateInputs:296333:292
1861863668:updateComponents:296666:792
1861863668:propagateValuesOnChangeOnly:297458:1583
1861863668:Run loop:163708:141958
1861863668:main:541:327000
