Title:Bit-stream signal test
2336116939:updateInputs:215583:417
2336116939:updateComponents:242583:417
2336116939:Init circuit:209916:48667
2336116939:updateInputs:260166:167
2336116939:updateComponents:260958:208
2336116939:propagateValuesOnChangeOnly:263083:417
2336116939:updateInputs:264333:167
2336116939:updateComponents:265083:167
2336116939:propagateValuesOnChangeOnly:265833:167
2336116939:updateInputs:268166:209
2336116939:updateComponents:268916:167
2336116939:propagateValuesOnChangeOnly:269625:208
2336116939:updateInputs:270416:125
2336116939:updateComponents:271000:166
2336116939:propagateValuesOnChangeOnly:271625:208
2336116939:updateInputs:272333:125
2336116939:updateComponents:272916:209
2336116939:propagateValuesOnChangeOnly:276416:209
2336116939:updateInputs:280708:167
2336116939:updateComponents:281375:208
2336116939:propagateValuesOnChangeOnly:282041:167
2336116939:updateInputs:282875:166
2336116939:updateComponents:283500:166
2336116939:propagateValuesOnChangeOnly:284041:167
2336116939:updateInputs:284708:167
2336116939:updateComponents:285291:167
2336116939:propagateValuesOnChangeOnly:285875:125
2336116939:updateInputs:286625:83
2336116939:updateComponents:287125:125
2336116939:propagateValuesOnChangeOnly:287666:167
2336116939:updateInputs:288333:125
2336116939:updateComponents:288875:125
2336116939:propagateValuesOnChangeOnly:289416:125
2336116939:updateInputs:297125:166
2336116939:updateComponents:297750:166
2336116939:propagateValuesOnChangeOnly:298375:166
2336116939:updateInputs:299083:83
2336116939:updateComponents:299583:167
2336116939:propagateValuesOnChangeOnly:300166:125
2336116939:updateInputs:300875:125
2336116939:updateComponents:301416:167
2336116939:propagateValuesOnChangeOnly:302041:125
2336116939:updateInputs:302708:125
2336116939:updateComponents:303291:167
2336116939:propagateValuesOnChangeOnly:303916:167
2336116939:updateInputs:304625:166
2336116939:updateComponents:305208:125
2336116939:propagateValuesOnChangeOnly:305791:167
2336116939:updateInputs:308833:125
2336116939:updateComponents:309458:125
2336116939:propagateValuesOnChangeOnly:310083:125
2336116939:updateInputs:310833:125
2336116939:updateComponents:311416:125
2336116939:propagateValuesOnChangeOnly:312000:166
2336116939:updateInputs:312708:125
2336116939:updateComponents:313250:125
2336116939:propagateValuesOnChangeOnly:313833:167
2336116939:updateInputs:314541:125
2336116939:updateComponents:315166:167
2336116939:propagateValuesOnChangeOnly:315791:125
2336116939:updateInputs:316416:167
2336116939:updateComponents:317041:167
2336116939:propagateValuesOnChangeOnly:317625:166
2336116939:updateInputs:320708:208
2336116939:updateComponents:321375:125
2336116939:propagateValuesOnChangeOnly:329833:208
2336116939:updateInputs:330666:209
2336116939:updateComponents:331375:208
2336116939:propagateValuesOnChangeOnly:332000:208
2336116939:updateInputs:332708:167
2336116939:updateComponents:333333:167
2336116939:propagateValuesOnChangeOnly:333958:208
2336116939:updateInputs:334708:125
2336116939:updateComponents:335291:125
2336116939:propagateValuesOnChangeOnly:335875:166
2336116939:updateInputs:336541:125
2336116939:updateComponents:337125:125
2336116939:propagateValuesOnChangeOnly:337791:125
2336116939:updateInputs:340708:125
2336116939:updateComponents:341375:166
2336116939:propagateValuesOnChangeOnly:342041:167
2336116939:updateInputs:342750:166
2336116939:updateComponents:343416:125
2336116939:propagateValuesOnChangeOnly:343958:208
2336116939:updateInputs:344708:167
2336116939:updateComponents:345291:125
2336116939:propagateValuesOnChangeOnly:345875:166
2336116939:updateInputs:346541:125
2336116939:updateComponents:347125:166
2336116939:propagateValuesOnChangeOnly:347708:208
2336116939:updateInputs:348458:125
2336116939:updateComponents:349041:125
2336116939:propagateValuesOnChangeOnly:349583:125
2336116939:updateInputs:352375:166
2336116939:updateComponents:352958:167
2336116939:propagateValuesOnChangeOnly:353583:125
2336116939:updateInputs:354250:125
2336116939:updateComponents:354833:167
2336116939:propagateValuesOnChangeOnly:355416:167
2336116939:updateInputs:356125:125
2336116939:updateComponents:356708:167
2336116939:propagateValuesOnChangeOnly:357291:167
2336116939:updateInputs:358000:125
2336116939:updateComponents:358583:125
2336116939:propagateValuesOnChangeOnly:359125:166
2336116939:updateInputs:359791:84
2336116939:updateComponents:360333:125
2336116939:propagateValuesOnChangeOnly:360916:167
2336116939:updateInputs:363833:208
2336116939:updateComponents:364458:208
2336116939:propagateValuesOnChangeOnly:365083:167
2336116939:updateInputs:365791:209
2336116939:updateComponents:366458:167
2336116939:propagateValuesOnChangeOnly:367041:167
2336116939:updateInputs:367666:125
2336116939:updateComponents:368250:166
2336116939:propagateValuesOnChangeOnly:368875:166
2336116939:updateInputs:369541:125
2336116939:updateComponents:370125:166
2336116939:propagateValuesOnChangeOnly:370708:125
2336116939:updateInputs:371375:125
2336116939:updateComponents:371916:125
2336116939:propagateValuesOnChangeOnly:372458:167
2336116939:updateInputs:375916:167
2336116939:updateComponents:376541:167
2336116939:propagateValuesOnChangeOnly:377208:125
2336116939:updateInputs:377958:167
2336116939:updateComponents:378583:167
2336116939:propagateValuesOnChangeOnly:379208:125
2336116939:updateInputs:398000:166
2336116939:updateComponents:398708:167
2336116939:propagateValuesOnChangeOnly:399333:167
2336116939:updateInputs:400125:125
2336116939:updateComponents:400666:167
2336116939:propagateValuesOnChangeOnly:401250:166
2336116939:updateInputs:401958:125
2336116939:updateComponents:402583:167
2336116939:propagateValuesOnChangeOnly:403125:125
2336116939:updateInputs:406166:125
2336116939:updateComponents:406750:125
2336116939:propagateValuesOnChangeOnly:407333:125
2336116939:updateInputs:408000:125
2336116939:updateComponents:408583:125
2336116939:propagateValuesOnChangeOnly:409166:167
2336116939:updateInputs:409875:125
2336116939:updateComponents:410416:167
2336116939:propagateValuesOnChangeOnly:410958:167
2336116939:updateInputs:411666:125
2336116939:updateComponents:412208:125
2336116939:propagateValuesOnChangeOnly:412791:209
2336116939:updateInputs:413458:208
2336116939:updateComponents:414083:167
2336116939:propagateValuesOnChangeOnly:414666:209
2336116939:updateInputs:417583:125
2336116939:updateComponents:418125:166
2336116939:propagateValuesOnChangeOnly:418708:167
2336116939:updateInputs:419375:166
2336116939:updateComponents:419958:167
2336116939:propagateValuesOnChangeOnly:420583:208
2336116939:updateInputs:421291:125
2336116939:updateComponents:421875:166
2336116939:propagateValuesOnChangeOnly:422500:166
2336116939:updateInputs:423166:125
2336116939:updateComponents:423750:125
2336116939:propagateValuesOnChangeOnly:424291:209
2336116939:updateInputs:425000:125
2336116939:updateComponents:425541:125
2336116939:propagateValuesOnChangeOnly:426083:167
2336116939:updateInputs:428875:125
2336116939:updateComponents:429416:125
2336116939:propagateValuesOnChangeOnly:429958:208
2336116939:updateInputs:430708:125
2336116939:updateComponents:431291:125
2336116939:propagateValuesOnChangeOnly:431791:167
2336116939:updateInputs:432416:125
2336116939:updateComponents:432958:167
2336116939:propagateValuesOnChangeOnly:433541:167
2336116939:updateInputs:434208:167
2336116939:updateComponents:434791:167
2336116939:propagateValuesOnChangeOnly:435500:125
2336116939:updateInputs:436125:125
2336116939:updateComponents:436708:125
2336116939:propagateValuesOnChangeOnly:437250:208
2336116939:updateInputs:440125:125
2336116939:updateComponents:440708:125
2336116939:propagateValuesOnChangeOnly:441250:208
2336116939:updateInputs:441916:125
2336116939:updateComponents:442500:125
2336116939:propagateValuesOnChangeOnly:443041:167
2336116939:updateInputs:443708:125
2336116939:updateComponents:444333:125
2336116939:propagateValuesOnChangeOnly:444875:208
2336116939:updateInputs:445583:125
2336116939:updateComponents:446166:125
2336116939:propagateValuesOnChangeOnly:446666:125
2336116939:updateInputs:447291:167
2336116939:updateComponents:447875:166
2336116939:propagateValuesOnChangeOnly:448458:125
2336116939:updateInputs:451250:125
2336116939:updateComponents:451833:167
2336116939:propagateValuesOnChangeOnly:452375:166
2336116939:updateInputs:453000:125
2336116939:updateComponents:453583:125
2336116939:propagateValuesOnChangeOnly:454125:125
2336116939:updateInputs:454750:125
2336116939:updateComponents:455333:125
2336116939:propagateValuesOnChangeOnly:455875:166
2336116939:updateInputs:456500:125
2336116939:updateComponents:457083:125
2336116939:propagateValuesOnChangeOnly:457625:125
2336116939:Run loop:260125:198125
2336116939:main:1375:486416
