Title: 8-bit ripple adder test
3380240367:updateInputs:62500:83
3380240367:updateComponents:70791:500
3380240367:Init circuit:42000:34166
3380240367:updateInputs:76291:84
3380240367:updateComponents:76416:334
3380240367:propagateValuesOnChangeOnly:76916:792
3380240367:updateInputs:81208:83
3380240367:updateComponents:81333:250
3380240367:propagateValuesOnChangeOnly:81625:708
3380240367:updateInputs:86041:42
3380240367:updateComponents:86083:292
3380240367:propagateValuesOnChangeOnly:86375:666
3380240367:updateInputs:90500:41
3380240367:updateComponents:90541:250
3380240367:propagateValuesOnChangeOnly:90833:625
3380240367:updateInputs:94833:42
3380240367:updateComponents:94916:209
3380240367:propagateValuesOnChangeOnly:95333:625
3380240367:updateInputs:99291:42
3380240367:updateComponents:99375:208
3380240367:propagateValuesOnChangeOnly:99625:666
3380240367:updateInputs:103666:42
3380240367:updateComponents:103750:250
3380240367:propagateValuesOnChangeOnly:104000:625
3380240367:updateInputs:108208:0
3380240367:updateComponents:108250:250
3380240367:propagateValuesOnChangeOnly:108541:625
3380240367:updateInputs:112541:42
3380240367:updateComponents:112625:250
3380240367:propagateValuesOnChangeOnly:112916:625
3380240367:updateInputs:116916:42
3380240367:updateComponents:116958:250
3380240367:propagateValuesOnChangeOnly:117250:625
3380240367:updateInputs:121541:42
3380240367:updateComponents:121625:208
3380240367:propagateValuesOnChangeOnly:121875:625
3380240367:updateInputs:125958:42
3380240367:updateComponents:126041:250
3380240367:propagateValuesOnChangeOnly:126291:667
3380240367:updateInputs:130375:41
3380240367:updateComponents:130458:250
3380240367:propagateValuesOnChangeOnly:130750:625
3380240367:updateInputs:134791:0
3380240367:updateComponents:134833:250
3380240367:propagateValuesOnChangeOnly:135125:583
3380240367:updateInputs:139041:42
3380240367:updateComponents:139083:250
3380240367:propagateValuesOnChangeOnly:139375:583
3380240367:Run loop:76291:67084
3380240367:main:41:164125
