Title: And 6 test
2587977761:updateInputs:47709:125
2587977761:updateComponents:54334:166
2587977761:Init circuit:38875:18834
2587977761:updateInputs:57875:125
2587977761:updateComponents:58042:125
2587977761:propagateValuesOnChangeOnly:58292:208
2587977761:updateInputs:58667:167
2587977761:updateComponents:58875:84
2587977761:propagateValuesOnChangeOnly:59000:167
2587977761:updateInputs:61250:167
2587977761:updateComponents:61459:83
2587977761:propagateValuesOnChangeOnly:61542:167
2587977761:updateInputs:61792:167
2587977761:updateComponents:61959:83
2587977761:propagateValuesOnChangeOnly:62084:125
2587977761:updateInputs:63875:167
2587977761:updateComponents:64042:83
2587977761:propagateValuesOnChangeOnly:64334:125
2587977761:updateInputs:64542:125
2587977761:updateComponents:64709:83
2587977761:propagateValuesOnChangeOnly:64834:125
2587977761:updateInputs:66875:125
2587977761:updateComponents:67042:83
2587977761:propagateValuesOnChangeOnly:67167:125
2587977761:updateInputs:67375:167
2587977761:updateComponents:67584:41
2587977761:propagateValuesOnChangeOnly:67667:125
2587977761:updateInputs:69417:167
2587977761:updateComponents:69625:84
2587977761:propagateValuesOnChangeOnly:69709:166
2587977761:updateInputs:69959:125
2587977761:updateComponents:70125:42
2587977761:propagateValuesOnChangeOnly:70209:166
2587977761:updateInputs:72209:125
2587977761:updateComponents:72375:84
2587977761:propagateValuesOnChangeOnly:72459:166
2587977761:updateInputs:72709:125
2587977761:updateComponents:72834:125
2587977761:propagateValuesOnChangeOnly:72959:166
2587977761:updateInputs:74750:125
2587977761:updateComponents:74917:83
2587977761:propagateValuesOnChangeOnly:75000:167
2587977761:updateInputs:75250:84
2587977761:updateComponents:75375:84
2587977761:propagateValuesOnChangeOnly:75459:166
2587977761:updateInputs:77250:125
2587977761:updateComponents:77417:42
2587977761:propagateValuesOnChangeOnly:77500:125
2587977761:updateInputs:77709:166
2587977761:updateComponents:77917:83
2587977761:propagateValuesOnChangeOnly:78000:167
2587977761:updateInputs:81125:125
2587977761:updateComponents:81292:83
2587977761:propagateValuesOnChangeOnly:81417:125
2587977761:updateInputs:81625:125
2587977761:updateComponents:81792:42
2587977761:propagateValuesOnChangeOnly:81875:125
2587977761:updateInputs:83584:125
2587977761:updateComponents:83750:84
2587977761:propagateValuesOnChangeOnly:83834:208
2587977761:updateInputs:84084:125
2587977761:updateComponents:84250:84
2587977761:propagateValuesOnChangeOnly:84334:166
2587977761:updateInputs:86042:83
2587977761:updateComponents:86167:83
2587977761:propagateValuesOnChangeOnly:86584:166
2587977761:updateInputs:86834:83
2587977761:updateComponents:87000:84
2587977761:propagateValuesOnChangeOnly:87084:166
2587977761:updateInputs:88834:125
2587977761:updateComponents:89000:42
2587977761:propagateValuesOnChangeOnly:89084:166
2587977761:updateInputs:89292:167
2587977761:updateComponents:89459:83
2587977761:propagateValuesOnChangeOnly:89584:125
2587977761:updateInputs:91292:167
2587977761:updateComponents:91500:84
2587977761:propagateValuesOnChangeOnly:91625:125
2587977761:updateInputs:91834:125
2587977761:updateComponents:92000:84
2587977761:propagateValuesOnChangeOnly:92084:166
2587977761:updateInputs:93834:125
2587977761:updateComponents:94000:84
2587977761:propagateValuesOnChangeOnly:94084:125
2587977761:updateInputs:94292:125
2587977761:updateComponents:94459:83
2587977761:propagateValuesOnChangeOnly:94584:125
2587977761:updateInputs:96334:125
2587977761:updateComponents:96500:84
2587977761:propagateValuesOnChangeOnly:96625:125
2587977761:updateInputs:96834:83
2587977761:updateComponents:96959:83
2587977761:propagateValuesOnChangeOnly:97084:125
2587977761:updateInputs:98875:125
2587977761:updateComponents:99042:83
2587977761:propagateValuesOnChangeOnly:99125:167
2587977761:updateInputs:99334:166
2587977761:updateComponents:99542:83
2587977761:propagateValuesOnChangeOnly:99667:125
2587977761:updateInputs:101625:125
2587977761:updateComponents:101792:83
2587977761:propagateValuesOnChangeOnly:101875:167
2587977761:updateInputs:102125:84
2587977761:updateComponents:102250:84
2587977761:propagateValuesOnChangeOnly:102375:167
2587977761:updateInputs:104167:125
2587977761:updateComponents:104292:83
2587977761:propagateValuesOnChangeOnly:104417:167
2587977761:updateInputs:104667:83
2587977761:updateComponents:104792:83
2587977761:propagateValuesOnChangeOnly:104917:167
2587977761:updateInputs:106709:125
2587977761:updateComponents:106875:84
2587977761:propagateValuesOnChangeOnly:106959:166
2587977761:updateInputs:107209:125
2587977761:updateComponents:107334:83
2587977761:propagateValuesOnChangeOnly:107459:125
2587977761:updateInputs:109209:125
2587977761:updateComponents:109375:84
2587977761:propagateValuesOnChangeOnly:109459:166
2587977761:updateInputs:109709:125
2587977761:updateComponents:109875:84
2587977761:propagateValuesOnChangeOnly:109959:166
2587977761:updateInputs:111667:125
2587977761:updateComponents:111834:83
2587977761:propagateValuesOnChangeOnly:111917:167
2587977761:updateInputs:112125:125
2587977761:updateComponents:112292:83
2587977761:propagateValuesOnChangeOnly:112417:125
2587977761:updateInputs:115500:125
2587977761:updateComponents:115667:83
2587977761:propagateValuesOnChangeOnly:115750:167
2587977761:updateInputs:116000:125
2587977761:updateComponents:116167:42
2587977761:propagateValuesOnChangeOnly:116250:125
2587977761:updateInputs:118042:125
2587977761:updateComponents:118209:83
2587977761:propagateValuesOnChangeOnly:118292:167
2587977761:updateInputs:118542:125
2587977761:updateComponents:118709:41
2587977761:propagateValuesOnChangeOnly:118792:125
2587977761:updateInputs:120542:125
2587977761:updateComponents:120709:83
2587977761:propagateValuesOnChangeOnly:120834:125
2587977761:updateInputs:121042:125
2587977761:updateComponents:121209:41
2587977761:propagateValuesOnChangeOnly:121292:167
2587977761:updateInputs:123042:125
2587977761:updateComponents:123209:83
2587977761:propagateValuesOnChangeOnly:123334:125
2587977761:updateInputs:123542:125
2587977761:updateComponents:123667:83
2587977761:propagateValuesOnChangeOnly:123792:125
2587977761:updateInputs:125542:125
2587977761:updateComponents:125709:83
2587977761:propagateValuesOnChangeOnly:125792:167
2587977761:updateInputs:126000:167
2587977761:updateComponents:126209:41
2587977761:propagateValuesOnChangeOnly:126292:125
2587977761:updateInputs:128042:125
2587977761:updateComponents:128209:83
2587977761:propagateValuesOnChangeOnly:128292:167
2587977761:updateInputs:128542:83
2587977761:updateComponents:128667:83
2587977761:propagateValuesOnChangeOnly:128750:167
2587977761:updateInputs:130542:125
2587977761:updateComponents:130709:41
2587977761:propagateValuesOnChangeOnly:130792:167
2587977761:updateInputs:131000:167
2587977761:updateComponents:131167:83
2587977761:propagateValuesOnChangeOnly:131292:125
2587977761:updateInputs:133042:125
2587977761:updateComponents:133209:41
2587977761:propagateValuesOnChangeOnly:133292:125
2587977761:updateInputs:133500:125
2587977761:updateComponents:133667:42
2587977761:propagateValuesOnChangeOnly:133750:167
2587977761:updateInputs:135542:83
2587977761:updateComponents:135667:83
2587977761:propagateValuesOnChangeOnly:135750:167
2587977761:updateInputs:136000:125
2587977761:updateComponents:136125:84
2587977761:propagateValuesOnChangeOnly:136250:125
2587977761:updateInputs:138000:125
2587977761:updateComponents:138167:42
2587977761:propagateValuesOnChangeOnly:138250:125
2587977761:updateInputs:138459:125
2587977761:updateComponents:138584:83
2587977761:propagateValuesOnChangeOnly:138709:125
2587977761:updateInputs:140459:125
2587977761:updateComponents:140625:84
2587977761:propagateValuesOnChangeOnly:140709:166
2587977761:updateInputs:140917:167
2587977761:updateComponents:141125:84
2587977761:propagateValuesOnChangeOnly:141250:125
2587977761:updateInputs:143000:125
2587977761:updateComponents:143125:84
2587977761:propagateValuesOnChangeOnly:143250:125
2587977761:updateInputs:143459:125
2587977761:updateComponents:143625:42
2587977761:propagateValuesOnChangeOnly:143709:125
2587977761:updateInputs:145459:125
2587977761:updateComponents:145625:84
2587977761:propagateValuesOnChangeOnly:145750:167
2587977761:updateInputs:145959:166
2587977761:updateComponents:146167:42
2587977761:propagateValuesOnChangeOnly:146250:125
2587977761:updateInputs:148250:125
2587977761:updateComponents:148417:83
2587977761:propagateValuesOnChangeOnly:148542:125
2587977761:updateInputs:148750:125
2587977761:updateComponents:148917:83
2587977761:propagateValuesOnChangeOnly:149042:125
2587977761:updateInputs:150834:125
2587977761:updateComponents:151000:84
2587977761:propagateValuesOnChangeOnly:151125:167
2587977761:updateInputs:151334:166
2587977761:updateComponents:151500:84
2587977761:propagateValuesOnChangeOnly:151625:125
2587977761:updateInputs:153375:125
2587977761:updateComponents:153542:83
2587977761:propagateValuesOnChangeOnly:153667:125
2587977761:updateInputs:153875:125
2587977761:updateComponents:154000:84
2587977761:propagateValuesOnChangeOnly:154125:125
2587977761:updateInputs:155875:125
2587977761:updateComponents:156042:83
2587977761:propagateValuesOnChangeOnly:156125:167
2587977761:updateInputs:156334:166
2587977761:updateComponents:156500:84
2587977761:propagateValuesOnChangeOnly:156625:125
2587977761:updateInputs:158375:125
2587977761:updateComponents:158542:42
2587977761:propagateValuesOnChangeOnly:158625:167
2587977761:updateInputs:158834:125
2587977761:updateComponents:159000:84
2587977761:propagateValuesOnChangeOnly:159125:125
2587977761:updateInputs:160875:125
2587977761:updateComponents:161042:83
2587977761:propagateValuesOnChangeOnly:161125:167
2587977761:updateInputs:161334:166
2587977761:updateComponents:161542:83
2587977761:propagateValuesOnChangeOnly:161625:167
2587977761:updateInputs:163375:125
2587977761:updateComponents:163542:83
2587977761:propagateValuesOnChangeOnly:163667:125
2587977761:updateInputs:163875:125
2587977761:updateComponents:164000:84
2587977761:propagateValuesOnChangeOnly:164125:125
2587977761:updateInputs:165875:125
2587977761:updateComponents:166042:83
2587977761:propagateValuesOnChangeOnly:166125:167
2587977761:updateInputs:166334:125
2587977761:updateComponents:166500:84
2587977761:propagateValuesOnChangeOnly:166625:125
2587977761:updateInputs:168417:83
2587977761:updateComponents:168542:125
2587977761:propagateValuesOnChangeOnly:170167:125
2587977761:updateInputs:170375:125
2587977761:updateComponents:170542:83
2587977761:propagateValuesOnChangeOnly:170667:125
2587977761:updateInputs:172459:125
2587977761:updateComponents:172625:84
2587977761:propagateValuesOnChangeOnly:172709:166
2587977761:updateInputs:172959:125
2587977761:updateComponents:173084:83
2587977761:propagateValuesOnChangeOnly:173209:166
2587977761:updateInputs:174959:125
2587977761:updateComponents:175125:84
2587977761:propagateValuesOnChangeOnly:175250:167
2587977761:updateInputs:175459:125
2587977761:updateComponents:175584:83
2587977761:propagateValuesOnChangeOnly:175709:166
2587977761:updateInputs:177459:125
2587977761:updateComponents:177625:84
2587977761:propagateValuesOnChangeOnly:177750:125
2587977761:updateInputs:177959:125
2587977761:updateComponents:178084:83
2587977761:propagateValuesOnChangeOnly:178209:125
2587977761:updateInputs:179959:125
2587977761:updateComponents:180084:83
2587977761:propagateValuesOnChangeOnly:180209:166
2587977761:updateInputs:180417:125
2587977761:updateComponents:180542:83
2587977761:propagateValuesOnChangeOnly:180667:125
2587977761:updateInputs:182417:125
2587977761:updateComponents:182584:83
2587977761:propagateValuesOnChangeOnly:182667:167
2587977761:updateInputs:182875:167
2587977761:updateComponents:183084:41
2587977761:propagateValuesOnChangeOnly:183167:125
2587977761:updateInputs:184959:125
2587977761:updateComponents:185125:42
2587977761:propagateValuesOnChangeOnly:185209:125
2587977761:updateInputs:185417:125
2587977761:updateComponents:185584:83
2587977761:propagateValuesOnChangeOnly:185667:167
2587977761:updateInputs:187459:125
2587977761:updateComponents:187625:84
2587977761:propagateValuesOnChangeOnly:187750:125
2587977761:updateInputs:187959:125
2587977761:updateComponents:188084:83
2587977761:propagateValuesOnChangeOnly:188209:125
2587977761:updateInputs:190084:83
2587977761:updateComponents:190209:83
2587977761:propagateValuesOnChangeOnly:190292:167
2587977761:updateInputs:190500:125
2587977761:updateComponents:190667:42
2587977761:propagateValuesOnChangeOnly:190750:167
2587977761:updateInputs:192625:125
2587977761:updateComponents:192750:84
2587977761:propagateValuesOnChangeOnly:192875:167
2587977761:updateInputs:193084:125
2587977761:updateComponents:193250:84
2587977761:propagateValuesOnChangeOnly:193375:125
2587977761:updateInputs:195125:167
2587977761:updateComponents:195292:83
2587977761:propagateValuesOnChangeOnly:195417:125
2587977761:updateInputs:195625:125
2587977761:updateComponents:195792:83
2587977761:propagateValuesOnChangeOnly:195875:167
2587977761:updateInputs:197667:83
2587977761:updateComponents:197792:83
2587977761:propagateValuesOnChangeOnly:197917:125
2587977761:updateInputs:198084:166
2587977761:updateComponents:198250:84
2587977761:propagateValuesOnChangeOnly:198375:125
2587977761:updateInputs:200125:125
2587977761:updateComponents:200292:83
2587977761:propagateValuesOnChangeOnly:200417:125
2587977761:updateInputs:200625:125
2587977761:updateComponents:200792:42
2587977761:propagateValuesOnChangeOnly:200875:125
2587977761:updateInputs:202625:125
2587977761:updateComponents:202792:83
2587977761:propagateValuesOnChangeOnly:202917:125
2587977761:updateInputs:203125:125
2587977761:updateComponents:203292:83
2587977761:propagateValuesOnChangeOnly:203417:125
2587977761:updateInputs:205209:125
2587977761:updateComponents:205375:84
2587977761:propagateValuesOnChangeOnly:205459:166
2587977761:updateInputs:205667:125
2587977761:updateComponents:205834:83
2587977761:propagateValuesOnChangeOnly:205959:125
2587977761:updateInputs:207709:125
2587977761:updateComponents:207834:83
2587977761:propagateValuesOnChangeOnly:207959:166
2587977761:updateInputs:208167:125
2587977761:updateComponents:208334:83
2587977761:propagateValuesOnChangeOnly:208417:167
2587977761:updateInputs:210167:125
2587977761:updateComponents:210334:83
2587977761:propagateValuesOnChangeOnly:210459:125
2587977761:updateInputs:210667:125
2587977761:updateComponents:210834:83
2587977761:propagateValuesOnChangeOnly:210917:167
2587977761:updateInputs:212709:125
2587977761:updateComponents:212875:84
2587977761:propagateValuesOnChangeOnly:212959:166
2587977761:updateInputs:213167:125
2587977761:updateComponents:213334:83
2587977761:propagateValuesOnChangeOnly:213459:125
2587977761:updateInputs:215250:84
2587977761:updateComponents:215375:84
2587977761:propagateValuesOnChangeOnly:215500:125
2587977761:updateInputs:215709:125
2587977761:updateComponents:215875:84
2587977761:propagateValuesOnChangeOnly:215959:166
2587977761:updateInputs:217750:125
2587977761:updateComponents:217917:83
2587977761:propagateValuesOnChangeOnly:218042:167
2587977761:updateInputs:218250:167
2587977761:updateComponents:218417:83
2587977761:propagateValuesOnChangeOnly:218542:125
2587977761:updateInputs:220292:125
2587977761:updateComponents:220459:83
2587977761:propagateValuesOnChangeOnly:220542:167
2587977761:updateInputs:220750:125
2587977761:updateComponents:220917:83
2587977761:propagateValuesOnChangeOnly:221000:167
2587977761:updateInputs:222750:125
2587977761:updateComponents:222917:83
2587977761:propagateValuesOnChangeOnly:223042:125
2587977761:updateInputs:223250:167
2587977761:updateComponents:223459:83
2587977761:propagateValuesOnChangeOnly:223542:167
2587977761:Run loop:57834:167541
2587977761:main:542:228542
