Title:Full adder test
3006759312:updateInputs:418959:416
3006759312:updateComponents:443375:1209
3006759312:Init circuit:371959:86916
3006759312:updateInputs:460584:291
3006759312:updateComponents:461417:833
3006759312:propagateValuesOnChangeOnly:464084:1708
3006759312:updateInputs:472042:375
3006759312:updateComponents:473000:709
3006759312:propagateValuesOnChangeOnly:474292:1833
3006759312:updateInputs:483375:334
3006759312:updateComponents:484292:625
3006759312:propagateValuesOnChangeOnly:485500:1500
3006759312:updateInputs:493417:292
3006759312:updateComponents:494292:625
3006759312:propagateValuesOnChangeOnly:495459:1375
3006759312:updateInputs:502542:333
3006759312:updateComponents:503459:625
3006759312:propagateValuesOnChangeOnly:507459:1416
3006759312:updateInputs:514542:333
3006759312:updateComponents:515375:667
3006759312:propagateValuesOnChangeOnly:516500:1334
3006759312:updateInputs:523500:292
3006759312:updateComponents:524334:625
3006759312:propagateValuesOnChangeOnly:525542:1333
3006759312:updateInputs:532625:292
3006759312:updateComponents:533459:625
3006759312:propagateValuesOnChangeOnly:534667:1375
3006759312:updateInputs:542500:292
3006759312:updateComponents:543334:541
3006759312:propagateValuesOnChangeOnly:544459:1333
3006759312:updateInputs:551417:333
3006759312:updateComponents:552250:625
3006759312:propagateValuesOnChangeOnly:553459:1375
3006759312:updateInputs:565459:375
3006759312:updateComponents:566417:667
3006759312:propagateValuesOnChangeOnly:567542:1375
3006759312:updateInputs:574875:334
3006759312:updateComponents:575792:625
3006759312:propagateValuesOnChangeOnly:576959:1333
3006759312:updateInputs:584084:250
3006759312:updateComponents:584875:625
3006759312:propagateValuesOnChangeOnly:586042:1333
3006759312:updateInputs:593167:292
3006759312:updateComponents:594000:667
3006759312:propagateValuesOnChangeOnly:595167:1292
3006759312:updateInputs:602417:333
3006759312:updateComponents:603292:667
3006759312:propagateValuesOnChangeOnly:604459:1375
3006759312:updateInputs:611500:292
3006759312:updateComponents:612375:625
3006759312:propagateValuesOnChangeOnly:613459:1291
3006759312:updateInputs:620459:291
3006759312:updateComponents:621334:625
3006759312:propagateValuesOnChangeOnly:622417:1250
3006759312:updateInputs:629375:292
3006759312:updateComponents:630250:667
3006759312:propagateValuesOnChangeOnly:631375:1334
3006759312:updateInputs:638375:292
3006759312:updateComponents:639250:625
3006759312:propagateValuesOnChangeOnly:640417:1333
3006759312:updateInputs:648334:416
3006759312:updateComponents:649292:625
3006759312:propagateValuesOnChangeOnly:650417:1292
3006759312:updateInputs:657625:334
3006759312:updateComponents:658459:583
3006759312:propagateValuesOnChangeOnly:667292:1667
3006759312:updateInputs:674792:292
3006759312:updateComponents:675625:667
3006759312:propagateValuesOnChangeOnly:676834:1375
3006759312:updateInputs:683917:292
3006759312:updateComponents:684792:625
3006759312:propagateValuesOnChangeOnly:685917:1333
3006759312:updateInputs:692959:291
3006759312:updateComponents:693792:667
3006759312:propagateValuesOnChangeOnly:695000:1209
3006759312:updateInputs:701917:292
3006759312:updateComponents:702792:625
3006759312:propagateValuesOnChangeOnly:703917:1292
3006759312:updateInputs:710875:292
3006759312:updateComponents:711709:625
3006759312:propagateValuesOnChangeOnly:712834:1250
3006759312:updateInputs:719834:291
3006759312:updateComponents:720709:583
3006759312:propagateValuesOnChangeOnly:721834:1333
3006759312:updateInputs:729000:334
3006759312:updateComponents:729875:625
3006759312:propagateValuesOnChangeOnly:731084:1291
3006759312:updateInputs:738042:292
3006759312:updateComponents:738917:625
3006759312:propagateValuesOnChangeOnly:740000:1334
3006759312:updateInputs:747000:375
3006759312:updateComponents:747875:584
3006759312:propagateValuesOnChangeOnly:748959:1333
3006759312:updateInputs:756000:292
3006759312:updateComponents:756792:667
3006759312:propagateValuesOnChangeOnly:758000:1500
3006759312:updateInputs:765292:333
3006759312:updateComponents:766209:625
3006759312:propagateValuesOnChangeOnly:767334:1458
3006759312:updateInputs:774459:291
3006759312:updateComponents:775334:625
3006759312:propagateValuesOnChangeOnly:776459:1250
3006759312:updateInputs:783375:292
3006759312:updateComponents:784250:667
3006759312:propagateValuesOnChangeOnly:785417:1250
3006759312:updateInputs:792375:292
3006759312:updateComponents:793209:625
3006759312:propagateValuesOnChangeOnly:794375:1292
3006759312:updateInputs:801375:292
3006759312:updateComponents:802250:584
3006759312:propagateValuesOnChangeOnly:803334:1333
3006759312:updateInputs:810375:250
3006759312:updateComponents:811167:583
3006759312:propagateValuesOnChangeOnly:812292:1333
3006759312:updateInputs:819334:250
3006759312:updateComponents:820084:625
3006759312:propagateValuesOnChangeOnly:821209:1333
3006759312:updateInputs:828167:292
3006759312:updateComponents:829000:625
3006759312:propagateValuesOnChangeOnly:830125:1334
3006759312:updateInputs:837084:458
3006759312:updateComponents:838084:625
3006759312:propagateValuesOnChangeOnly:839167:1292
3006759312:updateInputs:846792:292
3006759312:updateComponents:847667:625
3006759312:propagateValuesOnChangeOnly:848792:1458
3006759312:updateInputs:855959:291
3006759312:updateComponents:856834:625
3006759312:propagateValuesOnChangeOnly:857959:1416
3006759312:updateInputs:883292:292
3006759312:updateComponents:884125:667
3006759312:propagateValuesOnChangeOnly:885334:1375
3006759312:updateInputs:892459:291
3006759312:updateComponents:893334:625
3006759312:propagateValuesOnChangeOnly:894500:1292
3006759312:updateInputs:901459:291
3006759312:updateComponents:902292:667
3006759312:propagateValuesOnChangeOnly:903542:1333
3006759312:updateInputs:910542:292
3006759312:updateComponents:911417:667
3006759312:propagateValuesOnChangeOnly:912584:1250
3006759312:updateInputs:919459:291
3006759312:updateComponents:920209:625
3006759312:propagateValuesOnChangeOnly:921334:1291
3006759312:updateInputs:928250:292
3006759312:updateComponents:929042:625
3006759312:propagateValuesOnChangeOnly:930167:1333
3006759312:updateInputs:937250:250
3006759312:updateComponents:938084:625
3006759312:propagateValuesOnChangeOnly:939292:1292
3006759312:updateInputs:946250:292
3006759312:updateComponents:947084:583
3006759312:propagateValuesOnChangeOnly:948209:1291
3006759312:updateInputs:955209:250
3006759312:updateComponents:956000:584
3006759312:propagateValuesOnChangeOnly:957167:1458
3006759312:updateInputs:964417:333
3006759312:updateComponents:965292:625
3006759312:propagateValuesOnChangeOnly:966500:1459
3006759312:updateInputs:973750:292
3006759312:updateComponents:974625:625
3006759312:propagateValuesOnChangeOnly:975792:1292
3006759312:updateInputs:982792:333
3006759312:updateComponents:983709:583
3006759312:propagateValuesOnChangeOnly:984875:1334
3006759312:updateInputs:991959:250
3006759312:updateComponents:992709:625
3006759312:propagateValuesOnChangeOnly:993875:1250
3006759312:updateInputs:1001000:209
3006759312:updateComponents:1001834:625
3006759312:propagateValuesOnChangeOnly:1002959:1291
3006759312:updateInputs:1009875:292
3006759312:updateComponents:1010709:583
3006759312:propagateValuesOnChangeOnly:1011792:1208
3006759312:updateInputs:1018709:250
3006759312:updateComponents:1019500:584
3006759312:propagateValuesOnChangeOnly:1020500:1250
3006759312:updateInputs:1027459:208
3006759312:updateComponents:1028209:625
3006759312:propagateValuesOnChangeOnly:1029417:1250
3006759312:updateInputs:1036375:417
3006759312:updateComponents:1037375:709
3006759312:propagateValuesOnChangeOnly:1038542:1292
3006759312:updateInputs:1045750:250
3006759312:updateComponents:1046584:708
3006759312:propagateValuesOnChangeOnly:1047750:1750
3006759312:updateInputs:1055250:334
3006759312:updateComponents:1056125:667
3006759312:propagateValuesOnChangeOnly:1057334:1333
3006759312:updateInputs:1064459:291
3006759312:updateComponents:1065292:625
3006759312:propagateValuesOnChangeOnly:1066417:1292
3006759312:updateInputs:1073542:250
3006759312:updateComponents:1074375:625
3006759312:propagateValuesOnChangeOnly:1075542:1333
3006759312:updateInputs:1082667:292
3006759312:updateComponents:1083542:667
3006759312:propagateValuesOnChangeOnly:1084792:1333
3006759312:updateInputs:1091834:333
3006759312:updateComponents:1092750:625
3006759312:propagateValuesOnChangeOnly:1093917:1208
3006759312:updateInputs:1100875:292
3006759312:updateComponents:1101709:625
3006759312:propagateValuesOnChangeOnly:1102834:1250
3006759312:updateInputs:1109959:291
3006759312:updateComponents:1110834:666
3006759312:propagateValuesOnChangeOnly:1112042:1292
3006759312:updateInputs:1119042:292
3006759312:updateComponents:1119917:625
3006759312:propagateValuesOnChangeOnly:1121084:1208
3006759312:updateInputs:1128000:292
3006759312:updateComponents:1128792:583
3006759312:propagateValuesOnChangeOnly:1129875:1250
3006759312:updateInputs:1136834:250
3006759312:updateComponents:1137667:583
3006759312:propagateValuesOnChangeOnly:1138709:1416
3006759312:updateInputs:1145750:292
3006759312:updateComponents:1146584:583
3006759312:propagateValuesOnChangeOnly:1147709:1375
3006759312:updateInputs:1154750:292
3006759312:updateComponents:1155542:583
3006759312:propagateValuesOnChangeOnly:1156709:1291
3006759312:updateInputs:1163625:292
3006759312:updateComponents:1164417:625
3006759312:propagateValuesOnChangeOnly:1165500:1292
3006759312:updateInputs:1172375:250
3006759312:updateComponents:1173125:625
3006759312:propagateValuesOnChangeOnly:1174209:1416
3006759312:updateInputs:1181167:292
3006759312:updateComponents:1182000:584
3006759312:propagateValuesOnChangeOnly:1183084:1250
3006759312:updateInputs:1189875:292
3006759312:updateComponents:1190709:583
3006759312:propagateValuesOnChangeOnly:1191792:1250
3006759312:updateInputs:1198625:292
3006759312:updateComponents:1199459:625
3006759312:propagateValuesOnChangeOnly:1200625:1292
3006759312:updateInputs:1207542:208
3006759312:updateComponents:1208334:625
3006759312:propagateValuesOnChangeOnly:1209542:1292
3006759312:updateInputs:1216542:417
3006759312:updateComponents:1217542:583
3006759312:propagateValuesOnChangeOnly:1218584:1208
3006759312:updateInputs:1225625:292
3006759312:updateComponents:1226500:625
3006759312:propagateValuesOnChangeOnly:1227584:1500
3006759312:updateInputs:1234834:291
3006759312:updateComponents:1235625:667
3006759312:propagateValuesOnChangeOnly:1236834:1416
3006759312:updateInputs:1243917:292
3006759312:updateComponents:1244750:709
3006759312:propagateValuesOnChangeOnly:1245917:1333
3006759312:updateInputs:1253750:292
3006759312:updateComponents:1254542:667
3006759312:propagateValuesOnChangeOnly:1255750:1334
3006759312:updateInputs:1262834:291
3006759312:updateComponents:1263709:666
3006759312:propagateValuesOnChangeOnly:1295917:1292
3006759312:updateInputs:1303125:292
3006759312:updateComponents:1304042:583
3006759312:propagateValuesOnChangeOnly:1305125:1250
3006759312:updateInputs:1311959:250
3006759312:updateComponents:1312792:625
3006759312:propagateValuesOnChangeOnly:1313959:1208
3006759312:updateInputs:1320750:292
3006759312:updateComponents:1321542:667
3006759312:propagateValuesOnChangeOnly:1322750:1209
3006759312:updateInputs:1329542:250
3006759312:updateComponents:1330417:625
3006759312:propagateValuesOnChangeOnly:1331542:1292
3006759312:Run loop:460500:877875
3006759312:main:1250:1356709
