Title: Tri-state buffer test
3139298960:updateInputs:17833:42
3139298960:updateComponents:26291:209
3139298960:Init circuit:12166:16750
3139298960:updateInputs:29083:42
3139298960:updateComponents:29166:42
3139298960:propagateValuesOnChangeOnly:29333:125
3139298960:updateInputs:30125:41
3139298960:updateComponents:30250:41
3139298960:propagateValuesOnChangeOnly:30333:83
3139298960:updateInputs:31250:41
3139298960:updateComponents:31291:84
3139298960:propagateValuesOnChangeOnly:31416:84
3139298960:updateInputs:32041:42
3139298960:updateComponents:32125:41
3139298960:propagateValuesOnChangeOnly:32166:84
3139298960:updateInputs:32750:41
3139298960:updateComponents:32833:42
3139298960:propagateValuesOnChangeOnly:33041:84
3139298960:updateInputs:33666:42
3139298960:updateComponents:33750:0
3139298960:propagateValuesOnChangeOnly:33791:42
3139298960:updateInputs:34375:0
3139298960:updateComponents:34416:42
3139298960:propagateValuesOnChangeOnly:34458:83
3139298960:updateInputs:35250:0
3139298960:updateComponents:35291:42
3139298960:propagateValuesOnChangeOnly:35333:83
3139298960:updateInputs:35958:0
3139298960:updateComponents:36000:41
3139298960:propagateValuesOnChangeOnly:36041:84
3139298960:updateInputs:36625:41
3139298960:updateComponents:36708:0
3139298960:propagateValuesOnChangeOnly:36750:41
3139298960:updateInputs:37666:0
3139298960:updateComponents:37708:42
3139298960:propagateValuesOnChangeOnly:37750:83
3139298960:updateInputs:38375:0
3139298960:updateComponents:38416:42
3139298960:propagateValuesOnChangeOnly:38500:41
3139298960:updateInputs:39083:0
3139298960:updateComponents:39125:41
3139298960:propagateValuesOnChangeOnly:39166:84
3139298960:updateInputs:39750:41
3139298960:updateComponents:39791:42
3139298960:propagateValuesOnChangeOnly:39833:42
3139298960:updateInputs:40416:0
3139298960:updateComponents:40458:0
3139298960:propagateValuesOnChangeOnly:40500:41
3139298960:updateInputs:41083:0
3139298960:updateComponents:41125:0
3139298960:propagateValuesOnChangeOnly:41166:42
3139298960:updateInputs:41708:42
3139298960:updateComponents:41750:41
3139298960:propagateValuesOnChangeOnly:41833:42
3139298960:updateInputs:42583:42
3139298960:updateComponents:42625:41
3139298960:propagateValuesOnChangeOnly:42666:42
3139298960:updateInputs:43208:0
3139298960:updateComponents:43250:41
3139298960:propagateValuesOnChangeOnly:43291:42
3139298960:Run loop:29041:14834
3139298960:main:41:45917
