Title: Mux 2 to 1 test
1530601436:updateInputs:32667:125
1530601436:updateComponents:39167:291
1530601436:Init circuit:23417:21708
1530601436:updateInputs:45292:125
1530601436:updateComponents:45458:167
1530601436:propagateValuesOnChangeOnly:45750:250
1530601436:updateInputs:46125:83
1530601436:updateComponents:46250:125
1530601436:propagateValuesOnChangeOnly:46417:208
1530601436:updateInputs:46833:42
1530601436:updateComponents:46917:125
1530601436:propagateValuesOnChangeOnly:47042:208
1530601436:updateInputs:49000:83
1530601436:updateComponents:49083:125
1530601436:propagateValuesOnChangeOnly:49250:167
1530601436:updateInputs:49500:42
1530601436:updateComponents:49583:125
1530601436:propagateValuesOnChangeOnly:49917:125
1530601436:updateInputs:50125:83
1530601436:updateComponents:50250:125
1530601436:propagateValuesOnChangeOnly:50375:167
1530601436:updateInputs:51875:83
1530601436:updateComponents:52000:125
1530601436:propagateValuesOnChangeOnly:52125:167
1530601436:updateInputs:52375:42
1530601436:updateComponents:52458:125
1530601436:propagateValuesOnChangeOnly:52625:208
1530601436:updateInputs:52917:41
1530601436:updateComponents:53000:83
1530601436:propagateValuesOnChangeOnly:53125:208
1530601436:updateInputs:54667:41
1530601436:updateComponents:54750:125
1530601436:propagateValuesOnChangeOnly:54875:208
1530601436:updateInputs:55333:84
1530601436:updateComponents:55417:125
1530601436:propagateValuesOnChangeOnly:55583:209
1530601436:updateInputs:55833:125
1530601436:updateComponents:55958:125
1530601436:propagateValuesOnChangeOnly:56125:167
1530601436:updateInputs:57917:83
1530601436:updateComponents:58000:167
1530601436:propagateValuesOnChangeOnly:58167:166
1530601436:updateInputs:58417:41
1530601436:updateComponents:58500:125
1530601436:propagateValuesOnChangeOnly:58625:167
1530601436:updateInputs:58875:42
1530601436:updateComponents:58958:125
1530601436:propagateValuesOnChangeOnly:59083:167
1530601436:updateInputs:60583:42
1530601436:updateComponents:60667:125
1530601436:propagateValuesOnChangeOnly:60792:208
1530601436:updateInputs:61042:41
1530601436:updateComponents:61125:125
1530601436:propagateValuesOnChangeOnly:61292:166
1530601436:updateInputs:61500:83
1530601436:updateComponents:61583:125
1530601436:propagateValuesOnChangeOnly:61750:125
1530601436:updateInputs:63208:42
1530601436:updateComponents:63292:83
1530601436:propagateValuesOnChangeOnly:63417:166
1530601436:updateInputs:63625:42
1530601436:updateComponents:63708:125
1530601436:propagateValuesOnChangeOnly:63833:167
1530601436:updateInputs:64083:42
1530601436:updateComponents:64167:83
1530601436:propagateValuesOnChangeOnly:64583:167
1530601436:updateInputs:66042:83
1530601436:updateComponents:66167:125
1530601436:propagateValuesOnChangeOnly:66292:166
1530601436:updateInputs:66542:83
1530601436:updateComponents:66625:125
1530601436:propagateValuesOnChangeOnly:66750:208
1530601436:updateInputs:67000:83
1530601436:updateComponents:67125:83
1530601436:propagateValuesOnChangeOnly:67250:167
1530601436:updateInputs:68708:84
1530601436:updateComponents:68833:84
1530601436:propagateValuesOnChangeOnly:68958:167
1530601436:updateInputs:69167:83
1530601436:updateComponents:69250:125
1530601436:propagateValuesOnChangeOnly:69417:166
1530601436:Run loop:45292:24375
1530601436:main:500:72292
