Title: 8-bit register with enable test
3737769079:updateInputs:1156833:250
3737769079:updateComponents:1164542:2625
3737769079:Init circuit:1029708:149334
3737769079:updateInputs:1179250:292
3737769079:updateComponents:1179583:2167
3737769079:propagateValuesOnChangeOnly:1181958:2959
3737769079:updateInputs:1192500:250
3737769079:updateComponents:1192792:1958
3737769079:propagateValuesOnChangeOnly:1194833:2792
3737769079:updateInputs:1205417:208
3737769079:updateComponents:1205667:1958
3737769079:propagateValuesOnChangeOnly:1207667:2666
3737769079:updateInputs:1217875:208
3737769079:updateComponents:1218125:1958
3737769079:propagateValuesOnChangeOnly:1220125:2542
3737769079:updateInputs:1230125:208
3737769079:updateComponents:1230375:1958
3737769079:propagateValuesOnChangeOnly:1236708:2584
3737769079:updateInputs:1246750:250
3737769079:updateComponents:1247042:2000
3737769079:propagateValuesOnChangeOnly:1249083:2875
3737769079:updateInputs:1259250:208
3737769079:updateComponents:1259500:1917
3737769079:propagateValuesOnChangeOnly:1261500:2708
3737769079:updateInputs:1271583:209
3737769079:updateComponents:1271833:1959
3737769079:propagateValuesOnChangeOnly:1273833:2792
3737769079:updateInputs:1284125:250
3737769079:updateComponents:1284375:2042
3737769079:propagateValuesOnChangeOnly:1286458:2584
3737769079:updateInputs:1296333:292
3737769079:updateComponents:1296667:1958
3737769079:propagateValuesOnChangeOnly:1298667:2791
3737769079:updateInputs:1309250:292
3737769079:updateComponents:1309542:1958
3737769079:propagateValuesOnChangeOnly:1311583:3167
3737769079:updateInputs:1322125:250
3737769079:updateComponents:1322417:1958
3737769079:propagateValuesOnChangeOnly:1324417:2958
3737769079:updateInputs:1334792:208
3737769079:updateComponents:1335042:2000
3737769079:propagateValuesOnChangeOnly:1337083:2792
3737769079:updateInputs:1347208:209
3737769079:updateComponents:1347458:1959
3737769079:propagateValuesOnChangeOnly:1349500:2583
3737769079:updateInputs:1359417:208
3737769079:updateComponents:1359667:2000
3737769079:propagateValuesOnChangeOnly:1361708:2584
3737769079:updateInputs:1371667:208
3737769079:updateComponents:1371917:1958
3737769079:propagateValuesOnChangeOnly:1373917:2875
3737769079:updateInputs:1384125:250
3737769079:updateComponents:1384375:2000
3737769079:propagateValuesOnChangeOnly:1386417:2833
3737769079:updateInputs:1396625:208
3737769079:updateComponents:1396875:1958
3737769079:propagateValuesOnChangeOnly:1398875:2750
3737769079:updateInputs:1409292:208
3737769079:updateComponents:1409542:1958
3737769079:propagateValuesOnChangeOnly:1411542:2791
3737769079:updateInputs:1421667:250
3737769079:updateComponents:1421917:1958
3737769079:propagateValuesOnChangeOnly:1423917:3250
3737769079:updateInputs:1434542:208
3737769079:updateComponents:1434792:2041
3737769079:propagateValuesOnChangeOnly:1437167:3125
3737769079:updateInputs:1447667:250
3737769079:updateComponents:1447958:1959
3737769079:propagateValuesOnChangeOnly:1449958:2959
3737769079:updateInputs:1460208:250
3737769079:updateComponents:1460500:1917
3737769079:propagateValuesOnChangeOnly:1462458:2750
3737769079:updateInputs:1472625:208
3737769079:updateComponents:1472875:1958
3737769079:propagateValuesOnChangeOnly:1474875:2625
3737769079:updateInputs:1484833:209
3737769079:updateComponents:1485083:1959
3737769079:propagateValuesOnChangeOnly:1487083:2584
3737769079:updateInputs:1497000:250
3737769079:updateComponents:1497250:1958
3737769079:propagateValuesOnChangeOnly:1499250:2792
3737769079:updateInputs:1509417:208
3737769079:updateComponents:1509667:1916
3737769079:propagateValuesOnChangeOnly:1511625:2875
3737769079:updateInputs:1521792:291
3737769079:updateComponents:1522083:1959
3737769079:propagateValuesOnChangeOnly:1524125:2958
3737769079:updateInputs:1534458:209
3737769079:updateComponents:1534708:2042
3737769079:propagateValuesOnChangeOnly:1536792:3083
3737769079:updateInputs:1547167:250
3737769079:updateComponents:1547458:2084
3737769079:propagateValuesOnChangeOnly:1549542:2958
3737769079:updateInputs:1559833:209
3737769079:updateComponents:1560083:2042
3737769079:propagateValuesOnChangeOnly:1562167:2958
3737769079:updateInputs:1572458:209
3737769079:updateComponents:1572667:2000
3737769079:propagateValuesOnChangeOnly:1574708:2834
3737769079:updateInputs:1584917:250
3737769079:updateComponents:1585167:1958
3737769079:propagateValuesOnChangeOnly:1587167:2958
3737769079:updateInputs:1597458:209
3737769079:updateComponents:1597708:1917
3737769079:propagateValuesOnChangeOnly:1599667:2625
3737769079:updateInputs:1609667:250
3737769079:updateComponents:1609917:1958
3737769079:propagateValuesOnChangeOnly:1611958:2542
3737769079:updateInputs:1621833:209
3737769079:updateComponents:1622083:1917
3737769079:propagateValuesOnChangeOnly:1624042:2791
3737769079:updateInputs:1634167:208
3737769079:updateComponents:1634417:2000
3737769079:propagateValuesOnChangeOnly:1636458:2875
3737769079:updateInputs:1646708:209
3737769079:updateComponents:1646958:1917
3737769079:propagateValuesOnChangeOnly:1648917:2875
3737769079:updateInputs:1659125:208
3737769079:updateComponents:1659375:1958
3737769079:propagateValuesOnChangeOnly:1661375:2833
3737769079:updateInputs:1675625:292
3737769079:updateComponents:1675917:2041
3737769079:propagateValuesOnChangeOnly:1678000:3125
3737769079:updateInputs:1688500:250
3737769079:updateComponents:1688792:1916
3737769079:propagateValuesOnChangeOnly:1690750:3167
3737769079:updateInputs:1701208:250
3737769079:updateComponents:1701458:2000
3737769079:propagateValuesOnChangeOnly:1703500:2875
3737769079:updateInputs:1714000:208
3737769079:updateComponents:1714250:1917
3737769079:propagateValuesOnChangeOnly:1716208:3084
3737769079:updateInputs:1726542:208
3737769079:updateComponents:1726792:1958
3737769079:propagateValuesOnChangeOnly:1728792:2750
3737769079:updateInputs:1738833:209
3737769079:updateComponents:1739083:1959
3737769079:propagateValuesOnChangeOnly:1741083:2667
3737769079:updateInputs:1751000:208
3737769079:updateComponents:1751250:1917
3737769079:propagateValuesOnChangeOnly:1753208:2792
3737769079:updateInputs:1763250:208
3737769079:updateComponents:1763500:1917
3737769079:propagateValuesOnChangeOnly:1765500:2875
3737769079:updateInputs:1775667:208
3737769079:updateComponents:1775917:1958
3737769079:propagateValuesOnChangeOnly:1777917:2833
3737769079:updateInputs:1788125:208
3737769079:updateComponents:1788333:2000
3737769079:propagateValuesOnChangeOnly:1790375:2542
3737769079:updateInputs:1800208:209
3737769079:updateComponents:1800458:1959
3737769079:propagateValuesOnChangeOnly:1802458:2750
3737769079:updateInputs:1812500:208
3737769079:updateComponents:1812750:1917
3737769079:propagateValuesOnChangeOnly:1814708:2792
3737769079:updateInputs:1824708:250
3737769079:updateComponents:1825000:1917
3737769079:propagateValuesOnChangeOnly:1826958:2709
3737769079:updateInputs:1836875:250
3737769079:updateComponents:1837167:1916
3737769079:propagateValuesOnChangeOnly:1839167:2541
3737769079:updateInputs:1849000:208
3737769079:updateComponents:1849250:1958
3737769079:propagateValuesOnChangeOnly:1851250:2583
3737769079:updateInputs:1872667:208
3737769079:updateComponents:1872958:1917
3737769079:propagateValuesOnChangeOnly:1874917:2583
3737769079:updateInputs:1884833:209
3737769079:updateComponents:1885083:2000
3737769079:propagateValuesOnChangeOnly:1887125:2792
3737769079:updateInputs:1897167:250
3737769079:updateComponents:1897417:1958
3737769079:propagateValuesOnChangeOnly:1899417:2791
3737769079:updateInputs:1909458:250
3737769079:updateComponents:1909708:1959
3737769079:propagateValuesOnChangeOnly:1911708:2875
3737769079:updateInputs:1921833:209
3737769079:updateComponents:1922083:1917
3737769079:propagateValuesOnChangeOnly:1924042:2583
3737769079:updateInputs:1933875:250
3737769079:updateComponents:1934167:2000
3737769079:propagateValuesOnChangeOnly:1936208:2750
3737769079:updateInputs:1946250:208
3737769079:updateComponents:1946500:1917
3737769079:propagateValuesOnChangeOnly:1948500:2875
3737769079:updateInputs:1958667:208
3737769079:updateComponents:1958917:1958
3737769079:propagateValuesOnChangeOnly:1960917:2958
3737769079:updateInputs:1971125:208
3737769079:updateComponents:1971333:1959
3737769079:propagateValuesOnChangeOnly:1973333:2625
3737769079:updateInputs:1983208:209
3737769079:updateComponents:1983458:1959
3737769079:propagateValuesOnChangeOnly:1985458:2667
3737769079:updateInputs:1995375:208
3737769079:updateComponents:1995625:1958
3737769079:propagateValuesOnChangeOnly:1997625:2667
3737769079:updateInputs:2007500:250
3737769079:updateComponents:2007750:1958
3737769079:propagateValuesOnChangeOnly:2009750:2708
3737769079:updateInputs:2019667:250
3737769079:updateComponents:2019917:1958
3737769079:propagateValuesOnChangeOnly:2021917:2791
3737769079:updateInputs:2032000:208
3737769079:updateComponents:2032208:2000
3737769079:propagateValuesOnChangeOnly:2034250:2833
3737769079:updateInputs:2044417:208
3737769079:updateComponents:2044625:2000
3737769079:propagateValuesOnChangeOnly:2046667:2583
3737769079:updateInputs:2056500:250
3737769079:updateComponents:2056750:1958
3737769079:propagateValuesOnChangeOnly:2058792:2708
3737769079:updateInputs:2068833:209
3737769079:updateComponents:2069083:1917
3737769079:propagateValuesOnChangeOnly:2071042:2791
3737769079:updateInputs:2081125:208
3737769079:updateComponents:2081375:1958
3737769079:propagateValuesOnChangeOnly:2083417:2833
3737769079:updateInputs:2093500:208
3737769079:updateComponents:2093750:2042
3737769079:propagateValuesOnChangeOnly:2095833:2500
3737769079:updateInputs:2105625:208
3737769079:updateComponents:2105875:1958
3737769079:propagateValuesOnChangeOnly:2107917:2541
3737769079:Run loop:1179208:939500
3737769079:main:458:2162584
