Title: Ram 256 words, 16 bits test
3902018199:updateInputs:88333209:1125
3902018199:updateComponents:88353125:1041250
3902018199:Init circuit:33273792:61325708
3902018199:updateInputs:94599834:1375
3902018199:updateComponents:94601250:1167292
3902018199:propagateValuesOnChangeOnly:95769292:2849083
3902018199:updateInputs:98618959:708
3902018199:updateComponents:98619709:1036458
3902018199:propagateValuesOnChangeOnly:99656209:2802875
3902018199:updateInputs:102459792:708
3902018199:updateComponents:102460500:1040500
3902018199:propagateValuesOnChangeOnly:103501042:2806958
3902018199:updateInputs:106308459:708
3902018199:updateComponents:106309167:1037458
3902018199:propagateValuesOnChangeOnly:107346667:2842125
3902018199:updateInputs:110189500:625
3902018199:updateComponents:110190167:1038583
3902018199:propagateValuesOnChangeOnly:111239542:2895917
3902018199:updateInputs:114136250:709
3902018199:updateComponents:114136959:1033791
3902018199:propagateValuesOnChangeOnly:115170792:2830625
3902018199:updateInputs:118001667:583
3902018199:updateComponents:118002334:1039375
3902018199:propagateValuesOnChangeOnly:119041750:2791667
3902018199:updateInputs:121833709:666
3902018199:updateComponents:121834500:1043584
3902018199:propagateValuesOnChangeOnly:122878250:2825292
3902018199:updateInputs:125704167:667
3902018199:updateComponents:125704875:1037125
3902018199:propagateValuesOnChangeOnly:126742000:2825834
3902018199:updateInputs:129568375:709
3902018199:updateComponents:129569084:1048083
3902018199:propagateValuesOnChangeOnly:130617209:2808666
3902018199:updateInputs:133430000:584
3902018199:updateComponents:133430625:1040917
3902018199:propagateValuesOnChangeOnly:134471542:2798667
3902018199:updateInputs:137270709:625
3902018199:updateComponents:137271375:1038000
3902018199:propagateValuesOnChangeOnly:138309417:2801792
3902018199:updateInputs:142935334:625
3902018199:updateComponents:142936042:1065333
3902018199:propagateValuesOnChangeOnly:144001417:1867542
3902018199:updateInputs:145869625:625
3902018199:updateComponents:145870250:1041500
3902018199:propagateValuesOnChangeOnly:146911792:2563083
3902018199:updateInputs:149475250:584
3902018199:updateComponents:149475959:1040708
3902018199:propagateValuesOnChangeOnly:150516709:1762416
3902018199:updateInputs:152279459:625
3902018199:updateComponents:152280167:1040792
3902018199:propagateValuesOnChangeOnly:153321000:2796959
3902018199:updateInputs:156118292:708
3902018199:updateComponents:156119042:1062083
3902018199:propagateValuesOnChangeOnly:157181125:2835209
3902018199:updateInputs:160016959:625
3902018199:updateComponents:160017625:1039334
3902018199:propagateValuesOnChangeOnly:161057000:3037292
3902018199:updateInputs:164094667:625
3902018199:updateComponents:164095292:1035208
3902018199:propagateValuesOnChangeOnly:165130542:2796042
3902018199:updateInputs:167927042:625
3902018199:updateComponents:167927667:1036208
3902018199:propagateValuesOnChangeOnly:168963917:2809083
3902018199:updateInputs:171773542:708
3902018199:updateComponents:171774292:1038208
3902018199:propagateValuesOnChangeOnly:172816167:2816125
3902018199:updateInputs:175633042:542
3902018199:updateComponents:175633625:1036000
3902018199:propagateValuesOnChangeOnly:176669667:2827417
3902018199:updateInputs:179497959:583
3902018199:updateComponents:179498667:1036167
3902018199:propagateValuesOnChangeOnly:180534959:2933250
3902018199:updateInputs:183468667:625
3902018199:updateComponents:183469417:1040833
3902018199:propagateValuesOnChangeOnly:184510292:2815875
3902018199:updateInputs:189149750:625
3902018199:updateComponents:189150417:1054167
3902018199:propagateValuesOnChangeOnly:190204584:1947375
3902018199:updateInputs:192152667:667
3902018199:updateComponents:192153375:1044792
3902018199:propagateValuesOnChangeOnly:193198209:1834500
3902018199:updateInputs:195033209:500
3902018199:updateComponents:195033709:1040791
3902018199:propagateValuesOnChangeOnly:196074500:1856459
3902018199:updateInputs:197931542:792
3902018199:updateComponents:197932334:1036541
3902018199:propagateValuesOnChangeOnly:198968917:2366708
3902018199:updateInputs:201336167:583
3902018199:updateComponents:201336750:1038417
3902018199:propagateValuesOnChangeOnly:202375250:2733084
3902018199:updateInputs:205108917:583
3902018199:updateComponents:205109542:1035917
3902018199:propagateValuesOnChangeOnly:206145500:2818834
3902018199:updateInputs:208965125:625
3902018199:updateComponents:208965875:1037042
3902018199:propagateValuesOnChangeOnly:210003000:2969167
3902018199:updateInputs:212972917:667
3902018199:updateComponents:212973667:1043583
3902018199:propagateValuesOnChangeOnly:214017292:2802333
3902018199:updateInputs:216820334:625
3902018199:updateComponents:216821000:1039750
3902018199:propagateValuesOnChangeOnly:217860750:2804167
3902018199:updateInputs:220665459:625
3902018199:updateComponents:220666084:1037833
3902018199:propagateValuesOnChangeOnly:221703917:2818417
3902018199:updateInputs:224522750:584
3902018199:updateComponents:224523375:1037500
3902018199:propagateValuesOnChangeOnly:225560917:2838208
3902018199:updateInputs:228399709:625
3902018199:updateComponents:228400375:1088584
3902018199:propagateValuesOnChangeOnly:229489042:2944583
3902018199:updateInputs:234259209:708
3902018199:updateComponents:234260000:1067417
3902018199:propagateValuesOnChangeOnly:235327459:1876708
3902018199:updateInputs:237204625:584
3902018199:updateComponents:237205250:1034375
3902018199:propagateValuesOnChangeOnly:238239709:2519083
3902018199:updateInputs:240759209:666
3902018199:updateComponents:240759959:1044708
3902018199:propagateValuesOnChangeOnly:241804750:1786084
3902018199:updateInputs:243591709:583
3902018199:updateComponents:243592417:1037375
3902018199:propagateValuesOnChangeOnly:244629834:2855708
3902018199:updateInputs:247486292:667
3902018199:updateComponents:247487000:1049167
3902018199:propagateValuesOnChangeOnly:248536292:2857542
3902018199:updateInputs:251394250:625
3902018199:updateComponents:251394917:1038208
3902018199:propagateValuesOnChangeOnly:252433167:2861417
3902018199:updateInputs:255299500:750
3902018199:updateComponents:255300292:1042042
3902018199:propagateValuesOnChangeOnly:256342334:2867583
3902018199:updateInputs:259210625:625
3902018199:updateComponents:259211292:1035583
3902018199:propagateValuesOnChangeOnly:260246917:2848375
3902018199:updateInputs:263096084:666
3902018199:updateComponents:263096792:1035917
3902018199:propagateValuesOnChangeOnly:264132834:2824458
3902018199:updateInputs:266957750:667
3902018199:updateComponents:266958459:1039625
3902018199:propagateValuesOnChangeOnly:267998125:2808167
3902018199:updateInputs:270806792:667
3902018199:updateComponents:270807542:1036292
3902018199:propagateValuesOnChangeOnly:271843917:2803958
3902018199:updateInputs:274648334:666
3902018199:updateComponents:274649167:1034708
3902018199:propagateValuesOnChangeOnly:275683917:2845250
3902018199:updateInputs:280369459:791
3902018199:updateComponents:280370375:1059667
3902018199:propagateValuesOnChangeOnly:281430125:1997209
3902018199:updateInputs:283428042:708
3902018199:updateComponents:283428792:1037792
3902018199:propagateValuesOnChangeOnly:284466625:1817625
3902018199:updateInputs:286284584:625
3902018199:updateComponents:286285209:1035333
3902018199:propagateValuesOnChangeOnly:287320625:1843709
3902018199:updateInputs:289164667:667
3902018199:updateComponents:289165375:1038334
3902018199:propagateValuesOnChangeOnly:290203750:2346542
3902018199:updateInputs:292550917:667
3902018199:updateComponents:292551625:1041084
3902018199:propagateValuesOnChangeOnly:293592834:2922375
3902018199:updateInputs:296515875:667
3902018199:updateComponents:296516584:1051750
3902018199:propagateValuesOnChangeOnly:297568375:2887875
3902018199:updateInputs:300456625:584
3902018199:updateComponents:300457334:1038333
3902018199:propagateValuesOnChangeOnly:301495709:2801583
3902018199:updateInputs:304297667:667
3902018199:updateComponents:304298459:1050625
3902018199:propagateValuesOnChangeOnly:305349125:2861334
3902018199:updateInputs:308210875:542
3902018199:updateComponents:308211459:1061666
3902018199:propagateValuesOnChangeOnly:309273209:2861625
3902018199:updateInputs:312135500:667
3902018199:updateComponents:312136167:1029500
3902018199:propagateValuesOnChangeOnly:313165750:2896042
3902018199:updateInputs:316062125:792
3902018199:updateComponents:316062959:1032250
3902018199:propagateValuesOnChangeOnly:317095334:2802875
3902018199:updateInputs:319898542:667
3902018199:updateComponents:319899250:1034084
3902018199:propagateValuesOnChangeOnly:320933375:2808459
3902018199:updateInputs:325562834:708
3902018199:updateComponents:325563667:1058292
3902018199:propagateValuesOnChangeOnly:326621959:1901583
3902018199:updateInputs:328523875:667
3902018199:updateComponents:328524584:1037291
3902018199:propagateValuesOnChangeOnly:329561875:2412709
3902018199:updateInputs:331977500:625
3902018199:updateComponents:331978250:1051667
3902018199:propagateValuesOnChangeOnly:333030000:1771959
3902018199:updateInputs:334802250:709
3902018199:updateComponents:334803125:1039750
3902018199:propagateValuesOnChangeOnly:335842917:2821875
3902018199:updateInputs:338665334:583
3902018199:updateComponents:338665959:1038958
3902018199:propagateValuesOnChangeOnly:339704959:2801958
3902018199:updateInputs:342507709:541
3902018199:updateComponents:342508250:1037625
3902018199:propagateValuesOnChangeOnly:343545959:2847041
3902018199:updateInputs:346393834:583
3902018199:updateComponents:346394459:1031208
3902018199:propagateValuesOnChangeOnly:347425792:2881667
3902018199:updateInputs:350308334:625
3902018199:updateComponents:350309000:1037209
3902018199:propagateValuesOnChangeOnly:351346250:2807542
3902018199:updateInputs:354154334:708
3902018199:updateComponents:354155084:1039041
3902018199:propagateValuesOnChangeOnly:355194167:2840750
3902018199:updateInputs:358035459:625
3902018199:updateComponents:358036084:1035458
3902018199:propagateValuesOnChangeOnly:359071584:3093166
3902018199:updateInputs:362179209:1666
3902018199:updateComponents:362181042:1104250
3902018199:propagateValuesOnChangeOnly:363285625:2904500
3902018199:updateInputs:366190709:916
3902018199:updateComponents:366191750:1041084
3902018199:propagateValuesOnChangeOnly:367232875:2803667
3902018199:updateInputs:371872250:1084
3902018199:updateComponents:371873375:1058917
3902018199:propagateValuesOnChangeOnly:372932500:2004292
3902018199:updateInputs:374937334:750
3902018199:updateComponents:374938125:1040042
3902018199:propagateValuesOnChangeOnly:375978417:1827792
3902018199:updateInputs:377806750:584
3902018199:updateComponents:377807375:1038417
3902018199:propagateValuesOnChangeOnly:378845959:1860708
3902018199:updateInputs:380707250:709
3902018199:updateComponents:380707959:1015708
3902018199:propagateValuesOnChangeOnly:381723750:2588459
3902018199:updateInputs:384312375:625
3902018199:updateComponents:384313000:1038542
3902018199:propagateValuesOnChangeOnly:385351542:2607958
3902018199:updateInputs:387959750:667
3902018199:updateComponents:387960459:1038875
3902018199:propagateValuesOnChangeOnly:388999375:2802709
3902018199:updateInputs:391802667:625
3902018199:updateComponents:391803375:1038667
3902018199:propagateValuesOnChangeOnly:392842084:2809125
3902018199:updateInputs:395651417:667
3902018199:updateComponents:395652209:1040750
3902018199:propagateValuesOnChangeOnly:396693042:2824667
3902018199:updateInputs:399517875:625
3902018199:updateComponents:399518542:1043375
3902018199:propagateValuesOnChangeOnly:400562084:2823750
3902018199:updateInputs:403386042:625
3902018199:updateComponents:403386709:1034333
3902018199:propagateValuesOnChangeOnly:404421084:2794041
3902018199:updateInputs:407215334:708
3902018199:updateComponents:407216042:1042292
3902018199:propagateValuesOnChangeOnly:408258459:2845750
3902018199:updateInputs:411104750:750
3902018199:updateComponents:411105500:1039542
3902018199:propagateValuesOnChangeOnly:412145084:2873791
3902018199:updateInputs:416839375:667
3902018199:updateComponents:416840167:1058542
3902018199:propagateValuesOnChangeOnly:417912459:1843333
3902018199:updateInputs:419756084:708
3902018199:updateComponents:419756834:1041041
3902018199:propagateValuesOnChangeOnly:420797917:2467542
3902018199:updateInputs:423265750:709
3902018199:updateComponents:423266584:1038083
3902018199:propagateValuesOnChangeOnly:424304750:1793875
3902018199:updateInputs:426099167:583
3902018199:updateComponents:426099834:1042375
3902018199:propagateValuesOnChangeOnly:427142250:3008917
3902018199:updateInputs:430151542:583
3902018199:updateComponents:430152167:1042292
3902018199:propagateValuesOnChangeOnly:431194542:2796583
3902018199:updateInputs:433991250:625
3902018199:updateComponents:433991917:1037000
3902018199:propagateValuesOnChangeOnly:435028959:2802333
3902018199:updateInputs:437831542:583
3902018199:updateComponents:437832167:1037667
3902018199:propagateValuesOnChangeOnly:438869875:2800084
3902018199:updateInputs:441672750:625
3902018199:updateComponents:441673417:1037375
3902018199:propagateValuesOnChangeOnly:442710834:2832875
3902018199:updateInputs:445544292:583
3902018199:updateComponents:445544917:1039542
3902018199:propagateValuesOnChangeOnly:446584500:2890417
3902018199:updateInputs:449475125:667
3902018199:updateComponents:449475792:1036667
3902018199:propagateValuesOnChangeOnly:450512625:2907625
3902018199:updateInputs:453420459:666
3902018199:updateComponents:453421250:1040292
3902018199:propagateValuesOnChangeOnly:454461584:2790458
3902018199:updateInputs:457252292:583
3902018199:updateComponents:457252917:1035292
3902018199:propagateValuesOnChangeOnly:458288292:2821333
3902018199:updateInputs:462933875:625
3902018199:updateComponents:462934584:1067000
3902018199:propagateValuesOnChangeOnly:464001709:2015916
3902018199:updateInputs:466018167:542
3902018199:updateComponents:466018709:1038416
3902018199:propagateValuesOnChangeOnly:467057167:1879167
3902018199:updateInputs:468936709:666
3902018199:updateComponents:468937375:1036667
3902018199:propagateValuesOnChangeOnly:469974084:1823666
3902018199:updateInputs:471800542:667
3902018199:updateComponents:471801250:1039500
3902018199:propagateValuesOnChangeOnly:472840750:2416042
3902018199:updateInputs:475257000:584
3902018199:updateComponents:475257625:1038625
3902018199:propagateValuesOnChangeOnly:476296334:2762166
3902018199:updateInputs:479059042:583
3902018199:updateComponents:479059667:1036042
3902018199:propagateValuesOnChangeOnly:480095834:2886375
3902018199:updateInputs:482982792:583
3902018199:updateComponents:482983417:1038833
3902018199:propagateValuesOnChangeOnly:484022292:2817083
3902018199:updateInputs:486839625:584
3902018199:updateComponents:486840334:1038625
3902018199:propagateValuesOnChangeOnly:487878959:2853166
3902018199:updateInputs:490732375:667
3902018199:updateComponents:490733042:1039833
3902018199:propagateValuesOnChangeOnly:491772917:2858583
3902018199:updateInputs:494632000:625
3902018199:updateComponents:494632667:1026958
3902018199:propagateValuesOnChangeOnly:495659667:3052375
3902018199:updateInputs:498712209:541
3902018199:updateComponents:498712792:1036042
3902018199:propagateValuesOnChangeOnly:499748834:2799375
3902018199:updateInputs:502548375:709
3902018199:updateComponents:502549125:1044459
3902018199:propagateValuesOnChangeOnly:503593667:2794542
3902018199:updateInputs:508208834:625
3902018199:updateComponents:508209584:1056333
3902018199:propagateValuesOnChangeOnly:509265959:1877583
3902018199:updateInputs:511144084:583
3902018199:updateComponents:511147834:1037333
3902018199:propagateValuesOnChangeOnly:512185167:2625958
3902018199:updateInputs:514811584:625
3902018199:updateComponents:514812334:1008708
3902018199:propagateValuesOnChangeOnly:515821084:1811375
3902018199:updateInputs:517632667:667
3902018199:updateComponents:517633459:1048416
3902018199:propagateValuesOnChangeOnly:518681875:2801875
3902018199:updateInputs:521484250:750
3902018199:updateComponents:521485042:1039500
3902018199:propagateValuesOnChangeOnly:522524584:2920708
3902018199:updateInputs:525445875:667
3902018199:updateComponents:525446584:1061125
3902018199:propagateValuesOnChangeOnly:526507750:2835584
3902018199:updateInputs:529343875:625
3902018199:updateComponents:529344500:1039292
3902018199:propagateValuesOnChangeOnly:530383834:2800250
3902018199:updateInputs:533184250:709
3902018199:updateComponents:533184959:1039000
3902018199:propagateValuesOnChangeOnly:534224000:2810709
3902018199:updateInputs:537034959:625
3902018199:updateComponents:537035625:1038834
3902018199:propagateValuesOnChangeOnly:538074459:2799500
3902018199:updateInputs:540874209:625
3902018199:updateComponents:540874875:1043125
3902018199:propagateValuesOnChangeOnly:541918084:2824375
3902018199:updateInputs:544743042:625
3902018199:updateComponents:544743792:1037625
3902018199:propagateValuesOnChangeOnly:545781500:2872167
3902018199:updateInputs:548653917:708
3902018199:updateComponents:548654667:1036958
3902018199:propagateValuesOnChangeOnly:549691667:2867542
3902018199:updateInputs:554378709:833
3902018199:updateComponents:554379625:1060209
3902018199:propagateValuesOnChangeOnly:555439875:1898667
3902018199:updateInputs:557338709:625
3902018199:updateComponents:557339334:1059708
3902018199:propagateValuesOnChangeOnly:558399084:1875541
3902018199:updateInputs:560275042:542
3902018199:updateComponents:560275625:1038250
3902018199:propagateValuesOnChangeOnly:561314084:1972791
3902018199:updateInputs:563287375:584
3902018199:updateComponents:563288000:1037375
3902018199:propagateValuesOnChangeOnly:564325459:2526333
3902018199:updateInputs:566852000:625
3902018199:updateComponents:566852667:1036708
3902018199:propagateValuesOnChangeOnly:567889417:2784292
3902018199:updateInputs:570673959:666
3902018199:updateComponents:570674625:1053125
3902018199:propagateValuesOnChangeOnly:571727750:2800500
3902018199:updateInputs:574528417:667
3902018199:updateComponents:574529209:1036125
3902018199:propagateValuesOnChangeOnly:575565375:2836375
3902018199:updateInputs:578402292:583
3902018199:updateComponents:578403000:1038875
3902018199:propagateValuesOnChangeOnly:579441917:2884333
3902018199:updateInputs:582326834:583
3902018199:updateComponents:582327459:1041250
3902018199:propagateValuesOnChangeOnly:583368750:2806125
3902018199:updateInputs:586175084:750
3902018199:updateComponents:586175834:1039500
3902018199:propagateValuesOnChangeOnly:587215375:2799417
3902018199:updateInputs:590014959:583
3902018199:updateComponents:590015542:1043250
3902018199:propagateValuesOnChangeOnly:591058875:2873917
3902018199:updateInputs:593935000:1334
3902018199:updateComponents:593936417:1072375
3902018199:propagateValuesOnChangeOnly:595008834:2855625
3902018199:updateInputs:599697292:625
3902018199:updateComponents:599697959:1054083
3902018199:propagateValuesOnChangeOnly:600752250:1885417
3902018199:updateInputs:602638250:625
3902018199:updateComponents:602638917:1043042
3902018199:propagateValuesOnChangeOnly:603682084:2486416
3902018199:updateInputs:606168709:666
3902018199:updateComponents:606169542:1038083
3902018199:propagateValuesOnChangeOnly:607207667:1774208
3902018199:updateInputs:608982584:625
3902018199:updateComponents:608983375:1039750
3902018199:propagateValuesOnChangeOnly:610023167:2844667
3902018199:updateInputs:612868584:625
3902018199:updateComponents:612869209:1057291
3902018199:propagateValuesOnChangeOnly:613926542:2873125
3902018199:updateInputs:616800417:625
3902018199:updateComponents:616801084:1040708
3902018199:propagateValuesOnChangeOnly:617841834:2815541
3902018199:updateInputs:620657667:667
3902018199:updateComponents:620658334:1036541
3902018199:propagateValuesOnChangeOnly:621695000:2800334
3902018199:updateInputs:624495709:583
3902018199:updateComponents:624496334:1037875
3902018199:propagateValuesOnChangeOnly:625534250:2860500
3902018199:updateInputs:628395459:625
3902018199:updateComponents:628396125:1089125
3902018199:propagateValuesOnChangeOnly:629485417:2896750
3902018199:updateInputs:632382542:625
3902018199:updateComponents:632383167:1042500
3902018199:propagateValuesOnChangeOnly:633425709:2795208
3902018199:updateInputs:636221250:625
3902018199:updateComponents:636222000:1036167
3902018199:propagateValuesOnChangeOnly:637258334:2801000
3902018199:updateInputs:640059917:708
3902018199:updateComponents:640060750:1039542
3902018199:propagateValuesOnChangeOnly:641100292:2847792
3902018199:updateInputs:645775417:1083
3902018199:updateComponents:645776542:1054208
3902018199:propagateValuesOnChangeOnly:646830834:2003208
3902018199:updateInputs:648834500:667
3902018199:updateComponents:648835209:1035291
3902018199:propagateValuesOnChangeOnly:649870584:1818625
3902018199:updateInputs:651689500:625
3902018199:updateComponents:651690250:1040750
3902018199:propagateValuesOnChangeOnly:652731000:1827750
3902018199:updateInputs:654559375:584
3902018199:updateComponents:654560000:1037750
3902018199:propagateValuesOnChangeOnly:655597834:2465708
3902018199:updateInputs:658064209:666
3902018199:updateComponents:658064917:1035292
3902018199:propagateValuesOnChangeOnly:659100209:3005375
3902018199:updateInputs:662106250:709
3902018199:updateComponents:662107000:1036084
3902018199:propagateValuesOnChangeOnly:663143167:3313208
3902018199:updateInputs:666457000:792
3902018199:updateComponents:666457959:1039208
3902018199:propagateValuesOnChangeOnly:667497250:3048000
3902018199:updateInputs:670545834:750
3902018199:updateComponents:670546625:1055000
3902018199:propagateValuesOnChangeOnly:671601709:3220541
3902018199:updateInputs:674822917:792
3902018199:updateComponents:674823750:1050667
3902018199:propagateValuesOnChangeOnly:675874584:3195916
3902018199:updateInputs:679071125:584
3902018199:updateComponents:679071750:1039042
3902018199:propagateValuesOnChangeOnly:680110834:2995625
3902018199:updateInputs:683106959:791
3902018199:updateComponents:683107750:1048000
3902018199:propagateValuesOnChangeOnly:684155792:3082375
3902018199:updateInputs:687238834:666
3902018199:updateComponents:687239542:1037042
3902018199:propagateValuesOnChangeOnly:688276625:2858167
3902018199:updateInputs:692982000:1125
3902018199:updateComponents:692983334:1510666
3902018199:propagateValuesOnChangeOnly:694494084:3600333
3902018199:updateInputs:698094750:709
3902018199:updateComponents:698095459:1062125
3902018199:propagateValuesOnChangeOnly:699157584:2520041
3902018199:updateInputs:701678167:625
3902018199:updateComponents:701678959:1010208
3902018199:propagateValuesOnChangeOnly:702689209:1774583
3902018199:updateInputs:704464042:583
3902018199:updateComponents:704464750:1041792
3902018199:propagateValuesOnChangeOnly:705506584:2827416
3902018199:updateInputs:708334209:625
3902018199:updateComponents:708334875:1028209
3902018199:propagateValuesOnChangeOnly:709363250:2878542
3902018199:updateInputs:712242375:750
3902018199:updateComponents:712243167:1044833
3902018199:propagateValuesOnChangeOnly:713288042:2875583
3902018199:updateInputs:716164167:750
3902018199:updateComponents:716164917:1009708
3902018199:propagateValuesOnChangeOnly:717174750:2814667
3902018199:updateInputs:719989667:625
3902018199:updateComponents:719990334:1036916
3902018199:propagateValuesOnChangeOnly:721027292:2819917
3902018199:updateInputs:723847417:667
3902018199:updateComponents:723848084:1034500
3902018199:propagateValuesOnChangeOnly:724882625:2815292
3902018199:updateInputs:727698167:750
3902018199:updateComponents:727698959:1036833
3902018199:propagateValuesOnChangeOnly:728735875:2804917
3902018199:updateInputs:731540959:625
3902018199:updateComponents:731541709:1037125
3902018199:propagateValuesOnChangeOnly:732579000:2811625
3902018199:updateInputs:735390834:666
3902018199:updateComponents:735391584:1037166
3902018199:propagateValuesOnChangeOnly:736428834:2850291
3902018199:updateInputs:741101417:625
3902018199:updateComponents:741102209:1059291
3902018199:propagateValuesOnChangeOnly:742161542:1996417
3902018199:updateInputs:744158500:709
3902018199:updateComponents:744159250:1038084
3902018199:propagateValuesOnChangeOnly:745197375:1860750
3902018199:updateInputs:747066167:583
3902018199:updateComponents:747066834:1025583
3902018199:propagateValuesOnChangeOnly:748092417:1858667
3902018199:updateInputs:749951625:584
3902018199:updateComponents:749952250:1041459
3902018199:propagateValuesOnChangeOnly:750993750:2528959
3902018199:updateInputs:753525500:542
3902018199:updateComponents:753526084:1036916
3902018199:propagateValuesOnChangeOnly:754563250:2733875
3902018199:updateInputs:757297459:583
3902018199:updateComponents:757298084:1066583
3902018199:propagateValuesOnChangeOnly:758364709:2827166
3902018199:updateInputs:761192417:625
3902018199:updateComponents:761193167:1037292
3902018199:propagateValuesOnChangeOnly:762230459:3097708
3902018199:updateInputs:765328292:667
3902018199:updateComponents:765329042:1036625
3902018199:propagateValuesOnChangeOnly:766365834:2805541
3902018199:updateInputs:769171584:708
3902018199:updateComponents:769172334:1036541
3902018199:propagateValuesOnChangeOnly:770208917:2805042
3902018199:updateInputs:773016750:750
3902018199:updateComponents:773017500:1034125
3902018199:propagateValuesOnChangeOnly:774051667:2831583
3902018199:updateInputs:776883750:625
3902018199:updateComponents:776884417:1009042
3902018199:propagateValuesOnChangeOnly:777893500:2946917
3902018199:updateInputs:780840959:791
3902018199:updateComponents:780841792:1122500
3902018199:propagateValuesOnChangeOnly:781964417:3474333
3902018199:updateInputs:787391167:833
3902018199:updateComponents:787392125:1144542
3902018199:propagateValuesOnChangeOnly:788536834:2727083
3902018199:updateInputs:791273417:1500
3902018199:updateComponents:791275084:1137250
3902018199:propagateValuesOnChangeOnly:792412417:3212208
3902018199:updateInputs:795625584:1541
3902018199:updateComponents:795627250:1341209
3902018199:propagateValuesOnChangeOnly:796968834:2917166
3902018199:updateInputs:799886584:583
3902018199:updateComponents:799887250:1069875
3902018199:propagateValuesOnChangeOnly:800957209:3178083
3902018199:updateInputs:804135875:709
3902018199:updateComponents:804136709:1055083
3902018199:propagateValuesOnChangeOnly:805191917:3076375
3902018199:updateInputs:808268875:584
3902018199:updateComponents:808269500:1077417
3902018199:propagateValuesOnChangeOnly:809347084:3354666
3902018199:updateInputs:812702334:708
3902018199:updateComponents:812703042:1114958
3902018199:propagateValuesOnChangeOnly:813818209:3313916
3902018199:updateInputs:817134209:1791
3902018199:updateComponents:817136084:1116083
3902018199:propagateValuesOnChangeOnly:818252584:3497291
3902018199:updateInputs:821750750:1167
3902018199:updateComponents:821752000:1110792
3902018199:propagateValuesOnChangeOnly:822863084:3748000
3902018199:updateInputs:826612750:1250
3902018199:updateComponents:826614125:1146334
3902018199:propagateValuesOnChangeOnly:827760500:3441125
3902018199:updateInputs:831202709:916
3902018199:updateComponents:831203667:1284958
3902018199:propagateValuesOnChangeOnly:832488792:4303417
3902018199:updateInputs:836792875:667
3902018199:updateComponents:836793667:1034583
3902018199:propagateValuesOnChangeOnly:837828292:2854750
3902018199:updateInputs:842520292:708
3902018199:updateComponents:842521084:1050416
3902018199:propagateValuesOnChangeOnly:843571625:2102000
3902018199:updateInputs:845674167:708
3902018199:updateComponents:845674875:1049000
3902018199:propagateValuesOnChangeOnly:846724084:1866375
3902018199:updateInputs:848591000:750
3902018199:updateComponents:848591750:1040709
3902018199:propagateValuesOnChangeOnly:849632500:2029292
3902018199:updateInputs:851662334:833
3902018199:updateComponents:851663209:1091083
3902018199:propagateValuesOnChangeOnly:852754334:2907916
3902018199:updateInputs:855662834:583
3902018199:updateComponents:855663584:1096375
3902018199:propagateValuesOnChangeOnly:856760084:3160166
3902018199:updateInputs:859920834:708
3902018199:updateComponents:859921667:1065833
3902018199:propagateValuesOnChangeOnly:860987542:3211208
3902018199:updateInputs:864199334:708
3902018199:updateComponents:864200167:1074542
3902018199:propagateValuesOnChangeOnly:865274792:3320125
3902018199:updateInputs:868595500:625
3902018199:updateComponents:868596250:1076375
3902018199:propagateValuesOnChangeOnly:869673209:2945041
3902018199:updateInputs:872620125:1292
3902018199:updateComponents:872621459:1093208
3902018199:propagateValuesOnChangeOnly:873714834:3309708
3902018199:updateInputs:877025459:1000
3902018199:updateComponents:877026500:1104500
3902018199:propagateValuesOnChangeOnly:878131084:4134875
3902018199:updateInputs:882266709:583
3902018199:updateComponents:882267334:1045750
3902018199:propagateValuesOnChangeOnly:883313167:2847375
3902018199:updateInputs:886161209:875
3902018199:updateComponents:886162125:1032584
3902018199:propagateValuesOnChangeOnly:887194750:2904584
3902018199:updateInputs:891931292:750
3902018199:updateComponents:891932167:1078125
3902018199:propagateValuesOnChangeOnly:893010542:1894792
3902018199:updateInputs:894906125:625
3902018199:updateComponents:894906792:1042417
3902018199:propagateValuesOnChangeOnly:895949209:2716875
3902018199:updateInputs:898666750:584
3902018199:updateComponents:898667459:1039208
3902018199:propagateValuesOnChangeOnly:899706750:1831292
3902018199:updateInputs:901538834:666
3902018199:updateComponents:901539625:1376417
3902018199:propagateValuesOnChangeOnly:902916250:3205292
3902018199:updateInputs:906122334:666
3902018199:updateComponents:906123000:1038709
3902018199:propagateValuesOnChangeOnly:907161709:2889666
3902018199:updateInputs:910052084:625
3902018199:updateComponents:910052750:1018084
3902018199:propagateValuesOnChangeOnly:911070875:2967625
3902018199:updateInputs:914039292:708
3902018199:updateComponents:914040042:1030333
3902018199:propagateValuesOnChangeOnly:915070417:2905083
3902018199:updateInputs:917975959:666
3902018199:updateComponents:917976667:1011625
3902018199:propagateValuesOnChangeOnly:918988334:2862208
3902018199:updateInputs:921851209:625
3902018199:updateComponents:921851875:1035625
3902018199:propagateValuesOnChangeOnly:922887542:2972292
3902018199:updateInputs:925860500:667
3902018199:updateComponents:925861209:1083625
3902018199:propagateValuesOnChangeOnly:926944959:3278291
3902018199:updateInputs:930223959:791
3902018199:updateComponents:930224875:1099792
3902018199:propagateValuesOnChangeOnly:931324792:3468167
3902018199:updateInputs:934793625:875
3902018199:updateComponents:934794667:1113625
3902018199:propagateValuesOnChangeOnly:935908417:3130458
3902018199:updateInputs:940859084:750
3902018199:updateComponents:940859917:1061708
3902018199:propagateValuesOnChangeOnly:941921709:1965583
3902018199:updateInputs:943887875:625
3902018199:updateComponents:943888500:1020292
3902018199:propagateValuesOnChangeOnly:944908834:1845916
3902018199:updateInputs:946755292:958
3902018199:updateComponents:946756292:1025833
3902018199:propagateValuesOnChangeOnly:947782167:1844750
3902018199:updateInputs:949627542:625
3902018199:updateComponents:949628167:1037167
3902018199:propagateValuesOnChangeOnly:950665375:2508000
3902018199:updateInputs:953173917:625
3902018199:updateComponents:953174667:1035000
3902018199:propagateValuesOnChangeOnly:954209667:2533250
3902018199:updateInputs:956743584:583
3902018199:updateComponents:956744209:1035375
3902018199:propagateValuesOnChangeOnly:957779625:3153542
3902018199:updateInputs:960933750:750
3902018199:updateComponents:960934667:1115292
3902018199:propagateValuesOnChangeOnly:962050000:3604500
3902018199:updateInputs:965655084:583
3902018199:updateComponents:965655792:1270000
3902018199:propagateValuesOnChangeOnly:966925834:2897000
3902018199:updateInputs:969823375:625
3902018199:updateComponents:969824042:1038958
3902018199:propagateValuesOnChangeOnly:970863084:2850750
3902018199:updateInputs:973714375:625
3902018199:updateComponents:973715042:1034417
3902018199:propagateValuesOnChangeOnly:974749542:2885792
3902018199:updateInputs:977635792:625
3902018199:updateComponents:977636417:1039375
3902018199:propagateValuesOnChangeOnly:978679459:2941625
3902018199:updateInputs:981621584:666
3902018199:updateComponents:981622292:1037833
3902018199:propagateValuesOnChangeOnly:982660292:2932292
3902018199:updateInputs:987449917:833
3902018199:updateComponents:987450834:1070541
3902018199:propagateValuesOnChangeOnly:988521417:1949625
3902018199:updateInputs:990471292:667
3902018199:updateComponents:990472000:1048500
3902018199:propagateValuesOnChangeOnly:991520542:2568958
3902018199:updateInputs:994089667:625
3902018199:updateComponents:994090292:1044042
3902018199:propagateValuesOnChangeOnly:995134375:1797250
3902018199:updateInputs:996932209:541
3902018199:updateComponents:996932875:1046375
3902018199:propagateValuesOnChangeOnly:997979417:2882042
3902018199:updateInputs:1000861959:666
3902018199:updateComponents:1000862667:1041000
3902018199:propagateValuesOnChangeOnly:1001903709:2881833
3902018199:updateInputs:1004786042:625
3902018199:updateComponents:1004786792:1037458
3902018199:propagateValuesOnChangeOnly:1005824250:2850500
3902018199:updateInputs:1008675584:625
3902018199:updateComponents:1008676334:1043000
3902018199:propagateValuesOnChangeOnly:1009719375:2874417
3902018199:updateInputs:1012594292:625
3902018199:updateComponents:1012594959:1029541
3902018199:propagateValuesOnChangeOnly:1013624542:2978708
3902018199:updateInputs:1016603792:708
3902018199:updateComponents:1016604500:1008750
3902018199:propagateValuesOnChangeOnly:1017613292:2897792
3902018199:updateInputs:1020511542:708
3902018199:updateComponents:1020512334:1056125
3902018199:propagateValuesOnChangeOnly:1021568500:2976084
3902018199:updateInputs:1024545042:667
3902018199:updateComponents:1024545834:1060250
3902018199:propagateValuesOnChangeOnly:1025606209:3019833
3902018199:updateInputs:1028626667:708
3902018199:updateComponents:1028627500:1042500
3902018199:propagateValuesOnChangeOnly:1029670084:3081791
3902018199:updateInputs:1034571542:833
3902018199:updateComponents:1034572417:1066917
3902018199:propagateValuesOnChangeOnly:1035639375:2000375
3902018199:updateInputs:1037640250:667
3902018199:updateComponents:1037640917:1011125
3902018199:propagateValuesOnChangeOnly:1038652167:1849208
3902018199:Run loop:94599834:945902125
3902018199:main:500:1063286709
