Title: JK-Latch Master-Slave with asynchronous SR test
1755225087:updateInputs:42209:41
1755225087:updateComponents:53000:209
1755225087:Init circuit:35250:19834
1755225087:updateInputs:55292:42
1755225087:updateComponents:55375:125
1755225087:propagateValuesOnChangeOnly:55667:250
1755225087:updateInputs:56042:42
1755225087:updateComponents:56125:84
1755225087:propagateValuesOnChangeOnly:56250:209
1755225087:updateInputs:57667:42
1755225087:updateComponents:57750:84
1755225087:propagateValuesOnChangeOnly:57834:166
1755225087:updateInputs:58042:42
1755225087:updateComponents:58084:83
1755225087:propagateValuesOnChangeOnly:58209:125
1755225087:updateInputs:58375:42
1755225087:updateComponents:58417:83
1755225087:propagateValuesOnChangeOnly:58709:125
1755225087:updateInputs:58917:0
1755225087:updateComponents:58959:83
1755225087:propagateValuesOnChangeOnly:59042:125
1755225087:updateInputs:59250:42
1755225087:updateComponents:59334:41
1755225087:propagateValuesOnChangeOnly:59417:125
1755225087:updateInputs:59584:41
1755225087:updateComponents:59625:84
1755225087:propagateValuesOnChangeOnly:59709:166
1755225087:updateInputs:59917:0
1755225087:updateComponents:59959:83
1755225087:propagateValuesOnChangeOnly:60042:125
1755225087:updateInputs:60250:0
1755225087:updateComponents:60292:42
1755225087:propagateValuesOnChangeOnly:60375:125
1755225087:updateInputs:60750:42
1755225087:updateComponents:60834:41
1755225087:propagateValuesOnChangeOnly:60917:125
1755225087:updateInputs:61125:0
1755225087:updateComponents:61167:83
1755225087:propagateValuesOnChangeOnly:61292:125
1755225087:updateInputs:61459:41
1755225087:updateComponents:61500:84
1755225087:propagateValuesOnChangeOnly:61625:125
1755225087:updateInputs:61792:42
1755225087:updateComponents:61834:83
1755225087:propagateValuesOnChangeOnly:61959:125
1755225087:updateInputs:62125:42
1755225087:updateComponents:62167:83
1755225087:propagateValuesOnChangeOnly:62292:125
1755225087:updateInputs:62459:41
1755225087:updateComponents:62542:42
1755225087:propagateValuesOnChangeOnly:62625:125
1755225087:updateInputs:62834:0
1755225087:updateComponents:62875:42
1755225087:propagateValuesOnChangeOnly:62959:125
1755225087:updateInputs:63125:42
1755225087:updateComponents:63209:41
1755225087:propagateValuesOnChangeOnly:63292:125
1755225087:updateInputs:63459:41
1755225087:updateComponents:63500:84
1755225087:propagateValuesOnChangeOnly:63625:125
1755225087:updateInputs:63792:42
1755225087:updateComponents:63834:83
1755225087:propagateValuesOnChangeOnly:63959:125
1755225087:updateInputs:64125:42
1755225087:updateComponents:64167:83
1755225087:propagateValuesOnChangeOnly:64542:125
1755225087:updateInputs:64709:41
1755225087:updateComponents:64750:84
1755225087:propagateValuesOnChangeOnly:64834:125
1755225087:updateInputs:65042:0
1755225087:updateComponents:65084:83
1755225087:propagateValuesOnChangeOnly:65167:125
1755225087:updateInputs:65375:0
1755225087:updateComponents:65417:42
1755225087:propagateValuesOnChangeOnly:65500:125
1755225087:updateInputs:65667:42
1755225087:updateComponents:65750:42
1755225087:propagateValuesOnChangeOnly:65834:125
1755225087:updateInputs:66000:42
1755225087:updateComponents:66084:41
1755225087:propagateValuesOnChangeOnly:66167:125
1755225087:updateInputs:66334:41
1755225087:updateComponents:66375:84
1755225087:propagateValuesOnChangeOnly:66500:125
1755225087:updateInputs:66667:42
1755225087:updateComponents:66750:42
1755225087:propagateValuesOnChangeOnly:66834:125
1755225087:updateInputs:67959:41
1755225087:updateComponents:68042:42
1755225087:propagateValuesOnChangeOnly:68125:167
1755225087:updateInputs:68375:0
1755225087:updateComponents:68417:42
1755225087:propagateValuesOnChangeOnly:68500:167
1755225087:updateInputs:68709:41
1755225087:updateComponents:68750:84
1755225087:propagateValuesOnChangeOnly:68875:125
1755225087:updateInputs:69084:0
1755225087:updateComponents:69125:84
1755225087:propagateValuesOnChangeOnly:69209:125
1755225087:updateInputs:69417:0
1755225087:updateComponents:69459:83
1755225087:propagateValuesOnChangeOnly:69542:125
1755225087:updateInputs:69750:0
1755225087:updateComponents:69792:42
1755225087:propagateValuesOnChangeOnly:69875:125
1755225087:updateInputs:70042:42
1755225087:updateComponents:70125:42
1755225087:propagateValuesOnChangeOnly:70209:125
1755225087:updateInputs:70417:0
1755225087:updateComponents:70459:83
1755225087:propagateValuesOnChangeOnly:70542:125
1755225087:updateInputs:70750:42
1755225087:updateComponents:70792:83
1755225087:propagateValuesOnChangeOnly:70917:125
1755225087:updateInputs:71084:41
1755225087:updateComponents:71125:84
1755225087:propagateValuesOnChangeOnly:71250:125
1755225087:updateInputs:71417:42
1755225087:updateComponents:71500:42
1755225087:propagateValuesOnChangeOnly:71584:125
1755225087:updateInputs:71750:42
1755225087:updateComponents:71834:41
1755225087:propagateValuesOnChangeOnly:71917:125
1755225087:updateInputs:72084:41
1755225087:updateComponents:72167:42
1755225087:propagateValuesOnChangeOnly:72250:125
1755225087:updateInputs:72417:42
1755225087:updateComponents:72459:83
1755225087:propagateValuesOnChangeOnly:72584:125
1755225087:updateInputs:74125:42
1755225087:updateComponents:74167:83
1755225087:propagateValuesOnChangeOnly:74292:125
1755225087:updateInputs:74459:41
1755225087:updateComponents:74542:42
1755225087:propagateValuesOnChangeOnly:74625:125
1755225087:updateInputs:74792:42
1755225087:updateComponents:74834:83
1755225087:propagateValuesOnChangeOnly:74959:125
1755225087:updateInputs:75125:0
1755225087:updateComponents:75167:83
1755225087:propagateValuesOnChangeOnly:75250:125
1755225087:updateInputs:75459:0
1755225087:updateComponents:75500:42
1755225087:propagateValuesOnChangeOnly:75584:125
1755225087:updateInputs:75750:42
1755225087:updateComponents:75792:83
1755225087:propagateValuesOnChangeOnly:75917:125
1755225087:updateInputs:76084:0
1755225087:updateComponents:76125:84
1755225087:propagateValuesOnChangeOnly:76209:166
1755225087:updateInputs:76417:0
1755225087:updateComponents:76459:83
1755225087:propagateValuesOnChangeOnly:76542:125
1755225087:updateInputs:76750:0
1755225087:updateComponents:76792:42
1755225087:propagateValuesOnChangeOnly:76875:125
1755225087:updateInputs:77042:42
1755225087:updateComponents:77084:83
1755225087:propagateValuesOnChangeOnly:77209:125
1755225087:updateInputs:77375:0
1755225087:updateComponents:77417:83
1755225087:propagateValuesOnChangeOnly:77500:125
1755225087:updateInputs:77709:0
1755225087:updateComponents:77750:42
1755225087:propagateValuesOnChangeOnly:77834:125
1755225087:updateInputs:78000:42
1755225087:updateComponents:78084:41
1755225087:propagateValuesOnChangeOnly:78167:125
1755225087:updateInputs:78334:41
1755225087:updateComponents:78417:83
1755225087:propagateValuesOnChangeOnly:78542:125
1755225087:updateInputs:79375:0
1755225087:updateComponents:79417:83
1755225087:propagateValuesOnChangeOnly:79500:167
1755225087:updateInputs:79750:0
1755225087:updateComponents:79792:83
1755225087:propagateValuesOnChangeOnly:79875:167
1755225087:updateInputs:80084:41
1755225087:updateComponents:80125:84
1755225087:propagateValuesOnChangeOnly:80250:167
1755225087:updateInputs:80500:0
1755225087:updateComponents:80542:83
1755225087:propagateValuesOnChangeOnly:80625:209
1755225087:updateInputs:80875:42
1755225087:updateComponents:80917:83
1755225087:propagateValuesOnChangeOnly:81042:125
1755225087:updateInputs:81209:41
1755225087:updateComponents:81250:84
1755225087:propagateValuesOnChangeOnly:81334:125
1755225087:updateInputs:81542:0
1755225087:updateComponents:81584:41
1755225087:propagateValuesOnChangeOnly:81667:125
1755225087:updateInputs:81834:41
1755225087:updateComponents:81917:42
1755225087:propagateValuesOnChangeOnly:82000:125
1755225087:updateInputs:82167:42
1755225087:updateComponents:82209:83
1755225087:propagateValuesOnChangeOnly:82292:125
1755225087:updateInputs:82500:0
1755225087:updateComponents:82542:83
1755225087:propagateValuesOnChangeOnly:82625:125
1755225087:updateInputs:82834:0
1755225087:updateComponents:82875:42
1755225087:propagateValuesOnChangeOnly:82959:125
1755225087:updateInputs:83125:42
1755225087:updateComponents:83167:83
1755225087:propagateValuesOnChangeOnly:83292:125
1755225087:updateInputs:83459:41
1755225087:updateComponents:83500:84
1755225087:propagateValuesOnChangeOnly:83625:125
1755225087:updateInputs:83792:0
1755225087:updateComponents:83834:83
1755225087:propagateValuesOnChangeOnly:83917:125
1755225087:updateInputs:84125:0
1755225087:updateComponents:84167:42
1755225087:propagateValuesOnChangeOnly:84250:125
1755225087:updateInputs:84417:42
1755225087:updateComponents:84459:83
1755225087:propagateValuesOnChangeOnly:84584:125
1755225087:updateInputs:84750:0
1755225087:updateComponents:84792:83
1755225087:propagateValuesOnChangeOnly:84875:125
1755225087:updateInputs:85084:0
1755225087:updateComponents:85125:84
1755225087:propagateValuesOnChangeOnly:85209:125
1755225087:updateInputs:85417:0
1755225087:updateComponents:85459:41
1755225087:propagateValuesOnChangeOnly:85542:125
1755225087:updateInputs:85709:41
1755225087:updateComponents:85792:42
1755225087:propagateValuesOnChangeOnly:85875:125
1755225087:updateInputs:86042:42
1755225087:updateComponents:86084:83
1755225087:propagateValuesOnChangeOnly:86167:125
1755225087:updateInputs:86375:0
1755225087:updateComponents:86417:42
1755225087:propagateValuesOnChangeOnly:86500:125
1755225087:updateInputs:86667:42
1755225087:updateComponents:86750:42
1755225087:propagateValuesOnChangeOnly:86834:125
1755225087:updateInputs:87000:42
1755225087:updateComponents:87042:83
1755225087:propagateValuesOnChangeOnly:87125:125
1755225087:updateInputs:87334:0
1755225087:updateComponents:87375:84
1755225087:propagateValuesOnChangeOnly:87459:125
1755225087:updateInputs:87667:0
1755225087:updateComponents:87709:41
1755225087:propagateValuesOnChangeOnly:87792:125
1755225087:updateInputs:87959:41
1755225087:updateComponents:88042:42
1755225087:propagateValuesOnChangeOnly:88125:125
1755225087:updateInputs:88292:42
1755225087:updateComponents:88375:42
1755225087:propagateValuesOnChangeOnly:88459:125
1755225087:updateInputs:89209:41
1755225087:updateComponents:89292:42
1755225087:propagateValuesOnChangeOnly:90917:167
1755225087:updateInputs:91125:42
1755225087:updateComponents:91209:41
1755225087:propagateValuesOnChangeOnly:91292:125
1755225087:updateInputs:91500:0
1755225087:updateComponents:91542:42
1755225087:propagateValuesOnChangeOnly:91625:125
1755225087:updateInputs:91792:42
1755225087:updateComponents:91875:42
1755225087:propagateValuesOnChangeOnly:91959:166
1755225087:updateInputs:92209:0
1755225087:updateComponents:92250:42
1755225087:propagateValuesOnChangeOnly:92334:208
1755225087:updateInputs:92625:0
1755225087:updateComponents:92667:83
1755225087:propagateValuesOnChangeOnly:92750:167
1755225087:updateInputs:92959:0
1755225087:updateComponents:93000:84
1755225087:propagateValuesOnChangeOnly:93084:125
1755225087:updateInputs:93292:0
1755225087:updateComponents:93334:83
1755225087:propagateValuesOnChangeOnly:93417:125
1755225087:updateInputs:93625:0
1755225087:updateComponents:93667:42
1755225087:propagateValuesOnChangeOnly:93750:125
1755225087:updateInputs:93917:42
1755225087:updateComponents:93959:83
1755225087:propagateValuesOnChangeOnly:94042:125
1755225087:updateInputs:94250:0
1755225087:updateComponents:94292:42
1755225087:propagateValuesOnChangeOnly:94375:125
1755225087:updateInputs:94542:0
1755225087:updateComponents:94584:83
1755225087:propagateValuesOnChangeOnly:94667:125
1755225087:updateInputs:94834:41
1755225087:updateComponents:94875:84
1755225087:propagateValuesOnChangeOnly:95000:125
1755225087:updateInputs:95167:0
1755225087:updateComponents:95209:83
1755225087:propagateValuesOnChangeOnly:95292:125
1755225087:updateInputs:95500:0
1755225087:updateComponents:95542:42
1755225087:propagateValuesOnChangeOnly:95625:125
1755225087:updateInputs:95792:42
1755225087:updateComponents:95834:83
1755225087:propagateValuesOnChangeOnly:95959:125
1755225087:updateInputs:96125:0
1755225087:updateComponents:96167:83
1755225087:propagateValuesOnChangeOnly:96250:125
1755225087:updateInputs:96417:42
1755225087:updateComponents:96459:83
1755225087:propagateValuesOnChangeOnly:96584:125
1755225087:updateInputs:96750:0
1755225087:updateComponents:96792:83
1755225087:propagateValuesOnChangeOnly:96875:125
1755225087:updateInputs:97042:42
1755225087:updateComponents:97125:42
1755225087:propagateValuesOnChangeOnly:97209:125
1755225087:updateInputs:97375:42
1755225087:updateComponents:97417:83
1755225087:propagateValuesOnChangeOnly:97500:125
1755225087:updateInputs:97709:0
1755225087:updateComponents:97750:84
1755225087:propagateValuesOnChangeOnly:97834:125
1755225087:updateInputs:98000:42
1755225087:updateComponents:98084:41
1755225087:propagateValuesOnChangeOnly:98167:125
1755225087:updateInputs:98334:41
1755225087:updateComponents:98375:84
1755225087:propagateValuesOnChangeOnly:98500:84
1755225087:updateInputs:98667:0
1755225087:updateComponents:98709:41
1755225087:propagateValuesOnChangeOnly:98792:125
1755225087:updateInputs:98959:41
1755225087:updateComponents:99000:84
1755225087:propagateValuesOnChangeOnly:99125:84
1755225087:updateInputs:99292:0
1755225087:updateComponents:99334:41
1755225087:propagateValuesOnChangeOnly:99417:125
1755225087:updateInputs:99584:41
1755225087:updateComponents:99667:83
1755225087:propagateValuesOnChangeOnly:99750:125
1755225087:updateInputs:100625:42
1755225087:updateComponents:100667:83
1755225087:propagateValuesOnChangeOnly:100792:125
1755225087:updateInputs:101000:0
1755225087:updateComponents:101042:42
1755225087:propagateValuesOnChangeOnly:101125:125
1755225087:updateInputs:101334:0
1755225087:updateComponents:101375:42
1755225087:propagateValuesOnChangeOnly:101459:166
1755225087:updateInputs:101667:42
1755225087:updateComponents:101709:83
1755225087:propagateValuesOnChangeOnly:101834:166
1755225087:updateInputs:102042:0
1755225087:updateComponents:102084:83
1755225087:propagateValuesOnChangeOnly:102167:125
1755225087:updateInputs:102375:0
1755225087:updateComponents:102417:83
1755225087:propagateValuesOnChangeOnly:102500:125
1755225087:updateInputs:102667:42
1755225087:updateComponents:102750:42
1755225087:propagateValuesOnChangeOnly:102834:125
1755225087:updateInputs:103000:42
1755225087:updateComponents:103042:83
1755225087:propagateValuesOnChangeOnly:103167:125
1755225087:updateInputs:103334:0
1755225087:updateComponents:103375:84
1755225087:propagateValuesOnChangeOnly:103459:125
1755225087:updateInputs:103667:0
1755225087:updateComponents:103709:83
1755225087:propagateValuesOnChangeOnly:103792:125
1755225087:updateInputs:104000:0
1755225087:updateComponents:104042:83
1755225087:propagateValuesOnChangeOnly:104125:125
1755225087:updateInputs:104292:42
1755225087:updateComponents:104375:42
1755225087:propagateValuesOnChangeOnly:104459:125
1755225087:updateInputs:104625:42
1755225087:updateComponents:104667:83
1755225087:propagateValuesOnChangeOnly:104792:125
1755225087:updateInputs:104959:0
1755225087:updateComponents:105000:84
1755225087:propagateValuesOnChangeOnly:105084:125
1755225087:updateInputs:105250:42
1755225087:updateComponents:105334:41
1755225087:propagateValuesOnChangeOnly:105417:125
1755225087:updateInputs:105584:41
1755225087:updateComponents:105625:84
1755225087:propagateValuesOnChangeOnly:105750:125
1755225087:updateInputs:105917:42
1755225087:updateComponents:105959:83
1755225087:propagateValuesOnChangeOnly:106042:125
1755225087:updateInputs:106250:0
1755225087:updateComponents:106292:42
1755225087:propagateValuesOnChangeOnly:106375:125
1755225087:updateInputs:106542:42
1755225087:updateComponents:106625:42
1755225087:propagateValuesOnChangeOnly:106709:125
1755225087:updateInputs:106875:42
1755225087:updateComponents:106917:83
1755225087:propagateValuesOnChangeOnly:107000:125
1755225087:updateInputs:107209:0
1755225087:updateComponents:107250:42
1755225087:propagateValuesOnChangeOnly:107334:125
1755225087:updateInputs:107500:42
1755225087:updateComponents:107542:83
1755225087:propagateValuesOnChangeOnly:107667:125
1755225087:updateInputs:107834:0
1755225087:updateComponents:107875:84
1755225087:propagateValuesOnChangeOnly:107959:125
1755225087:updateInputs:108167:0
1755225087:updateComponents:108209:41
1755225087:propagateValuesOnChangeOnly:108292:125
1755225087:updateInputs:108459:41
1755225087:updateComponents:108542:42
1755225087:propagateValuesOnChangeOnly:108625:125
1755225087:updateInputs:108792:42
1755225087:updateComponents:108875:42
1755225087:propagateValuesOnChangeOnly:108959:125
1755225087:updateInputs:109125:42
1755225087:updateComponents:109167:83
1755225087:propagateValuesOnChangeOnly:109292:125
1755225087:updateInputs:109459:41
1755225087:updateComponents:109500:84
1755225087:propagateValuesOnChangeOnly:109625:125
1755225087:updateInputs:110459:0
1755225087:updateComponents:110500:84
1755225087:propagateValuesOnChangeOnly:110584:166
1755225087:updateInputs:110792:42
1755225087:updateComponents:110834:83
1755225087:propagateValuesOnChangeOnly:110917:167
1755225087:updateInputs:111125:42
1755225087:updateComponents:111167:83
1755225087:propagateValuesOnChangeOnly:111250:125
1755225087:updateInputs:111459:0
1755225087:updateComponents:111500:42
1755225087:propagateValuesOnChangeOnly:111584:166
1755225087:updateInputs:111834:0
1755225087:updateComponents:111875:84
1755225087:propagateValuesOnChangeOnly:111959:208
1755225087:updateInputs:112209:41
1755225087:updateComponents:112250:84
1755225087:propagateValuesOnChangeOnly:112375:125
1755225087:updateInputs:112542:42
1755225087:updateComponents:112584:83
1755225087:propagateValuesOnChangeOnly:112709:125
1755225087:updateInputs:112875:0
1755225087:updateComponents:112917:83
1755225087:propagateValuesOnChangeOnly:113000:125
1755225087:updateInputs:113209:0
1755225087:updateComponents:113250:42
1755225087:propagateValuesOnChangeOnly:113334:125
1755225087:updateInputs:113500:42
1755225087:updateComponents:113584:41
1755225087:propagateValuesOnChangeOnly:113667:125
1755225087:updateInputs:113834:41
1755225087:updateComponents:113875:84
1755225087:propagateValuesOnChangeOnly:114000:125
1755225087:updateInputs:114167:42
1755225087:updateComponents:114209:83
1755225087:propagateValuesOnChangeOnly:114334:125
1755225087:updateInputs:114500:0
1755225087:updateComponents:114542:83
1755225087:propagateValuesOnChangeOnly:114625:125
1755225087:updateInputs:114834:0
1755225087:updateComponents:114875:84
1755225087:propagateValuesOnChangeOnly:114959:125
1755225087:updateInputs:115167:0
1755225087:updateComponents:115209:41
1755225087:propagateValuesOnChangeOnly:115292:125
1755225087:updateInputs:115459:41
1755225087:updateComponents:115500:84
1755225087:propagateValuesOnChangeOnly:115625:125
1755225087:updateInputs:115792:42
1755225087:updateComponents:115834:83
1755225087:propagateValuesOnChangeOnly:115917:167
1755225087:updateInputs:116125:0
1755225087:updateComponents:116167:42
1755225087:propagateValuesOnChangeOnly:116250:125
1755225087:updateInputs:116417:42
1755225087:updateComponents:116500:42
1755225087:propagateValuesOnChangeOnly:116584:125
1755225087:updateInputs:116750:42
1755225087:updateComponents:116792:83
1755225087:propagateValuesOnChangeOnly:116917:125
1755225087:updateInputs:117084:0
1755225087:updateComponents:117125:84
1755225087:propagateValuesOnChangeOnly:117250:125
1755225087:updateInputs:117417:0
1755225087:updateComponents:117459:83
1755225087:propagateValuesOnChangeOnly:117542:125
1755225087:updateInputs:117709:41
1755225087:updateComponents:117792:42
1755225087:propagateValuesOnChangeOnly:117875:125
1755225087:updateInputs:118042:42
1755225087:updateComponents:118084:83
1755225087:propagateValuesOnChangeOnly:118209:125
1755225087:updateInputs:118375:0
1755225087:updateComponents:118417:83
1755225087:propagateValuesOnChangeOnly:118500:167
1755225087:updateInputs:118709:0
1755225087:updateComponents:118750:42
1755225087:propagateValuesOnChangeOnly:118834:125
1755225087:updateInputs:119042:0
1755225087:updateComponents:120000:84
1755225087:propagateValuesOnChangeOnly:120125:125
1755225087:updateInputs:120292:42
1755225087:updateComponents:120375:42
1755225087:propagateValuesOnChangeOnly:120459:125
1755225087:updateInputs:121209:41
1755225087:updateComponents:121292:42
1755225087:propagateValuesOnChangeOnly:121375:125
1755225087:updateInputs:121584:0
1755225087:updateComponents:121625:84
1755225087:propagateValuesOnChangeOnly:121709:166
1755225087:updateInputs:131417:0
1755225087:updateComponents:131459:83
1755225087:propagateValuesOnChangeOnly:131584:166
1755225087:updateInputs:131792:42
1755225087:updateComponents:131875:42
1755225087:propagateValuesOnChangeOnly:131959:166
1755225087:updateInputs:132167:0
1755225087:updateComponents:132209:83
1755225087:propagateValuesOnChangeOnly:132292:125
1755225087:updateInputs:132500:0
1755225087:updateComponents:132542:83
1755225087:propagateValuesOnChangeOnly:132625:125
1755225087:updateInputs:132834:0
1755225087:updateComponents:132875:42
1755225087:propagateValuesOnChangeOnly:132959:125
1755225087:updateInputs:133125:42
1755225087:updateComponents:133209:41
1755225087:propagateValuesOnChangeOnly:133292:125
1755225087:updateInputs:133459:41
1755225087:updateComponents:133500:84
1755225087:propagateValuesOnChangeOnly:133584:125
1755225087:updateInputs:133792:0
1755225087:updateComponents:133834:41
1755225087:propagateValuesOnChangeOnly:133917:125
1755225087:updateInputs:134084:41
1755225087:updateComponents:134167:42
1755225087:propagateValuesOnChangeOnly:134250:125
1755225087:updateInputs:134417:42
1755225087:updateComponents:134459:83
1755225087:propagateValuesOnChangeOnly:134584:125
1755225087:updateInputs:134750:42
1755225087:updateComponents:134792:83
1755225087:propagateValuesOnChangeOnly:134917:125
1755225087:updateInputs:135084:0
1755225087:updateComponents:135125:84
1755225087:propagateValuesOnChangeOnly:135209:125
1755225087:updateInputs:135417:0
1755225087:updateComponents:135459:41
1755225087:propagateValuesOnChangeOnly:135542:125
1755225087:updateInputs:135709:41
1755225087:updateComponents:135792:42
1755225087:propagateValuesOnChangeOnly:135875:125
1755225087:updateInputs:136042:42
1755225087:updateComponents:136084:83
1755225087:propagateValuesOnChangeOnly:136209:125
1755225087:updateInputs:136375:42
1755225087:updateComponents:136417:83
1755225087:propagateValuesOnChangeOnly:136542:125
1755225087:updateInputs:136709:0
1755225087:updateComponents:136750:84
1755225087:propagateValuesOnChangeOnly:136834:125
1755225087:updateInputs:137042:0
1755225087:updateComponents:137084:41
1755225087:propagateValuesOnChangeOnly:137167:125
1755225087:updateInputs:137334:41
1755225087:updateComponents:137417:42
1755225087:propagateValuesOnChangeOnly:137500:125
1755225087:updateInputs:137667:42
1755225087:updateComponents:137709:83
1755225087:propagateValuesOnChangeOnly:137792:125
1755225087:updateInputs:138000:0
1755225087:updateComponents:138042:42
1755225087:propagateValuesOnChangeOnly:138125:125
1755225087:updateInputs:138292:42
1755225087:updateComponents:138334:83
1755225087:propagateValuesOnChangeOnly:138459:125
1755225087:updateInputs:138625:0
1755225087:updateComponents:138667:83
1755225087:propagateValuesOnChangeOnly:138750:125
1755225087:updateInputs:138959:0
1755225087:updateComponents:139000:42
1755225087:propagateValuesOnChangeOnly:139084:125
1755225087:updateInputs:139250:42
1755225087:updateComponents:139292:83
1755225087:propagateValuesOnChangeOnly:139417:125
1755225087:updateInputs:139584:41
1755225087:updateComponents:139625:84
1755225087:propagateValuesOnChangeOnly:139750:125
1755225087:updateInputs:140709:41
1755225087:updateComponents:140792:42
1755225087:propagateValuesOnChangeOnly:140875:167
1755225087:updateInputs:141084:41
1755225087:updateComponents:141125:84
1755225087:propagateValuesOnChangeOnly:141250:125
1755225087:updateInputs:141459:0
1755225087:updateComponents:141500:84
1755225087:propagateValuesOnChangeOnly:141584:125
1755225087:updateInputs:141792:42
1755225087:updateComponents:141834:83
1755225087:propagateValuesOnChangeOnly:141959:125
1755225087:updateInputs:142167:42
1755225087:updateComponents:142209:83
1755225087:propagateValuesOnChangeOnly:142334:125
1755225087:updateInputs:142542:0
1755225087:updateComponents:142584:83
1755225087:propagateValuesOnChangeOnly:142667:125
1755225087:updateInputs:142875:0
1755225087:updateComponents:142917:83
1755225087:propagateValuesOnChangeOnly:143000:125
1755225087:updateInputs:143167:42
1755225087:updateComponents:143250:42
1755225087:propagateValuesOnChangeOnly:143334:125
1755225087:updateInputs:143500:42
1755225087:updateComponents:143542:83
1755225087:propagateValuesOnChangeOnly:143625:125
1755225087:updateInputs:143834:0
1755225087:updateComponents:143875:42
1755225087:propagateValuesOnChangeOnly:143959:125
1755225087:updateInputs:144125:42
1755225087:updateComponents:144209:41
1755225087:propagateValuesOnChangeOnly:144292:125
1755225087:updateInputs:144459:41
1755225087:updateComponents:144500:84
1755225087:propagateValuesOnChangeOnly:144625:125
1755225087:updateInputs:144792:42
1755225087:updateComponents:144834:83
1755225087:propagateValuesOnChangeOnly:144959:125
1755225087:updateInputs:145125:42
1755225087:updateComponents:145167:83
1755225087:propagateValuesOnChangeOnly:145292:83
1755225087:updateInputs:145459:0
1755225087:updateComponents:145500:84
1755225087:propagateValuesOnChangeOnly:145625:84
1755225087:updateInputs:145792:0
1755225087:updateComponents:145834:83
1755225087:propagateValuesOnChangeOnly:145917:125
1755225087:updateInputs:146125:0
1755225087:updateComponents:146167:83
1755225087:propagateValuesOnChangeOnly:146250:125
1755225087:updateInputs:146417:42
1755225087:updateComponents:146500:42
1755225087:propagateValuesOnChangeOnly:146584:125
1755225087:updateInputs:146750:0
1755225087:updateComponents:146792:83
1755225087:propagateValuesOnChangeOnly:146875:125
1755225087:updateInputs:147042:42
1755225087:updateComponents:147125:42
1755225087:propagateValuesOnChangeOnly:147209:125
1755225087:updateInputs:147375:42
1755225087:updateComponents:147417:83
1755225087:propagateValuesOnChangeOnly:147542:83
1755225087:updateInputs:147709:0
1755225087:updateComponents:147750:42
1755225087:propagateValuesOnChangeOnly:147834:125
1755225087:updateInputs:148000:42
1755225087:updateComponents:148042:83
1755225087:propagateValuesOnChangeOnly:148167:83
1755225087:updateInputs:148334:0
1755225087:updateComponents:148375:42
1755225087:propagateValuesOnChangeOnly:148459:125
1755225087:updateInputs:148625:42
1755225087:updateComponents:148667:83
1755225087:propagateValuesOnChangeOnly:148792:83
1755225087:updateInputs:148959:0
1755225087:updateComponents:149000:84
1755225087:propagateValuesOnChangeOnly:149084:125
1755225087:updateInputs:149250:42
1755225087:updateComponents:149334:41
1755225087:propagateValuesOnChangeOnly:149417:125
1755225087:updateInputs:149584:41
1755225087:updateComponents:149667:42
1755225087:propagateValuesOnChangeOnly:149750:125
1755225087:updateInputs:150542:0
1755225087:updateComponents:150584:83
1755225087:propagateValuesOnChangeOnly:150709:125
1755225087:updateInputs:150875:42
1755225087:updateComponents:150917:83
1755225087:propagateValuesOnChangeOnly:151000:167
1755225087:updateInputs:151209:0
1755225087:updateComponents:151250:84
1755225087:propagateValuesOnChangeOnly:152334:125
1755225087:updateInputs:152542:0
1755225087:updateComponents:152584:41
1755225087:propagateValuesOnChangeOnly:152709:125
1755225087:updateInputs:152875:0
1755225087:updateComponents:152917:42
1755225087:propagateValuesOnChangeOnly:153000:125
1755225087:updateInputs:153209:0
1755225087:updateComponents:153250:42
1755225087:propagateValuesOnChangeOnly:153334:125
1755225087:updateInputs:153500:42
1755225087:updateComponents:153542:83
1755225087:propagateValuesOnChangeOnly:153667:125
1755225087:updateInputs:153834:41
1755225087:updateComponents:153875:84
1755225087:propagateValuesOnChangeOnly:153959:125
1755225087:updateInputs:154167:0
1755225087:updateComponents:154209:41
1755225087:propagateValuesOnChangeOnly:154292:125
1755225087:updateInputs:154459:41
1755225087:updateComponents:154542:42
1755225087:propagateValuesOnChangeOnly:154625:125
1755225087:updateInputs:154792:42
1755225087:updateComponents:154834:83
1755225087:propagateValuesOnChangeOnly:154917:167
1755225087:updateInputs:155125:0
1755225087:updateComponents:155167:83
1755225087:propagateValuesOnChangeOnly:155250:125
1755225087:updateInputs:155459:0
1755225087:updateComponents:155500:84
1755225087:propagateValuesOnChangeOnly:155584:125
1755225087:updateInputs:155792:0
1755225087:updateComponents:155834:41
1755225087:propagateValuesOnChangeOnly:155917:125
1755225087:updateInputs:156084:41
1755225087:updateComponents:156167:42
1755225087:propagateValuesOnChangeOnly:156250:125
1755225087:updateInputs:156417:42
1755225087:updateComponents:156459:83
1755225087:propagateValuesOnChangeOnly:156584:125
1755225087:updateInputs:156750:0
1755225087:updateComponents:156792:83
1755225087:propagateValuesOnChangeOnly:156875:125
1755225087:updateInputs:157084:0
1755225087:updateComponents:157125:42
1755225087:propagateValuesOnChangeOnly:157209:125
1755225087:updateInputs:157375:42
1755225087:updateComponents:157417:83
1755225087:propagateValuesOnChangeOnly:157542:125
1755225087:updateInputs:157709:0
1755225087:updateComponents:157750:84
1755225087:propagateValuesOnChangeOnly:157834:125
1755225087:updateInputs:158042:0
1755225087:updateComponents:158084:41
1755225087:propagateValuesOnChangeOnly:158167:125
1755225087:updateInputs:158334:41
1755225087:updateComponents:158417:42
1755225087:propagateValuesOnChangeOnly:158500:125
1755225087:updateInputs:158667:42
1755225087:updateComponents:158709:83
1755225087:propagateValuesOnChangeOnly:158792:167
1755225087:updateInputs:159000:0
1755225087:updateComponents:159042:83
1755225087:propagateValuesOnChangeOnly:159125:125
1755225087:updateInputs:159334:0
1755225087:updateComponents:159375:42
1755225087:propagateValuesOnChangeOnly:159459:125
1755225087:updateInputs:159625:42
1755225087:updateComponents:159667:83
1755225087:propagateValuesOnChangeOnly:159792:125
1755225087:updateInputs:159959:0
1755225087:updateComponents:160000:84
1755225087:propagateValuesOnChangeOnly:160084:125
1755225087:updateInputs:160292:0
1755225087:updateComponents:160334:83
1755225087:propagateValuesOnChangeOnly:160417:125
1755225087:updateInputs:161209:0
1755225087:updateComponents:161250:84
1755225087:propagateValuesOnChangeOnly:161334:166
1755225087:updateInputs:161542:42
1755225087:updateComponents:161584:83
1755225087:propagateValuesOnChangeOnly:161709:125
1755225087:updateInputs:161875:42
1755225087:updateComponents:161917:83
1755225087:propagateValuesOnChangeOnly:162042:125
1755225087:updateInputs:162209:41
1755225087:updateComponents:162292:42
1755225087:propagateValuesOnChangeOnly:162375:125
1755225087:updateInputs:162542:0
1755225087:updateComponents:162584:83
1755225087:propagateValuesOnChangeOnly:162667:125
1755225087:updateInputs:162834:41
1755225087:updateComponents:162875:84
1755225087:propagateValuesOnChangeOnly:163000:125
1755225087:updateInputs:163167:0
1755225087:updateComponents:163209:41
1755225087:propagateValuesOnChangeOnly:163292:125
1755225087:updateInputs:163459:41
1755225087:updateComponents:163500:84
1755225087:propagateValuesOnChangeOnly:163625:84
1755225087:updateInputs:163792:0
1755225087:updateComponents:163834:41
1755225087:propagateValuesOnChangeOnly:163917:125
1755225087:updateInputs:164084:41
1755225087:updateComponents:164125:84
1755225087:propagateValuesOnChangeOnly:164209:125
1755225087:updateInputs:164417:0
1755225087:updateComponents:164459:41
1755225087:propagateValuesOnChangeOnly:164542:125
1755225087:updateInputs:164709:41
1755225087:updateComponents:164750:84
1755225087:propagateValuesOnChangeOnly:164875:125
1755225087:updateInputs:165042:0
1755225087:updateComponents:165084:41
1755225087:propagateValuesOnChangeOnly:165167:125
1755225087:updateInputs:165334:41
1755225087:updateComponents:165375:84
1755225087:propagateValuesOnChangeOnly:165500:84
1755225087:updateInputs:165667:0
1755225087:updateComponents:165709:83
1755225087:propagateValuesOnChangeOnly:165792:125
1755225087:updateInputs:165959:41
1755225087:updateComponents:166042:42
1755225087:propagateValuesOnChangeOnly:166125:125
1755225087:updateInputs:166292:42
1755225087:updateComponents:166334:83
1755225087:propagateValuesOnChangeOnly:166417:125
1755225087:updateInputs:166625:0
1755225087:updateComponents:166667:83
1755225087:propagateValuesOnChangeOnly:166750:125
1755225087:updateInputs:166959:0
1755225087:updateComponents:167000:42
1755225087:propagateValuesOnChangeOnly:167084:125
1755225087:updateInputs:167250:42
1755225087:updateComponents:167292:83
1755225087:propagateValuesOnChangeOnly:167417:83
1755225087:updateInputs:167584:0
1755225087:updateComponents:167625:84
1755225087:propagateValuesOnChangeOnly:167709:125
1755225087:updateInputs:167875:42
1755225087:updateComponents:167917:83
1755225087:propagateValuesOnChangeOnly:168042:125
1755225087:updateInputs:168209:0
1755225087:updateComponents:168250:84
1755225087:propagateValuesOnChangeOnly:168334:125
1755225087:updateInputs:168500:42
1755225087:updateComponents:168584:41
1755225087:propagateValuesOnChangeOnly:168667:125
1755225087:updateInputs:168834:41
1755225087:updateComponents:168875:84
1755225087:propagateValuesOnChangeOnly:168959:125
1755225087:updateInputs:169167:0
1755225087:updateComponents:169209:41
1755225087:propagateValuesOnChangeOnly:169292:125
1755225087:updateInputs:169459:41
1755225087:updateComponents:169500:84
1755225087:propagateValuesOnChangeOnly:169625:84
1755225087:updateInputs:169792:42
1755225087:updateComponents:169834:83
1755225087:propagateValuesOnChangeOnly:169959:125
1755225087:updateInputs:170709:0
1755225087:updateComponents:170750:42
1755225087:propagateValuesOnChangeOnly:170834:125
1755225087:updateInputs:171042:0
1755225087:updateComponents:171084:41
1755225087:propagateValuesOnChangeOnly:171167:125
1755225087:updateInputs:171375:0
1755225087:updateComponents:171417:42
1755225087:propagateValuesOnChangeOnly:171500:125
1755225087:updateInputs:171709:0
1755225087:updateComponents:171750:42
1755225087:propagateValuesOnChangeOnly:171834:125
1755225087:updateInputs:172000:42
1755225087:updateComponents:172084:41
1755225087:propagateValuesOnChangeOnly:172167:167
1755225087:updateInputs:172375:42
1755225087:updateComponents:172417:83
1755225087:propagateValuesOnChangeOnly:172542:125
1755225087:updateInputs:172709:41
1755225087:updateComponents:172750:84
1755225087:propagateValuesOnChangeOnly:172875:125
1755225087:updateInputs:173042:0
1755225087:updateComponents:173084:83
1755225087:propagateValuesOnChangeOnly:173167:125
1755225087:updateInputs:173375:0
1755225087:updateComponents:173417:42
1755225087:propagateValuesOnChangeOnly:173500:125
1755225087:updateInputs:173709:0
1755225087:updateComponents:173750:42
1755225087:propagateValuesOnChangeOnly:173834:125
1755225087:updateInputs:174000:42
1755225087:updateComponents:174042:83
1755225087:propagateValuesOnChangeOnly:174167:125
1755225087:updateInputs:174334:41
1755225087:updateComponents:174375:84
1755225087:propagateValuesOnChangeOnly:174500:125
1755225087:updateInputs:174667:0
1755225087:updateComponents:174709:41
1755225087:propagateValuesOnChangeOnly:174792:125
1755225087:updateInputs:174959:41
1755225087:updateComponents:175042:42
1755225087:propagateValuesOnChangeOnly:175125:125
1755225087:updateInputs:175292:42
1755225087:updateComponents:175334:83
1755225087:propagateValuesOnChangeOnly:175459:125
1755225087:updateInputs:175625:0
1755225087:updateComponents:175667:83
1755225087:propagateValuesOnChangeOnly:175750:125
1755225087:updateInputs:175959:0
1755225087:updateComponents:176000:42
1755225087:propagateValuesOnChangeOnly:176084:125
1755225087:updateInputs:176292:0
1755225087:updateComponents:176334:41
1755225087:propagateValuesOnChangeOnly:176417:125
1755225087:updateInputs:176584:41
1755225087:updateComponents:176625:84
1755225087:propagateValuesOnChangeOnly:176750:125
1755225087:updateInputs:176917:0
1755225087:updateComponents:176959:41
1755225087:propagateValuesOnChangeOnly:177042:125
1755225087:updateInputs:177209:41
1755225087:updateComponents:177292:42
1755225087:propagateValuesOnChangeOnly:177375:125
1755225087:updateInputs:177542:42
1755225087:updateComponents:177584:83
1755225087:propagateValuesOnChangeOnly:177709:125
1755225087:updateInputs:177875:0
1755225087:updateComponents:177917:83
1755225087:propagateValuesOnChangeOnly:178000:125
1755225087:updateInputs:178209:0
1755225087:updateComponents:178250:84
1755225087:propagateValuesOnChangeOnly:178334:125
1755225087:updateInputs:178542:0
1755225087:updateComponents:178584:41
1755225087:propagateValuesOnChangeOnly:178667:125
1755225087:updateInputs:178834:41
1755225087:updateComponents:178875:84
1755225087:propagateValuesOnChangeOnly:179000:125
1755225087:updateInputs:179167:42
1755225087:updateComponents:179209:83
1755225087:propagateValuesOnChangeOnly:179292:125
1755225087:updateInputs:179500:0
1755225087:updateComponents:179542:83
1755225087:propagateValuesOnChangeOnly:179625:125
1755225087:updateInputs:180334:41
1755225087:updateComponents:180417:42
1755225087:propagateValuesOnChangeOnly:180500:167
1755225087:updateInputs:180709:0
1755225087:updateComponents:180750:42
1755225087:propagateValuesOnChangeOnly:180834:125
1755225087:updateInputs:181042:0
1755225087:updateComponents:181084:83
1755225087:propagateValuesOnChangeOnly:181167:125
1755225087:updateInputs:181375:0
1755225087:updateComponents:181417:42
1755225087:propagateValuesOnChangeOnly:181500:125
1755225087:updateInputs:181667:42
1755225087:updateComponents:181709:83
1755225087:propagateValuesOnChangeOnly:181792:125
1755225087:updateInputs:182000:0
1755225087:updateComponents:182042:42
1755225087:propagateValuesOnChangeOnly:182125:125
1755225087:updateInputs:182292:42
1755225087:updateComponents:182334:83
1755225087:propagateValuesOnChangeOnly:182459:125
1755225087:updateInputs:182625:0
1755225087:updateComponents:182667:83
1755225087:propagateValuesOnChangeOnly:182750:125
1755225087:updateInputs:182959:0
1755225087:updateComponents:183000:42
1755225087:propagateValuesOnChangeOnly:183084:125
1755225087:updateInputs:183250:42
1755225087:updateComponents:183292:83
1755225087:propagateValuesOnChangeOnly:183417:125
1755225087:updateInputs:183584:41
1755225087:updateComponents:183625:84
1755225087:propagateValuesOnChangeOnly:183709:125
1755225087:updateInputs:183917:0
1755225087:updateComponents:183959:41
1755225087:propagateValuesOnChangeOnly:184042:125
1755225087:updateInputs:184209:41
1755225087:updateComponents:184250:84
1755225087:propagateValuesOnChangeOnly:184375:84
1755225087:updateInputs:184542:0
1755225087:updateComponents:184584:83
1755225087:propagateValuesOnChangeOnly:184667:125
1755225087:updateInputs:184834:41
1755225087:updateComponents:184917:42
1755225087:propagateValuesOnChangeOnly:185000:125
1755225087:updateInputs:185167:42
1755225087:updateComponents:185209:83
1755225087:propagateValuesOnChangeOnly:185292:125
1755225087:updateInputs:185459:41
1755225087:updateComponents:185542:42
1755225087:propagateValuesOnChangeOnly:185625:125
1755225087:updateInputs:185792:0
1755225087:updateComponents:185834:83
1755225087:propagateValuesOnChangeOnly:185917:125
1755225087:updateInputs:186125:0
1755225087:updateComponents:186167:42
1755225087:propagateValuesOnChangeOnly:186250:125
1755225087:updateInputs:186417:0
1755225087:updateComponents:186459:83
1755225087:propagateValuesOnChangeOnly:186542:125
1755225087:updateInputs:186750:0
1755225087:updateComponents:186792:42
1755225087:propagateValuesOnChangeOnly:186875:125
1755225087:updateInputs:187042:42
1755225087:updateComponents:187084:83
1755225087:propagateValuesOnChangeOnly:187167:125
1755225087:updateInputs:187375:0
1755225087:updateComponents:187417:42
1755225087:propagateValuesOnChangeOnly:187500:125
1755225087:updateInputs:187667:0
1755225087:updateComponents:187709:83
1755225087:propagateValuesOnChangeOnly:187792:125
1755225087:updateInputs:187959:41
1755225087:updateComponents:188000:84
1755225087:propagateValuesOnChangeOnly:188125:125
1755225087:updateInputs:188292:42
1755225087:updateComponents:188334:83
1755225087:propagateValuesOnChangeOnly:188459:125
1755225087:updateInputs:188625:0
1755225087:updateComponents:188667:83
1755225087:propagateValuesOnChangeOnly:188750:125
1755225087:updateInputs:188917:42
1755225087:updateComponents:189000:84
1755225087:propagateValuesOnChangeOnly:189084:125
1755225087:updateInputs:189834:0
1755225087:updateComponents:189875:84
1755225087:propagateValuesOnChangeOnly:190000:125
1755225087:updateInputs:190167:42
1755225087:updateComponents:190209:83
1755225087:propagateValuesOnChangeOnly:190292:167
1755225087:updateInputs:190500:0
1755225087:updateComponents:190542:83
1755225087:propagateValuesOnChangeOnly:190625:167
1755225087:updateInputs:190834:41
1755225087:updateComponents:190875:84
1755225087:propagateValuesOnChangeOnly:191000:125
1755225087:updateInputs:191167:42
1755225087:updateComponents:191209:83
1755225087:propagateValuesOnChangeOnly:197125:167
1755225087:updateInputs:197334:41
1755225087:updateComponents:197417:42
1755225087:propagateValuesOnChangeOnly:197500:125
1755225087:updateInputs:197667:42
1755225087:updateComponents:197709:83
1755225087:propagateValuesOnChangeOnly:197834:125
1755225087:updateInputs:198000:0
1755225087:updateComponents:198042:83
1755225087:propagateValuesOnChangeOnly:198125:125
1755225087:updateInputs:198292:42
1755225087:updateComponents:198375:42
1755225087:propagateValuesOnChangeOnly:198459:125
1755225087:updateInputs:198625:42
1755225087:updateComponents:198667:83
1755225087:propagateValuesOnChangeOnly:198792:125
1755225087:updateInputs:198959:41
1755225087:updateComponents:199000:84
1755225087:propagateValuesOnChangeOnly:199084:166
1755225087:updateInputs:199292:0
1755225087:updateComponents:199334:83
1755225087:propagateValuesOnChangeOnly:199417:125
1755225087:updateInputs:199625:0
1755225087:updateComponents:199667:42
1755225087:propagateValuesOnChangeOnly:199750:125
1755225087:updateInputs:199917:42
1755225087:updateComponents:200000:42
1755225087:propagateValuesOnChangeOnly:200084:125
1755225087:updateInputs:200250:42
1755225087:updateComponents:200292:83
1755225087:propagateValuesOnChangeOnly:200417:125
1755225087:updateInputs:200584:0
1755225087:updateComponents:200625:84
1755225087:propagateValuesOnChangeOnly:200709:125
1755225087:updateInputs:200917:0
1755225087:updateComponents:200959:41
1755225087:propagateValuesOnChangeOnly:201042:125
1755225087:updateInputs:201209:41
1755225087:updateComponents:201250:84
1755225087:propagateValuesOnChangeOnly:201375:125
1755225087:updateInputs:201542:0
1755225087:updateComponents:201584:83
1755225087:propagateValuesOnChangeOnly:201667:125
1755225087:updateInputs:201875:0
1755225087:updateComponents:201917:83
1755225087:propagateValuesOnChangeOnly:202000:125
1755225087:updateInputs:202167:42
1755225087:updateComponents:202250:42
1755225087:propagateValuesOnChangeOnly:202334:125
1755225087:updateInputs:202500:42
1755225087:updateComponents:202542:83
1755225087:propagateValuesOnChangeOnly:202667:125
1755225087:updateInputs:202834:0
1755225087:updateComponents:202834:83
1755225087:propagateValuesOnChangeOnly:202959:125
1755225087:updateInputs:203125:0
1755225087:updateComponents:203167:83
1755225087:propagateValuesOnChangeOnly:203250:125
1755225087:updateInputs:203459:0
1755225087:updateComponents:203500:42
1755225087:propagateValuesOnChangeOnly:203584:125
1755225087:updateInputs:203750:42
1755225087:updateComponents:203834:41
1755225087:propagateValuesOnChangeOnly:203917:125
1755225087:updateInputs:204084:41
1755225087:updateComponents:204125:84
1755225087:propagateValuesOnChangeOnly:204250:125
1755225087:updateInputs:204417:42
1755225087:updateComponents:204459:83
1755225087:propagateValuesOnChangeOnly:204584:125
1755225087:updateInputs:205334:41
1755225087:updateComponents:205375:84
1755225087:propagateValuesOnChangeOnly:205500:125
1755225087:updateInputs:205667:42
1755225087:updateComponents:205750:42
1755225087:propagateValuesOnChangeOnly:205834:166
1755225087:updateInputs:206042:0
1755225087:updateComponents:206084:41
1755225087:propagateValuesOnChangeOnly:206167:125
1755225087:updateInputs:206375:0
1755225087:updateComponents:206417:83
1755225087:propagateValuesOnChangeOnly:206500:167
1755225087:updateInputs:206709:41
1755225087:updateComponents:206792:42
1755225087:propagateValuesOnChangeOnly:206875:167
1755225087:updateInputs:207084:41
1755225087:updateComponents:207125:84
1755225087:propagateValuesOnChangeOnly:207250:125
1755225087:updateInputs:207417:42
1755225087:updateComponents:207459:83
1755225087:propagateValuesOnChangeOnly:207542:125
1755225087:updateInputs:207750:0
1755225087:updateComponents:207792:42
1755225087:propagateValuesOnChangeOnly:207875:125
1755225087:updateInputs:208042:42
1755225087:updateComponents:208084:83
1755225087:propagateValuesOnChangeOnly:208209:125
1755225087:updateInputs:208375:42
1755225087:updateComponents:208417:83
1755225087:propagateValuesOnChangeOnly:208500:125
1755225087:updateInputs:208709:0
1755225087:updateComponents:208750:42
1755225087:propagateValuesOnChangeOnly:208834:125
1755225087:updateInputs:209000:42
1755225087:updateComponents:209084:41
1755225087:propagateValuesOnChangeOnly:209167:125
1755225087:updateInputs:209334:41
1755225087:updateComponents:209375:84
1755225087:propagateValuesOnChangeOnly:209500:125
1755225087:updateInputs:209667:0
1755225087:updateComponents:209709:83
1755225087:propagateValuesOnChangeOnly:209792:125
1755225087:updateInputs:210000:0
1755225087:updateComponents:210042:42
1755225087:propagateValuesOnChangeOnly:210125:125
1755225087:updateInputs:210334:0
1755225087:updateComponents:210375:42
1755225087:propagateValuesOnChangeOnly:210459:125
1755225087:updateInputs:210625:42
1755225087:updateComponents:210667:83
1755225087:propagateValuesOnChangeOnly:210750:167
1755225087:updateInputs:210959:0
1755225087:updateComponents:211000:84
1755225087:propagateValuesOnChangeOnly:211084:125
1755225087:updateInputs:211292:0
1755225087:updateComponents:211334:41
1755225087:propagateValuesOnChangeOnly:211417:125
1755225087:updateInputs:211584:41
1755225087:updateComponents:211667:42
1755225087:propagateValuesOnChangeOnly:211750:125
1755225087:updateInputs:211917:42
1755225087:updateComponents:211959:83
1755225087:propagateValuesOnChangeOnly:212084:125
1755225087:updateInputs:212250:0
1755225087:updateComponents:212292:83
1755225087:propagateValuesOnChangeOnly:212375:125
1755225087:updateInputs:212584:0
1755225087:updateComponents:212625:42
1755225087:propagateValuesOnChangeOnly:212709:125
1755225087:updateInputs:212875:42
1755225087:updateComponents:212917:83
1755225087:propagateValuesOnChangeOnly:213042:125
1755225087:updateInputs:213209:0
1755225087:updateComponents:213250:84
1755225087:propagateValuesOnChangeOnly:213334:125
1755225087:updateInputs:213542:0
1755225087:updateComponents:213584:41
1755225087:propagateValuesOnChangeOnly:213667:125
1755225087:updateInputs:213834:41
1755225087:updateComponents:213875:84
1755225087:propagateValuesOnChangeOnly:214000:125
1755225087:updateInputs:214167:42
1755225087:updateComponents:214250:42
1755225087:propagateValuesOnChangeOnly:214334:125
1755225087:updateInputs:215084:0
1755225087:updateComponents:215125:84
1755225087:propagateValuesOnChangeOnly:215250:125
1755225087:updateInputs:215417:42
1755225087:updateComponents:215459:83
1755225087:propagateValuesOnChangeOnly:215584:125
1755225087:updateInputs:215750:42
1755225087:updateComponents:215834:41
1755225087:propagateValuesOnChangeOnly:215917:125
1755225087:updateInputs:216125:0
1755225087:updateComponents:216167:42
1755225087:propagateValuesOnChangeOnly:216250:167
1755225087:updateInputs:216459:0
1755225087:updateComponents:216500:84
1755225087:propagateValuesOnChangeOnly:216584:125
1755225087:updateInputs:216792:0
1755225087:updateComponents:216834:83
1755225087:propagateValuesOnChangeOnly:216917:125
1755225087:updateInputs:217125:0
1755225087:updateComponents:217167:42
1755225087:propagateValuesOnChangeOnly:217250:125
1755225087:updateInputs:217417:42
1755225087:updateComponents:217500:42
1755225087:propagateValuesOnChangeOnly:217584:125
1755225087:updateInputs:217750:0
1755225087:updateComponents:217792:83
1755225087:propagateValuesOnChangeOnly:217875:125
1755225087:updateInputs:218084:0
1755225087:updateComponents:218125:42
1755225087:propagateValuesOnChangeOnly:218209:125
1755225087:updateInputs:218375:42
1755225087:updateComponents:218417:83
1755225087:propagateValuesOnChangeOnly:218542:125
1755225087:updateInputs:218709:41
1755225087:updateComponents:218750:84
1755225087:propagateValuesOnChangeOnly:218875:125
1755225087:updateInputs:219042:0
1755225087:updateComponents:219084:41
1755225087:propagateValuesOnChangeOnly:219167:125
1755225087:updateInputs:219334:41
1755225087:updateComponents:219417:42
1755225087:propagateValuesOnChangeOnly:219500:125
1755225087:updateInputs:219667:42
1755225087:updateComponents:219709:83
1755225087:propagateValuesOnChangeOnly:219834:125
1755225087:updateInputs:220000:42
1755225087:updateComponents:220042:83
1755225087:propagateValuesOnChangeOnly:220167:125
1755225087:updateInputs:220334:0
1755225087:updateComponents:220375:84
1755225087:propagateValuesOnChangeOnly:220459:125
1755225087:updateInputs:220667:0
1755225087:updateComponents:220709:41
1755225087:propagateValuesOnChangeOnly:220792:125
1755225087:updateInputs:220959:41
1755225087:updateComponents:221000:84
1755225087:propagateValuesOnChangeOnly:221125:125
1755225087:updateInputs:221292:42
1755225087:updateComponents:221334:83
1755225087:propagateValuesOnChangeOnly:221459:125
1755225087:updateInputs:221625:0
1755225087:updateComponents:221667:83
1755225087:propagateValuesOnChangeOnly:221750:125
1755225087:updateInputs:221959:0
1755225087:updateComponents:222000:84
1755225087:propagateValuesOnChangeOnly:222084:125
1755225087:updateInputs:222292:0
1755225087:updateComponents:222334:41
1755225087:propagateValuesOnChangeOnly:222417:125
1755225087:updateInputs:222584:41
1755225087:updateComponents:222625:84
1755225087:propagateValuesOnChangeOnly:222750:125
1755225087:updateInputs:222917:0
1755225087:updateComponents:222959:83
1755225087:propagateValuesOnChangeOnly:223042:125
1755225087:updateInputs:223250:0
1755225087:updateComponents:223292:42
1755225087:propagateValuesOnChangeOnly:223375:125
1755225087:updateInputs:223542:42
1755225087:updateComponents:223625:42
1755225087:propagateValuesOnChangeOnly:223709:125
1755225087:updateInputs:223875:42
1755225087:updateComponents:223959:41
1755225087:propagateValuesOnChangeOnly:224042:125
1755225087:updateInputs:224792:0
1755225087:updateComponents:224834:83
1755225087:propagateValuesOnChangeOnly:224917:167
1755225087:updateInputs:225125:42
1755225087:updateComponents:225167:83
1755225087:propagateValuesOnChangeOnly:225250:167
1755225087:updateInputs:225459:41
1755225087:updateComponents:225500:84
1755225087:propagateValuesOnChangeOnly:225584:166
1755225087:updateInputs:225792:42
1755225087:updateComponents:225834:83
1755225087:propagateValuesOnChangeOnly:225917:167
1755225087:updateInputs:226125:42
1755225087:updateComponents:226209:41
1755225087:propagateValuesOnChangeOnly:226292:125
1755225087:updateInputs:226500:0
1755225087:updateComponents:226542:42
1755225087:propagateValuesOnChangeOnly:226625:125
1755225087:updateInputs:226792:42
1755225087:updateComponents:226834:83
1755225087:propagateValuesOnChangeOnly:226917:125
1755225087:updateInputs:227125:0
1755225087:updateComponents:227167:42
1755225087:propagateValuesOnChangeOnly:227250:125
1755225087:updateInputs:227417:42
1755225087:updateComponents:227459:83
1755225087:propagateValuesOnChangeOnly:227542:125
1755225087:updateInputs:227750:0
1755225087:updateComponents:227792:42
1755225087:propagateValuesOnChangeOnly:227875:125
1755225087:updateInputs:228042:42
1755225087:updateComponents:228084:83
1755225087:propagateValuesOnChangeOnly:228209:83
1755225087:updateInputs:228375:0
1755225087:updateComponents:228417:83
1755225087:propagateValuesOnChangeOnly:228500:125
1755225087:updateInputs:228667:42
1755225087:updateComponents:228709:83
1755225087:propagateValuesOnChangeOnly:228834:125
1755225087:updateInputs:229000:0
1755225087:updateComponents:229042:83
1755225087:propagateValuesOnChangeOnly:229125:125
1755225087:updateInputs:229292:42
1755225087:updateComponents:229334:83
1755225087:propagateValuesOnChangeOnly:229459:125
1755225087:updateInputs:229625:0
1755225087:updateComponents:229667:83
1755225087:propagateValuesOnChangeOnly:229750:125
1755225087:updateInputs:229917:42
1755225087:updateComponents:230000:42
1755225087:propagateValuesOnChangeOnly:230084:125
1755225087:updateInputs:230250:42
1755225087:updateComponents:230292:83
1755225087:propagateValuesOnChangeOnly:230417:83
1755225087:updateInputs:230584:0
1755225087:updateComponents:230625:42
1755225087:propagateValuesOnChangeOnly:230709:125
1755225087:updateInputs:230875:42
1755225087:updateComponents:230917:83
1755225087:propagateValuesOnChangeOnly:231042:125
1755225087:updateInputs:231209:0
1755225087:updateComponents:231250:84
1755225087:propagateValuesOnChangeOnly:231334:125
1755225087:updateInputs:231500:42
1755225087:updateComponents:231584:41
1755225087:propagateValuesOnChangeOnly:231667:125
1755225087:updateInputs:231834:0
1755225087:updateComponents:231875:84
1755225087:propagateValuesOnChangeOnly:231959:125
1755225087:updateInputs:232125:42
1755225087:updateComponents:232209:41
1755225087:propagateValuesOnChangeOnly:232292:125
1755225087:updateInputs:232459:0
1755225087:updateComponents:232500:84
1755225087:propagateValuesOnChangeOnly:232584:125
1755225087:updateInputs:232792:0
1755225087:updateComponents:232834:83
1755225087:propagateValuesOnChangeOnly:232917:125
1755225087:updateInputs:233125:0
1755225087:updateComponents:233167:42
1755225087:propagateValuesOnChangeOnly:233250:167
1755225087:updateInputs:233459:41
1755225087:updateComponents:233542:83
1755225087:propagateValuesOnChangeOnly:233625:125
1755225087:updateInputs:234375:42
1755225087:updateComponents:234459:41
1755225087:propagateValuesOnChangeOnly:234542:125
1755225087:updateInputs:234709:41
1755225087:updateComponents:234792:42
1755225087:propagateValuesOnChangeOnly:234875:125
1755225087:updateInputs:235042:42
1755225087:updateComponents:235125:42
1755225087:propagateValuesOnChangeOnly:235209:125
1755225087:updateInputs:235375:42
1755225087:updateComponents:235459:41
1755225087:propagateValuesOnChangeOnly:235542:125
1755225087:updateInputs:235709:41
1755225087:updateComponents:235750:84
1755225087:propagateValuesOnChangeOnly:235875:125
1755225087:updateInputs:236042:0
1755225087:updateComponents:236084:41
1755225087:propagateValuesOnChangeOnly:236167:125
1755225087:updateInputs:236334:41
1755225087:updateComponents:237375:42
1755225087:propagateValuesOnChangeOnly:237459:125
1755225087:updateInputs:237667:0
1755225087:updateComponents:237709:41
1755225087:propagateValuesOnChangeOnly:237792:125
1755225087:updateInputs:237959:41
1755225087:updateComponents:238000:84
1755225087:propagateValuesOnChangeOnly:238084:166
1755225087:updateInputs:238292:0
1755225087:updateComponents:238334:83
1755225087:propagateValuesOnChangeOnly:238417:125
1755225087:updateInputs:238584:41
1755225087:updateComponents:238667:42
1755225087:propagateValuesOnChangeOnly:238750:125
1755225087:updateInputs:238917:42
1755225087:updateComponents:238959:83
1755225087:propagateValuesOnChangeOnly:239084:125
1755225087:updateInputs:239250:42
1755225087:updateComponents:239292:83
1755225087:propagateValuesOnChangeOnly:239375:125
1755225087:updateInputs:239584:0
1755225087:updateComponents:239625:84
1755225087:propagateValuesOnChangeOnly:239709:166
1755225087:updateInputs:239917:0
1755225087:updateComponents:239959:41
1755225087:propagateValuesOnChangeOnly:240042:125
1755225087:updateInputs:240209:41
1755225087:updateComponents:240292:42
1755225087:propagateValuesOnChangeOnly:240375:125
1755225087:updateInputs:240542:42
1755225087:updateComponents:240584:83
1755225087:propagateValuesOnChangeOnly:240709:125
1755225087:updateInputs:240875:0
1755225087:updateComponents:240917:83
1755225087:propagateValuesOnChangeOnly:241000:167
1755225087:updateInputs:241209:0
1755225087:updateComponents:241250:84
1755225087:propagateValuesOnChangeOnly:241334:125
1755225087:updateInputs:241542:0
1755225087:updateComponents:241584:41
1755225087:propagateValuesOnChangeOnly:241667:125
1755225087:updateInputs:241834:41
1755225087:updateComponents:241875:84
1755225087:propagateValuesOnChangeOnly:242000:125
1755225087:updateInputs:242167:0
1755225087:updateComponents:242209:83
1755225087:propagateValuesOnChangeOnly:242292:125
1755225087:updateInputs:242500:0
1755225087:updateComponents:242542:42
1755225087:propagateValuesOnChangeOnly:242625:125
1755225087:updateInputs:242792:42
1755225087:updateComponents:242834:83
1755225087:propagateValuesOnChangeOnly:242959:125
1755225087:updateInputs:243125:42
1755225087:updateComponents:243167:83
1755225087:propagateValuesOnChangeOnly:243250:125
1755225087:updateInputs:243459:0
1755225087:updateComponents:243500:42
1755225087:propagateValuesOnChangeOnly:243584:125
1755225087:updateInputs:243750:42
1755225087:updateComponents:243834:41
1755225087:propagateValuesOnChangeOnly:243917:125
1755225087:Run loop:55250:188834
1755225087:main:42:249542
