Title:8-bit register with enable test
578029928:updateInputs:2970666:1084
578029928:updateComponents:2994375:9041
578029928:Init circuit:2451208:593750
578029928:updateInputs:3046458:958
578029928:updateComponents:3047875:7958
578029928:propagateValuesOnChangeOnly:3057291:12042
578029928:updateInputs:3089250:625
578029928:updateComponents:3090333:7167
578029928:propagateValuesOnChangeOnly:3098041:11625
578029928:updateInputs:3131333:667
578029928:updateComponents:3132458:7000
578029928:propagateValuesOnChangeOnly:3139958:11333
578029928:updateInputs:3170916:625
578029928:updateComponents:3171958:6875
578029928:propagateValuesOnChangeOnly:3179333:11208
578029928:updateInputs:3209750:708
578029928:updateComponents:3210958:6958
578029928:propagateValuesOnChangeOnly:3220833:11208
578029928:updateInputs:3251458:667
578029928:updateComponents:3252583:6917
578029928:propagateValuesOnChangeOnly:3260000:12083
578029928:updateInputs:3291500:666
578029928:updateComponents:3292666:6917
578029928:propagateValuesOnChangeOnly:3300000:13250
578029928:updateInputs:3332458:625
578029928:updateComponents:3333500:6958
578029928:propagateValuesOnChangeOnly:3340916:12625
578029928:updateInputs:3373625:625
578029928:updateComponents:3374625:6750
578029928:propagateValuesOnChangeOnly:3381833:12667
578029928:updateInputs:3413583:917
578029928:updateComponents:3414916:6667
578029928:propagateValuesOnChangeOnly:3422041:11709
578029928:updateInputs:3457333:875
578029928:updateComponents:3458625:6750
578029928:propagateValuesOnChangeOnly:3465833:13500
578029928:updateInputs:3499041:709
578029928:updateComponents:3500208:6333
578029928:propagateValuesOnChangeOnly:3507041:13834
578029928:updateInputs:3540375:625
578029928:updateComponents:3541375:6750
578029928:propagateValuesOnChangeOnly:3548625:12875
578029928:updateInputs:3580833:583
578029928:updateComponents:3581833:6667
578029928:propagateValuesOnChangeOnly:3589000:11250
578029928:updateInputs:3619500:666
578029928:updateComponents:3620625:6375
578029928:propagateValuesOnChangeOnly:3627541:11209
578029928:updateInputs:3657958:625
578029928:updateComponents:3659041:6709
578029928:propagateValuesOnChangeOnly:3666250:12333
578029928:updateInputs:3698083:625
578029928:updateComponents:3699166:6709
578029928:propagateValuesOnChangeOnly:3706416:13167
578029928:updateInputs:3738958:625
578029928:updateComponents:3740041:6667
578029928:propagateValuesOnChangeOnly:3747250:12583
578029928:updateInputs:3779833:667
578029928:updateComponents:3780875:6750
578029928:propagateValuesOnChangeOnly:3788125:13375
578029928:updateInputs:3820916:792
578029928:updateComponents:3822166:6667
578029928:propagateValuesOnChangeOnly:3829291:13459
578029928:updateInputs:3862208:625
578029928:updateComponents:3863291:6709
578029928:propagateValuesOnChangeOnly:3879916:13459
578029928:updateInputs:3913125:666
578029928:updateComponents:3914208:6792
578029928:propagateValuesOnChangeOnly:3921458:14083
578029928:updateInputs:3955000:625
578029928:updateComponents:3956041:6750
578029928:propagateValuesOnChangeOnly:3963291:12917
578029928:updateInputs:3995375:625
578029928:updateComponents:3996458:6708
578029928:propagateValuesOnChangeOnly:4003666:11250
578029928:updateInputs:4034333:667
578029928:updateComponents:4035416:6709
578029928:propagateValuesOnChangeOnly:4042625:11333
578029928:updateInputs:4080541:625
578029928:updateComponents:4081666:6709
578029928:propagateValuesOnChangeOnly:4088875:12583
578029928:updateInputs:4120791:625
578029928:updateComponents:4121833:6708
578029928:propagateValuesOnChangeOnly:4129000:13208
578029928:updateInputs:4161541:667
578029928:updateComponents:4162666:6709
578029928:propagateValuesOnChangeOnly:4169833:12625
578029928:updateInputs:4201875:625
578029928:updateComponents:4202916:6667
578029928:propagateValuesOnChangeOnly:4210041:14250
578029928:updateInputs:4243625:833
578029928:updateComponents:4244916:6959
578029928:propagateValuesOnChangeOnly:4252375:12583
578029928:updateInputs:4284333:625
578029928:updateComponents:4285375:6750
578029928:propagateValuesOnChangeOnly:4292625:13041
578029928:updateInputs:4325083:542
578029928:updateComponents:4326041:6667
578029928:propagateValuesOnChangeOnly:4333166:13709
578029928:updateInputs:4366125:625
578029928:updateComponents:4367166:6667
578029928:propagateValuesOnChangeOnly:4374333:13000
578029928:updateInputs:4406416:667
578029928:updateComponents:4407541:6750
578029928:propagateValuesOnChangeOnly:4414708:11292
578029928:updateInputs:4445166:625
578029928:updateComponents:4446250:6750
578029928:propagateValuesOnChangeOnly:4453500:11208
578029928:updateInputs:4483833:625
578029928:updateComponents:4484916:6667
578029928:propagateValuesOnChangeOnly:4492000:12333
578029928:updateInputs:4523666:625
578029928:updateComponents:4524750:6875
578029928:propagateValuesOnChangeOnly:4532083:13417
578029928:updateInputs:4564708:625
578029928:updateComponents:4565791:6709
578029928:propagateValuesOnChangeOnly:4573000:12250
578029928:updateInputs:4604500:625
578029928:updateComponents:4605583:6750
578029928:propagateValuesOnChangeOnly:4612791:13542
578029928:updateInputs:4646250:916
578029928:updateComponents:4647583:6417
578029928:propagateValuesOnChangeOnly:4654500:13000
578029928:updateInputs:4686791:917
578029928:updateComponents:4688166:6625
578029928:propagateValuesOnChangeOnly:4695333:13417
578029928:updateInputs:4727958:708
578029928:updateComponents:4729083:6667
578029928:propagateValuesOnChangeOnly:4736250:13291
578029928:updateInputs:4781041:625
578029928:updateComponents:4782083:6875
578029928:propagateValuesOnChangeOnly:4789416:13792
578029928:updateInputs:4822333:583
578029928:updateComponents:4823375:6708
578029928:propagateValuesOnChangeOnly:4830625:12041
578029928:updateInputs:4861791:584
578029928:updateComponents:4862833:6667
578029928:propagateValuesOnChangeOnly:4870041:11334
578029928:updateInputs:4900500:583
578029928:updateComponents:4901541:6667
578029928:propagateValuesOnChangeOnly:4908708:12500
578029928:updateInputs:4940125:625
578029928:updateComponents:4941166:6667
578029928:propagateValuesOnChangeOnly:4948333:13375
578029928:updateInputs:4980708:583
578029928:updateComponents:4981791:6625
578029928:propagateValuesOnChangeOnly:4988916:12167
578029928:updateInputs:5020000:625
578029928:updateComponents:5021083:6833
578029928:propagateValuesOnChangeOnly:5028416:12625
578029928:updateInputs:5063458:750
578029928:updateComponents:5064625:6833
578029928:propagateValuesOnChangeOnly:5072000:11541
578029928:updateInputs:5102583:708
578029928:updateComponents:5103708:6708
578029928:propagateValuesOnChangeOnly:5110958:12333
578029928:updateInputs:5142291:667
578029928:updateComponents:5143416:6667
578029928:propagateValuesOnChangeOnly:5150583:11667
578029928:updateInputs:5181208:667
578029928:updateComponents:5182333:6667
578029928:propagateValuesOnChangeOnly:5189541:11084
578029928:updateInputs:5219583:625
578029928:updateComponents:5220666:6750
578029928:propagateValuesOnChangeOnly:5227958:11167
578029928:updateInputs:5258208:708
578029928:updateComponents:5259375:6666
578029928:propagateValuesOnChangeOnly:5266541:11167
578029928:updateInputs:5296666:667
578029928:updateComponents:5297791:6667
578029928:propagateValuesOnChangeOnly:5304958:12292
578029928:updateInputs:5336500:583
578029928:updateComponents:5337541:6667
578029928:propagateValuesOnChangeOnly:5344708:13208
578029928:updateInputs:5377083:583
578029928:updateComponents:5378125:6750
578029928:propagateValuesOnChangeOnly:5385416:12042
578029928:updateInputs:5416541:584
578029928:updateComponents:5417583:6750
578029928:propagateValuesOnChangeOnly:5424833:12583
578029928:updateInputs:5456375:750
578029928:updateComponents:5457541:6709
578029928:propagateValuesOnChangeOnly:5464750:11750
578029928:updateInputs:5495708:625
578029928:updateComponents:5496750:6666
578029928:propagateValuesOnChangeOnly:5503833:12500
578029928:updateInputs:5535375:625
578029928:updateComponents:5536416:6667
578029928:propagateValuesOnChangeOnly:5543541:12500
578029928:updateInputs:5575041:625
578029928:updateComponents:5576125:6666
578029928:propagateValuesOnChangeOnly:5583291:11334
578029928:updateInputs:5613416:584
578029928:updateComponents:5614458:6708
578029928:propagateValuesOnChangeOnly:5621666:11792
578029928:updateInputs:5652375:666
578029928:updateComponents:5653458:6667
578029928:propagateValuesOnChangeOnly:5660625:12000
578029928:updateInputs:5691708:583
578029928:updateComponents:5692708:6708
578029928:propagateValuesOnChangeOnly:5699958:12583
578029928:updateInputs:5731541:584
578029928:updateComponents:5732583:6750
578029928:propagateValuesOnChangeOnly:5739791:13292
578029928:updateInputs:5771958:625
578029928:updateComponents:5773041:6625
578029928:propagateValuesOnChangeOnly:5780083:12083
578029928:updateInputs:5811208:583
578029928:updateComponents:5812291:6792
578029928:propagateValuesOnChangeOnly:5819541:12584
578029928:updateInputs:5851125:708
578029928:updateComponents:5852291:6709
578029928:propagateValuesOnChangeOnly:5859458:11667
578029928:updateInputs:5890208:667
578029928:updateComponents:5891333:6708
578029928:propagateValuesOnChangeOnly:5898583:12542
578029928:updateInputs:5930125:666
578029928:updateComponents:5931250:6708
578029928:propagateValuesOnChangeOnly:5938416:11792
578029928:updateInputs:5969250:583
578029928:updateComponents:5970291:6709
578029928:propagateValuesOnChangeOnly:5977500:11166
578029928:updateInputs:6007625:625
578029928:updateComponents:6008625:6666
578029928:propagateValuesOnChangeOnly:6015791:11167
578029928:Run loop:3046416:2999417
578029928:main:1416:6243709
