Title: RAM test
4038160217:updateInputs:1126250:125
4038160217:updateComponents:1135334:11041
4038160217:Init circuit:681667:522167
4038160217:updateInputs:1203959:125
4038160217:updateComponents:1204125:10584
4038160217:propagateValuesOnChangeOnly:1215084:13708
4038160217:updateInputs:1246875:84
4038160217:updateComponents:1247000:10625
4038160217:propagateValuesOnChangeOnly:1257667:13250
4038160217:updateInputs:1289209:41
4038160217:updateComponents:1289292:10458
4038160217:propagateValuesOnChangeOnly:1299792:13000
4038160217:updateInputs:1330875:42
4038160217:updateComponents:1330959:10458
4038160217:propagateValuesOnChangeOnly:1341459:12958
4038160217:updateInputs:1372250:125
4038160217:updateComponents:1372417:10500
4038160217:propagateValuesOnChangeOnly:1383209:12958
4038160217:updateInputs:1414042:83
4038160217:updateComponents:1414125:10459
4038160217:propagateValuesOnChangeOnly:1424625:13250
4038160217:updateInputs:1455834:41
4038160217:updateComponents:1455917:10500
4038160217:propagateValuesOnChangeOnly:1466459:13125
4038160217:updateInputs:1497792:83
4038160217:updateComponents:1497917:10375
4038160217:propagateValuesOnChangeOnly:1508334:13250
4038160217:updateInputs:1539500:84
4038160217:updateComponents:1539625:10459
4038160217:propagateValuesOnChangeOnly:1550125:15209
4038160217:updateInputs:1583209:125
4038160217:updateComponents:1583375:10417
4038160217:propagateValuesOnChangeOnly:1593792:17417
4038160217:updateInputs:1629417:83
4038160217:updateComponents:1629542:10500
4038160217:propagateValuesOnChangeOnly:1640084:16583
4038160217:updateInputs:1674459:83
4038160217:updateComponents:1674584:10541
4038160217:propagateValuesOnChangeOnly:1685167:17375
4038160217:updateInputs:1720334:41
4038160217:updateComponents:1720417:10458
4038160217:propagateValuesOnChangeOnly:1730917:14917
4038160217:updateInputs:1763625:42
4038160217:updateComponents:1763709:10458
4038160217:propagateValuesOnChangeOnly:1774209:13208
4038160217:updateInputs:1805125:42
4038160217:updateComponents:1805209:10500
4038160217:propagateValuesOnChangeOnly:1815750:13042
4038160217:updateInputs:1846959:41
4038160217:updateComponents:1847042:10375
4038160217:propagateValuesOnChangeOnly:1857459:12791
4038160217:updateInputs:1888167:42
4038160217:updateComponents:1888250:10500
4038160217:propagateValuesOnChangeOnly:1898792:12958
4038160217:updateInputs:1929500:42
4038160217:updateComponents:1929584:10458
4038160217:propagateValuesOnChangeOnly:1940084:12958
4038160217:updateInputs:1970750:84
4038160217:updateComponents:1970834:10541
4038160217:propagateValuesOnChangeOnly:1981417:13000
4038160217:updateInputs:2012209:83
4038160217:updateComponents:2012334:10500
4038160217:propagateValuesOnChangeOnly:2022875:13000
4038160217:updateInputs:2053792:42
4038160217:updateComponents:2053875:10459
4038160217:propagateValuesOnChangeOnly:2064667:13042
4038160217:updateInputs:2095459:41
4038160217:updateComponents:2095542:10500
4038160217:propagateValuesOnChangeOnly:2106084:12750
4038160217:updateInputs:2136625:42
4038160217:updateComponents:2136709:10500
4038160217:propagateValuesOnChangeOnly:2147250:13084
4038160217:updateInputs:2178042:42
4038160217:updateComponents:2178125:10459
4038160217:propagateValuesOnChangeOnly:2188625:12959
4038160217:updateInputs:2219417:42
4038160217:updateComponents:2219500:10459
4038160217:propagateValuesOnChangeOnly:2230000:12875
4038160217:updateInputs:2260709:41
4038160217:updateComponents:2260792:10500
4038160217:propagateValuesOnChangeOnly:2271334:12916
4038160217:updateInputs:2302000:42
4038160217:updateComponents:2302084:10458
4038160217:propagateValuesOnChangeOnly:2312584:12833
4038160217:updateInputs:2343250:42
4038160217:updateComponents:2343334:10458
4038160217:propagateValuesOnChangeOnly:2353834:13416
4038160217:updateInputs:2385042:42
4038160217:updateComponents:2385125:10459
4038160217:propagateValuesOnChangeOnly:2395625:13209
4038160217:updateInputs:2426625:42
4038160217:updateComponents:2426709:10500
4038160217:propagateValuesOnChangeOnly:2437250:12834
4038160217:updateInputs:2468084:41
4038160217:updateComponents:2468167:10417
4038160217:propagateValuesOnChangeOnly:2478625:12875
4038160217:updateInputs:2509584:41
4038160217:updateComponents:2509667:10458
4038160217:propagateValuesOnChangeOnly:2520167:12917
4038160217:updateInputs:2550834:41
4038160217:updateComponents:2550917:10458
4038160217:propagateValuesOnChangeOnly:2561417:12958
4038160217:updateInputs:2592209:41
4038160217:updateComponents:2592292:10458
4038160217:propagateValuesOnChangeOnly:2602792:13167
4038160217:updateInputs:2633792:42
4038160217:updateComponents:2633875:10542
4038160217:propagateValuesOnChangeOnly:2644417:12917
4038160217:updateInputs:2675084:41
4038160217:updateComponents:2675167:10500
4038160217:propagateValuesOnChangeOnly:2685709:12875
4038160217:updateInputs:2716334:41
4038160217:updateComponents:2716417:10500
4038160217:propagateValuesOnChangeOnly:2726959:12958
4038160217:updateInputs:2757667:42
4038160217:updateComponents:2757750:10459
4038160217:propagateValuesOnChangeOnly:2768250:13000
4038160217:updateInputs:2799084:41
4038160217:updateComponents:2799167:10458
4038160217:propagateValuesOnChangeOnly:2809667:12958
4038160217:updateInputs:2840375:42
4038160217:updateComponents:2840459:10500
4038160217:propagateValuesOnChangeOnly:2851000:12917
4038160217:updateInputs:2881709:83
4038160217:updateComponents:2881834:10458
4038160217:propagateValuesOnChangeOnly:2892334:12875
4038160217:updateInputs:2922959:83
4038160217:updateComponents:2923084:10375
4038160217:propagateValuesOnChangeOnly:2933542:13125
4038160217:updateInputs:2965084:83
4038160217:updateComponents:2965209:10500
4038160217:propagateValuesOnChangeOnly:2975792:13708
4038160217:updateInputs:3007292:42
4038160217:updateComponents:3007375:10459
4038160217:propagateValuesOnChangeOnly:3017917:13500
4038160217:updateInputs:3049084:41
4038160217:updateComponents:3049167:10458
4038160217:propagateValuesOnChangeOnly:3059667:12958
4038160217:updateInputs:3090375:42
4038160217:updateComponents:3090459:10416
4038160217:propagateValuesOnChangeOnly:3100917:13042
4038160217:updateInputs:3131709:41
4038160217:updateComponents:3131834:10458
4038160217:propagateValuesOnChangeOnly:3142334:13083
4038160217:updateInputs:3173167:83
4038160217:updateComponents:3173250:10417
4038160217:propagateValuesOnChangeOnly:3183709:12958
4038160217:updateInputs:3214625:42
4038160217:updateComponents:3214709:10458
4038160217:propagateValuesOnChangeOnly:3225209:13000
4038160217:updateInputs:3255959:41
4038160217:updateComponents:3256042:10500
4038160217:propagateValuesOnChangeOnly:3266584:12958
4038160217:updateInputs:3297334:41
4038160217:updateComponents:3297417:10458
4038160217:propagateValuesOnChangeOnly:3307917:13000
4038160217:updateInputs:3338792:42
4038160217:updateComponents:3338875:10459
4038160217:propagateValuesOnChangeOnly:3349417:13042
4038160217:updateInputs:3380209:83
4038160217:updateComponents:3380292:10542
4038160217:propagateValuesOnChangeOnly:3390834:13000
4038160217:updateInputs:3421709:41
4038160217:updateComponents:3421792:10458
4038160217:propagateValuesOnChangeOnly:3432292:12917
4038160217:updateInputs:3462917:83
4038160217:updateComponents:3463042:10458
4038160217:propagateValuesOnChangeOnly:3473542:12958
4038160217:updateInputs:3504375:84
4038160217:updateComponents:3504500:10417
4038160217:propagateValuesOnChangeOnly:3514959:13208
4038160217:updateInputs:3546000:42
4038160217:updateComponents:3546084:10458
4038160217:propagateValuesOnChangeOnly:3556584:12875
4038160217:updateInputs:3587375:42
4038160217:updateComponents:3587459:10416
4038160217:propagateValuesOnChangeOnly:3597917:13083
4038160217:updateInputs:3628750:42
4038160217:updateComponents:3628834:10500
4038160217:propagateValuesOnChangeOnly:3639375:13000
4038160217:updateInputs:3670125:84
4038160217:updateComponents:3670250:10417
4038160217:propagateValuesOnChangeOnly:3680750:12875
4038160217:updateInputs:3711375:84
4038160217:updateComponents:3711500:10459
4038160217:propagateValuesOnChangeOnly:3722000:13000
4038160217:updateInputs:3752792:42
4038160217:updateComponents:3752875:10459
4038160217:propagateValuesOnChangeOnly:3763375:13250
4038160217:updateInputs:3794459:41
4038160217:updateComponents:3794542:10458
4038160217:propagateValuesOnChangeOnly:3805042:13917
4038160217:updateInputs:3836709:83
4038160217:updateComponents:3836834:10416
4038160217:propagateValuesOnChangeOnly:3847334:13291
4038160217:updateInputs:3878834:41
4038160217:updateComponents:3878917:10417
4038160217:propagateValuesOnChangeOnly:3889375:13042
4038160217:updateInputs:3920167:42
4038160217:updateComponents:3920250:10459
4038160217:propagateValuesOnChangeOnly:3930750:13167
4038160217:updateInputs:3961667:42
4038160217:updateComponents:3961750:10459
4038160217:propagateValuesOnChangeOnly:3972250:13000
4038160217:updateInputs:4003084:41
4038160217:updateComponents:4003167:10417
4038160217:propagateValuesOnChangeOnly:4013667:13000
4038160217:updateInputs:4044334:41
4038160217:updateComponents:4044417:10458
4038160217:propagateValuesOnChangeOnly:4054917:12875
4038160217:updateInputs:4085667:42
4038160217:updateComponents:4085750:10459
4038160217:propagateValuesOnChangeOnly:4096250:13084
4038160217:updateInputs:4127167:42
4038160217:updateComponents:4127250:10459
4038160217:propagateValuesOnChangeOnly:4137750:12959
4038160217:updateInputs:4168542:42
4038160217:updateComponents:4168625:10417
4038160217:propagateValuesOnChangeOnly:4179125:12917
4038160217:updateInputs:4209959:41
4038160217:updateComponents:4210042:10458
4038160217:propagateValuesOnChangeOnly:4220542:13000
4038160217:updateInputs:4251334:41
4038160217:updateComponents:4251417:10458
4038160217:propagateValuesOnChangeOnly:4261917:12958
4038160217:updateInputs:4292750:42
4038160217:updateComponents:4292834:10500
4038160217:propagateValuesOnChangeOnly:4303375:12959
4038160217:updateInputs:4334334:41
4038160217:updateComponents:4334417:10458
4038160217:propagateValuesOnChangeOnly:4344917:12917
4038160217:updateInputs:4375792:42
4038160217:updateComponents:4375875:10459
4038160217:propagateValuesOnChangeOnly:4386375:12875
4038160217:updateInputs:4417042:83
4038160217:updateComponents:4417125:10500
4038160217:propagateValuesOnChangeOnly:4427667:13042
4038160217:updateInputs:4458459:41
4038160217:updateComponents:4458584:10375
4038160217:propagateValuesOnChangeOnly:4469000:12959
4038160217:updateInputs:4499750:84
4038160217:updateComponents:4499875:10459
4038160217:propagateValuesOnChangeOnly:4510375:13042
4038160217:updateInputs:4541292:83
4038160217:updateComponents:4541417:10458
4038160217:propagateValuesOnChangeOnly:4551917:13042
4038160217:updateInputs:4582792:42
4038160217:updateComponents:4582875:10459
4038160217:propagateValuesOnChangeOnly:4593375:13084
4038160217:updateInputs:4624209:41
4038160217:updateComponents:4624292:10458
4038160217:propagateValuesOnChangeOnly:4634792:13000
4038160217:updateInputs:4665625:42
4038160217:updateComponents:4665709:10458
4038160217:propagateValuesOnChangeOnly:4676209:12916
4038160217:updateInputs:4706875:42
4038160217:updateComponents:4706959:10458
4038160217:propagateValuesOnChangeOnly:4719417:12958
4038160217:updateInputs:4750250:42
4038160217:updateComponents:4750334:10458
4038160217:propagateValuesOnChangeOnly:4760834:12833
4038160217:updateInputs:4791542:42
4038160217:updateComponents:4791584:10541
4038160217:propagateValuesOnChangeOnly:4802167:12917
4038160217:updateInputs:4832750:42
4038160217:updateComponents:4832834:10416
4038160217:propagateValuesOnChangeOnly:4843292:12917
4038160217:updateInputs:4873959:41
4038160217:updateComponents:4874084:10500
4038160217:propagateValuesOnChangeOnly:4884625:13000
4038160217:updateInputs:4915459:41
4038160217:updateComponents:4915542:10417
4038160217:propagateValuesOnChangeOnly:4926000:12917
4038160217:updateInputs:4956709:41
4038160217:updateComponents:4956792:10417
4038160217:propagateValuesOnChangeOnly:4967250:13000
4038160217:updateInputs:4998042:83
4038160217:updateComponents:4998167:10417
4038160217:propagateValuesOnChangeOnly:5008625:13000
4038160217:updateInputs:5039417:42
4038160217:updateComponents:5039500:10500
4038160217:propagateValuesOnChangeOnly:5050042:13125
4038160217:updateInputs:5080875:42
4038160217:updateComponents:5080959:10458
4038160217:propagateValuesOnChangeOnly:5091459:13208
4038160217:updateInputs:5122417:83
4038160217:updateComponents:5122500:10500
4038160217:propagateValuesOnChangeOnly:5133042:13083
4038160217:updateInputs:5163959:41
4038160217:updateComponents:5164042:10417
4038160217:propagateValuesOnChangeOnly:5174500:12959
4038160217:updateInputs:5205167:42
4038160217:updateComponents:5205250:10417
4038160217:propagateValuesOnChangeOnly:5215709:12875
4038160217:updateInputs:5246334:83
4038160217:updateComponents:5246459:10500
4038160217:propagateValuesOnChangeOnly:5257000:12834
4038160217:updateInputs:5287625:42
4038160217:updateComponents:5287709:10458
4038160217:propagateValuesOnChangeOnly:5298209:13083
4038160217:updateInputs:5329167:42
4038160217:updateComponents:5329250:10459
4038160217:propagateValuesOnChangeOnly:5339750:12875
4038160217:updateInputs:5370542:42
4038160217:updateComponents:5370625:10459
4038160217:propagateValuesOnChangeOnly:5381125:14459
4038160217:updateInputs:5413459:41
4038160217:updateComponents:5413542:10417
4038160217:propagateValuesOnChangeOnly:5424000:15334
4038160217:updateInputs:5457167:42
4038160217:updateComponents:5457250:10459
4038160217:propagateValuesOnChangeOnly:5467750:13917
4038160217:updateInputs:5499500:42
4038160217:updateComponents:5499584:10458
4038160217:propagateValuesOnChangeOnly:5510084:15875
4038160217:updateInputs:5543625:84
4038160217:updateComponents:5543750:10417
4038160217:propagateValuesOnChangeOnly:5554209:14708
4038160217:updateInputs:5586625:42
4038160217:updateComponents:5586750:10417
4038160217:propagateValuesOnChangeOnly:5597250:12959
4038160217:updateInputs:5628000:84
4038160217:updateComponents:5628125:10459
4038160217:propagateValuesOnChangeOnly:5638625:13000
4038160217:updateInputs:5669334:83
4038160217:updateComponents:5669417:10458
4038160217:propagateValuesOnChangeOnly:5679917:13042
4038160217:updateInputs:5710709:41
4038160217:updateComponents:5710792:10375
4038160217:propagateValuesOnChangeOnly:5721209:13000
4038160217:updateInputs:5752000:42
4038160217:updateComponents:5752084:10458
4038160217:propagateValuesOnChangeOnly:5762584:13125
4038160217:updateInputs:5793459:41
4038160217:updateComponents:5793542:10417
4038160217:propagateValuesOnChangeOnly:5804042:13000
4038160217:updateInputs:5834834:83
4038160217:updateComponents:5834959:10458
4038160217:propagateValuesOnChangeOnly:5845459:13000
4038160217:updateInputs:5876292:42
4038160217:updateComponents:5876375:10417
4038160217:propagateValuesOnChangeOnly:5886834:13000
4038160217:updateInputs:5917625:42
4038160217:updateComponents:5917709:10541
4038160217:propagateValuesOnChangeOnly:5928292:12917
4038160217:updateInputs:5959084:41
4038160217:updateComponents:5959167:10500
4038160217:propagateValuesOnChangeOnly:5969709:12875
4038160217:updateInputs:6000334:41
4038160217:updateComponents:6000417:10458
4038160217:propagateValuesOnChangeOnly:6010917:12833
4038160217:updateInputs:6041500:42
4038160217:updateComponents:6041584:10458
4038160217:propagateValuesOnChangeOnly:6052125:12875
4038160217:updateInputs:6082834:41
4038160217:updateComponents:6082917:10458
4038160217:propagateValuesOnChangeOnly:6093417:13000
4038160217:updateInputs:6124167:42
4038160217:updateComponents:6124250:10459
4038160217:propagateValuesOnChangeOnly:6134750:12959
4038160217:updateInputs:6165459:41
4038160217:updateComponents:6165542:10500
4038160217:propagateValuesOnChangeOnly:6176084:13041
4038160217:updateInputs:6207084:41
4038160217:updateComponents:6207167:20750
4038160217:propagateValuesOnChangeOnly:6227959:12958
4038160217:updateInputs:6258709:41
4038160217:updateComponents:6258792:10583
4038160217:propagateValuesOnChangeOnly:6269417:13083
4038160217:updateInputs:6300250:42
4038160217:updateComponents:6300334:10500
4038160217:propagateValuesOnChangeOnly:6310875:13042
4038160217:updateInputs:6341959:41
4038160217:updateComponents:6342042:11125
4038160217:propagateValuesOnChangeOnly:6353209:13541
4038160217:updateInputs:6385125:42
4038160217:updateComponents:6385250:11084
4038160217:propagateValuesOnChangeOnly:6396375:13042
4038160217:updateInputs:6427125:42
4038160217:updateComponents:6427209:10541
4038160217:propagateValuesOnChangeOnly:6437792:12875
4038160217:updateInputs:6468500:42
4038160217:updateComponents:6468584:10500
4038160217:propagateValuesOnChangeOnly:6479125:12959
4038160217:updateInputs:6509875:42
4038160217:updateComponents:6509959:10458
4038160217:propagateValuesOnChangeOnly:6520459:13000
4038160217:updateInputs:6551250:42
4038160217:updateComponents:6551292:10500
4038160217:propagateValuesOnChangeOnly:6561834:12958
4038160217:updateInputs:6592584:41
4038160217:updateComponents:6592667:10458
4038160217:propagateValuesOnChangeOnly:6603167:12958
4038160217:updateInputs:6636667:42
4038160217:updateComponents:6636750:10500
4038160217:propagateValuesOnChangeOnly:6647292:12917
4038160217:updateInputs:6678000:42
4038160217:updateComponents:6678084:10541
4038160217:propagateValuesOnChangeOnly:6688667:13042
4038160217:updateInputs:6719459:41
4038160217:updateComponents:6719542:10458
4038160217:propagateValuesOnChangeOnly:6730042:12833
4038160217:updateInputs:6760584:83
4038160217:updateComponents:6760709:10458
4038160217:propagateValuesOnChangeOnly:6771209:12875
4038160217:updateInputs:6801792:83
4038160217:updateComponents:6801917:10458
4038160217:propagateValuesOnChangeOnly:6812417:12958
4038160217:updateInputs:6843167:42
4038160217:updateComponents:6843250:10500
4038160217:propagateValuesOnChangeOnly:6853792:12875
4038160217:updateInputs:6884417:83
4038160217:updateComponents:6884500:10500
4038160217:propagateValuesOnChangeOnly:6895042:13000
4038160217:updateInputs:6925834:41
4038160217:updateComponents:6925917:10458
4038160217:propagateValuesOnChangeOnly:6936417:13000
4038160217:updateInputs:6967292:42
4038160217:updateComponents:6967375:10459
4038160217:propagateValuesOnChangeOnly:6977875:12875
4038160217:updateInputs:7008417:83
4038160217:updateComponents:7008542:10458
4038160217:propagateValuesOnChangeOnly:7019042:12875
4038160217:updateInputs:7049834:41
4038160217:updateComponents:7049917:10542
4038160217:propagateValuesOnChangeOnly:7060500:13042
4038160217:updateInputs:7091250:42
4038160217:updateComponents:7091334:10458
4038160217:propagateValuesOnChangeOnly:7101834:12875
4038160217:updateInputs:7132584:41
4038160217:updateComponents:7132667:10500
4038160217:propagateValuesOnChangeOnly:7143209:12916
4038160217:updateInputs:7173792:83
4038160217:updateComponents:7173917:10417
4038160217:propagateValuesOnChangeOnly:7184375:13000
4038160217:updateInputs:7215125:42
4038160217:updateComponents:7215209:10458
4038160217:propagateValuesOnChangeOnly:7225709:12875
4038160217:updateInputs:7256375:42
4038160217:updateComponents:7256459:10500
4038160217:propagateValuesOnChangeOnly:7267000:13000
4038160217:updateInputs:7297750:42
4038160217:updateComponents:7297834:10416
4038160217:propagateValuesOnChangeOnly:7308292:12917
4038160217:updateInputs:7339125:42
4038160217:updateComponents:7339209:10458
4038160217:propagateValuesOnChangeOnly:7349709:12875
4038160217:updateInputs:7380375:42
4038160217:updateComponents:7380459:10500
4038160217:propagateValuesOnChangeOnly:7391000:12917
4038160217:Run loop:1203959:6217833
4038160217:main:42:8006958
