Title: 8-bit register test
3629889310:updateInputs:105417:83
3629889310:updateComponents:113750:959
3629889310:Init circuit:74250:46875
3629889310:updateInputs:121292:125
3629889310:updateComponents:121459:625
3629889310:propagateValuesOnChangeOnly:122209:1000
3629889310:updateInputs:123375:84
3629889310:updateComponents:123500:584
3629889310:propagateValuesOnChangeOnly:124125:917
3629889310:updateInputs:125250:42
3629889310:updateComponents:125334:583
3629889310:propagateValuesOnChangeOnly:125959:833
3629889310:updateInputs:126875:42
3629889310:updateComponents:126959:583
3629889310:propagateValuesOnChangeOnly:127584:791
3629889310:updateInputs:128417:83
3629889310:updateComponents:128542:583
3629889310:propagateValuesOnChangeOnly:129292:792
3629889310:updateInputs:133375:84
3629889310:updateComponents:133459:583
3629889310:propagateValuesOnChangeOnly:134084:916
3629889310:updateInputs:135084:41
3629889310:updateComponents:135167:542
3629889310:propagateValuesOnChangeOnly:135750:1167
3629889310:updateInputs:137000:42
3629889310:updateComponents:137042:583
3629889310:propagateValuesOnChangeOnly:137667:958
3629889310:updateInputs:138709:41
3629889310:updateComponents:138750:584
3629889310:propagateValuesOnChangeOnly:139375:959
3629889310:updateInputs:140417:125
3629889310:updateComponents:140584:583
3629889310:propagateValuesOnChangeOnly:141167:917
3629889310:updateInputs:145417:125
3629889310:updateComponents:145584:541
3629889310:propagateValuesOnChangeOnly:146167:1125
3629889310:updateInputs:147375:42
3629889310:updateComponents:147459:583
3629889310:propagateValuesOnChangeOnly:148042:1042
3629889310:updateInputs:149209:0
3629889310:updateComponents:149250:584
3629889310:propagateValuesOnChangeOnly:149875:1000
3629889310:updateInputs:150959:41
3629889310:updateComponents:151000:584
3629889310:propagateValuesOnChangeOnly:151625:834
3629889310:updateInputs:152542:42
3629889310:updateComponents:152625:584
3629889310:propagateValuesOnChangeOnly:153209:791
3629889310:updateInputs:157042:42
3629889310:updateComponents:157125:584
3629889310:propagateValuesOnChangeOnly:157750:917
3629889310:updateInputs:158709:41
3629889310:updateComponents:158792:583
3629889310:propagateValuesOnChangeOnly:159375:1042
3629889310:updateInputs:160500:42
3629889310:updateComponents:160542:583
3629889310:propagateValuesOnChangeOnly:161167:958
3629889310:updateInputs:162209:41
3629889310:updateComponents:162292:542
3629889310:propagateValuesOnChangeOnly:162875:1084
3629889310:updateInputs:164042:83
3629889310:updateComponents:164167:583
3629889310:propagateValuesOnChangeOnly:164750:1084
3629889310:updateInputs:169042:42
3629889310:updateComponents:169084:583
3629889310:propagateValuesOnChangeOnly:169959:1000
3629889310:updateInputs:171042:42
3629889310:updateComponents:171167:542
3629889310:propagateValuesOnChangeOnly:171750:1000
3629889310:updateInputs:172834:41
3629889310:updateComponents:172875:584
3629889310:propagateValuesOnChangeOnly:173500:917
3629889310:updateInputs:174459:41
3629889310:updateComponents:174542:583
3629889310:propagateValuesOnChangeOnly:175167:792
3629889310:updateInputs:176042:42
3629889310:updateComponents:176125:584
3629889310:propagateValuesOnChangeOnly:176709:833
3629889310:updateInputs:180459:41
3629889310:updateComponents:180542:583
3629889310:propagateValuesOnChangeOnly:181125:959
3629889310:updateInputs:182125:42
3629889310:updateComponents:182209:583
3629889310:propagateValuesOnChangeOnly:182792:1083
3629889310:updateInputs:183959:41
3629889310:updateComponents:184042:542
3629889310:propagateValuesOnChangeOnly:184625:1000
3629889310:updateInputs:185709:41
3629889310:updateComponents:185792:542
3629889310:propagateValuesOnChangeOnly:186375:1167
3629889310:updateInputs:187625:84
3629889310:updateComponents:187750:584
3629889310:propagateValuesOnChangeOnly:188375:917
3629889310:updateInputs:192292:42
3629889310:updateComponents:192334:583
3629889310:propagateValuesOnChangeOnly:192959:1041
3629889310:updateInputs:194042:42
3629889310:updateComponents:194125:584
3629889310:propagateValuesOnChangeOnly:194750:959
3629889310:updateInputs:195792:42
3629889310:updateComponents:195875:584
3629889310:propagateValuesOnChangeOnly:196500:917
3629889310:updateInputs:197459:41
3629889310:updateComponents:197542:583
3629889310:propagateValuesOnChangeOnly:198125:834
3629889310:updateInputs:199000:42
3629889310:updateComponents:199084:583
3629889310:propagateValuesOnChangeOnly:199709:791
3629889310:updateInputs:203459:41
3629889310:updateComponents:203542:583
3629889310:propagateValuesOnChangeOnly:204125:959
3629889310:updateInputs:205125:42
3629889310:updateComponents:205209:583
3629889310:propagateValuesOnChangeOnly:205834:1000
3629889310:updateInputs:206917:42
3629889310:updateComponents:207000:584
3629889310:propagateValuesOnChangeOnly:207584:1000
3629889310:updateInputs:208667:42
3629889310:updateComponents:208709:583
3629889310:propagateValuesOnChangeOnly:209334:1041
3629889310:updateInputs:210459:83
3629889310:updateComponents:210584:583
3629889310:propagateValuesOnChangeOnly:211209:1000
3629889310:updateInputs:215125:84
3629889310:updateComponents:215209:583
3629889310:propagateValuesOnChangeOnly:215834:1041
3629889310:updateInputs:216959:83
3629889310:updateComponents:217084:583
3629889310:propagateValuesOnChangeOnly:217667:1042
3629889310:updateInputs:220459:41
3629889310:updateComponents:220542:583
3629889310:propagateValuesOnChangeOnly:221167:1083
3629889310:updateInputs:222334:41
3629889310:updateComponents:222417:583
3629889310:propagateValuesOnChangeOnly:223000:917
3629889310:updateInputs:224000:42
3629889310:updateComponents:224084:583
3629889310:propagateValuesOnChangeOnly:224709:791
3629889310:updateInputs:228459:41
3629889310:updateComponents:228542:583
3629889310:propagateValuesOnChangeOnly:229167:875
3629889310:updateInputs:230125:42
3629889310:updateComponents:230209:583
3629889310:propagateValuesOnChangeOnly:230792:1042
3629889310:updateInputs:231917:42
3629889310:updateComponents:232000:584
3629889310:propagateValuesOnChangeOnly:232584:958
3629889310:updateInputs:233584:41
3629889310:updateComponents:233667:583
3629889310:propagateValuesOnChangeOnly:234250:959
3629889310:updateInputs:235292:83
3629889310:updateComponents:235417:542
3629889310:propagateValuesOnChangeOnly:236000:917
3629889310:updateInputs:240084:83
3629889310:updateComponents:240209:583
3629889310:propagateValuesOnChangeOnly:240834:916
3629889310:updateInputs:241792:83
3629889310:updateComponents:241875:584
3629889310:propagateValuesOnChangeOnly:242500:959
3629889310:updateInputs:243542:42
3629889310:updateComponents:243625:584
3629889310:propagateValuesOnChangeOnly:244209:916
3629889310:updateInputs:245209:41
3629889310:updateComponents:245250:584
3629889310:propagateValuesOnChangeOnly:245875:834
3629889310:updateInputs:246792:42
3629889310:updateComponents:246875:542
3629889310:propagateValuesOnChangeOnly:247459:833
3629889310:updateInputs:251167:42
3629889310:updateComponents:251209:583
3629889310:propagateValuesOnChangeOnly:251834:916
3629889310:updateInputs:252792:42
3629889310:updateComponents:252875:584
3629889310:propagateValuesOnChangeOnly:253500:1042
3629889310:updateInputs:254625:42
3629889310:updateComponents:254667:583
3629889310:propagateValuesOnChangeOnly:255292:958
3629889310:updateInputs:256334:41
3629889310:updateComponents:256417:583
3629889310:propagateValuesOnChangeOnly:257000:959
3629889310:updateInputs:258042:83
3629889310:updateComponents:258125:584
3629889310:propagateValuesOnChangeOnly:258750:917
3629889310:updateInputs:262584:41
3629889310:updateComponents:262667:583
3629889310:propagateValuesOnChangeOnly:263250:1000
3629889310:updateInputs:264334:41
3629889310:updateComponents:264417:583
3629889310:propagateValuesOnChangeOnly:265042:1042
3629889310:updateInputs:266167:42
3629889310:updateComponents:266209:583
3629889310:propagateValuesOnChangeOnly:266834:916
3629889310:updateInputs:267834:41
3629889310:updateComponents:267917:542
3629889310:propagateValuesOnChangeOnly:268500:959
3629889310:updateInputs:269542:83
3629889310:updateComponents:269625:584
3629889310:propagateValuesOnChangeOnly:270250:834
3629889310:updateInputs:274000:42
3629889310:updateComponents:274084:583
3629889310:propagateValuesOnChangeOnly:274667:917
3629889310:updateInputs:275667:42
3629889310:updateComponents:275750:584
3629889310:propagateValuesOnChangeOnly:276334:1041
3629889310:updateInputs:277459:41
3629889310:updateComponents:277542:583
3629889310:propagateValuesOnChangeOnly:278125:917
3629889310:updateInputs:279125:42
3629889310:updateComponents:279167:583
3629889310:propagateValuesOnChangeOnly:279792:958
3629889310:updateInputs:280834:41
3629889310:updateComponents:280917:583
3629889310:propagateValuesOnChangeOnly:281542:875
3629889310:updateInputs:285334:83
3629889310:updateComponents:285459:583
3629889310:propagateValuesOnChangeOnly:286042:958
3629889310:updateInputs:287042:42
3629889310:updateComponents:287125:584
3629889310:propagateValuesOnChangeOnly:287750:959
3629889310:updateInputs:288792:42
3629889310:updateComponents:288834:583
3629889310:propagateValuesOnChangeOnly:289459:875
3629889310:updateInputs:290417:42
3629889310:updateComponents:290500:542
3629889310:propagateValuesOnChangeOnly:291084:833
3629889310:Run loop:121292:170708
3629889310:main:125:331375
