Title: 4-bit address decoder test
569820065:updateInputs:52291:84
569820065:updateComponents:60541:334
569820065:Init circuit:38625:25916
569820065:updateInputs:64708:42
569820065:updateComponents:64791:292
569820065:propagateValuesOnChangeOnly:65208:458
569820065:updateInputs:68791:42
569820065:updateComponents:68875:166
569820065:propagateValuesOnChangeOnly:69041:375
569820065:updateInputs:72291:0
569820065:updateComponents:72333:167
569820065:propagateValuesOnChangeOnly:72500:333
569820065:updateInputs:75416:42
569820065:updateComponents:75500:125
569820065:propagateValuesOnChangeOnly:75666:375
569820065:updateInputs:78833:0
569820065:updateComponents:78875:125
569820065:propagateValuesOnChangeOnly:79125:333
569820065:updateInputs:82083:42
569820065:updateComponents:82166:125
569820065:propagateValuesOnChangeOnly:82333:292
569820065:updateInputs:85208:42
569820065:updateComponents:85291:125
569820065:propagateValuesOnChangeOnly:85458:417
569820065:updateInputs:88416:42
569820065:updateComponents:88500:125
569820065:propagateValuesOnChangeOnly:88666:292
569820065:updateInputs:91500:41
569820065:updateComponents:91583:125
569820065:propagateValuesOnChangeOnly:91750:291
569820065:updateInputs:94583:0
569820065:updateComponents:94625:125
569820065:propagateValuesOnChangeOnly:94791:375
569820065:updateInputs:98000:0
569820065:updateComponents:98041:125
569820065:propagateValuesOnChangeOnly:98250:291
569820065:updateInputs:101333:42
569820065:updateComponents:101416:167
569820065:propagateValuesOnChangeOnly:101583:292
569820065:updateInputs:104541:42
569820065:updateComponents:104583:167
569820065:propagateValuesOnChangeOnly:104750:541
569820065:updateInputs:107875:41
569820065:updateComponents:107916:167
569820065:propagateValuesOnChangeOnly:108083:333
569820065:updateInputs:111083:42
569820065:updateComponents:111166:125
569820065:propagateValuesOnChangeOnly:111333:292
569820065:updateInputs:114166:42
569820065:updateComponents:114208:167
569820065:propagateValuesOnChangeOnly:114375:375
569820065:updateInputs:117333:0
569820065:updateComponents:117375:125
569820065:propagateValuesOnChangeOnly:117541:334
569820065:updateInputs:120416:42
569820065:updateComponents:120500:125
569820065:propagateValuesOnChangeOnly:120666:292
569820065:updateInputs:123500:41
569820065:updateComponents:123583:125
569820065:propagateValuesOnChangeOnly:123750:416
569820065:updateInputs:126750:41
569820065:updateComponents:126791:167
569820065:propagateValuesOnChangeOnly:126958:333
569820065:updateInputs:129875:41
569820065:updateComponents:129958:167
569820065:propagateValuesOnChangeOnly:130375:333
569820065:updateInputs:133250:0
569820065:updateComponents:133291:167
569820065:propagateValuesOnChangeOnly:133458:375
569820065:updateInputs:136375:41
569820065:updateComponents:136416:167
569820065:propagateValuesOnChangeOnly:136625:291
569820065:updateInputs:139625:41
569820065:updateComponents:139666:167
569820065:propagateValuesOnChangeOnly:139833:292
569820065:updateInputs:142750:0
569820065:updateComponents:142791:167
569820065:propagateValuesOnChangeOnly:142958:583
569820065:updateInputs:146291:42
569820065:updateComponents:146375:125
569820065:propagateValuesOnChangeOnly:146541:292
569820065:updateInputs:149375:41
569820065:updateComponents:149458:167
569820065:propagateValuesOnChangeOnly:149625:291
569820065:updateInputs:152458:0
569820065:updateComponents:152500:125
569820065:propagateValuesOnChangeOnly:152666:375
569820065:updateInputs:155583:42
569820065:updateComponents:155625:166
569820065:propagateValuesOnChangeOnly:155791:334
569820065:updateInputs:158666:42
569820065:updateComponents:158708:167
569820065:propagateValuesOnChangeOnly:158916:292
569820065:updateInputs:161750:41
569820065:updateComponents:161791:167
569820065:propagateValuesOnChangeOnly:161958:458
569820065:updateInputs:164958:0
569820065:updateComponents:165000:166
569820065:propagateValuesOnChangeOnly:165166:334
569820065:updateInputs:168125:41
569820065:updateComponents:168208:125
569820065:propagateValuesOnChangeOnly:168375:291
569820065:updateInputs:171208:0
569820065:updateComponents:171250:125
569820065:propagateValuesOnChangeOnly:171416:375
569820065:updateInputs:174333:0
569820065:updateComponents:174375:125
569820065:propagateValuesOnChangeOnly:174541:292
569820065:updateInputs:177416:42
569820065:updateComponents:177500:125
569820065:propagateValuesOnChangeOnly:177666:292
569820065:updateInputs:180500:41
569820065:updateComponents:180541:167
569820065:propagateValuesOnChangeOnly:180708:542
569820065:updateInputs:183791:42
569820065:updateComponents:183875:125
569820065:propagateValuesOnChangeOnly:184041:292
569820065:updateInputs:186916:42
569820065:updateComponents:187000:125
569820065:propagateValuesOnChangeOnly:187166:292
569820065:updateInputs:190000:41
569820065:updateComponents:190083:125
569820065:propagateValuesOnChangeOnly:190250:333
569820065:updateInputs:193125:41
569820065:updateComponents:193166:167
569820065:propagateValuesOnChangeOnly:193333:333
569820065:updateInputs:196208:42
569820065:updateComponents:196250:166
569820065:propagateValuesOnChangeOnly:196416:292
569820065:updateInputs:200708:0
569820065:updateComponents:200750:125
569820065:propagateValuesOnChangeOnly:200958:417
569820065:updateInputs:203875:41
569820065:updateComponents:203916:167
569820065:propagateValuesOnChangeOnly:204083:333
569820065:updateInputs:207041:42
569820065:updateComponents:207125:125
569820065:propagateValuesOnChangeOnly:207291:292
569820065:updateInputs:210166:42
569820065:updateComponents:210208:167
569820065:propagateValuesOnChangeOnly:210375:375
569820065:updateInputs:213291:42
569820065:updateComponents:213333:167
569820065:propagateValuesOnChangeOnly:213500:333
569820065:updateInputs:216375:41
569820065:updateComponents:216458:125
569820065:propagateValuesOnChangeOnly:216625:291
569820065:updateInputs:219458:42
569820065:updateComponents:219500:166
569820065:propagateValuesOnChangeOnly:219666:584
569820065:Run loop:64708:158083
569820065:main:41:235542
