Title: Full adder test
1797227751:updateInputs:39125:84
1797227751:updateComponents:45667:333
1797227751:Init circuit:24709:25208
1797227751:updateInputs:50084:125
1797227751:updateComponents:50250:209
1797227751:propagateValuesOnChangeOnly:50625:292
1797227751:updateInputs:52542:83
1797227751:updateComponents:52667:167
1797227751:propagateValuesOnChangeOnly:52875:292
1797227751:updateInputs:54750:84
1797227751:updateComponents:54875:125
1797227751:propagateValuesOnChangeOnly:55000:292
1797227751:updateInputs:57042:83
1797227751:updateComponents:57167:125
1797227751:propagateValuesOnChangeOnly:57334:208
1797227751:updateInputs:59042:83
1797227751:updateComponents:59167:125
1797227751:propagateValuesOnChangeOnly:59459:250
1797227751:updateInputs:61125:84
1797227751:updateComponents:61250:167
1797227751:propagateValuesOnChangeOnly:61417:250
1797227751:updateInputs:63125:42
1797227751:updateComponents:63209:166
1797227751:propagateValuesOnChangeOnly:63375:250
1797227751:updateInputs:65084:41
1797227751:updateComponents:65167:167
1797227751:propagateValuesOnChangeOnly:65334:250
1797227751:updateInputs:67250:84
1797227751:updateComponents:67334:166
1797227751:propagateValuesOnChangeOnly:67542:208
1797227751:updateInputs:69167:125
1797227751:updateComponents:69334:125
1797227751:propagateValuesOnChangeOnly:69459:250
1797227751:updateInputs:71459:83
1797227751:updateComponents:71584:125
1797227751:propagateValuesOnChangeOnly:71750:250
1797227751:updateInputs:73500:42
1797227751:updateComponents:73584:166
1797227751:propagateValuesOnChangeOnly:73750:250
1797227751:updateInputs:75542:42
1797227751:updateComponents:75625:125
1797227751:propagateValuesOnChangeOnly:75792:208
1797227751:updateInputs:77500:42
1797227751:updateComponents:77584:125
1797227751:propagateValuesOnChangeOnly:77750:250
1797227751:updateInputs:79459:83
1797227751:updateComponents:79584:125
1797227751:propagateValuesOnChangeOnly:79750:209
1797227751:updateInputs:81417:83
1797227751:updateComponents:81500:167
1797227751:propagateValuesOnChangeOnly:81709:208
1797227751:updateInputs:83375:84
1797227751:updateComponents:83459:125
1797227751:propagateValuesOnChangeOnly:83625:209
1797227751:updateInputs:85334:83
1797227751:updateComponents:85417:167
1797227751:propagateValuesOnChangeOnly:85625:209
1797227751:updateInputs:87334:41
1797227751:updateComponents:87417:167
1797227751:propagateValuesOnChangeOnly:87584:208
1797227751:updateInputs:89542:125
1797227751:updateComponents:89667:167
1797227751:propagateValuesOnChangeOnly:89834:208
1797227751:updateInputs:91584:41
1797227751:updateComponents:91667:125
1797227751:propagateValuesOnChangeOnly:92000:334
1797227751:updateInputs:93834:41
1797227751:updateComponents:93917:125
1797227751:propagateValuesOnChangeOnly:94084:208
1797227751:updateInputs:95792:83
1797227751:updateComponents:95875:167
1797227751:propagateValuesOnChangeOnly:96042:208
1797227751:updateInputs:97750:84
1797227751:updateComponents:97834:166
1797227751:propagateValuesOnChangeOnly:98042:208
1797227751:updateInputs:99709:83
1797227751:updateComponents:99792:167
1797227751:propagateValuesOnChangeOnly:99959:208
1797227751:updateInputs:101667:42
1797227751:updateComponents:101750:125
1797227751:propagateValuesOnChangeOnly:101917:208
1797227751:updateInputs:103584:83
1797227751:updateComponents:103667:167
1797227751:propagateValuesOnChangeOnly:103875:209
1797227751:updateInputs:105542:83
1797227751:updateComponents:105625:167
1797227751:propagateValuesOnChangeOnly:105834:208
1797227751:updateInputs:107542:42
1797227751:updateComponents:107625:125
1797227751:propagateValuesOnChangeOnly:107792:208
1797227751:updateInputs:109459:83
1797227751:updateComponents:109584:125
1797227751:propagateValuesOnChangeOnly:109750:209
1797227751:updateInputs:111459:83
1797227751:updateComponents:111584:125
1797227751:propagateValuesOnChangeOnly:111750:250
1797227751:updateInputs:113500:42
1797227751:updateComponents:113584:125
1797227751:propagateValuesOnChangeOnly:113750:250
1797227751:updateInputs:115500:84
1797227751:updateComponents:115584:166
1797227751:propagateValuesOnChangeOnly:115750:250
1797227751:updateInputs:117459:83
1797227751:updateComponents:117542:167
1797227751:propagateValuesOnChangeOnly:117750:209
1797227751:updateInputs:119417:42
1797227751:updateComponents:119500:125
1797227751:propagateValuesOnChangeOnly:119667:208
1797227751:updateInputs:121334:83
1797227751:updateComponents:121417:167
1797227751:propagateValuesOnChangeOnly:121584:208
1797227751:updateInputs:123292:83
1797227751:updateComponents:123417:125
1797227751:propagateValuesOnChangeOnly:123584:208
1797227751:updateInputs:125250:84
1797227751:updateComponents:125375:125
1797227751:propagateValuesOnChangeOnly:125542:208
1797227751:updateInputs:127209:83
1797227751:updateComponents:127292:167
1797227751:propagateValuesOnChangeOnly:127459:250
1797227751:updateInputs:129167:125
1797227751:updateComponents:129334:125
1797227751:propagateValuesOnChangeOnly:129500:209
1797227751:updateInputs:131375:84
1797227751:updateComponents:131459:166
1797227751:propagateValuesOnChangeOnly:131625:250
1797227751:updateInputs:133375:84
1797227751:updateComponents:133459:166
1797227751:propagateValuesOnChangeOnly:133667:208
1797227751:updateInputs:137250:84
1797227751:updateComponents:137334:166
1797227751:propagateValuesOnChangeOnly:137542:208
1797227751:updateInputs:139250:84
1797227751:updateComponents:139334:166
1797227751:propagateValuesOnChangeOnly:139500:209
1797227751:updateInputs:141167:83
1797227751:updateComponents:141292:125
1797227751:propagateValuesOnChangeOnly:141417:208
1797227751:updateInputs:143125:84
1797227751:updateComponents:143209:166
1797227751:propagateValuesOnChangeOnly:143375:209
1797227751:updateInputs:145084:83
1797227751:updateComponents:145167:167
1797227751:propagateValuesOnChangeOnly:145375:167
1797227751:updateInputs:147042:42
1797227751:updateComponents:147125:125
1797227751:propagateValuesOnChangeOnly:147292:208
1797227751:updateInputs:148959:83
1797227751:updateComponents:149084:125
1797227751:propagateValuesOnChangeOnly:149250:167
1797227751:updateInputs:150875:84
1797227751:updateComponents:150959:166
1797227751:propagateValuesOnChangeOnly:151125:209
1797227751:updateInputs:152834:83
1797227751:updateComponents:152917:167
1797227751:propagateValuesOnChangeOnly:153084:250
1797227751:updateInputs:154834:41
1797227751:updateComponents:154917:125
1797227751:propagateValuesOnChangeOnly:155084:208
1797227751:updateInputs:156792:83
1797227751:updateComponents:156875:167
1797227751:propagateValuesOnChangeOnly:157084:208
1797227751:updateInputs:158792:83
1797227751:updateComponents:158917:125
1797227751:propagateValuesOnChangeOnly:159042:208
1797227751:updateInputs:160750:84
1797227751:updateComponents:160834:125
1797227751:propagateValuesOnChangeOnly:161000:209
1797227751:updateInputs:162709:41
1797227751:updateComponents:162792:167
1797227751:propagateValuesOnChangeOnly:162959:208
1797227751:updateInputs:164667:83
1797227751:updateComponents:164750:167
1797227751:propagateValuesOnChangeOnly:164959:208
1797227751:updateInputs:166625:84
1797227751:updateComponents:166750:125
1797227751:propagateValuesOnChangeOnly:166917:208
1797227751:updateInputs:168584:41
1797227751:updateComponents:168667:125
1797227751:propagateValuesOnChangeOnly:168834:208
1797227751:updateInputs:170500:84
1797227751:updateComponents:170625:167
1797227751:propagateValuesOnChangeOnly:170792:208
1797227751:updateInputs:172500:84
1797227751:updateComponents:172625:125
1797227751:propagateValuesOnChangeOnly:172792:292
1797227751:updateInputs:174625:42
1797227751:updateComponents:174709:166
1797227751:propagateValuesOnChangeOnly:174875:250
1797227751:updateInputs:176625:42
1797227751:updateComponents:176709:125
1797227751:propagateValuesOnChangeOnly:176875:209
1797227751:updateInputs:178584:83
1797227751:updateComponents:178667:167
1797227751:propagateValuesOnChangeOnly:178875:209
1797227751:updateInputs:180584:41
1797227751:updateComponents:180667:125
1797227751:propagateValuesOnChangeOnly:180834:208
1797227751:updateInputs:182542:42
1797227751:updateComponents:182625:125
1797227751:propagateValuesOnChangeOnly:182792:208
1797227751:updateInputs:184459:83
1797227751:updateComponents:184584:125
1797227751:propagateValuesOnChangeOnly:184750:209
1797227751:updateInputs:186417:83
1797227751:updateComponents:186500:167
1797227751:propagateValuesOnChangeOnly:186667:208
1797227751:updateInputs:188417:42
1797227751:updateComponents:188500:125
1797227751:propagateValuesOnChangeOnly:188667:208
1797227751:updateInputs:190375:84
1797227751:updateComponents:190500:167
1797227751:propagateValuesOnChangeOnly:190709:208
1797227751:updateInputs:192375:84
1797227751:updateComponents:192500:125
1797227751:propagateValuesOnChangeOnly:192667:208
1797227751:updateInputs:194375:84
1797227751:updateComponents:194500:125
1797227751:propagateValuesOnChangeOnly:194667:208
1797227751:updateInputs:196334:83
1797227751:updateComponents:196417:167
1797227751:propagateValuesOnChangeOnly:196584:208
1797227751:updateInputs:198292:42
1797227751:updateComponents:198375:125
1797227751:propagateValuesOnChangeOnly:198542:208
1797227751:updateInputs:200209:83
1797227751:updateComponents:200334:125
1797227751:propagateValuesOnChangeOnly:200500:209
1797227751:updateInputs:202167:83
1797227751:updateComponents:202250:167
1797227751:propagateValuesOnChangeOnly:202417:208
1797227751:updateInputs:204125:42
1797227751:updateComponents:204209:125
1797227751:propagateValuesOnChangeOnly:204375:209
1797227751:updateInputs:206042:83
1797227751:updateComponents:206125:125
1797227751:propagateValuesOnChangeOnly:206292:208
1797227751:updateInputs:208000:42
1797227751:updateComponents:208084:125
1797227751:propagateValuesOnChangeOnly:208250:209
1797227751:updateInputs:209917:125
1797227751:updateComponents:210084:125
1797227751:propagateValuesOnChangeOnly:210250:209
1797227751:updateInputs:211917:83
1797227751:updateComponents:212000:167
1797227751:propagateValuesOnChangeOnly:212209:250
1797227751:updateInputs:213959:41
1797227751:updateComponents:214042:167
1797227751:propagateValuesOnChangeOnly:214209:250
1797227751:updateInputs:215917:83
1797227751:updateComponents:216000:167
1797227751:propagateValuesOnChangeOnly:216209:208
1797227751:updateInputs:218084:83
1797227751:updateComponents:218167:167
1797227751:propagateValuesOnChangeOnly:218375:209
1797227751:updateInputs:220042:42
1797227751:updateComponents:220125:167
1797227751:propagateValuesOnChangeOnly:221959:250
1797227751:updateInputs:223709:41
1797227751:updateComponents:223792:167
1797227751:propagateValuesOnChangeOnly:223959:208
1797227751:updateInputs:225667:42
1797227751:updateComponents:225750:167
1797227751:propagateValuesOnChangeOnly:225917:208
1797227751:updateInputs:227584:83
1797227751:updateComponents:227709:125
1797227751:propagateValuesOnChangeOnly:227875:209
1797227751:updateInputs:229542:42
1797227751:updateComponents:229625:167
1797227751:propagateValuesOnChangeOnly:229792:208
1797227751:Run loop:50084:181375
1797227751:main:584:234875
