Title:8-bit ripple adder test
467817510:updateInputs:1904834:916
467817510:updateComponents:1933625:4500
467817510:Init circuit:1686167:288125
467817510:updateInputs:1975875:959
467817510:updateComponents:1977459:3375
467817510:propagateValuesOnChangeOnly:1982959:9458
467817510:updateInputs:2014042:1042
467817510:updateComponents:2015625:3167
467817510:propagateValuesOnChangeOnly:2019459:9416
467817510:updateInputs:2053042:917
467817510:updateComponents:2054500:3125
467817510:propagateValuesOnChangeOnly:2058125:9167
467817510:updateInputs:2088417:917
467817510:updateComponents:2089875:3084
467817510:propagateValuesOnChangeOnly:2093459:9125
467817510:updateInputs:2123542:917
467817510:updateComponents:2125042:3167
467817510:propagateValuesOnChangeOnly:2135542:9083
467817510:updateInputs:2165834:916
467817510:updateComponents:2167334:3041
467817510:propagateValuesOnChangeOnly:2170917:9083
467817510:updateInputs:2201417:833
467817510:updateComponents:2202834:3125
467817510:propagateValuesOnChangeOnly:2206500:9042
467817510:updateInputs:2237334:875
467817510:updateComponents:2238750:3084
467817510:propagateValuesOnChangeOnly:2242375:9250
467817510:updateInputs:2272875:875
467817510:updateComponents:2274334:3166
467817510:propagateValuesOnChangeOnly:2278000:8959
467817510:updateInputs:2308084:875
467817510:updateComponents:2309542:3208
467817510:propagateValuesOnChangeOnly:2313292:9167
467817510:updateInputs:2348459:833
467817510:updateComponents:2349834:3083
467817510:propagateValuesOnChangeOnly:2353459:9041
467817510:updateInputs:2383667:792
467817510:updateComponents:2385042:3208
467817510:propagateValuesOnChangeOnly:2388792:9042
467817510:updateInputs:2419125:875
467817510:updateComponents:2420625:3042
467817510:propagateValuesOnChangeOnly:2424167:8917
467817510:updateInputs:2454250:875
467817510:updateComponents:2455667:3083
467817510:propagateValuesOnChangeOnly:2459209:8833
467817510:updateInputs:2489292:917
467817510:updateComponents:2490750:3125
467817510:propagateValuesOnChangeOnly:2494375:8709
467817510:Run loop:1975792:548458
467817510:main:2000:2698167
