Title:8-bit register test
2589814512:updateInputs:1198666:667
2589814512:updateComponents:1225791:8000
2589814512:Init circuit:899291:375834
2589814512:updateInputs:1276583:667
2589814512:updateComponents:1277750:7166
2589814512:propagateValuesOnChangeOnly:1286333:10542
2589814512:updateInputs:1297625:708
2589814512:updateComponents:1298750:6833
2589814512:propagateValuesOnChangeOnly:1306125:10291
2589814512:updateInputs:1318375:583
2589814512:updateComponents:1319375:6666
2589814512:propagateValuesOnChangeOnly:1326500:10125
2589814512:updateInputs:1337208:583
2589814512:updateComponents:1338208:6208
2589814512:propagateValuesOnChangeOnly:1344916:9917
2589814512:updateInputs:1355416:709
2589814512:updateComponents:1356541:6375
2589814512:propagateValuesOnChangeOnly:1365750:10000
2589814512:updateInputs:1395583:667
2589814512:updateComponents:1396666:6250
2589814512:propagateValuesOnChangeOnly:1403416:11459
2589814512:updateInputs:1415458:625
2589814512:updateComponents:1416458:6167
2589814512:propagateValuesOnChangeOnly:1423083:11750
2589814512:updateInputs:1435458:667
2589814512:updateComponents:1436500:6166
2589814512:propagateValuesOnChangeOnly:1443083:11333
2589814512:updateInputs:1454916:625
2589814512:updateComponents:1455916:6167
2589814512:propagateValuesOnChangeOnly:1462583:11250
2589814512:updateInputs:1474375:833
2589814512:updateComponents:1475625:6083
2589814512:propagateValuesOnChangeOnly:1482166:10709
2589814512:updateInputs:1515625:791
2589814512:updateComponents:1516875:6208
2589814512:propagateValuesOnChangeOnly:1523625:12125
2589814512:updateInputs:1536375:666
2589814512:updateComponents:1537458:6292
2589814512:propagateValuesOnChangeOnly:1544208:12500
2589814512:updateInputs:1557291:584
2589814512:updateComponents:1558291:6167
2589814512:propagateValuesOnChangeOnly:1564916:11625
2589814512:updateInputs:1577083:583
2589814512:updateComponents:1578083:6125
2589814512:propagateValuesOnChangeOnly:1584708:10125
2589814512:updateInputs:1595375:666
2589814512:updateComponents:1596500:6208
2589814512:propagateValuesOnChangeOnly:1603166:9917
2589814512:updateInputs:1631541:625
2589814512:updateComponents:1632625:6166
2589814512:propagateValuesOnChangeOnly:1639333:11083
2589814512:updateInputs:1650958:583
2589814512:updateComponents:1651958:6167
2589814512:propagateValuesOnChangeOnly:1658666:12334
2589814512:updateInputs:1671583:667
2589814512:updateComponents:1672666:6125
2589814512:propagateValuesOnChangeOnly:1679250:11166
2589814512:updateInputs:1691000:583
2589814512:updateComponents:1691958:6167
2589814512:propagateValuesOnChangeOnly:1698583:11917
2589814512:updateInputs:1711041:750
2589814512:updateComponents:1712208:6167
2589814512:propagateValuesOnChangeOnly:1718833:12208
2589814512:updateInputs:1750416:625
2589814512:updateComponents:1751500:6166
2589814512:propagateValuesOnChangeOnly:1765083:11875
2589814512:updateInputs:1777541:625
2589814512:updateComponents:1778500:6208
2589814512:propagateValuesOnChangeOnly:1785125:12625
2589814512:updateInputs:1798375:583
2589814512:updateComponents:1799375:6083
2589814512:propagateValuesOnChangeOnly:1805958:11667
2589814512:updateInputs:1818208:583
2589814512:updateComponents:1819125:6166
2589814512:propagateValuesOnChangeOnly:1825708:10083
2589814512:updateInputs:1836333:625
2589814512:updateComponents:1837375:6041
2589814512:propagateValuesOnChangeOnly:1843916:10000
2589814512:updateInputs:1872458:583
2589814512:updateComponents:1873458:6042
2589814512:propagateValuesOnChangeOnly:1879958:11042
2589814512:updateInputs:1891583:625
2589814512:updateComponents:1892583:6042
2589814512:propagateValuesOnChangeOnly:1899041:12292
2589814512:updateInputs:1911916:625
2589814512:updateComponents:1912916:6042
2589814512:propagateValuesOnChangeOnly:1919416:11375
2589814512:updateInputs:1931375:625
2589814512:updateComponents:1932375:6041
2589814512:propagateValuesOnChangeOnly:1938833:12583
2589814512:updateInputs:1952000:750
2589814512:updateComponents:1953166:6042
2589814512:propagateValuesOnChangeOnly:1959750:11333
2589814512:updateInputs:1989208:708
2589814512:updateComponents:1990375:6125
2589814512:propagateValuesOnChangeOnly:1996958:11833
2589814512:updateInputs:2009375:625
2589814512:updateComponents:2010416:6375
2589814512:propagateValuesOnChangeOnly:2017291:12459
2589814512:updateInputs:2030375:583
2589814512:updateComponents:2031333:5917
2589814512:propagateValuesOnChangeOnly:2037750:11458
2589814512:updateInputs:2049750:625
2589814512:updateComponents:2050750:6000
2589814512:propagateValuesOnChangeOnly:2057250:10083
2589814512:updateInputs:2067875:666
2589814512:updateComponents:2068916:5959
2589814512:propagateValuesOnChangeOnly:2075375:9958
2589814512:updateInputs:2103583:583
2589814512:updateComponents:2104625:6000
2589814512:propagateValuesOnChangeOnly:2111125:11041
2589814512:updateInputs:2122666:625
2589814512:updateComponents:2123708:6000
2589814512:propagateValuesOnChangeOnly:2130208:12167
2589814512:updateInputs:2142958:625
2589814512:updateComponents:2144000:6000
2589814512:propagateValuesOnChangeOnly:2150500:11250
2589814512:updateInputs:2162333:583
2589814512:updateComponents:2163333:6042
2589814512:propagateValuesOnChangeOnly:2169833:12375
2589814512:updateInputs:2182791:917
2589814512:updateComponents:2184166:5750
2589814512:propagateValuesOnChangeOnly:2190375:12083
2589814512:updateInputs:2220625:791
2589814512:updateComponents:2221875:6125
2589814512:propagateValuesOnChangeOnly:2228500:12375
2589814512:updateInputs:2241458:667
2589814512:updateComponents:2242541:5917
2589814512:propagateValuesOnChangeOnly:2248916:12750
2589814512:updateInputs:2279541:625
2589814512:updateComponents:2280541:6000
2589814512:propagateValuesOnChangeOnly:2287041:12750
2589814512:updateInputs:2300375:625
2589814512:updateComponents:2301375:5958
2589814512:propagateValuesOnChangeOnly:2307833:10792
2589814512:updateInputs:2319166:625
2589814512:updateComponents:2320250:6041
2589814512:propagateValuesOnChangeOnly:2326750:10166
2589814512:updateInputs:2355250:625
2589814512:updateComponents:2356333:6042
2589814512:propagateValuesOnChangeOnly:2362875:10958
2589814512:updateInputs:2374458:583
2589814512:updateComponents:2375416:5959
2589814512:propagateValuesOnChangeOnly:2381916:12292
2589814512:updateInputs:2394750:583
2589814512:updateComponents:2395750:6000
2589814512:propagateValuesOnChangeOnly:2402250:11250
2589814512:updateInputs:2414083:583
2589814512:updateComponents:2415083:5958
2589814512:propagateValuesOnChangeOnly:2421583:11208
2589814512:updateInputs:2433375:666
2589814512:updateComponents:2434458:5917
2589814512:propagateValuesOnChangeOnly:2440833:10542
2589814512:updateInputs:2470250:666
2589814512:updateComponents:2471416:5959
2589814512:propagateValuesOnChangeOnly:2477916:11042
2589814512:updateInputs:2489500:583
2589814512:updateComponents:2490500:6000
2589814512:propagateValuesOnChangeOnly:2497000:10833
2589814512:updateInputs:2508416:584
2589814512:updateComponents:2509416:5959
2589814512:propagateValuesOnChangeOnly:2515833:9875
2589814512:updateInputs:2526291:584
2589814512:updateComponents:2527250:6000
2589814512:propagateValuesOnChangeOnly:2533708:9875
2589814512:updateInputs:2544166:667
2589814512:updateComponents:2545250:5916
2589814512:propagateValuesOnChangeOnly:2551666:9959
2589814512:updateInputs:2579625:625
2589814512:updateComponents:2580708:6083
2589814512:propagateValuesOnChangeOnly:2587250:10875
2589814512:updateInputs:2598666:584
2589814512:updateComponents:2599625:5958
2589814512:propagateValuesOnChangeOnly:2606041:12125
2589814512:updateInputs:2618791:542
2589814512:updateComponents:2619791:6042
2589814512:propagateValuesOnChangeOnly:2626291:11250
2589814512:updateInputs:2638125:583
2589814512:updateComponents:2639083:5958
2589814512:propagateValuesOnChangeOnly:2645500:11500
2589814512:updateInputs:2657625:666
2589814512:updateComponents:2658708:5958
2589814512:propagateValuesOnChangeOnly:2665166:10542
2589814512:updateInputs:2693791:584
2589814512:updateComponents:2694791:6042
2589814512:propagateValuesOnChangeOnly:2701333:11167
2589814512:updateInputs:2713125:541
2589814512:updateComponents:2714125:5958
2589814512:propagateValuesOnChangeOnly:2720625:11208
2589814512:updateInputs:2732458:542
2589814512:updateComponents:2733375:6083
2589814512:propagateValuesOnChangeOnly:2739916:10209
2589814512:updateInputs:2750625:583
2589814512:updateComponents:2751625:6041
2589814512:propagateValuesOnChangeOnly:2758083:10458
2589814512:updateInputs:2769166:709
2589814512:updateComponents:2770291:6042
2589814512:propagateValuesOnChangeOnly:2776791:10292
2589814512:updateInputs:2805083:583
2589814512:updateComponents:2806041:6084
2589814512:propagateValuesOnChangeOnly:2812625:10916
2589814512:updateInputs:2824125:625
2589814512:updateComponents:2825125:5958
2589814512:propagateValuesOnChangeOnly:2831583:11917
2589814512:updateInputs:2844083:583
2589814512:updateComponents:2845083:6042
2589814512:propagateValuesOnChangeOnly:2851583:11167
2589814512:updateInputs:2863291:584
2589814512:updateComponents:2864333:6000
2589814512:propagateValuesOnChangeOnly:2870875:11208
2589814512:updateInputs:2882625:666
2589814512:updateComponents:2883708:5958
2589814512:propagateValuesOnChangeOnly:2890125:10500
2589814512:updateInputs:2918583:625
2589814512:updateComponents:2919708:6042
2589814512:propagateValuesOnChangeOnly:2926250:11041
2589814512:updateInputs:2937875:666
2589814512:updateComponents:2939000:6000
2589814512:propagateValuesOnChangeOnly:2945458:10708
2589814512:updateInputs:2956708:583
2589814512:updateComponents:2957750:6000
2589814512:propagateValuesOnChangeOnly:2964250:9916
2589814512:updateInputs:2974750:583
2589814512:updateComponents:2975708:6000
2589814512:propagateValuesOnChangeOnly:2982166:9917
2589814512:Run loop:1276500:1716125
2589814512:main:1291:3176500
