Title: Up counter test
1543142750:updateInputs:178958:292
1543142750:updateComponents:185708:1959
1543142750:Init circuit:98250:100500
1543142750:updateInputs:198958:209
1543142750:updateComponents:199208:1625
1543142750:propagateValuesOnChangeOnly:201000:2417
1543142750:updateInputs:203583:167
1543142750:updateComponents:203792:1458
1543142750:propagateValuesOnChangeOnly:205333:2167
1543142750:updateInputs:207750:167
1543142750:updateComponents:207917:1458
1543142750:propagateValuesOnChangeOnly:209458:2042
1543142750:updateInputs:211583:125
1543142750:updateComponents:211750:1458
1543142750:propagateValuesOnChangeOnly:213250:2042
1543142750:updateInputs:215375:167
1543142750:updateComponents:215542:1375
1543142750:propagateValuesOnChangeOnly:217125:2000
1543142750:updateInputs:219250:125
1543142750:updateComponents:219417:1375
1543142750:propagateValuesOnChangeOnly:220833:2042
1543142750:updateInputs:228792:166
1543142750:updateComponents:229000:1458
1543142750:propagateValuesOnChangeOnly:230500:2167
1543142750:updateInputs:232792:250
1543142750:updateComponents:233042:1416
1543142750:propagateValuesOnChangeOnly:234542:2125
1543142750:updateInputs:236750:167
1543142750:updateComponents:236958:1334
1543142750:propagateValuesOnChangeOnly:238375:2125
1543142750:updateInputs:240583:125
1543142750:updateComponents:240750:1333
1543142750:propagateValuesOnChangeOnly:242125:2083
1543142750:updateInputs:244500:125
1543142750:updateComponents:244667:1375
1543142750:propagateValuesOnChangeOnly:246083:2042
1543142750:updateInputs:248208:209
1543142750:updateComponents:248458:1417
1543142750:propagateValuesOnChangeOnly:249917:2000
1543142750:updateInputs:258083:125
1543142750:updateComponents:258250:1458
1543142750:propagateValuesOnChangeOnly:259750:2500
1543142750:updateInputs:262333:125
1543142750:updateComponents:262500:1375
1543142750:propagateValuesOnChangeOnly:263917:2291
1543142750:updateInputs:266333:125
1543142750:updateComponents:266458:1375
1543142750:propagateValuesOnChangeOnly:267875:2167
1543142750:updateInputs:270125:125
1543142750:updateComponents:270250:1375
1543142750:propagateValuesOnChangeOnly:271708:2125
1543142750:updateInputs:273917:125
1543142750:updateComponents:274083:1334
1543142750:propagateValuesOnChangeOnly:275458:2084
1543142750:updateInputs:277625:167
1543142750:updateComponents:277833:1417
1543142750:propagateValuesOnChangeOnly:279292:2000
1543142750:updateInputs:287000:167
1543142750:updateComponents:287208:1417
1543142750:propagateValuesOnChangeOnly:288667:2208
1543142750:updateInputs:290958:167
1543142750:updateComponents:291125:1375
1543142750:propagateValuesOnChangeOnly:292542:2125
1543142750:updateInputs:294750:125
1543142750:updateComponents:294917:1375
1543142750:propagateValuesOnChangeOnly:296542:2166
1543142750:updateInputs:298792:166
1543142750:updateComponents:299000:1333
1543142750:propagateValuesOnChangeOnly:300375:2125
1543142750:updateInputs:302583:167
1543142750:updateComponents:302750:1375
1543142750:propagateValuesOnChangeOnly:304167:2208
1543142750:updateInputs:306458:209
1543142750:updateComponents:306708:1375
1543142750:propagateValuesOnChangeOnly:308125:2000
1543142750:updateInputs:315875:125
1543142750:updateComponents:316042:1375
1543142750:propagateValuesOnChangeOnly:317458:2500
1543142750:updateInputs:320042:208
1543142750:updateComponents:320250:1375
1543142750:propagateValuesOnChangeOnly:321708:2250
1543142750:updateInputs:324042:125
1543142750:updateComponents:324208:1417
1543142750:propagateValuesOnChangeOnly:325667:2250
1543142750:updateInputs:327958:167
1543142750:updateComponents:328125:1417
1543142750:propagateValuesOnChangeOnly:329583:2000
1543142750:updateInputs:331667:125
1543142750:updateComponents:331833:1375
1543142750:propagateValuesOnChangeOnly:333250:2042
1543142750:updateInputs:335375:125
1543142750:updateComponents:335542:1375
1543142750:propagateValuesOnChangeOnly:336958:2000
1543142750:updateInputs:344917:125
1543142750:updateComponents:345083:1375
1543142750:propagateValuesOnChangeOnly:346500:2167
1543142750:updateInputs:348792:125
1543142750:updateComponents:348958:1334
1543142750:propagateValuesOnChangeOnly:350333:2125
1543142750:updateInputs:352583:125
1543142750:updateComponents:352750:1375
1543142750:propagateValuesOnChangeOnly:354167:2166
1543142750:updateInputs:356417:166
1543142750:updateComponents:356583:1417
1543142750:propagateValuesOnChangeOnly:358042:2000
1543142750:updateInputs:360125:167
1543142750:updateComponents:360292:1375
1543142750:propagateValuesOnChangeOnly:361708:2042
1543142750:updateInputs:363833:167
1543142750:updateComponents:364042:1458
1543142750:propagateValuesOnChangeOnly:365542:2000
1543142750:updateInputs:373250:208
1543142750:updateComponents:373458:1375
1543142750:propagateValuesOnChangeOnly:374875:2208
1543142750:updateInputs:377167:166
1543142750:updateComponents:377333:1459
1543142750:propagateValuesOnChangeOnly:378833:2125
1543142750:updateInputs:381042:166
1543142750:updateComponents:382542:1416
1543142750:propagateValuesOnChangeOnly:384000:2167
1543142750:updateInputs:386250:125
1543142750:updateComponents:386417:1375
1543142750:propagateValuesOnChangeOnly:387833:2042
1543142750:updateInputs:389958:125
1543142750:updateComponents:390083:1375
1543142750:propagateValuesOnChangeOnly:391500:2000
1543142750:updateInputs:393583:125
1543142750:updateComponents:393750:1375
1543142750:propagateValuesOnChangeOnly:395208:2000
1543142750:updateInputs:403375:167
1543142750:updateComponents:403542:1375
1543142750:propagateValuesOnChangeOnly:405000:2208
1543142750:updateInputs:407292:125
1543142750:updateComponents:407458:1417
1543142750:propagateValuesOnChangeOnly:408917:2166
1543142750:updateInputs:411167:125
1543142750:updateComponents:411333:1417
1543142750:propagateValuesOnChangeOnly:412792:2125
1543142750:updateInputs:415000:125
1543142750:updateComponents:415167:1375
1543142750:propagateValuesOnChangeOnly:416583:2042
1543142750:updateInputs:418708:125
1543142750:updateComponents:418875:1333
1543142750:propagateValuesOnChangeOnly:420250:2042
1543142750:updateInputs:422375:167
1543142750:updateComponents:422542:1375
1543142750:propagateValuesOnChangeOnly:423958:2042
1543142750:updateInputs:431708:167
1543142750:updateComponents:431875:1458
1543142750:propagateValuesOnChangeOnly:433417:2250
1543142750:updateInputs:435750:167
1543142750:updateComponents:435917:1458
1543142750:propagateValuesOnChangeOnly:437417:2166
1543142750:updateInputs:439708:125
1543142750:updateComponents:439875:1375
1543142750:propagateValuesOnChangeOnly:441292:2125
1543142750:updateInputs:443500:167
1543142750:updateComponents:443708:1334
1543142750:propagateValuesOnChangeOnly:445083:2125
1543142750:updateInputs:447292:125
1543142750:updateComponents:447458:1375
1543142750:propagateValuesOnChangeOnly:448875:2042
1543142750:updateInputs:451000:167
1543142750:updateComponents:451167:1375
1543142750:propagateValuesOnChangeOnly:452583:2042
1543142750:updateInputs:460292:125
1543142750:updateComponents:460458:1375
1543142750:propagateValuesOnChangeOnly:461875:2167
1543142750:updateInputs:464125:125
1543142750:updateComponents:464292:1375
1543142750:propagateValuesOnChangeOnly:465708:2125
1543142750:updateInputs:467917:125
1543142750:updateComponents:468083:1375
1543142750:propagateValuesOnChangeOnly:469500:2167
1543142750:updateInputs:471750:125
1543142750:updateComponents:471917:1375
1543142750:propagateValuesOnChangeOnly:473333:2084
1543142750:updateInputs:475500:167
1543142750:updateComponents:475667:1375
1543142750:propagateValuesOnChangeOnly:477083:2209
1543142750:updateInputs:479333:167
1543142750:updateComponents:479542:1333
1543142750:propagateValuesOnChangeOnly:480917:2083
1543142750:updateInputs:489042:125
1543142750:updateComponents:489208:1459
1543142750:propagateValuesOnChangeOnly:490708:2209
1543142750:updateInputs:493000:167
1543142750:updateComponents:493208:1334
1543142750:propagateValuesOnChangeOnly:494625:2167
1543142750:updateInputs:496875:167
1543142750:updateComponents:497042:1375
1543142750:propagateValuesOnChangeOnly:498458:2209
1543142750:updateInputs:500750:125
1543142750:updateComponents:500917:1333
1543142750:propagateValuesOnChangeOnly:502333:2167
1543142750:updateInputs:504583:125
1543142750:updateComponents:504750:1375
1543142750:propagateValuesOnChangeOnly:506167:2041
1543142750:updateInputs:508333:167
1543142750:updateComponents:508500:1458
1543142750:propagateValuesOnChangeOnly:510000:2000
1543142750:updateInputs:517708:167
1543142750:updateComponents:517917:1375
1543142750:propagateValuesOnChangeOnly:519333:2209
1543142750:updateInputs:521583:167
1543142750:updateComponents:521750:1375
1543142750:propagateValuesOnChangeOnly:523208:2125
1543142750:updateInputs:525417:125
1543142750:updateComponents:525583:1334
1543142750:propagateValuesOnChangeOnly:527000:2125
1543142750:updateInputs:529208:125
1543142750:updateComponents:529375:1375
1543142750:propagateValuesOnChangeOnly:530792:2250
1543142750:updateInputs:533125:125
1543142750:updateComponents:533292:1416
1543142750:propagateValuesOnChangeOnly:534750:2250
1543142750:updateInputs:537125:167
1543142750:updateComponents:537292:1416
1543142750:propagateValuesOnChangeOnly:538750:2083
1543142750:updateInputs:546542:166
1543142750:updateComponents:546708:1500
1543142750:propagateValuesOnChangeOnly:548250:2208
1543142750:updateInputs:550542:166
1543142750:updateComponents:550708:1459
1543142750:propagateValuesOnChangeOnly:552250:2125
1543142750:updateInputs:554458:125
1543142750:updateComponents:554625:1458
1543142750:propagateValuesOnChangeOnly:556125:2250
1543142750:updateInputs:558458:125
1543142750:updateComponents:558625:1417
1543142750:propagateValuesOnChangeOnly:560125:2083
1543142750:updateInputs:562292:125
1543142750:updateComponents:562458:1375
1543142750:propagateValuesOnChangeOnly:563875:2042
1543142750:updateInputs:565958:167
1543142750:updateComponents:566167:1416
1543142750:propagateValuesOnChangeOnly:567667:2000
1543142750:updateInputs:575333:125
1543142750:updateComponents:575500:1417
1543142750:propagateValuesOnChangeOnly:576958:2209
1543142750:updateInputs:579250:125
1543142750:updateComponents:579417:1375
1543142750:propagateValuesOnChangeOnly:580833:2125
1543142750:updateInputs:583042:125
1543142750:updateComponents:583208:1417
1543142750:propagateValuesOnChangeOnly:584667:2125
1543142750:updateInputs:586917:166
1543142750:updateComponents:587083:1375
1543142750:propagateValuesOnChangeOnly:588500:2083
1543142750:updateInputs:590667:125
1543142750:updateComponents:590833:1334
1543142750:propagateValuesOnChangeOnly:592208:2125
1543142750:updateInputs:594417:166
1543142750:updateComponents:594583:1375
1543142750:propagateValuesOnChangeOnly:596000:2042
1543142750:updateInputs:603750:125
1543142750:updateComponents:603917:1375
1543142750:propagateValuesOnChangeOnly:607167:2333
1543142750:updateInputs:609625:125
1543142750:updateComponents:609792:1416
1543142750:propagateValuesOnChangeOnly:611292:2250
1543142750:updateInputs:613625:125
1543142750:updateComponents:613792:1375
1543142750:propagateValuesOnChangeOnly:615208:2292
1543142750:updateInputs:617583:167
1543142750:updateComponents:617792:1333
1543142750:propagateValuesOnChangeOnly:619208:2209
1543142750:updateInputs:621500:125
1543142750:updateComponents:621667:1416
1543142750:propagateValuesOnChangeOnly:623167:2125
1543142750:updateInputs:625375:167
1543142750:updateComponents:625542:1458
1543142750:propagateValuesOnChangeOnly:627042:2125
1543142750:updateInputs:634917:166
1543142750:updateComponents:635125:1375
1543142750:propagateValuesOnChangeOnly:636583:2250
1543142750:updateInputs:638917:166
1543142750:updateComponents:639125:1375
1543142750:propagateValuesOnChangeOnly:640542:2125
1543142750:updateInputs:642750:125
1543142750:updateComponents:642917:1333
1543142750:propagateValuesOnChangeOnly:644333:2167
1543142750:updateInputs:646583:125
1543142750:updateComponents:646708:1375
1543142750:propagateValuesOnChangeOnly:648125:2458
1543142750:updateInputs:650667:166
1543142750:updateComponents:650833:1375
1543142750:propagateValuesOnChangeOnly:652250:2250
1543142750:updateInputs:654583:125
1543142750:updateComponents:654750:1375
1543142750:propagateValuesOnChangeOnly:656167:2208
1543142750:updateInputs:664000:167
1543142750:updateComponents:664167:1375
1543142750:propagateValuesOnChangeOnly:665583:2417
1543142750:updateInputs:668083:125
1543142750:updateComponents:668250:1333
1543142750:propagateValuesOnChangeOnly:669625:2167
1543142750:updateInputs:671875:125
1543142750:updateComponents:672042:1375
1543142750:propagateValuesOnChangeOnly:673458:2167
1543142750:updateInputs:675708:125
1543142750:updateComponents:675875:1375
1543142750:propagateValuesOnChangeOnly:677292:2083
1543142750:updateInputs:679458:167
1543142750:updateComponents:679625:1375
1543142750:propagateValuesOnChangeOnly:681042:2000
1543142750:updateInputs:683125:167
1543142750:updateComponents:683292:1416
1543142750:propagateValuesOnChangeOnly:684750:2042
1543142750:updateInputs:692625:125
1543142750:updateComponents:692792:1458
1543142750:propagateValuesOnChangeOnly:694333:2209
1543142750:updateInputs:696625:125
1543142750:updateComponents:696792:1458
1543142750:propagateValuesOnChangeOnly:698292:2125
1543142750:updateInputs:700500:125
1543142750:updateComponents:700667:1458
1543142750:propagateValuesOnChangeOnly:702167:2125
1543142750:updateInputs:704375:125
1543142750:updateComponents:704542:1416
1543142750:propagateValuesOnChangeOnly:706042:2083
1543142750:updateInputs:708208:125
1543142750:updateComponents:708375:1417
1543142750:propagateValuesOnChangeOnly:709833:2167
1543142750:updateInputs:712083:167
1543142750:updateComponents:712250:1458
1543142750:propagateValuesOnChangeOnly:713750:2042
1543142750:updateInputs:721500:167
1543142750:updateComponents:721667:1458
1543142750:propagateValuesOnChangeOnly:723167:2250
1543142750:updateInputs:725500:167
1543142750:updateComponents:725708:1375
1543142750:propagateValuesOnChangeOnly:727125:2167
1543142750:updateInputs:729375:167
1543142750:updateComponents:729583:1375
1543142750:propagateValuesOnChangeOnly:731000:2167
1543142750:updateInputs:733250:125
1543142750:updateComponents:733417:1375
1543142750:propagateValuesOnChangeOnly:734833:2125
1543142750:updateInputs:737042:166
1543142750:updateComponents:737208:1375
1543142750:propagateValuesOnChangeOnly:738667:2041
1543142750:updateInputs:740792:166
1543142750:updateComponents:741000:1333
1543142750:propagateValuesOnChangeOnly:742417:2000
1543142750:updateInputs:750125:167
1543142750:updateComponents:750333:1334
1543142750:propagateValuesOnChangeOnly:751750:2167
1543142750:updateInputs:754000:125
1543142750:updateComponents:754167:1375
1543142750:propagateValuesOnChangeOnly:755583:2125
1543142750:updateInputs:757792:166
1543142750:updateComponents:757958:1417
1543142750:propagateValuesOnChangeOnly:759417:2083
1543142750:updateInputs:761583:167
1543142750:updateComponents:761792:1458
1543142750:propagateValuesOnChangeOnly:763292:2250
1543142750:updateInputs:765625:125
1543142750:updateComponents:765792:1375
1543142750:propagateValuesOnChangeOnly:767250:2250
1543142750:updateInputs:769583:167
1543142750:updateComponents:769792:1416
1543142750:propagateValuesOnChangeOnly:771292:2041
1543142750:updateInputs:779042:125
1543142750:updateComponents:779208:1375
1543142750:propagateValuesOnChangeOnly:780625:2250
1543142750:updateInputs:782958:167
1543142750:updateComponents:783125:1375
1543142750:propagateValuesOnChangeOnly:784542:2166
1543142750:updateInputs:786792:125
1543142750:updateComponents:786917:1375
1543142750:propagateValuesOnChangeOnly:788333:2209
1543142750:updateInputs:790625:167
1543142750:updateComponents:790792:1375
1543142750:propagateValuesOnChangeOnly:792208:2084
1543142750:updateInputs:794375:167
1543142750:updateComponents:794583:1459
1543142750:propagateValuesOnChangeOnly:796083:2000
1543142750:updateInputs:798208:167
1543142750:updateComponents:798375:1417
1543142750:propagateValuesOnChangeOnly:799875:2000
1543142750:updateInputs:807583:167
1543142750:updateComponents:807792:1458
1543142750:propagateValuesOnChangeOnly:809292:2208
1543142750:updateInputs:811583:125
1543142750:updateComponents:811750:1375
1543142750:propagateValuesOnChangeOnly:813167:2083
1543142750:updateInputs:815333:167
1543142750:updateComponents:815500:1375
1543142750:propagateValuesOnChangeOnly:816917:2166
1543142750:updateInputs:819167:166
1543142750:updateComponents:819333:1417
1543142750:propagateValuesOnChangeOnly:820833:2084
1543142750:updateInputs:823000:125
1543142750:updateComponents:823125:1375
1543142750:propagateValuesOnChangeOnly:824583:2167
1543142750:updateInputs:826833:167
1543142750:updateComponents:827042:1333
1543142750:propagateValuesOnChangeOnly:828458:2042
1543142750:updateInputs:836500:125
1543142750:updateComponents:836667:1458
1543142750:propagateValuesOnChangeOnly:838167:2291
1543142750:updateInputs:840542:166
1543142750:updateComponents:840708:1375
1543142750:propagateValuesOnChangeOnly:842125:2208
1543142750:updateInputs:844417:166
1543142750:updateComponents:844625:1375
1543142750:propagateValuesOnChangeOnly:846042:2291
1543142750:updateInputs:848375:167
1543142750:updateComponents:848583:1417
1543142750:propagateValuesOnChangeOnly:850083:2125
1543142750:updateInputs:852292:125
1543142750:updateComponents:852458:1375
1543142750:propagateValuesOnChangeOnly:853875:2125
1543142750:updateInputs:856083:125
1543142750:updateComponents:856250:1375
1543142750:propagateValuesOnChangeOnly:857667:2041
1543142750:updateInputs:866333:167
1543142750:updateComponents:866500:1458
1543142750:propagateValuesOnChangeOnly:868042:2208
1543142750:updateInputs:870333:125
1543142750:updateComponents:870500:1375
1543142750:propagateValuesOnChangeOnly:871958:2084
1543142750:updateInputs:874125:125
1543142750:updateComponents:874292:1333
1543142750:propagateValuesOnChangeOnly:875667:2166
1543142750:updateInputs:877917:125
1543142750:updateComponents:878083:1375
1543142750:propagateValuesOnChangeOnly:879500:2375
1543142750:updateInputs:881958:125
1543142750:updateComponents:882125:1375
1543142750:propagateValuesOnChangeOnly:883542:2333
1543142750:updateInputs:885958:125
1543142750:updateComponents:886125:1458
1543142750:propagateValuesOnChangeOnly:887625:2167
1543142750:updateInputs:895458:125
1543142750:updateComponents:895625:1375
1543142750:propagateValuesOnChangeOnly:897083:2334
1543142750:updateInputs:899500:167
1543142750:updateComponents:899667:1416
1543142750:propagateValuesOnChangeOnly:901125:2167
1543142750:updateInputs:903375:125
1543142750:updateComponents:903542:1416
1543142750:propagateValuesOnChangeOnly:905000:2208
1543142750:updateInputs:907292:166
1543142750:updateComponents:907500:1333
1543142750:propagateValuesOnChangeOnly:908875:2083
1543142750:updateInputs:911042:125
1543142750:updateComponents:911208:1375
1543142750:propagateValuesOnChangeOnly:912625:2000
1543142750:updateInputs:914708:167
1543142750:updateComponents:914875:1333
1543142750:propagateValuesOnChangeOnly:916292:2000
1543142750:updateInputs:924000:167
1543142750:updateComponents:924167:1458
1543142750:propagateValuesOnChangeOnly:925667:2166
1543142750:updateInputs:927917:166
1543142750:updateComponents:928125:1417
1543142750:propagateValuesOnChangeOnly:929583:2125
1543142750:updateInputs:931792:166
1543142750:updateComponents:932000:1417
1543142750:propagateValuesOnChangeOnly:933458:2125
1543142750:updateInputs:935667:166
1543142750:updateComponents:935833:1375
1543142750:propagateValuesOnChangeOnly:937250:2083
1543142750:updateInputs:939375:125
1543142750:updateComponents:939542:1416
1543142750:propagateValuesOnChangeOnly:941000:2208
1543142750:updateInputs:943250:167
1543142750:updateComponents:943458:1334
1543142750:propagateValuesOnChangeOnly:944833:2042
1543142750:updateInputs:952542:166
1543142750:updateComponents:952750:1375
1543142750:propagateValuesOnChangeOnly:954167:2250
1543142750:updateInputs:956500:125
1543142750:updateComponents:956667:1333
1543142750:propagateValuesOnChangeOnly:958083:2167
1543142750:updateInputs:960333:125
1543142750:updateComponents:960500:1375
1543142750:propagateValuesOnChangeOnly:961917:2166
1543142750:updateInputs:964167:125
1543142750:updateComponents:964333:1375
1543142750:propagateValuesOnChangeOnly:965750:2125
1543142750:updateInputs:967958:125
1543142750:updateComponents:968125:1417
1543142750:propagateValuesOnChangeOnly:969625:2042
1543142750:updateInputs:971750:167
1543142750:updateComponents:971958:1417
1543142750:propagateValuesOnChangeOnly:973417:2000
1543142750:updateInputs:981125:167
1543142750:updateComponents:981292:1416
1543142750:propagateValuesOnChangeOnly:982750:2167
1543142750:updateInputs:985000:167
1543142750:updateComponents:985167:1541
1543142750:propagateValuesOnChangeOnly:986750:2125
1543142750:updateInputs:988958:167
1543142750:updateComponents:989125:1417
1543142750:propagateValuesOnChangeOnly:990583:2167
1543142750:updateInputs:992833:125
1543142750:updateComponents:992958:1375
1543142750:propagateValuesOnChangeOnly:994375:2250
1543142750:updateInputs:996708:125
1543142750:updateComponents:996875:1333
1543142750:propagateValuesOnChangeOnly:998292:2208
1543142750:updateInputs:1000583:125
1543142750:updateComponents:1000750:1375
1543142750:propagateValuesOnChangeOnly:1002167:2041
1543142750:updateInputs:1009958:167
1543142750:updateComponents:1010125:1458
1543142750:propagateValuesOnChangeOnly:1011667:2208
1543142750:updateInputs:1013958:167
1543142750:updateComponents:1014167:1375
1543142750:propagateValuesOnChangeOnly:1015583:2125
1543142750:updateInputs:1025708:167
1543142750:updateComponents:1025917:1458
1543142750:propagateValuesOnChangeOnly:1027458:2250
1543142750:updateInputs:1029792:125
1543142750:updateComponents:1029958:1459
1543142750:propagateValuesOnChangeOnly:1031458:2042
1543142750:updateInputs:1033583:167
1543142750:updateComponents:1033750:1417
1543142750:propagateValuesOnChangeOnly:1035208:2000
1543142750:updateInputs:1037292:166
1543142750:updateComponents:1037458:1375
1543142750:propagateValuesOnChangeOnly:1038875:2167
1543142750:updateInputs:1046833:167
1543142750:updateComponents:1047042:1458
1543142750:propagateValuesOnChangeOnly:1048542:2208
1543142750:updateInputs:1050833:167
1543142750:updateComponents:1051042:1416
1543142750:propagateValuesOnChangeOnly:1052542:2083
1543142750:updateInputs:1054708:167
1543142750:updateComponents:1054917:1416
1543142750:propagateValuesOnChangeOnly:1056375:2208
1543142750:updateInputs:1058667:125
1543142750:updateComponents:1058833:1334
1543142750:propagateValuesOnChangeOnly:1060208:2084
1543142750:updateInputs:1062375:125
1543142750:updateComponents:1062542:1333
1543142750:propagateValuesOnChangeOnly:1063958:2125
1543142750:updateInputs:1066167:166
1543142750:updateComponents:1066375:1333
1543142750:propagateValuesOnChangeOnly:1067750:2042
1543142750:updateInputs:1075500:125
1543142750:updateComponents:1075667:1375
1543142750:propagateValuesOnChangeOnly:1077083:2417
1543142750:updateInputs:1079542:125
1543142750:updateComponents:1079708:1375
1543142750:propagateValuesOnChangeOnly:1081125:2208
1543142750:updateInputs:1083417:125
1543142750:updateComponents:1083583:1417
1543142750:propagateValuesOnChangeOnly:1085042:2333
1543142750:updateInputs:1087458:125
1543142750:updateComponents:1087625:1375
1543142750:propagateValuesOnChangeOnly:1089042:2166
1543142750:updateInputs:1091292:125
1543142750:updateComponents:1091458:1334
1543142750:propagateValuesOnChangeOnly:1092833:2125
1543142750:updateInputs:1095042:125
1543142750:updateComponents:1095208:1375
1543142750:propagateValuesOnChangeOnly:1096625:2083
1543142750:updateInputs:1104417:166
1543142750:updateComponents:1104583:1500
1543142750:propagateValuesOnChangeOnly:1106125:2250
1543142750:updateInputs:1108458:125
1543142750:updateComponents:1108625:1458
1543142750:propagateValuesOnChangeOnly:1110125:2125
1543142750:updateInputs:1112333:167
1543142750:updateComponents:1112500:1375
1543142750:propagateValuesOnChangeOnly:1113917:2166
1543142750:updateInputs:1116167:125
1543142750:updateComponents:1116333:1375
1543142750:propagateValuesOnChangeOnly:1117750:2458
1543142750:updateInputs:1120292:125
1543142750:updateComponents:1120458:1334
1543142750:propagateValuesOnChangeOnly:1121833:2334
1543142750:updateInputs:1124250:125
1543142750:updateComponents:1124417:1375
1543142750:propagateValuesOnChangeOnly:1125833:2167
1543142750:updateInputs:1133667:166
1543142750:updateComponents:1133875:1333
1543142750:propagateValuesOnChangeOnly:1135292:2333
1543142750:updateInputs:1137750:125
1543142750:updateComponents:1137875:1375
1543142750:propagateValuesOnChangeOnly:1139292:2125
1543142750:updateInputs:1141500:167
1543142750:updateComponents:1141667:1375
1543142750:propagateValuesOnChangeOnly:1143083:2292
1543142750:updateInputs:1145458:125
1543142750:updateComponents:1145625:1375
1543142750:propagateValuesOnChangeOnly:1147042:2041
1543142750:updateInputs:1149208:125
1543142750:updateComponents:1149333:1417
1543142750:propagateValuesOnChangeOnly:1150833:2000
1543142750:updateInputs:1152917:166
1543142750:updateComponents:1153125:1417
1543142750:propagateValuesOnChangeOnly:1154583:2000
1543142750:updateInputs:1162292:166
1543142750:updateComponents:1162500:1375
1543142750:propagateValuesOnChangeOnly:1163917:2208
1543142750:updateInputs:1166208:125
1543142750:updateComponents:1166375:1375
1543142750:propagateValuesOnChangeOnly:1167792:2125
1543142750:updateInputs:1170000:125
1543142750:updateComponents:1170167:1375
1543142750:propagateValuesOnChangeOnly:1171583:2125
1543142750:updateInputs:1173792:166
1543142750:updateComponents:1174000:1333
1543142750:propagateValuesOnChangeOnly:1175417:2041
1543142750:updateInputs:1177542:166
1543142750:updateComponents:1177708:1375
1543142750:propagateValuesOnChangeOnly:1179125:2208
1543142750:updateInputs:1181375:208
1543142750:updateComponents:1181583:1375
1543142750:propagateValuesOnChangeOnly:1183000:2042
1543142750:updateInputs:1190750:125
1543142750:updateComponents:1190917:1458
1543142750:propagateValuesOnChangeOnly:1192417:2208
1543142750:updateInputs:1194708:167
1543142750:updateComponents:1194917:1375
1543142750:propagateValuesOnChangeOnly:1196333:2167
1543142750:updateInputs:1198583:125
1543142750:updateComponents:1198750:1375
1543142750:propagateValuesOnChangeOnly:1200167:2208
1543142750:updateInputs:1202458:167
1543142750:updateComponents:1202625:1375
1543142750:propagateValuesOnChangeOnly:1204083:2084
1543142750:updateInputs:1206250:125
1543142750:updateComponents:1206417:1375
1543142750:propagateValuesOnChangeOnly:1207833:2042
1543142750:updateInputs:1209958:167
1543142750:updateComponents:1210125:1375
1543142750:propagateValuesOnChangeOnly:1211542:2041
1543142750:updateInputs:1219292:125
1543142750:updateComponents:1219458:1375
1543142750:propagateValuesOnChangeOnly:1220875:2167
1543142750:updateInputs:1223125:125
1543142750:updateComponents:1223292:1416
1543142750:propagateValuesOnChangeOnly:1224750:2125
1543142750:updateInputs:1226958:125
1543142750:updateComponents:1227125:1375
1543142750:propagateValuesOnChangeOnly:1228542:2125
1543142750:updateInputs:1230750:125
1543142750:updateComponents:1230917:1333
1543142750:propagateValuesOnChangeOnly:1232333:2209
1543142750:updateInputs:1234625:125
1543142750:updateComponents:1234792:1333
1543142750:propagateValuesOnChangeOnly:1236208:2209
1543142750:updateInputs:1238500:125
1543142750:updateComponents:1238667:1375
1543142750:propagateValuesOnChangeOnly:1240083:2042
1543142750:updateInputs:1247833:167
1543142750:updateComponents:1248000:1417
1543142750:propagateValuesOnChangeOnly:1249458:2209
1543142750:updateInputs:1251750:167
1543142750:updateComponents:1251958:1334
1543142750:propagateValuesOnChangeOnly:1253375:2083
1543142750:updateInputs:1255542:125
1543142750:updateComponents:1255708:1334
1543142750:propagateValuesOnChangeOnly:1257125:2167
1543142750:updateInputs:1259375:167
1543142750:updateComponents:1259542:1375
1543142750:propagateValuesOnChangeOnly:1260958:2042
1543142750:updateInputs:1263083:125
1543142750:updateComponents:1263250:1333
1543142750:propagateValuesOnChangeOnly:1264625:2000
1543142750:updateInputs:1266708:167
1543142750:updateComponents:1266875:1375
1543142750:propagateValuesOnChangeOnly:1268292:2000
1543142750:updateInputs:1276000:125
1543142750:updateComponents:1276167:1375
1543142750:propagateValuesOnChangeOnly:1277583:2167
1543142750:updateInputs:1279833:167
1543142750:updateComponents:1280000:1375
1543142750:propagateValuesOnChangeOnly:1281417:2083
1543142750:updateInputs:1283583:167
1543142750:updateComponents:1283792:1333
1543142750:propagateValuesOnChangeOnly:1285208:2125
1543142750:updateInputs:1287375:167
1543142750:updateComponents:1287542:1375
1543142750:propagateValuesOnChangeOnly:1288958:2084
1543142750:updateInputs:1291125:125
1543142750:updateComponents:1291250:1375
1543142750:propagateValuesOnChangeOnly:1293708:2167
1543142750:updateInputs:1295958:125
1543142750:updateComponents:1296125:1417
1543142750:propagateValuesOnChangeOnly:1297625:2000
1543142750:updateInputs:1305333:167
1543142750:updateComponents:1305542:1375
1543142750:propagateValuesOnChangeOnly:1306958:2250
1543142750:updateInputs:1309333:125
1543142750:updateComponents:1309458:1375
1543142750:propagateValuesOnChangeOnly:1310875:2208
1543142750:updateInputs:1313167:166
1543142750:updateComponents:1313333:1375
1543142750:propagateValuesOnChangeOnly:1314750:2292
1543142750:updateInputs:1317083:167
1543142750:updateComponents:1317250:1375
1543142750:propagateValuesOnChangeOnly:1318667:2125
1543142750:updateInputs:1320917:125
1543142750:updateComponents:1321042:1375
1543142750:propagateValuesOnChangeOnly:1322500:2083
1543142750:updateInputs:1324667:166
1543142750:updateComponents:1324833:1375
1543142750:propagateValuesOnChangeOnly:1326250:2083
1543142750:updateInputs:1334000:125
1543142750:updateComponents:1334167:1333
1543142750:propagateValuesOnChangeOnly:1335542:2208
1543142750:updateInputs:1337833:125
1543142750:updateComponents:1338000:1333
1543142750:propagateValuesOnChangeOnly:1339417:2125
1543142750:updateInputs:1341625:125
1543142750:updateComponents:1341750:1375
1543142750:propagateValuesOnChangeOnly:1343208:2125
1543142750:updateInputs:1345417:166
1543142750:updateComponents:1345583:1375
1543142750:propagateValuesOnChangeOnly:1347000:2333
1543142750:updateInputs:1349417:125
1543142750:updateComponents:1349583:1375
1543142750:propagateValuesOnChangeOnly:1351000:2292
1543142750:updateInputs:1353375:167
1543142750:updateComponents:1353583:1417
1543142750:propagateValuesOnChangeOnly:1355042:2125
1543142750:updateInputs:1362792:166
1543142750:updateComponents:1363000:1375
1543142750:propagateValuesOnChangeOnly:1364417:2333
1543142750:updateInputs:1366833:167
1543142750:updateComponents:1367000:1375
1543142750:propagateValuesOnChangeOnly:1368417:2125
1543142750:updateInputs:1370625:125
1543142750:updateComponents:1370792:1375
1543142750:propagateValuesOnChangeOnly:1372208:2209
1543142750:updateInputs:1374500:167
1543142750:updateComponents:1374667:1375
1543142750:propagateValuesOnChangeOnly:1376125:2083
1543142750:updateInputs:1378292:125
1543142750:updateComponents:1378417:1375
1543142750:propagateValuesOnChangeOnly:1379833:2000
1543142750:updateInputs:1381917:125
1543142750:updateComponents:1382083:1334
1543142750:propagateValuesOnChangeOnly:1383458:2042
1543142750:updateInputs:1391167:125
1543142750:updateComponents:1391333:1417
1543142750:propagateValuesOnChangeOnly:1392792:2166
1543142750:updateInputs:1395042:125
1543142750:updateComponents:1395208:1334
1543142750:propagateValuesOnChangeOnly:1396625:2083
1543142750:updateInputs:1398792:125
1543142750:updateComponents:1398958:1375
1543142750:propagateValuesOnChangeOnly:1400375:2125
1543142750:updateInputs:1402583:167
1543142750:updateComponents:1402750:1375
1543142750:propagateValuesOnChangeOnly:1404167:2041
1543142750:updateInputs:1406333:125
1543142750:updateComponents:1406458:1375
1543142750:propagateValuesOnChangeOnly:1407917:2125
1543142750:updateInputs:1410125:167
1543142750:updateComponents:1410333:1375
1543142750:propagateValuesOnChangeOnly:1411750:2000
1543142750:updateInputs:1419417:166
1543142750:updateComponents:1419583:1417
1543142750:propagateValuesOnChangeOnly:1421042:2166
1543142750:updateInputs:1423292:166
1543142750:updateComponents:1423500:1375
1543142750:propagateValuesOnChangeOnly:1424917:2166
1543142750:updateInputs:1427167:125
1543142750:updateComponents:1427333:1375
1543142750:propagateValuesOnChangeOnly:1428750:2208
1543142750:updateInputs:1431042:125
1543142750:updateComponents:1431167:1375
1543142750:propagateValuesOnChangeOnly:1432583:2125
1543142750:updateInputs:1434792:125
1543142750:updateComponents:1434958:1334
1543142750:propagateValuesOnChangeOnly:1436375:2042
1543142750:updateInputs:1438500:167
1543142750:updateComponents:1438667:1458
1543142750:propagateValuesOnChangeOnly:1440208:2000
1543142750:updateInputs:1447917:166
1543142750:updateComponents:1448083:1500
1543142750:propagateValuesOnChangeOnly:1449625:2125
1543142750:updateInputs:1451833:167
1543142750:updateComponents:1452042:1375
1543142750:propagateValuesOnChangeOnly:1453458:2084
1543142750:updateInputs:1455625:125
1543142750:updateComponents:1455792:1375
1543142750:propagateValuesOnChangeOnly:1457208:2084
1543142750:updateInputs:1459375:167
1543142750:updateComponents:1459583:1334
1543142750:propagateValuesOnChangeOnly:1460958:2209
1543142750:updateInputs:1463250:125
1543142750:updateComponents:1463417:1333
1543142750:propagateValuesOnChangeOnly:1464792:2208
1543142750:updateInputs:1467083:125
1543142750:updateComponents:1467208:1375
1543142750:propagateValuesOnChangeOnly:1468625:2042
1543142750:updateInputs:1476667:125
1543142750:updateComponents:1476833:1459
1543142750:propagateValuesOnChangeOnly:1478375:2208
1543142750:updateInputs:1480667:125
1543142750:updateComponents:1480833:1334
1543142750:propagateValuesOnChangeOnly:1482250:2083
1543142750:updateInputs:1484417:125
1543142750:updateComponents:1484583:1375
1543142750:propagateValuesOnChangeOnly:1486000:2167
1543142750:updateInputs:1488250:125
1543142750:updateComponents:1488417:1416
1543142750:propagateValuesOnChangeOnly:1489875:2083
1543142750:updateInputs:1492042:125
1543142750:updateComponents:1492208:1375
1543142750:propagateValuesOnChangeOnly:1493625:2000
1543142750:updateInputs:1495708:125
1543142750:updateComponents:1495875:1333
1543142750:propagateValuesOnChangeOnly:1497292:2000
1543142750:updateInputs:1505000:125
1543142750:updateComponents:1505167:1375
1543142750:propagateValuesOnChangeOnly:1506583:2167
1543142750:updateInputs:1508833:167
1543142750:updateComponents:1509042:1458
1543142750:propagateValuesOnChangeOnly:1510542:2083
1543142750:updateInputs:1512708:167
1543142750:updateComponents:1512875:1375
1543142750:propagateValuesOnChangeOnly:1514292:2125
1543142750:updateInputs:1516500:125
1543142750:updateComponents:1516667:1375
1543142750:propagateValuesOnChangeOnly:1518083:2042
1543142750:updateInputs:1520208:125
1543142750:updateComponents:1520375:1333
1543142750:propagateValuesOnChangeOnly:1521792:2083
1543142750:updateInputs:1523958:125
1543142750:updateComponents:1524125:1333
1543142750:propagateValuesOnChangeOnly:1525500:2000
1543142750:updateInputs:1533125:167
1543142750:updateComponents:1533333:1417
1543142750:propagateValuesOnChangeOnly:1534792:2250
1543142750:updateInputs:1537125:167
1543142750:updateComponents:1537333:1334
1543142750:propagateValuesOnChangeOnly:1538750:2208
1543142750:updateInputs:1541042:166
1543142750:updateComponents:1541208:1375
1543142750:propagateValuesOnChangeOnly:1542667:2250
1543142750:updateInputs:1545000:167
1543142750:updateComponents:1545167:1375
1543142750:propagateValuesOnChangeOnly:1546625:2167
1543142750:updateInputs:1548875:167
1543142750:updateComponents:1549042:1416
1543142750:propagateValuesOnChangeOnly:1550542:2125
1543142750:updateInputs:1552792:166
1543142750:updateComponents:1552958:1375
1543142750:propagateValuesOnChangeOnly:1554375:2083
1543142750:updateInputs:1562167:166
1543142750:updateComponents:1562333:1375
1543142750:propagateValuesOnChangeOnly:1563792:2250
1543142750:updateInputs:1566125:125
1543142750:updateComponents:1566292:1375
1543142750:propagateValuesOnChangeOnly:1567708:2125
1543142750:updateInputs:1569917:125
1543142750:updateComponents:1570083:1334
1543142750:propagateValuesOnChangeOnly:1571458:2167
1543142750:updateInputs:1573708:167
1543142750:updateComponents:1573875:1375
1543142750:propagateValuesOnChangeOnly:1575292:2458
1543142750:updateInputs:1577833:125
1543142750:updateComponents:1577958:1375
1543142750:propagateValuesOnChangeOnly:1579375:2292
1543142750:updateInputs:1581750:125
1543142750:updateComponents:1581917:1375
1543142750:propagateValuesOnChangeOnly:1583333:2209
1543142750:updateInputs:1591250:125
1543142750:updateComponents:1591417:1375
1543142750:propagateValuesOnChangeOnly:1592833:2375
1543142750:updateInputs:1595292:166
1543142750:updateComponents:1595458:1375
1543142750:propagateValuesOnChangeOnly:1596875:2167
1543142750:updateInputs:1599083:167
1543142750:updateComponents:1599250:1375
1543142750:propagateValuesOnChangeOnly:1600667:2208
1543142750:updateInputs:1602958:125
1543142750:updateComponents:1603125:1417
1543142750:propagateValuesOnChangeOnly:1604583:2084
1543142750:updateInputs:1606750:167
1543142750:updateComponents:1606917:1416
1543142750:propagateValuesOnChangeOnly:1608375:2000
1543142750:updateInputs:1610458:125
1543142750:updateComponents:1610625:1375
1543142750:propagateValuesOnChangeOnly:1612042:2000
1543142750:updateInputs:1619792:166
1543142750:updateComponents:1619958:1417
1543142750:propagateValuesOnChangeOnly:1621417:2166
1543142750:updateInputs:1623667:166
1543142750:updateComponents:1623875:1333
1543142750:propagateValuesOnChangeOnly:1625292:2083
1543142750:updateInputs:1627458:167
1543142750:updateComponents:1627667:1458
1543142750:propagateValuesOnChangeOnly:1629167:2125
1543142750:updateInputs:1631333:167
1543142750:updateComponents:1631500:1417
1543142750:propagateValuesOnChangeOnly:1633000:2083
1543142750:updateInputs:1635167:125
1543142750:updateComponents:1635333:1459
1543142750:propagateValuesOnChangeOnly:1636833:2209
1543142750:updateInputs:1639125:167
1543142750:updateComponents:1639333:1334
1543142750:propagateValuesOnChangeOnly:1640708:2042
1543142750:updateInputs:1648458:167
1543142750:updateComponents:1648625:1458
1543142750:propagateValuesOnChangeOnly:1650125:2208
1543142750:updateInputs:1652417:125
1543142750:updateComponents:1652583:1417
1543142750:propagateValuesOnChangeOnly:1654083:2125
1543142750:updateInputs:1656292:166
1543142750:updateComponents:1656458:1375
1543142750:propagateValuesOnChangeOnly:1657875:2125
1543142750:updateInputs:1660083:125
1543142750:updateComponents:1660250:1375
1543142750:propagateValuesOnChangeOnly:1661667:2125
1543142750:updateInputs:1663875:125
1543142750:updateComponents:1664042:1333
1543142750:propagateValuesOnChangeOnly:1665458:2000
1543142750:updateInputs:1667542:125
1543142750:updateComponents:1667708:1334
1543142750:propagateValuesOnChangeOnly:1669083:2000
1543142750:updateInputs:1676792:125
1543142750:updateComponents:1676958:1375
1543142750:propagateValuesOnChangeOnly:1678375:2167
1543142750:updateInputs:1680625:167
1543142750:updateComponents:1680833:1375
1543142750:propagateValuesOnChangeOnly:1682250:2083
1543142750:updateInputs:1684417:166
1543142750:updateComponents:1684625:1375
1543142750:propagateValuesOnChangeOnly:1686042:2083
1543142750:updateInputs:1688208:125
1543142750:updateComponents:1688375:1375
1543142750:propagateValuesOnChangeOnly:1689792:2291
1543142750:updateInputs:1692167:125
1543142750:updateComponents:1692333:1334
1543142750:propagateValuesOnChangeOnly:1693750:2250
1543142750:updateInputs:1696083:167
1543142750:updateComponents:1696292:1333
1543142750:propagateValuesOnChangeOnly:1697708:2042
1543142750:updateInputs:1705417:166
1543142750:updateComponents:1705625:1375
1543142750:propagateValuesOnChangeOnly:1707042:2208
1543142750:updateInputs:1709333:167
1543142750:updateComponents:1709500:1375
1543142750:propagateValuesOnChangeOnly:1710917:2125
1543142750:updateInputs:1713125:167
1543142750:updateComponents:1713292:1375
1543142750:propagateValuesOnChangeOnly:1714708:2209
1543142750:updateInputs:1717000:125
1543142750:updateComponents:1717167:1375
1543142750:propagateValuesOnChangeOnly:1718583:2084
1543142750:updateInputs:1720750:125
1543142750:updateComponents:1720917:1375
1543142750:propagateValuesOnChangeOnly:1722333:2000
1543142750:updateInputs:1724417:166
1543142750:updateComponents:1724583:1375
1543142750:propagateValuesOnChangeOnly:1726000:2042
1543142750:updateInputs:1733750:125
1543142750:updateComponents:1733917:1333
1543142750:propagateValuesOnChangeOnly:1735333:2125
1543142750:updateInputs:1737542:166
1543142750:updateComponents:1737750:1333
1543142750:propagateValuesOnChangeOnly:1739167:2083
1543142750:updateInputs:1741333:167
1543142750:updateComponents:1741500:1375
1543142750:propagateValuesOnChangeOnly:1742917:2166
1543142750:updateInputs:1745167:125
1543142750:updateComponents:1745333:1334
1543142750:propagateValuesOnChangeOnly:1746708:2084
1543142750:updateInputs:1748875:167
1543142750:updateComponents:1749042:1416
1543142750:propagateValuesOnChangeOnly:1750500:2167
1543142750:updateInputs:1752750:125
1543142750:updateComponents:1752917:1375
1543142750:propagateValuesOnChangeOnly:1754333:2042
1543142750:updateInputs:1762042:166
1543142750:updateComponents:1762250:1417
1543142750:propagateValuesOnChangeOnly:1763708:2292
1543142750:updateInputs:1766083:167
1543142750:updateComponents:1766292:1333
1543142750:propagateValuesOnChangeOnly:1767708:2209
1543142750:updateInputs:1770000:167
1543142750:updateComponents:1770167:1375
1543142750:propagateValuesOnChangeOnly:1771583:2292
1543142750:updateInputs:1773958:125
1543142750:updateComponents:1774125:1333
1543142750:propagateValuesOnChangeOnly:1775542:2083
1543142750:updateInputs:1777708:167
1543142750:updateComponents:1777875:1375
1543142750:propagateValuesOnChangeOnly:1779292:2125
1543142750:updateInputs:1781500:167
1543142750:updateComponents:1781667:1375
1543142750:propagateValuesOnChangeOnly:1783083:2042
1543142750:updateInputs:1790833:125
1543142750:updateComponents:1791000:1458
1543142750:propagateValuesOnChangeOnly:1792500:2208
1543142750:updateInputs:1794792:125
1543142750:updateComponents:1794958:1334
1543142750:propagateValuesOnChangeOnly:1796333:2125
1543142750:updateInputs:1798542:166
1543142750:updateComponents:1798750:1417
1543142750:propagateValuesOnChangeOnly:1800208:2125
1543142750:updateInputs:1802417:166
1543142750:updateComponents:1802583:1417
1543142750:propagateValuesOnChangeOnly:1804042:2416
1543142750:updateInputs:1806542:125
1543142750:updateComponents:1806708:1375
1543142750:propagateValuesOnChangeOnly:1808125:2333
1543142750:updateInputs:1810542:166
1543142750:updateComponents:1810708:1375
1543142750:propagateValuesOnChangeOnly:1812167:2083
1543142750:updateInputs:1819917:125
1543142750:updateComponents:1820083:1375
1543142750:propagateValuesOnChangeOnly:1821500:2375
1543142750:updateInputs:1823958:125
1543142750:updateComponents:1824125:1333
1543142750:propagateValuesOnChangeOnly:1825542:2083
1543142750:updateInputs:1827708:167
1543142750:updateComponents:1827875:1458
1543142750:propagateValuesOnChangeOnly:1829375:2250
1543142750:updateInputs:1831708:125
1543142750:updateComponents:1831875:1375
1543142750:propagateValuesOnChangeOnly:1833292:2083
1543142750:updateInputs:1835458:125
1543142750:updateComponents:1835625:1333
1543142750:propagateValuesOnChangeOnly:1843250:2208
1543142750:updateInputs:1845542:166
1543142750:updateComponents:1845708:1500
1543142750:propagateValuesOnChangeOnly:1847250:2000
1543142750:updateInputs:1855042:166
1543142750:updateComponents:1855250:1333
1543142750:propagateValuesOnChangeOnly:1856667:2166
1543142750:updateInputs:1858917:166
1543142750:updateComponents:1859083:1375
1543142750:propagateValuesOnChangeOnly:1860500:2125
1543142750:updateInputs:1862708:125
1543142750:updateComponents:1862875:1375
1543142750:propagateValuesOnChangeOnly:1864292:2125
1543142750:updateInputs:1866500:167
1543142750:updateComponents:1866708:1375
1543142750:propagateValuesOnChangeOnly:1868125:2042
1543142750:updateInputs:1870250:167
1543142750:updateComponents:1870458:1334
1543142750:propagateValuesOnChangeOnly:1871833:2167
1543142750:updateInputs:1874083:125
1543142750:updateComponents:1874250:1375
1543142750:propagateValuesOnChangeOnly:1875667:2041
1543142750:updateInputs:1883417:166
1543142750:updateComponents:1883583:1459
1543142750:propagateValuesOnChangeOnly:1885083:2209
1543142750:updateInputs:1887375:125
1543142750:updateComponents:1887542:1458
1543142750:propagateValuesOnChangeOnly:1889042:2125
1543142750:updateInputs:1891250:167
1543142750:updateComponents:1891417:1375
1543142750:propagateValuesOnChangeOnly:1892833:2209
1543142750:updateInputs:1895125:125
1543142750:updateComponents:1895292:1333
1543142750:propagateValuesOnChangeOnly:1896667:2125
1543142750:updateInputs:1898875:167
1543142750:updateComponents:1899042:1375
1543142750:propagateValuesOnChangeOnly:1900458:2042
1543142750:updateInputs:1902583:125
1543142750:updateComponents:1902750:1375
1543142750:propagateValuesOnChangeOnly:1904167:2000
1543142750:updateInputs:1911875:167
1543142750:updateComponents:1912042:1375
1543142750:propagateValuesOnChangeOnly:1913500:2167
1543142750:updateInputs:1915750:125
1543142750:updateComponents:1915917:1458
1543142750:propagateValuesOnChangeOnly:1917417:2125
1543142750:updateInputs:1919625:167
1543142750:updateComponents:1919792:1375
1543142750:propagateValuesOnChangeOnly:1921250:2125
1543142750:updateInputs:1923458:125
1543142750:updateComponents:1923625:1417
1543142750:propagateValuesOnChangeOnly:1925125:2250
1543142750:updateInputs:1927458:125
1543142750:updateComponents:1927625:1333
1543142750:propagateValuesOnChangeOnly:1929042:2208
1543142750:updateInputs:1931333:167
1543142750:updateComponents:1931542:1375
1543142750:propagateValuesOnChangeOnly:1932958:2084
1543142750:updateInputs:1940708:167
1543142750:updateComponents:1940875:1458
1543142750:propagateValuesOnChangeOnly:1942375:2250
1543142750:updateInputs:1944708:167
1543142750:updateComponents:1944875:1375
1543142750:propagateValuesOnChangeOnly:1946333:2084
1543142750:updateInputs:1948500:167
1543142750:updateComponents:1948667:1375
1543142750:propagateValuesOnChangeOnly:1950083:2209
1543142750:updateInputs:1952375:167
1543142750:updateComponents:1952542:1375
1543142750:propagateValuesOnChangeOnly:1953958:2084
1543142750:updateInputs:1956125:125
1543142750:updateComponents:1956292:1375
1543142750:propagateValuesOnChangeOnly:1957708:2000
1543142750:updateInputs:1959792:125
1543142750:updateComponents:1959958:1334
1543142750:propagateValuesOnChangeOnly:1961375:1958
1543142750:updateInputs:1969042:166
1543142750:updateComponents:1969208:1459
1543142750:propagateValuesOnChangeOnly:1970708:2209
1543142750:updateInputs:1973000:167
1543142750:updateComponents:1973208:1334
1543142750:propagateValuesOnChangeOnly:1974625:2125
1543142750:updateInputs:1976833:125
1543142750:updateComponents:1977000:1375
1543142750:propagateValuesOnChangeOnly:1978417:2166
1543142750:updateInputs:1980667:125
1543142750:updateComponents:1980833:1334
1543142750:propagateValuesOnChangeOnly:1982250:2042
1543142750:updateInputs:1984375:125
1543142750:updateComponents:1984542:1375
1543142750:propagateValuesOnChangeOnly:1985958:2167
1543142750:updateInputs:1988208:125
1543142750:updateComponents:1988375:1333
1543142750:propagateValuesOnChangeOnly:1989792:2041
1543142750:updateInputs:1997500:125
1543142750:updateComponents:1997667:1458
1543142750:propagateValuesOnChangeOnly:1999167:2250
1543142750:updateInputs:2001500:167
1543142750:updateComponents:2001708:1334
1543142750:propagateValuesOnChangeOnly:2003125:2208
1543142750:updateInputs:2005417:125
1543142750:updateComponents:2005583:1459
1543142750:propagateValuesOnChangeOnly:2007083:2334
1543142750:updateInputs:2009500:167
1543142750:updateComponents:2009667:1375
1543142750:propagateValuesOnChangeOnly:2011083:2167
1543142750:updateInputs:2013333:167
1543142750:updateComponents:2013542:1375
1543142750:propagateValuesOnChangeOnly:2015000:2083
1543142750:updateInputs:2017167:166
1543142750:updateComponents:2017375:1333
1543142750:propagateValuesOnChangeOnly:2018750:2125
1543142750:updateInputs:2026583:167
1543142750:updateComponents:2026750:1375
1543142750:propagateValuesOnChangeOnly:2028167:2250
1543142750:updateInputs:2030500:125
1543142750:updateComponents:2030667:1375
1543142750:propagateValuesOnChangeOnly:2032083:2084
1543142750:updateInputs:2034250:167
1543142750:updateComponents:2034417:1375
1543142750:propagateValuesOnChangeOnly:2035833:2167
1543142750:updateInputs:2038083:125
1543142750:updateComponents:2038250:1375
1543142750:propagateValuesOnChangeOnly:2039667:2375
1543142750:updateInputs:2042125:125
1543142750:updateComponents:2042292:1333
1543142750:propagateValuesOnChangeOnly:2043667:2333
1543142750:updateInputs:2046083:167
1543142750:updateComponents:2046292:1416
1543142750:propagateValuesOnChangeOnly:2047750:2167
1543142750:updateInputs:2055542:166
1543142750:updateComponents:2055750:1417
1543142750:propagateValuesOnChangeOnly:2057250:2375
1543142750:updateInputs:2059708:125
1543142750:updateComponents:2059875:1333
1543142750:propagateValuesOnChangeOnly:2061292:2125
1543142750:updateInputs:2063500:125
1543142750:updateComponents:2063667:1416
1543142750:propagateValuesOnChangeOnly:2065125:2250
1543142750:updateInputs:2067458:125
1543142750:updateComponents:2067625:1375
1543142750:propagateValuesOnChangeOnly:2069042:2041
1543142750:updateInputs:2071167:125
1543142750:updateComponents:2071333:1334
1543142750:propagateValuesOnChangeOnly:2072708:2042
1543142750:updateInputs:2074833:125
1543142750:updateComponents:2075000:1375
1543142750:propagateValuesOnChangeOnly:2076417:2000
1543142750:updateInputs:2084167:125
1543142750:updateComponents:2084333:1375
1543142750:propagateValuesOnChangeOnly:2085792:2166
1543142750:updateInputs:2088083:125
1543142750:updateComponents:2088250:1417
1543142750:propagateValuesOnChangeOnly:2089708:2084
1543142750:updateInputs:2091875:208
1543142750:updateComponents:2092083:1375
1543142750:propagateValuesOnChangeOnly:2093500:2125
1543142750:updateInputs:2095667:166
1543142750:updateComponents:2095875:1375
1543142750:propagateValuesOnChangeOnly:2097333:2042
1543142750:updateInputs:2099458:167
1543142750:updateComponents:2099625:1375
1543142750:propagateValuesOnChangeOnly:2101042:2208
1543142750:updateInputs:2103333:125
1543142750:updateComponents:2103500:1333
1543142750:propagateValuesOnChangeOnly:2104917:2000
1543142750:updateInputs:2112625:125
1543142750:updateComponents:2112792:1458
1543142750:propagateValuesOnChangeOnly:2114292:2208
1543142750:updateInputs:2116583:125
1543142750:updateComponents:2116750:1417
1543142750:propagateValuesOnChangeOnly:2118208:2125
1543142750:updateInputs:2120417:166
1543142750:updateComponents:2120583:1375
1543142750:propagateValuesOnChangeOnly:2122042:2125
1543142750:updateInputs:2124250:125
1543142750:updateComponents:2124417:1416
1543142750:propagateValuesOnChangeOnly:2125875:2125
1543142750:updateInputs:2128083:125
1543142750:updateComponents:2128208:1375
1543142750:propagateValuesOnChangeOnly:2129625:2083
1543142750:updateInputs:2131750:167
1543142750:updateComponents:2131917:1375
1543142750:propagateValuesOnChangeOnly:2133333:2000
1543142750:updateInputs:2141042:166
1543142750:updateComponents:2141208:1459
1543142750:propagateValuesOnChangeOnly:2142708:2209
1543142750:updateInputs:2145000:125
1543142750:updateComponents:2145167:1416
1543142750:propagateValuesOnChangeOnly:2146625:2125
1543142750:updateInputs:2148833:167
1543142750:updateComponents:2149000:1375
1543142750:propagateValuesOnChangeOnly:2150417:2166
1543142750:updateInputs:2152667:125
1543142750:updateComponents:2152833:1334
1543142750:propagateValuesOnChangeOnly:2154250:2208
1543142750:updateInputs:2156542:125
1543142750:updateComponents:2156708:1417
1543142750:propagateValuesOnChangeOnly:2158167:2250
1543142750:updateInputs:2160500:167
1543142750:updateComponents:2160667:1375
1543142750:propagateValuesOnChangeOnly:2162083:2042
1543142750:updateInputs:2169792:166
1543142750:updateComponents:2170000:1417
1543142750:propagateValuesOnChangeOnly:2171458:2250
1543142750:updateInputs:2173792:166
1543142750:updateComponents:2173958:1375
1543142750:propagateValuesOnChangeOnly:2175375:2125
1543142750:updateInputs:2177583:125
1543142750:updateComponents:2177750:1375
1543142750:propagateValuesOnChangeOnly:2179167:2250
1543142750:updateInputs:2181500:125
1543142750:updateComponents:2181667:1333
1543142750:propagateValuesOnChangeOnly:2183083:2042
1543142750:updateInputs:2185208:125
1543142750:updateComponents:2185375:1417
1543142750:propagateValuesOnChangeOnly:2186833:2000
1543142750:updateInputs:2188917:125
1543142750:updateComponents:2189083:1375
1543142750:propagateValuesOnChangeOnly:2190500:2000
1543142750:updateInputs:2198208:125
1543142750:updateComponents:2198375:1375
1543142750:propagateValuesOnChangeOnly:2199792:2208
1543142750:updateInputs:2202083:125
1543142750:updateComponents:2202250:1417
1543142750:propagateValuesOnChangeOnly:2203750:2125
1543142750:updateInputs:2205958:125
1543142750:updateComponents:2206125:1417
1543142750:propagateValuesOnChangeOnly:2207583:2167
1543142750:updateInputs:2209833:125
1543142750:updateComponents:2210000:1333
1543142750:propagateValuesOnChangeOnly:2211417:2041
1543142750:updateInputs:2213542:125
1543142750:updateComponents:2213667:1375
1543142750:propagateValuesOnChangeOnly:2215083:2125
1543142750:updateInputs:2217292:166
1543142750:updateComponents:2217458:1459
1543142750:propagateValuesOnChangeOnly:2218958:2000
1543142750:updateInputs:2226625:125
1543142750:updateComponents:2226792:1458
1543142750:propagateValuesOnChangeOnly:2228292:2291
1543142750:updateInputs:2230667:166
1543142750:updateComponents:2230875:1417
1543142750:propagateValuesOnChangeOnly:2232333:2209
1543142750:updateInputs:2234625:167
1543142750:updateComponents:2234792:1375
1543142750:propagateValuesOnChangeOnly:2236208:2250
1543142750:updateInputs:2238542:125
1543142750:updateComponents:2238708:1375
1543142750:propagateValuesOnChangeOnly:2240125:2125
1543142750:updateInputs:2242333:167
1543142750:updateComponents:2242500:1375
1543142750:propagateValuesOnChangeOnly:2243917:2125
1543142750:updateInputs:2246125:125
1543142750:updateComponents:2246292:1333
1543142750:propagateValuesOnChangeOnly:2247667:2041
1543142750:updateInputs:2255417:125
1543142750:updateComponents:2255583:1375
1543142750:propagateValuesOnChangeOnly:2257000:2208
1543142750:updateInputs:2259250:167
1543142750:updateComponents:2259417:1375
1543142750:propagateValuesOnChangeOnly:2260833:2125
1543142750:updateInputs:2263042:125
1543142750:updateComponents:2263208:1417
1543142750:propagateValuesOnChangeOnly:2264667:2125
1543142750:updateInputs:2266875:125
1543142750:updateComponents:2267042:1375
1543142750:propagateValuesOnChangeOnly:2268458:2334
1543142750:updateInputs:2270875:125
1543142750:updateComponents:2271042:1375
1543142750:propagateValuesOnChangeOnly:2272458:2292
1543142750:updateInputs:2274833:167
1543142750:updateComponents:2275000:1417
1543142750:propagateValuesOnChangeOnly:2276458:2125
1543142750:updateInputs:2284250:167
1543142750:updateComponents:2284458:1417
1543142750:propagateValuesOnChangeOnly:2285917:2375
1543142750:updateInputs:2288375:167
1543142750:updateComponents:2288542:1458
1543142750:propagateValuesOnChangeOnly:2290042:2125
1543142750:updateInputs:2292250:167
1543142750:updateComponents:2292417:1458
1543142750:propagateValuesOnChangeOnly:2293917:2250
1543142750:updateInputs:2296250:125
1543142750:updateComponents:2296417:1375
1543142750:propagateValuesOnChangeOnly:2297833:2084
1543142750:updateInputs:2300000:125
1543142750:updateComponents:2300167:1333
1543142750:propagateValuesOnChangeOnly:2301542:2000
1543142750:updateInputs:2303625:125
1543142750:updateComponents:2303792:1375
1543142750:propagateValuesOnChangeOnly:2305208:2042
1543142750:updateInputs:2312917:125
1543142750:updateComponents:2313083:1417
1543142750:propagateValuesOnChangeOnly:2314542:2125
1543142750:updateInputs:2316750:167
1543142750:updateComponents:2316958:1375
1543142750:propagateValuesOnChangeOnly:2318375:2083
1543142750:updateInputs:2320542:125
1543142750:updateComponents:2320708:1375
1543142750:propagateValuesOnChangeOnly:2322125:2167
1543142750:updateInputs:2324375:167
1543142750:updateComponents:2324583:1334
1543142750:propagateValuesOnChangeOnly:2325958:2084
1543142750:updateInputs:2328125:125
1543142750:updateComponents:2328292:1333
1543142750:propagateValuesOnChangeOnly:2329708:2125
1543142750:updateInputs:2331917:125
1543142750:updateComponents:2332083:1334
1543142750:propagateValuesOnChangeOnly:2333500:2042
1543142750:updateInputs:2341208:125
1543142750:updateComponents:2341375:1417
1543142750:propagateValuesOnChangeOnly:2342875:2208
1543142750:updateInputs:2345167:166
1543142750:updateComponents:2345375:1375
1543142750:propagateValuesOnChangeOnly:2346792:2125
1543142750:updateInputs:2349000:125
1543142750:updateComponents:2349167:1375
1543142750:propagateValuesOnChangeOnly:2350583:2209
1543142750:updateInputs:2352875:125
1543142750:updateComponents:2353042:1333
1543142750:propagateValuesOnChangeOnly:2354417:2166
1543142750:updateInputs:2356667:125
1543142750:updateComponents:2356792:1375
1543142750:propagateValuesOnChangeOnly:2358208:2042
1543142750:updateInputs:2360333:167
1543142750:updateComponents:2360542:1333
1543142750:propagateValuesOnChangeOnly:2361917:2000
1543142750:updateInputs:2369542:166
1543142750:updateComponents:2369708:1375
1543142750:propagateValuesOnChangeOnly:2371167:2166
1543142750:updateInputs:2373417:166
1543142750:updateComponents:2373583:1459
1543142750:propagateValuesOnChangeOnly:2375125:2125
1543142750:updateInputs:2377333:125
1543142750:updateComponents:2377500:1333
1543142750:propagateValuesOnChangeOnly:2378917:2166
1543142750:updateInputs:2381167:125
1543142750:updateComponents:2381333:1417
1543142750:propagateValuesOnChangeOnly:2382833:2209
1543142750:updateInputs:2385167:125
1543142750:updateComponents:2386292:1458
1543142750:propagateValuesOnChangeOnly:2387792:2208
1543142750:updateInputs:2390083:125
1543142750:updateComponents:2390250:1417
1543142750:propagateValuesOnChangeOnly:2391750:2042
1543142750:updateInputs:2399542:166
1543142750:updateComponents:2399708:1375
1543142750:propagateValuesOnChangeOnly:2401167:2208
1543142750:updateInputs:2403458:125
1543142750:updateComponents:2403583:1375
1543142750:propagateValuesOnChangeOnly:2405042:2083
1543142750:updateInputs:2407208:125
1543142750:updateComponents:2407375:1333
1543142750:propagateValuesOnChangeOnly:2408792:2166
1543142750:updateInputs:2411042:125
1543142750:updateComponents:2411208:1417
1543142750:propagateValuesOnChangeOnly:2412667:2083
1543142750:updateInputs:2414833:125
1543142750:updateComponents:2415000:1417
1543142750:propagateValuesOnChangeOnly:2416458:2000
1543142750:updateInputs:2418542:125
1543142750:updateComponents:2418708:1375
1543142750:propagateValuesOnChangeOnly:2420125:2000
1543142750:updateInputs:2427792:166
1543142750:updateComponents:2427958:1459
1543142750:propagateValuesOnChangeOnly:2429500:2208
1543142750:updateInputs:2431792:166
1543142750:updateComponents:2431958:1375
1543142750:propagateValuesOnChangeOnly:2433417:2083
1543142750:updateInputs:2435583:125
1543142750:updateComponents:2435750:1375
1543142750:propagateValuesOnChangeOnly:2437167:2125
1543142750:updateInputs:2439375:167
1543142750:updateComponents:2439542:1375
1543142750:propagateValuesOnChangeOnly:2440958:2084
1543142750:updateInputs:2443125:125
1543142750:updateComponents:2443292:1375
1543142750:propagateValuesOnChangeOnly:2444708:2125
1543142750:updateInputs:2446917:125
1543142750:updateComponents:2447083:1375
1543142750:propagateValuesOnChangeOnly:2448500:2000
1543142750:updateInputs:2456208:125
1543142750:updateComponents:2456375:1458
1543142750:propagateValuesOnChangeOnly:2457875:2292
1543142750:updateInputs:2460250:125
1543142750:updateComponents:2460417:1333
1543142750:propagateValuesOnChangeOnly:2461792:2208
1543142750:updateInputs:2464083:167
1543142750:updateComponents:2464250:1375
1543142750:propagateValuesOnChangeOnly:2465667:2291
1543142750:updateInputs:2468042:166
1543142750:updateComponents:2468250:1333
1543142750:propagateValuesOnChangeOnly:2469625:2208
1543142750:updateInputs:2471917:125
1543142750:updateComponents:2472083:1375
1543142750:propagateValuesOnChangeOnly:2473500:2167
1543142750:updateInputs:2475750:125
1543142750:updateComponents:2475917:1375
1543142750:propagateValuesOnChangeOnly:2477333:2084
1543142750:updateInputs:2485167:166
1543142750:updateComponents:2485333:1375
1543142750:propagateValuesOnChangeOnly:2486750:2292
1543142750:updateInputs:2489083:167
1543142750:updateComponents:2489292:1416
1543142750:propagateValuesOnChangeOnly:2490750:2167
1543142750:updateInputs:2493000:167
1543142750:updateComponents:2493167:1458
1543142750:propagateValuesOnChangeOnly:2494667:2166
1543142750:updateInputs:2496917:166
1543142750:updateComponents:2497083:1417
1543142750:propagateValuesOnChangeOnly:2498583:2417
1543142750:updateInputs:2501083:167
1543142750:updateComponents:2501250:1375
1543142750:propagateValuesOnChangeOnly:2502708:2250
1543142750:updateInputs:2505042:166
1543142750:updateComponents:2505208:1375
1543142750:propagateValuesOnChangeOnly:2506667:2166
1543142750:updateInputs:2514542:166
1543142750:updateComponents:2514708:1459
1543142750:propagateValuesOnChangeOnly:2516208:2375
1543142750:updateInputs:2518667:166
1543142750:updateComponents:2518875:1333
1543142750:propagateValuesOnChangeOnly:2520250:2083
1543142750:updateInputs:2522417:125
1543142750:updateComponents:2522583:1375
1543142750:propagateValuesOnChangeOnly:2524000:2208
1543142750:updateInputs:2526292:125
1543142750:updateComponents:2526458:1375
1543142750:propagateValuesOnChangeOnly:2527875:2083
1543142750:updateInputs:2530042:125
1543142750:updateComponents:2530208:1334
1543142750:propagateValuesOnChangeOnly:2531625:2000
1543142750:updateInputs:2533667:166
1543142750:updateComponents:2533833:1375
1543142750:propagateValuesOnChangeOnly:2535250:2000
1543142750:updateInputs:2542875:167
1543142750:updateComponents:2543042:1458
1543142750:propagateValuesOnChangeOnly:2544542:2208
1543142750:updateInputs:2546833:125
1543142750:updateComponents:2547000:1417
1543142750:propagateValuesOnChangeOnly:2548458:2084
1543142750:updateInputs:2550625:125
1543142750:updateComponents:2550792:1416
1543142750:propagateValuesOnChangeOnly:2552250:2083
1543142750:updateInputs:2554375:167
1543142750:updateComponents:2554542:1375
1543142750:propagateValuesOnChangeOnly:2555958:2084
1543142750:updateInputs:2558083:167
1543142750:updateComponents:2558250:1375
1543142750:propagateValuesOnChangeOnly:2559667:2166
1543142750:updateInputs:2561917:125
1543142750:updateComponents:2562083:1375
1543142750:propagateValuesOnChangeOnly:2563500:2000
1543142750:updateInputs:2571167:166
1543142750:updateComponents:2571375:1375
1543142750:propagateValuesOnChangeOnly:2572792:2208
1543142750:updateInputs:2575083:167
1543142750:updateComponents:2575250:1417
1543142750:propagateValuesOnChangeOnly:2576750:2167
1543142750:updateInputs:2579000:125
1543142750:updateComponents:2579167:1416
1543142750:propagateValuesOnChangeOnly:2580625:2167
1543142750:updateInputs:2582875:167
1543142750:updateComponents:2583042:1458
1543142750:propagateValuesOnChangeOnly:2584542:2166
1543142750:updateInputs:2586750:125
1543142750:updateComponents:2586917:1375
1543142750:propagateValuesOnChangeOnly:2588333:2042
1543142750:updateInputs:2590458:167
1543142750:updateComponents:2590625:1417
1543142750:propagateValuesOnChangeOnly:2592083:2000
1543142750:updateInputs:2599792:125
1543142750:updateComponents:2599958:1459
1543142750:propagateValuesOnChangeOnly:2601458:2209
1543142750:updateInputs:2603750:125
1543142750:updateComponents:2603917:1458
1543142750:propagateValuesOnChangeOnly:2605417:2125
1543142750:updateInputs:2607625:167
1543142750:updateComponents:2607833:1375
1543142750:propagateValuesOnChangeOnly:2609250:2083
1543142750:updateInputs:2611417:166
1543142750:updateComponents:2611625:1333
1543142750:propagateValuesOnChangeOnly:2613042:2208
1543142750:updateInputs:2615333:167
1543142750:updateComponents:2615542:1333
1543142750:propagateValuesOnChangeOnly:2616917:2291
1543142750:updateInputs:2619292:166
1543142750:updateComponents:2619458:1375
1543142750:propagateValuesOnChangeOnly:2620917:2041
1543142750:updateInputs:2628625:167
1543142750:updateComponents:2628833:1417
1543142750:propagateValuesOnChangeOnly:2630292:2250
1543142750:updateInputs:2632625:167
1543142750:updateComponents:2632792:1375
1543142750:propagateValuesOnChangeOnly:2634208:2125
1543142750:updateInputs:2636417:166
1543142750:updateComponents:2636625:1375
1543142750:propagateValuesOnChangeOnly:2638042:2208
1543142750:updateInputs:2640333:125
1543142750:updateComponents:2640500:1333
1543142750:propagateValuesOnChangeOnly:2641917:2083
1543142750:updateInputs:2644083:167
1543142750:updateComponents:2644250:1375
1543142750:propagateValuesOnChangeOnly:2645667:2000
1543142750:updateInputs:2647750:167
1543142750:updateComponents:2647917:1375
1543142750:propagateValuesOnChangeOnly:2649375:2000
1543142750:updateInputs:2657042:166
1543142750:updateComponents:2657208:1417
1543142750:propagateValuesOnChangeOnly:2658667:2166
1543142750:updateInputs:2660917:166
1543142750:updateComponents:2661083:1375
1543142750:propagateValuesOnChangeOnly:2662500:2083
1543142750:updateInputs:2664667:125
1543142750:updateComponents:2664833:1375
1543142750:propagateValuesOnChangeOnly:2666250:2125
1543142750:updateInputs:2668458:125
1543142750:updateComponents:2668583:1375
1543142750:propagateValuesOnChangeOnly:2670000:2083
1543142750:updateInputs:2672167:125
1543142750:updateComponents:2672292:1375
1543142750:propagateValuesOnChangeOnly:2673708:2084
1543142750:updateInputs:2675875:167
1543142750:updateComponents:2676042:1375
1543142750:propagateValuesOnChangeOnly:2677458:2042
1543142750:updateInputs:2685167:125
1543142750:updateComponents:2685333:1375
1543142750:propagateValuesOnChangeOnly:2686750:2250
1543142750:updateInputs:2689083:167
1543142750:updateComponents:2689292:1375
1543142750:propagateValuesOnChangeOnly:2690750:2208
1543142750:updateInputs:2693042:125
1543142750:updateComponents:2693208:1375
1543142750:propagateValuesOnChangeOnly:2694625:2292
1543142750:updateInputs:2697000:125
1543142750:updateComponents:2697167:1333
1543142750:propagateValuesOnChangeOnly:2698542:2166
1543142750:updateInputs:2700750:167
1543142750:updateComponents:2700917:1375
1543142750:propagateValuesOnChangeOnly:2702333:2125
1543142750:updateInputs:2704542:166
1543142750:updateComponents:2704708:1417
1543142750:propagateValuesOnChangeOnly:2706167:2041
1543142750:updateInputs:2713917:166
1543142750:updateComponents:2714125:1417
1543142750:propagateValuesOnChangeOnly:2715583:2209
1543142750:updateInputs:2717875:167
1543142750:updateComponents:2718042:1375
1543142750:propagateValuesOnChangeOnly:2719458:2125
1543142750:updateInputs:2721667:166
1543142750:updateComponents:2721833:1375
1543142750:propagateValuesOnChangeOnly:2723292:2125
1543142750:updateInputs:2725500:167
1543142750:updateComponents:2725667:1416
1543142750:propagateValuesOnChangeOnly:2727125:2375
1543142750:updateInputs:2729583:125
1543142750:updateComponents:2729750:1333
1543142750:propagateValuesOnChangeOnly:2731167:2375
1543142750:updateInputs:2733625:125
1543142750:updateComponents:2733750:1375
1543142750:propagateValuesOnChangeOnly:2735167:2083
1543142750:updateInputs:2742917:166
1543142750:updateComponents:2743083:1459
1543142750:propagateValuesOnChangeOnly:2744583:2334
1543142750:updateInputs:2747000:125
1543142750:updateComponents:2747167:1375
1543142750:propagateValuesOnChangeOnly:2748583:2125
1543142750:updateInputs:2750792:125
1543142750:updateComponents:2750958:1375
1543142750:propagateValuesOnChangeOnly:2752375:2208
1543142750:updateInputs:2754667:125
1543142750:updateComponents:2754833:1375
1543142750:propagateValuesOnChangeOnly:2756250:2083
1543142750:updateInputs:2758417:125
1543142750:updateComponents:2758583:1417
1543142750:propagateValuesOnChangeOnly:2760042:2000
1543142750:updateInputs:2762125:167
1543142750:updateComponents:2762292:1375
1543142750:propagateValuesOnChangeOnly:2763708:2042
1543142750:updateInputs:2771917:125
1543142750:updateComponents:2772083:1375
1543142750:propagateValuesOnChangeOnly:2773500:2208
1543142750:updateInputs:2775792:125
1543142750:updateComponents:2775958:1334
1543142750:propagateValuesOnChangeOnly:2777333:2125
1543142750:updateInputs:2780667:166
1543142750:updateComponents:2780833:1375
1543142750:propagateValuesOnChangeOnly:2782292:2125
1543142750:updateInputs:2784500:125
1543142750:updateComponents:2784667:1375
1543142750:propagateValuesOnChangeOnly:2786083:2084
1543142750:updateInputs:2788250:125
1543142750:updateComponents:2788417:1333
1543142750:propagateValuesOnChangeOnly:2789792:2166
1543142750:updateInputs:2792042:166
1543142750:updateComponents:2792208:1375
1543142750:propagateValuesOnChangeOnly:2793625:2042
1543142750:updateInputs:2801333:125
1543142750:updateComponents:2801500:1375
1543142750:propagateValuesOnChangeOnly:2802917:2208
1543142750:updateInputs:2805208:125
1543142750:updateComponents:2805375:1375
1543142750:propagateValuesOnChangeOnly:2806792:2166
1543142750:updateInputs:2809042:125
1543142750:updateComponents:2809208:1375
1543142750:propagateValuesOnChangeOnly:2810625:2167
1543142750:updateInputs:2812875:167
1543142750:updateComponents:2813042:1375
1543142750:propagateValuesOnChangeOnly:2814458:2125
1543142750:updateInputs:2816667:166
1543142750:updateComponents:2816833:1375
1543142750:propagateValuesOnChangeOnly:2818250:2042
1543142750:updateInputs:2820375:167
1543142750:updateComponents:2820583:1375
1543142750:propagateValuesOnChangeOnly:2822000:2000
1543142750:updateInputs:2829708:167
1543142750:updateComponents:2829875:1458
1543142750:propagateValuesOnChangeOnly:2831375:2208
1543142750:updateInputs:2833667:125
1543142750:updateComponents:2833833:1459
1543142750:propagateValuesOnChangeOnly:2835333:2125
1543142750:updateInputs:2837542:125
1543142750:updateComponents:2837708:1375
1543142750:propagateValuesOnChangeOnly:2839125:2167
1543142750:updateInputs:2841375:167
1543142750:updateComponents:2841542:1375
1543142750:propagateValuesOnChangeOnly:2843000:2250
1543142750:updateInputs:2845333:125
1543142750:updateComponents:2845500:1333
1543142750:propagateValuesOnChangeOnly:2846875:2250
1543142750:updateInputs:2849208:125
1543142750:updateComponents:2849375:1375
1543142750:propagateValuesOnChangeOnly:2850792:2041
1543142750:updateInputs:2858542:166
1543142750:updateComponents:2858708:1417
1543142750:propagateValuesOnChangeOnly:2860167:2250
1543142750:updateInputs:2862500:125
1543142750:updateComponents:2862667:1416
1543142750:propagateValuesOnChangeOnly:2864125:2125
1543142750:updateInputs:2866333:167
1543142750:updateComponents:2866500:1458
1543142750:propagateValuesOnChangeOnly:2868000:2208
1543142750:updateInputs:2870292:125
1543142750:updateComponents:2870458:1417
1543142750:propagateValuesOnChangeOnly:2871917:2083
1543142750:updateInputs:2874083:125
1543142750:updateComponents:2874250:1375
1543142750:propagateValuesOnChangeOnly:2875667:2000
1543142750:updateInputs:2877750:125
1543142750:updateComponents:2877917:1375
1543142750:propagateValuesOnChangeOnly:2879333:2000
1543142750:updateInputs:2887042:166
1543142750:updateComponents:2887208:1334
1543142750:propagateValuesOnChangeOnly:2888625:2167
1543142750:updateInputs:2890875:167
1543142750:updateComponents:2891042:1458
1543142750:propagateValuesOnChangeOnly:2892542:2083
1543142750:updateInputs:2894708:167
1543142750:updateComponents:2894875:1458
1543142750:propagateValuesOnChangeOnly:2896375:2167
1543142750:updateInputs:2898583:167
1543142750:updateComponents:2898792:1333
1543142750:propagateValuesOnChangeOnly:2900167:2083
1543142750:updateInputs:2902333:167
1543142750:updateComponents:2902500:1375
1543142750:propagateValuesOnChangeOnly:2903917:2166
1543142750:updateInputs:2906167:125
1543142750:updateComponents:2906333:1417
1543142750:propagateValuesOnChangeOnly:2907792:2041
1543142750:updateInputs:2915500:125
1543142750:updateComponents:2915667:1375
1543142750:propagateValuesOnChangeOnly:2917083:2250
1543142750:updateInputs:2919417:166
1543142750:updateComponents:2919583:1375
1543142750:propagateValuesOnChangeOnly:2921042:2166
1543142750:updateInputs:2923292:166
1543142750:updateComponents:2923500:1375
1543142750:propagateValuesOnChangeOnly:2924917:2291
1543142750:updateInputs:2927292:125
1543142750:updateComponents:2927458:1375
1543142750:propagateValuesOnChangeOnly:2928875:2208
1543142750:updateInputs:2932375:125
1543142750:updateComponents:2932542:1333
1543142750:propagateValuesOnChangeOnly:2933958:2084
1543142750:updateInputs:2936167:125
1543142750:updateComponents:2936333:1334
1543142750:propagateValuesOnChangeOnly:2937750:2083
1543142750:updateInputs:2945625:125
1543142750:updateComponents:2945792:1416
1543142750:propagateValuesOnChangeOnly:2947292:2208
1543142750:updateInputs:2949583:125
1543142750:updateComponents:2949750:1375
1543142750:propagateValuesOnChangeOnly:2951208:2084
1543142750:updateInputs:2953375:167
1543142750:updateComponents:2953583:1375
1543142750:propagateValuesOnChangeOnly:2955000:2167
1543142750:updateInputs:2957250:125
1543142750:updateComponents:2957417:1375
1543142750:propagateValuesOnChangeOnly:2958833:2417
1543142750:updateInputs:2961333:167
1543142750:updateComponents:2961500:1375
1543142750:propagateValuesOnChangeOnly:2962917:2333
1543142750:updateInputs:2965333:125
1543142750:updateComponents:2965500:1417
1543142750:propagateValuesOnChangeOnly:2966958:2209
1543142750:updateInputs:2974750:125
1543142750:updateComponents:2974917:1458
1543142750:propagateValuesOnChangeOnly:2976417:2333
1543142750:updateInputs:2978833:125
1543142750:updateComponents:2979000:1417
1543142750:propagateValuesOnChangeOnly:2980458:2125
1543142750:updateInputs:2982667:166
1543142750:updateComponents:2982833:1375
1543142750:propagateValuesOnChangeOnly:2984250:2250
1543142750:updateInputs:2986583:125
1543142750:updateComponents:2986750:1375
1543142750:propagateValuesOnChangeOnly:2988167:2041
1543142750:updateInputs:2990292:125
1543142750:updateComponents:2990458:1375
1543142750:propagateValuesOnChangeOnly:2991875:2042
1543142750:updateInputs:2993958:167
1543142750:updateComponents:2994167:1416
1543142750:propagateValuesOnChangeOnly:2995625:1958
1543142750:updateInputs:3003292:166
1543142750:updateComponents:3003458:1375
1543142750:propagateValuesOnChangeOnly:3004875:2208
1543142750:updateInputs:3007167:125
1543142750:updateComponents:3007333:1375
1543142750:propagateValuesOnChangeOnly:3008750:2167
1543142750:updateInputs:3011000:125
1543142750:updateComponents:3011167:1375
1543142750:propagateValuesOnChangeOnly:3012583:2084
1543142750:updateInputs:3014792:125
1543142750:updateComponents:3014958:1417
1543142750:propagateValuesOnChangeOnly:3016417:2083
1543142750:updateInputs:3018583:125
1543142750:updateComponents:3018750:1333
1543142750:propagateValuesOnChangeOnly:3020125:2167
1543142750:updateInputs:3022375:167
1543142750:updateComponents:3022583:1334
1543142750:propagateValuesOnChangeOnly:3024000:2000
1543142750:updateInputs:3031833:167
1543142750:updateComponents:3032000:1458
1543142750:propagateValuesOnChangeOnly:3033542:2208
1543142750:updateInputs:3035833:167
1543142750:updateComponents:3036000:1417
1543142750:propagateValuesOnChangeOnly:3037458:2167
1543142750:updateInputs:3039708:125
1543142750:updateComponents:3039875:1333
1543142750:propagateValuesOnChangeOnly:3041250:2167
1543142750:updateInputs:3043458:167
1543142750:updateComponents:3043625:1375
1543142750:propagateValuesOnChangeOnly:3045042:2083
1543142750:updateInputs:3047208:125
1543142750:updateComponents:3047375:1375
1543142750:propagateValuesOnChangeOnly:3048792:2041
1543142750:updateInputs:3050917:125
1543142750:updateComponents:3051083:1334
1543142750:propagateValuesOnChangeOnly:3052500:2000
1543142750:updateInputs:3060167:166
1543142750:updateComponents:3060333:1375
1543142750:propagateValuesOnChangeOnly:3061750:2167
1543142750:updateInputs:3064000:167
1543142750:updateComponents:3064167:1375
1543142750:propagateValuesOnChangeOnly:3065583:2125
1543142750:updateInputs:3067792:166
1543142750:updateComponents:3067958:1459
1543142750:propagateValuesOnChangeOnly:3069458:2209
1543142750:updateInputs:3071750:125
1543142750:updateComponents:3071917:1458
1543142750:propagateValuesOnChangeOnly:3073417:2208
1543142750:updateInputs:3075708:167
1543142750:updateComponents:3075917:1333
1543142750:propagateValuesOnChangeOnly:3077292:2250
1543142750:Run loop:198917:2880708
1543142750:main:500:3112083
