Title:And array test
2020063546:updateInputs:543625:625
2020063546:updateComponents:574917:958
2020063546:Init circuit:493708:96834
2020063546:updateInputs:592875:625
2020063546:updateComponents:594208:667
2020063546:propagateValuesOnChangeOnly:597042:1250
2020063546:updateInputs:609417:708
2020063546:updateComponents:610875:417
2020063546:propagateValuesOnChangeOnly:611917:1416
2020063546:updateInputs:626833:584
2020063546:updateComponents:628042:416
2020063546:propagateValuesOnChangeOnly:629042:1000
2020063546:updateInputs:640583:584
2020063546:updateComponents:641875:458
2020063546:propagateValuesOnChangeOnly:643000:1042
2020063546:updateInputs:654542:500
2020063546:updateComponents:655750:458
2020063546:propagateValuesOnChangeOnly:660292:1000
2020063546:updateInputs:671875:458
2020063546:updateComponents:673083:459
2020063546:propagateValuesOnChangeOnly:674292:916
2020063546:updateInputs:685375:458
2020063546:updateComponents:686583:417
2020063546:propagateValuesOnChangeOnly:687625:1083
2020063546:updateInputs:700667:666
2020063546:updateComponents:702000:458
2020063546:propagateValuesOnChangeOnly:703083:959
2020063546:updateInputs:714375:583
2020063546:updateComponents:715667:416
2020063546:propagateValuesOnChangeOnly:716667:1083
2020063546:updateInputs:728208:542
2020063546:updateComponents:729458:459
2020063546:propagateValuesOnChangeOnly:730625:1042
2020063546:updateInputs:748042:458
2020063546:updateComponents:749208:459
2020063546:propagateValuesOnChangeOnly:750375:1000
2020063546:updateInputs:761625:542
2020063546:updateComponents:762917:416
2020063546:propagateValuesOnChangeOnly:763917:1000
2020063546:updateInputs:775333:459
2020063546:updateComponents:776417:500
2020063546:propagateValuesOnChangeOnly:777542:958
2020063546:updateInputs:789083:459
2020063546:updateComponents:790750:500
2020063546:propagateValuesOnChangeOnly:791833:1084
2020063546:updateInputs:803500:500
2020063546:updateComponents:804625:458
2020063546:propagateValuesOnChangeOnly:805708:1167
2020063546:updateInputs:817083:667
2020063546:updateComponents:818458:459
2020063546:propagateValuesOnChangeOnly:819500:1042
2020063546:updateInputs:831625:458
2020063546:updateComponents:832708:375
2020063546:propagateValuesOnChangeOnly:833708:1084
2020063546:updateInputs:845250:458
2020063546:updateComponents:846333:500
2020063546:propagateValuesOnChangeOnly:847417:1000
2020063546:updateInputs:858667:416
2020063546:updateComponents:859708:417
2020063546:propagateValuesOnChangeOnly:860750:1000
2020063546:updateInputs:871708:625
2020063546:updateComponents:873042:416
2020063546:propagateValuesOnChangeOnly:874042:1000
2020063546:updateInputs:886167:375
2020063546:updateComponents:887250:500
2020063546:propagateValuesOnChangeOnly:898333:1000
2020063546:updateInputs:910208:500
2020063546:updateComponents:911333:500
2020063546:propagateValuesOnChangeOnly:912417:1000
2020063546:updateInputs:923875:417
2020063546:updateComponents:924958:500
2020063546:propagateValuesOnChangeOnly:926125:1083
2020063546:updateInputs:937500:750
2020063546:updateComponents:938958:459
2020063546:propagateValuesOnChangeOnly:940083:1000
2020063546:updateInputs:951250:375
2020063546:updateComponents:952333:417
2020063546:propagateValuesOnChangeOnly:953333:1167
2020063546:updateInputs:964625:500
2020063546:updateComponents:965750:417
2020063546:propagateValuesOnChangeOnly:966792:1000
2020063546:updateInputs:978042:333
2020063546:updateComponents:979083:417
2020063546:propagateValuesOnChangeOnly:980083:1042
2020063546:updateInputs:991333:459
2020063546:updateComponents:992417:375
2020063546:propagateValuesOnChangeOnly:993500:1042
2020063546:updateInputs:1003708:292
2020063546:updateComponents:1004542:291
2020063546:propagateValuesOnChangeOnly:1005375:833
2020063546:updateInputs:1014208:375
2020063546:updateComponents:1015083:334
2020063546:propagateValuesOnChangeOnly:1015958:834
2020063546:updateInputs:1024792:333
2020063546:updateComponents:1025667:416
2020063546:propagateValuesOnChangeOnly:1026542:833
2020063546:updateInputs:1035208:584
2020063546:updateComponents:1036375:333
2020063546:propagateValuesOnChangeOnly:1037292:791
2020063546:updateInputs:1046083:334
2020063546:updateComponents:1047000:375
2020063546:propagateValuesOnChangeOnly:1047875:875
2020063546:updateInputs:1057208:375
2020063546:updateComponents:1058083:417
2020063546:propagateValuesOnChangeOnly:1059042:750
2020063546:updateInputs:1067875:292
2020063546:updateComponents:1068708:334
2020063546:propagateValuesOnChangeOnly:1069583:750
2020063546:updateInputs:1078417:458
2020063546:updateComponents:1079375:375
2020063546:propagateValuesOnChangeOnly:1080250:792
2020063546:updateInputs:1089000:375
2020063546:updateComponents:1089833:334
2020063546:propagateValuesOnChangeOnly:1090667:791
2020063546:updateInputs:1099542:375
2020063546:updateComponents:1100417:375
2020063546:propagateValuesOnChangeOnly:1101292:750
2020063546:updateInputs:1109958:334
2020063546:updateComponents:1110833:375
2020063546:propagateValuesOnChangeOnly:1111708:917
2020063546:Run loop:592792:527958
2020063546:main:1875:1162208
