Title: Mux 2 to 1 test
2419548510:updateInputs:17417:83
2419548510:updateComponents:25459:166
2419548510:Init circuit:13042:16542
2419548510:updateInputs:29792:42
2419548510:updateComponents:29875:84
2419548510:propagateValuesOnChangeOnly:30084:125
2419548510:updateInputs:30334:41
2419548510:updateComponents:30417:42
2419548510:propagateValuesOnChangeOnly:30500:125
2419548510:updateInputs:30792:42
2419548510:updateComponents:30834:41
2419548510:propagateValuesOnChangeOnly:30917:83
2419548510:updateInputs:31792:42
2419548510:updateComponents:31875:42
2419548510:propagateValuesOnChangeOnly:31917:83
2419548510:updateInputs:32042:42
2419548510:updateComponents:32084:41
2419548510:propagateValuesOnChangeOnly:32334:83
2419548510:updateInputs:32459:41
2419548510:updateComponents:32542:42
2419548510:propagateValuesOnChangeOnly:32625:42
2419548510:updateInputs:33250:42
2419548510:updateComponents:33292:42
2419548510:propagateValuesOnChangeOnly:33375:42
2419548510:updateInputs:33500:42
2419548510:updateComponents:33542:42
2419548510:propagateValuesOnChangeOnly:33625:84
2419548510:updateInputs:33792:0
2419548510:updateComponents:33834:41
2419548510:propagateValuesOnChangeOnly:33917:83
2419548510:updateInputs:34584:0
2419548510:updateComponents:34625:42
2419548510:propagateValuesOnChangeOnly:34667:125
2419548510:updateInputs:35000:42
2419548510:updateComponents:35084:41
2419548510:propagateValuesOnChangeOnly:35125:84
2419548510:updateInputs:35292:42
2419548510:updateComponents:35334:41
2419548510:propagateValuesOnChangeOnly:35417:42
2419548510:updateInputs:36292:0
2419548510:updateComponents:36334:41
2419548510:propagateValuesOnChangeOnly:36417:125
2419548510:updateInputs:36584:41
2419548510:updateComponents:36667:0
2419548510:propagateValuesOnChangeOnly:36709:83
2419548510:updateInputs:36875:0
2419548510:updateComponents:36917:42
2419548510:propagateValuesOnChangeOnly:37000:84
2419548510:updateInputs:37584:41
2419548510:updateComponents:37625:42
2419548510:propagateValuesOnChangeOnly:37709:83
2419548510:updateInputs:37834:41
2419548510:updateComponents:37917:0
2419548510:propagateValuesOnChangeOnly:37959:83
2419548510:updateInputs:38125:0
2419548510:updateComponents:38167:42
2419548510:propagateValuesOnChangeOnly:38209:83
2419548510:updateInputs:38834:41
2419548510:updateComponents:38917:42
2419548510:propagateValuesOnChangeOnly:38959:83
2419548510:updateInputs:39084:41
2419548510:updateComponents:39125:42
2419548510:propagateValuesOnChangeOnly:39209:83
2419548510:updateInputs:39334:41
2419548510:updateComponents:39375:42
2419548510:propagateValuesOnChangeOnly:39709:83
2419548510:updateInputs:40292:0
2419548510:updateComponents:40334:41
2419548510:propagateValuesOnChangeOnly:40417:83
2419548510:updateInputs:40584:0
2419548510:updateComponents:40625:42
2419548510:propagateValuesOnChangeOnly:40667:125
2419548510:updateInputs:40834:41
2419548510:updateComponents:40875:42
2419548510:propagateValuesOnChangeOnly:40959:83
2419548510:updateInputs:41625:0
2419548510:updateComponents:41667:42
2419548510:propagateValuesOnChangeOnly:41750:42
2419548510:updateInputs:41875:0
2419548510:updateComponents:41917:42
2419548510:propagateValuesOnChangeOnly:41959:83
2419548510:Run loop:29750:12375
2419548510:main:42:44583
