Title:Nand 3 test
2243762705:updateInputs:1410166:375
2243762705:updateComponents:1437458:542
2243762705:Init circuit:1386000:62875
2243762705:updateInputs:1450625:375
2243762705:updateComponents:1451625:500
2243762705:propagateValuesOnChangeOnly:1454000:541
2243762705:updateInputs:1459833:375
2243762705:updateComponents:1460791:209
2243762705:propagateValuesOnChangeOnly:1461541:500
2243762705:updateInputs:1468458:333
2243762705:updateComponents:1469333:208
2243762705:propagateValuesOnChangeOnly:1470083:458
2243762705:updateInputs:1475791:375
2243762705:updateComponents:1476666:209
2243762705:propagateValuesOnChangeOnly:1477416:459
2243762705:updateInputs:1482625:291
2243762705:updateComponents:1483458:208
2243762705:propagateValuesOnChangeOnly:1486708:500
2243762705:updateInputs:1491833:500
2243762705:updateComponents:1492875:291
2243762705:propagateValuesOnChangeOnly:1493708:417
2243762705:updateInputs:1498708:292
2243762705:updateComponents:1499500:250
2243762705:propagateValuesOnChangeOnly:1500291:417
2243762705:updateInputs:1505250:333
2243762705:updateComponents:1506083:250
2243762705:propagateValuesOnChangeOnly:1506875:458
2243762705:Run loop:1450541:61459
2243762705:main:1791:1519917
