Title: Memory programmer test
1162536117:updateInputs:2822500:417
1162536117:updateComponents:2830333:34250
1162536117:Init circuit:1176667:1814458
1162536117:updateInputs:2991292:416
1162536117:updateComponents:2991750:33167
1162536117:propagateValuesOnChangeOnly:3025083:42625
1162536117:updateInputs:3067833:375
1162536117:updateComponents:3068250:33375
1162536117:propagateValuesOnChangeOnly:3101667:42250
1162536117:updateInputs:3144083:334
1162536117:updateComponents:3144458:33334
1162536117:propagateValuesOnChangeOnly:3177792:44458
1162536117:updateInputs:3222333:292
1162536117:updateComponents:3222667:33000
1162536117:propagateValuesOnChangeOnly:3255750:41833
1162536117:updateInputs:3297667:333
1162536117:updateComponents:3298042:33208
1162536117:propagateValuesOnChangeOnly:3331542:41833
1162536117:updateInputs:3373458:334
1162536117:updateComponents:3373833:33250
1162536117:propagateValuesOnChangeOnly:3407125:41958
1162536117:updateInputs:3449208:292
1162536117:updateComponents:3449542:33208
1162536117:propagateValuesOnChangeOnly:3482792:41791
1162536117:updateInputs:3524667:333
1162536117:updateComponents:3525000:33208
1162536117:propagateValuesOnChangeOnly:3558250:41708
1162536117:updateInputs:3600083:292
1162536117:updateComponents:3600375:33167
1162536117:propagateValuesOnChangeOnly:3633583:41292
1162536117:updateInputs:3674958:292
1162536117:updateComponents:3675292:33291
1162536117:propagateValuesOnChangeOnly:3708625:41583
1162536117:updateInputs:3750625:333
1162536117:updateComponents:3750958:33125
1162536117:propagateValuesOnChangeOnly:3784125:41750
1162536117:updateInputs:3826000:292
1162536117:updateComponents:3826333:33250
1162536117:propagateValuesOnChangeOnly:3859625:41625
1162536117:updateInputs:3901333:334
1162536117:updateComponents:3901708:33167
1162536117:propagateValuesOnChangeOnly:3934917:41625
1162536117:updateInputs:3976625:292
1162536117:updateComponents:3976917:33208
1162536117:propagateValuesOnChangeOnly:4010167:41708
1162536117:updateInputs:4051958:292
1162536117:updateComponents:4052292:33333
1162536117:propagateValuesOnChangeOnly:4085667:41666
1162536117:updateInputs:4190333:334
1162536117:updateComponents:4190667:33125
1162536117:propagateValuesOnChangeOnly:4223833:43542
1162536117:updateInputs:4267458:334
1162536117:updateComponents:4267792:33333
1162536117:propagateValuesOnChangeOnly:4301167:42041
1162536117:updateInputs:4343292:291
1162536117:updateComponents:4343625:33208
1162536117:propagateValuesOnChangeOnly:4376917:39875
1162536117:updateInputs:4416875:333
1162536117:updateComponents:4417250:33250
1162536117:propagateValuesOnChangeOnly:4450542:43958
1162536117:updateInputs:4494583:334
1162536117:updateComponents:4494958:33209
1162536117:propagateValuesOnChangeOnly:4528208:41709
1162536117:updateInputs:4570000:292
1162536117:updateComponents:4570333:33084
1162536117:propagateValuesOnChangeOnly:4603792:41750
1162536117:updateInputs:4645667:291
1162536117:updateComponents:4646000:33250
1162536117:propagateValuesOnChangeOnly:4679292:41708
1162536117:updateInputs:4721083:292
1162536117:updateComponents:4721417:33291
1162536117:propagateValuesOnChangeOnly:4754750:41250
1162536117:updateInputs:4796083:292
1162536117:updateComponents:4796417:33208
1162536117:propagateValuesOnChangeOnly:4829667:41625
1162536117:updateInputs:4871375:333
1162536117:updateComponents:4871708:33125
1162536117:propagateValuesOnChangeOnly:4904875:42000
1162536117:updateInputs:4946958:334
1162536117:updateComponents:4947292:33250
1162536117:propagateValuesOnChangeOnly:4980625:41708
1162536117:updateInputs:5022417:291
1162536117:updateComponents:5022750:33333
1162536117:propagateValuesOnChangeOnly:5056125:41667
1162536117:updateInputs:5097875:292
1162536117:updateComponents:5098208:33334
1162536117:propagateValuesOnChangeOnly:5131583:41584
1162536117:updateInputs:5173250:333
1162536117:updateComponents:5173625:33292
1162536117:propagateValuesOnChangeOnly:5206958:41667
1162536117:updateInputs:5248708:417
1162536117:updateComponents:5249167:33166
1162536117:propagateValuesOnChangeOnly:5282375:41667
1162536117:updateInputs:5386625:292
1162536117:updateComponents:5386958:33292
1162536117:propagateValuesOnChangeOnly:5420333:44417
1162536117:updateInputs:5464875:292
1162536117:updateComponents:5465208:33292
1162536117:propagateValuesOnChangeOnly:5498542:43250
1162536117:updateInputs:5541917:250
1162536117:updateComponents:5542208:33250
1162536117:propagateValuesOnChangeOnly:5575500:45542
1162536117:updateInputs:5621125:292
1162536117:updateComponents:5621458:33209
1162536117:propagateValuesOnChangeOnly:5654708:42459
1162536117:updateInputs:5697292:291
1162536117:updateComponents:5697625:33292
1162536117:propagateValuesOnChangeOnly:5730958:45042
1162536117:updateInputs:5776083:292
1162536117:updateComponents:5776375:33125
1162536117:propagateValuesOnChangeOnly:5809542:41958
1162536117:updateInputs:5851542:291
1162536117:updateComponents:5851875:35750
1162536117:propagateValuesOnChangeOnly:5887667:41791
1162536117:updateInputs:5929542:291
1162536117:updateComponents:5929875:33042
1162536117:propagateValuesOnChangeOnly:5962958:41917
1162536117:updateInputs:6004958:292
1162536117:updateComponents:6005250:33292
1162536117:propagateValuesOnChangeOnly:6038583:41625
1162536117:updateInputs:6080292:333
1162536117:updateComponents:6080667:33166
1162536117:propagateValuesOnChangeOnly:6113875:41542
1162536117:updateInputs:6155500:292
1162536117:updateComponents:6155792:33208
1162536117:propagateValuesOnChangeOnly:6189042:41708
1162536117:updateInputs:6230833:292
1162536117:updateComponents:6231167:33083
1162536117:propagateValuesOnChangeOnly:6264292:41750
1162536117:updateInputs:6306917:333
1162536117:updateComponents:6307292:33250
1162536117:propagateValuesOnChangeOnly:6340583:41667
1162536117:updateInputs:6382333:292
1162536117:updateComponents:6382667:33083
1162536117:propagateValuesOnChangeOnly:6415792:41541
1162536117:updateInputs:6457417:291
1162536117:updateComponents:6457750:33208
1162536117:propagateValuesOnChangeOnly:6491000:41667
1162536117:updateInputs:6595500:333
1162536117:updateComponents:6595833:33084
1162536117:propagateValuesOnChangeOnly:6628958:43750
1162536117:updateInputs:6672833:250
1162536117:updateComponents:6673125:33250
1162536117:propagateValuesOnChangeOnly:6706417:42375
1162536117:updateInputs:6748833:334
1162536117:updateComponents:6749208:33209
1162536117:propagateValuesOnChangeOnly:6782458:39792
1162536117:updateInputs:6822333:334
1162536117:updateComponents:6822708:33417
1162536117:propagateValuesOnChangeOnly:6856167:41708
1162536117:updateInputs:6898000:333
1162536117:updateComponents:6898333:33375
1162536117:propagateValuesOnChangeOnly:6931750:41208
1162536117:updateInputs:6973083:250
1162536117:updateComponents:6973375:33375
1162536117:propagateValuesOnChangeOnly:7006792:41791
1162536117:updateInputs:7048667:291
1162536117:updateComponents:7049000:33208
1162536117:propagateValuesOnChangeOnly:7082250:41375
1162536117:updateInputs:7123750:292
1162536117:updateComponents:7124083:33209
1162536117:propagateValuesOnChangeOnly:7157333:41500
1162536117:updateInputs:7198917:291
1162536117:updateComponents:7199250:33375
1162536117:propagateValuesOnChangeOnly:7232667:41708
1162536117:updateInputs:7274458:292
1162536117:updateComponents:7274792:33125
1162536117:propagateValuesOnChangeOnly:7307958:41750
1162536117:updateInputs:7349792:291
1162536117:updateComponents:7350125:33125
1162536117:propagateValuesOnChangeOnly:7383292:41666
1162536117:updateInputs:7425042:291
1162536117:updateComponents:7425333:33250
1162536117:propagateValuesOnChangeOnly:7458625:41708
1162536117:updateInputs:7500417:333
1162536117:updateComponents:7500792:33250
1162536117:propagateValuesOnChangeOnly:7534083:41709
1162536117:updateInputs:7575875:292
1162536117:updateComponents:7576208:33167
1162536117:propagateValuesOnChangeOnly:7609417:41625
1162536117:updateInputs:7651167:375
1162536117:updateComponents:7651583:33167
1162536117:propagateValuesOnChangeOnly:7684792:41791
1162536117:updateInputs:7789125:333
1162536117:updateComponents:7789500:33167
1162536117:propagateValuesOnChangeOnly:7822708:44834
1162536117:updateInputs:7867667:291
1162536117:updateComponents:7868000:33292
1162536117:propagateValuesOnChangeOnly:7901333:43250
1162536117:updateInputs:7944667:333
1162536117:updateComponents:7945042:33208
1162536117:propagateValuesOnChangeOnly:7978292:45500
1162536117:updateInputs:8023917:250
1162536117:updateComponents:8024208:33167
1162536117:propagateValuesOnChangeOnly:8057417:42250
1162536117:updateInputs:8099750:292
1162536117:updateComponents:8100083:33334
1162536117:propagateValuesOnChangeOnly:8133458:44542
1162536117:updateInputs:8178083:292
1162536117:updateComponents:8178417:33208
1162536117:propagateValuesOnChangeOnly:8211667:41583
1162536117:updateInputs:8253333:292
1162536117:updateComponents:8253667:33166
1162536117:propagateValuesOnChangeOnly:8286875:41458
1162536117:updateInputs:8328417:291
1162536117:updateComponents:8328708:33292
1162536117:propagateValuesOnChangeOnly:8362042:41291
1162536117:updateInputs:8403417:291
1162536117:updateComponents:8403750:33208
1162536117:propagateValuesOnChangeOnly:8437000:41667
1162536117:updateInputs:8478750:250
1162536117:updateComponents:8479042:33166
1162536117:propagateValuesOnChangeOnly:8512250:41708
1162536117:updateInputs:8554042:333
1162536117:updateComponents:8554375:33333
1162536117:propagateValuesOnChangeOnly:8587750:41583
1162536117:updateInputs:8629417:333
1162536117:updateComponents:8629750:33333
1162536117:propagateValuesOnChangeOnly:8663125:41792
1162536117:updateInputs:8705000:333
1162536117:updateComponents:8705333:33375
1162536117:propagateValuesOnChangeOnly:8738750:41583
1162536117:updateInputs:8780417:333
1162536117:updateComponents:8780750:33167
1162536117:propagateValuesOnChangeOnly:8813958:41584
1162536117:updateInputs:8855625:292
1162536117:updateComponents:8855958:33209
1162536117:propagateValuesOnChangeOnly:8889208:41667
1162536117:updateInputs:8993375:333
1162536117:updateComponents:8993708:37500
1162536117:propagateValuesOnChangeOnly:9031417:43541
1162536117:updateInputs:9075042:333
1162536117:updateComponents:9075375:33250
1162536117:propagateValuesOnChangeOnly:9108667:41833
1162536117:updateInputs:9150583:292
1162536117:updateComponents:9151208:33250
1162536117:propagateValuesOnChangeOnly:9184500:39750
1162536117:updateInputs:9224333:292
1162536117:updateComponents:9224708:33167
1162536117:propagateValuesOnChangeOnly:9257917:44083
1162536117:updateInputs:9302083:292
1162536117:updateComponents:9302417:33250
1162536117:propagateValuesOnChangeOnly:9335708:41709
1162536117:updateInputs:9377500:292
1162536117:updateComponents:9377833:33292
1162536117:propagateValuesOnChangeOnly:9411167:41250
1162536117:updateInputs:9452500:292
1162536117:updateComponents:9452833:33292
1162536117:propagateValuesOnChangeOnly:9486167:41666
1162536117:updateInputs:9527917:333
1162536117:updateComponents:9528250:33083
1162536117:propagateValuesOnChangeOnly:9561375:41083
1162536117:updateInputs:9602542:333
1162536117:updateComponents:9602917:33333
1162536117:propagateValuesOnChangeOnly:9636292:41708
1162536117:updateInputs:9678083:334
1162536117:updateComponents:9678417:32958
1162536117:propagateValuesOnChangeOnly:9712750:41708
1162536117:updateInputs:9754542:333
1162536117:updateComponents:9754917:33250
1162536117:propagateValuesOnChangeOnly:9788250:41208
1162536117:updateInputs:9829542:333
1162536117:updateComponents:9829917:33291
1162536117:propagateValuesOnChangeOnly:9863250:41667
1162536117:updateInputs:9904958:375
1162536117:updateComponents:9905333:33167
1162536117:propagateValuesOnChangeOnly:9938583:41709
1162536117:updateInputs:9980375:333
1162536117:updateComponents:9980750:33167
1162536117:propagateValuesOnChangeOnly:10013958:41667
1162536117:updateInputs:10056000:375
1162536117:updateComponents:10056417:33125
1162536117:propagateValuesOnChangeOnly:10089583:41584
1162536117:updateInputs:10193708:292
1162536117:updateComponents:10194042:33083
1162536117:propagateValuesOnChangeOnly:10227167:44541
1162536117:updateInputs:10271792:291
1162536117:updateComponents:10272125:33250
1162536117:propagateValuesOnChangeOnly:10305417:42791
1162536117:updateInputs:10348292:291
1162536117:updateComponents:10348583:33250
1162536117:propagateValuesOnChangeOnly:10381875:45167
1162536117:updateInputs:10427125:333
1162536117:updateComponents:10427500:33167
1162536117:propagateValuesOnChangeOnly:10460708:42459
1162536117:updateInputs:10503250:333
1162536117:updateComponents:10503625:33250
1162536117:propagateValuesOnChangeOnly:10536917:44541
1162536117:updateInputs:10581542:291
1162536117:updateComponents:10581875:33333
1162536117:propagateValuesOnChangeOnly:10615250:41667
1162536117:updateInputs:10657000:292
1162536117:updateComponents:10657333:33417
1162536117:propagateValuesOnChangeOnly:10690792:43875
1162536117:updateInputs:10734708:334
1162536117:updateComponents:10735042:33166
1162536117:propagateValuesOnChangeOnly:10768250:41458
1162536117:updateInputs:10809833:292
1162536117:updateComponents:10810125:33208
1162536117:propagateValuesOnChangeOnly:10843375:41708
1162536117:updateInputs:10885167:250
1162536117:updateComponents:10885458:33167
1162536117:propagateValuesOnChangeOnly:10918667:41791
1162536117:updateInputs:10960542:291
1162536117:updateComponents:10960833:33125
1162536117:propagateValuesOnChangeOnly:10994000:41750
1162536117:updateInputs:11035833:292
1162536117:updateComponents:11036125:33333
1162536117:propagateValuesOnChangeOnly:11069500:41708
1162536117:updateInputs:11111292:291
1162536117:updateComponents:11111625:33167
1162536117:propagateValuesOnChangeOnly:11144833:41250
1162536117:updateInputs:11186167:291
1162536117:updateComponents:11186458:33167
1162536117:propagateValuesOnChangeOnly:11219708:41834
1162536117:updateInputs:11261625:292
1162536117:updateComponents:11261917:33166
1162536117:propagateValuesOnChangeOnly:11295167:41541
1162536117:updateInputs:11399500:292
1162536117:updateComponents:11399833:33209
1162536117:propagateValuesOnChangeOnly:11433083:42500
1162536117:updateInputs:11475708:292
1162536117:updateComponents:11476042:33083
1162536117:propagateValuesOnChangeOnly:11509167:42333
1162536117:updateInputs:11551583:292
1162536117:updateComponents:11551917:33208
1162536117:propagateValuesOnChangeOnly:11585167:39750
1162536117:updateInputs:11625000:292
1162536117:updateComponents:11625333:33334
1162536117:propagateValuesOnChangeOnly:11658708:43959
1162536117:updateInputs:11702750:333
1162536117:updateComponents:11706958:33042
1162536117:propagateValuesOnChangeOnly:11740083:41625
1162536117:updateInputs:11781792:291
1162536117:updateComponents:11782125:33167
1162536117:propagateValuesOnChangeOnly:11815333:41792
1162536117:updateInputs:11857208:292
1162536117:updateComponents:11857500:33167
1162536117:propagateValuesOnChangeOnly:11890708:41667
1162536117:updateInputs:11932500:250
1162536117:updateComponents:11932792:33208
1162536117:propagateValuesOnChangeOnly:11966042:41750
1162536117:updateInputs:12007875:292
1162536117:updateComponents:12008208:33250
1162536117:propagateValuesOnChangeOnly:12041500:41750
1162536117:updateInputs:12083333:334
1162536117:updateComponents:12083667:33166
1162536117:propagateValuesOnChangeOnly:12116875:41708
1162536117:updateInputs:12158708:292
1162536117:updateComponents:12159042:33250
1162536117:propagateValuesOnChangeOnly:12192333:41667
1162536117:updateInputs:12234125:292
1162536117:updateComponents:12234458:33167
1162536117:propagateValuesOnChangeOnly:12267667:41583
1162536117:updateInputs:12309333:292
1162536117:updateComponents:12309667:33208
1162536117:propagateValuesOnChangeOnly:12342917:41625
1162536117:updateInputs:12384625:292
1162536117:updateComponents:12384958:33250
1162536117:propagateValuesOnChangeOnly:12418250:41625
1162536117:updateInputs:12459958:375
1162536117:updateComponents:12460375:33333
1162536117:propagateValuesOnChangeOnly:12493750:41625
1162536117:updateInputs:12598042:291
1162536117:updateComponents:12598375:33333
1162536117:propagateValuesOnChangeOnly:12631792:45041
1162536117:updateInputs:12676917:291
1162536117:updateComponents:12677208:35875
1162536117:propagateValuesOnChangeOnly:12713125:42375
1162536117:updateInputs:12755625:292
1162536117:updateComponents:12755958:33250
1162536117:propagateValuesOnChangeOnly:12789292:46083
1162536117:updateInputs:12835458:334
1162536117:updateComponents:12835792:33291
1162536117:propagateValuesOnChangeOnly:12869125:42292
1162536117:updateInputs:12911542:291
1162536117:updateComponents:12911875:33333
1162536117:propagateValuesOnChangeOnly:12945250:45417
1162536117:updateInputs:12990750:292
1162536117:updateComponents:12991083:33125
1162536117:propagateValuesOnChangeOnly:13024292:42041
1162536117:updateInputs:13066417:291
1162536117:updateComponents:13066750:32958
1162536117:propagateValuesOnChangeOnly:13099750:41750
1162536117:updateInputs:13141583:292
1162536117:updateComponents:13141917:33125
1162536117:propagateValuesOnChangeOnly:13175083:41792
1162536117:updateInputs:13217000:250
1162536117:updateComponents:13217292:33250
1162536117:propagateValuesOnChangeOnly:13250583:41667
1162536117:updateInputs:13292375:292
1162536117:updateComponents:13292708:33209
1162536117:propagateValuesOnChangeOnly:13325958:41709
1162536117:updateInputs:13369000:292
1162536117:updateComponents:13369292:33208
1162536117:propagateValuesOnChangeOnly:13402542:41750
1162536117:updateInputs:13444417:291
1162536117:updateComponents:13444708:33250
1162536117:propagateValuesOnChangeOnly:13478000:41667
1162536117:updateInputs:13519792:291
1162536117:updateComponents:13520125:33292
1162536117:propagateValuesOnChangeOnly:13553458:41834
1162536117:updateInputs:13595375:333
1162536117:updateComponents:13595708:33125
1162536117:propagateValuesOnChangeOnly:13628875:41625
1162536117:updateInputs:13670583:334
1162536117:updateComponents:13670958:33292
1162536117:propagateValuesOnChangeOnly:13704292:41791
1162536117:updateInputs:13808667:291
1162536117:updateComponents:13808958:33209
1162536117:propagateValuesOnChangeOnly:13842208:43625
1162536117:updateInputs:13885917:291
1162536117:updateComponents:13886250:33167
1162536117:propagateValuesOnChangeOnly:13919458:42334
1162536117:updateInputs:13961875:292
1162536117:updateComponents:13962208:33084
1162536117:propagateValuesOnChangeOnly:13995333:39959
1162536117:updateInputs:14035375:333
1162536117:updateComponents:14035708:33167
1162536117:propagateValuesOnChangeOnly:14068917:44083
1162536117:updateInputs:14113083:292
1162536117:updateComponents:14113417:33208
1162536117:propagateValuesOnChangeOnly:14146667:41666
1162536117:updateInputs:14188417:250
1162536117:updateComponents:14188708:33209
1162536117:propagateValuesOnChangeOnly:14222000:41708
1162536117:updateInputs:14263792:291
1162536117:updateComponents:14264083:33209
1162536117:propagateValuesOnChangeOnly:14297333:41792
1162536117:updateInputs:14339208:292
1162536117:updateComponents:14339542:33250
1162536117:propagateValuesOnChangeOnly:14372875:41625
1162536117:updateInputs:14414625:292
1162536117:updateComponents:14414958:33334
1162536117:propagateValuesOnChangeOnly:14448333:41625
1162536117:updateInputs:14490042:333
1162536117:updateComponents:14490375:33208
1162536117:propagateValuesOnChangeOnly:14523625:41583
1162536117:updateInputs:14565292:291
1162536117:updateComponents:14565625:33167
1162536117:propagateValuesOnChangeOnly:14598833:41750
1162536117:updateInputs:14640667:291
1162536117:updateComponents:14641000:33458
1162536117:propagateValuesOnChangeOnly:14674458:44334
1162536117:updateInputs:14718833:292
1162536117:updateComponents:14719167:33125
1162536117:propagateValuesOnChangeOnly:14752333:41667
1162536117:updateInputs:14794125:292
1162536117:updateComponents:14794417:33208
1162536117:propagateValuesOnChangeOnly:14827667:41750
1162536117:updateInputs:14869458:375
1162536117:updateComponents:14869875:33167
1162536117:propagateValuesOnChangeOnly:14903083:41125
1162536117:updateInputs:15006750:292
1162536117:updateComponents:15007083:33084
1162536117:propagateValuesOnChangeOnly:15040208:44375
1162536117:updateInputs:15084667:333
1162536117:updateComponents:15085000:33375
1162536117:propagateValuesOnChangeOnly:15118417:43000
1162536117:updateInputs:15161500:292
1162536117:updateComponents:15161833:33250
1162536117:propagateValuesOnChangeOnly:15195125:45917
1162536117:updateInputs:15241125:333
1162536117:updateComponents:15241458:33125
1162536117:propagateValuesOnChangeOnly:15274625:42208
1162536117:updateInputs:15316917:333
1162536117:updateComponents:15317292:33166
1162536117:propagateValuesOnChangeOnly:15350500:45458
1162536117:updateInputs:15396042:291
1162536117:updateComponents:15396375:33125
1162536117:propagateValuesOnChangeOnly:15429583:41417
1162536117:updateInputs:15471083:334
1162536117:updateComponents:15471417:33375
1162536117:propagateValuesOnChangeOnly:15504833:41667
1162536117:updateInputs:15546583:334
1162536117:updateComponents:15546958:33209
1162536117:propagateValuesOnChangeOnly:15580208:41625
1162536117:updateInputs:15621917:333
1162536117:updateComponents:15622292:33208
1162536117:propagateValuesOnChangeOnly:15655542:41708
1162536117:updateInputs:15697333:292
1162536117:updateComponents:15697667:33250
1162536117:propagateValuesOnChangeOnly:15730958:41584
1162536117:updateInputs:15772625:333
1162536117:updateComponents:15773000:33208
1162536117:propagateValuesOnChangeOnly:15806292:41625
1162536117:updateInputs:15848000:292
1162536117:updateComponents:15848333:33292
1162536117:propagateValuesOnChangeOnly:15881667:41666
1162536117:updateInputs:15923417:333
1162536117:updateComponents:15923750:33250
1162536117:propagateValuesOnChangeOnly:15957042:41541
1162536117:updateInputs:15998667:291
1162536117:updateComponents:15999000:33125
1162536117:propagateValuesOnChangeOnly:16032167:41625
1162536117:updateInputs:16073875:333
1162536117:updateComponents:16074250:33292
1162536117:propagateValuesOnChangeOnly:16107583:41584
1162536117:updateInputs:16211750:292
1162536117:updateComponents:16212083:33167
1162536117:propagateValuesOnChangeOnly:16245292:43708
1162536117:updateInputs:16289083:250
1162536117:updateComponents:16289375:33208
1162536117:propagateValuesOnChangeOnly:16322625:42292
1162536117:updateInputs:16365000:333
1162536117:updateComponents:16365375:33208
1162536117:propagateValuesOnChangeOnly:16398625:39750
1162536117:updateInputs:16438458:334
1162536117:updateComponents:16438792:33041
1162536117:propagateValuesOnChangeOnly:16471875:44083
1162536117:updateInputs:16516042:291
1162536117:updateComponents:16516375:33292
1162536117:propagateValuesOnChangeOnly:16549708:41625
1162536117:updateInputs:16594667:333
1162536117:updateComponents:16595042:33458
1162536117:propagateValuesOnChangeOnly:16628500:44292
1162536117:updateInputs:16672833:292
1162536117:updateComponents:16673167:33291
1162536117:propagateValuesOnChangeOnly:16706500:41667
1162536117:updateInputs:16748250:292
1162536117:updateComponents:16748542:33333
1162536117:propagateValuesOnChangeOnly:16781917:41291
1162536117:updateInputs:16823292:333
1162536117:updateComponents:16823625:33292
1162536117:propagateValuesOnChangeOnly:16856958:41584
1162536117:updateInputs:16898625:292
1162536117:updateComponents:16898958:33209
1162536117:propagateValuesOnChangeOnly:16932208:41792
1162536117:updateInputs:16974083:292
1162536117:updateComponents:16974417:33250
1162536117:propagateValuesOnChangeOnly:17007750:41542
1162536117:updateInputs:17049375:250
1162536117:updateComponents:17049667:33250
1162536117:propagateValuesOnChangeOnly:17082958:41709
1162536117:updateInputs:17124750:292
1162536117:updateComponents:17125042:33250
1162536117:propagateValuesOnChangeOnly:17158333:41709
1162536117:updateInputs:17200125:333
1162536117:updateComponents:17200458:33167
1162536117:propagateValuesOnChangeOnly:17233667:41625
1162536117:updateInputs:17275375:333
1162536117:updateComponents:17275750:33167
1162536117:propagateValuesOnChangeOnly:17308958:41709
1162536117:updateInputs:17413292:333
1162536117:updateComponents:17413667:33291
1162536117:propagateValuesOnChangeOnly:17447000:44667
1162536117:updateInputs:17491750:333
1162536117:updateComponents:17492083:33167
1162536117:propagateValuesOnChangeOnly:17525292:43125
1162536117:updateInputs:17568500:292
1162536117:updateComponents:17568833:33167
1162536117:propagateValuesOnChangeOnly:17602042:45416
1162536117:updateInputs:17647500:292
1162536117:updateComponents:17647833:33209
1162536117:propagateValuesOnChangeOnly:17681083:41834
1162536117:updateInputs:17723000:292
1162536117:updateComponents:17723333:33292
1162536117:propagateValuesOnChangeOnly:17756667:45583
1162536117:updateInputs:17802333:292
1162536117:updateComponents:17802667:33125
1162536117:propagateValuesOnChangeOnly:17835833:41792
1162536117:updateInputs:17877708:292
1162536117:updateComponents:17878042:33208
1162536117:propagateValuesOnChangeOnly:17911292:41833
1162536117:updateInputs:17953208:292
1162536117:updateComponents:17953542:33208
1162536117:propagateValuesOnChangeOnly:17986792:41708
1162536117:updateInputs:18028583:334
1162536117:updateComponents:18028958:33167
1162536117:propagateValuesOnChangeOnly:18062167:41708
1162536117:updateInputs:18103958:292
1162536117:updateComponents:18104292:33208
1162536117:propagateValuesOnChangeOnly:18137542:41625
1162536117:updateInputs:18179250:333
1162536117:updateComponents:18179625:33208
1162536117:propagateValuesOnChangeOnly:18212875:41292
1162536117:updateInputs:18254250:292
1162536117:updateComponents:18254583:33250
1162536117:propagateValuesOnChangeOnly:18287875:41708
1162536117:updateInputs:18329667:291
1162536117:updateComponents:18330000:33250
1162536117:propagateValuesOnChangeOnly:18363292:41625
1162536117:updateInputs:18404958:292
1162536117:updateComponents:18405292:33333
1162536117:propagateValuesOnChangeOnly:18438667:41666
1162536117:updateInputs:18480417:291
1162536117:updateComponents:18480708:33084
1162536117:propagateValuesOnChangeOnly:18513833:41667
1162536117:updateInputs:18618125:292
1162536117:updateComponents:18618458:36959
1162536117:propagateValuesOnChangeOnly:18655458:43209
1162536117:updateInputs:18698750:292
1162536117:updateComponents:18699083:33292
1162536117:propagateValuesOnChangeOnly:18732417:41958
1162536117:updateInputs:18774458:334
1162536117:updateComponents:18774792:33250
1162536117:propagateValuesOnChangeOnly:18808083:39875
1162536117:updateInputs:18848042:291
1162536117:updateComponents:18848375:33375
1162536117:propagateValuesOnChangeOnly:18881792:44041
1162536117:updateInputs:18925875:333
1162536117:updateComponents:18926208:33292
1162536117:propagateValuesOnChangeOnly:18959542:42625
1162536117:updateInputs:19002250:333
1162536117:updateComponents:19002625:33417
1162536117:propagateValuesOnChangeOnly:19036083:41625
1162536117:updateInputs:19077792:291
1162536117:updateComponents:19078125:33125
1162536117:propagateValuesOnChangeOnly:19111292:41708
1162536117:updateInputs:19153125:292
1162536117:updateComponents:19153417:33166
1162536117:propagateValuesOnChangeOnly:19186625:41750
1162536117:updateInputs:19228458:292
1162536117:updateComponents:19228792:33166
1162536117:propagateValuesOnChangeOnly:19262000:41750
1162536117:updateInputs:19303833:292
1162536117:updateComponents:19304167:33208
1162536117:propagateValuesOnChangeOnly:19337458:41667
1162536117:updateInputs:19379208:334
1162536117:updateComponents:19379583:33250
1162536117:propagateValuesOnChangeOnly:19412875:41750
1162536117:updateInputs:19454750:292
1162536117:updateComponents:19455042:33083
1162536117:propagateValuesOnChangeOnly:19488125:41667
1162536117:updateInputs:19529875:292
1162536117:updateComponents:19530167:33083
1162536117:propagateValuesOnChangeOnly:19563292:41750
1162536117:updateInputs:19605125:292
1162536117:updateComponents:19605458:33125
1162536117:propagateValuesOnChangeOnly:19638625:41625
1162536117:updateInputs:19680375:292
1162536117:updateComponents:19680667:33291
1162536117:propagateValuesOnChangeOnly:19714000:41583
1162536117:updateInputs:19818208:292
1162536117:updateComponents:19818542:33208
1162536117:propagateValuesOnChangeOnly:19851792:43500
1162536117:updateInputs:19895375:292
1162536117:updateComponents:19895667:33416
1162536117:propagateValuesOnChangeOnly:19929167:42833
1162536117:updateInputs:19972083:292
1162536117:updateComponents:19972417:33208
1162536117:propagateValuesOnChangeOnly:20005667:45708
1162536117:updateInputs:20051458:292
1162536117:updateComponents:20051792:33125
1162536117:propagateValuesOnChangeOnly:20084958:41667
1162536117:updateInputs:20126708:292
1162536117:updateComponents:20127042:33166
1162536117:propagateValuesOnChangeOnly:20160250:46667
1162536117:updateInputs:20207042:291
1162536117:updateComponents:20207375:33167
1162536117:propagateValuesOnChangeOnly:20240583:41167
1162536117:updateInputs:20281833:292
1162536117:updateComponents:20282167:33250
1162536117:propagateValuesOnChangeOnly:20315458:41375
1162536117:updateInputs:20356917:291
1162536117:updateComponents:20357250:33208
1162536117:propagateValuesOnChangeOnly:20390500:41292
1162536117:updateInputs:20431917:291
1162536117:updateComponents:20432208:33375
1162536117:propagateValuesOnChangeOnly:20465625:41750
1162536117:updateInputs:20507458:292
1162536117:updateComponents:20507792:33208
1162536117:propagateValuesOnChangeOnly:20541042:41666
1162536117:updateInputs:20582833:292
1162536117:updateComponents:20583125:33250
1162536117:propagateValuesOnChangeOnly:20616417:41750
1162536117:updateInputs:20658250:292
1162536117:updateComponents:20658583:33167
1162536117:propagateValuesOnChangeOnly:20691792:41666
1162536117:updateInputs:20733542:333
1162536117:updateComponents:20733875:33250
1162536117:propagateValuesOnChangeOnly:20767208:41709
1162536117:updateInputs:20809000:292
1162536117:updateComponents:20809333:33250
1162536117:propagateValuesOnChangeOnly:20842625:41750
1162536117:updateInputs:20884458:292
1162536117:updateComponents:20884792:33250
1162536117:propagateValuesOnChangeOnly:20918083:41625
1162536117:updateInputs:21022542:291
1162536117:updateComponents:21022875:33083
1162536117:propagateValuesOnChangeOnly:21056000:43417
1162536117:updateInputs:21099500:292
1162536117:updateComponents:21099833:33209
1162536117:propagateValuesOnChangeOnly:21134208:42209
1162536117:updateInputs:21176542:291
1162536117:updateComponents:21176833:33125
1162536117:propagateValuesOnChangeOnly:21210000:39875
1162536117:updateInputs:21249958:250
1162536117:updateComponents:21250250:33125
1162536117:propagateValuesOnChangeOnly:21283417:43375
1162536117:updateInputs:21326875:292
1162536117:updateComponents:21327208:33125
1162536117:propagateValuesOnChangeOnly:21360375:41333
1162536117:updateInputs:21401792:291
1162536117:updateComponents:21402125:33083
1162536117:propagateValuesOnChangeOnly:21435250:41750
1162536117:updateInputs:21477083:292
1162536117:updateComponents:21477375:33000
1162536117:propagateValuesOnChangeOnly:21510417:41666
1162536117:updateInputs:21552167:291
1162536117:updateComponents:21552458:33167
1162536117:propagateValuesOnChangeOnly:21585667:41708
1162536117:updateInputs:21627500:292
1162536117:updateComponents:21627792:33208
1162536117:propagateValuesOnChangeOnly:21661042:41625
1162536117:updateInputs:21702875:292
1162536117:updateComponents:21703167:33166
1162536117:propagateValuesOnChangeOnly:21736375:41708
1162536117:updateInputs:21778167:291
1162536117:updateComponents:21778500:33208
1162536117:propagateValuesOnChangeOnly:21811750:41750
1162536117:updateInputs:21853583:334
1162536117:updateComponents:21853958:33125
1162536117:propagateValuesOnChangeOnly:21887125:41708
1162536117:updateInputs:21928917:291
1162536117:updateComponents:21929250:33208
1162536117:propagateValuesOnChangeOnly:21962500:41708
1162536117:updateInputs:22004458:250
1162536117:updateComponents:22004750:33208
1162536117:propagateValuesOnChangeOnly:22038000:41625
1162536117:updateInputs:22079708:334
1162536117:updateComponents:22080083:33292
1162536117:propagateValuesOnChangeOnly:22113417:41750
1162536117:updateInputs:22217708:334
1162536117:updateComponents:22218083:33167
1162536117:propagateValuesOnChangeOnly:22251292:43750
1162536117:updateInputs:22295125:292
1162536117:updateComponents:22295458:33292
1162536117:propagateValuesOnChangeOnly:22328792:42875
1162536117:updateInputs:22371792:291
1162536117:updateComponents:22372083:33375
1162536117:propagateValuesOnChangeOnly:22405500:45083
1162536117:updateInputs:22450667:291
1162536117:updateComponents:22451000:33208
1162536117:propagateValuesOnChangeOnly:22484250:41667
1162536117:updateInputs:22526042:333
1162536117:updateComponents:22526375:33292
1162536117:propagateValuesOnChangeOnly:22559708:46834
1162536117:updateInputs:22606583:334
1162536117:updateComponents:22606917:33208
1162536117:propagateValuesOnChangeOnly:22640167:41625
1162536117:updateInputs:22681875:292
1162536117:updateComponents:22682208:33209
1162536117:propagateValuesOnChangeOnly:22715458:41667
1162536117:updateInputs:22757208:292
1162536117:updateComponents:22757542:33166
1162536117:propagateValuesOnChangeOnly:22790750:41792
1162536117:updateInputs:22832625:333
1162536117:updateComponents:22833000:33125
1162536117:propagateValuesOnChangeOnly:22866167:41750
1162536117:updateInputs:22908000:292
1162536117:updateComponents:22908333:33209
1162536117:propagateValuesOnChangeOnly:22941583:41750
1162536117:updateInputs:22983583:250
1162536117:updateComponents:22983875:33250
1162536117:propagateValuesOnChangeOnly:23017167:41750
1162536117:updateInputs:23059000:292
1162536117:updateComponents:23059333:33042
1162536117:propagateValuesOnChangeOnly:23092458:41375
1162536117:updateInputs:23133917:291
1162536117:updateComponents:23134250:33125
1162536117:propagateValuesOnChangeOnly:23167458:41792
1162536117:updateInputs:23209292:291
1162536117:updateComponents:23209625:33000
1162536117:propagateValuesOnChangeOnly:23242667:41708
1162536117:updateInputs:23284542:291
1162536117:updateComponents:23284875:33125
1162536117:propagateValuesOnChangeOnly:23318042:41458
1162536117:updateInputs:23422042:291
1162536117:updateComponents:23422333:33084
1162536117:propagateValuesOnChangeOnly:23455458:43875
1162536117:updateInputs:23499375:292
1162536117:updateComponents:23499708:33125
1162536117:propagateValuesOnChangeOnly:23532875:42500
1162536117:updateInputs:23575458:250
1162536117:updateComponents:23575750:33083
1162536117:propagateValuesOnChangeOnly:23608875:39917
1162536117:updateInputs:23648875:292
1162536117:updateComponents:23649208:33250
1162536117:propagateValuesOnChangeOnly:23682500:44000
1162536117:updateInputs:23726583:292
1162536117:updateComponents:23726917:33166
1162536117:propagateValuesOnChangeOnly:23760125:41583
1162536117:updateInputs:23801792:291
1162536117:updateComponents:23802125:33167
1162536117:propagateValuesOnChangeOnly:23835333:41292
1162536117:updateInputs:23876667:333
1162536117:updateComponents:23877042:33250
1162536117:propagateValuesOnChangeOnly:23910333:41792
1162536117:updateInputs:23952208:292
1162536117:updateComponents:23952542:33250
1162536117:propagateValuesOnChangeOnly:23985833:41709
1162536117:updateInputs:24027625:292
1162536117:updateComponents:24027917:33333
1162536117:propagateValuesOnChangeOnly:24061292:41000
1162536117:updateInputs:24102375:292
1162536117:updateComponents:24102708:33500
1162536117:propagateValuesOnChangeOnly:24136250:41625
1162536117:updateInputs:24177917:291
1162536117:updateComponents:24178250:33208
1162536117:propagateValuesOnChangeOnly:24211458:41625
1162536117:updateInputs:24253125:292
1162536117:updateComponents:24253458:33250
1162536117:propagateValuesOnChangeOnly:24286750:41667
1162536117:updateInputs:24328542:291
1162536117:updateComponents:24328875:33458
1162536117:propagateValuesOnChangeOnly:24362333:41792
1162536117:updateInputs:24404167:333
1162536117:updateComponents:24404500:39208
1162536117:propagateValuesOnChangeOnly:24443750:41583
1162536117:updateInputs:24485375:292
1162536117:updateComponents:24485708:34292
1162536117:propagateValuesOnChangeOnly:24520000:43500
1162536117:updateInputs:24626083:334
1162536117:updateComponents:24626417:33333
1162536117:propagateValuesOnChangeOnly:24659792:43333
1162536117:updateInputs:24703167:291
1162536117:updateComponents:24703500:33333
1162536117:propagateValuesOnChangeOnly:24736875:42542
1162536117:updateInputs:24779458:292
1162536117:updateComponents:24779792:33333
1162536117:propagateValuesOnChangeOnly:24813167:44916
1162536117:updateInputs:24858167:291
1162536117:updateComponents:24858500:33292
1162536117:propagateValuesOnChangeOnly:24891833:41834
1162536117:updateInputs:24933792:291
1162536117:updateComponents:24934125:33250
1162536117:propagateValuesOnChangeOnly:24967417:46625
1162536117:updateInputs:25014125:292
1162536117:updateComponents:25014458:33250
1162536117:propagateValuesOnChangeOnly:25047750:41708
1162536117:updateInputs:25089542:333
1162536117:updateComponents:25089875:33250
1162536117:propagateValuesOnChangeOnly:25123167:41666
1162536117:updateInputs:25164917:291
1162536117:updateComponents:25165250:33250
1162536117:propagateValuesOnChangeOnly:25198542:41750
1162536117:updateInputs:25240500:333
1162536117:updateComponents:25240833:33250
1162536117:propagateValuesOnChangeOnly:25274125:41708
1162536117:updateInputs:25315917:291
1162536117:updateComponents:25316208:33084
1162536117:propagateValuesOnChangeOnly:25349333:41375
1162536117:updateInputs:25390750:292
1162536117:updateComponents:25391083:33417
1162536117:propagateValuesOnChangeOnly:25424542:41791
1162536117:updateInputs:25466417:291
1162536117:updateComponents:25466708:33292
1162536117:propagateValuesOnChangeOnly:25500042:41708
1162536117:updateInputs:25541792:333
1162536117:updateComponents:25542125:33292
1162536117:propagateValuesOnChangeOnly:25575417:41125
1162536117:updateInputs:25616583:292
1162536117:updateComponents:25616917:33416
1162536117:propagateValuesOnChangeOnly:25650333:41667
1162536117:updateInputs:25692083:334
1162536117:updateComponents:25692417:33291
1162536117:propagateValuesOnChangeOnly:25725750:41625
1162536117:updateInputs:25829917:291
1162536117:updateComponents:25830250:33208
1162536117:propagateValuesOnChangeOnly:25863500:43417
1162536117:updateInputs:25907167:250
1162536117:updateComponents:25907458:33334
1162536117:propagateValuesOnChangeOnly:25940833:42250
1162536117:updateInputs:25983167:333
1162536117:updateComponents:25983542:33250
1162536117:propagateValuesOnChangeOnly:26016833:39875
1162536117:updateInputs:26056792:291
1162536117:updateComponents:26057125:33375
1162536117:propagateValuesOnChangeOnly:26090583:43917
1162536117:updateInputs:26134583:334
1162536117:updateComponents:26134917:33458
1162536117:propagateValuesOnChangeOnly:26168417:41625
1162536117:updateInputs:26210417:291
1162536117:updateComponents:26210750:33250
1162536117:propagateValuesOnChangeOnly:26244042:41708
1162536117:updateInputs:26285833:334
1162536117:updateComponents:26286167:33250
1162536117:propagateValuesOnChangeOnly:26319458:41625
1162536117:updateInputs:26361167:250
1162536117:updateComponents:26361458:33292
1162536117:propagateValuesOnChangeOnly:26394792:41625
1162536117:updateInputs:26436500:292
1162536117:updateComponents:26436833:33209
1162536117:propagateValuesOnChangeOnly:26470083:41667
1162536117:updateInputs:26512000:292
1162536117:updateComponents:26512292:33291
1162536117:propagateValuesOnChangeOnly:26545625:45708
1162536117:updateInputs:26591375:292
1162536117:updateComponents:26591708:33209
1162536117:propagateValuesOnChangeOnly:26624958:41667
1162536117:updateInputs:26666708:292
1162536117:updateComponents:26667042:33250
1162536117:propagateValuesOnChangeOnly:26700333:41834
1162536117:updateInputs:26742250:292
1162536117:updateComponents:26742542:33291
1162536117:propagateValuesOnChangeOnly:26775875:41833
1162536117:updateInputs:26817917:291
1162536117:updateComponents:26818250:33208
1162536117:propagateValuesOnChangeOnly:26851500:41708
1162536117:updateInputs:26893292:250
1162536117:updateComponents:26893583:33125
1162536117:propagateValuesOnChangeOnly:26926750:41500
1162536117:updateInputs:27030708:334
1162536117:updateComponents:27031042:33208
1162536117:propagateValuesOnChangeOnly:27064292:44000
1162536117:updateInputs:27108375:292
1162536117:updateComponents:27108708:33250
1162536117:propagateValuesOnChangeOnly:27142000:43000
1162536117:updateInputs:27185250:292
1162536117:updateComponents:27185583:33084
1162536117:propagateValuesOnChangeOnly:27218708:45375
1162536117:updateInputs:27264167:291
1162536117:updateComponents:27264500:33167
1162536117:propagateValuesOnChangeOnly:27297708:42000
1162536117:updateInputs:27339792:291
1162536117:updateComponents:27340125:33042
1162536117:propagateValuesOnChangeOnly:27373208:47042
1162536117:updateInputs:27420333:334
1162536117:updateComponents:27420667:33083
1162536117:propagateValuesOnChangeOnly:27453792:41708
1162536117:updateInputs:27495667:291
1162536117:updateComponents:27496000:33083
1162536117:propagateValuesOnChangeOnly:27529125:41708
1162536117:updateInputs:27570917:291
1162536117:updateComponents:27571250:33125
1162536117:propagateValuesOnChangeOnly:27604417:41750
1162536117:updateInputs:27646250:292
1162536117:updateComponents:27646542:33333
1162536117:propagateValuesOnChangeOnly:27679917:41833
1162536117:updateInputs:27721833:334
1162536117:updateComponents:27722167:33166
1162536117:propagateValuesOnChangeOnly:27755375:41292
1162536117:updateInputs:27796875:292
1162536117:updateComponents:27797208:33167
1162536117:propagateValuesOnChangeOnly:27830417:41625
1162536117:updateInputs:27872125:292
1162536117:updateComponents:27872458:33250
1162536117:propagateValuesOnChangeOnly:27905750:41667
1162536117:updateInputs:27947500:292
1162536117:updateComponents:27947833:33375
1162536117:propagateValuesOnChangeOnly:27981250:41542
1162536117:updateInputs:28022875:333
1162536117:updateComponents:28023208:33292
1162536117:propagateValuesOnChangeOnly:28056542:41708
1162536117:updateInputs:28098625:292
1162536117:updateComponents:28098917:33250
1162536117:propagateValuesOnChangeOnly:28132208:41625
1162536117:updateInputs:28236417:291
1162536117:updateComponents:28236750:33208
1162536117:propagateValuesOnChangeOnly:28270000:43583
1162536117:updateInputs:28313667:291
1162536117:updateComponents:28314000:33250
1162536117:propagateValuesOnChangeOnly:28347292:42291
1162536117:updateInputs:28389667:291
1162536117:updateComponents:28390000:33250
1162536117:propagateValuesOnChangeOnly:28423333:39917
1162536117:updateInputs:28463375:292
1162536117:updateComponents:28463708:33125
1162536117:propagateValuesOnChangeOnly:28496917:46708
1162536117:updateInputs:28543625:292
1162536117:updateComponents:28543958:33542
1162536117:propagateValuesOnChangeOnly:28577542:41708
1162536117:updateInputs:28619333:334
1162536117:updateComponents:28619667:33333
1162536117:propagateValuesOnChangeOnly:28653042:41625
1162536117:updateInputs:28694750:292
1162536117:updateComponents:28695042:33208
1162536117:propagateValuesOnChangeOnly:28728292:41708
1162536117:updateInputs:28770125:292
1162536117:updateComponents:28770417:33208
1162536117:propagateValuesOnChangeOnly:28803667:41666
1162536117:updateInputs:28845417:291
1162536117:updateComponents:28845750:33208
1162536117:propagateValuesOnChangeOnly:28879000:41792
1162536117:updateInputs:28920833:334
1162536117:updateComponents:28921167:33125
1162536117:propagateValuesOnChangeOnly:28954333:41709
1162536117:updateInputs:28996125:292
1162536117:updateComponents:28996458:37167
1162536117:propagateValuesOnChangeOnly:29033667:41333
1162536117:updateInputs:29075125:333
1162536117:updateComponents:29075500:33333
1162536117:propagateValuesOnChangeOnly:29108875:41250
1162536117:updateInputs:29150208:334
1162536117:updateComponents:29150542:33291
1162536117:propagateValuesOnChangeOnly:29183875:41708
1162536117:updateInputs:29225667:291
1162536117:updateComponents:29226000:33167
1162536117:propagateValuesOnChangeOnly:29259208:41542
1162536117:updateInputs:29300833:292
1162536117:updateComponents:29301125:33167
1162536117:propagateValuesOnChangeOnly:29334333:41750
1162536117:updateInputs:29438667:291
1162536117:updateComponents:29439000:33208
1162536117:propagateValuesOnChangeOnly:29472250:43542
1162536117:updateInputs:29515875:333
1162536117:updateComponents:29516208:33209
1162536117:propagateValuesOnChangeOnly:29549458:42917
1162536117:updateInputs:29592458:250
1162536117:updateComponents:29592750:33250
1162536117:propagateValuesOnChangeOnly:29626042:45666
1162536117:updateInputs:29671792:291
1162536117:updateComponents:29672125:33167
1162536117:propagateValuesOnChangeOnly:29705333:41875
1162536117:updateInputs:29747417:291
1162536117:updateComponents:29747750:33250
1162536117:propagateValuesOnChangeOnly:29781042:46875
1162536117:updateInputs:29828000:292
1162536117:updateComponents:29828292:33250
1162536117:propagateValuesOnChangeOnly:29861583:41042
1162536117:updateInputs:29902708:292
1162536117:updateComponents:29903000:33208
1162536117:propagateValuesOnChangeOnly:29936250:41000
1162536117:updateInputs:29977333:334
1162536117:updateComponents:29977708:33334
1162536117:propagateValuesOnChangeOnly:30011083:41750
1162536117:updateInputs:30052917:250
1162536117:updateComponents:30053208:33167
1162536117:propagateValuesOnChangeOnly:30086417:41666
1162536117:updateInputs:30128167:250
1162536117:updateComponents:30128458:33292
1162536117:propagateValuesOnChangeOnly:30161792:41041
1162536117:updateInputs:30202917:291
1162536117:updateComponents:30203250:33167
1162536117:propagateValuesOnChangeOnly:30245792:41791
1162536117:updateInputs:30287667:291
1162536117:updateComponents:30288000:33083
1162536117:propagateValuesOnChangeOnly:30321125:41792
1162536117:updateInputs:30363125:292
1162536117:updateComponents:30363458:33167
1162536117:propagateValuesOnChangeOnly:30396667:41750
1162536117:updateInputs:30438542:291
1162536117:updateComponents:30438875:33125
1162536117:propagateValuesOnChangeOnly:30472042:41833
1162536117:updateInputs:30513917:291
1162536117:updateComponents:30514250:37375
1162536117:propagateValuesOnChangeOnly:30551667:41791
1162536117:updateInputs:30656083:292
1162536117:updateComponents:30656417:33166
1162536117:propagateValuesOnChangeOnly:30689625:43583
1162536117:updateInputs:30733292:291
1162536117:updateComponents:30733625:33167
1162536117:propagateValuesOnChangeOnly:30766875:42458
1162536117:updateInputs:30809417:291
1162536117:updateComponents:30809750:33250
1162536117:propagateValuesOnChangeOnly:30843042:39583
1162536117:updateInputs:30882708:334
1162536117:updateComponents:30883083:33167
1162536117:propagateValuesOnChangeOnly:30916292:44000
1162536117:updateInputs:30960375:333
1162536117:updateComponents:30960708:33167
1162536117:propagateValuesOnChangeOnly:30993917:41750
1162536117:updateInputs:31036042:291
1162536117:updateComponents:31036375:33167
1162536117:propagateValuesOnChangeOnly:31069583:41792
1162536117:updateInputs:31111417:291
1162536117:updateComponents:31111708:33417
1162536117:propagateValuesOnChangeOnly:31145125:41708
1162536117:updateInputs:31186875:292
1162536117:updateComponents:31187208:33209
1162536117:propagateValuesOnChangeOnly:31220458:41792
1162536117:updateInputs:31262333:292
1162536117:updateComponents:31262667:33041
1162536117:propagateValuesOnChangeOnly:31295750:41625
1162536117:updateInputs:31337542:291
1162536117:updateComponents:31337875:33292
1162536117:propagateValuesOnChangeOnly:31371208:41625
1162536117:updateInputs:31412917:291
1162536117:updateComponents:31413250:33208
1162536117:propagateValuesOnChangeOnly:31446500:41667
1162536117:updateInputs:31488250:292
1162536117:updateComponents:31488583:33209
1162536117:propagateValuesOnChangeOnly:31521833:41625
1162536117:updateInputs:31563542:333
1162536117:updateComponents:31563917:33166
1162536117:propagateValuesOnChangeOnly:31597125:41667
1162536117:updateInputs:31638875:292
1162536117:updateComponents:31639208:33167
1162536117:propagateValuesOnChangeOnly:31672417:41458
1162536117:updateInputs:31713958:334
1162536117:updateComponents:31714333:33125
1162536117:propagateValuesOnChangeOnly:31747542:41750
1162536117:updateInputs:31851750:292
1162536117:updateComponents:31852083:33250
1162536117:propagateValuesOnChangeOnly:31885375:43917
1162536117:updateInputs:31929375:333
1162536117:updateComponents:31929708:33167
1162536117:propagateValuesOnChangeOnly:31962917:42958
1162536117:updateInputs:32006042:291
1162536117:updateComponents:32006375:33208
1162536117:propagateValuesOnChangeOnly:32039583:45584
1162536117:updateInputs:32085208:292
1162536117:updateComponents:32085542:33208
1162536117:propagateValuesOnChangeOnly:32118833:42000
1162536117:updateInputs:32160875:292
1162536117:updateComponents:32161208:33167
1162536117:propagateValuesOnChangeOnly:32194417:46916
1162536117:updateInputs:32241417:333
1162536117:updateComponents:32241792:33083
1162536117:propagateValuesOnChangeOnly:32274917:41666
1162536117:updateInputs:32316833:250
1162536117:updateComponents:32317125:33167
1162536117:propagateValuesOnChangeOnly:32350375:41708
1162536117:updateInputs:32392167:291
1162536117:updateComponents:32392500:33167
1162536117:propagateValuesOnChangeOnly:32425708:41750
1162536117:updateInputs:32467500:333
1162536117:updateComponents:32467833:35667
1162536117:propagateValuesOnChangeOnly:32503542:41708
1162536117:updateInputs:32545333:292
1162536117:updateComponents:32545667:33208
1162536117:propagateValuesOnChangeOnly:32578917:41708
1162536117:updateInputs:32621000:292
1162536117:updateComponents:32621292:33250
1162536117:propagateValuesOnChangeOnly:32654583:41834
1162536117:updateInputs:32696500:250
1162536117:updateComponents:32696792:33291
1162536117:propagateValuesOnChangeOnly:32730125:41667
1162536117:updateInputs:32771875:292
1162536117:updateComponents:32772208:33125
1162536117:propagateValuesOnChangeOnly:32805375:41667
1162536117:updateInputs:32847083:334
1162536117:updateComponents:32847417:33166
1162536117:propagateValuesOnChangeOnly:32880625:41542
1162536117:updateInputs:32922542:291
1162536117:updateComponents:32922875:33292
1162536117:propagateValuesOnChangeOnly:32956208:41625
1162536117:updateInputs:33060333:292
1162536117:updateComponents:33060667:33250
1162536117:propagateValuesOnChangeOnly:33093958:43042
1162536117:updateInputs:33137083:292
1162536117:updateComponents:33137417:33166
1162536117:propagateValuesOnChangeOnly:33170625:41917
1162536117:updateInputs:33212625:292
1162536117:updateComponents:33212958:33334
1162536117:propagateValuesOnChangeOnly:33246333:39750
1162536117:updateInputs:33286458:292
1162536117:updateComponents:33286792:33250
1162536117:propagateValuesOnChangeOnly:33320083:44042
1162536117:updateInputs:33364208:292
1162536117:updateComponents:33364500:33208
1162536117:propagateValuesOnChangeOnly:33397750:41708
1162536117:updateInputs:33439542:291
1162536117:updateComponents:33439875:33083
1162536117:propagateValuesOnChangeOnly:33473042:41625
1162536117:updateInputs:33514750:333
1162536117:updateComponents:33515083:33250
1162536117:propagateValuesOnChangeOnly:33548375:41667
1162536117:updateInputs:33590417:333
1162536117:updateComponents:33590792:33291
1162536117:propagateValuesOnChangeOnly:33624125:41708
1162536117:updateInputs:33665917:333
1162536117:updateComponents:33666250:33333
1162536117:propagateValuesOnChangeOnly:33699625:41583
1162536117:updateInputs:33741292:291
1162536117:updateComponents:33741625:33208
1162536117:propagateValuesOnChangeOnly:33774875:41667
1162536117:updateInputs:33816625:333
1162536117:updateComponents:33817000:33208
1162536117:propagateValuesOnChangeOnly:33850250:41542
1162536117:updateInputs:33891958:334
1162536117:updateComponents:33892333:33375
1162536117:propagateValuesOnChangeOnly:33925750:41750
1162536117:updateInputs:33967583:250
1162536117:updateComponents:33967875:33292
1162536117:propagateValuesOnChangeOnly:34001208:41709
1162536117:updateInputs:34043000:333
1162536117:updateComponents:34043333:33125
1162536117:propagateValuesOnChangeOnly:34076500:41583
1162536117:updateInputs:34118167:291
1162536117:updateComponents:34118500:33250
1162536117:propagateValuesOnChangeOnly:34151792:41750
1162536117:updateInputs:34256250:292
1162536117:updateComponents:34256583:33042
1162536117:propagateValuesOnChangeOnly:34289667:43250
1162536117:updateInputs:34333000:292
1162536117:updateComponents:34333333:33167
1162536117:propagateValuesOnChangeOnly:34366542:42583
1162536117:updateInputs:34409208:292
1162536117:updateComponents:34409500:33250
1162536117:propagateValuesOnChangeOnly:34442750:48625
1162536117:updateInputs:34491417:291
1162536117:updateComponents:34491750:33167
1162536117:propagateValuesOnChangeOnly:34524958:41417
1162536117:updateInputs:34566750:292
1162536117:updateComponents:34567042:33083
1162536117:propagateValuesOnChangeOnly:34600167:46208
1162536117:updateInputs:34646458:292
1162536117:updateComponents:34646750:33250
1162536117:propagateValuesOnChangeOnly:34680042:41833
1162536117:updateInputs:34721958:292
1162536117:updateComponents:34722292:33250
1162536117:propagateValuesOnChangeOnly:34755583:41834
1162536117:updateInputs:34797542:291
1162536117:updateComponents:34797875:33125
1162536117:propagateValuesOnChangeOnly:34831042:41791
1162536117:updateInputs:34873208:292
1162536117:updateComponents:34873542:33166
1162536117:propagateValuesOnChangeOnly:34906750:41750
1162536117:updateInputs:34948583:292
1162536117:updateComponents:34948875:33167
1162536117:propagateValuesOnChangeOnly:34982083:41667
1162536117:updateInputs:35023833:292
1162536117:updateComponents:35024167:33083
1162536117:propagateValuesOnChangeOnly:35057292:41875
1162536117:updateInputs:35099250:292
1162536117:updateComponents:35099542:33208
1162536117:propagateValuesOnChangeOnly:35132792:41708
1162536117:updateInputs:35174750:292
1162536117:updateComponents:35175042:33125
1162536117:propagateValuesOnChangeOnly:35208208:41625
1162536117:updateInputs:35249917:291
1162536117:updateComponents:35250250:33083
1162536117:propagateValuesOnChangeOnly:35283417:41583
1162536117:updateInputs:35325083:334
1162536117:updateComponents:35325417:33166
1162536117:propagateValuesOnChangeOnly:35358625:41708
1162536117:updateInputs:35462875:292
1162536117:updateComponents:35463208:33084
1162536117:propagateValuesOnChangeOnly:35496333:54917
1162536117:updateInputs:35551333:292
1162536117:updateComponents:35551667:35750
1162536117:propagateValuesOnChangeOnly:35587458:42209
1162536117:updateInputs:35629750:333
1162536117:updateComponents:35630125:33208
1162536117:propagateValuesOnChangeOnly:35663375:39542
1162536117:updateInputs:35703000:292
1162536117:updateComponents:35703292:33375
1162536117:propagateValuesOnChangeOnly:35736708:41667
1162536117:updateInputs:35778458:292
1162536117:updateComponents:35778792:33375
1162536117:propagateValuesOnChangeOnly:35812208:44084
1162536117:updateInputs:35856500:333
1162536117:updateComponents:35856833:33250
1162536117:propagateValuesOnChangeOnly:35890125:41750
1162536117:updateInputs:35931958:292
1162536117:updateComponents:35932292:33250
1162536117:propagateValuesOnChangeOnly:35965583:41167
1162536117:updateInputs:36006833:292
1162536117:updateComponents:36007125:33125
1162536117:propagateValuesOnChangeOnly:36040292:41875
1162536117:updateInputs:36082250:292
1162536117:updateComponents:36082583:33292
1162536117:propagateValuesOnChangeOnly:36115917:41791
1162536117:updateInputs:36157792:291
1162536117:updateComponents:36158083:33292
1162536117:propagateValuesOnChangeOnly:36191417:41833
1162536117:updateInputs:36233292:291
1162536117:updateComponents:36233625:33208
1162536117:propagateValuesOnChangeOnly:36266875:41542
1162536117:updateInputs:36308500:292
1162536117:updateComponents:36308833:33042
1162536117:propagateValuesOnChangeOnly:36341917:41291
1162536117:updateInputs:36383292:291
1162536117:updateComponents:36383625:33042
1162536117:propagateValuesOnChangeOnly:36416667:44458
1162536117:updateInputs:36461167:333
1162536117:updateComponents:36461500:33292
1162536117:propagateValuesOnChangeOnly:36494833:41667
1162536117:updateInputs:36536583:292
1162536117:updateComponents:36536917:33250
1162536117:propagateValuesOnChangeOnly:36570208:41750
1162536117:updateInputs:36674458:334
1162536117:updateComponents:36674833:33167
1162536117:propagateValuesOnChangeOnly:36708042:43750
1162536117:updateInputs:36751833:334
1162536117:updateComponents:36752208:33250
1162536117:propagateValuesOnChangeOnly:36785500:42708
1162536117:updateInputs:36828583:292
1162536117:updateComponents:36828917:33208
1162536117:propagateValuesOnChangeOnly:36862167:45625
1162536117:updateInputs:36907875:292
1162536117:updateComponents:36908208:33167
1162536117:propagateValuesOnChangeOnly:36941417:41791
1162536117:updateInputs:36983292:291
1162536117:updateComponents:36983583:33417
1162536117:propagateValuesOnChangeOnly:37017042:44416
1162536117:updateInputs:37061542:291
1162536117:updateComponents:37061875:33250
1162536117:propagateValuesOnChangeOnly:37095167:44083
1162536117:updateInputs:37139458:292
1162536117:updateComponents:37139792:33291
1162536117:propagateValuesOnChangeOnly:37173125:41708
1162536117:updateInputs:37214917:291
1162536117:updateComponents:37215250:33208
1162536117:propagateValuesOnChangeOnly:37248500:41708
1162536117:updateInputs:37290333:292
1162536117:updateComponents:37290625:33167
1162536117:propagateValuesOnChangeOnly:37323833:41667
1162536117:updateInputs:37365583:292
1162536117:updateComponents:37365875:33417
1162536117:propagateValuesOnChangeOnly:37399333:41667
1162536117:updateInputs:37441167:333
1162536117:updateComponents:37441500:33208
1162536117:propagateValuesOnChangeOnly:37474750:41708
1162536117:updateInputs:37516542:291
1162536117:updateComponents:37516833:33292
1162536117:propagateValuesOnChangeOnly:37550167:41541
1162536117:updateInputs:37591792:291
1162536117:updateComponents:37592125:33250
1162536117:propagateValuesOnChangeOnly:37625417:41833
1162536117:updateInputs:37667333:292
1162536117:updateComponents:37667625:33208
1162536117:propagateValuesOnChangeOnly:37700875:41292
1162536117:updateInputs:37742542:333
1162536117:updateComponents:37742875:33250
1162536117:propagateValuesOnChangeOnly:37776167:41375
1162536117:updateInputs:37879958:334
1162536117:updateComponents:37880292:33250
1162536117:propagateValuesOnChangeOnly:37913625:43833
1162536117:updateInputs:37957542:333
1162536117:updateComponents:37957917:33208
1162536117:propagateValuesOnChangeOnly:37991167:42041
1162536117:updateInputs:38033292:291
1162536117:updateComponents:38033625:33083
1162536117:propagateValuesOnChangeOnly:38066750:39792
1162536117:updateInputs:38106917:291
1162536117:updateComponents:38107208:33292
1162536117:propagateValuesOnChangeOnly:38140500:41792
1162536117:updateInputs:38182375:333
1162536117:updateComponents:38182708:33167
1162536117:propagateValuesOnChangeOnly:38215917:44000
1162536117:updateInputs:38260000:333
1162536117:updateComponents:38260333:33125
1162536117:propagateValuesOnChangeOnly:38293500:41292
1162536117:updateInputs:38334875:292
1162536117:updateComponents:38335167:33166
1162536117:propagateValuesOnChangeOnly:38368375:41750
1162536117:updateInputs:38410292:250
1162536117:updateComponents:38410583:35875
1162536117:propagateValuesOnChangeOnly:38446500:41625
1162536117:updateInputs:38488208:250
1162536117:updateComponents:38488500:33125
1162536117:propagateValuesOnChangeOnly:38521708:41667
1162536117:updateInputs:38563458:292
1162536117:updateComponents:38563792:33416
1162536117:propagateValuesOnChangeOnly:38597250:41750
1162536117:updateInputs:38639083:292
1162536117:updateComponents:38639375:33375
1162536117:propagateValuesOnChangeOnly:38672792:41791
1162536117:updateInputs:38714792:333
1162536117:updateComponents:38715125:33042
1162536117:propagateValuesOnChangeOnly:38748208:41709
1162536117:updateInputs:38789958:334
1162536117:updateComponents:38790333:33167
1162536117:propagateValuesOnChangeOnly:38823542:41666
1162536117:updateInputs:38865292:333
1162536117:updateComponents:38865667:33125
1162536117:propagateValuesOnChangeOnly:38898833:41709
1162536117:updateInputs:38940625:250
1162536117:updateComponents:38940917:33208
1162536117:propagateValuesOnChangeOnly:38974167:45541
1162536117:updateInputs:39082333:292
1162536117:updateComponents:39082667:33000
1162536117:propagateValuesOnChangeOnly:39115708:43500
1162536117:updateInputs:39159292:333
1162536117:updateComponents:39159625:33167
1162536117:propagateValuesOnChangeOnly:39192833:42959
1162536117:updateInputs:39235875:333
1162536117:updateComponents:39236208:33334
1162536117:propagateValuesOnChangeOnly:39269583:45334
1162536117:updateInputs:39315000:292
1162536117:updateComponents:39315333:33000
1162536117:propagateValuesOnChangeOnly:39348375:41833
1162536117:updateInputs:39390375:250
1162536117:updateComponents:39391708:33209
1162536117:propagateValuesOnChangeOnly:39424958:44000
1162536117:updateInputs:39469042:333
1162536117:updateComponents:39469375:33333
1162536117:propagateValuesOnChangeOnly:39502750:44000
1162536117:updateInputs:39546833:292
1162536117:updateComponents:39547125:33292
1162536117:propagateValuesOnChangeOnly:39580458:41625
1162536117:updateInputs:39622208:334
1162536117:updateComponents:39622542:33083
1162536117:propagateValuesOnChangeOnly:39655667:41500
1162536117:updateInputs:39697542:333
1162536117:updateComponents:39697875:33250
1162536117:propagateValuesOnChangeOnly:39731167:41625
1162536117:updateInputs:39772875:333
1162536117:updateComponents:39773208:33209
1162536117:propagateValuesOnChangeOnly:39806458:41750
1162536117:updateInputs:39848292:291
1162536117:updateComponents:39848625:33208
1162536117:propagateValuesOnChangeOnly:39881875:41625
1162536117:updateInputs:39923583:292
1162536117:updateComponents:39923917:33125
1162536117:propagateValuesOnChangeOnly:39957083:41709
1162536117:updateInputs:39999167:291
1162536117:updateComponents:39999500:33292
1162536117:propagateValuesOnChangeOnly:40032833:41667
1162536117:updateInputs:40074583:292
1162536117:updateComponents:40074875:33500
1162536117:propagateValuesOnChangeOnly:40108417:41666
1162536117:updateInputs:40150208:250
1162536117:updateComponents:40150500:33333
1162536117:propagateValuesOnChangeOnly:40183875:41542
1162536117:updateInputs:40288000:292
1162536117:updateComponents:40288333:33167
1162536117:propagateValuesOnChangeOnly:40321542:43583
1162536117:updateInputs:40365333:334
1162536117:updateComponents:40365667:33458
1162536117:propagateValuesOnChangeOnly:40399208:42167
1162536117:updateInputs:40441458:334
1162536117:updateComponents:40441792:33166
1162536117:propagateValuesOnChangeOnly:40475000:39750
1162536117:updateInputs:40514833:292
1162536117:updateComponents:40515167:33125
1162536117:propagateValuesOnChangeOnly:40548333:41834
1162536117:updateInputs:40590250:292
1162536117:updateComponents:40590583:33542
1162536117:propagateValuesOnChangeOnly:40624167:44166
1162536117:updateInputs:40668500:292
1162536117:updateComponents:40668833:33042
1162536117:propagateValuesOnChangeOnly:40701917:42041
1162536117:updateInputs:40744042:333
1162536117:updateComponents:40744417:33250
1162536117:propagateValuesOnChangeOnly:40777708:41625
1162536117:updateInputs:40819417:333
1162536117:updateComponents:40819792:33208
1162536117:propagateValuesOnChangeOnly:40853042:41750
1162536117:updateInputs:40894875:292
1162536117:updateComponents:40895208:33167
1162536117:propagateValuesOnChangeOnly:40928458:41792
1162536117:updateInputs:40970417:291
1162536117:updateComponents:40970750:33083
1162536117:propagateValuesOnChangeOnly:41003875:41750
1162536117:updateInputs:41045708:250
1162536117:updateComponents:41046000:33333
1162536117:propagateValuesOnChangeOnly:41079375:41708
1162536117:updateInputs:41121167:291
1162536117:updateComponents:41121500:33250
1162536117:propagateValuesOnChangeOnly:41154792:41958
1162536117:updateInputs:41196833:334
1162536117:updateComponents:41197208:33334
1162536117:propagateValuesOnChangeOnly:41230583:41917
1162536117:updateInputs:41272625:333
1162536117:updateComponents:41272958:33375
1162536117:propagateValuesOnChangeOnly:41306375:41667
1162536117:updateInputs:41348125:375
1162536117:updateComponents:41348542:33083
1162536117:propagateValuesOnChangeOnly:41381667:41625
1162536117:updateInputs:41486208:334
1162536117:updateComponents:41486583:33125
1162536117:propagateValuesOnChangeOnly:41519750:43583
1162536117:updateInputs:41563458:292
1162536117:updateComponents:41563750:33208
1162536117:propagateValuesOnChangeOnly:41597000:42417
1162536117:updateInputs:41639667:291
1162536117:updateComponents:41640000:33167
1162536117:propagateValuesOnChangeOnly:41673208:45250
1162536117:updateInputs:41718542:291
1162536117:updateComponents:41718875:33083
1162536117:propagateValuesOnChangeOnly:41752000:42042
1162536117:updateInputs:41794125:292
1162536117:updateComponents:41794458:33459
1162536117:propagateValuesOnChangeOnly:41827958:44375
1162536117:updateInputs:41872417:250
1162536117:updateComponents:41872708:33209
1162536117:propagateValuesOnChangeOnly:41905958:41375
1162536117:updateInputs:41947458:334
1162536117:updateComponents:41947792:33083
1162536117:propagateValuesOnChangeOnly:41980917:41375
1162536117:updateInputs:42022375:292
1162536117:updateComponents:42022708:33125
1162536117:propagateValuesOnChangeOnly:42055875:41333
1162536117:updateInputs:42097292:291
1162536117:updateComponents:42097625:33208
1162536117:propagateValuesOnChangeOnly:42130875:41750
1162536117:updateInputs:42172708:292
1162536117:updateComponents:42173042:33083
1162536117:propagateValuesOnChangeOnly:42206167:41541
1162536117:updateInputs:42247833:292
1162536117:updateComponents:42248167:33208
1162536117:propagateValuesOnChangeOnly:42281417:41666
1162536117:updateInputs:42323125:292
1162536117:updateComponents:42323458:33125
1162536117:propagateValuesOnChangeOnly:42356625:42125
1162536117:updateInputs:42398833:334
1162536117:updateComponents:42399167:32833
1162536117:propagateValuesOnChangeOnly:42432042:42041
1162536117:updateInputs:42474167:291
1162536117:updateComponents:42474458:33292
1162536117:propagateValuesOnChangeOnly:42507792:41750
1162536117:Run loop:2991250:39558667
1162536117:programMemory:1058417:41534250
1162536117:updateInputs:43298292:500
1162536117:updateComponents:43298833:33167
1162536117:Init circuit:42682958:773125
1162536117:updateInputs:43456167:333
1162536117:updateComponents:43456542:33375
1162536117:propagateValuesOnChangeOnly:43489958:44417
1162536117:updateInputs:43534458:292
1162536117:updateComponents:43534792:33333
1162536117:propagateValuesOnChangeOnly:43568167:41416
1162536117:updateInputs:43609708:250
1162536117:updateComponents:43610000:33458
1162536117:propagateValuesOnChangeOnly:43643500:40167
1162536117:updateInputs:43683750:250
1162536117:updateComponents:43684042:33416
1162536117:propagateValuesOnChangeOnly:43717500:42292
1162536117:updateInputs:43759875:292
1162536117:updateComponents:43760208:33459
1162536117:propagateValuesOnChangeOnly:43793708:42000
1162536117:updateInputs:43835833:292
1162536117:updateComponents:43836125:33375
1162536117:propagateValuesOnChangeOnly:43869583:42417
1162536117:updateInputs:43912083:250
1162536117:updateComponents:43912333:33375
1162536117:propagateValuesOnChangeOnly:43945750:41958
1162536117:updateInputs:43987792:291
1162536117:updateComponents:43988125:33333
1162536117:propagateValuesOnChangeOnly:44021500:42000
1162536117:updateInputs:44063583:250
1162536117:updateComponents:44063875:33375
1162536117:propagateValuesOnChangeOnly:44097292:42375
1162536117:updateInputs:44139750:292
1162536117:updateComponents:44140042:33333
1162536117:propagateValuesOnChangeOnly:44173417:41625
1162536117:updateInputs:44215125:292
1162536117:updateComponents:44215417:33500
1162536117:propagateValuesOnChangeOnly:44248958:41125
1162536117:updateInputs:44290125:292
1162536117:updateComponents:44290417:33416
1162536117:propagateValuesOnChangeOnly:44323875:41958
1162536117:updateInputs:44365917:291
1162536117:updateComponents:44366208:33417
1162536117:propagateValuesOnChangeOnly:44399667:41333
1162536117:updateInputs:44441083:292
1162536117:updateComponents:44441375:33417
1162536117:propagateValuesOnChangeOnly:44474833:41792
1162536117:updateInputs:44516833:292
1162536117:updateComponents:44517125:33292
1162536117:propagateValuesOnChangeOnly:44550458:42000
1162536117:updateInputs:44655000:292
1162536117:updateComponents:44655333:33375
1162536117:propagateValuesOnChangeOnly:44688750:42000
1162536117:updateInputs:44730833:292
1162536117:updateComponents:44731125:33417
1162536117:propagateValuesOnChangeOnly:44764625:41625
1162536117:updateInputs:44806333:292
1162536117:updateComponents:44806625:33375
1162536117:propagateValuesOnChangeOnly:44840042:42166
1162536117:updateInputs:44882292:250
1162536117:updateComponents:44882583:33250
1162536117:propagateValuesOnChangeOnly:44915875:41542
1162536117:updateInputs:44957500:292
1162536117:updateComponents:44957833:33459
1162536117:propagateValuesOnChangeOnly:44991333:41959
1162536117:updateInputs:45033417:250
1162536117:updateComponents:45033708:33250
1162536117:propagateValuesOnChangeOnly:45067000:42125
1162536117:updateInputs:45109167:291
1162536117:updateComponents:45109500:33250
1162536117:propagateValuesOnChangeOnly:45142792:41875
1162536117:updateInputs:45184750:292
1162536117:updateComponents:45185083:33459
1162536117:propagateValuesOnChangeOnly:45218583:41709
1162536117:updateInputs:45260375:292
1162536117:updateComponents:45260667:33416
1162536117:propagateValuesOnChangeOnly:45294125:41875
1162536117:updateInputs:45336083:292
1162536117:updateComponents:45336375:33500
1162536117:propagateValuesOnChangeOnly:45369917:41875
1162536117:updateInputs:45411875:250
1162536117:updateComponents:45412125:33375
1162536117:propagateValuesOnChangeOnly:45445542:41583
1162536117:updateInputs:45487208:292
1162536117:updateComponents:45487500:33375
1162536117:propagateValuesOnChangeOnly:45520917:41791
1162536117:updateInputs:45562792:291
1162536117:updateComponents:45563125:33292
1162536117:propagateValuesOnChangeOnly:45596458:42000
1162536117:updateInputs:45638542:250
1162536117:updateComponents:45638792:33500
1162536117:propagateValuesOnChangeOnly:45672333:41542
1162536117:updateInputs:45714000:292
1162536117:updateComponents:45714292:33291
1162536117:propagateValuesOnChangeOnly:45747667:41583
1162536117:updateInputs:45851708:334
1162536117:updateComponents:45852042:33291
1162536117:propagateValuesOnChangeOnly:45885417:41958
1162536117:updateInputs:45927500:292
1162536117:updateComponents:45927792:33500
1162536117:propagateValuesOnChangeOnly:45961333:41959
1162536117:updateInputs:46003375:292
1162536117:updateComponents:46003667:33458
1162536117:propagateValuesOnChangeOnly:46037167:42291
1162536117:updateInputs:46079542:250
1162536117:updateComponents:46079792:33291
1162536117:propagateValuesOnChangeOnly:46113125:41917
1162536117:updateInputs:46155125:292
1162536117:updateComponents:46155417:33416
1162536117:propagateValuesOnChangeOnly:46188875:42000
1162536117:updateInputs:46230958:250
1162536117:updateComponents:46231208:33625
1162536117:propagateValuesOnChangeOnly:46264833:41875
1162536117:updateInputs:46306792:291
1162536117:updateComponents:46307083:33417
1162536117:propagateValuesOnChangeOnly:46340542:41875
1162536117:updateInputs:46382500:250
1162536117:updateComponents:46382792:33416
1162536117:propagateValuesOnChangeOnly:46416250:42042
1162536117:updateInputs:46458375:250
1162536117:updateComponents:46458667:33208
1162536117:propagateValuesOnChangeOnly:46491917:41916
1162536117:updateInputs:46533917:291
1162536117:updateComponents:46534208:33417
1162536117:propagateValuesOnChangeOnly:46567667:41875
1162536117:updateInputs:46609625:250
1162536117:updateComponents:46609917:33291
1162536117:propagateValuesOnChangeOnly:46643250:41708
1162536117:updateInputs:46685042:291
1162536117:updateComponents:46685333:33542
1162536117:propagateValuesOnChangeOnly:46718917:41750
1162536117:updateInputs:46760750:292
1162536117:updateComponents:46761083:33459
1162536117:propagateValuesOnChangeOnly:46794625:41792
1162536117:updateInputs:46836500:250
1162536117:updateComponents:46836792:33416
1162536117:propagateValuesOnChangeOnly:46870250:41375
1162536117:updateInputs:46911708:292
1162536117:updateComponents:46912042:33416
1162536117:propagateValuesOnChangeOnly:46945500:41542
1162536117:updateInputs:47049500:375
1162536117:updateComponents:47049917:33166
1162536117:propagateValuesOnChangeOnly:47083125:42000
1162536117:updateInputs:47125208:292
1162536117:updateComponents:47125542:33416
1162536117:propagateValuesOnChangeOnly:47159000:42083
1162536117:updateInputs:47201167:250
1162536117:updateComponents:47201458:33250
1162536117:propagateValuesOnChangeOnly:47234750:42167
1162536117:updateInputs:47277000:250
1162536117:updateComponents:47277292:33583
1162536117:propagateValuesOnChangeOnly:47310917:41791
1162536117:updateInputs:47352833:250
1162536117:updateComponents:47353125:33458
1162536117:propagateValuesOnChangeOnly:47386625:42042
1162536117:updateInputs:47428792:208
1162536117:updateComponents:47429042:33125
1162536117:propagateValuesOnChangeOnly:47462250:41708
1162536117:updateInputs:47504042:291
1162536117:updateComponents:47504333:33417
1162536117:propagateValuesOnChangeOnly:47537792:41791
1162536117:updateInputs:47579667:250
1162536117:updateComponents:47579958:33375
1162536117:propagateValuesOnChangeOnly:47613375:41750
1162536117:updateInputs:47655208:250
1162536117:updateComponents:47655500:33375
1162536117:propagateValuesOnChangeOnly:47688917:41833
1162536117:updateInputs:47730833:250
1162536117:updateComponents:47731125:33375
1162536117:propagateValuesOnChangeOnly:47764542:41791
1162536117:updateInputs:47806417:291
1162536117:updateComponents:47806750:33375
1162536117:propagateValuesOnChangeOnly:47840167:41958
1162536117:updateInputs:47882208:292
1162536117:updateComponents:47882500:33250
1162536117:propagateValuesOnChangeOnly:47915792:41750
1162536117:updateInputs:47957625:250
1162536117:updateComponents:47957917:33375
1162536117:propagateValuesOnChangeOnly:47991333:41792
1162536117:updateInputs:48033208:250
1162536117:updateComponents:48033500:33458
1162536117:propagateValuesOnChangeOnly:48067042:42000
1162536117:updateInputs:48109125:292
1162536117:updateComponents:48109458:33209
1162536117:propagateValuesOnChangeOnly:48142708:41542
1162536117:updateInputs:48249458:334
1162536117:updateComponents:48249833:33167
1162536117:propagateValuesOnChangeOnly:48283042:41958
1162536117:updateInputs:48325083:292
1162536117:updateComponents:48325417:33375
1162536117:propagateValuesOnChangeOnly:48358833:42042
1162536117:updateInputs:48400958:292
1162536117:updateComponents:48401250:33458
1162536117:propagateValuesOnChangeOnly:48434750:42167
1162536117:updateInputs:48477000:250
1162536117:updateComponents:48477250:33333
1162536117:propagateValuesOnChangeOnly:48510625:42042
1162536117:updateInputs:48552750:250
1162536117:updateComponents:48553000:33458
1162536117:propagateValuesOnChangeOnly:48586542:41750
1162536117:updateInputs:48628375:292
1162536117:updateComponents:48628708:33292
1162536117:propagateValuesOnChangeOnly:48662042:41750
1162536117:updateInputs:48703875:250
1162536117:updateComponents:48704167:33541
1162536117:propagateValuesOnChangeOnly:48737750:41833
1162536117:updateInputs:48779667:250
1162536117:updateComponents:48779958:33375
1162536117:propagateValuesOnChangeOnly:48813375:41792
1162536117:updateInputs:48855250:292
1162536117:updateComponents:48855583:33459
1162536117:propagateValuesOnChangeOnly:48889083:41917
1162536117:updateInputs:48931083:250
1162536117:updateComponents:48931375:33292
1162536117:propagateValuesOnChangeOnly:48964708:45625
1162536117:updateInputs:49010417:250
1162536117:updateComponents:49010708:33500
1162536117:propagateValuesOnChangeOnly:49044250:42000
1162536117:updateInputs:49086333:250
1162536117:updateComponents:49086625:33500
1162536117:propagateValuesOnChangeOnly:49120167:41458
1162536117:updateInputs:49161708:292
1162536117:updateComponents:49165917:33541
1162536117:propagateValuesOnChangeOnly:49199500:41958
1162536117:updateInputs:49241542:250
1162536117:updateComponents:49241833:33334
1162536117:propagateValuesOnChangeOnly:49275208:42000
1162536117:updateInputs:49317292:291
1162536117:updateComponents:49317583:33375
1162536117:propagateValuesOnChangeOnly:49351000:42000
1162536117:updateInputs:49458208:292
1162536117:updateComponents:49458542:33250
1162536117:propagateValuesOnChangeOnly:49491833:41542
1162536117:updateInputs:49533458:292
1162536117:updateComponents:49533792:33375
1162536117:propagateValuesOnChangeOnly:49567208:41417
1162536117:updateInputs:49608708:292
1162536117:updateComponents:49609042:33250
1162536117:propagateValuesOnChangeOnly:49642375:41583
1162536117:updateInputs:49684042:291
1162536117:updateComponents:49684375:33417
1162536117:propagateValuesOnChangeOnly:49717833:42042
1162536117:updateInputs:49759958:250
1162536117:updateComponents:49760250:33292
1162536117:propagateValuesOnChangeOnly:49793583:41375
1162536117:updateInputs:49835042:250
1162536117:updateComponents:49835292:33375
1162536117:propagateValuesOnChangeOnly:49868708:41917
1162536117:updateInputs:49910750:250
1162536117:updateComponents:49911042:33458
1162536117:propagateValuesOnChangeOnly:49944542:42041
1162536117:updateInputs:49986667:250
1162536117:updateComponents:49986958:33334
1162536117:propagateValuesOnChangeOnly:50020333:42084
1162536117:updateInputs:50062500:250
1162536117:updateComponents:50062750:33375
1162536117:propagateValuesOnChangeOnly:50096167:41750
1162536117:updateInputs:50138000:250
1162536117:updateComponents:50138292:33375
1162536117:propagateValuesOnChangeOnly:50171708:42000
1162536117:updateInputs:50213750:292
1162536117:updateComponents:50214042:35875
1162536117:propagateValuesOnChangeOnly:50249958:42042
1162536117:updateInputs:50292083:250
1162536117:updateComponents:50292333:33375
1162536117:propagateValuesOnChangeOnly:50325750:42000
1162536117:updateInputs:50367833:250
1162536117:updateComponents:50368125:33458
1162536117:propagateValuesOnChangeOnly:50401625:41917
1162536117:updateInputs:50443625:292
1162536117:updateComponents:50443917:33500
1162536117:propagateValuesOnChangeOnly:50477458:41875
1162536117:updateInputs:50519417:291
1162536117:updateComponents:50519750:33500
1162536117:propagateValuesOnChangeOnly:50553333:41917
1162536117:updateInputs:50657750:292
1162536117:updateComponents:50658083:33292
1162536117:propagateValuesOnChangeOnly:50691458:41917
1162536117:updateInputs:50733500:250
1162536117:updateComponents:50733792:33458
1162536117:propagateValuesOnChangeOnly:50767333:41792
1162536117:updateInputs:50809208:250
1162536117:updateComponents:50809500:33542
1162536117:propagateValuesOnChangeOnly:50843083:42125
1162536117:updateInputs:50885292:250
1162536117:updateComponents:50885583:33417
1162536117:propagateValuesOnChangeOnly:50919042:42000
1162536117:updateInputs:50961125:250
1162536117:updateComponents:50961375:33417
1162536117:propagateValuesOnChangeOnly:50994833:41875
1162536117:updateInputs:51036792:291
1162536117:updateComponents:51037083:33542
1162536117:propagateValuesOnChangeOnly:51070667:41708
1162536117:updateInputs:51112458:250
1162536117:updateComponents:51112708:33417
1162536117:propagateValuesOnChangeOnly:51146167:42041
1162536117:updateInputs:51188292:250
1162536117:updateComponents:51188542:33333
1162536117:propagateValuesOnChangeOnly:51221917:42083
1162536117:updateInputs:51264083:250
1162536117:updateComponents:51264333:33334
1162536117:propagateValuesOnChangeOnly:51297750:41875
1162536117:updateInputs:51339708:292
1162536117:updateComponents:51340000:33375
1162536117:propagateValuesOnChangeOnly:51373417:42000
1162536117:updateInputs:51415500:292
1162536117:updateComponents:51415792:33333
1162536117:propagateValuesOnChangeOnly:51449167:42041
1162536117:updateInputs:51491292:250
1162536117:updateComponents:51491542:33416
1162536117:propagateValuesOnChangeOnly:51525000:42083
1162536117:updateInputs:51567167:250
1162536117:updateComponents:51567458:33417
1162536117:propagateValuesOnChangeOnly:51600917:41875
1162536117:updateInputs:51642833:292
1162536117:updateComponents:51643167:33416
1162536117:propagateValuesOnChangeOnly:51676625:42000
1162536117:updateInputs:51718708:250
1162536117:updateComponents:51719000:33417
1162536117:propagateValuesOnChangeOnly:51752458:41709
1162536117:updateInputs:51856750:292
1162536117:updateComponents:51857083:33250
1162536117:propagateValuesOnChangeOnly:51890375:42042
1162536117:updateInputs:51932500:250
1162536117:updateComponents:51932750:33417
1162536117:propagateValuesOnChangeOnly:51966208:42042
1162536117:updateInputs:52008333:292
1162536117:updateComponents:52008667:33291
1162536117:propagateValuesOnChangeOnly:52042000:42208
1162536117:updateInputs:52084333:250
1162536117:updateComponents:52084583:33459
1162536117:propagateValuesOnChangeOnly:52118083:41959
1162536117:updateInputs:52160125:250
1162536117:updateComponents:52160375:33500
1162536117:propagateValuesOnChangeOnly:52193917:41916
1162536117:updateInputs:52235917:250
1162536117:updateComponents:52236208:33542
1162536117:propagateValuesOnChangeOnly:52269750:42083
1162536117:updateInputs:52311875:250
1162536117:updateComponents:52312167:33333
1162536117:propagateValuesOnChangeOnly:52345542:41833
1162536117:updateInputs:52387458:209
1162536117:updateComponents:52387708:33417
1162536117:propagateValuesOnChangeOnly:52421167:42083
1162536117:updateInputs:52463333:209
1162536117:updateComponents:52463583:33334
1162536117:propagateValuesOnChangeOnly:52497000:42000
1162536117:updateInputs:52539083:250
1162536117:updateComponents:52539375:33417
1162536117:propagateValuesOnChangeOnly:52572833:42000
1162536117:updateInputs:52614917:250
1162536117:updateComponents:52615208:33375
1162536117:propagateValuesOnChangeOnly:52648625:42000
1162536117:updateInputs:52690750:250
1162536117:updateComponents:52691000:33417
1162536117:propagateValuesOnChangeOnly:52724458:41959
1162536117:updateInputs:52766500:250
1162536117:updateComponents:52766792:33458
1162536117:propagateValuesOnChangeOnly:52800292:41958
1162536117:updateInputs:52842333:250
1162536117:updateComponents:52842583:33375
1162536117:propagateValuesOnChangeOnly:52876000:41917
1162536117:updateInputs:52918000:292
1162536117:updateComponents:52918333:33334
1162536117:propagateValuesOnChangeOnly:52951708:41834
1162536117:updateInputs:53056083:292
1162536117:updateComponents:53056417:33250
1162536117:propagateValuesOnChangeOnly:53089708:42250
1162536117:updateInputs:53132042:291
1162536117:updateComponents:53132375:33375
1162536117:propagateValuesOnChangeOnly:53165792:41416
1162536117:updateInputs:53207292:291
1162536117:updateComponents:53207625:33458
1162536117:propagateValuesOnChangeOnly:53241125:42125
1162536117:updateInputs:53283333:250
1162536117:updateComponents:53283625:33458
1162536117:propagateValuesOnChangeOnly:53317125:41917
1162536117:updateInputs:53359167:250
1162536117:updateComponents:53359417:33458
1162536117:propagateValuesOnChangeOnly:53392917:42083
1162536117:updateInputs:53435083:250
1162536117:updateComponents:53435333:33417
1162536117:propagateValuesOnChangeOnly:53468792:41958
1162536117:updateInputs:53510833:250
1162536117:updateComponents:53511125:33292
1162536117:propagateValuesOnChangeOnly:53544458:41959
1162536117:updateInputs:53586500:250
1162536117:updateComponents:53586792:33500
1162536117:propagateValuesOnChangeOnly:53620333:41917
1162536117:updateInputs:53662333:250
1162536117:updateComponents:53662625:33250
1162536117:propagateValuesOnChangeOnly:53695917:41916
1162536117:updateInputs:53737917:250
1162536117:updateComponents:53738208:33375
1162536117:propagateValuesOnChangeOnly:53771625:42000
1162536117:updateInputs:53813708:250
1162536117:updateComponents:53813958:33375
1162536117:propagateValuesOnChangeOnly:53847375:41958
1162536117:updateInputs:53889417:250
1162536117:updateComponents:53889667:33416
1162536117:propagateValuesOnChangeOnly:53923167:41958
1162536117:updateInputs:53965208:250
1162536117:updateComponents:53965500:33250
1162536117:propagateValuesOnChangeOnly:53998792:41791
1162536117:updateInputs:54040708:250
1162536117:updateComponents:54041000:33458
1162536117:propagateValuesOnChangeOnly:54074500:41833
1162536117:updateInputs:54116417:291
1162536117:updateComponents:54116750:33417
1162536117:propagateValuesOnChangeOnly:54150208:42042
1162536117:updateInputs:54254667:333
1162536117:updateComponents:54255042:33333
1162536117:propagateValuesOnChangeOnly:54288417:42125
1162536117:updateInputs:54330625:250
1162536117:updateComponents:54330917:33541
1162536117:propagateValuesOnChangeOnly:54364500:42042
1162536117:updateInputs:54406667:250
1162536117:updateComponents:54406958:33417
1162536117:propagateValuesOnChangeOnly:54440417:42166
1162536117:updateInputs:54482667:291
1162536117:updateComponents:54482958:33459
1162536117:propagateValuesOnChangeOnly:54516458:42042
1162536117:updateInputs:54558583:209
1162536117:updateComponents:54558833:33292
1162536117:propagateValuesOnChangeOnly:54592208:41500
1162536117:updateInputs:54633792:291
1162536117:updateComponents:54634083:33417
1162536117:propagateValuesOnChangeOnly:54667542:41458
1162536117:updateInputs:54709083:250
1162536117:updateComponents:54709375:33458
1162536117:propagateValuesOnChangeOnly:54742875:41542
1162536117:updateInputs:54784500:292
1162536117:updateComponents:54784792:33416
1162536117:propagateValuesOnChangeOnly:54818292:41958
1162536117:updateInputs:54860333:250
1162536117:updateComponents:54860583:33500
1162536117:propagateValuesOnChangeOnly:54894125:41792
1162536117:updateInputs:54936042:250
1162536117:updateComponents:54936333:33292
1162536117:propagateValuesOnChangeOnly:54969667:41958
1162536117:updateInputs:55011708:250
1162536117:updateComponents:55012000:33333
1162536117:propagateValuesOnChangeOnly:55045375:41792
1162536117:updateInputs:55087250:250
1162536117:updateComponents:55087542:33291
1162536117:propagateValuesOnChangeOnly:55120875:41917
1162536117:updateInputs:55162875:292
1162536117:updateComponents:55163208:33417
1162536117:propagateValuesOnChangeOnly:55196667:41916
1162536117:updateInputs:55238667:250
1162536117:updateComponents:55238917:33333
1162536117:propagateValuesOnChangeOnly:55272333:41917
1162536117:updateInputs:55314333:292
1162536117:updateComponents:55314667:33416
1162536117:propagateValuesOnChangeOnly:55348125:41750
1162536117:updateInputs:55452292:333
1162536117:updateComponents:55452625:33333
1162536117:propagateValuesOnChangeOnly:55486042:41958
1162536117:updateInputs:55528083:292
1162536117:updateComponents:55528375:33417
1162536117:propagateValuesOnChangeOnly:55561833:42042
1162536117:updateInputs:55603958:209
1162536117:updateComponents:55604208:33459
1162536117:propagateValuesOnChangeOnly:55637708:42125
1162536117:updateInputs:55679917:250
1162536117:updateComponents:55680167:33541
1162536117:propagateValuesOnChangeOnly:55713750:41833
1162536117:updateInputs:55755625:250
1162536117:updateComponents:55755917:33416
1162536117:propagateValuesOnChangeOnly:55789375:42125
1162536117:updateInputs:55831542:208
1162536117:updateComponents:55831792:33541
1162536117:propagateValuesOnChangeOnly:55865375:42042
1162536117:updateInputs:55907500:250
1162536117:updateComponents:55907792:33458
1162536117:propagateValuesOnChangeOnly:55941292:42083
1162536117:updateInputs:55983417:250
1162536117:updateComponents:55983708:33334
1162536117:propagateValuesOnChangeOnly:56017083:42000
1162536117:updateInputs:56059125:250
1162536117:updateComponents:56059417:33333
1162536117:propagateValuesOnChangeOnly:56092792:42083
1162536117:updateInputs:56134917:250
1162536117:updateComponents:56135208:33500
1162536117:propagateValuesOnChangeOnly:56168750:41875
1162536117:updateInputs:56210708:250
1162536117:updateComponents:56210958:33500
1162536117:propagateValuesOnChangeOnly:56244500:41917
1162536117:updateInputs:56286500:208
1162536117:updateComponents:56286750:33417
1162536117:propagateValuesOnChangeOnly:56320250:42125
1162536117:updateInputs:56362458:250
1162536117:updateComponents:56362750:33417
1162536117:propagateValuesOnChangeOnly:56396250:42000
1162536117:updateInputs:56438333:250
1162536117:updateComponents:56438625:33417
1162536117:propagateValuesOnChangeOnly:56472125:41500
1162536117:updateInputs:56513708:292
1162536117:updateComponents:56514042:33416
1162536117:propagateValuesOnChangeOnly:56547500:42000
1162536117:updateInputs:56652042:333
1162536117:updateComponents:56652417:33333
1162536117:propagateValuesOnChangeOnly:56685792:42125
1162536117:updateInputs:56728000:250
1162536117:updateComponents:56728292:33458
1162536117:propagateValuesOnChangeOnly:56761792:41958
1162536117:updateInputs:56803792:250
1162536117:updateComponents:56804083:33584
1162536117:propagateValuesOnChangeOnly:56837667:41666
1162536117:updateInputs:56879375:292
1162536117:updateComponents:56879667:33416
1162536117:propagateValuesOnChangeOnly:56913125:41667
1162536117:updateInputs:56954833:250
1162536117:updateComponents:56955125:33417
1162536117:propagateValuesOnChangeOnly:56988583:42750
1162536117:updateInputs:57031417:291
1162536117:updateComponents:57031750:34583
1162536117:propagateValuesOnChangeOnly:57066333:41792
1162536117:updateInputs:57108167:291
1162536117:updateComponents:57108500:33667
1162536117:propagateValuesOnChangeOnly:57142208:41834
1162536117:updateInputs:57184083:292
1162536117:updateComponents:57184375:33458
1162536117:propagateValuesOnChangeOnly:57217875:41417
1162536117:updateInputs:57259375:292
1162536117:updateComponents:57259667:33500
1162536117:propagateValuesOnChangeOnly:57293167:41916
1162536117:updateInputs:57335167:291
1162536117:updateComponents:57335500:33500
1162536117:propagateValuesOnChangeOnly:57369042:41875
1162536117:updateInputs:57411000:292
1162536117:updateComponents:57411292:33416
1162536117:propagateValuesOnChangeOnly:57444750:41750
1162536117:updateInputs:57486583:292
1162536117:updateComponents:57486917:33375
1162536117:propagateValuesOnChangeOnly:57520333:41834
1162536117:updateInputs:57562250:292
1162536117:updateComponents:57562583:33334
1162536117:propagateValuesOnChangeOnly:57595958:41875
1162536117:updateInputs:57637917:291
1162536117:updateComponents:57638208:33459
1162536117:propagateValuesOnChangeOnly:57671750:42042
1162536117:updateInputs:57713875:292
1162536117:updateComponents:57714208:33375
1162536117:propagateValuesOnChangeOnly:57747625:41458
1162536117:updateInputs:57851500:292
1162536117:updateComponents:57851833:33334
1162536117:propagateValuesOnChangeOnly:57885250:42000
1162536117:updateInputs:57927292:250
1162536117:updateComponents:57927583:33459
1162536117:propagateValuesOnChangeOnly:57961083:41959
1162536117:updateInputs:58003083:292
1162536117:updateComponents:58003417:33500
1162536117:propagateValuesOnChangeOnly:58036958:42084
1162536117:updateInputs:58079083:292
1162536117:updateComponents:58079375:33458
1162536117:propagateValuesOnChangeOnly:58112875:41958
1162536117:updateInputs:58154875:292
1162536117:updateComponents:58155208:33334
1162536117:propagateValuesOnChangeOnly:58188583:41875
1162536117:updateInputs:58230542:291
1162536117:updateComponents:58230875:33292
1162536117:propagateValuesOnChangeOnly:58264208:42000
1162536117:updateInputs:58306292:250
1162536117:updateComponents:58318917:33625
1162536117:propagateValuesOnChangeOnly:58352625:41917
1162536117:updateInputs:58394667:250
1162536117:updateComponents:58394958:33459
1162536117:propagateValuesOnChangeOnly:58428458:41875
1162536117:updateInputs:58470417:250
1162536117:updateComponents:58470708:33500
1162536117:propagateValuesOnChangeOnly:58504292:41875
1162536117:updateInputs:58546292:208
1162536117:updateComponents:58546542:33416
1162536117:propagateValuesOnChangeOnly:58580000:41958
1162536117:updateInputs:58622042:291
1162536117:updateComponents:58622375:33500
1162536117:propagateValuesOnChangeOnly:58655958:41834
1162536117:updateInputs:58697875:250
1162536117:updateComponents:58698167:33416
1162536117:propagateValuesOnChangeOnly:58731625:42000
1162536117:updateInputs:58773708:250
1162536117:updateComponents:58773958:33292
1162536117:propagateValuesOnChangeOnly:58807333:41792
1162536117:updateInputs:58849250:292
1162536117:updateComponents:58849542:33416
1162536117:propagateValuesOnChangeOnly:58883000:41625
1162536117:updateInputs:58924708:292
1162536117:updateComponents:58925042:33375
1162536117:propagateValuesOnChangeOnly:58958500:41833
1162536117:updateInputs:59063875:292
1162536117:updateComponents:59064208:33292
1162536117:propagateValuesOnChangeOnly:59097542:41916
1162536117:updateInputs:59139542:291
1162536117:updateComponents:59139833:33375
1162536117:propagateValuesOnChangeOnly:59173250:42042
1162536117:updateInputs:59215375:250
1162536117:updateComponents:59215667:33416
1162536117:propagateValuesOnChangeOnly:59249125:42083
1162536117:updateInputs:59291292:250
1162536117:updateComponents:59291583:33250
1162536117:propagateValuesOnChangeOnly:59324875:41667
1162536117:updateInputs:59366625:250
1162536117:updateComponents:59366875:33417
1162536117:propagateValuesOnChangeOnly:59400333:41917
1162536117:updateInputs:59442333:250
1162536117:updateComponents:59442625:33167
1162536117:propagateValuesOnChangeOnly:59475875:42000
1162536117:updateInputs:59518000:250
1162536117:updateComponents:59518292:33375
1162536117:propagateValuesOnChangeOnly:59551708:41959
1162536117:updateInputs:59593792:208
1162536117:updateComponents:59594042:33541
1162536117:propagateValuesOnChangeOnly:59627625:41542
1162536117:updateInputs:59669208:292
1162536117:updateComponents:59669500:33500
1162536117:propagateValuesOnChangeOnly:59703042:41958
1162536117:updateInputs:59745083:250
1162536117:updateComponents:59745375:33375
1162536117:propagateValuesOnChangeOnly:59778792:41875
1162536117:updateInputs:59820750:292
1162536117:updateComponents:59821042:33250
1162536117:propagateValuesOnChangeOnly:59854333:42042
1162536117:updateInputs:59896500:250
1162536117:updateComponents:59896792:33416
1162536117:propagateValuesOnChangeOnly:59930250:41917
1162536117:updateInputs:59972250:250
1162536117:updateComponents:59972542:33333
1162536117:propagateValuesOnChangeOnly:60005917:42083
1162536117:updateInputs:60048042:250
1162536117:updateComponents:60048333:33417
1162536117:propagateValuesOnChangeOnly:60081792:41875
1162536117:updateInputs:60123708:292
1162536117:updateComponents:60124042:33458
1162536117:propagateValuesOnChangeOnly:60157542:41875
1162536117:updateInputs:60261917:291
1162536117:updateComponents:60262250:33292
1162536117:propagateValuesOnChangeOnly:60295583:41750
1162536117:updateInputs:60337375:292
1162536117:updateComponents:60337708:33209
1162536117:propagateValuesOnChangeOnly:60370917:41750
1162536117:updateInputs:60412708:292
1162536117:updateComponents:60413000:33333
1162536117:propagateValuesOnChangeOnly:60446375:41625
1162536117:updateInputs:60488083:292
1162536117:updateComponents:60488417:33208
1162536117:propagateValuesOnChangeOnly:60521667:42000
1162536117:updateInputs:60563750:250
1162536117:updateComponents:60564042:33500
1162536117:propagateValuesOnChangeOnly:60597583:41917
1162536117:updateInputs:60639542:291
1162536117:updateComponents:60639833:33500
1162536117:propagateValuesOnChangeOnly:60673375:41875
1162536117:updateInputs:60715292:291
1162536117:updateComponents:60715625:33458
1162536117:propagateValuesOnChangeOnly:60749125:41833
1162536117:updateInputs:60791042:291
1162536117:updateComponents:60791333:33334
1162536117:propagateValuesOnChangeOnly:60824708:41917
1162536117:updateInputs:60866708:250
1162536117:updateComponents:60867000:33417
1162536117:propagateValuesOnChangeOnly:60900458:42042
1162536117:updateInputs:60942542:250
1162536117:updateComponents:60942833:33375
1162536117:propagateValuesOnChangeOnly:60976250:41917
1162536117:updateInputs:61018208:292
1162536117:updateComponents:61018542:33500
1162536117:propagateValuesOnChangeOnly:61052083:41709
1162536117:updateInputs:61093833:250
1162536117:updateComponents:61094083:33334
1162536117:propagateValuesOnChangeOnly:61127458:44417
1162536117:updateInputs:61171917:250
1162536117:updateComponents:61172208:33459
1162536117:propagateValuesOnChangeOnly:61205708:41959
1162536117:updateInputs:61247750:292
1162536117:updateComponents:61248083:33375
1162536117:propagateValuesOnChangeOnly:61281500:41958
1162536117:updateInputs:61323583:292
1162536117:updateComponents:61323875:33500
1162536117:propagateValuesOnChangeOnly:61357417:42000
1162536117:updateInputs:61461958:334
1162536117:updateComponents:61462292:33166
1162536117:propagateValuesOnChangeOnly:61495500:42000
1162536117:updateInputs:61537583:292
1162536117:updateComponents:61537917:33458
1162536117:propagateValuesOnChangeOnly:61571417:41541
1162536117:updateInputs:61616875:292
1162536117:updateComponents:61617208:33334
1162536117:propagateValuesOnChangeOnly:61650583:42000
1162536117:updateInputs:61692958:250
1162536117:updateComponents:61693250:33250
1162536117:propagateValuesOnChangeOnly:61726583:41875
1162536117:updateInputs:61768542:250
1162536117:updateComponents:61768833:33334
1162536117:propagateValuesOnChangeOnly:61802208:41792
1162536117:updateInputs:61844083:250
1162536117:updateComponents:61844375:33292
1162536117:propagateValuesOnChangeOnly:61877708:41834
1162536117:updateInputs:61919625:292
1162536117:updateComponents:61919917:33291
1162536117:propagateValuesOnChangeOnly:61953292:41625
1162536117:updateInputs:61995000:250
1162536117:updateComponents:61995292:33375
1162536117:propagateValuesOnChangeOnly:62028708:41917
1162536117:updateInputs:62070708:292
1162536117:updateComponents:62071000:33500
1162536117:propagateValuesOnChangeOnly:62104542:41958
1162536117:updateInputs:62146583:250
1162536117:updateComponents:62146875:33375
1162536117:propagateValuesOnChangeOnly:62180292:42000
1162536117:updateInputs:62222375:250
1162536117:updateComponents:62222667:33375
1162536117:propagateValuesOnChangeOnly:62256125:41917
1162536117:updateInputs:62298125:208
1162536117:updateComponents:62298375:33375
1162536117:propagateValuesOnChangeOnly:62331792:41833
1162536117:updateInputs:62373708:292
1162536117:updateComponents:62374000:33333
1162536117:propagateValuesOnChangeOnly:62407417:42000
1162536117:updateInputs:62449500:250
1162536117:updateComponents:62449792:33416
1162536117:propagateValuesOnChangeOnly:62483250:41833
1162536117:Run loop:43456125:19069042
1162536117:main:500:63098042
