Title: Rising edge detector test
2654142968:updateInputs:33084:83
2654142968:updateComponents:39375:292
2654142968:Init circuit:23084:19625
2654142968:updateInputs:42875:42
2654142968:updateComponents:42959:166
2654142968:propagateValuesOnChangeOnly:43250:167
2654142968:updateInputs:44542:42
2654142968:updateComponents:44625:125
2654142968:propagateValuesOnChangeOnly:44792:167
2654142968:updateInputs:46084:41
2654142968:updateComponents:46125:125
2654142968:propagateValuesOnChangeOnly:46292:83
2654142968:updateInputs:47375:42
2654142968:updateComponents:47417:125
2654142968:propagateValuesOnChangeOnly:47584:83
2654142968:updateInputs:48834:41
2654142968:updateComponents:48917:83
2654142968:propagateValuesOnChangeOnly:49209:41
2654142968:updateInputs:50250:42
2654142968:updateComponents:50334:125
2654142968:propagateValuesOnChangeOnly:50500:125
2654142968:updateInputs:51584:41
2654142968:updateComponents:51667:125
2654142968:propagateValuesOnChangeOnly:51792:125
2654142968:updateInputs:52917:0
2654142968:updateComponents:53000:84
2654142968:propagateValuesOnChangeOnly:53125:84
2654142968:updateInputs:54167:42
2654142968:updateComponents:54209:125
2654142968:propagateValuesOnChangeOnly:54375:84
2654142968:updateInputs:55417:42
2654142968:updateComponents:55459:125
2654142968:propagateValuesOnChangeOnly:55625:84
2654142968:updateInputs:56917:42
2654142968:updateComponents:56959:125
2654142968:propagateValuesOnChangeOnly:57084:125
2654142968:updateInputs:58125:42
2654142968:updateComponents:58167:125
2654142968:propagateValuesOnChangeOnly:58334:41
2654142968:updateInputs:59334:41
2654142968:updateComponents:59417:83
2654142968:propagateValuesOnChangeOnly:59542:42
2654142968:updateInputs:60542:42
2654142968:updateComponents:60625:84
2654142968:propagateValuesOnChangeOnly:60750:84
2654142968:updateInputs:61959:0
2654142968:updateComponents:62000:84
2654142968:propagateValuesOnChangeOnly:62125:84
2654142968:updateInputs:63125:42
2654142968:updateComponents:63209:83
2654142968:propagateValuesOnChangeOnly:63334:83
2654142968:updateInputs:64292:42
2654142968:updateComponents:64375:84
2654142968:propagateValuesOnChangeOnly:64500:84
2654142968:updateInputs:65459:41
2654142968:updateComponents:65542:83
2654142968:propagateValuesOnChangeOnly:65667:83
2654142968:updateInputs:66625:42
2654142968:updateComponents:66709:83
2654142968:propagateValuesOnChangeOnly:66834:83
2654142968:Run loop:42834:25000
2654142968:main:500:69250
