Title: Up counter test
1850580132:updateInputs:307083:250
1850580132:updateComponents:315208:2084
1850580132:Init circuit:223458:104625
1850580132:updateInputs:328292:250
1850580132:updateComponents:328583:1834
1850580132:propagateValuesOnChangeOnly:330542:2541
1850580132:updateInputs:333250:167
1850580132:updateComponents:333458:1709
1850580132:propagateValuesOnChangeOnly:335208:2334
1850580132:updateInputs:337792:166
1850580132:updateComponents:338000:1458
1850580132:propagateValuesOnChangeOnly:339500:2208
1850580132:updateInputs:341792:125
1850580132:updateComponents:341958:1500
1850580132:propagateValuesOnChangeOnly:343500:2167
1850580132:updateInputs:345750:167
1850580132:updateComponents:345917:1458
1850580132:propagateValuesOnChangeOnly:347583:2167
1850580132:updateInputs:349833:125
1850580132:updateComponents:350000:1417
1850580132:propagateValuesOnChangeOnly:351458:2125
1850580132:updateInputs:359667:125
1850580132:updateComponents:359833:1417
1850580132:propagateValuesOnChangeOnly:361333:2375
1850580132:updateInputs:363833:167
1850580132:updateComponents:364042:1375
1850580132:propagateValuesOnChangeOnly:365500:2167
1850580132:updateInputs:367750:167
1850580132:updateComponents:367958:1375
1850580132:propagateValuesOnChangeOnly:369417:2291
1850580132:updateInputs:371792:125
1850580132:updateComponents:371958:1417
1850580132:propagateValuesOnChangeOnly:373417:2125
1850580132:updateInputs:375875:167
1850580132:updateComponents:376042:1458
1850580132:propagateValuesOnChangeOnly:377542:2125
1850580132:updateInputs:379750:250
1850580132:updateComponents:380042:1375
1850580132:propagateValuesOnChangeOnly:381458:2167
1850580132:updateInputs:389792:166
1850580132:updateComponents:390000:1375
1850580132:propagateValuesOnChangeOnly:391458:2584
1850580132:updateInputs:394125:125
1850580132:updateComponents:394292:1375
1850580132:propagateValuesOnChangeOnly:395750:2375
1850580132:updateInputs:398208:167
1850580132:updateComponents:398417:1416
1850580132:propagateValuesOnChangeOnly:399917:2333
1850580132:updateInputs:402375:125
1850580132:updateComponents:402542:1416
1850580132:propagateValuesOnChangeOnly:404000:2250
1850580132:updateInputs:406333:167
1850580132:updateComponents:406500:1417
1850580132:propagateValuesOnChangeOnly:407958:2292
1850580132:updateInputs:410333:125
1850580132:updateComponents:410500:1375
1850580132:propagateValuesOnChangeOnly:411958:2125
1850580132:updateInputs:420042:166
1850580132:updateComponents:420208:1500
1850580132:propagateValuesOnChangeOnly:421750:2417
1850580132:updateInputs:424250:125
1850580132:updateComponents:424417:1416
1850580132:propagateValuesOnChangeOnly:425875:2167
1850580132:updateInputs:428125:167
1850580132:updateComponents:428333:1375
1850580132:propagateValuesOnChangeOnly:430042:2291
1850580132:updateInputs:432417:125
1850580132:updateComponents:432625:1375
1850580132:propagateValuesOnChangeOnly:434042:2291
1850580132:updateInputs:436417:125
1850580132:updateComponents:436583:1417
1850580132:propagateValuesOnChangeOnly:438042:2375
1850580132:updateInputs:440542:166
1850580132:updateComponents:440750:1417
1850580132:propagateValuesOnChangeOnly:442208:2125
1850580132:updateInputs:450292:125
1850580132:updateComponents:450458:1375
1850580132:propagateValuesOnChangeOnly:451875:2625
1850580132:updateInputs:454583:167
1850580132:updateComponents:454750:1417
1850580132:propagateValuesOnChangeOnly:456208:2292
1850580132:updateInputs:458583:167
1850580132:updateComponents:458792:1375
1850580132:propagateValuesOnChangeOnly:460250:2250
1850580132:updateInputs:462583:167
1850580132:updateComponents:462792:1416
1850580132:propagateValuesOnChangeOnly:464292:2125
1850580132:updateInputs:466500:167
1850580132:updateComponents:466708:1375
1850580132:propagateValuesOnChangeOnly:468125:2125
1850580132:updateInputs:470333:167
1850580132:updateComponents:470542:1416
1850580132:propagateValuesOnChangeOnly:472000:2125
1850580132:updateInputs:480292:166
1850580132:updateComponents:480458:1375
1850580132:propagateValuesOnChangeOnly:481875:2375
1850580132:updateInputs:484375:125
1850580132:updateComponents:484542:1416
1850580132:propagateValuesOnChangeOnly:486000:2208
1850580132:updateInputs:488292:125
1850580132:updateComponents:488458:1417
1850580132:propagateValuesOnChangeOnly:489917:2291
1850580132:updateInputs:492292:125
1850580132:updateComponents:492458:1417
1850580132:propagateValuesOnChangeOnly:493917:2166
1850580132:updateInputs:496167:166
1850580132:updateComponents:496333:1375
1850580132:propagateValuesOnChangeOnly:497792:2125
1850580132:updateInputs:500042:166
1850580132:updateComponents:500250:1417
1850580132:propagateValuesOnChangeOnly:501708:2167
1850580132:updateInputs:509833:167
1850580132:updateComponents:510042:1458
1850580132:propagateValuesOnChangeOnly:511542:2375
1850580132:updateInputs:514000:167
1850580132:updateComponents:514208:1375
1850580132:propagateValuesOnChangeOnly:515667:2208
1850580132:updateInputs:517958:125
1850580132:updateComponents:519125:1417
1850580132:propagateValuesOnChangeOnly:520625:2417
1850580132:updateInputs:523167:125
1850580132:updateComponents:523375:1417
1850580132:propagateValuesOnChangeOnly:524875:2125
1850580132:updateInputs:527083:167
1850580132:updateComponents:527292:1458
1850580132:propagateValuesOnChangeOnly:528833:2084
1850580132:updateInputs:531000:167
1850580132:updateComponents:531167:1458
1850580132:propagateValuesOnChangeOnly:532708:2084
1850580132:updateInputs:541167:125
1850580132:updateComponents:541333:1417
1850580132:propagateValuesOnChangeOnly:542833:2292
1850580132:updateInputs:545208:125
1850580132:updateComponents:545375:1417
1850580132:propagateValuesOnChangeOnly:546833:2209
1850580132:updateInputs:549125:125
1850580132:updateComponents:549292:1458
1850580132:propagateValuesOnChangeOnly:550833:2250
1850580132:updateInputs:553167:125
1850580132:updateComponents:553333:1375
1850580132:propagateValuesOnChangeOnly:554792:2041
1850580132:updateInputs:556917:166
1850580132:updateComponents:557125:1417
1850580132:propagateValuesOnChangeOnly:558625:2042
1850580132:updateInputs:560750:208
1850580132:updateComponents:561000:1417
1850580132:propagateValuesOnChangeOnly:562458:2042
1850580132:updateInputs:570417:166
1850580132:updateComponents:570583:1500
1850580132:propagateValuesOnChangeOnly:572125:2292
1850580132:updateInputs:574542:166
1850580132:updateComponents:574708:1417
1850580132:propagateValuesOnChangeOnly:576208:2167
1850580132:updateInputs:578500:125
1850580132:updateComponents:578667:1416
1850580132:propagateValuesOnChangeOnly:580125:2167
1850580132:updateInputs:582375:125
1850580132:updateComponents:582542:1416
1850580132:propagateValuesOnChangeOnly:584000:2125
1850580132:updateInputs:586208:125
1850580132:updateComponents:586375:1417
1850580132:propagateValuesOnChangeOnly:587833:2084
1850580132:updateInputs:590000:167
1850580132:updateComponents:590208:1417
1850580132:propagateValuesOnChangeOnly:591667:2041
1850580132:updateInputs:599625:125
1850580132:updateComponents:599792:1458
1850580132:propagateValuesOnChangeOnly:601333:2167
1850580132:updateInputs:603625:125
1850580132:updateComponents:603792:1416
1850580132:propagateValuesOnChangeOnly:605250:2208
1850580132:updateInputs:607542:125
1850580132:updateComponents:607708:1417
1850580132:propagateValuesOnChangeOnly:609167:2250
1850580132:updateInputs:611500:125
1850580132:updateComponents:611667:1458
1850580132:propagateValuesOnChangeOnly:613167:2166
1850580132:updateInputs:615417:166
1850580132:updateComponents:615625:1375
1850580132:propagateValuesOnChangeOnly:617042:2291
1850580132:updateInputs:619417:166
1850580132:updateComponents:619625:1375
1850580132:propagateValuesOnChangeOnly:621083:2125
1850580132:updateInputs:629375:167
1850580132:updateComponents:629583:1417
1850580132:propagateValuesOnChangeOnly:631083:2334
1850580132:updateInputs:633500:167
1850580132:updateComponents:633708:1459
1850580132:propagateValuesOnChangeOnly:635208:2209
1850580132:updateInputs:637542:125
1850580132:updateComponents:637708:1417
1850580132:propagateValuesOnChangeOnly:639167:2291
1850580132:updateInputs:641542:166
1850580132:updateComponents:641750:1375
1850580132:propagateValuesOnChangeOnly:643208:2167
1850580132:updateInputs:645500:125
1850580132:updateComponents:645667:1375
1850580132:propagateValuesOnChangeOnly:647083:2125
1850580132:updateInputs:649292:166
1850580132:updateComponents:649500:1375
1850580132:propagateValuesOnChangeOnly:650917:2083
1850580132:updateInputs:658958:167
1850580132:updateComponents:659125:1500
1850580132:propagateValuesOnChangeOnly:660667:2250
1850580132:updateInputs:663000:167
1850580132:updateComponents:663208:1334
1850580132:propagateValuesOnChangeOnly:664583:2209
1850580132:updateInputs:666875:125
1850580132:updateComponents:667042:1375
1850580132:propagateValuesOnChangeOnly:668500:2250
1850580132:updateInputs:670833:167
1850580132:updateComponents:671000:1500
1850580132:propagateValuesOnChangeOnly:672542:2333
1850580132:updateInputs:674958:167
1850580132:updateComponents:675125:1417
1850580132:propagateValuesOnChangeOnly:676583:2292
1850580132:updateInputs:678958:167
1850580132:updateComponents:679125:1458
1850580132:propagateValuesOnChangeOnly:680667:2125
1850580132:updateInputs:688667:125
1850580132:updateComponents:688833:1459
1850580132:propagateValuesOnChangeOnly:690375:2292
1850580132:updateInputs:692750:167
1850580132:updateComponents:692958:1459
1850580132:propagateValuesOnChangeOnly:694458:2209
1850580132:updateInputs:696750:125
1850580132:updateComponents:696917:1375
1850580132:propagateValuesOnChangeOnly:698375:2250
1850580132:updateInputs:700708:125
1850580132:updateComponents:700875:1417
1850580132:propagateValuesOnChangeOnly:702333:2125
1850580132:updateInputs:704583:125
1850580132:updateComponents:704708:1417
1850580132:propagateValuesOnChangeOnly:706167:2083
1850580132:updateInputs:708333:125
1850580132:updateComponents:708500:1375
1850580132:propagateValuesOnChangeOnly:709958:2042
1850580132:updateInputs:717917:166
1850580132:updateComponents:718083:1500
1850580132:propagateValuesOnChangeOnly:719625:2250
1850580132:updateInputs:722000:125
1850580132:updateComponents:722167:1375
1850580132:propagateValuesOnChangeOnly:723625:2208
1850580132:updateInputs:725917:125
1850580132:updateComponents:726083:1417
1850580132:propagateValuesOnChangeOnly:727542:2208
1850580132:updateInputs:729833:167
1850580132:updateComponents:730000:1417
1850580132:propagateValuesOnChangeOnly:731458:2167
1850580132:updateInputs:733708:167
1850580132:updateComponents:733875:1375
1850580132:propagateValuesOnChangeOnly:735333:2209
1850580132:updateInputs:737625:125
1850580132:updateComponents:737792:1375
1850580132:propagateValuesOnChangeOnly:739208:2167
1850580132:updateInputs:747208:167
1850580132:updateComponents:747417:1375
1850580132:propagateValuesOnChangeOnly:750583:2459
1850580132:updateInputs:753167:125
1850580132:updateComponents:753333:1417
1850580132:propagateValuesOnChangeOnly:754792:2291
1850580132:updateInputs:757167:125
1850580132:updateComponents:757333:1459
1850580132:propagateValuesOnChangeOnly:758833:2375
1850580132:updateInputs:761292:166
1850580132:updateComponents:761500:1458
1850580132:propagateValuesOnChangeOnly:763000:2292
1850580132:updateInputs:765375:167
1850580132:updateComponents:765583:1417
1850580132:propagateValuesOnChangeOnly:767042:2208
1850580132:updateInputs:769333:167
1850580132:updateComponents:769500:1500
1850580132:propagateValuesOnChangeOnly:771042:2166
1850580132:updateInputs:779167:166
1850580132:updateComponents:779375:1458
1850580132:propagateValuesOnChangeOnly:780875:2333
1850580132:updateInputs:783333:125
1850580132:updateComponents:783500:1417
1850580132:propagateValuesOnChangeOnly:784958:2250
1850580132:updateInputs:787292:166
1850580132:updateComponents:787458:1417
1850580132:propagateValuesOnChangeOnly:788917:2250
1850580132:updateInputs:791250:167
1850580132:updateComponents:791417:1541
1850580132:propagateValuesOnChangeOnly:793000:2500
1850580132:updateInputs:795583:167
1850580132:updateComponents:795750:1417
1850580132:propagateValuesOnChangeOnly:797208:2334
1850580132:updateInputs:799625:167
1850580132:updateComponents:799833:1375
1850580132:propagateValuesOnChangeOnly:801250:2292
1850580132:updateInputs:809417:125
1850580132:updateComponents:809583:1417
1850580132:propagateValuesOnChangeOnly:811042:2458
1850580132:updateInputs:813625:125
1850580132:updateComponents:813792:1375
1850580132:propagateValuesOnChangeOnly:815250:2167
1850580132:updateInputs:817500:125
1850580132:updateComponents:817667:1416
1850580132:propagateValuesOnChangeOnly:819125:2292
1850580132:updateInputs:821500:167
1850580132:updateComponents:821667:1416
1850580132:propagateValuesOnChangeOnly:823125:2125
1850580132:updateInputs:825333:125
1850580132:updateComponents:825500:1417
1850580132:propagateValuesOnChangeOnly:826958:2042
1850580132:updateInputs:829083:167
1850580132:updateComponents:829292:1375
1850580132:propagateValuesOnChangeOnly:830708:2125
1850580132:updateInputs:838792:166
1850580132:updateComponents:839000:1375
1850580132:propagateValuesOnChangeOnly:840458:2250
1850580132:updateInputs:842833:167
1850580132:updateComponents:843000:1417
1850580132:propagateValuesOnChangeOnly:844458:2209
1850580132:updateInputs:846750:167
1850580132:updateComponents:846917:1458
1850580132:propagateValuesOnChangeOnly:848417:2208
1850580132:updateInputs:850708:125
1850580132:updateComponents:850875:1500
1850580132:propagateValuesOnChangeOnly:852417:2166
1850580132:updateInputs:854667:125
1850580132:updateComponents:854833:1417
1850580132:propagateValuesOnChangeOnly:856292:2208
1850580132:updateInputs:858583:167
1850580132:updateComponents:858792:1375
1850580132:propagateValuesOnChangeOnly:860250:2083
1850580132:updateInputs:868250:167
1850580132:updateComponents:868417:1416
1850580132:propagateValuesOnChangeOnly:869917:2291
1850580132:updateInputs:872292:166
1850580132:updateComponents:872458:1417
1850580132:propagateValuesOnChangeOnly:873917:2250
1850580132:updateInputs:876250:125
1850580132:updateComponents:876417:1416
1850580132:propagateValuesOnChangeOnly:877875:2250
1850580132:updateInputs:880208:167
1850580132:updateComponents:880375:1417
1850580132:propagateValuesOnChangeOnly:881833:2209
1850580132:updateInputs:884125:167
1850580132:updateComponents:884292:1416
1850580132:propagateValuesOnChangeOnly:885792:2125
1850580132:updateInputs:888000:167
1850580132:updateComponents:888167:1416
1850580132:propagateValuesOnChangeOnly:889625:2083
1850580132:updateInputs:897625:125
1850580132:updateComponents:897792:1416
1850580132:propagateValuesOnChangeOnly:899250:2250
1850580132:updateInputs:901583:125
1850580132:updateComponents:901750:1375
1850580132:propagateValuesOnChangeOnly:903167:2208
1850580132:updateInputs:905458:125
1850580132:updateComponents:905625:1417
1850580132:propagateValuesOnChangeOnly:907083:2125
1850580132:updateInputs:909292:166
1850580132:updateComponents:909500:1375
1850580132:propagateValuesOnChangeOnly:910958:2334
1850580132:updateInputs:913375:167
1850580132:updateComponents:913583:1417
1850580132:propagateValuesOnChangeOnly:915042:2333
1850580132:updateInputs:917458:167
1850580132:updateComponents:917667:1416
1850580132:propagateValuesOnChangeOnly:919125:2125
1850580132:updateInputs:927083:167
1850580132:updateComponents:927292:1458
1850580132:propagateValuesOnChangeOnly:928792:2333
1850580132:updateInputs:931208:167
1850580132:updateComponents:931417:1375
1850580132:propagateValuesOnChangeOnly:932833:2209
1850580132:updateInputs:935125:167
1850580132:updateComponents:935333:1459
1850580132:propagateValuesOnChangeOnly:936833:2334
1850580132:updateInputs:939250:167
1850580132:updateComponents:939417:1375
1850580132:propagateValuesOnChangeOnly:940875:2125
1850580132:updateInputs:943125:125
1850580132:updateComponents:943292:1375
1850580132:propagateValuesOnChangeOnly:944708:2084
1850580132:updateInputs:946875:125
1850580132:updateComponents:947042:1375
1850580132:propagateValuesOnChangeOnly:948458:2084
1850580132:updateInputs:956500:167
1850580132:updateComponents:956708:1375
1850580132:propagateValuesOnChangeOnly:958167:2250
1850580132:updateInputs:960500:125
1850580132:updateComponents:960667:1416
1850580132:propagateValuesOnChangeOnly:962125:2208
1850580132:updateInputs:964417:166
1850580132:updateComponents:964625:1458
1850580132:propagateValuesOnChangeOnly:966125:2208
1850580132:updateInputs:968417:166
1850580132:updateComponents:968625:1417
1850580132:propagateValuesOnChangeOnly:970083:2125
1850580132:updateInputs:972292:166
1850580132:updateComponents:972500:1458
1850580132:propagateValuesOnChangeOnly:974000:2250
1850580132:updateInputs:976333:167
1850580132:updateComponents:976542:1375
1850580132:propagateValuesOnChangeOnly:977958:2125
1850580132:updateInputs:986292:125
1850580132:updateComponents:986458:1500
1850580132:propagateValuesOnChangeOnly:988000:2333
1850580132:updateInputs:990417:166
1850580132:updateComponents:990583:1417
1850580132:propagateValuesOnChangeOnly:992042:2250
1850580132:updateInputs:994375:167
1850580132:updateComponents:994583:1375
1850580132:propagateValuesOnChangeOnly:996042:2291
1850580132:updateInputs:998417:166
1850580132:updateComponents:998583:1417
1850580132:propagateValuesOnChangeOnly:1000042:2166
1850580132:updateInputs:1002292:125
1850580132:updateComponents:1002458:1417
1850580132:propagateValuesOnChangeOnly:1003917:2166
1850580132:updateInputs:1006167:166
1850580132:updateComponents:1006375:1417
1850580132:propagateValuesOnChangeOnly:1007833:2125
1850580132:updateInputs:1016833:167
1850580132:updateComponents:1017042:1458
1850580132:propagateValuesOnChangeOnly:1018583:2250
1850580132:updateInputs:1020917:166
1850580132:updateComponents:1021083:1417
1850580132:propagateValuesOnChangeOnly:1022542:2166
1850580132:updateInputs:1024792:125
1850580132:updateComponents:1024958:1375
1850580132:propagateValuesOnChangeOnly:1026417:2208
1850580132:updateInputs:1028708:125
1850580132:updateComponents:1028875:1375
1850580132:propagateValuesOnChangeOnly:1030333:2459
1850580132:updateInputs:1032875:167
1850580132:updateComponents:1033083:1375
1850580132:propagateValuesOnChangeOnly:1034542:2416
1850580132:updateInputs:1037000:167
1850580132:updateComponents:1037208:1459
1850580132:propagateValuesOnChangeOnly:1038708:2209
1850580132:updateInputs:1046833:167
1850580132:updateComponents:1047000:1500
1850580132:propagateValuesOnChangeOnly:1048542:2416
1850580132:updateInputs:1051042:166
1850580132:updateComponents:1051250:1417
1850580132:propagateValuesOnChangeOnly:1052708:2167
1850580132:updateInputs:1054958:167
1850580132:updateComponents:1055125:1417
1850580132:propagateValuesOnChangeOnly:1056583:2292
1850580132:updateInputs:1058958:167
1850580132:updateComponents:1059125:1417
1850580132:propagateValuesOnChangeOnly:1060583:2125
1850580132:updateInputs:1062792:125
1850580132:updateComponents:1062958:1417
1850580132:propagateValuesOnChangeOnly:1064417:2083
1850580132:updateInputs:1066583:167
1850580132:updateComponents:1066792:1458
1850580132:propagateValuesOnChangeOnly:1068292:2083
1850580132:updateInputs:1076250:167
1850580132:updateComponents:1076458:1375
1850580132:propagateValuesOnChangeOnly:1077917:2250
1850580132:updateInputs:1080250:167
1850580132:updateComponents:1080458:1417
1850580132:propagateValuesOnChangeOnly:1081917:2208
1850580132:updateInputs:1084208:167
1850580132:updateComponents:1084417:1458
1850580132:propagateValuesOnChangeOnly:1085917:2208
1850580132:updateInputs:1088208:167
1850580132:updateComponents:1088417:1458
1850580132:propagateValuesOnChangeOnly:1089917:2166
1850580132:updateInputs:1092125:167
1850580132:updateComponents:1092333:1375
1850580132:propagateValuesOnChangeOnly:1093750:2292
1850580132:updateInputs:1096125:125
1850580132:updateComponents:1096292:1375
1850580132:propagateValuesOnChangeOnly:1097708:2125
1850580132:updateInputs:1105708:167
1850580132:updateComponents:1105875:1500
1850580132:propagateValuesOnChangeOnly:1107417:2333
1850580132:updateInputs:1109833:167
1850580132:updateComponents:1110000:1458
1850580132:propagateValuesOnChangeOnly:1111500:2208
1850580132:updateInputs:1113792:166
1850580132:updateComponents:1113958:1417
1850580132:propagateValuesOnChangeOnly:1115417:2250
1850580132:updateInputs:1117750:125
1850580132:updateComponents:1117917:1375
1850580132:propagateValuesOnChangeOnly:1119375:2125
1850580132:updateInputs:1121583:125
1850580132:updateComponents:1121708:1375
1850580132:propagateValuesOnChangeOnly:1123167:2083
1850580132:updateInputs:1125333:167
1850580132:updateComponents:1125500:1417
1850580132:propagateValuesOnChangeOnly:1126958:2042
1850580132:updateInputs:1134917:166
1850580132:updateComponents:1135125:1500
1850580132:propagateValuesOnChangeOnly:1136667:2250
1850580132:updateInputs:1139000:167
1850580132:updateComponents:1139208:1459
1850580132:propagateValuesOnChangeOnly:1140708:2209
1850580132:updateInputs:1143000:167
1850580132:updateComponents:1143208:1417
1850580132:propagateValuesOnChangeOnly:1144667:2250
1850580132:updateInputs:1147000:125
1850580132:updateComponents:1147167:1375
1850580132:propagateValuesOnChangeOnly:1148583:2375
1850580132:updateInputs:1151042:125
1850580132:updateComponents:1151208:1417
1850580132:propagateValuesOnChangeOnly:1152667:2250
1850580132:updateInputs:1155042:125
1850580132:updateComponents:1155208:1417
1850580132:propagateValuesOnChangeOnly:1156667:2125
1850580132:updateInputs:1164750:125
1850580132:updateComponents:1164917:1458
1850580132:propagateValuesOnChangeOnly:1166417:2333
1850580132:updateInputs:1168833:167
1850580132:updateComponents:1169000:1500
1850580132:propagateValuesOnChangeOnly:1170542:2208
1850580132:updateInputs:1183458:167
1850580132:updateComponents:1183625:1500
1850580132:propagateValuesOnChangeOnly:1185208:2375
1850580132:updateInputs:1187667:166
1850580132:updateComponents:1187833:1375
1850580132:propagateValuesOnChangeOnly:1189292:2125
1850580132:updateInputs:1191500:125
1850580132:updateComponents:1191667:1416
1850580132:propagateValuesOnChangeOnly:1193125:2083
1850580132:updateInputs:1195292:125
1850580132:updateComponents:1195458:1417
1850580132:propagateValuesOnChangeOnly:1196917:2083
1850580132:updateInputs:1205167:125
1850580132:updateComponents:1205333:1417
1850580132:propagateValuesOnChangeOnly:1206792:2291
1850580132:updateInputs:1209167:125
1850580132:updateComponents:1209333:1417
1850580132:propagateValuesOnChangeOnly:1210792:2166
1850580132:updateInputs:1213042:208
1850580132:updateComponents:1213292:1458
1850580132:propagateValuesOnChangeOnly:1214792:2250
1850580132:updateInputs:1217125:125
1850580132:updateComponents:1217292:1416
1850580132:propagateValuesOnChangeOnly:1218750:2167
1850580132:updateInputs:1221000:167
1850580132:updateComponents:1221167:1416
1850580132:propagateValuesOnChangeOnly:1222625:2208
1850580132:updateInputs:1224917:166
1850580132:updateComponents:1225125:1375
1850580132:propagateValuesOnChangeOnly:1226542:2125
1850580132:updateInputs:1234625:125
1850580132:updateComponents:1234792:1416
1850580132:propagateValuesOnChangeOnly:1236250:2333
1850580132:updateInputs:1238667:166
1850580132:updateComponents:1238875:1375
1850580132:propagateValuesOnChangeOnly:1240292:2333
1850580132:updateInputs:1242708:125
1850580132:updateComponents:1242875:1417
1850580132:propagateValuesOnChangeOnly:1244333:2375
1850580132:updateInputs:1246792:166
1850580132:updateComponents:1246958:1417
1850580132:propagateValuesOnChangeOnly:1248417:2291
1850580132:updateInputs:1250792:125
1850580132:updateComponents:1250958:1375
1850580132:propagateValuesOnChangeOnly:1252417:2166
1850580132:updateInputs:1254667:166
1850580132:updateComponents:1254833:1417
1850580132:propagateValuesOnChangeOnly:1256292:2208
1850580132:updateInputs:1264458:167
1850580132:updateComponents:1264625:1458
1850580132:propagateValuesOnChangeOnly:1266125:2333
1850580132:updateInputs:1268542:208
1850580132:updateComponents:1268792:1458
1850580132:propagateValuesOnChangeOnly:1270292:2166
1850580132:updateInputs:1272542:166
1850580132:updateComponents:1272708:1417
1850580132:propagateValuesOnChangeOnly:1274167:2166
1850580132:updateInputs:1276417:166
1850580132:updateComponents:1276625:1375
1850580132:propagateValuesOnChangeOnly:1278042:2500
1850580132:updateInputs:1280625:125
1850580132:updateComponents:1280792:1375
1850580132:propagateValuesOnChangeOnly:1282250:2375
1850580132:updateInputs:1284708:167
1850580132:updateComponents:1284875:1417
1850580132:propagateValuesOnChangeOnly:1286333:2292
1850580132:updateInputs:1294542:166
1850580132:updateComponents:1294750:1458
1850580132:propagateValuesOnChangeOnly:1296250:2417
1850580132:updateInputs:1298750:125
1850580132:updateComponents:1298917:1458
1850580132:propagateValuesOnChangeOnly:1300417:2166
1850580132:updateInputs:1302667:166
1850580132:updateComponents:1302875:1417
1850580132:propagateValuesOnChangeOnly:1304333:2375
1850580132:updateInputs:1306792:166
1850580132:updateComponents:1307000:1417
1850580132:propagateValuesOnChangeOnly:1308458:2125
1850580132:updateInputs:1310667:166
1850580132:updateComponents:1310875:1417
1850580132:propagateValuesOnChangeOnly:1312333:2042
1850580132:updateInputs:1314458:167
1850580132:updateComponents:1314667:1375
1850580132:propagateValuesOnChangeOnly:1316083:2084
1850580132:updateInputs:1324125:125
1850580132:updateComponents:1324292:1458
1850580132:propagateValuesOnChangeOnly:1325792:2291
1850580132:updateInputs:1328167:125
1850580132:updateComponents:1328333:1417
1850580132:propagateValuesOnChangeOnly:1329792:2166
1850580132:updateInputs:1332042:125
1850580132:updateComponents:1332208:1417
1850580132:propagateValuesOnChangeOnly:1333667:2166
1850580132:updateInputs:1335917:125
1850580132:updateComponents:1336083:1417
1850580132:propagateValuesOnChangeOnly:1337542:2166
1850580132:updateInputs:1339792:166
1850580132:updateComponents:1339958:1417
1850580132:propagateValuesOnChangeOnly:1341417:2250
1850580132:updateInputs:1343750:125
1850580132:updateComponents:1343917:1416
1850580132:propagateValuesOnChangeOnly:1345375:2083
1850580132:updateInputs:1353333:125
1850580132:updateComponents:1353500:1458
1850580132:propagateValuesOnChangeOnly:1355000:2333
1850580132:updateInputs:1357417:166
1850580132:updateComponents:1357583:1417
1850580132:propagateValuesOnChangeOnly:1359042:2250
1850580132:updateInputs:1361375:125
1850580132:updateComponents:1361542:1416
1850580132:propagateValuesOnChangeOnly:1363000:2292
1850580132:updateInputs:1365333:167
1850580132:updateComponents:1365500:1458
1850580132:propagateValuesOnChangeOnly:1367000:2167
1850580132:updateInputs:1369250:125
1850580132:updateComponents:1369417:1416
1850580132:propagateValuesOnChangeOnly:1370875:2125
1850580132:updateInputs:1373083:167
1850580132:updateComponents:1373250:1417
1850580132:propagateValuesOnChangeOnly:1374708:2084
1850580132:updateInputs:1382708:167
1850580132:updateComponents:1382917:1458
1850580132:propagateValuesOnChangeOnly:1384417:2250
1850580132:updateInputs:1386750:167
1850580132:updateComponents:1386917:1500
1850580132:propagateValuesOnChangeOnly:1388458:2209
1850580132:updateInputs:1390750:167
1850580132:updateComponents:1390958:1375
1850580132:propagateValuesOnChangeOnly:1392417:2250
1850580132:updateInputs:1394708:167
1850580132:updateComponents:1394875:1417
1850580132:propagateValuesOnChangeOnly:1396333:2250
1850580132:updateInputs:1398667:166
1850580132:updateComponents:1398875:1458
1850580132:propagateValuesOnChangeOnly:1400375:2292
1850580132:updateInputs:1402750:125
1850580132:updateComponents:1402917:1416
1850580132:propagateValuesOnChangeOnly:1404417:2125
1850580132:updateInputs:1412417:166
1850580132:updateComponents:1412583:1459
1850580132:propagateValuesOnChangeOnly:1414125:2292
1850580132:updateInputs:1416500:167
1850580132:updateComponents:1416708:1375
1850580132:propagateValuesOnChangeOnly:1418167:2166
1850580132:updateInputs:1420417:166
1850580132:updateComponents:1420583:1417
1850580132:propagateValuesOnChangeOnly:1422042:2291
1850580132:updateInputs:1424417:125
1850580132:updateComponents:1424583:1375
1850580132:propagateValuesOnChangeOnly:1426042:2166
1850580132:updateInputs:1428292:125
1850580132:updateComponents:1428458:1375
1850580132:propagateValuesOnChangeOnly:1429875:2083
1850580132:updateInputs:1432042:166
1850580132:updateComponents:1432250:1417
1850580132:propagateValuesOnChangeOnly:1433708:2084
1850580132:updateInputs:1441750:125
1850580132:updateComponents:1441917:1500
1850580132:propagateValuesOnChangeOnly:1443458:2250
1850580132:updateInputs:1445792:166
1850580132:updateComponents:1445958:1500
1850580132:propagateValuesOnChangeOnly:1447500:2208
1850580132:updateInputs:1449792:166
1850580132:updateComponents:1449958:1459
1850580132:propagateValuesOnChangeOnly:1451500:2208
1850580132:updateInputs:1453792:166
1850580132:updateComponents:1453958:1417
1850580132:propagateValuesOnChangeOnly:1455417:2125
1850580132:updateInputs:1457625:167
1850580132:updateComponents:1457792:1416
1850580132:propagateValuesOnChangeOnly:1460292:2208
1850580132:updateInputs:1462583:167
1850580132:updateComponents:1462750:1417
1850580132:propagateValuesOnChangeOnly:1464208:2084
1850580132:updateInputs:1472208:167
1850580132:updateComponents:1472375:1500
1850580132:propagateValuesOnChangeOnly:1473917:2333
1850580132:updateInputs:1476375:125
1850580132:updateComponents:1476542:1416
1850580132:propagateValuesOnChangeOnly:1478000:2292
1850580132:updateInputs:1480375:167
1850580132:updateComponents:1480542:1416
1850580132:propagateValuesOnChangeOnly:1482000:2375
1850580132:updateInputs:1484458:125
1850580132:updateComponents:1484583:1417
1850580132:propagateValuesOnChangeOnly:1486042:2208
1850580132:updateInputs:1488333:125
1850580132:updateComponents:1488500:1500
1850580132:propagateValuesOnChangeOnly:1490042:2208
1850580132:updateInputs:1492292:166
1850580132:updateComponents:1492500:1458
1850580132:propagateValuesOnChangeOnly:1494000:2125
1850580132:updateInputs:1502083:167
1850580132:updateComponents:1502250:1500
1850580132:propagateValuesOnChangeOnly:1503792:2250
1850580132:updateInputs:1506125:167
1850580132:updateComponents:1506292:1416
1850580132:propagateValuesOnChangeOnly:1507750:2167
1850580132:updateInputs:1510042:125
1850580132:updateComponents:1510208:1417
1850580132:propagateValuesOnChangeOnly:1511667:2208
1850580132:updateInputs:1513958:125
1850580132:updateComponents:1514125:1417
1850580132:propagateValuesOnChangeOnly:1515583:2417
1850580132:updateInputs:1518083:125
1850580132:updateComponents:1518250:1458
1850580132:propagateValuesOnChangeOnly:1519792:2375
1850580132:updateInputs:1522250:125
1850580132:updateComponents:1522417:1375
1850580132:propagateValuesOnChangeOnly:1523875:2167
1850580132:updateInputs:1531875:167
1850580132:updateComponents:1532083:1459
1850580132:propagateValuesOnChangeOnly:1533583:2459
1850580132:updateInputs:1536125:125
1850580132:updateComponents:1536292:1416
1850580132:propagateValuesOnChangeOnly:1537750:2208
1850580132:updateInputs:1540042:125
1850580132:updateComponents:1540208:1417
1850580132:propagateValuesOnChangeOnly:1541667:2333
1850580132:updateInputs:1544083:167
1850580132:updateComponents:1544292:1375
1850580132:propagateValuesOnChangeOnly:1545750:2125
1850580132:updateInputs:1547958:167
1850580132:updateComponents:1548125:1375
1850580132:propagateValuesOnChangeOnly:1549542:2083
1850580132:updateInputs:1551750:125
1850580132:updateComponents:1551917:1375
1850580132:propagateValuesOnChangeOnly:1553375:2083
1850580132:updateInputs:1561333:167
1850580132:updateComponents:1561500:1458
1850580132:propagateValuesOnChangeOnly:1563042:2208
1850580132:updateInputs:1565333:167
1850580132:updateComponents:1565542:1458
1850580132:propagateValuesOnChangeOnly:1567083:2125
1850580132:updateInputs:1569292:166
1850580132:updateComponents:1569458:1417
1850580132:propagateValuesOnChangeOnly:1570917:2208
1850580132:updateInputs:1573208:125
1850580132:updateComponents:1573375:1458
1850580132:propagateValuesOnChangeOnly:1574875:2125
1850580132:updateInputs:1577083:167
1850580132:updateComponents:1577292:1375
1850580132:propagateValuesOnChangeOnly:1578750:2167
1850580132:updateInputs:1581000:167
1850580132:updateComponents:1581208:1375
1850580132:propagateValuesOnChangeOnly:1582667:2083
1850580132:updateInputs:1590625:167
1850580132:updateComponents:1590833:1375
1850580132:propagateValuesOnChangeOnly:1592250:2292
1850580132:updateInputs:1594625:167
1850580132:updateComponents:1594833:1459
1850580132:propagateValuesOnChangeOnly:1596375:2208
1850580132:updateInputs:1598667:166
1850580132:updateComponents:1598833:1417
1850580132:propagateValuesOnChangeOnly:1600292:2291
1850580132:updateInputs:1602667:166
1850580132:updateComponents:1602833:1500
1850580132:propagateValuesOnChangeOnly:1604417:2166
1850580132:updateInputs:1606667:125
1850580132:updateComponents:1606833:1417
1850580132:propagateValuesOnChangeOnly:1608292:2041
1850580132:updateInputs:1610458:125
1850580132:updateComponents:1610625:1375
1850580132:propagateValuesOnChangeOnly:1612042:2083
1850580132:updateInputs:1620000:167
1850580132:updateComponents:1620167:1500
1850580132:propagateValuesOnChangeOnly:1621708:2292
1850580132:updateInputs:1624083:125
1850580132:updateComponents:1624250:1375
1850580132:propagateValuesOnChangeOnly:1625667:2208
1850580132:updateInputs:1627958:167
1850580132:updateComponents:1628125:1417
1850580132:propagateValuesOnChangeOnly:1629583:2250
1850580132:updateInputs:1631917:125
1850580132:updateComponents:1632042:1416
1850580132:propagateValuesOnChangeOnly:1633500:2292
1850580132:updateInputs:1635875:125
1850580132:updateComponents:1636042:1416
1850580132:propagateValuesOnChangeOnly:1637500:2292
1850580132:updateInputs:1639875:167
1850580132:updateComponents:1640042:1416
1850580132:propagateValuesOnChangeOnly:1641542:2083
1850580132:updateInputs:1649833:167
1850580132:updateComponents:1650000:1458
1850580132:propagateValuesOnChangeOnly:1651542:2291
1850580132:updateInputs:1653917:166
1850580132:updateComponents:1654125:1458
1850580132:propagateValuesOnChangeOnly:1655625:2208
1850580132:updateInputs:1657917:166
1850580132:updateComponents:1658083:1500
1850580132:propagateValuesOnChangeOnly:1659625:2292
1850580132:updateInputs:1662000:125
1850580132:updateComponents:1662167:1458
1850580132:propagateValuesOnChangeOnly:1663667:2166
1850580132:updateInputs:1665917:125
1850580132:updateComponents:1666083:1459
1850580132:propagateValuesOnChangeOnly:1667583:2084
1850580132:updateInputs:1669750:167
1850580132:updateComponents:1669958:1459
1850580132:propagateValuesOnChangeOnly:1671458:2084
1850580132:updateInputs:1679458:125
1850580132:updateComponents:1679625:1458
1850580132:propagateValuesOnChangeOnly:1681125:2250
1850580132:updateInputs:1683458:167
1850580132:updateComponents:1683667:1375
1850580132:propagateValuesOnChangeOnly:1685083:2209
1850580132:updateInputs:1687375:167
1850580132:updateComponents:1687583:1375
1850580132:propagateValuesOnChangeOnly:1689042:2208
1850580132:updateInputs:1691333:167
1850580132:updateComponents:1691500:1417
1850580132:propagateValuesOnChangeOnly:1692958:2167
1850580132:updateInputs:1695208:125
1850580132:updateComponents:1695333:1417
1850580132:propagateValuesOnChangeOnly:1696833:2209
1850580132:updateInputs:1699125:167
1850580132:updateComponents:1699333:1375
1850580132:propagateValuesOnChangeOnly:1700792:2041
1850580132:updateInputs:1708667:166
1850580132:updateComponents:1708875:1458
1850580132:propagateValuesOnChangeOnly:1710417:2333
1850580132:updateInputs:1712833:167
1850580132:updateComponents:1713042:1416
1850580132:propagateValuesOnChangeOnly:1714542:2291
1850580132:updateInputs:1716917:166
1850580132:updateComponents:1717125:1375
1850580132:propagateValuesOnChangeOnly:1718542:2416
1850580132:updateInputs:1721042:125
1850580132:updateComponents:1721208:1375
1850580132:propagateValuesOnChangeOnly:1722667:2250
1850580132:updateInputs:1725000:167
1850580132:updateComponents:1725167:1416
1850580132:propagateValuesOnChangeOnly:1726625:2250
1850580132:updateInputs:1728958:125
1850580132:updateComponents:1729125:1417
1850580132:propagateValuesOnChangeOnly:1730583:2167
1850580132:updateInputs:1738625:167
1850580132:updateComponents:1738792:1500
1850580132:propagateValuesOnChangeOnly:1740333:2334
1850580132:updateInputs:1742750:167
1850580132:updateComponents:1742958:1417
1850580132:propagateValuesOnChangeOnly:1744417:2208
1850580132:updateInputs:1746708:125
1850580132:updateComponents:1746875:1375
1850580132:propagateValuesOnChangeOnly:1748333:2250
1850580132:updateInputs:1750667:125
1850580132:updateComponents:1750833:1417
1850580132:propagateValuesOnChangeOnly:1752292:2541
1850580132:updateInputs:1754917:166
1850580132:updateComponents:1755083:1417
1850580132:propagateValuesOnChangeOnly:1756542:2333
1850580132:updateInputs:1759000:125
1850580132:updateComponents:1759167:1416
1850580132:propagateValuesOnChangeOnly:1760625:2250
1850580132:updateInputs:1768750:167
1850580132:updateComponents:1768917:1416
1850580132:propagateValuesOnChangeOnly:1770375:2417
1850580132:updateInputs:1772875:125
1850580132:updateComponents:1773042:1416
1850580132:propagateValuesOnChangeOnly:1774542:2208
1850580132:updateInputs:1776833:125
1850580132:updateComponents:1777000:1375
1850580132:propagateValuesOnChangeOnly:1778417:2250
1850580132:updateInputs:1780750:167
1850580132:updateComponents:1780958:1375
1850580132:propagateValuesOnChangeOnly:1782375:2125
1850580132:updateInputs:1784583:167
1850580132:updateComponents:1784750:1417
1850580132:propagateValuesOnChangeOnly:1786208:2084
1850580132:updateInputs:1788375:167
1850580132:updateComponents:1788542:1458
1850580132:propagateValuesOnChangeOnly:1790083:2042
1850580132:updateInputs:1798125:125
1850580132:updateComponents:1798292:1458
1850580132:propagateValuesOnChangeOnly:1799792:2291
1850580132:updateInputs:1802167:166
1850580132:updateComponents:1802375:1500
1850580132:propagateValuesOnChangeOnly:1803917:2166
1850580132:updateInputs:1806167:166
1850580132:updateComponents:1806375:1417
1850580132:propagateValuesOnChangeOnly:1807833:2167
1850580132:updateInputs:1810083:167
1850580132:updateComponents:1810292:1416
1850580132:propagateValuesOnChangeOnly:1811750:2167
1850580132:updateInputs:1814000:125
1850580132:updateComponents:1814167:1375
1850580132:propagateValuesOnChangeOnly:1815583:2292
1850580132:updateInputs:1817958:125
1850580132:updateComponents:1818125:1375
1850580132:propagateValuesOnChangeOnly:1819583:2084
1850580132:updateInputs:1827583:125
1850580132:updateComponents:1827750:1417
1850580132:propagateValuesOnChangeOnly:1829208:2292
1850580132:updateInputs:1831583:167
1850580132:updateComponents:1831750:1417
1850580132:propagateValuesOnChangeOnly:1833208:2250
1850580132:updateInputs:1835583:125
1850580132:updateComponents:1835750:1375
1850580132:propagateValuesOnChangeOnly:1837208:2209
1850580132:updateInputs:1839500:125
1850580132:updateComponents:1839667:1416
1850580132:propagateValuesOnChangeOnly:1841125:2208
1850580132:updateInputs:1843417:166
1850580132:updateComponents:1843583:1417
1850580132:propagateValuesOnChangeOnly:1845042:2166
1850580132:updateInputs:1847292:125
1850580132:updateComponents:1847458:1417
1850580132:propagateValuesOnChangeOnly:1848917:2083
1850580132:updateInputs:1856917:125
1850580132:updateComponents:1857083:1417
1850580132:propagateValuesOnChangeOnly:1858542:2250
1850580132:updateInputs:1860875:167
1850580132:updateComponents:1861083:1375
1850580132:propagateValuesOnChangeOnly:1862542:2125
1850580132:updateInputs:1864750:167
1850580132:updateComponents:1864958:1375
1850580132:propagateValuesOnChangeOnly:1866417:2125
1850580132:updateInputs:1868625:125
1850580132:updateComponents:1868792:1375
1850580132:propagateValuesOnChangeOnly:1870250:2292
1850580132:updateInputs:1872625:125
1850580132:updateComponents:1872792:1375
1850580132:propagateValuesOnChangeOnly:1874250:2333
1850580132:updateInputs:1876667:166
1850580132:updateComponents:1876875:1417
1850580132:propagateValuesOnChangeOnly:1878333:2125
1850580132:updateInputs:1886417:125
1850580132:updateComponents:1886583:1417
1850580132:propagateValuesOnChangeOnly:1888042:2250
1850580132:updateInputs:1890417:125
1850580132:updateComponents:1890583:1375
1850580132:propagateValuesOnChangeOnly:1892042:2166
1850580132:updateInputs:1894292:125
1850580132:updateComponents:1894458:1375
1850580132:propagateValuesOnChangeOnly:1895917:2250
1850580132:updateInputs:1898250:125
1850580132:updateComponents:1898417:1416
1850580132:propagateValuesOnChangeOnly:1899875:2125
1850580132:updateInputs:1902125:125
1850580132:updateComponents:1902292:1416
1850580132:propagateValuesOnChangeOnly:1903750:2083
1850580132:updateInputs:1905917:125
1850580132:updateComponents:1906083:1417
1850580132:propagateValuesOnChangeOnly:1907542:2041
1850580132:updateInputs:1915500:167
1850580132:updateComponents:1915667:1416
1850580132:propagateValuesOnChangeOnly:1917125:2250
1850580132:updateInputs:1919500:125
1850580132:updateComponents:1919667:1416
1850580132:propagateValuesOnChangeOnly:1921125:2208
1850580132:updateInputs:1923417:166
1850580132:updateComponents:1923583:1417
1850580132:propagateValuesOnChangeOnly:1925042:2250
1850580132:updateInputs:1927375:125
1850580132:updateComponents:1927542:1416
1850580132:propagateValuesOnChangeOnly:1929000:2167
1850580132:updateInputs:1931250:167
1850580132:updateComponents:1931417:1416
1850580132:propagateValuesOnChangeOnly:1932875:2250
1850580132:updateInputs:1935250:125
1850580132:updateComponents:1935417:1375
1850580132:propagateValuesOnChangeOnly:1936833:2084
1850580132:updateInputs:1944750:167
1850580132:updateComponents:1944958:1459
1850580132:propagateValuesOnChangeOnly:1946458:2375
1850580132:updateInputs:1948917:166
1850580132:updateComponents:1949083:1417
1850580132:propagateValuesOnChangeOnly:1950542:2291
1850580132:updateInputs:1952917:166
1850580132:updateComponents:1953083:1417
1850580132:propagateValuesOnChangeOnly:1954583:2334
1850580132:updateInputs:1957000:167
1850580132:updateComponents:1957208:1375
1850580132:propagateValuesOnChangeOnly:1958667:2166
1850580132:updateInputs:1960917:166
1850580132:updateComponents:1961125:1375
1850580132:propagateValuesOnChangeOnly:1962583:2167
1850580132:updateInputs:1964833:125
1850580132:updateComponents:1965000:1417
1850580132:propagateValuesOnChangeOnly:1966458:2125
1850580132:updateInputs:1974500:125
1850580132:updateComponents:1974667:1416
1850580132:propagateValuesOnChangeOnly:1976125:2292
1850580132:updateInputs:1978500:125
1850580132:updateComponents:1978667:1416
1850580132:propagateValuesOnChangeOnly:1980125:2208
1850580132:updateInputs:1982417:125
1850580132:updateComponents:1982583:1417
1850580132:propagateValuesOnChangeOnly:1984042:2208
1850580132:updateInputs:1986375:125
1850580132:updateComponents:1986542:1375
1850580132:propagateValuesOnChangeOnly:1988000:2458
1850580132:updateInputs:1990542:125
1850580132:updateComponents:1990708:1417
1850580132:propagateValuesOnChangeOnly:1992167:2458
1850580132:updateInputs:1994708:125
1850580132:updateComponents:1994875:1417
1850580132:propagateValuesOnChangeOnly:1996333:2209
1850580132:updateInputs:2004375:167
1850580132:updateComponents:2004583:1459
1850580132:propagateValuesOnChangeOnly:2006125:2375
1850580132:updateInputs:2008583:167
1850580132:updateComponents:2008792:1458
1850580132:propagateValuesOnChangeOnly:2010292:2208
1850580132:updateInputs:2012583:125
1850580132:updateComponents:2012750:1458
1850580132:propagateValuesOnChangeOnly:2014292:2291
1850580132:updateInputs:2016667:166
1850580132:updateComponents:2016833:1417
1850580132:propagateValuesOnChangeOnly:2018292:2166
1850580132:updateInputs:2020500:167
1850580132:updateComponents:2020708:1375
1850580132:propagateValuesOnChangeOnly:2028000:2292
1850580132:updateInputs:2030375:167
1850580132:updateComponents:2030542:1458
1850580132:propagateValuesOnChangeOnly:2032083:2084
1850580132:updateInputs:2040167:166
1850580132:updateComponents:2040333:1417
1850580132:propagateValuesOnChangeOnly:2041833:2250
1850580132:updateInputs:2044167:125
1850580132:updateComponents:2044333:1459
1850580132:propagateValuesOnChangeOnly:2045833:2209
1850580132:updateInputs:2048125:125
1850580132:updateComponents:2048292:1416
1850580132:propagateValuesOnChangeOnly:2049750:2208
1850580132:updateInputs:2052042:166
1850580132:updateComponents:2052208:1417
1850580132:propagateValuesOnChangeOnly:2053667:2125
1850580132:updateInputs:2055875:167
1850580132:updateComponents:2056042:1416
1850580132:propagateValuesOnChangeOnly:2057500:2250
1850580132:updateInputs:2059833:125
1850580132:updateComponents:2060000:1458
1850580132:propagateValuesOnChangeOnly:2061500:2083
1850580132:updateInputs:2069458:167
1850580132:updateComponents:2069667:1416
1850580132:propagateValuesOnChangeOnly:2071167:2291
1850580132:updateInputs:2073542:125
1850580132:updateComponents:2073708:1417
1850580132:propagateValuesOnChangeOnly:2075167:2250
1850580132:updateInputs:2077500:167
1850580132:updateComponents:2077667:1416
1850580132:propagateValuesOnChangeOnly:2079125:2292
1850580132:updateInputs:2081500:125
1850580132:updateComponents:2081667:1416
1850580132:propagateValuesOnChangeOnly:2083125:2167
1850580132:updateInputs:2085417:125
1850580132:updateComponents:2085583:1375
1850580132:propagateValuesOnChangeOnly:2087000:2125
1850580132:updateInputs:2089208:167
1850580132:updateComponents:2089417:1375
1850580132:propagateValuesOnChangeOnly:2090875:2042
1850580132:updateInputs:2098875:167
1850580132:updateComponents:2099083:1459
1850580132:propagateValuesOnChangeOnly:2100625:2250
1850580132:updateInputs:2102958:167
1850580132:updateComponents:2103125:1417
1850580132:propagateValuesOnChangeOnly:2104625:2167
1850580132:updateInputs:2106875:167
1850580132:updateComponents:2107042:1458
1850580132:propagateValuesOnChangeOnly:2108583:2209
1850580132:updateInputs:2110875:167
1850580132:updateComponents:2111083:1417
1850580132:propagateValuesOnChangeOnly:2112542:2375
1850580132:updateInputs:2115000:125
1850580132:updateComponents:2115167:1416
1850580132:propagateValuesOnChangeOnly:2116667:2250
1850580132:updateInputs:2119000:167
1850580132:updateComponents:2119208:1500
1850580132:propagateValuesOnChangeOnly:2120750:2125
1850580132:updateInputs:2128750:167
1850580132:updateComponents:2128917:1458
1850580132:propagateValuesOnChangeOnly:2130417:2333
1850580132:updateInputs:2132833:125
1850580132:updateComponents:2133000:1417
1850580132:propagateValuesOnChangeOnly:2134458:2209
1850580132:updateInputs:2136750:167
1850580132:updateComponents:2136958:1375
1850580132:propagateValuesOnChangeOnly:2138417:2291
1850580132:updateInputs:2140792:125
1850580132:updateComponents:2140958:1417
1850580132:propagateValuesOnChangeOnly:2142417:2166
1850580132:updateInputs:2144667:125
1850580132:updateComponents:2144833:1375
1850580132:propagateValuesOnChangeOnly:2146250:2083
1850580132:updateInputs:2148417:166
1850580132:updateComponents:2148583:1417
1850580132:propagateValuesOnChangeOnly:2150042:2083
1850580132:updateInputs:2158042:125
1850580132:updateComponents:2158208:1459
1850580132:propagateValuesOnChangeOnly:2159708:2250
1850580132:updateInputs:2162042:166
1850580132:updateComponents:2162250:1458
1850580132:propagateValuesOnChangeOnly:2163750:2167
1850580132:updateInputs:2166042:125
1850580132:updateComponents:2166208:1417
1850580132:propagateValuesOnChangeOnly:2167708:2209
1850580132:updateInputs:2170000:125
1850580132:updateComponents:2170167:1375
1850580132:propagateValuesOnChangeOnly:2171625:2125
1850580132:updateInputs:2173833:125
1850580132:updateComponents:2174000:1375
1850580132:propagateValuesOnChangeOnly:2175417:2208
1850580132:updateInputs:2177708:167
1850580132:updateComponents:2177917:1458
1850580132:propagateValuesOnChangeOnly:2179417:2125
1850580132:updateInputs:2187417:166
1850580132:updateComponents:2187583:1417
1850580132:propagateValuesOnChangeOnly:2189042:2375
1850580132:updateInputs:2191500:125
1850580132:updateComponents:2191667:1375
1850580132:propagateValuesOnChangeOnly:2193125:2292
1850580132:updateInputs:2195500:125
1850580132:updateComponents:2195667:1416
1850580132:propagateValuesOnChangeOnly:2197125:2417
1850580132:updateInputs:2199583:167
1850580132:updateComponents:2199792:1375
1850580132:propagateValuesOnChangeOnly:2201208:2292
1850580132:updateInputs:2203583:167
1850580132:updateComponents:2203750:1417
1850580132:propagateValuesOnChangeOnly:2205208:2209
1850580132:updateInputs:2207500:167
1850580132:updateComponents:2207708:1375
1850580132:propagateValuesOnChangeOnly:2209167:2166
1850580132:updateInputs:2217250:167
1850580132:updateComponents:2217458:1375
1850580132:propagateValuesOnChangeOnly:2218875:2333
1850580132:updateInputs:2221292:166
1850580132:updateComponents:2221458:1500
1850580132:propagateValuesOnChangeOnly:2223000:2208
1850580132:updateInputs:2225292:125
1850580132:updateComponents:2225458:1417
1850580132:propagateValuesOnChangeOnly:2226917:2208
1850580132:updateInputs:2229208:167
1850580132:updateComponents:2229417:1375
1850580132:propagateValuesOnChangeOnly:2230875:2500
1850580132:updateInputs:2233458:125
1850580132:updateComponents:2233625:1417
1850580132:propagateValuesOnChangeOnly:2235083:2417
1850580132:updateInputs:2237583:167
1850580132:updateComponents:2237750:1417
1850580132:propagateValuesOnChangeOnly:2239208:2250
1850580132:updateInputs:2247333:167
1850580132:updateComponents:2247500:1417
1850580132:propagateValuesOnChangeOnly:2248958:2459
1850580132:updateInputs:2251500:167
1850580132:updateComponents:2251667:1416
1850580132:propagateValuesOnChangeOnly:2253125:2208
1850580132:updateInputs:2255458:125
1850580132:updateComponents:2255625:1458
1850580132:propagateValuesOnChangeOnly:2257167:2291
1850580132:updateInputs:2259542:166
1850580132:updateComponents:2259708:1500
1850580132:propagateValuesOnChangeOnly:2261250:2125
1850580132:updateInputs:2263458:167
1850580132:updateComponents:2263625:1458
1850580132:propagateValuesOnChangeOnly:2265167:2041
1850580132:updateInputs:2267292:166
1850580132:updateComponents:2267500:1458
1850580132:propagateValuesOnChangeOnly:2269000:2083
1850580132:updateInputs:2276958:167
1850580132:updateComponents:2277167:1458
1850580132:propagateValuesOnChangeOnly:2278708:2292
1850580132:updateInputs:2281083:125
1850580132:updateComponents:2281250:1417
1850580132:propagateValuesOnChangeOnly:2282708:2167
1850580132:updateInputs:2284958:125
1850580132:updateComponents:2285125:1417
1850580132:propagateValuesOnChangeOnly:2286583:2167
1850580132:updateInputs:2288833:167
1850580132:updateComponents:2289042:1375
1850580132:propagateValuesOnChangeOnly:2290500:2083
1850580132:updateInputs:2292667:166
1850580132:updateComponents:2292875:1375
1850580132:propagateValuesOnChangeOnly:2294333:2250
1850580132:updateInputs:2296667:166
1850580132:updateComponents:2296833:1459
1850580132:propagateValuesOnChangeOnly:2298333:2084
1850580132:updateInputs:2306333:167
1850580132:updateComponents:2306500:1417
1850580132:propagateValuesOnChangeOnly:2308000:2250
1850580132:updateInputs:2310333:167
1850580132:updateComponents:2310500:1458
1850580132:propagateValuesOnChangeOnly:2312000:2250
1850580132:updateInputs:2314333:125
1850580132:updateComponents:2314500:1375
1850580132:propagateValuesOnChangeOnly:2315958:2250
1850580132:updateInputs:2318292:166
1850580132:updateComponents:2318458:1417
1850580132:propagateValuesOnChangeOnly:2319917:2208
1850580132:updateInputs:2322208:167
1850580132:updateComponents:2322375:1417
1850580132:propagateValuesOnChangeOnly:2323833:2125
1850580132:updateInputs:2326042:166
1850580132:updateComponents:2326250:1458
1850580132:propagateValuesOnChangeOnly:2327750:2083
1850580132:updateInputs:2335708:167
1850580132:updateComponents:2335875:1500
1850580132:propagateValuesOnChangeOnly:2337417:2250
1850580132:updateInputs:2339750:167
1850580132:updateComponents:2339958:1417
1850580132:propagateValuesOnChangeOnly:2341417:2208
1850580132:updateInputs:2343708:125
1850580132:updateComponents:2343875:1417
1850580132:propagateValuesOnChangeOnly:2345333:2250
1850580132:updateInputs:2347667:166
1850580132:updateComponents:2347833:1417
1850580132:propagateValuesOnChangeOnly:2349292:2375
1850580132:updateInputs:2351750:125
1850580132:updateComponents:2351917:1416
1850580132:propagateValuesOnChangeOnly:2353375:2333
1850580132:updateInputs:2355792:125
1850580132:updateComponents:2355958:1459
1850580132:propagateValuesOnChangeOnly:2357458:2125
1850580132:updateInputs:2365458:167
1850580132:updateComponents:2365625:1500
1850580132:propagateValuesOnChangeOnly:2367167:2333
1850580132:updateInputs:2369583:167
1850580132:updateComponents:2369750:1458
1850580132:propagateValuesOnChangeOnly:2371292:2166
1850580132:updateInputs:2373542:166
1850580132:updateComponents:2373708:1417
1850580132:propagateValuesOnChangeOnly:2375167:2333
1850580132:updateInputs:2377583:125
1850580132:updateComponents:2377750:1375
1850580132:propagateValuesOnChangeOnly:2379208:2084
1850580132:updateInputs:2381417:125
1850580132:updateComponents:2381583:1459
1850580132:propagateValuesOnChangeOnly:2383083:2084
1850580132:updateInputs:2385250:167
1850580132:updateComponents:2385417:1416
1850580132:propagateValuesOnChangeOnly:2386875:2042
1850580132:updateInputs:2394792:166
1850580132:updateComponents:2395000:1458
1850580132:propagateValuesOnChangeOnly:2396500:2208
1850580132:updateInputs:2398792:166
1850580132:updateComponents:2399000:1375
1850580132:propagateValuesOnChangeOnly:2400458:2167
1850580132:updateInputs:2402708:167
1850580132:updateComponents:2402875:1417
1850580132:propagateValuesOnChangeOnly:2404333:2250
1850580132:updateInputs:2406667:125
1850580132:updateComponents:2406833:1375
1850580132:propagateValuesOnChangeOnly:2408292:2125
1850580132:updateInputs:2410500:125
1850580132:updateComponents:2410667:1416
1850580132:propagateValuesOnChangeOnly:2412125:2250
1850580132:updateInputs:2414458:125
1850580132:updateComponents:2414625:1417
1850580132:propagateValuesOnChangeOnly:2416083:2125
1850580132:updateInputs:2424083:167
1850580132:updateComponents:2424292:1416
1850580132:propagateValuesOnChangeOnly:2425792:2333
1850580132:updateInputs:2428208:125
1850580132:updateComponents:2428375:1500
1850580132:propagateValuesOnChangeOnly:2429917:2291
1850580132:updateInputs:2432292:166
1850580132:updateComponents:2432500:1375
1850580132:propagateValuesOnChangeOnly:2433917:2375
1850580132:updateInputs:2436375:167
1850580132:updateComponents:2436542:1416
1850580132:propagateValuesOnChangeOnly:2438000:2208
1850580132:updateInputs:2440292:125
1850580132:updateComponents:2440458:1417
1850580132:propagateValuesOnChangeOnly:2441917:2125
1850580132:updateInputs:2444125:167
1850580132:updateComponents:2444333:1375
1850580132:propagateValuesOnChangeOnly:2445750:2125
1850580132:updateInputs:2453750:125
1850580132:updateComponents:2453917:1416
1850580132:propagateValuesOnChangeOnly:2455375:2250
1850580132:updateInputs:2457708:167
1850580132:updateComponents:2457917:1458
1850580132:propagateValuesOnChangeOnly:2459417:2208
1850580132:updateInputs:2461708:167
1850580132:updateComponents:2461917:1375
1850580132:propagateValuesOnChangeOnly:2463333:2250
1850580132:updateInputs:2465667:125
1850580132:updateComponents:2465833:1375
1850580132:propagateValuesOnChangeOnly:2467292:2416
1850580132:updateInputs:2469792:166
1850580132:updateComponents:2469958:1417
1850580132:propagateValuesOnChangeOnly:2471458:2375
1850580132:updateInputs:2473917:125
1850580132:updateComponents:2474083:1375
1850580132:propagateValuesOnChangeOnly:2475500:2208
1850580132:updateInputs:2483583:125
1850580132:updateComponents:2483750:1375
1850580132:propagateValuesOnChangeOnly:2485208:2417
1850580132:updateInputs:2487708:167
1850580132:updateComponents:2487875:1500
1850580132:propagateValuesOnChangeOnly:2489417:2166
1850580132:updateInputs:2491667:166
1850580132:updateComponents:2491875:1417
1850580132:propagateValuesOnChangeOnly:2493333:2334
1850580132:updateInputs:2495708:167
1850580132:updateComponents:2495917:1375
1850580132:propagateValuesOnChangeOnly:2497333:2125
1850580132:updateInputs:2499542:166
1850580132:updateComponents:2499708:1417
1850580132:propagateValuesOnChangeOnly:2501167:2083
1850580132:updateInputs:2503333:125
1850580132:updateComponents:2503500:1458
1850580132:propagateValuesOnChangeOnly:2505042:2041
1850580132:updateInputs:2512917:166
1850580132:updateComponents:2513125:1500
1850580132:propagateValuesOnChangeOnly:2514667:2250
1850580132:updateInputs:2517000:167
1850580132:updateComponents:2517208:1417
1850580132:propagateValuesOnChangeOnly:2518708:2167
1850580132:updateInputs:2521000:125
1850580132:updateComponents:2521167:1416
1850580132:propagateValuesOnChangeOnly:2522625:2208
1850580132:updateInputs:2524917:125
1850580132:updateComponents:2525083:1417
1850580132:propagateValuesOnChangeOnly:2526542:2166
1850580132:updateInputs:2528792:125
1850580132:updateComponents:2528917:1416
1850580132:propagateValuesOnChangeOnly:2530375:2250
1850580132:updateInputs:2532708:125
1850580132:updateComponents:2532875:1458
1850580132:propagateValuesOnChangeOnly:2534375:2083
1850580132:updateInputs:2542333:167
1850580132:updateComponents:2542542:1458
1850580132:propagateValuesOnChangeOnly:2544042:2333
1850580132:updateInputs:2546458:167
1850580132:updateComponents:2546625:1500
1850580132:propagateValuesOnChangeOnly:2548167:2250
1850580132:updateInputs:2550500:125
1850580132:updateComponents:2550667:1500
1850580132:propagateValuesOnChangeOnly:2552208:2292
1850580132:updateInputs:2554583:167
1850580132:updateComponents:2554792:1458
1850580132:propagateValuesOnChangeOnly:2556292:2208
1850580132:updateInputs:2558583:125
1850580132:updateComponents:2558750:1417
1850580132:propagateValuesOnChangeOnly:2560208:2125
1850580132:updateInputs:2562417:166
1850580132:updateComponents:2562583:1417
1850580132:propagateValuesOnChangeOnly:2564042:2083
1850580132:updateInputs:2572042:166
1850580132:updateComponents:2572208:1500
1850580132:propagateValuesOnChangeOnly:2573750:2250
1850580132:updateInputs:2576083:167
1850580132:updateComponents:2576292:1500
1850580132:propagateValuesOnChangeOnly:2577833:2209
1850580132:updateInputs:2580125:167
1850580132:updateComponents:2580292:1416
1850580132:propagateValuesOnChangeOnly:2581750:2250
1850580132:updateInputs:2584083:125
1850580132:updateComponents:2584250:1417
1850580132:propagateValuesOnChangeOnly:2585708:2292
1850580132:updateInputs:2588083:125
1850580132:updateComponents:2589250:1417
1850580132:propagateValuesOnChangeOnly:2590708:2250
1850580132:updateInputs:2593042:166
1850580132:updateComponents:2593250:1417
1850580132:propagateValuesOnChangeOnly:2594708:2084
1850580132:updateInputs:2602750:167
1850580132:updateComponents:2602917:1458
1850580132:propagateValuesOnChangeOnly:2604417:2333
1850580132:updateInputs:2606833:167
1850580132:updateComponents:2607000:1458
1850580132:propagateValuesOnChangeOnly:2608500:2208
1850580132:updateInputs:2610792:166
1850580132:updateComponents:2611000:1375
1850580132:propagateValuesOnChangeOnly:2612458:2250
1850580132:updateInputs:2614792:166
1850580132:updateComponents:2615000:1375
1850580132:propagateValuesOnChangeOnly:2616417:2166
1850580132:updateInputs:2618667:166
1850580132:updateComponents:2618875:1375
1850580132:propagateValuesOnChangeOnly:2620333:2042
1850580132:updateInputs:2622458:167
1850580132:updateComponents:2622667:1458
1850580132:propagateValuesOnChangeOnly:2624167:2041
1850580132:updateInputs:2632125:125
1850580132:updateComponents:2632292:1500
1850580132:propagateValuesOnChangeOnly:2633833:2250
1850580132:updateInputs:2636167:166
1850580132:updateComponents:2636375:1375
1850580132:propagateValuesOnChangeOnly:2637792:2208
1850580132:updateInputs:2640125:125
1850580132:updateComponents:2640292:1375
1850580132:propagateValuesOnChangeOnly:2641750:2208
1850580132:updateInputs:2644042:125
1850580132:updateComponents:2644208:1417
1850580132:propagateValuesOnChangeOnly:2645667:2083
1850580132:updateInputs:2647833:167
1850580132:updateComponents:2648042:1416
1850580132:propagateValuesOnChangeOnly:2649500:2208
1850580132:updateInputs:2651792:166
1850580132:updateComponents:2652000:1375
1850580132:propagateValuesOnChangeOnly:2653417:2125
1850580132:updateInputs:2661375:167
1850580132:updateComponents:2661583:1417
1850580132:propagateValuesOnChangeOnly:2663083:2292
1850580132:updateInputs:2665458:167
1850580132:updateComponents:2665667:1416
1850580132:propagateValuesOnChangeOnly:2667125:2292
1850580132:updateInputs:2669500:167
1850580132:updateComponents:2669708:1417
1850580132:propagateValuesOnChangeOnly:2671167:2375
1850580132:updateInputs:2673625:167
1850580132:updateComponents:2673792:1416
1850580132:propagateValuesOnChangeOnly:2675250:2292
1850580132:updateInputs:2677625:125
1850580132:updateComponents:2677792:1541
1850580132:propagateValuesOnChangeOnly:2679417:2208
1850580132:updateInputs:2681708:167
1850580132:updateComponents:2681875:1458
1850580132:propagateValuesOnChangeOnly:2683417:2166
1850580132:updateInputs:2691458:167
1850580132:updateComponents:2691667:1500
1850580132:propagateValuesOnChangeOnly:2693208:2334
1850580132:updateInputs:2695625:167
1850580132:updateComponents:2695833:1417
1850580132:propagateValuesOnChangeOnly:2697333:2167
1850580132:updateInputs:2699583:167
1850580132:updateComponents:2699792:1375
1850580132:propagateValuesOnChangeOnly:2701250:2250
1850580132:updateInputs:2703583:167
1850580132:updateComponents:2703750:1417
1850580132:propagateValuesOnChangeOnly:2705208:2542
1850580132:updateInputs:2707833:125
1850580132:updateComponents:2708000:1333
1850580132:propagateValuesOnChangeOnly:2709375:2375
1850580132:updateInputs:2711875:167
1850580132:updateComponents:2712083:1459
1850580132:propagateValuesOnChangeOnly:2713583:2292
1850580132:updateInputs:2721750:167
1850580132:updateComponents:2721917:1416
1850580132:propagateValuesOnChangeOnly:2723417:2500
1850580132:updateInputs:2726000:125
1850580132:updateComponents:2726167:1375
1850580132:propagateValuesOnChangeOnly:2727583:2209
1850580132:updateInputs:2729917:125
1850580132:updateComponents:2730083:1459
1850580132:propagateValuesOnChangeOnly:2731583:2250
1850580132:updateInputs:2733917:166
1850580132:updateComponents:2734083:1417
1850580132:propagateValuesOnChangeOnly:2735542:2125
1850580132:updateInputs:2737750:167
1850580132:updateComponents:2737917:1458
1850580132:propagateValuesOnChangeOnly:2739417:2041
1850580132:updateInputs:2741542:166
1850580132:updateComponents:2741750:1375
1850580132:propagateValuesOnChangeOnly:2743167:2041
1850580132:updateInputs:2751125:167
1850580132:updateComponents:2751333:1417
1850580132:propagateValuesOnChangeOnly:2752833:2250
1850580132:updateInputs:2755167:125
1850580132:updateComponents:2755333:1375
1850580132:propagateValuesOnChangeOnly:2756792:2125
1850580132:updateInputs:2759042:125
1850580132:updateComponents:2759208:1459
1850580132:propagateValuesOnChangeOnly:2760708:2167
1850580132:updateInputs:2762958:167
1850580132:updateComponents:2763167:1500
1850580132:propagateValuesOnChangeOnly:2764708:2167
1850580132:updateInputs:2766958:167
1850580132:updateComponents:2767125:1458
1850580132:propagateValuesOnChangeOnly:2768667:2291
1850580132:updateInputs:2771000:167
1850580132:updateComponents:2771208:1375
1850580132:propagateValuesOnChangeOnly:2772625:2125
1850580132:updateInputs:2780625:167
1850580132:updateComponents:2780792:1416
1850580132:propagateValuesOnChangeOnly:2782292:2291
1850580132:updateInputs:2784667:166
1850580132:updateComponents:2784875:1375
1850580132:propagateValuesOnChangeOnly:2786292:2250
1850580132:updateInputs:2788625:125
1850580132:updateComponents:2788792:1416
1850580132:propagateValuesOnChangeOnly:2790250:2292
1850580132:updateInputs:2792625:167
1850580132:updateComponents:2792792:1416
1850580132:propagateValuesOnChangeOnly:2794250:2208
1850580132:updateInputs:2796542:125
1850580132:updateComponents:2796708:1375
1850580132:propagateValuesOnChangeOnly:2798125:2125
1850580132:updateInputs:2800333:167
1850580132:updateComponents:2800500:1417
1850580132:propagateValuesOnChangeOnly:2802000:2083
1850580132:updateInputs:2809958:167
1850580132:updateComponents:2810125:1500
1850580132:propagateValuesOnChangeOnly:2811667:2250
1850580132:updateInputs:2814000:167
1850580132:updateComponents:2814208:1459
1850580132:propagateValuesOnChangeOnly:2815708:2209
1850580132:updateInputs:2818000:167
1850580132:updateComponents:2818167:1416
1850580132:propagateValuesOnChangeOnly:2819625:2208
1850580132:updateInputs:2821917:125
1850580132:updateComponents:2822083:1459
1850580132:propagateValuesOnChangeOnly:2823583:2375
1850580132:updateInputs:2826042:166
1850580132:updateComponents:2826208:1417
1850580132:propagateValuesOnChangeOnly:2827667:2333
1850580132:updateInputs:2830083:167
1850580132:updateComponents:2830292:1416
1850580132:propagateValuesOnChangeOnly:2831750:2125
1850580132:updateInputs:2839708:167
1850580132:updateComponents:2839917:1458
1850580132:propagateValuesOnChangeOnly:2841417:2291
1850580132:updateInputs:2843792:166
1850580132:updateComponents:2843958:1500
1850580132:propagateValuesOnChangeOnly:2845500:2208
1850580132:updateInputs:2847792:166
1850580132:updateComponents:2847958:1417
1850580132:propagateValuesOnChangeOnly:2849417:2291
1850580132:updateInputs:2851792:166
1850580132:updateComponents:2852000:1375
1850580132:propagateValuesOnChangeOnly:2853458:2125
1850580132:updateInputs:2855667:125
1850580132:updateComponents:2855833:1459
1850580132:propagateValuesOnChangeOnly:2857375:2042
1850580132:updateInputs:2859500:167
1850580132:updateComponents:2859708:1459
1850580132:propagateValuesOnChangeOnly:2861167:2041
1850580132:updateInputs:2869083:167
1850580132:updateComponents:2869292:1416
1850580132:propagateValuesOnChangeOnly:2870750:2250
1850580132:updateInputs:2873083:167
1850580132:updateComponents:2873292:1375
1850580132:propagateValuesOnChangeOnly:2874750:2167
1850580132:updateInputs:2877000:167
1850580132:updateComponents:2877208:1375
1850580132:propagateValuesOnChangeOnly:2878667:2208
1850580132:updateInputs:2880958:125
1850580132:updateComponents:2881125:1417
1850580132:propagateValuesOnChangeOnly:2882583:2167
1850580132:updateInputs:2884833:125
1850580132:updateComponents:2885000:1417
1850580132:propagateValuesOnChangeOnly:2886458:2209
1850580132:updateInputs:2888750:125
1850580132:updateComponents:2888917:1375
1850580132:propagateValuesOnChangeOnly:2890375:2125
1850580132:updateInputs:2898375:167
1850580132:updateComponents:2898583:1375
1850580132:propagateValuesOnChangeOnly:2900042:2375
1850580132:updateInputs:2902500:125
1850580132:updateComponents:2902667:1375
1850580132:propagateValuesOnChangeOnly:2904125:2250
1850580132:updateInputs:2906458:167
1850580132:updateComponents:2906625:1458
1850580132:propagateValuesOnChangeOnly:2908125:2375
1850580132:updateInputs:2910583:167
1850580132:updateComponents:2910750:1458
1850580132:propagateValuesOnChangeOnly:2912292:2166
1850580132:updateInputs:2914583:125
1850580132:updateComponents:2914750:1458
1850580132:propagateValuesOnChangeOnly:2916250:2167
1850580132:updateInputs:2918500:167
1850580132:updateComponents:2918708:1417
1850580132:propagateValuesOnChangeOnly:2920208:2084
1850580132:updateInputs:2928208:167
1850580132:updateComponents:2928375:1458
1850580132:propagateValuesOnChangeOnly:2929875:2292
1850580132:updateInputs:2932250:125
1850580132:updateComponents:2932417:1375
1850580132:propagateValuesOnChangeOnly:2933875:2167
1850580132:updateInputs:2936125:167
1850580132:updateComponents:2936333:1375
1850580132:propagateValuesOnChangeOnly:2937750:2208
1850580132:updateInputs:2940042:166
1850580132:updateComponents:2940208:1375
1850580132:propagateValuesOnChangeOnly:2941667:2458
1850580132:updateInputs:2944208:125
1850580132:updateComponents:2944375:1417
1850580132:propagateValuesOnChangeOnly:2945833:2459
1850580132:updateInputs:2948375:167
1850580132:updateComponents:2948542:1416
1850580132:propagateValuesOnChangeOnly:2950000:2208
1850580132:updateInputs:2958125:167
1850580132:updateComponents:2958333:1459
1850580132:propagateValuesOnChangeOnly:2959833:2375
1850580132:updateInputs:2962292:166
1850580132:updateComponents:2962458:1417
1850580132:propagateValuesOnChangeOnly:2963917:2208
1850580132:updateInputs:2966208:125
1850580132:updateComponents:2966375:1417
1850580132:propagateValuesOnChangeOnly:2967833:2292
1850580132:updateInputs:2970208:167
1850580132:updateComponents:2970375:1417
1850580132:propagateValuesOnChangeOnly:2971833:2167
1850580132:updateInputs:2974083:125
1850580132:updateComponents:2974250:1417
1850580132:propagateValuesOnChangeOnly:2975708:2084
1850580132:updateInputs:2977875:167
1850580132:updateComponents:2978042:1458
1850580132:propagateValuesOnChangeOnly:2979583:2042
1850580132:updateInputs:2987917:125
1850580132:updateComponents:2988083:1500
1850580132:propagateValuesOnChangeOnly:2989625:2250
1850580132:updateInputs:2991958:167
1850580132:updateComponents:2992125:1417
1850580132:propagateValuesOnChangeOnly:2993583:2209
1850580132:updateInputs:2997000:167
1850580132:updateComponents:2997208:1375
1850580132:propagateValuesOnChangeOnly:2998625:2250
1850580132:updateInputs:3001000:125
1850580132:updateComponents:3001167:1375
1850580132:propagateValuesOnChangeOnly:3002625:2125
1850580132:updateInputs:3004833:167
1850580132:updateComponents:3005000:1417
1850580132:propagateValuesOnChangeOnly:3006458:2250
1850580132:updateInputs:3008792:166
1850580132:updateComponents:3009000:1417
1850580132:propagateValuesOnChangeOnly:3010458:2084
1850580132:updateInputs:3018542:125
1850580132:updateComponents:3018708:1500
1850580132:propagateValuesOnChangeOnly:3020250:2292
1850580132:updateInputs:3022625:167
1850580132:updateComponents:3022833:1375
1850580132:propagateValuesOnChangeOnly:3024250:2250
1850580132:updateInputs:3026583:167
1850580132:updateComponents:3026792:1375
1850580132:propagateValuesOnChangeOnly:3028250:2250
1850580132:updateInputs:3030583:125
1850580132:updateComponents:3030750:1375
1850580132:propagateValuesOnChangeOnly:3032208:2167
1850580132:updateInputs:3034458:125
1850580132:updateComponents:3034625:1417
1850580132:propagateValuesOnChangeOnly:3036083:2125
1850580132:updateInputs:3038292:166
1850580132:updateComponents:3038500:1375
1850580132:propagateValuesOnChangeOnly:3039917:2125
1850580132:updateInputs:3047875:167
1850580132:updateComponents:3048042:1500
1850580132:propagateValuesOnChangeOnly:3049583:2250
1850580132:updateInputs:3051917:166
1850580132:updateComponents:3052083:1417
1850580132:propagateValuesOnChangeOnly:3053542:2208
1850580132:updateInputs:3055833:167
1850580132:updateComponents:3056000:1417
1850580132:propagateValuesOnChangeOnly:3057458:2250
1850580132:updateInputs:3059792:166
1850580132:updateComponents:3060000:1458
1850580132:propagateValuesOnChangeOnly:3061500:2333
1850580132:updateInputs:3063917:166
1850580132:updateComponents:3064083:1417
1850580132:propagateValuesOnChangeOnly:3065542:2333
1850580132:updateInputs:3067958:125
1850580132:updateComponents:3068125:1375
1850580132:propagateValuesOnChangeOnly:3069583:2125
1850580132:updateInputs:3077583:167
1850580132:updateComponents:3077750:1458
1850580132:propagateValuesOnChangeOnly:3079292:2291
1850580132:updateInputs:3081667:166
1850580132:updateComponents:3081875:1375
1850580132:propagateValuesOnChangeOnly:3083292:2208
1850580132:updateInputs:3085583:167
1850580132:updateComponents:3085750:1417
1850580132:propagateValuesOnChangeOnly:3087208:2292
1850580132:updateInputs:3089583:167
1850580132:updateComponents:3089750:1458
1850580132:propagateValuesOnChangeOnly:3091250:2083
1850580132:updateInputs:3093417:166
1850580132:updateComponents:3093625:1375
1850580132:propagateValuesOnChangeOnly:3095042:2083
1850580132:updateInputs:3097208:167
1850580132:updateComponents:3097417:1375
1850580132:propagateValuesOnChangeOnly:3098833:2042
1850580132:updateInputs:3106792:166
1850580132:updateComponents:3107000:1458
1850580132:propagateValuesOnChangeOnly:3108500:2250
1850580132:updateInputs:3110875:125
1850580132:updateComponents:3111042:1416
1850580132:propagateValuesOnChangeOnly:3112500:2208
1850580132:updateInputs:3114792:125
1850580132:updateComponents:3114958:1417
1850580132:propagateValuesOnChangeOnly:3116417:2208
1850580132:updateInputs:3118750:125
1850580132:updateComponents:3118917:1458
1850580132:propagateValuesOnChangeOnly:3120458:2125
1850580132:updateInputs:3122667:166
1850580132:updateComponents:3122833:1417
1850580132:propagateValuesOnChangeOnly:3124292:2208
1850580132:updateInputs:3126583:167
1850580132:updateComponents:3126792:1458
1850580132:propagateValuesOnChangeOnly:3128292:2125
1850580132:updateInputs:3136292:166
1850580132:updateComponents:3136458:1417
1850580132:propagateValuesOnChangeOnly:3137917:2375
1850580132:updateInputs:3140375:125
1850580132:updateComponents:3140542:1416
1850580132:propagateValuesOnChangeOnly:3142000:2333
1850580132:updateInputs:3144417:125
1850580132:updateComponents:3144583:1459
1850580132:propagateValuesOnChangeOnly:3146083:2417
1850580132:updateInputs:3148583:167
1850580132:updateComponents:3148750:1417
1850580132:propagateValuesOnChangeOnly:3150208:2292
1850580132:updateInputs:3153542:166
1850580132:updateComponents:3153750:1375
1850580132:propagateValuesOnChangeOnly:3155208:2167
1850580132:updateInputs:3157458:125
1850580132:updateComponents:3157625:1417
1850580132:propagateValuesOnChangeOnly:3159083:2167
1850580132:updateInputs:3167292:125
1850580132:updateComponents:3167458:1500
1850580132:propagateValuesOnChangeOnly:3169000:2292
1850580132:updateInputs:3171375:167
1850580132:updateComponents:3171583:1417
1850580132:propagateValuesOnChangeOnly:3173042:2208
1850580132:updateInputs:3175333:167
1850580132:updateComponents:3175500:1417
1850580132:propagateValuesOnChangeOnly:3176958:2250
1850580132:updateInputs:3179292:125
1850580132:updateComponents:3179417:1416
1850580132:propagateValuesOnChangeOnly:3180875:2792
1850580132:updateInputs:3183750:167
1850580132:updateComponents:3183958:1500
1850580132:propagateValuesOnChangeOnly:3185500:2500
1850580132:updateInputs:3188083:167
1850580132:updateComponents:3188292:1416
1850580132:propagateValuesOnChangeOnly:3189792:2333
1850580132:updateInputs:3198167:166
1850580132:updateComponents:3198375:1458
1850580132:propagateValuesOnChangeOnly:3199917:2541
1850580132:updateInputs:3202542:166
1850580132:updateComponents:3202708:1459
1850580132:propagateValuesOnChangeOnly:3204208:2292
1850580132:updateInputs:3206583:167
1850580132:updateComponents:3206792:1416
1850580132:propagateValuesOnChangeOnly:3208292:2333
1850580132:updateInputs:3210708:167
1850580132:updateComponents:3210917:1458
1850580132:propagateValuesOnChangeOnly:3212417:2208
1850580132:updateInputs:3214708:125
1850580132:updateComponents:3214875:1458
1850580132:propagateValuesOnChangeOnly:3216375:2167
1850580132:updateInputs:3218625:167
1850580132:updateComponents:3218833:1417
1850580132:propagateValuesOnChangeOnly:3220292:2166
1850580132:updateInputs:3228583:167
1850580132:updateComponents:3228750:1542
1850580132:propagateValuesOnChangeOnly:3230375:2333
1850580132:updateInputs:3232833:167
1850580132:updateComponents:3233000:1583
1850580132:propagateValuesOnChangeOnly:3234625:2292
1850580132:updateInputs:3237000:167
1850580132:updateComponents:3237167:1541
1850580132:propagateValuesOnChangeOnly:3238750:2292
1850580132:updateInputs:3241125:167
1850580132:updateComponents:3241333:1459
1850580132:propagateValuesOnChangeOnly:3242833:2209
1850580132:updateInputs:3245167:125
1850580132:updateComponents:3245333:1542
1850580132:propagateValuesOnChangeOnly:3246917:2333
1850580132:updateInputs:3249333:167
1850580132:updateComponents:3249542:1458
1850580132:propagateValuesOnChangeOnly:3251042:2166
1850580132:updateInputs:3259500:167
1850580132:updateComponents:3259708:1417
1850580132:propagateValuesOnChangeOnly:3261167:2333
1850580132:updateInputs:3263583:167
1850580132:updateComponents:3263750:1417
1850580132:propagateValuesOnChangeOnly:3265208:2250
1850580132:updateInputs:3267542:125
1850580132:updateComponents:3267708:1417
1850580132:propagateValuesOnChangeOnly:3269167:2250
1850580132:updateInputs:3271500:167
1850580132:updateComponents:3271667:1416
1850580132:propagateValuesOnChangeOnly:3273125:2208
1850580132:updateInputs:3275417:166
1850580132:updateComponents:3275583:1417
1850580132:propagateValuesOnChangeOnly:3277083:2125
1850580132:updateInputs:3279292:166
1850580132:updateComponents:3279458:1417
1850580132:propagateValuesOnChangeOnly:3280917:2083
1850580132:updateInputs:3288875:167
1850580132:updateComponents:3289042:1500
1850580132:propagateValuesOnChangeOnly:3290625:2208
1850580132:updateInputs:3292917:166
1850580132:updateComponents:3293083:1417
1850580132:propagateValuesOnChangeOnly:3294542:2208
1850580132:updateInputs:3296833:125
1850580132:updateComponents:3297000:1375
1850580132:propagateValuesOnChangeOnly:3298458:2209
1850580132:updateInputs:3300750:167
1850580132:updateComponents:3300917:1375
1850580132:propagateValuesOnChangeOnly:3302375:2292
1850580132:updateInputs:3304750:167
1850580132:updateComponents:3304917:1416
1850580132:propagateValuesOnChangeOnly:3306375:2292
1850580132:Run loop:328250:2980500
1850580132:main:458:3341334
