Title: Full adder test
3675163211:updateInputs:41916:125
3675163211:updateComponents:50750:500
3675163211:Init circuit:27416:28000
3675163211:updateInputs:55583:83
3675163211:updateComponents:55708:250
3675163211:propagateValuesOnChangeOnly:56125:333
3675163211:updateInputs:58125:83
3675163211:updateComponents:58250:125
3675163211:propagateValuesOnChangeOnly:58416:375
3675163211:updateInputs:60458:83
3675163211:updateComponents:60541:167
3675163211:propagateValuesOnChangeOnly:60750:208
3675163211:updateInputs:62750:83
3675163211:updateComponents:62875:125
3675163211:propagateValuesOnChangeOnly:63041:209
3675163211:updateInputs:64833:83
3675163211:updateComponents:64916:209
3675163211:propagateValuesOnChangeOnly:65291:250
3675163211:updateInputs:67083:42
3675163211:updateComponents:67166:125
3675163211:propagateValuesOnChangeOnly:67333:208
3675163211:updateInputs:69083:83
3675163211:updateComponents:69166:167
3675163211:propagateValuesOnChangeOnly:69333:250
3675163211:updateInputs:71083:83
3675163211:updateComponents:71166:167
3675163211:propagateValuesOnChangeOnly:71333:250
3675163211:updateInputs:73291:84
3675163211:updateComponents:73416:125
3675163211:propagateValuesOnChangeOnly:73583:208
3675163211:updateInputs:75291:125
3675163211:updateComponents:75416:167
3675163211:propagateValuesOnChangeOnly:75625:250
3675163211:updateInputs:77666:84
3675163211:updateComponents:77791:125
3675163211:propagateValuesOnChangeOnly:77958:250
3675163211:updateInputs:79750:83
3675163211:updateComponents:79875:166
3675163211:propagateValuesOnChangeOnly:80041:209
3675163211:updateInputs:81833:83
3675163211:updateComponents:81916:167
3675163211:propagateValuesOnChangeOnly:82125:208
3675163211:updateInputs:83875:41
3675163211:updateComponents:83958:167
3675163211:propagateValuesOnChangeOnly:84125:250
3675163211:updateInputs:85958:42
3675163211:updateComponents:86041:167
3675163211:propagateValuesOnChangeOnly:86250:208
3675163211:updateInputs:88041:84
3675163211:updateComponents:88125:166
3675163211:propagateValuesOnChangeOnly:88291:250
3675163211:updateInputs:90083:42
3675163211:updateComponents:90166:125
3675163211:propagateValuesOnChangeOnly:90333:208
3675163211:updateInputs:92125:83
3675163211:updateComponents:92208:167
3675163211:propagateValuesOnChangeOnly:92375:250
3675163211:updateInputs:94166:84
3675163211:updateComponents:94250:166
3675163211:propagateValuesOnChangeOnly:94416:209
3675163211:updateInputs:96375:125
3675163211:updateComponents:96500:166
3675163211:propagateValuesOnChangeOnly:96666:209
3675163211:updateInputs:98458:83
3675163211:updateComponents:98541:167
3675163211:propagateValuesOnChangeOnly:98958:250
3675163211:updateInputs:100750:83
3675163211:updateComponents:100875:125
3675163211:propagateValuesOnChangeOnly:101041:209
3675163211:updateInputs:102833:83
3675163211:updateComponents:102916:167
3675163211:propagateValuesOnChangeOnly:103125:208
3675163211:updateInputs:104875:83
3675163211:updateComponents:104958:167
3675163211:propagateValuesOnChangeOnly:105125:208
3675163211:updateInputs:106875:83
3675163211:updateComponents:106958:167
3675163211:propagateValuesOnChangeOnly:107166:209
3675163211:updateInputs:108916:42
3675163211:updateComponents:109000:125
3675163211:propagateValuesOnChangeOnly:109166:167
3675163211:updateInputs:110875:83
3675163211:updateComponents:111000:166
3675163211:propagateValuesOnChangeOnly:111208:208
3675163211:updateInputs:112958:83
3675163211:updateComponents:113041:167
3675163211:propagateValuesOnChangeOnly:113208:250
3675163211:updateInputs:114958:83
3675163211:updateComponents:115083:167
3675163211:propagateValuesOnChangeOnly:115250:208
3675163211:updateInputs:117000:83
3675163211:updateComponents:117083:208
3675163211:propagateValuesOnChangeOnly:117291:209
3675163211:updateInputs:119041:42
3675163211:updateComponents:119125:166
3675163211:propagateValuesOnChangeOnly:119291:292
3675163211:updateInputs:121125:83
3675163211:updateComponents:121208:167
3675163211:propagateValuesOnChangeOnly:121416:250
3675163211:updateInputs:123208:83
3675163211:updateComponents:123333:167
3675163211:propagateValuesOnChangeOnly:123500:208
3675163211:updateInputs:125291:42
3675163211:updateComponents:125375:166
3675163211:propagateValuesOnChangeOnly:125541:250
3675163211:updateInputs:127291:84
3675163211:updateComponents:127416:167
3675163211:propagateValuesOnChangeOnly:127583:208
3675163211:updateInputs:129333:83
3675163211:updateComponents:129458:167
3675163211:propagateValuesOnChangeOnly:129666:209
3675163211:updateInputs:131416:42
3675163211:updateComponents:131500:166
3675163211:propagateValuesOnChangeOnly:131666:250
3675163211:updateInputs:133416:84
3675163211:updateComponents:133500:166
3675163211:propagateValuesOnChangeOnly:133708:208
3675163211:updateInputs:135416:84
3675163211:updateComponents:135541:167
3675163211:propagateValuesOnChangeOnly:135708:250
3675163211:updateInputs:137458:125
3675163211:updateComponents:137625:166
3675163211:propagateValuesOnChangeOnly:137791:209
3675163211:updateInputs:139750:125
3675163211:updateComponents:139916:167
3675163211:propagateValuesOnChangeOnly:140083:292
3675163211:updateInputs:141916:42
3675163211:updateComponents:142000:166
3675163211:propagateValuesOnChangeOnly:142166:250
3675163211:updateInputs:156958:83
3675163211:updateComponents:157041:167
3675163211:propagateValuesOnChangeOnly:157250:208
3675163211:updateInputs:159000:83
3675163211:updateComponents:159125:125
3675163211:propagateValuesOnChangeOnly:159291:209
3675163211:updateInputs:161041:84
3675163211:updateComponents:161166:125
3675163211:propagateValuesOnChangeOnly:161333:208
3675163211:updateInputs:163083:83
3675163211:updateComponents:163208:125
3675163211:propagateValuesOnChangeOnly:163375:208
3675163211:updateInputs:165125:83
3675163211:updateComponents:165208:167
3675163211:propagateValuesOnChangeOnly:165416:209
3675163211:updateInputs:167166:84
3675163211:updateComponents:167291:125
3675163211:propagateValuesOnChangeOnly:167458:208
3675163211:updateInputs:169208:42
3675163211:updateComponents:169291:167
3675163211:propagateValuesOnChangeOnly:169500:208
3675163211:updateInputs:171208:83
3675163211:updateComponents:171333:125
3675163211:propagateValuesOnChangeOnly:171500:208
3675163211:updateInputs:173250:41
3675163211:updateComponents:173333:167
3675163211:propagateValuesOnChangeOnly:173541:209
3675163211:updateInputs:175333:42
3675163211:updateComponents:175416:125
3675163211:propagateValuesOnChangeOnly:175583:250
3675163211:updateInputs:177375:83
3675163211:updateComponents:177500:166
3675163211:propagateValuesOnChangeOnly:177666:250
3675163211:updateInputs:179458:83
3675163211:updateComponents:179583:125
3675163211:propagateValuesOnChangeOnly:179750:208
3675163211:updateInputs:181541:42
3675163211:updateComponents:181625:166
3675163211:propagateValuesOnChangeOnly:181833:208
3675163211:updateInputs:183666:84
3675163211:updateComponents:183750:125
3675163211:propagateValuesOnChangeOnly:183916:250
3675163211:updateInputs:185708:83
3675163211:updateComponents:185791:167
3675163211:propagateValuesOnChangeOnly:186000:208
3675163211:updateInputs:187750:41
3675163211:updateComponents:187833:167
3675163211:propagateValuesOnChangeOnly:188000:250
3675163211:updateInputs:189875:41
3675163211:updateComponents:189958:125
3675163211:propagateValuesOnChangeOnly:190125:208
3675163211:updateInputs:191875:83
3675163211:updateComponents:192000:166
3675163211:propagateValuesOnChangeOnly:192208:208
3675163211:updateInputs:193958:83
3675163211:updateComponents:194041:167
3675163211:propagateValuesOnChangeOnly:194250:333
3675163211:updateInputs:196125:83
3675163211:updateComponents:196208:167
3675163211:propagateValuesOnChangeOnly:196375:250
3675163211:updateInputs:198166:84
3675163211:updateComponents:198250:166
3675163211:propagateValuesOnChangeOnly:198416:250
3675163211:updateInputs:200208:42
3675163211:updateComponents:200375:166
3675163211:propagateValuesOnChangeOnly:200541:250
3675163211:updateInputs:202375:83
3675163211:updateComponents:202458:167
3675163211:propagateValuesOnChangeOnly:202666:209
3675163211:updateInputs:204416:84
3675163211:updateComponents:204500:166
3675163211:propagateValuesOnChangeOnly:204708:208
3675163211:updateInputs:206500:41
3675163211:updateComponents:206583:167
3675163211:propagateValuesOnChangeOnly:206750:250
3675163211:updateInputs:208541:84
3675163211:updateComponents:208666:125
3675163211:propagateValuesOnChangeOnly:208833:208
3675163211:updateInputs:210583:42
3675163211:updateComponents:210666:167
3675163211:propagateValuesOnChangeOnly:210833:208
3675163211:updateInputs:212583:167
3675163211:updateComponents:212791:125
3675163211:propagateValuesOnChangeOnly:212958:208
3675163211:updateInputs:214708:83
3675163211:updateComponents:214791:167
3675163211:propagateValuesOnChangeOnly:215000:208
3675163211:updateInputs:216750:83
3675163211:updateComponents:216833:167
3675163211:propagateValuesOnChangeOnly:217041:209
3675163211:updateInputs:218750:83
3675163211:updateComponents:218833:167
3675163211:propagateValuesOnChangeOnly:219041:209
3675163211:updateInputs:220791:42
3675163211:updateComponents:220875:125
3675163211:propagateValuesOnChangeOnly:221041:209
3675163211:updateInputs:222750:83
3675163211:updateComponents:222875:125
3675163211:propagateValuesOnChangeOnly:223041:209
3675163211:updateInputs:224750:83
3675163211:updateComponents:224875:125
3675163211:propagateValuesOnChangeOnly:225041:209
3675163211:updateInputs:226750:83
3675163211:updateComponents:226875:125
3675163211:propagateValuesOnChangeOnly:227041:209
3675163211:updateInputs:228750:83
3675163211:updateComponents:228833:167
3675163211:propagateValuesOnChangeOnly:229041:209
3675163211:updateInputs:230750:83
3675163211:updateComponents:230875:166
3675163211:propagateValuesOnChangeOnly:231083:208
3675163211:updateInputs:232791:84
3675163211:updateComponents:232916:167
3675163211:propagateValuesOnChangeOnly:233083:208
3675163211:updateInputs:234875:83
3675163211:updateComponents:234958:167
3675163211:propagateValuesOnChangeOnly:235166:250
3675163211:updateInputs:236958:83
3675163211:updateComponents:237041:167
3675163211:propagateValuesOnChangeOnly:237208:292
3675163211:updateInputs:239000:83
3675163211:updateComponents:239125:125
3675163211:propagateValuesOnChangeOnly:239291:209
3675163211:updateInputs:241291:42
3675163211:updateComponents:241375:166
3675163211:propagateValuesOnChangeOnly:241583:208
3675163211:updateInputs:243291:84
3675163211:updateComponents:243416:125
3675163211:propagateValuesOnChangeOnly:245416:209
3675163211:updateInputs:247208:42
3675163211:updateComponents:247291:167
3675163211:propagateValuesOnChangeOnly:247458:250
3675163211:updateInputs:249250:83
3675163211:updateComponents:249333:167
3675163211:propagateValuesOnChangeOnly:249500:208
3675163211:updateInputs:251250:83
3675163211:updateComponents:251333:167
3675163211:propagateValuesOnChangeOnly:251541:209
3675163211:updateInputs:253291:42
3675163211:updateComponents:253375:166
3675163211:propagateValuesOnChangeOnly:253583:208
3675163211:Run loop:55583:199750
3675163211:main:333:259042
