Title: Memory programmer test
1135497077:updateInputs:2805417:375
1135497077:updateComponents:2812792:34333
1135497077:Init circuit:1173708:1800250
1135497077:updateInputs:2974125:375
1135497077:updateComponents:2974542:33125
1135497077:propagateValuesOnChangeOnly:3007875:42083
1135497077:updateInputs:3050125:292
1135497077:updateComponents:3050458:33125
1135497077:propagateValuesOnChangeOnly:3083667:41666
1135497077:updateInputs:3125542:333
1135497077:updateComponents:3125875:33083
1135497077:propagateValuesOnChangeOnly:3159042:41500
1135497077:updateInputs:3200667:333
1135497077:updateComponents:3201000:33167
1135497077:propagateValuesOnChangeOnly:3234208:41959
1135497077:updateInputs:3276250:333
1135497077:updateComponents:3276583:33042
1135497077:propagateValuesOnChangeOnly:3309875:41958
1135497077:updateInputs:3351917:333
1135497077:updateComponents:3352250:33083
1135497077:propagateValuesOnChangeOnly:3385375:41958
1135497077:updateInputs:3427417:291
1135497077:updateComponents:3427750:33083
1135497077:propagateValuesOnChangeOnly:3460875:41917
1135497077:updateInputs:3502875:292
1135497077:updateComponents:3503208:33000
1135497077:propagateValuesOnChangeOnly:3536250:41875
1135497077:updateInputs:3578208:292
1135497077:updateComponents:3578542:33041
1135497077:propagateValuesOnChangeOnly:3611625:41917
1135497077:updateInputs:3653625:333
1135497077:updateComponents:3654000:33083
1135497077:propagateValuesOnChangeOnly:3687125:41917
1135497077:updateInputs:3729333:334
1135497077:updateComponents:3729708:33000
1135497077:propagateValuesOnChangeOnly:3762750:41958
1135497077:updateInputs:3804750:375
1135497077:updateComponents:3805125:33083
1135497077:propagateValuesOnChangeOnly:3838250:41875
1135497077:updateInputs:3880208:292
1135497077:updateComponents:3880542:33166
1135497077:propagateValuesOnChangeOnly:3913792:41875
1135497077:updateInputs:3955750:333
1135497077:updateComponents:3956083:33084
1135497077:propagateValuesOnChangeOnly:3989208:41834
1135497077:updateInputs:4031125:333
1135497077:updateComponents:4031458:33250
1135497077:propagateValuesOnChangeOnly:4064750:41833
1135497077:updateInputs:4169583:334
1135497077:updateComponents:4169958:33042
1135497077:propagateValuesOnChangeOnly:4203042:43291
1135497077:updateInputs:4246458:292
1135497077:updateComponents:4246792:33125
1135497077:propagateValuesOnChangeOnly:4279958:41959
1135497077:updateInputs:4322042:291
1135497077:updateComponents:4322375:33167
1135497077:propagateValuesOnChangeOnly:4355583:39750
1135497077:updateInputs:4395417:291
1135497077:updateComponents:4395750:33042
1135497077:propagateValuesOnChangeOnly:4428875:41417
1135497077:updateInputs:4470375:292
1135497077:updateComponents:4470708:33084
1135497077:propagateValuesOnChangeOnly:4503833:43667
1135497077:updateInputs:4547583:292
1135497077:updateComponents:4547917:33083
1135497077:propagateValuesOnChangeOnly:4581333:41917
1135497077:updateInputs:4623375:292
1135497077:updateComponents:4623708:33084
1135497077:propagateValuesOnChangeOnly:4656833:41959
1135497077:updateInputs:4698875:292
1135497077:updateComponents:4699208:33084
1135497077:propagateValuesOnChangeOnly:4732333:42000
1135497077:updateInputs:4774375:292
1135497077:updateComponents:4774708:33167
1135497077:propagateValuesOnChangeOnly:4807917:41916
1135497077:updateInputs:4849917:291
1135497077:updateComponents:4850208:33125
1135497077:propagateValuesOnChangeOnly:4883417:41833
1135497077:updateInputs:4925375:292
1135497077:updateComponents:4925708:33084
1135497077:propagateValuesOnChangeOnly:4958875:41792
1135497077:updateInputs:5000750:333
1135497077:updateComponents:5001125:33333
1135497077:propagateValuesOnChangeOnly:5034500:41750
1135497077:updateInputs:5076333:292
1135497077:updateComponents:5076667:33208
1135497077:propagateValuesOnChangeOnly:5109917:41750
1135497077:updateInputs:5151750:292
1135497077:updateComponents:5152083:33167
1135497077:propagateValuesOnChangeOnly:5185292:41916
1135497077:updateInputs:5227333:375
1135497077:updateComponents:5227708:33125
1135497077:propagateValuesOnChangeOnly:5260875:41833
1135497077:updateInputs:5365333:334
1135497077:updateComponents:5365667:33041
1135497077:propagateValuesOnChangeOnly:5398750:44042
1135497077:updateInputs:5442875:292
1135497077:updateComponents:5443208:33167
1135497077:propagateValuesOnChangeOnly:5476417:43125
1135497077:updateInputs:5519625:292
1135497077:updateComponents:5519958:33084
1135497077:propagateValuesOnChangeOnly:5553083:45792
1135497077:updateInputs:5599000:292
1135497077:updateComponents:5599292:33125
1135497077:propagateValuesOnChangeOnly:5632458:42625
1135497077:updateInputs:5675167:291
1135497077:updateComponents:5675500:33250
1135497077:propagateValuesOnChangeOnly:5708792:45208
1135497077:updateInputs:5754083:292
1135497077:updateComponents:5754417:33083
1135497077:propagateValuesOnChangeOnly:5787542:42333
1135497077:updateInputs:5829958:292
1135497077:updateComponents:5830292:33041
1135497077:propagateValuesOnChangeOnly:5863375:41917
1135497077:updateInputs:5905375:292
1135497077:updateComponents:5905708:33125
1135497077:propagateValuesOnChangeOnly:5938875:42000
1135497077:updateInputs:5981000:292
1135497077:updateComponents:5981292:33208
1135497077:propagateValuesOnChangeOnly:6014542:41875
1135497077:updateInputs:6056500:292
1135497077:updateComponents:6056833:33209
1135497077:propagateValuesOnChangeOnly:6090083:41750
1135497077:updateInputs:6131917:291
1135497077:updateComponents:6132250:33083
1135497077:propagateValuesOnChangeOnly:6165375:41792
1135497077:updateInputs:6207292:291
1135497077:updateComponents:6207625:33250
1135497077:propagateValuesOnChangeOnly:6240917:41708
1135497077:updateInputs:6283125:292
1135497077:updateComponents:6283458:33167
1135497077:propagateValuesOnChangeOnly:6316667:41916
1135497077:updateInputs:6358667:291
1135497077:updateComponents:6359000:33083
1135497077:propagateValuesOnChangeOnly:6392125:41958
1135497077:updateInputs:6434167:250
1135497077:updateComponents:6434458:33167
1135497077:propagateValuesOnChangeOnly:6467667:41708
1135497077:updateInputs:6572208:292
1135497077:updateComponents:6572542:33041
1135497077:propagateValuesOnChangeOnly:6605667:43583
1135497077:updateInputs:6649333:292
1135497077:updateComponents:6649625:33125
1135497077:propagateValuesOnChangeOnly:6682792:42458
1135497077:updateInputs:6725333:292
1135497077:updateComponents:6725667:35833
1135497077:propagateValuesOnChangeOnly:6761542:39833
1135497077:updateInputs:6801458:292
1135497077:updateComponents:6801792:33125
1135497077:propagateValuesOnChangeOnly:6834958:41875
1135497077:updateInputs:6876917:333
1135497077:updateComponents:6877292:33333
1135497077:propagateValuesOnChangeOnly:6910667:44208
1135497077:updateInputs:6954958:292
1135497077:updateComponents:6955292:33083
1135497077:propagateValuesOnChangeOnly:6988417:41916
1135497077:updateInputs:7030417:291
1135497077:updateComponents:7030750:33042
1135497077:propagateValuesOnChangeOnly:7063833:41875
1135497077:updateInputs:7105792:333
1135497077:updateComponents:7106167:33291
1135497077:propagateValuesOnChangeOnly:7139500:41833
1135497077:updateInputs:7181417:291
1135497077:updateComponents:7181750:33208
1135497077:propagateValuesOnChangeOnly:7215000:41708
1135497077:updateInputs:7256833:292
1135497077:updateComponents:7257167:33083
1135497077:propagateValuesOnChangeOnly:7290292:41916
1135497077:updateInputs:7332292:291
1135497077:updateComponents:7332625:33042
1135497077:propagateValuesOnChangeOnly:7365708:41959
1135497077:updateInputs:7407792:250
1135497077:updateComponents:7408083:33084
1135497077:propagateValuesOnChangeOnly:7441208:41834
1135497077:updateInputs:7483125:333
1135497077:updateComponents:7483500:32958
1135497077:propagateValuesOnChangeOnly:7516542:41875
1135497077:updateInputs:7558500:333
1135497077:updateComponents:7558833:33167
1135497077:propagateValuesOnChangeOnly:7592042:41916
1135497077:updateInputs:7634042:375
1135497077:updateComponents:7634417:33125
1135497077:propagateValuesOnChangeOnly:7667583:41917
1135497077:updateInputs:7772042:333
1135497077:updateComponents:7772417:33041
1135497077:propagateValuesOnChangeOnly:7805542:44916
1135497077:updateInputs:7850542:333
1135497077:updateComponents:7850917:33000
1135497077:propagateValuesOnChangeOnly:7884000:42833
1135497077:updateInputs:7926917:333
1135497077:updateComponents:7927292:33000
1135497077:propagateValuesOnChangeOnly:7960333:45917
1135497077:updateInputs:8006333:292
1135497077:updateComponents:8006625:33083
1135497077:propagateValuesOnChangeOnly:8039750:42542
1135497077:updateInputs:8082375:292
1135497077:updateComponents:8082708:32959
1135497077:propagateValuesOnChangeOnly:8115708:45125
1135497077:updateInputs:8160958:292
1135497077:updateComponents:8161292:33291
1135497077:propagateValuesOnChangeOnly:8194625:42125
1135497077:updateInputs:8236833:334
1135497077:updateComponents:8237167:33250
1135497077:propagateValuesOnChangeOnly:8270458:41750
1135497077:updateInputs:8312292:333
1135497077:updateComponents:8312625:33167
1135497077:propagateValuesOnChangeOnly:8345833:42000
1135497077:updateInputs:8387917:333
1135497077:updateComponents:8388292:33208
1135497077:propagateValuesOnChangeOnly:8421542:41875
1135497077:updateInputs:8463500:250
1135497077:updateComponents:8463792:33291
1135497077:propagateValuesOnChangeOnly:8497125:41917
1135497077:updateInputs:8539125:250
1135497077:updateComponents:8539417:33125
1135497077:propagateValuesOnChangeOnly:8572583:41542
1135497077:updateInputs:8614208:292
1135497077:updateComponents:8614500:33042
1135497077:propagateValuesOnChangeOnly:8647583:41917
1135497077:updateInputs:8689583:334
1135497077:updateComponents:8689917:33041
1135497077:propagateValuesOnChangeOnly:8723000:41875
1135497077:updateInputs:8764958:292
1135497077:updateComponents:8765292:33166
1135497077:propagateValuesOnChangeOnly:8798500:41833
1135497077:updateInputs:8840417:291
1135497077:updateComponents:8840750:33125
1135497077:propagateValuesOnChangeOnly:8873917:41875
1135497077:updateInputs:8982667:333
1135497077:updateComponents:8983000:32792
1135497077:propagateValuesOnChangeOnly:9015875:43708
1135497077:updateInputs:9059667:333
1135497077:updateComponents:9060000:33083
1135497077:propagateValuesOnChangeOnly:9093125:42542
1135497077:updateInputs:9135750:333
1135497077:updateComponents:9136083:33209
1135497077:propagateValuesOnChangeOnly:9169333:39959
1135497077:updateInputs:9209375:333
1135497077:updateComponents:9209750:33167
1135497077:propagateValuesOnChangeOnly:9242958:41667
1135497077:updateInputs:9284708:334
1135497077:updateComponents:9285042:33166
1135497077:propagateValuesOnChangeOnly:9318292:44125
1135497077:updateInputs:9362500:292
1135497077:updateComponents:9362792:33166
1135497077:propagateValuesOnChangeOnly:9396000:41917
1135497077:updateInputs:9438000:292
1135497077:updateComponents:9438333:33125
1135497077:propagateValuesOnChangeOnly:9471500:41958
1135497077:updateInputs:9513542:291
1135497077:updateComponents:9513875:33250
1135497077:propagateValuesOnChangeOnly:9547208:41834
1135497077:updateInputs:9589125:333
1135497077:updateComponents:9589500:33208
1135497077:propagateValuesOnChangeOnly:9622750:41917
1135497077:updateInputs:9664750:333
1135497077:updateComponents:9665125:33208
1135497077:propagateValuesOnChangeOnly:9699125:41833
1135497077:updateInputs:9741042:291
1135497077:updateComponents:9741375:33083
1135497077:propagateValuesOnChangeOnly:9774500:41833
1135497077:updateInputs:9816417:333
1135497077:updateComponents:9816750:33208
1135497077:propagateValuesOnChangeOnly:9850042:41791
1135497077:updateInputs:9891917:291
1135497077:updateComponents:9892250:33167
1135497077:propagateValuesOnChangeOnly:9925458:41834
1135497077:updateInputs:9967375:250
1135497077:updateComponents:9967667:33250
1135497077:propagateValuesOnChangeOnly:10000958:41834
1135497077:updateInputs:10042875:333
1135497077:updateComponents:10043250:33083
1135497077:propagateValuesOnChangeOnly:10076375:41917
1135497077:updateInputs:10180792:333
1135497077:updateComponents:10181125:33250
1135497077:propagateValuesOnChangeOnly:10214417:45166
1135497077:updateInputs:10259667:291
1135497077:updateComponents:10260000:33042
1135497077:propagateValuesOnChangeOnly:10293083:43167
1135497077:updateInputs:10336333:334
1135497077:updateComponents:10336667:33250
1135497077:propagateValuesOnChangeOnly:10369958:45917
1135497077:updateInputs:10415958:292
1135497077:updateComponents:10416292:33250
1135497077:propagateValuesOnChangeOnly:10449583:42459
1135497077:updateInputs:10492125:333
1135497077:updateComponents:10492458:33042
1135497077:propagateValuesOnChangeOnly:10525542:44500
1135497077:updateInputs:10570125:333
1135497077:updateComponents:10570458:33084
1135497077:propagateValuesOnChangeOnly:10603625:42167
1135497077:updateInputs:10645917:250
1135497077:updateComponents:10646208:33167
1135497077:propagateValuesOnChangeOnly:10679417:41958
1135497077:updateInputs:10721417:291
1135497077:updateComponents:10721750:33167
1135497077:propagateValuesOnChangeOnly:10755000:41875
1135497077:updateInputs:10796958:292
1135497077:updateComponents:10797292:33166
1135497077:propagateValuesOnChangeOnly:10830500:41417
1135497077:updateInputs:10872000:333
1135497077:updateComponents:10872333:33084
1135497077:propagateValuesOnChangeOnly:10905500:41958
1135497077:updateInputs:10947542:291
1135497077:updateComponents:10947875:33125
1135497077:propagateValuesOnChangeOnly:10981083:41917
1135497077:updateInputs:11023083:292
1135497077:updateComponents:11023417:33000
1135497077:propagateValuesOnChangeOnly:11056458:41917
1135497077:updateInputs:11098458:292
1135497077:updateComponents:11098792:33125
1135497077:propagateValuesOnChangeOnly:11131958:41584
1135497077:updateInputs:11173625:292
1135497077:updateComponents:11173958:33167
1135497077:propagateValuesOnChangeOnly:11207208:41959
1135497077:updateInputs:11249250:292
1135497077:updateComponents:11249583:33042
1135497077:propagateValuesOnChangeOnly:11282667:41958
1135497077:updateInputs:11387667:333
1135497077:updateComponents:11388042:35250
1135497077:propagateValuesOnChangeOnly:11423375:45708
1135497077:updateInputs:11469208:292
1135497077:updateComponents:11469542:33416
1135497077:propagateValuesOnChangeOnly:11503000:42375
1135497077:updateInputs:11545458:292
1135497077:updateComponents:11545792:33125
1135497077:propagateValuesOnChangeOnly:11578958:40167
1135497077:updateInputs:11619208:334
1135497077:updateComponents:11619583:33209
1135497077:propagateValuesOnChangeOnly:11652833:42042
1135497077:updateInputs:11694958:292
1135497077:updateComponents:11697000:33208
1135497077:propagateValuesOnChangeOnly:11730250:44208
1135497077:updateInputs:11774542:291
1135497077:updateComponents:11774875:33125
1135497077:propagateValuesOnChangeOnly:11808083:42000
1135497077:updateInputs:11850167:291
1135497077:updateComponents:11850500:33083
1135497077:propagateValuesOnChangeOnly:11883625:41458
1135497077:updateInputs:11925167:291
1135497077:updateComponents:11925500:33125
1135497077:propagateValuesOnChangeOnly:11958667:41916
1135497077:updateInputs:12000667:291
1135497077:updateComponents:12000958:33250
1135497077:propagateValuesOnChangeOnly:12034250:41667
1135497077:updateInputs:12076000:292
1135497077:updateComponents:12076292:33125
1135497077:propagateValuesOnChangeOnly:12109458:41792
1135497077:updateInputs:12151333:334
1135497077:updateComponents:12151708:33334
1135497077:propagateValuesOnChangeOnly:12185083:41875
1135497077:updateInputs:12227083:292
1135497077:updateComponents:12227375:33125
1135497077:propagateValuesOnChangeOnly:12260542:41916
1135497077:updateInputs:12302583:292
1135497077:updateComponents:12302917:33000
1135497077:propagateValuesOnChangeOnly:12335958:42042
1135497077:updateInputs:12378083:292
1135497077:updateComponents:12378417:33125
1135497077:propagateValuesOnChangeOnly:12411583:41875
1135497077:updateInputs:12453542:375
1135497077:updateComponents:12453958:33084
1135497077:propagateValuesOnChangeOnly:12487083:41917
1135497077:updateInputs:12591500:292
1135497077:updateComponents:12591833:33084
1135497077:propagateValuesOnChangeOnly:12624958:44875
1135497077:updateInputs:12669917:291
1135497077:updateComponents:12670208:35917
1135497077:propagateValuesOnChangeOnly:12706167:42791
1135497077:updateInputs:12749042:333
1135497077:updateComponents:12749375:33208
1135497077:propagateValuesOnChangeOnly:12782625:45333
1135497077:updateInputs:12828083:292
1135497077:updateComponents:12828375:33250
1135497077:propagateValuesOnChangeOnly:12861667:42333
1135497077:updateInputs:12904125:292
1135497077:updateComponents:12904417:33000
1135497077:propagateValuesOnChangeOnly:12937458:44667
1135497077:updateInputs:12982208:334
1135497077:updateComponents:12982583:33084
1135497077:propagateValuesOnChangeOnly:13015708:42084
1135497077:updateInputs:13057875:292
1135497077:updateComponents:13058167:33083
1135497077:propagateValuesOnChangeOnly:13091292:41750
1135497077:updateInputs:13133125:292
1135497077:updateComponents:13133458:33250
1135497077:propagateValuesOnChangeOnly:13166750:42042
1135497077:updateInputs:13208875:292
1135497077:updateComponents:13209208:33125
1135497077:propagateValuesOnChangeOnly:13242375:41958
1135497077:updateInputs:13284417:291
1135497077:updateComponents:13284750:33125
1135497077:propagateValuesOnChangeOnly:13317917:41958
1135497077:updateInputs:13361000:292
1135497077:updateComponents:13361333:32959
1135497077:propagateValuesOnChangeOnly:13394333:42000
1135497077:updateInputs:13436417:250
1135497077:updateComponents:13436708:33084
1135497077:propagateValuesOnChangeOnly:13469833:41917
1135497077:updateInputs:13511875:292
1135497077:updateComponents:13512208:33167
1135497077:propagateValuesOnChangeOnly:13545417:41875
1135497077:updateInputs:13587375:292
1135497077:updateComponents:13587708:33167
1135497077:propagateValuesOnChangeOnly:13620917:41791
1135497077:updateInputs:13662792:291
1135497077:updateComponents:13663083:33167
1135497077:propagateValuesOnChangeOnly:13696333:41792
1135497077:updateInputs:13800625:292
1135497077:updateComponents:13800958:33042
1135497077:propagateValuesOnChangeOnly:13834042:43916
1135497077:updateInputs:13878042:333
1135497077:updateComponents:13878417:33208
1135497077:propagateValuesOnChangeOnly:13911667:42416
1135497077:updateInputs:13954167:291
1135497077:updateComponents:13954500:33250
1135497077:propagateValuesOnChangeOnly:13987792:39875
1135497077:updateInputs:14027750:292
1135497077:updateComponents:14028042:33166
1135497077:propagateValuesOnChangeOnly:14061250:41917
1135497077:updateInputs:14103250:292
1135497077:updateComponents:14103542:33083
1135497077:propagateValuesOnChangeOnly:14136667:44375
1135497077:updateInputs:14181125:292
1135497077:updateComponents:14181417:33000
1135497077:propagateValuesOnChangeOnly:14214500:41875
1135497077:updateInputs:14256458:334
1135497077:updateComponents:14256833:33084
1135497077:propagateValuesOnChangeOnly:14290000:41833
1135497077:updateInputs:14331917:291
1135497077:updateComponents:14332250:33167
1135497077:propagateValuesOnChangeOnly:14365458:41875
1135497077:updateInputs:14407417:333
1135497077:updateComponents:14407750:33000
1135497077:propagateValuesOnChangeOnly:14440792:42000
1135497077:updateInputs:14482875:250
1135497077:updateComponents:14483167:33041
1135497077:propagateValuesOnChangeOnly:14516250:42042
1135497077:updateInputs:14558417:291
1135497077:updateComponents:14558708:33042
1135497077:propagateValuesOnChangeOnly:14591792:41750
1135497077:updateInputs:14633625:292
1135497077:updateComponents:14633958:33000
1135497077:propagateValuesOnChangeOnly:14666958:41709
1135497077:updateInputs:14708750:333
1135497077:updateComponents:14709125:33042
1135497077:propagateValuesOnChangeOnly:14742208:41709
1135497077:updateInputs:14784000:333
1135497077:updateComponents:14784333:33084
1135497077:propagateValuesOnChangeOnly:14817458:41709
1135497077:updateInputs:14859208:375
1135497077:updateComponents:14859583:33084
1135497077:propagateValuesOnChangeOnly:14892708:41792
1135497077:updateInputs:14997042:333
1135497077:updateComponents:14997375:33250
1135497077:propagateValuesOnChangeOnly:15030708:44417
1135497077:updateInputs:15075208:292
1135497077:updateComponents:15075542:33083
1135497077:propagateValuesOnChangeOnly:15108667:42958
1135497077:updateInputs:15151708:334
1135497077:updateComponents:15152042:33166
1135497077:propagateValuesOnChangeOnly:15185250:45958
1135497077:updateInputs:15231292:291
1135497077:updateComponents:15231625:33042
1135497077:propagateValuesOnChangeOnly:15264708:42292
1135497077:updateInputs:15307083:334
1135497077:updateComponents:15307458:33167
1135497077:propagateValuesOnChangeOnly:15340667:44875
1135497077:updateInputs:15385625:292
1135497077:updateComponents:15385917:33000
1135497077:propagateValuesOnChangeOnly:15419000:42125
1135497077:updateInputs:15461208:250
1135497077:updateComponents:15461500:33125
1135497077:propagateValuesOnChangeOnly:15494667:41708
1135497077:updateInputs:15536500:292
1135497077:updateComponents:15536833:33084
1135497077:propagateValuesOnChangeOnly:15569958:41917
1135497077:updateInputs:15611958:292
1135497077:updateComponents:15612292:33125
1135497077:propagateValuesOnChangeOnly:15645458:41709
1135497077:updateInputs:15687292:291
1135497077:updateComponents:15687625:33208
1135497077:propagateValuesOnChangeOnly:15720875:41750
1135497077:updateInputs:15762708:292
1135497077:updateComponents:15763000:33125
1135497077:propagateValuesOnChangeOnly:15796167:41833
1135497077:updateInputs:15838083:250
1135497077:updateComponents:15838375:33125
1135497077:propagateValuesOnChangeOnly:15871542:41750
1135497077:updateInputs:15913375:292
1135497077:updateComponents:15913708:33084
1135497077:propagateValuesOnChangeOnly:15946833:41667
1135497077:updateInputs:15988583:334
1135497077:updateComponents:15988917:33041
1135497077:propagateValuesOnChangeOnly:16022000:41833
1135497077:updateInputs:16063917:291
1135497077:updateComponents:16064250:33250
1135497077:propagateValuesOnChangeOnly:16097542:41666
1135497077:updateInputs:16201708:292
1135497077:updateComponents:16202042:33000
1135497077:propagateValuesOnChangeOnly:16235083:43417
1135497077:updateInputs:16278583:334
1135497077:updateComponents:16278958:33000
1135497077:propagateValuesOnChangeOnly:16312000:41750
1135497077:updateInputs:16353875:333
1135497077:updateComponents:16354208:33250
1135497077:propagateValuesOnChangeOnly:16387542:39541
1135497077:updateInputs:16427167:250
1135497077:updateComponents:16427458:33084
1135497077:propagateValuesOnChangeOnly:16460583:41459
1135497077:updateInputs:16502125:333
1135497077:updateComponents:16502500:33167
1135497077:propagateValuesOnChangeOnly:16535708:44125
1135497077:updateInputs:16583083:292
1135497077:updateComponents:16583417:33291
1135497077:propagateValuesOnChangeOnly:16616792:41875
1135497077:updateInputs:16658708:334
1135497077:updateComponents:16659042:33291
1135497077:propagateValuesOnChangeOnly:16692375:41917
1135497077:updateInputs:16734375:292
1135497077:updateComponents:16734708:32917
1135497077:propagateValuesOnChangeOnly:16767667:41875
1135497077:updateInputs:16809583:292
1135497077:updateComponents:16809917:33083
1135497077:propagateValuesOnChangeOnly:16843042:41791
1135497077:updateInputs:16884917:291
1135497077:updateComponents:16885250:33167
1135497077:propagateValuesOnChangeOnly:16918458:41834
1135497077:updateInputs:16960375:292
1135497077:updateComponents:16960708:33125
1135497077:propagateValuesOnChangeOnly:16993875:41792
1135497077:updateInputs:17035750:292
1135497077:updateComponents:17036042:32916
1135497077:propagateValuesOnChangeOnly:17069000:42042
1135497077:updateInputs:17111125:292
1135497077:updateComponents:17111458:32959
1135497077:propagateValuesOnChangeOnly:17144458:41750
1135497077:updateInputs:17186292:333
1135497077:updateComponents:17186625:33292
1135497077:propagateValuesOnChangeOnly:17219958:41875
1135497077:updateInputs:17261875:292
1135497077:updateComponents:17262208:33042
1135497077:propagateValuesOnChangeOnly:17295292:41833
1135497077:updateInputs:17399708:292
1135497077:updateComponents:17400042:33083
1135497077:propagateValuesOnChangeOnly:17433167:44458
1135497077:updateInputs:17477708:292
1135497077:updateComponents:17478042:32958
1135497077:propagateValuesOnChangeOnly:17511042:43000
1135497077:updateInputs:17554125:292
1135497077:updateComponents:17554458:33209
1135497077:propagateValuesOnChangeOnly:17587708:45875
1135497077:updateInputs:17633667:291
1135497077:updateComponents:17634000:33083
1135497077:propagateValuesOnChangeOnly:17667125:42083
1135497077:updateInputs:17709292:375
1135497077:updateComponents:17709667:33333
1135497077:propagateValuesOnChangeOnly:17743042:45083
1135497077:updateInputs:17788208:334
1135497077:updateComponents:17788583:33167
1135497077:propagateValuesOnChangeOnly:17821792:41791
1135497077:updateInputs:17863667:333
1135497077:updateComponents:17864000:33083
1135497077:propagateValuesOnChangeOnly:17897125:41708
1135497077:updateInputs:17938958:250
1135497077:updateComponents:17939250:33167
1135497077:propagateValuesOnChangeOnly:17972458:41917
1135497077:updateInputs:18014458:292
1135497077:updateComponents:18014792:33083
1135497077:propagateValuesOnChangeOnly:18047917:41750
1135497077:updateInputs:18089750:333
1135497077:updateComponents:18090083:33167
1135497077:propagateValuesOnChangeOnly:18123292:41666
1135497077:updateInputs:18165042:333
1135497077:updateComponents:18165417:33125
1135497077:propagateValuesOnChangeOnly:18198583:41542
1135497077:updateInputs:18240208:292
1135497077:updateComponents:18240542:33208
1135497077:propagateValuesOnChangeOnly:18273792:41708
1135497077:updateInputs:18315542:333
1135497077:updateComponents:18315875:33333
1135497077:propagateValuesOnChangeOnly:18349250:41500
1135497077:updateInputs:18390833:334
1135497077:updateComponents:18391167:33041
1135497077:propagateValuesOnChangeOnly:18424250:41792
1135497077:updateInputs:18466167:291
1135497077:updateComponents:18466458:35750
1135497077:propagateValuesOnChangeOnly:18502250:41792
1135497077:updateInputs:18606625:292
1135497077:updateComponents:18606958:35834
1135497077:propagateValuesOnChangeOnly:18642833:43125
1135497077:updateInputs:18686042:333
1135497077:updateComponents:18686375:33083
1135497077:propagateValuesOnChangeOnly:18719500:41250
1135497077:updateInputs:18760833:334
1135497077:updateComponents:18761167:33333
1135497077:propagateValuesOnChangeOnly:18794542:39833
1135497077:updateInputs:18834458:292
1135497077:updateComponents:18834792:32875
1135497077:propagateValuesOnChangeOnly:18867750:41833
1135497077:updateInputs:18909667:333
1135497077:updateComponents:18910042:33041
1135497077:propagateValuesOnChangeOnly:18943167:47208
1135497077:updateInputs:18990458:292
1135497077:updateComponents:18990792:33083
1135497077:propagateValuesOnChangeOnly:19023958:41750
1135497077:updateInputs:19065792:291
1135497077:updateComponents:19066125:33083
1135497077:propagateValuesOnChangeOnly:19099250:41833
1135497077:updateInputs:19141167:291
1135497077:updateComponents:19141500:33125
1135497077:propagateValuesOnChangeOnly:19174667:41833
1135497077:updateInputs:19216583:250
1135497077:updateComponents:19216875:33083
1135497077:propagateValuesOnChangeOnly:19250000:41250
1135497077:updateInputs:19291333:292
1135497077:updateComponents:19291667:32958
1135497077:propagateValuesOnChangeOnly:19324667:41750
1135497077:updateInputs:19366500:292
1135497077:updateComponents:19366833:33084
1135497077:propagateValuesOnChangeOnly:19399958:41625
1135497077:updateInputs:19441667:291
1135497077:updateComponents:19442000:33083
1135497077:propagateValuesOnChangeOnly:19475167:41750
1135497077:updateInputs:19517000:292
1135497077:updateComponents:19517333:33084
1135497077:propagateValuesOnChangeOnly:19550500:41708
1135497077:updateInputs:19592292:291
1135497077:updateComponents:19592625:33167
1135497077:propagateValuesOnChangeOnly:19625833:41750
1135497077:updateInputs:19667667:291
1135497077:updateComponents:19668000:33167
1135497077:propagateValuesOnChangeOnly:19701208:41542
1135497077:updateInputs:19805250:333
1135497077:updateComponents:19805583:33084
1135497077:propagateValuesOnChangeOnly:19838708:43792
1135497077:updateInputs:19882583:334
1135497077:updateComponents:19882917:33166
1135497077:propagateValuesOnChangeOnly:19916167:42750
1135497077:updateInputs:19959000:292
1135497077:updateComponents:19959292:33083
1135497077:propagateValuesOnChangeOnly:19992417:45291
1135497077:updateInputs:20037792:291
1135497077:updateComponents:20038125:33250
1135497077:propagateValuesOnChangeOnly:20071417:42000
1135497077:updateInputs:20113500:292
1135497077:updateComponents:20113833:32917
1135497077:propagateValuesOnChangeOnly:20146792:46666
1135497077:updateInputs:20193542:333
1135497077:updateComponents:20193875:33167
1135497077:propagateValuesOnChangeOnly:20227083:41750
1135497077:updateInputs:20268917:291
1135497077:updateComponents:20269250:33167
1135497077:propagateValuesOnChangeOnly:20302458:41834
1135497077:updateInputs:20344375:292
1135497077:updateComponents:20344667:32958
1135497077:propagateValuesOnChangeOnly:20377667:41708
1135497077:updateInputs:20419458:334
1135497077:updateComponents:20419792:33083
1135497077:propagateValuesOnChangeOnly:20452917:41833
1135497077:updateInputs:20494833:292
1135497077:updateComponents:20495167:33125
1135497077:propagateValuesOnChangeOnly:20528333:41875
1135497077:updateInputs:20570292:333
1135497077:updateComponents:20570667:33166
1135497077:propagateValuesOnChangeOnly:20603875:41750
1135497077:updateInputs:20645708:292
1135497077:updateComponents:20646042:33041
1135497077:propagateValuesOnChangeOnly:20679167:41666
1135497077:updateInputs:20720917:333
1135497077:updateComponents:20721250:33042
1135497077:propagateValuesOnChangeOnly:20754333:41917
1135497077:updateInputs:20796333:334
1135497077:updateComponents:20796667:33041
1135497077:propagateValuesOnChangeOnly:20829750:41500
1135497077:updateInputs:20871333:292
1135497077:updateComponents:20871625:33042
1135497077:propagateValuesOnChangeOnly:20904750:41333
1135497077:updateInputs:21009000:292
1135497077:updateComponents:21009333:33042
1135497077:propagateValuesOnChangeOnly:21042417:43666
1135497077:updateInputs:21086167:333
1135497077:updateComponents:21086500:33125
1135497077:propagateValuesOnChangeOnly:21120792:42000
1135497077:updateInputs:21162875:333
1135497077:updateComponents:21163208:33125
1135497077:propagateValuesOnChangeOnly:21196375:39750
1135497077:updateInputs:21236208:292
1135497077:updateComponents:21236542:33125
1135497077:propagateValuesOnChangeOnly:21269708:44250
1135497077:updateInputs:21314042:333
1135497077:updateComponents:21314375:33167
1135497077:propagateValuesOnChangeOnly:21347625:41750
1135497077:updateInputs:21389458:334
1135497077:updateComponents:21389833:33084
1135497077:propagateValuesOnChangeOnly:21422958:41667
1135497077:updateInputs:21464708:292
1135497077:updateComponents:21465042:33166
1135497077:propagateValuesOnChangeOnly:21498292:41791
1135497077:updateInputs:21540167:291
1135497077:updateComponents:21540458:33042
1135497077:propagateValuesOnChangeOnly:21573542:41750
1135497077:updateInputs:21615375:292
1135497077:updateComponents:21615708:33084
1135497077:propagateValuesOnChangeOnly:21648833:41750
1135497077:updateInputs:21690667:333
1135497077:updateComponents:21691042:33166
1135497077:propagateValuesOnChangeOnly:21724250:41792
1135497077:updateInputs:21766125:250
1135497077:updateComponents:21766417:33208
1135497077:propagateValuesOnChangeOnly:21799667:41666
1135497077:updateInputs:21841417:291
1135497077:updateComponents:21841750:33083
1135497077:propagateValuesOnChangeOnly:21874875:41667
1135497077:updateInputs:21916625:333
1135497077:updateComponents:21917000:33042
1135497077:propagateValuesOnChangeOnly:21950083:41667
1135497077:updateInputs:21991875:333
1135497077:updateComponents:21992250:33250
1135497077:propagateValuesOnChangeOnly:22025542:41750
1135497077:updateInputs:22067375:333
1135497077:updateComponents:22067750:32958
1135497077:propagateValuesOnChangeOnly:22100750:41708
1135497077:updateInputs:22205042:333
1135497077:updateComponents:22205375:33125
1135497077:propagateValuesOnChangeOnly:22238542:43625
1135497077:updateInputs:22282250:333
1135497077:updateComponents:22282625:32958
1135497077:propagateValuesOnChangeOnly:22315625:42250
1135497077:updateInputs:22358000:292
1135497077:updateComponents:22358292:33125
1135497077:propagateValuesOnChangeOnly:22391458:45417
1135497077:updateInputs:22437000:292
1135497077:updateComponents:22437292:33000
1135497077:propagateValuesOnChangeOnly:22470333:41917
1135497077:updateInputs:22512333:250
1135497077:updateComponents:22512625:33208
1135497077:propagateValuesOnChangeOnly:22545875:44417
1135497077:updateInputs:22590333:292
1135497077:updateComponents:22590667:33125
1135497077:propagateValuesOnChangeOnly:22623833:41709
1135497077:updateInputs:22665625:292
1135497077:updateComponents:22665958:33125
1135497077:propagateValuesOnChangeOnly:22699125:41792
1135497077:updateInputs:22741000:292
1135497077:updateComponents:22741333:33125
1135497077:propagateValuesOnChangeOnly:22774500:41583
1135497077:updateInputs:22816167:291
1135497077:updateComponents:22816500:33083
1135497077:propagateValuesOnChangeOnly:22849625:41792
1135497077:updateInputs:22891500:333
1135497077:updateComponents:22891833:33167
1135497077:propagateValuesOnChangeOnly:22925042:41708
1135497077:updateInputs:22966833:334
1135497077:updateComponents:22967208:33334
1135497077:propagateValuesOnChangeOnly:23000583:41792
1135497077:updateInputs:23042458:292
1135497077:updateComponents:23042792:33250
1135497077:propagateValuesOnChangeOnly:23076083:41750
1135497077:updateInputs:23117917:333
1135497077:updateComponents:23118250:33125
1135497077:propagateValuesOnChangeOnly:23151458:41750
1135497077:updateInputs:23193292:333
1135497077:updateComponents:23193625:33167
1135497077:propagateValuesOnChangeOnly:23226833:41625
1135497077:updateInputs:23268542:291
1135497077:updateComponents:23268875:33000
1135497077:propagateValuesOnChangeOnly:23301917:41250
1135497077:updateInputs:23405625:333
1135497077:updateComponents:23405958:33042
1135497077:propagateValuesOnChangeOnly:23439042:43625
1135497077:updateInputs:23482750:292
1135497077:updateComponents:23483083:33167
1135497077:propagateValuesOnChangeOnly:23516292:42250
1135497077:updateInputs:23558667:291
1135497077:updateComponents:23559000:33125
1135497077:propagateValuesOnChangeOnly:23592167:40000
1135497077:updateInputs:23632250:250
1135497077:updateComponents:23632542:33166
1135497077:propagateValuesOnChangeOnly:23665750:41750
1135497077:updateInputs:23707583:292
1135497077:updateComponents:23707917:33000
1135497077:propagateValuesOnChangeOnly:23740958:41750
1135497077:updateInputs:23782792:291
1135497077:updateComponents:23783125:33292
1135497077:propagateValuesOnChangeOnly:23816458:41584
1135497077:updateInputs:23858125:292
1135497077:updateComponents:23858458:33125
1135497077:propagateValuesOnChangeOnly:23891625:41792
1135497077:updateInputs:23933500:292
1135497077:updateComponents:23933833:33084
1135497077:propagateValuesOnChangeOnly:23966958:41750
1135497077:updateInputs:24008792:291
1135497077:updateComponents:24009125:33208
1135497077:propagateValuesOnChangeOnly:24042375:41625
1135497077:updateInputs:24084083:334
1135497077:updateComponents:24084417:33166
1135497077:propagateValuesOnChangeOnly:24117625:41833
1135497077:updateInputs:24159542:291
1135497077:updateComponents:24159875:33083
1135497077:propagateValuesOnChangeOnly:24193000:41792
1135497077:updateInputs:24234917:291
1135497077:updateComponents:24235208:33125
1135497077:propagateValuesOnChangeOnly:24268375:41625
1135497077:updateInputs:24310083:292
1135497077:updateComponents:24310417:33000
1135497077:propagateValuesOnChangeOnly:24343458:41750
1135497077:updateInputs:24385292:291
1135497077:updateComponents:24385625:33042
1135497077:propagateValuesOnChangeOnly:24418708:41750
1135497077:updateInputs:24460542:291
1135497077:updateComponents:24460875:33167
1135497077:propagateValuesOnChangeOnly:24494083:41792
1135497077:updateInputs:24598458:334
1135497077:updateComponents:24598792:32958
1135497077:propagateValuesOnChangeOnly:24631792:43666
1135497077:updateInputs:24675500:333
1135497077:updateComponents:24675875:33292
1135497077:propagateValuesOnChangeOnly:24709167:42458
1135497077:updateInputs:24751667:291
1135497077:updateComponents:24752000:33125
1135497077:propagateValuesOnChangeOnly:24785167:45625
1135497077:updateInputs:24830833:292
1135497077:updateComponents:24831167:33250
1135497077:propagateValuesOnChangeOnly:24864458:41834
1135497077:updateInputs:24906333:292
1135497077:updateComponents:24906625:33250
1135497077:propagateValuesOnChangeOnly:24939917:46708
1135497077:updateInputs:24986750:250
1135497077:updateComponents:24987042:33208
1135497077:propagateValuesOnChangeOnly:25020292:41583
1135497077:updateInputs:25062000:292
1135497077:updateComponents:25062292:33041
1135497077:propagateValuesOnChangeOnly:25095375:41667
1135497077:updateInputs:25137125:292
1135497077:updateComponents:25137458:33042
1135497077:propagateValuesOnChangeOnly:25170583:41709
1135497077:updateInputs:25212417:333
1135497077:updateComponents:25212750:33208
1135497077:propagateValuesOnChangeOnly:25246000:41917
1135497077:updateInputs:25287958:292
1135497077:updateComponents:25288292:32833
1135497077:propagateValuesOnChangeOnly:25321167:41791
1135497077:updateInputs:25363042:375
1135497077:updateComponents:25363417:33291
1135497077:propagateValuesOnChangeOnly:25396750:41583
1135497077:updateInputs:25438417:291
1135497077:updateComponents:25438750:33083
1135497077:propagateValuesOnChangeOnly:25471875:41792
1135497077:updateInputs:25513708:292
1135497077:updateComponents:25514042:33250
1135497077:propagateValuesOnChangeOnly:25547333:41750
1135497077:updateInputs:25589125:333
1135497077:updateComponents:25589458:32917
1135497077:propagateValuesOnChangeOnly:25622417:41791
1135497077:updateInputs:25664292:291
1135497077:updateComponents:25664625:33042
1135497077:propagateValuesOnChangeOnly:25697708:41875
1135497077:updateInputs:25802292:291
1135497077:updateComponents:25802583:33084
1135497077:propagateValuesOnChangeOnly:25835708:48417
1135497077:updateInputs:25884167:333
1135497077:updateComponents:25884542:33916
1135497077:propagateValuesOnChangeOnly:25918458:44209
1135497077:updateInputs:25962708:292
1135497077:updateComponents:25963042:33250
1135497077:propagateValuesOnChangeOnly:25996292:39750
1135497077:updateInputs:26036083:334
1135497077:updateComponents:26036458:33375
1135497077:propagateValuesOnChangeOnly:26069833:41834
1135497077:updateInputs:26111708:292
1135497077:updateComponents:26112042:33166
1135497077:propagateValuesOnChangeOnly:26145250:41875
1135497077:updateInputs:26187167:291
1135497077:updateComponents:26187500:33083
1135497077:propagateValuesOnChangeOnly:26220625:41750
1135497077:updateInputs:26262458:334
1135497077:updateComponents:26262792:33166
1135497077:propagateValuesOnChangeOnly:26296042:41291
1135497077:updateInputs:26337417:291
1135497077:updateComponents:26337708:33084
1135497077:propagateValuesOnChangeOnly:26370875:41792
1135497077:updateInputs:26412708:292
1135497077:updateComponents:26413042:33125
1135497077:propagateValuesOnChangeOnly:26446208:41542
1135497077:updateInputs:26487917:250
1135497077:updateComponents:26488208:33042
1135497077:propagateValuesOnChangeOnly:26521292:41791
1135497077:updateInputs:26563167:333
1135497077:updateComponents:26563542:33000
1135497077:propagateValuesOnChangeOnly:26596583:41834
1135497077:updateInputs:26638500:250
1135497077:updateComponents:26638792:33083
1135497077:propagateValuesOnChangeOnly:26671917:41916
1135497077:updateInputs:26713875:292
1135497077:updateComponents:26714167:33083
1135497077:propagateValuesOnChangeOnly:26747333:41750
1135497077:updateInputs:26789125:333
1135497077:updateComponents:26789500:33125
1135497077:propagateValuesOnChangeOnly:26822667:41750
1135497077:updateInputs:26864500:333
1135497077:updateComponents:26864833:33417
1135497077:propagateValuesOnChangeOnly:26898250:41792
1135497077:updateInputs:27002542:291
1135497077:updateComponents:27002875:33083
1135497077:propagateValuesOnChangeOnly:27036000:43875
1135497077:updateInputs:27079917:291
1135497077:updateComponents:27080250:33292
1135497077:propagateValuesOnChangeOnly:27113542:42708
1135497077:updateInputs:27156292:291
1135497077:updateComponents:27156625:33208
1135497077:propagateValuesOnChangeOnly:27189875:45458
1135497077:updateInputs:27235375:333
1135497077:updateComponents:27235750:33125
1135497077:propagateValuesOnChangeOnly:27268917:41958
1135497077:updateInputs:27310958:292
1135497077:updateComponents:27311292:33041
1135497077:propagateValuesOnChangeOnly:27344417:44375
1135497077:updateInputs:27388875:250
1135497077:updateComponents:27389167:33166
1135497077:propagateValuesOnChangeOnly:27422375:41667
1135497077:updateInputs:27464125:333
1135497077:updateComponents:27464500:33333
1135497077:propagateValuesOnChangeOnly:27497875:41708
1135497077:updateInputs:27539667:333
1135497077:updateComponents:27540042:33166
1135497077:propagateValuesOnChangeOnly:27573250:41708
1135497077:updateInputs:27615042:291
1135497077:updateComponents:27615375:33042
1135497077:propagateValuesOnChangeOnly:27648458:41750
1135497077:updateInputs:27690292:291
1135497077:updateComponents:27690625:33125
1135497077:propagateValuesOnChangeOnly:27723792:41833
1135497077:updateInputs:27765958:334
1135497077:updateComponents:27766333:33042
1135497077:propagateValuesOnChangeOnly:27799417:41750
1135497077:updateInputs:27841250:292
1135497077:updateComponents:27841583:33084
1135497077:propagateValuesOnChangeOnly:27874708:41667
1135497077:updateInputs:27916458:334
1135497077:updateComponents:27916792:33041
1135497077:propagateValuesOnChangeOnly:27949875:41625
1135497077:updateInputs:27991583:292
1135497077:updateComponents:27991917:33166
1135497077:propagateValuesOnChangeOnly:28025125:41708
1135497077:updateInputs:28066917:333
1135497077:updateComponents:28067250:33042
1135497077:propagateValuesOnChangeOnly:28100333:41667
1135497077:updateInputs:28204458:292
1135497077:updateComponents:28204792:33166
1135497077:propagateValuesOnChangeOnly:28238000:43625
1135497077:updateInputs:28281708:292
1135497077:updateComponents:28282042:33166
1135497077:propagateValuesOnChangeOnly:28315250:42333
1135497077:updateInputs:28357667:291
1135497077:updateComponents:28358000:33208
1135497077:propagateValuesOnChangeOnly:28391250:42500
1135497077:updateInputs:28433792:333
1135497077:updateComponents:28434125:33208
1135497077:propagateValuesOnChangeOnly:28467375:41750
1135497077:updateInputs:28509208:334
1135497077:updateComponents:28509542:33083
1135497077:propagateValuesOnChangeOnly:28542667:41583
1135497077:updateInputs:28584333:292
1135497077:updateComponents:28584667:33125
1135497077:propagateValuesOnChangeOnly:28617833:41792
1135497077:updateInputs:28659708:292
1135497077:updateComponents:28660042:33125
1135497077:propagateValuesOnChangeOnly:28693208:41750
1135497077:updateInputs:28735208:292
1135497077:updateComponents:28735500:33042
1135497077:propagateValuesOnChangeOnly:28768583:41750
1135497077:updateInputs:28810417:291
1135497077:updateComponents:28810750:33000
1135497077:propagateValuesOnChangeOnly:28843792:41750
1135497077:updateInputs:28885625:292
1135497077:updateComponents:28885917:33125
1135497077:propagateValuesOnChangeOnly:28919083:41292
1135497077:updateInputs:28960458:334
1135497077:updateComponents:28960792:36875
1135497077:propagateValuesOnChangeOnly:28997708:41625
1135497077:updateInputs:29039708:292
1135497077:updateComponents:29040042:32958
1135497077:propagateValuesOnChangeOnly:29073042:41750
1135497077:updateInputs:29114875:333
1135497077:updateComponents:29115250:33042
1135497077:propagateValuesOnChangeOnly:29148333:41792
1135497077:updateInputs:29190208:292
1135497077:updateComponents:29190542:33000
1135497077:propagateValuesOnChangeOnly:29223583:41292
1135497077:updateInputs:29264958:334
1135497077:updateComponents:29265333:33209
1135497077:propagateValuesOnChangeOnly:29298583:41792
1135497077:updateInputs:29403167:333
1135497077:updateComponents:29403500:33125
1135497077:propagateValuesOnChangeOnly:29436667:43291
1135497077:updateInputs:29480042:291
1135497077:updateComponents:29480375:33125
1135497077:propagateValuesOnChangeOnly:29513542:42250
1135497077:updateInputs:29555875:292
1135497077:updateComponents:29556167:33041
1135497077:propagateValuesOnChangeOnly:29589250:45542
1135497077:updateInputs:29634875:292
1135497077:updateComponents:29635208:33209
1135497077:propagateValuesOnChangeOnly:29668458:41875
1135497077:updateInputs:29710708:292
1135497077:updateComponents:29711000:33292
1135497077:propagateValuesOnChangeOnly:29744333:44500
1135497077:updateInputs:29788917:333
1135497077:updateComponents:29789250:33208
1135497077:propagateValuesOnChangeOnly:29822500:41750
1135497077:updateInputs:29864333:334
1135497077:updateComponents:29864667:33125
1135497077:propagateValuesOnChangeOnly:29897833:41750
1135497077:updateInputs:29939667:333
1135497077:updateComponents:29940000:33167
1135497077:propagateValuesOnChangeOnly:29973208:41667
1135497077:updateInputs:30015250:333
1135497077:updateComponents:30015625:33000
1135497077:propagateValuesOnChangeOnly:30048667:41750
1135497077:updateInputs:30090500:250
1135497077:updateComponents:30090792:33041
1135497077:propagateValuesOnChangeOnly:30123917:41708
1135497077:updateInputs:30165708:334
1135497077:updateComponents:30166042:33250
1135497077:propagateValuesOnChangeOnly:30208292:41708
1135497077:updateInputs:30250083:334
1135497077:updateComponents:30250417:33125
1135497077:propagateValuesOnChangeOnly:30283583:41792
1135497077:updateInputs:30325542:250
1135497077:updateComponents:30325833:33125
1135497077:propagateValuesOnChangeOnly:30359000:42417
1135497077:updateInputs:30401458:292
1135497077:updateComponents:30401750:33083
1135497077:propagateValuesOnChangeOnly:30434875:41750
1135497077:updateInputs:30476708:292
1135497077:updateComponents:30477000:33125
1135497077:propagateValuesOnChangeOnly:30510167:41750
1135497077:updateInputs:30614458:292
1135497077:updateComponents:30614792:33083
1135497077:propagateValuesOnChangeOnly:30647917:43041
1135497077:updateInputs:30691167:333
1135497077:updateComponents:30691500:33125
1135497077:propagateValuesOnChangeOnly:30724667:41875
1135497077:updateInputs:30766625:292
1135497077:updateComponents:30766958:44750
1135497077:propagateValuesOnChangeOnly:30811750:39833
1135497077:updateInputs:30851667:291
1135497077:updateComponents:30851958:33000
1135497077:propagateValuesOnChangeOnly:30885000:41458
1135497077:updateInputs:30926542:333
1135497077:updateComponents:30926917:33208
1135497077:propagateValuesOnChangeOnly:30960167:41916
1135497077:updateInputs:31002125:375
1135497077:updateComponents:31002542:33041
1135497077:propagateValuesOnChangeOnly:31035625:41708
1135497077:updateInputs:31077417:333
1135497077:updateComponents:31077750:33292
1135497077:propagateValuesOnChangeOnly:31111083:41792
1135497077:updateInputs:31152958:292
1135497077:updateComponents:31153292:33000
1135497077:propagateValuesOnChangeOnly:31186375:41750
1135497077:updateInputs:31228208:334
1135497077:updateComponents:31228583:33209
1135497077:propagateValuesOnChangeOnly:31261833:41709
1135497077:updateInputs:31303917:291
1135497077:updateComponents:31304250:33167
1135497077:propagateValuesOnChangeOnly:31337458:41709
1135497077:updateInputs:31379250:333
1135497077:updateComponents:31379625:33083
1135497077:propagateValuesOnChangeOnly:31412750:41625
1135497077:updateInputs:31454458:292
1135497077:updateComponents:31454750:33167
1135497077:propagateValuesOnChangeOnly:31487958:41667
1135497077:updateInputs:31529708:334
1135497077:updateComponents:31530083:33125
1135497077:propagateValuesOnChangeOnly:31563250:41750
1135497077:updateInputs:31605208:292
1135497077:updateComponents:31605542:33083
1135497077:propagateValuesOnChangeOnly:31638667:41750
1135497077:updateInputs:31680500:333
1135497077:updateComponents:31680875:33083
1135497077:propagateValuesOnChangeOnly:31714000:41708
1135497077:updateInputs:31818167:333
1135497077:updateComponents:31818542:32958
1135497077:propagateValuesOnChangeOnly:31851542:43875
1135497077:updateInputs:31895542:333
1135497077:updateComponents:31895917:33166
1135497077:propagateValuesOnChangeOnly:31929125:42917
1135497077:updateInputs:31972292:250
1135497077:updateComponents:31972583:33250
1135497077:propagateValuesOnChangeOnly:32005875:45750
1135497077:updateInputs:32051708:292
1135497077:updateComponents:32052042:33000
1135497077:propagateValuesOnChangeOnly:32085083:41875
1135497077:updateInputs:32127042:291
1135497077:updateComponents:32127333:33167
1135497077:propagateValuesOnChangeOnly:32160542:44458
1135497077:updateInputs:32205083:334
1135497077:updateComponents:32205458:33125
1135497077:propagateValuesOnChangeOnly:32238625:41708
1135497077:updateInputs:32280458:334
1135497077:updateComponents:32280833:33084
1135497077:propagateValuesOnChangeOnly:32313958:41750
1135497077:updateInputs:32355750:292
1135497077:updateComponents:32356083:33209
1135497077:propagateValuesOnChangeOnly:32389333:41750
1135497077:updateInputs:32431167:333
1135497077:updateComponents:32431500:33083
1135497077:propagateValuesOnChangeOnly:32464625:41667
1135497077:updateInputs:32506375:292
1135497077:updateComponents:32506708:33084
1135497077:propagateValuesOnChangeOnly:32539833:41625
1135497077:updateInputs:32581833:292
1135497077:updateComponents:32582167:32958
1135497077:propagateValuesOnChangeOnly:32615167:41708
1135497077:updateInputs:32656958:292
1135497077:updateComponents:32657292:33041
1135497077:propagateValuesOnChangeOnly:32690375:41833
1135497077:updateInputs:32732292:291
1135497077:updateComponents:32732625:33208
1135497077:propagateValuesOnChangeOnly:32765875:41833
1135497077:updateInputs:32807792:291
1135497077:updateComponents:32808125:33083
1135497077:propagateValuesOnChangeOnly:32841250:41708
1135497077:updateInputs:32883042:291
1135497077:updateComponents:32883375:33042
1135497077:propagateValuesOnChangeOnly:32916458:41750
1135497077:updateInputs:33020667:333
1135497077:updateComponents:33021000:33083
1135497077:propagateValuesOnChangeOnly:33054125:43750
1135497077:updateInputs:33098000:292
1135497077:updateComponents:33098333:33084
1135497077:propagateValuesOnChangeOnly:33131458:42500
1135497077:updateInputs:33174042:291
1135497077:updateComponents:33174375:33208
1135497077:propagateValuesOnChangeOnly:33207625:40042
1135497077:updateInputs:33248042:291
1135497077:updateComponents:33248375:33167
1135497077:propagateValuesOnChangeOnly:33281583:41792
1135497077:updateInputs:33323458:292
1135497077:updateComponents:33323792:33166
1135497077:propagateValuesOnChangeOnly:33357000:41750
1135497077:updateInputs:33398833:292
1135497077:updateComponents:33399125:33250
1135497077:propagateValuesOnChangeOnly:33432458:41667
1135497077:updateInputs:33474208:292
1135497077:updateComponents:33474542:33083
1135497077:propagateValuesOnChangeOnly:33507708:41917
1135497077:updateInputs:33549750:292
1135497077:updateComponents:33550042:33125
1135497077:propagateValuesOnChangeOnly:33583208:41750
1135497077:updateInputs:33625042:333
1135497077:updateComponents:33625375:33083
1135497077:propagateValuesOnChangeOnly:33658500:41750
1135497077:updateInputs:33700333:292
1135497077:updateComponents:33700625:33083
1135497077:propagateValuesOnChangeOnly:33733750:41583
1135497077:updateInputs:33775417:333
1135497077:updateComponents:33775792:33041
1135497077:propagateValuesOnChangeOnly:33808875:41625
1135497077:updateInputs:33850583:292
1135497077:updateComponents:33850917:33166
1135497077:propagateValuesOnChangeOnly:33884125:41500
1135497077:updateInputs:33925708:292
1135497077:updateComponents:33926042:33041
1135497077:propagateValuesOnChangeOnly:33959125:41417
1135497077:updateInputs:34000625:292
1135497077:updateComponents:34000958:33125
1135497077:propagateValuesOnChangeOnly:34034125:41792
1135497077:updateInputs:34076000:292
1135497077:updateComponents:34076333:33167
1135497077:propagateValuesOnChangeOnly:34109542:41666
1135497077:updateInputs:34213583:334
1135497077:updateComponents:34213958:33084
1135497077:propagateValuesOnChangeOnly:34247083:43709
1135497077:updateInputs:34290875:333
1135497077:updateComponents:34291250:33167
1135497077:propagateValuesOnChangeOnly:34324458:45459
1135497077:updateInputs:34369917:333
1135497077:updateComponents:34370292:33166
1135497077:propagateValuesOnChangeOnly:34403500:45542
1135497077:updateInputs:34449125:333
1135497077:updateComponents:34449500:33125
1135497077:propagateValuesOnChangeOnly:34482667:41833
1135497077:updateInputs:34524875:333
1135497077:updateComponents:34525250:33000
1135497077:propagateValuesOnChangeOnly:34558292:44416
1135497077:updateInputs:34602792:333
1135497077:updateComponents:34603125:33125
1135497077:propagateValuesOnChangeOnly:34636292:41875
1135497077:updateInputs:34678250:292
1135497077:updateComponents:34678583:33000
1135497077:propagateValuesOnChangeOnly:34711667:41750
1135497077:updateInputs:34753500:292
1135497077:updateComponents:34753833:33084
1135497077:propagateValuesOnChangeOnly:34786958:41792
1135497077:updateInputs:34828875:292
1135497077:updateComponents:34829208:35834
1135497077:propagateValuesOnChangeOnly:34865083:41750
1135497077:updateInputs:34906917:291
1135497077:updateComponents:34907250:33083
1135497077:propagateValuesOnChangeOnly:34940375:41708
1135497077:updateInputs:34982167:333
1135497077:updateComponents:34982542:33000
1135497077:propagateValuesOnChangeOnly:35015583:41750
1135497077:updateInputs:35057417:291
1135497077:updateComponents:35057708:33250
1135497077:propagateValuesOnChangeOnly:35091000:41792
1135497077:updateInputs:35133000:292
1135497077:updateComponents:35133333:33125
1135497077:propagateValuesOnChangeOnly:35166500:41625
1135497077:updateInputs:35208208:292
1135497077:updateComponents:35208542:33041
1135497077:propagateValuesOnChangeOnly:35241625:41667
1135497077:updateInputs:35283375:292
1135497077:updateComponents:35283708:33084
1135497077:propagateValuesOnChangeOnly:35316833:41667
1135497077:updateInputs:35420917:333
1135497077:updateComponents:35421292:33000
1135497077:propagateValuesOnChangeOnly:35454333:43625
1135497077:updateInputs:35498167:291
1135497077:updateComponents:35498500:33083
1135497077:propagateValuesOnChangeOnly:35531625:41500
1135497077:updateInputs:35573208:292
1135497077:updateComponents:35573542:33041
1135497077:propagateValuesOnChangeOnly:35606625:39833
1135497077:updateInputs:35646542:291
1135497077:updateComponents:35646875:33250
1135497077:propagateValuesOnChangeOnly:35680167:41666
1135497077:updateInputs:35721958:292
1135497077:updateComponents:35722250:33000
1135497077:propagateValuesOnChangeOnly:35755292:41666
1135497077:updateInputs:35797042:291
1135497077:updateComponents:35797375:33083
1135497077:propagateValuesOnChangeOnly:35830500:41792
1135497077:updateInputs:35872375:250
1135497077:updateComponents:35872667:33291
1135497077:propagateValuesOnChangeOnly:35906000:41625
1135497077:updateInputs:35947708:334
1135497077:updateComponents:35948083:33209
1135497077:propagateValuesOnChangeOnly:35981333:41667
1135497077:updateInputs:36023083:292
1135497077:updateComponents:36023417:33041
1135497077:propagateValuesOnChangeOnly:36056500:41542
1135497077:updateInputs:36098417:291
1135497077:updateComponents:36098708:33042
1135497077:propagateValuesOnChangeOnly:36131792:41250
1135497077:updateInputs:36173125:333
1135497077:updateComponents:36173458:33084
1135497077:propagateValuesOnChangeOnly:36206583:41625
1135497077:updateInputs:36248292:333
1135497077:updateComponents:36248667:33333
1135497077:propagateValuesOnChangeOnly:36282000:44542
1135497077:updateInputs:36326542:291
1135497077:updateComponents:36326875:33042
1135497077:propagateValuesOnChangeOnly:36359958:41834
1135497077:updateInputs:36402000:292
1135497077:updateComponents:36402333:33167
1135497077:propagateValuesOnChangeOnly:36435542:41291
1135497077:updateInputs:36476917:375
1135497077:updateComponents:36477333:33209
1135497077:propagateValuesOnChangeOnly:36510583:41709
1135497077:updateInputs:36614750:333
1135497077:updateComponents:36615083:32959
1135497077:propagateValuesOnChangeOnly:36648125:43875
1135497077:updateInputs:36692125:292
1135497077:updateComponents:36692458:32959
1135497077:propagateValuesOnChangeOnly:36725458:42709
1135497077:updateInputs:36768375:292
1135497077:updateComponents:36768708:33125
1135497077:propagateValuesOnChangeOnly:36801917:45291
1135497077:updateInputs:36847292:333
1135497077:updateComponents:36847667:33083
1135497077:propagateValuesOnChangeOnly:36880792:41625
1135497077:updateInputs:36922500:333
1135497077:updateComponents:36922833:33042
1135497077:propagateValuesOnChangeOnly:36955917:44041
1135497077:updateInputs:37000042:291
1135497077:updateComponents:37000375:33042
1135497077:propagateValuesOnChangeOnly:37033458:41792
1135497077:updateInputs:37075458:250
1135497077:updateComponents:37075750:33083
1135497077:propagateValuesOnChangeOnly:37108875:41667
1135497077:updateInputs:37150625:292
1135497077:updateComponents:37150958:33042
1135497077:propagateValuesOnChangeOnly:37184042:41666
1135497077:updateInputs:37225792:333
1135497077:updateComponents:37226167:33083
1135497077:propagateValuesOnChangeOnly:37259292:41708
1135497077:updateInputs:37301083:292
1135497077:updateComponents:37301417:33166
1135497077:propagateValuesOnChangeOnly:37334625:41625
1135497077:updateInputs:37376333:292
1135497077:updateComponents:37376667:33083
1135497077:propagateValuesOnChangeOnly:37409792:41750
1135497077:updateInputs:37451625:333
1135497077:updateComponents:37451958:33084
1135497077:propagateValuesOnChangeOnly:37485083:41792
1135497077:updateInputs:37526958:334
1135497077:updateComponents:37527333:32959
1135497077:propagateValuesOnChangeOnly:37560333:41792
1135497077:updateInputs:37602208:250
1135497077:updateComponents:37602500:33125
1135497077:propagateValuesOnChangeOnly:37635667:41708
1135497077:updateInputs:37677500:292
1135497077:updateComponents:37677833:33250
1135497077:propagateValuesOnChangeOnly:37711125:41833
1135497077:updateInputs:37815417:333
1135497077:updateComponents:37815750:33000
1135497077:propagateValuesOnChangeOnly:37848833:43542
1135497077:updateInputs:37892458:292
1135497077:updateComponents:37892792:33083
1135497077:propagateValuesOnChangeOnly:37925917:42250
1135497077:updateInputs:37968250:292
1135497077:updateComponents:37968542:33083
1135497077:propagateValuesOnChangeOnly:38001667:39708
1135497077:updateInputs:38041750:333
1135497077:updateComponents:38042125:33208
1135497077:propagateValuesOnChangeOnly:38075375:41750
1135497077:updateInputs:38117208:292
1135497077:updateComponents:38117542:33208
1135497077:propagateValuesOnChangeOnly:38150792:41625
1135497077:updateInputs:38192500:292
1135497077:updateComponents:38192833:33084
1135497077:propagateValuesOnChangeOnly:38225958:41625
1135497077:updateInputs:38267625:292
1135497077:updateComponents:38267958:35709
1135497077:propagateValuesOnChangeOnly:38303708:41667
1135497077:updateInputs:38345458:334
1135497077:updateComponents:38345792:33125
1135497077:propagateValuesOnChangeOnly:38378958:41667
1135497077:updateInputs:38420708:292
1135497077:updateComponents:38421042:33000
1135497077:propagateValuesOnChangeOnly:38454083:41792
1135497077:updateInputs:38495958:292
1135497077:updateComponents:38496292:32958
1135497077:propagateValuesOnChangeOnly:38529292:41750
1135497077:updateInputs:38571125:292
1135497077:updateComponents:38571458:33084
1135497077:propagateValuesOnChangeOnly:38604583:41750
1135497077:updateInputs:38646667:291
1135497077:updateComponents:38647000:33083
1135497077:propagateValuesOnChangeOnly:38680167:41625
1135497077:updateInputs:38721875:292
1135497077:updateComponents:38722208:33042
1135497077:propagateValuesOnChangeOnly:38755292:41833
1135497077:updateInputs:38797208:250
1135497077:updateComponents:38797500:33167
1135497077:propagateValuesOnChangeOnly:38830708:41792
1135497077:updateInputs:38872542:375
1135497077:updateComponents:38872958:33000
1135497077:propagateValuesOnChangeOnly:38906042:41666
1135497077:updateInputs:39013750:292
1135497077:updateComponents:39014083:33209
1135497077:propagateValuesOnChangeOnly:39047333:43209
1135497077:updateInputs:39090625:333
1135497077:updateComponents:39091000:33125
1135497077:propagateValuesOnChangeOnly:39124167:42500
1135497077:updateInputs:39166750:292
1135497077:updateComponents:39167083:33084
1135497077:propagateValuesOnChangeOnly:39200208:45334
1135497077:updateInputs:39245625:292
1135497077:updateComponents:39245958:33125
1135497077:propagateValuesOnChangeOnly:39279167:41708
1135497077:updateInputs:39321125:292
1135497077:updateComponents:39322625:32958
1135497077:propagateValuesOnChangeOnly:39355625:44292
1135497077:updateInputs:39400000:292
1135497077:updateComponents:39400292:33250
1135497077:propagateValuesOnChangeOnly:39433583:41417
1135497077:updateInputs:39475083:334
1135497077:updateComponents:39475458:33000
1135497077:propagateValuesOnChangeOnly:39508500:41375
1135497077:updateInputs:39549958:292
1135497077:updateComponents:39550292:33041
1135497077:propagateValuesOnChangeOnly:39583375:41583
1135497077:updateInputs:39625042:291
1135497077:updateComponents:39625333:33084
1135497077:propagateValuesOnChangeOnly:39658500:41750
1135497077:updateInputs:39700333:292
1135497077:updateComponents:39700667:33000
1135497077:propagateValuesOnChangeOnly:39733708:41834
1135497077:updateInputs:39775625:292
1135497077:updateComponents:39775958:33084
1135497077:propagateValuesOnChangeOnly:39809083:41542
1135497077:updateInputs:39850708:292
1135497077:updateComponents:39851000:33042
1135497077:propagateValuesOnChangeOnly:39884083:41292
1135497077:updateInputs:39925500:292
1135497077:updateComponents:39925833:33167
1135497077:propagateValuesOnChangeOnly:39959042:41625
1135497077:updateInputs:40000750:333
1135497077:updateComponents:40001125:33125
1135497077:propagateValuesOnChangeOnly:40034292:41666
1135497077:updateInputs:40076042:291
1135497077:updateComponents:40076375:33000
1135497077:propagateValuesOnChangeOnly:40109417:41750
1135497077:updateInputs:40213708:292
1135497077:updateComponents:40214042:33000
1135497077:propagateValuesOnChangeOnly:40247083:45875
1135497077:updateInputs:40293000:333
1135497077:updateComponents:40293375:33167
1135497077:propagateValuesOnChangeOnly:40326583:42250
1135497077:updateInputs:40368917:291
1135497077:updateComponents:40369250:33042
1135497077:propagateValuesOnChangeOnly:40402333:40000
1135497077:updateInputs:40442417:333
1135497077:updateComponents:40442750:33083
1135497077:propagateValuesOnChangeOnly:40475875:41875
1135497077:updateInputs:40517792:291
1135497077:updateComponents:40518125:33125
1135497077:propagateValuesOnChangeOnly:40551292:41750
1135497077:updateInputs:40593125:292
1135497077:updateComponents:40593458:33167
1135497077:propagateValuesOnChangeOnly:40626667:41666
1135497077:updateInputs:40668417:291
1135497077:updateComponents:40668750:33125
1135497077:propagateValuesOnChangeOnly:40701917:41750
1135497077:updateInputs:40743750:333
1135497077:updateComponents:40744125:32958
1135497077:propagateValuesOnChangeOnly:40777125:41750
1135497077:updateInputs:40818958:292
1135497077:updateComponents:40819292:33000
1135497077:propagateValuesOnChangeOnly:40852333:41709
1135497077:updateInputs:40894458:334
1135497077:updateComponents:40894792:33125
1135497077:propagateValuesOnChangeOnly:40927958:41792
1135497077:updateInputs:40969833:334
1135497077:updateComponents:40970167:33041
1135497077:propagateValuesOnChangeOnly:41003250:41792
1135497077:updateInputs:41045125:292
1135497077:updateComponents:41045458:33125
1135497077:propagateValuesOnChangeOnly:41078625:41708
1135497077:updateInputs:41120417:291
1135497077:updateComponents:41120750:33042
1135497077:propagateValuesOnChangeOnly:41153875:41708
1135497077:updateInputs:41195792:333
1135497077:updateComponents:41196125:33083
1135497077:propagateValuesOnChangeOnly:41229250:41583
1135497077:updateInputs:41270917:375
1135497077:updateComponents:41271292:33041
1135497077:propagateValuesOnChangeOnly:41304375:41750
1135497077:updateInputs:41409042:333
1135497077:updateComponents:41409375:32958
1135497077:propagateValuesOnChangeOnly:41442375:44333
1135497077:updateInputs:41486792:291
1135497077:updateComponents:41487083:33167
1135497077:propagateValuesOnChangeOnly:41520292:42791
1135497077:updateInputs:41563333:250
1135497077:updateComponents:41563625:33083
1135497077:propagateValuesOnChangeOnly:41596750:45250
1135497077:updateInputs:41642042:333
1135497077:updateComponents:41642375:33083
1135497077:propagateValuesOnChangeOnly:41675500:41958
1135497077:updateInputs:41717542:291
1135497077:updateComponents:41717875:33042
1135497077:propagateValuesOnChangeOnly:41750958:44500
1135497077:updateInputs:41795542:333
1135497077:updateComponents:41795875:33042
1135497077:propagateValuesOnChangeOnly:41829000:41750
1135497077:updateInputs:41870917:333
1135497077:updateComponents:41871250:33083
1135497077:propagateValuesOnChangeOnly:41904417:41958
1135497077:updateInputs:41946458:334
1135497077:updateComponents:41946792:33125
1135497077:propagateValuesOnChangeOnly:41979958:41667
1135497077:updateInputs:42021708:334
1135497077:updateComponents:42022083:33042
1135497077:propagateValuesOnChangeOnly:42055208:41750
1135497077:updateInputs:42097042:291
1135497077:updateComponents:42097375:33208
1135497077:propagateValuesOnChangeOnly:42130625:41708
1135497077:updateInputs:42172708:292
1135497077:updateComponents:42173000:33083
1135497077:propagateValuesOnChangeOnly:42206125:45542
1135497077:updateInputs:42251708:250
1135497077:updateComponents:42252000:33042
1135497077:propagateValuesOnChangeOnly:42285083:41584
1135497077:updateInputs:42326750:333
1135497077:updateComponents:42327083:33000
1135497077:propagateValuesOnChangeOnly:42360167:41625
1135497077:updateInputs:42401875:292
1135497077:updateComponents:42402167:33166
1135497077:propagateValuesOnChangeOnly:42435375:41667
1135497077:Run loop:2974125:39503292
1135497077:programMemory:1051000:41469667
1135497077:updateInputs:43226125:458
1135497077:updateComponents:43226625:33250
1135497077:Init circuit:42613917:769875
1135497077:updateInputs:43383833:334
1135497077:updateComponents:43384208:33292
1135497077:propagateValuesOnChangeOnly:43417542:43625
1135497077:updateInputs:43461250:333
1135497077:updateComponents:43461625:33500
1135497077:propagateValuesOnChangeOnly:43495167:42791
1135497077:updateInputs:43538042:291
1135497077:updateComponents:43538375:33625
1135497077:propagateValuesOnChangeOnly:43572042:40458
1135497077:updateInputs:43612583:250
1135497077:updateComponents:43612875:33375
1135497077:propagateValuesOnChangeOnly:43646292:42250
1135497077:updateInputs:43688625:333
1135497077:updateComponents:43689000:33500
1135497077:propagateValuesOnChangeOnly:43722542:41625
1135497077:updateInputs:43764250:250
1135497077:updateComponents:43764500:33500
1135497077:propagateValuesOnChangeOnly:43798042:42333
1135497077:updateInputs:43840458:250
1135497077:updateComponents:43840750:33417
1135497077:propagateValuesOnChangeOnly:43874208:42000
1135497077:updateInputs:43916292:291
1135497077:updateComponents:43916625:33500
1135497077:propagateValuesOnChangeOnly:43950167:42041
1135497077:updateInputs:43992292:250
1135497077:updateComponents:43992542:33375
1135497077:propagateValuesOnChangeOnly:44025958:42375
1135497077:updateInputs:44068417:291
1135497077:updateComponents:44068750:33542
1135497077:propagateValuesOnChangeOnly:44102375:41958
1135497077:updateInputs:44144417:291
1135497077:updateComponents:44144750:33542
1135497077:propagateValuesOnChangeOnly:44178333:42084
1135497077:updateInputs:44220458:334
1135497077:updateComponents:44220792:33500
1135497077:propagateValuesOnChangeOnly:44254333:42000
1135497077:updateInputs:44296417:291
1135497077:updateComponents:44296708:33584
1135497077:propagateValuesOnChangeOnly:44330333:42084
1135497077:updateInputs:44372500:292
1135497077:updateComponents:44372833:33500
1135497077:propagateValuesOnChangeOnly:44406375:42000
1135497077:updateInputs:44448458:292
1135497077:updateComponents:44448792:33666
1135497077:propagateValuesOnChangeOnly:44482500:42083
1135497077:updateInputs:44587083:334
1135497077:updateComponents:44587417:33333
1135497077:propagateValuesOnChangeOnly:44620792:42166
1135497077:updateInputs:44663042:291
1135497077:updateComponents:44663375:33542
1135497077:propagateValuesOnChangeOnly:44696958:42209
1135497077:updateInputs:44739250:208
1135497077:updateComponents:44739500:33458
1135497077:propagateValuesOnChangeOnly:44773000:42375
1135497077:updateInputs:44815458:292
1135497077:updateComponents:44815750:33542
1135497077:propagateValuesOnChangeOnly:44849333:42084
1135497077:updateInputs:44891542:250
1135497077:updateComponents:44891792:33333
1135497077:propagateValuesOnChangeOnly:44925167:41791
1135497077:updateInputs:44967042:291
1135497077:updateComponents:44967333:33500
1135497077:propagateValuesOnChangeOnly:45000917:42041
1135497077:updateInputs:45043042:250
1135497077:updateComponents:45043333:33667
1135497077:propagateValuesOnChangeOnly:45077000:42000
1135497077:updateInputs:45119083:292
1135497077:updateComponents:45119375:33417
1135497077:propagateValuesOnChangeOnly:45152833:41834
1135497077:updateInputs:45194750:292
1135497077:updateComponents:45195083:33584
1135497077:propagateValuesOnChangeOnly:45228708:41917
1135497077:updateInputs:45270708:292
1135497077:updateComponents:45271042:33416
1135497077:propagateValuesOnChangeOnly:45304500:41792
1135497077:updateInputs:45346375:250
1135497077:updateComponents:45346667:33500
1135497077:propagateValuesOnChangeOnly:45380208:42125
1135497077:updateInputs:45422417:250
1135497077:updateComponents:45422667:33541
1135497077:propagateValuesOnChangeOnly:45456250:41917
1135497077:updateInputs:45498250:292
1135497077:updateComponents:45498542:33583
1135497077:propagateValuesOnChangeOnly:45532167:41666
1135497077:updateInputs:45573917:250
1135497077:updateComponents:45574208:33417
1135497077:propagateValuesOnChangeOnly:45607667:41791
1135497077:updateInputs:45649542:333
1135497077:updateComponents:45649917:33708
1135497077:propagateValuesOnChangeOnly:45683667:42041
1135497077:updateInputs:45788208:292
1135497077:updateComponents:45788542:33500
1135497077:propagateValuesOnChangeOnly:45822125:41958
1135497077:updateInputs:45864167:291
1135497077:updateComponents:45864500:33750
1135497077:propagateValuesOnChangeOnly:45898292:42041
1135497077:updateInputs:45940417:291
1135497077:updateComponents:45940708:33417
1135497077:propagateValuesOnChangeOnly:45974208:42000
1135497077:updateInputs:46016292:291
1135497077:updateComponents:46016625:33500
1135497077:propagateValuesOnChangeOnly:46050167:41958
1135497077:updateInputs:46092208:250
1135497077:updateComponents:46092500:33625
1135497077:propagateValuesOnChangeOnly:46126167:42000
1135497077:updateInputs:46168250:250
1135497077:updateComponents:46168542:33625
1135497077:propagateValuesOnChangeOnly:46202208:42042
1135497077:updateInputs:46244375:250
1135497077:updateComponents:46244667:33333
1135497077:propagateValuesOnChangeOnly:46278042:42125
1135497077:updateInputs:46320250:250
1135497077:updateComponents:46320542:33416
1135497077:propagateValuesOnChangeOnly:46354000:41792
1135497077:updateInputs:46395833:292
1135497077:updateComponents:46396167:33458
1135497077:propagateValuesOnChangeOnly:46429667:42125
1135497077:updateInputs:46471875:250
1135497077:updateComponents:46472167:33416
1135497077:propagateValuesOnChangeOnly:46505625:41958
1135497077:updateInputs:46547667:291
1135497077:updateComponents:46547958:33459
1135497077:propagateValuesOnChangeOnly:46581458:41875
1135497077:updateInputs:46623417:291
1135497077:updateComponents:46623750:33417
1135497077:propagateValuesOnChangeOnly:46657208:42125
1135497077:updateInputs:46699417:208
1135497077:updateComponents:46699667:33541
1135497077:propagateValuesOnChangeOnly:46733250:42000
1135497077:updateInputs:46775333:250
1135497077:updateComponents:46775625:33625
1135497077:propagateValuesOnChangeOnly:46809292:42000
1135497077:updateInputs:46851375:250
1135497077:updateComponents:46851667:33583
1135497077:propagateValuesOnChangeOnly:46885292:41791
1135497077:updateInputs:46989625:292
1135497077:updateComponents:46989917:33500
1135497077:propagateValuesOnChangeOnly:47023458:42125
1135497077:updateInputs:47065667:250
1135497077:updateComponents:47065958:33459
1135497077:propagateValuesOnChangeOnly:47099458:42084
1135497077:updateInputs:47141625:292
1135497077:updateComponents:47141917:33458
1135497077:propagateValuesOnChangeOnly:47175417:42166
1135497077:updateInputs:47217667:291
1135497077:updateComponents:47217958:33584
1135497077:propagateValuesOnChangeOnly:47251583:42042
1135497077:updateInputs:47293708:250
1135497077:updateComponents:47294000:33500
1135497077:propagateValuesOnChangeOnly:47327542:42041
1135497077:updateInputs:47369667:250
1135497077:updateComponents:47369917:33500
1135497077:propagateValuesOnChangeOnly:47403458:42042
1135497077:updateInputs:47445583:292
1135497077:updateComponents:47445875:33500
1135497077:propagateValuesOnChangeOnly:47479417:41833
1135497077:updateInputs:47521375:250
1135497077:updateComponents:47521625:33583
1135497077:propagateValuesOnChangeOnly:47555250:41917
1135497077:updateInputs:47597250:250
1135497077:updateComponents:47597542:33250
1135497077:propagateValuesOnChangeOnly:47630833:41917
1135497077:updateInputs:47672833:250
1135497077:updateComponents:47673125:33375
1135497077:propagateValuesOnChangeOnly:47706542:42750
1135497077:updateInputs:47749375:250
1135497077:updateComponents:47749667:34708
1135497077:propagateValuesOnChangeOnly:47784417:43583
1135497077:updateInputs:47828083:250
1135497077:updateComponents:47828375:34250
1135497077:propagateValuesOnChangeOnly:47862667:41875
1135497077:updateInputs:47904625:292
1135497077:updateComponents:47904917:33375
1135497077:propagateValuesOnChangeOnly:47938333:42042
1135497077:updateInputs:47980458:250
1135497077:updateComponents:47980750:33500
1135497077:propagateValuesOnChangeOnly:48014292:41666
1135497077:updateInputs:48056042:291
1135497077:updateComponents:48056375:33292
1135497077:propagateValuesOnChangeOnly:48089708:41917
1135497077:updateInputs:48196833:334
1135497077:updateComponents:48197208:33417
1135497077:propagateValuesOnChangeOnly:48230667:42291
1135497077:updateInputs:48273042:291
1135497077:updateComponents:48273333:33459
1135497077:propagateValuesOnChangeOnly:48306833:42042
1135497077:updateInputs:48348958:250
1135497077:updateComponents:48349250:33625
1135497077:propagateValuesOnChangeOnly:48382917:42250
1135497077:updateInputs:48425250:292
1135497077:updateComponents:48425542:33541
1135497077:propagateValuesOnChangeOnly:48459125:41833
1135497077:updateInputs:48501042:250
1135497077:updateComponents:48501333:33500
1135497077:propagateValuesOnChangeOnly:48534917:41833
1135497077:updateInputs:48576833:250
1135497077:updateComponents:48577125:33667
1135497077:propagateValuesOnChangeOnly:48610875:42042
1135497077:updateInputs:48653000:250
1135497077:updateComponents:48653292:33458
1135497077:propagateValuesOnChangeOnly:48686792:42125
1135497077:updateInputs:48729000:292
1135497077:updateComponents:48729333:33334
1135497077:propagateValuesOnChangeOnly:48762708:42084
1135497077:updateInputs:48804875:292
1135497077:updateComponents:48805167:33625
1135497077:propagateValuesOnChangeOnly:48838833:41875
1135497077:updateInputs:48880833:250
1135497077:updateComponents:48881125:33542
1135497077:propagateValuesOnChangeOnly:48914708:42000
1135497077:updateInputs:48956792:250
1135497077:updateComponents:48957042:37708
1135497077:propagateValuesOnChangeOnly:48994792:41916
1135497077:updateInputs:49036792:250
1135497077:updateComponents:49037083:33667
1135497077:propagateValuesOnChangeOnly:49070833:42042
1135497077:updateInputs:49112958:250
1135497077:updateComponents:49114667:33541
1135497077:propagateValuesOnChangeOnly:49148250:42042
1135497077:updateInputs:49190375:250
1135497077:updateComponents:49190667:33500
1135497077:propagateValuesOnChangeOnly:49224208:42000
1135497077:updateInputs:49266292:250
1135497077:updateComponents:49266583:33584
1135497077:propagateValuesOnChangeOnly:49300208:41625
1135497077:updateInputs:49404375:292
1135497077:updateComponents:49404708:33334
1135497077:propagateValuesOnChangeOnly:49438083:42084
1135497077:updateInputs:49480250:292
1135497077:updateComponents:49480542:33500
1135497077:propagateValuesOnChangeOnly:49514083:42042
1135497077:updateInputs:49556208:250
1135497077:updateComponents:49556500:33708
1135497077:propagateValuesOnChangeOnly:49590250:42125
1135497077:updateInputs:49632458:292
1135497077:updateComponents:49632750:33333
1135497077:propagateValuesOnChangeOnly:49666125:41833
1135497077:updateInputs:49708042:291
1135497077:updateComponents:49708333:33542
1135497077:propagateValuesOnChangeOnly:49741917:42041
1135497077:updateInputs:49784042:250
1135497077:updateComponents:49784333:33584
1135497077:propagateValuesOnChangeOnly:49817958:42000
1135497077:updateInputs:49860083:250
1135497077:updateComponents:49860375:33417
1135497077:propagateValuesOnChangeOnly:49893875:42042
1135497077:updateInputs:49936000:250
1135497077:updateComponents:49936292:33458
1135497077:propagateValuesOnChangeOnly:49969792:41750
1135497077:updateInputs:50011625:250
1135497077:updateComponents:50011917:33458
1135497077:propagateValuesOnChangeOnly:50045417:41333
1135497077:updateInputs:50086833:292
1135497077:updateComponents:50087167:33291
1135497077:propagateValuesOnChangeOnly:50120500:41500
1135497077:updateInputs:50162042:250
1135497077:updateComponents:50162333:33625
1135497077:propagateValuesOnChangeOnly:50196042:42000
1135497077:updateInputs:50238125:250
1135497077:updateComponents:50238417:33416
1135497077:propagateValuesOnChangeOnly:50271875:42000
1135497077:updateInputs:50313958:250
1135497077:updateComponents:50314250:33625
1135497077:propagateValuesOnChangeOnly:50347917:41875
1135497077:updateInputs:50389917:250
1135497077:updateComponents:50390208:33334
1135497077:propagateValuesOnChangeOnly:50423583:42042
1135497077:updateInputs:50465708:292
1135497077:updateComponents:50466042:33416
1135497077:propagateValuesOnChangeOnly:50499500:42042
1135497077:updateInputs:50604250:333
1135497077:updateComponents:50604583:33500
1135497077:propagateValuesOnChangeOnly:50638125:42208
1135497077:updateInputs:50680375:292
1135497077:updateComponents:50680708:33417
1135497077:propagateValuesOnChangeOnly:50714167:42125
1135497077:updateInputs:50756375:250
1135497077:updateComponents:50756667:33625
1135497077:propagateValuesOnChangeOnly:50790333:42209
1135497077:updateInputs:50832625:250
1135497077:updateComponents:50832917:33458
1135497077:propagateValuesOnChangeOnly:50866417:42000
1135497077:updateInputs:50908500:250
1135497077:updateComponents:50908750:33292
1135497077:propagateValuesOnChangeOnly:50942083:42042
1135497077:updateInputs:50984208:209
1135497077:updateComponents:50984458:33417
1135497077:propagateValuesOnChangeOnly:51017917:42041
1135497077:updateInputs:51060042:250
1135497077:updateComponents:51060333:33417
1135497077:propagateValuesOnChangeOnly:51093792:42083
1135497077:updateInputs:51135958:250
1135497077:updateComponents:51136250:33500
1135497077:propagateValuesOnChangeOnly:51169792:42000
1135497077:updateInputs:51211875:250
1135497077:updateComponents:51212167:33333
1135497077:propagateValuesOnChangeOnly:51245542:42041
1135497077:updateInputs:51287667:250
1135497077:updateComponents:51287958:33500
1135497077:propagateValuesOnChangeOnly:51321500:42167
1135497077:updateInputs:51363708:250
1135497077:updateComponents:51364000:33542
1135497077:propagateValuesOnChangeOnly:51397542:42041
1135497077:updateInputs:51439667:250
1135497077:updateComponents:51439917:36500
1135497077:propagateValuesOnChangeOnly:51476458:41917
1135497077:updateInputs:51518458:250
1135497077:updateComponents:51518750:33417
1135497077:propagateValuesOnChangeOnly:51552208:41625
1135497077:updateInputs:51593917:250
1135497077:updateComponents:51594208:33542
1135497077:propagateValuesOnChangeOnly:51627792:42000
1135497077:updateInputs:51669875:292
1135497077:updateComponents:51670208:33417
1135497077:propagateValuesOnChangeOnly:51703667:41708
1135497077:updateInputs:51807833:292
1135497077:updateComponents:51808167:33375
1135497077:propagateValuesOnChangeOnly:51841583:42209
1135497077:updateInputs:51883875:250
1135497077:updateComponents:51884167:33666
1135497077:propagateValuesOnChangeOnly:51917875:42125
1135497077:updateInputs:51960083:250
1135497077:updateComponents:51960375:33417
1135497077:propagateValuesOnChangeOnly:51993833:42167
1135497077:updateInputs:52036083:250
1135497077:updateComponents:52036375:33458
1135497077:propagateValuesOnChangeOnly:52069875:42083
1135497077:updateInputs:52112000:292
1135497077:updateComponents:52112292:36041
1135497077:propagateValuesOnChangeOnly:52148375:41917
1135497077:updateInputs:52190375:250
1135497077:updateComponents:52190667:33291
1135497077:propagateValuesOnChangeOnly:52224000:42000
1135497077:updateInputs:52266083:250
1135497077:updateComponents:52266333:33334
1135497077:propagateValuesOnChangeOnly:52299750:41500
1135497077:updateInputs:52341333:250
1135497077:updateComponents:52341583:33250
1135497077:propagateValuesOnChangeOnly:52374875:42000
1135497077:updateInputs:52416958:250
1135497077:updateComponents:52417208:33500
1135497077:propagateValuesOnChangeOnly:52450750:42042
1135497077:updateInputs:52492875:208
1135497077:updateComponents:52493125:33667
1135497077:propagateValuesOnChangeOnly:52526833:41792
1135497077:updateInputs:52568708:250
1135497077:updateComponents:52569000:33333
1135497077:propagateValuesOnChangeOnly:52602375:41917
1135497077:updateInputs:52644375:292
1135497077:updateComponents:52644667:33541
1135497077:propagateValuesOnChangeOnly:52678250:41958
1135497077:updateInputs:52720292:250
1135497077:updateComponents:52720583:33334
1135497077:propagateValuesOnChangeOnly:52753958:42042
1135497077:updateInputs:52796042:250
1135497077:updateComponents:52796333:33459
1135497077:propagateValuesOnChangeOnly:52829833:41959
1135497077:updateInputs:52871875:333
1135497077:updateComponents:52872208:33417
1135497077:propagateValuesOnChangeOnly:52905667:42041
1135497077:updateInputs:53010125:333
1135497077:updateComponents:53010458:33584
1135497077:propagateValuesOnChangeOnly:53044083:42334
1135497077:updateInputs:53086500:292
1135497077:updateComponents:53086833:33500
1135497077:propagateValuesOnChangeOnly:53120375:41625
1135497077:updateInputs:53162083:250
1135497077:updateComponents:53162375:33542
1135497077:propagateValuesOnChangeOnly:53196000:42125
1135497077:updateInputs:53238208:250
1135497077:updateComponents:53238500:33500
1135497077:propagateValuesOnChangeOnly:53272083:41834
1135497077:updateInputs:53314000:292
1135497077:updateComponents:53314333:33625
1135497077:propagateValuesOnChangeOnly:53348000:42000
1135497077:updateInputs:53390125:208
1135497077:updateComponents:53390375:33500
1135497077:propagateValuesOnChangeOnly:53423917:41416
1135497077:updateInputs:53465417:291
1135497077:updateComponents:53465750:33417
1135497077:propagateValuesOnChangeOnly:53499208:41959
1135497077:updateInputs:53541292:250
1135497077:updateComponents:53541542:33583
1135497077:propagateValuesOnChangeOnly:53575167:42000
1135497077:updateInputs:53617250:292
1135497077:updateComponents:53617542:33458
1135497077:propagateValuesOnChangeOnly:53651042:41500
1135497077:updateInputs:53692625:250
1135497077:updateComponents:53692917:33458
1135497077:propagateValuesOnChangeOnly:53726417:41500
1135497077:updateInputs:53768000:292
1135497077:updateComponents:53768292:33458
1135497077:propagateValuesOnChangeOnly:53801792:42083
1135497077:updateInputs:53843958:250
1135497077:updateComponents:53844250:33458
1135497077:propagateValuesOnChangeOnly:53877750:42042
1135497077:updateInputs:53919875:250
1135497077:updateComponents:53920167:33416
1135497077:propagateValuesOnChangeOnly:53953625:42042
1135497077:updateInputs:53995750:292
1135497077:updateComponents:53996042:33541
1135497077:propagateValuesOnChangeOnly:54029625:42042
1135497077:updateInputs:54071750:250
1135497077:updateComponents:54072042:36125
1135497077:propagateValuesOnChangeOnly:54108208:41959
1135497077:updateInputs:54212667:291
1135497077:updateComponents:54213000:33375
1135497077:propagateValuesOnChangeOnly:54246417:42166
1135497077:updateInputs:54288667:291
1135497077:updateComponents:54288958:33417
1135497077:propagateValuesOnChangeOnly:54322375:42208
1135497077:updateInputs:54364625:250
1135497077:updateComponents:54364917:33333
1135497077:propagateValuesOnChangeOnly:54398292:42208
1135497077:updateInputs:54440542:250
1135497077:updateComponents:54440833:33625
1135497077:propagateValuesOnChangeOnly:54474458:41875
1135497077:updateInputs:54516417:291
1135497077:updateComponents:54516750:33250
1135497077:propagateValuesOnChangeOnly:54550042:41833
1135497077:updateInputs:54591958:292
1135497077:updateComponents:54592292:33416
1135497077:propagateValuesOnChangeOnly:54625792:42000
1135497077:updateInputs:54667875:292
1135497077:updateComponents:54668167:33416
1135497077:propagateValuesOnChangeOnly:54701625:41792
1135497077:updateInputs:54743500:292
1135497077:updateComponents:54743833:33417
1135497077:propagateValuesOnChangeOnly:54777292:41958
1135497077:updateInputs:54819333:292
1135497077:updateComponents:54819667:33666
1135497077:propagateValuesOnChangeOnly:54853375:42042
1135497077:updateInputs:54895500:292
1135497077:updateComponents:54895792:33291
1135497077:propagateValuesOnChangeOnly:54929125:41917
1135497077:updateInputs:54971167:250
1135497077:updateComponents:54971458:33250
1135497077:propagateValuesOnChangeOnly:55004750:41833
1135497077:updateInputs:55046667:291
1135497077:updateComponents:55047000:33542
1135497077:propagateValuesOnChangeOnly:55080583:42000
1135497077:updateInputs:55122667:250
1135497077:updateComponents:55122917:33458
1135497077:propagateValuesOnChangeOnly:55156417:41333
1135497077:updateInputs:55197833:250
1135497077:updateComponents:55198125:33500
1135497077:propagateValuesOnChangeOnly:55231667:42041
1135497077:updateInputs:55273792:250
1135497077:updateComponents:55274083:33375
1135497077:propagateValuesOnChangeOnly:55307500:42042
1135497077:updateInputs:55412042:291
1135497077:updateComponents:55412375:33333
1135497077:propagateValuesOnChangeOnly:55445750:42083
1135497077:updateInputs:55487917:291
1135497077:updateComponents:55488208:33417
1135497077:propagateValuesOnChangeOnly:55521667:41958
1135497077:updateInputs:55563708:292
1135497077:updateComponents:55564042:33500
1135497077:propagateValuesOnChangeOnly:55597583:42209
1135497077:updateInputs:55639875:250
1135497077:updateComponents:55640125:33542
1135497077:propagateValuesOnChangeOnly:55673708:41917
1135497077:updateInputs:55715708:334
1135497077:updateComponents:55716042:33541
1135497077:propagateValuesOnChangeOnly:55749625:41917
1135497077:updateInputs:55791625:250
1135497077:updateComponents:55791917:33625
1135497077:propagateValuesOnChangeOnly:55825583:41542
1135497077:updateInputs:55867208:292
1135497077:updateComponents:55867542:33416
1135497077:propagateValuesOnChangeOnly:55901000:41958
1135497077:updateInputs:55943042:250
1135497077:updateComponents:55943333:33375
1135497077:propagateValuesOnChangeOnly:55976750:42042
1135497077:updateInputs:56018875:250
1135497077:updateComponents:56019167:33375
1135497077:propagateValuesOnChangeOnly:56052583:42042
1135497077:updateInputs:56094667:250
1135497077:updateComponents:56094958:33459
1135497077:propagateValuesOnChangeOnly:56128458:41834
1135497077:updateInputs:56170375:250
1135497077:updateComponents:56170667:33250
1135497077:propagateValuesOnChangeOnly:56203958:41875
1135497077:updateInputs:56245917:291
1135497077:updateComponents:56246208:33417
1135497077:propagateValuesOnChangeOnly:56279667:41916
1135497077:updateInputs:56321667:291
1135497077:updateComponents:56322000:33292
1135497077:propagateValuesOnChangeOnly:56355375:41875
1135497077:updateInputs:56397333:292
1135497077:updateComponents:56397625:33625
1135497077:propagateValuesOnChangeOnly:56431292:42000
1135497077:updateInputs:56473375:292
1135497077:updateComponents:56473708:33500
1135497077:propagateValuesOnChangeOnly:56507250:42083
1135497077:updateInputs:56611792:291
1135497077:updateComponents:56612125:33250
1135497077:propagateValuesOnChangeOnly:56645417:41791
1135497077:updateInputs:56687292:291
1135497077:updateComponents:56687583:33417
1135497077:propagateValuesOnChangeOnly:56721042:42166
1135497077:updateInputs:56763292:208
1135497077:updateComponents:56763500:33333
1135497077:propagateValuesOnChangeOnly:56796875:42083
1135497077:updateInputs:56839042:291
1135497077:updateComponents:56839375:33583
1135497077:propagateValuesOnChangeOnly:56873000:41750
1135497077:updateInputs:56914833:250
1135497077:updateComponents:56915125:33417
1135497077:propagateValuesOnChangeOnly:56948583:41959
1135497077:updateInputs:56990625:292
1135497077:updateComponents:56990958:33584
1135497077:propagateValuesOnChangeOnly:57024583:41875
1135497077:updateInputs:57066542:250
1135497077:updateComponents:57066833:33542
1135497077:propagateValuesOnChangeOnly:57100417:41750
1135497077:updateInputs:57142250:292
1135497077:updateComponents:57142542:33375
1135497077:propagateValuesOnChangeOnly:57175958:41750
1135497077:updateInputs:57217792:291
1135497077:updateComponents:57218125:33667
1135497077:propagateValuesOnChangeOnly:57251833:42000
1135497077:updateInputs:57293917:250
1135497077:updateComponents:57294208:33459
1135497077:propagateValuesOnChangeOnly:57327708:41542
1135497077:updateInputs:57369333:250
1135497077:updateComponents:57369625:33458
1135497077:propagateValuesOnChangeOnly:57403125:42083
1135497077:updateInputs:57445292:250
1135497077:updateComponents:57445542:33500
1135497077:propagateValuesOnChangeOnly:57479042:41875
1135497077:updateInputs:57520958:292
1135497077:updateComponents:57521250:33667
1135497077:propagateValuesOnChangeOnly:57554958:42167
1135497077:updateInputs:57597167:250
1135497077:updateComponents:57597458:33459
1135497077:propagateValuesOnChangeOnly:57630917:41958
1135497077:updateInputs:57672917:333
1135497077:updateComponents:57673250:33625
1135497077:propagateValuesOnChangeOnly:57706917:42083
1135497077:updateInputs:57811458:292
1135497077:updateComponents:57811750:33667
1135497077:propagateValuesOnChangeOnly:57845458:42084
1135497077:updateInputs:57887625:292
1135497077:updateComponents:57887958:33459
1135497077:propagateValuesOnChangeOnly:57921500:42042
1135497077:updateInputs:57963625:250
1135497077:updateComponents:57963917:33500
1135497077:propagateValuesOnChangeOnly:57997458:42334
1135497077:updateInputs:58039833:250
1135497077:updateComponents:58040125:33500
1135497077:propagateValuesOnChangeOnly:58073667:41958
1135497077:updateInputs:58115667:291
1135497077:updateComponents:58116000:33500
1135497077:propagateValuesOnChangeOnly:58149542:42041
1135497077:updateInputs:58191667:250
1135497077:updateComponents:58191958:33542
1135497077:propagateValuesOnChangeOnly:58225583:41959
1135497077:updateInputs:58267625:250
1135497077:updateComponents:58280125:33500
1135497077:propagateValuesOnChangeOnly:58313667:42125
1135497077:updateInputs:58355875:250
1135497077:updateComponents:58356167:33666
1135497077:propagateValuesOnChangeOnly:58389875:41958
1135497077:updateInputs:58431875:292
1135497077:updateComponents:58432208:33459
1135497077:propagateValuesOnChangeOnly:58465708:41959
1135497077:updateInputs:58507750:250
1135497077:updateComponents:58508042:33583
1135497077:propagateValuesOnChangeOnly:58541667:42041
1135497077:updateInputs:58583792:291
1135497077:updateComponents:58584083:33542
1135497077:propagateValuesOnChangeOnly:58617625:41958
1135497077:updateInputs:58659625:292
1135497077:updateComponents:58659958:33292
1135497077:propagateValuesOnChangeOnly:58693292:46000
1135497077:updateInputs:58739333:292
1135497077:updateComponents:58739625:33750
1135497077:propagateValuesOnChangeOnly:58773417:43333
1135497077:updateInputs:58816833:250
1135497077:updateComponents:58817125:34417
1135497077:propagateValuesOnChangeOnly:58851583:41500
1135497077:updateInputs:58893125:292
1135497077:updateComponents:58893458:33500
1135497077:propagateValuesOnChangeOnly:58927000:42083
1135497077:updateInputs:59032583:334
1135497077:updateComponents:59032917:33333
1135497077:propagateValuesOnChangeOnly:59066292:41750
1135497077:updateInputs:59108083:334
1135497077:updateComponents:59108417:33416
1135497077:propagateValuesOnChangeOnly:59141875:42167
1135497077:updateInputs:59184083:250
1135497077:updateComponents:59184375:33375
1135497077:propagateValuesOnChangeOnly:59217792:42125
1135497077:updateInputs:59260042:208
1135497077:updateComponents:59260292:33541
1135497077:propagateValuesOnChangeOnly:59293875:41958
1135497077:updateInputs:59335917:291
1135497077:updateComponents:59336208:33334
1135497077:propagateValuesOnChangeOnly:59369583:42084
1135497077:updateInputs:59411750:250
1135497077:updateComponents:59412042:33416
1135497077:propagateValuesOnChangeOnly:59445500:42083
1135497077:updateInputs:59487667:250
1135497077:updateComponents:59487958:33625
1135497077:propagateValuesOnChangeOnly:59521667:42041
1135497077:updateInputs:59563792:250
1135497077:updateComponents:59564042:33458
1135497077:propagateValuesOnChangeOnly:59597542:41958
1135497077:updateInputs:59639542:291
1135497077:updateComponents:59639875:33333
1135497077:propagateValuesOnChangeOnly:59673250:42083
1135497077:updateInputs:59715375:292
1135497077:updateComponents:59715708:33459
1135497077:propagateValuesOnChangeOnly:59749208:42042
1135497077:updateInputs:59791292:250
1135497077:updateComponents:59791542:33500
1135497077:propagateValuesOnChangeOnly:59825083:41792
1135497077:updateInputs:59866958:292
1135497077:updateComponents:59867250:33667
1135497077:propagateValuesOnChangeOnly:59900917:41916
1135497077:updateInputs:59942958:250
1135497077:updateComponents:59943250:33500
1135497077:propagateValuesOnChangeOnly:59976792:41958
1135497077:updateInputs:60018792:291
1135497077:updateComponents:60019083:33584
1135497077:propagateValuesOnChangeOnly:60052708:41917
1135497077:updateInputs:60094667:291
1135497077:updateComponents:60095000:33708
1135497077:propagateValuesOnChangeOnly:60128750:41792
1135497077:updateInputs:60233042:291
1135497077:updateComponents:60233375:33417
1135497077:propagateValuesOnChangeOnly:60266833:41750
1135497077:updateInputs:60308667:291
1135497077:updateComponents:60309000:33250
1135497077:propagateValuesOnChangeOnly:60342292:41916
1135497077:updateInputs:60384292:250
1135497077:updateComponents:60384583:33500
1135497077:propagateValuesOnChangeOnly:60418083:42250
1135497077:updateInputs:60460375:250
1135497077:updateComponents:60460667:33416
1135497077:propagateValuesOnChangeOnly:60494125:42000
1135497077:updateInputs:60536167:250
1135497077:updateComponents:60536458:33709
1135497077:propagateValuesOnChangeOnly:60570208:42000
1135497077:updateInputs:60612292:250
1135497077:updateComponents:60612583:33459
1135497077:propagateValuesOnChangeOnly:60646083:41375
1135497077:updateInputs:60687542:250
1135497077:updateComponents:60687833:33417
1135497077:propagateValuesOnChangeOnly:60721292:41958
1135497077:updateInputs:60763333:292
1135497077:updateComponents:60763667:33333
1135497077:propagateValuesOnChangeOnly:60797042:41958
1135497077:updateInputs:60839083:250
1135497077:updateComponents:60839375:33500
1135497077:propagateValuesOnChangeOnly:60872917:41958
1135497077:updateInputs:60914958:250
1135497077:updateComponents:60915250:33417
1135497077:propagateValuesOnChangeOnly:60948750:41792
1135497077:updateInputs:60990625:292
1135497077:updateComponents:60990958:33584
1135497077:propagateValuesOnChangeOnly:61024583:41875
1135497077:updateInputs:61066542:250
1135497077:updateComponents:61066833:33542
1135497077:propagateValuesOnChangeOnly:61100417:42041
1135497077:updateInputs:61142583:209
1135497077:updateComponents:61142833:33542
1135497077:propagateValuesOnChangeOnly:61176417:41958
1135497077:updateInputs:61218458:292
1135497077:updateComponents:61218750:33458
1135497077:propagateValuesOnChangeOnly:61252250:42000
1135497077:updateInputs:61294292:291
1135497077:updateComponents:61294625:33375
1135497077:propagateValuesOnChangeOnly:61328042:41916
1135497077:updateInputs:61432458:334
1135497077:updateComponents:61432792:33291
1135497077:propagateValuesOnChangeOnly:61466125:41833
1135497077:updateInputs:61508042:333
1135497077:updateComponents:61508375:33458
1135497077:propagateValuesOnChangeOnly:61541875:42042
1135497077:updateInputs:61588417:250
1135497077:updateComponents:61588667:33541
1135497077:propagateValuesOnChangeOnly:61622250:41708
1135497077:updateInputs:61664083:250
1135497077:updateComponents:61664375:33375
1135497077:propagateValuesOnChangeOnly:61697792:41708
1135497077:updateInputs:61739583:250
1135497077:updateComponents:61739875:33333
1135497077:propagateValuesOnChangeOnly:61773250:41833
1135497077:updateInputs:61815167:291
1135497077:updateComponents:61815500:33417
1135497077:propagateValuesOnChangeOnly:61848958:42000
1135497077:updateInputs:61891042:250
1135497077:updateComponents:61891292:33500
1135497077:propagateValuesOnChangeOnly:61924833:41917
1135497077:updateInputs:61966833:292
1135497077:updateComponents:61967125:33375
1135497077:propagateValuesOnChangeOnly:62000542:44583
1135497077:updateInputs:62045167:250
1135497077:updateComponents:62045458:33417
1135497077:propagateValuesOnChangeOnly:62078917:41791
1135497077:updateInputs:62120792:250
1135497077:updateComponents:62121083:33459
1135497077:propagateValuesOnChangeOnly:62154583:41959
1135497077:updateInputs:62196625:292
1135497077:updateComponents:62196958:33375
1135497077:propagateValuesOnChangeOnly:62230417:41916
1135497077:updateInputs:62272417:250
1135497077:updateComponents:62272708:33375
1135497077:propagateValuesOnChangeOnly:62306167:41833
1135497077:updateInputs:62348083:334
1135497077:updateComponents:62348417:33375
1135497077:propagateValuesOnChangeOnly:62381833:41917
1135497077:updateInputs:62423833:292
1135497077:updateComponents:62424167:33541
1135497077:propagateValuesOnChangeOnly:62457750:41875
1135497077:Run loop:43383792:19115916
1135497077:main:458:63075125
