Title:D-Latch test
4229478498:updateInputs:598041:459
4229478498:updateComponents:626625:1250
4229478498:Init circuit:448125:292291
4229478498:updateInputs:743333:333
4229478498:updateComponents:744375:1083
4229478498:propagateValuesOnChangeOnly:747708:23542
4229478498:updateInputs:778458:375
4229478498:updateComponents:779500:1083
4229478498:propagateValuesOnChangeOnly:781208:24292
4229478498:updateInputs:814750:291
4229478498:updateComponents:815708:917
4229478498:propagateValuesOnChangeOnly:817250:22958
4229478498:updateInputs:847166:375
4229478498:updateComponents:848125:916
4229478498:propagateValuesOnChangeOnly:849625:29833
4229478498:updateInputs:886458:333
4229478498:updateComponents:887375:916
4229478498:propagateValuesOnChangeOnly:892583:26250
4229478498:updateInputs:925666:292
4229478498:updateComponents:926583:833
4229478498:propagateValuesOnChangeOnly:928041:29250
4229478498:updateInputs:964041:292
4229478498:updateComponents:964958:833
4229478498:propagateValuesOnChangeOnly:966416:32750
4229478498:updateInputs:1005875:333
4229478498:updateComponents:1006791:875
4229478498:propagateValuesOnChangeOnly:1008291:22500
4229478498:updateInputs:1037583:250
4229478498:updateComponents:1038416:875
4229478498:propagateValuesOnChangeOnly:1039916:27417
4229478498:updateInputs:1074291:334
4229478498:updateComponents:1075208:917
4229478498:propagateValuesOnChangeOnly:1076750:22416
4229478498:updateInputs:1112833:292
4229478498:updateComponents:1113750:791
4229478498:propagateValuesOnChangeOnly:1115166:29667
4229478498:updateInputs:1151708:250
4229478498:updateComponents:1152541:917
4229478498:propagateValuesOnChangeOnly:1154083:26250
4229478498:updateInputs:1187208:375
4229478498:updateComponents:1188166:875
4229478498:propagateValuesOnChangeOnly:1189666:29417
4229478498:updateInputs:1225958:208
4229478498:updateComponents:1226791:875
4229478498:propagateValuesOnChangeOnly:1228291:40209
4229478498:updateInputs:1275416:250
4229478498:updateComponents:1276333:875
4229478498:propagateValuesOnChangeOnly:1277791:22667
4229478498:updateInputs:1307166:334
4229478498:updateComponents:1308125:875
4229478498:propagateValuesOnChangeOnly:1309583:22792
4229478498:updateInputs:1339208:250
4229478498:updateComponents:1340083:875
4229478498:propagateValuesOnChangeOnly:1341541:29834
4229478498:updateInputs:1378125:291
4229478498:updateComponents:1379041:875
4229478498:propagateValuesOnChangeOnly:1380500:22500
4229478498:updateInputs:1409833:333
4229478498:updateComponents:1410791:875
4229478498:propagateValuesOnChangeOnly:1412250:22625
4229478498:Run loop:743250:698416
4229478498:main:1625:1459875
