Title: Divider test
2000872490:updateInputs:54542:83
2000872490:updateComponents:62834:458
2000872490:Init circuit:44084:21583
2000872490:updateInputs:65875:84
2000872490:updateComponents:65959:208
2000872490:propagateValuesOnChangeOnly:66334:416
2000872490:updateInputs:67667:83
2000872490:updateComponents:67750:125
2000872490:propagateValuesOnChangeOnly:67917:292
2000872490:updateInputs:69292:42
2000872490:updateComponents:69334:125
2000872490:propagateValuesOnChangeOnly:69500:209
2000872490:updateInputs:70500:42
2000872490:updateComponents:70542:125
2000872490:propagateValuesOnChangeOnly:70709:166
2000872490:updateInputs:71625:42
2000872490:updateComponents:71667:125
2000872490:propagateValuesOnChangeOnly:71959:208
2000872490:updateInputs:72917:0
2000872490:updateComponents:72959:125
2000872490:propagateValuesOnChangeOnly:73084:208
2000872490:updateInputs:74209:41
2000872490:updateComponents:74250:125
2000872490:propagateValuesOnChangeOnly:74417:167
2000872490:updateInputs:75334:83
2000872490:updateComponents:75417:125
2000872490:propagateValuesOnChangeOnly:75584:166
2000872490:updateInputs:76542:42
2000872490:updateComponents:76625:84
2000872490:propagateValuesOnChangeOnly:76750:250
2000872490:updateInputs:77792:0
2000872490:updateComponents:77834:125
2000872490:propagateValuesOnChangeOnly:77959:250
2000872490:updateInputs:79209:41
2000872490:updateComponents:79292:83
2000872490:propagateValuesOnChangeOnly:79417:208
2000872490:updateInputs:80417:42
2000872490:updateComponents:80459:125
2000872490:propagateValuesOnChangeOnly:80625:167
2000872490:updateInputs:81584:83
2000872490:updateComponents:81709:83
2000872490:propagateValuesOnChangeOnly:81834:208
2000872490:updateInputs:82834:41
2000872490:updateComponents:82917:83
2000872490:propagateValuesOnChangeOnly:83042:250
2000872490:updateInputs:84250:42
2000872490:updateComponents:84292:125
2000872490:propagateValuesOnChangeOnly:84459:208
2000872490:updateInputs:85500:42
2000872490:updateComponents:85584:125
2000872490:propagateValuesOnChangeOnly:85709:250
2000872490:updateInputs:86750:42
2000872490:updateComponents:86834:125
2000872490:propagateValuesOnChangeOnly:86959:250
2000872490:updateInputs:87959:41
2000872490:updateComponents:88000:125
2000872490:propagateValuesOnChangeOnly:88167:208
2000872490:updateInputs:89125:42
2000872490:updateComponents:89167:125
2000872490:propagateValuesOnChangeOnly:89334:208
2000872490:updateInputs:90292:0
2000872490:updateComponents:90334:125
2000872490:propagateValuesOnChangeOnly:90459:208
2000872490:updateInputs:91417:42
2000872490:updateComponents:91459:125
2000872490:propagateValuesOnChangeOnly:91834:208
2000872490:updateInputs:92834:0
2000872490:updateComponents:92917:83
2000872490:propagateValuesOnChangeOnly:93042:167
2000872490:updateInputs:94000:0
2000872490:updateComponents:94042:125
2000872490:propagateValuesOnChangeOnly:94167:208
2000872490:updateInputs:95125:42
2000872490:updateComponents:95167:125
2000872490:propagateValuesOnChangeOnly:95334:166
2000872490:updateInputs:96250:42
2000872490:updateComponents:96334:83
2000872490:propagateValuesOnChangeOnly:96459:208
2000872490:updateInputs:97417:42
2000872490:updateComponents:97459:125
2000872490:propagateValuesOnChangeOnly:97625:167
2000872490:updateInputs:98584:0
2000872490:updateComponents:98625:125
2000872490:propagateValuesOnChangeOnly:98750:209
2000872490:updateInputs:99709:41
2000872490:updateComponents:99792:125
2000872490:propagateValuesOnChangeOnly:99917:208
2000872490:updateInputs:100875:42
2000872490:updateComponents:100959:83
2000872490:propagateValuesOnChangeOnly:101084:250
2000872490:updateInputs:102084:41
2000872490:updateComponents:102167:83
2000872490:propagateValuesOnChangeOnly:102292:250
2000872490:updateInputs:103500:42
2000872490:updateComponents:103542:125
2000872490:propagateValuesOnChangeOnly:103709:208
2000872490:updateInputs:104667:42
2000872490:updateComponents:104750:125
2000872490:propagateValuesOnChangeOnly:104875:250
2000872490:updateInputs:105875:42
2000872490:updateComponents:105917:125
2000872490:propagateValuesOnChangeOnly:106084:291
2000872490:updateInputs:107125:42
2000872490:updateComponents:107167:125
2000872490:propagateValuesOnChangeOnly:107334:208
2000872490:updateInputs:108292:0
2000872490:updateComponents:108334:125
2000872490:propagateValuesOnChangeOnly:108459:208
2000872490:updateInputs:109417:42
2000872490:updateComponents:109500:84
2000872490:propagateValuesOnChangeOnly:109625:167
2000872490:updateInputs:110542:42
2000872490:updateComponents:110625:84
2000872490:propagateValuesOnChangeOnly:110750:209
2000872490:updateInputs:111667:42
2000872490:updateComponents:111750:84
2000872490:propagateValuesOnChangeOnly:111875:209
2000872490:updateInputs:112792:42
2000872490:updateComponents:112875:84
2000872490:propagateValuesOnChangeOnly:113000:209
2000872490:updateInputs:113959:41
2000872490:updateComponents:114042:83
2000872490:propagateValuesOnChangeOnly:114167:167
2000872490:updateInputs:115084:41
2000872490:updateComponents:115167:125
2000872490:propagateValuesOnChangeOnly:115292:208
2000872490:updateInputs:116250:42
2000872490:updateComponents:116334:83
2000872490:propagateValuesOnChangeOnly:116459:208
2000872490:updateInputs:119084:41
2000872490:updateComponents:119167:83
2000872490:propagateValuesOnChangeOnly:119292:208
2000872490:updateInputs:120250:42
2000872490:updateComponents:120334:83
2000872490:propagateValuesOnChangeOnly:120459:208
2000872490:updateInputs:121417:0
2000872490:updateComponents:121459:125
2000872490:propagateValuesOnChangeOnly:121584:208
2000872490:updateInputs:122542:42
2000872490:updateComponents:122625:84
2000872490:propagateValuesOnChangeOnly:122750:209
2000872490:updateInputs:123709:0
2000872490:updateComponents:123750:125
2000872490:propagateValuesOnChangeOnly:123875:209
2000872490:updateInputs:124792:42
2000872490:updateComponents:124875:125
2000872490:propagateValuesOnChangeOnly:125000:209
2000872490:updateInputs:125959:41
2000872490:updateComponents:126042:83
2000872490:propagateValuesOnChangeOnly:126167:208
2000872490:updateInputs:127125:42
2000872490:updateComponents:127209:83
2000872490:propagateValuesOnChangeOnly:127334:208
2000872490:updateInputs:128292:0
2000872490:updateComponents:128334:125
2000872490:propagateValuesOnChangeOnly:128500:167
2000872490:updateInputs:129417:42
2000872490:updateComponents:129500:125
2000872490:propagateValuesOnChangeOnly:129625:209
2000872490:updateInputs:130584:41
2000872490:updateComponents:130625:125
2000872490:propagateValuesOnChangeOnly:130792:167
2000872490:updateInputs:131750:0
2000872490:updateComponents:131792:125
2000872490:propagateValuesOnChangeOnly:131917:208
2000872490:updateInputs:132875:42
2000872490:updateComponents:132959:83
2000872490:propagateValuesOnChangeOnly:133084:208
2000872490:updateInputs:134084:41
2000872490:updateComponents:134167:83
2000872490:propagateValuesOnChangeOnly:134292:250
2000872490:updateInputs:135417:0
2000872490:updateComponents:135459:125
2000872490:propagateValuesOnChangeOnly:135625:250
2000872490:updateInputs:136709:41
2000872490:updateComponents:136792:83
2000872490:propagateValuesOnChangeOnly:136917:208
2000872490:updateInputs:137917:42
2000872490:updateComponents:137959:125
2000872490:propagateValuesOnChangeOnly:138125:209
2000872490:updateInputs:139084:41
2000872490:updateComponents:139125:125
2000872490:propagateValuesOnChangeOnly:139292:167
2000872490:updateInputs:140209:41
2000872490:updateComponents:140250:125
2000872490:propagateValuesOnChangeOnly:140417:167
2000872490:updateInputs:141334:41
2000872490:updateComponents:141375:125
2000872490:propagateValuesOnChangeOnly:141542:167
2000872490:updateInputs:142625:42
2000872490:updateComponents:142667:125
2000872490:propagateValuesOnChangeOnly:142834:166
2000872490:updateInputs:143792:42
2000872490:updateComponents:143834:125
2000872490:propagateValuesOnChangeOnly:144000:167
2000872490:updateInputs:144959:41
2000872490:updateComponents:145000:125
2000872490:propagateValuesOnChangeOnly:145167:208
2000872490:updateInputs:146125:42
2000872490:updateComponents:146209:83
2000872490:propagateValuesOnChangeOnly:146334:208
2000872490:updateInputs:147334:0
2000872490:updateComponents:147375:125
2000872490:propagateValuesOnChangeOnly:147542:167
2000872490:updateInputs:148459:41
2000872490:updateComponents:148542:83
2000872490:propagateValuesOnChangeOnly:148667:250
2000872490:updateInputs:149667:0
2000872490:updateComponents:149709:125
2000872490:propagateValuesOnChangeOnly:149834:208
2000872490:updateInputs:150792:42
2000872490:updateComponents:150834:125
2000872490:propagateValuesOnChangeOnly:151000:167
2000872490:updateInputs:151959:0
2000872490:updateComponents:152000:125
2000872490:propagateValuesOnChangeOnly:152167:167
2000872490:updateInputs:153084:41
2000872490:updateComponents:153167:125
2000872490:propagateValuesOnChangeOnly:153334:166
2000872490:updateInputs:154250:0
2000872490:updateComponents:154292:125
2000872490:propagateValuesOnChangeOnly:154417:250
2000872490:updateInputs:155375:42
2000872490:updateComponents:155417:125
2000872490:propagateValuesOnChangeOnly:155584:208
2000872490:updateInputs:156542:0
2000872490:updateComponents:156584:125
2000872490:propagateValuesOnChangeOnly:156709:250
2000872490:updateInputs:157667:42
2000872490:updateComponents:157750:84
2000872490:propagateValuesOnChangeOnly:157875:292
2000872490:updateInputs:158959:0
2000872490:updateComponents:159000:125
2000872490:propagateValuesOnChangeOnly:159125:292
2000872490:updateInputs:160209:41
2000872490:updateComponents:160292:83
2000872490:propagateValuesOnChangeOnly:160417:208
2000872490:updateInputs:161417:42
2000872490:updateComponents:161500:84
2000872490:propagateValuesOnChangeOnly:161625:209
2000872490:updateInputs:162625:42
2000872490:updateComponents:162709:83
2000872490:propagateValuesOnChangeOnly:162834:208
2000872490:updateInputs:163834:41
2000872490:updateComponents:163917:83
2000872490:propagateValuesOnChangeOnly:164042:208
2000872490:updateInputs:165042:0
2000872490:updateComponents:165084:125
2000872490:propagateValuesOnChangeOnly:165209:208
2000872490:updateInputs:166209:41
2000872490:updateComponents:166250:125
2000872490:propagateValuesOnChangeOnly:166417:250
2000872490:updateInputs:167417:42
2000872490:updateComponents:167500:84
2000872490:propagateValuesOnChangeOnly:167625:250
2000872490:updateInputs:168625:42
2000872490:updateComponents:168667:125
2000872490:propagateValuesOnChangeOnly:170292:208
2000872490:updateInputs:171292:42
2000872490:updateComponents:171334:125
2000872490:propagateValuesOnChangeOnly:171500:167
2000872490:updateInputs:172459:0
2000872490:updateComponents:172500:125
2000872490:propagateValuesOnChangeOnly:172625:209
2000872490:updateInputs:173584:41
2000872490:updateComponents:173667:125
2000872490:propagateValuesOnChangeOnly:173792:208
2000872490:updateInputs:174750:42
2000872490:updateComponents:174792:125
2000872490:propagateValuesOnChangeOnly:174959:208
2000872490:updateInputs:175917:0
2000872490:updateComponents:175959:125
2000872490:propagateValuesOnChangeOnly:176125:209
2000872490:updateInputs:177084:0
2000872490:updateComponents:177125:125
2000872490:propagateValuesOnChangeOnly:177250:250
2000872490:updateInputs:178250:42
2000872490:updateComponents:178292:125
2000872490:propagateValuesOnChangeOnly:178459:208
2000872490:updateInputs:179459:0
2000872490:updateComponents:179500:125
2000872490:propagateValuesOnChangeOnly:179625:292
2000872490:updateInputs:180667:42
2000872490:updateComponents:180750:84
2000872490:propagateValuesOnChangeOnly:180875:209
2000872490:updateInputs:181875:42
2000872490:updateComponents:181917:125
2000872490:propagateValuesOnChangeOnly:182084:166
2000872490:updateInputs:183000:42
2000872490:updateComponents:183084:125
2000872490:propagateValuesOnChangeOnly:183209:208
2000872490:updateInputs:184209:0
2000872490:updateComponents:184250:125
2000872490:propagateValuesOnChangeOnly:184375:250
2000872490:updateInputs:185375:42
2000872490:updateComponents:185417:125
2000872490:propagateValuesOnChangeOnly:185584:166
2000872490:updateInputs:186542:0
2000872490:updateComponents:186584:125
2000872490:propagateValuesOnChangeOnly:186709:208
2000872490:updateInputs:187667:42
2000872490:updateComponents:187750:84
2000872490:propagateValuesOnChangeOnly:187875:209
2000872490:updateInputs:188917:42
2000872490:updateComponents:188959:125
2000872490:propagateValuesOnChangeOnly:189125:167
2000872490:updateInputs:190084:0
2000872490:updateComponents:190125:125
2000872490:propagateValuesOnChangeOnly:190250:209
2000872490:updateInputs:191209:41
2000872490:updateComponents:191292:83
2000872490:propagateValuesOnChangeOnly:191417:208
2000872490:updateInputs:192375:42
2000872490:updateComponents:192459:83
2000872490:propagateValuesOnChangeOnly:192584:208
2000872490:updateInputs:193500:42
2000872490:updateComponents:193584:83
2000872490:propagateValuesOnChangeOnly:193709:208
2000872490:updateInputs:194667:42
2000872490:updateComponents:194709:125
2000872490:propagateValuesOnChangeOnly:194875:209
2000872490:updateInputs:195834:0
2000872490:updateComponents:195875:125
2000872490:propagateValuesOnChangeOnly:196000:250
2000872490:updateInputs:196959:41
2000872490:updateComponents:197042:83
2000872490:propagateValuesOnChangeOnly:197167:250
2000872490:updateInputs:198167:42
2000872490:updateComponents:198250:84
2000872490:propagateValuesOnChangeOnly:198375:209
2000872490:updateInputs:199417:0
2000872490:updateComponents:199459:125
2000872490:propagateValuesOnChangeOnly:199584:208
2000872490:updateInputs:200584:41
2000872490:updateComponents:200625:125
2000872490:propagateValuesOnChangeOnly:200792:167
2000872490:updateInputs:201750:42
2000872490:updateComponents:201834:83
2000872490:propagateValuesOnChangeOnly:201959:208
2000872490:updateInputs:202959:41
2000872490:updateComponents:203042:83
2000872490:propagateValuesOnChangeOnly:203167:208
2000872490:updateInputs:204167:42
2000872490:updateComponents:204209:125
2000872490:propagateValuesOnChangeOnly:204375:209
2000872490:updateInputs:205375:0
2000872490:updateComponents:205417:125
2000872490:propagateValuesOnChangeOnly:205542:250
2000872490:updateInputs:206542:42
2000872490:updateComponents:206625:84
2000872490:propagateValuesOnChangeOnly:206750:209
2000872490:updateInputs:207750:0
2000872490:updateComponents:207792:125
2000872490:propagateValuesOnChangeOnly:207917:208
2000872490:updateInputs:208834:41
2000872490:updateComponents:208917:83
2000872490:propagateValuesOnChangeOnly:209042:208
2000872490:updateInputs:210000:42
2000872490:updateComponents:210042:125
2000872490:propagateValuesOnChangeOnly:210209:166
2000872490:Run loop:65834:145333
2000872490:main:42:220125
