Title: Full adder test
356348124:updateInputs:21583:42
356348124:updateComponents:32792:125
356348124:Init circuit:14583:21084
356348124:updateInputs:35792:41
356348124:updateComponents:35875:83
356348124:propagateValuesOnChangeOnly:36250:167
356348124:updateInputs:37125:42
356348124:updateComponents:37208:42
356348124:propagateValuesOnChangeOnly:37333:125
356348124:updateInputs:38167:0
356348124:updateComponents:38208:42
356348124:propagateValuesOnChangeOnly:38292:83
356348124:updateInputs:39125:0
356348124:updateComponents:39167:41
356348124:propagateValuesOnChangeOnly:39208:125
356348124:updateInputs:39917:0
356348124:updateComponents:39958:42
356348124:propagateValuesOnChangeOnly:40167:83
356348124:updateInputs:40833:0
356348124:updateComponents:40875:42
356348124:propagateValuesOnChangeOnly:40958:84
356348124:updateInputs:41542:0
356348124:updateComponents:41583:42
356348124:propagateValuesOnChangeOnly:41667:83
356348124:updateInputs:42250:42
356348124:updateComponents:42333:42
356348124:propagateValuesOnChangeOnly:42375:83
356348124:updateInputs:43167:41
356348124:updateComponents:43208:42
356348124:propagateValuesOnChangeOnly:43292:83
356348124:updateInputs:43917:41
356348124:updateComponents:44000:42
356348124:propagateValuesOnChangeOnly:44042:83
356348124:updateInputs:45042:41
356348124:updateComponents:45083:42
356348124:propagateValuesOnChangeOnly:45167:125
356348124:updateInputs:45875:0
356348124:updateComponents:45917:41
356348124:propagateValuesOnChangeOnly:46000:83
356348124:updateInputs:46625:0
356348124:updateComponents:46667:41
356348124:propagateValuesOnChangeOnly:46750:83
356348124:updateInputs:47375:42
356348124:updateComponents:47417:41
356348124:propagateValuesOnChangeOnly:47500:83
356348124:updateInputs:48167:41
356348124:updateComponents:48208:42
356348124:propagateValuesOnChangeOnly:48292:83
356348124:updateInputs:48917:41
356348124:updateComponents:48958:42
356348124:propagateValuesOnChangeOnly:49042:83
356348124:updateInputs:49667:0
356348124:updateComponents:49708:42
356348124:propagateValuesOnChangeOnly:49792:83
356348124:updateInputs:50417:0
356348124:updateComponents:50458:42
356348124:propagateValuesOnChangeOnly:50542:83
356348124:updateInputs:51167:0
356348124:updateComponents:51208:42
356348124:propagateValuesOnChangeOnly:51292:83
356348124:updateInputs:52042:41
356348124:updateComponents:52125:42
356348124:propagateValuesOnChangeOnly:52208:84
356348124:updateInputs:52875:42
356348124:updateComponents:52917:41
356348124:propagateValuesOnChangeOnly:53167:166
356348124:updateInputs:53917:41
356348124:updateComponents:53958:42
356348124:propagateValuesOnChangeOnly:54042:83
356348124:updateInputs:54708:0
356348124:updateComponents:54750:42
356348124:propagateValuesOnChangeOnly:54833:84
356348124:updateInputs:55458:0
356348124:updateComponents:55500:42
356348124:propagateValuesOnChangeOnly:55542:83
356348124:updateInputs:56167:41
356348124:updateComponents:56250:42
356348124:propagateValuesOnChangeOnly:56292:83
356348124:updateInputs:56917:0
356348124:updateComponents:56958:42
356348124:propagateValuesOnChangeOnly:57042:83
356348124:updateInputs:57625:0
356348124:updateComponents:57667:41
356348124:propagateValuesOnChangeOnly:57750:83
356348124:updateInputs:58333:42
356348124:updateComponents:58375:42
356348124:propagateValuesOnChangeOnly:58458:84
356348124:updateInputs:59042:41
356348124:updateComponents:59083:42
356348124:propagateValuesOnChangeOnly:59167:83
356348124:updateInputs:59750:42
356348124:updateComponents:59833:42
356348124:propagateValuesOnChangeOnly:59917:41
356348124:updateInputs:60542:0
356348124:updateComponents:60583:42
356348124:propagateValuesOnChangeOnly:60667:125
356348124:updateInputs:61375:0
356348124:updateComponents:61417:41
356348124:propagateValuesOnChangeOnly:61500:125
356348124:updateInputs:62208:0
356348124:updateComponents:62250:42
356348124:propagateValuesOnChangeOnly:62292:83
356348124:updateInputs:62958:42
356348124:updateComponents:63042:41
356348124:propagateValuesOnChangeOnly:63083:84
356348124:updateInputs:63750:0
356348124:updateComponents:63792:41
356348124:propagateValuesOnChangeOnly:63875:83
356348124:updateInputs:64500:0
356348124:updateComponents:64542:41
356348124:propagateValuesOnChangeOnly:64625:42
356348124:updateInputs:65208:42
356348124:updateComponents:65292:41
356348124:propagateValuesOnChangeOnly:65333:84
356348124:updateInputs:65958:42
356348124:updateComponents:66000:42
356348124:propagateValuesOnChangeOnly:66083:84
356348124:updateInputs:66708:0
356348124:updateComponents:66750:42
356348124:propagateValuesOnChangeOnly:66833:84
356348124:updateInputs:67458:42
356348124:updateComponents:67542:41
356348124:propagateValuesOnChangeOnly:67625:83
356348124:updateInputs:68375:42
356348124:updateComponents:68458:42
356348124:propagateValuesOnChangeOnly:68500:125
356348124:updateInputs:69208:0
356348124:updateComponents:69250:42
356348124:propagateValuesOnChangeOnly:69333:84
356348124:updateInputs:71458:42
356348124:updateComponents:71500:42
356348124:propagateValuesOnChangeOnly:71583:84
356348124:updateInputs:72208:0
356348124:updateComponents:72250:42
356348124:propagateValuesOnChangeOnly:72333:84
356348124:updateInputs:72917:41
356348124:updateComponents:73000:42
356348124:propagateValuesOnChangeOnly:73042:83
356348124:updateInputs:73667:0
356348124:updateComponents:73708:42
356348124:propagateValuesOnChangeOnly:73792:83
356348124:updateInputs:74375:42
356348124:updateComponents:74417:41
356348124:propagateValuesOnChangeOnly:74500:83
356348124:updateInputs:75083:42
356348124:updateComponents:75167:41
356348124:propagateValuesOnChangeOnly:75208:84
356348124:updateInputs:75833:42
356348124:updateComponents:75875:42
356348124:propagateValuesOnChangeOnly:75958:84
356348124:updateInputs:76542:41
356348124:updateComponents:76625:42
356348124:propagateValuesOnChangeOnly:76667:83
356348124:updateInputs:77292:41
356348124:updateComponents:77375:42
356348124:propagateValuesOnChangeOnly:77417:125
356348124:updateInputs:78083:42
356348124:updateComponents:78167:41
356348124:propagateValuesOnChangeOnly:78208:125
356348124:updateInputs:78875:42
356348124:updateComponents:78917:41
356348124:propagateValuesOnChangeOnly:79000:83
356348124:updateInputs:79625:0
356348124:updateComponents:79667:41
356348124:propagateValuesOnChangeOnly:79750:83
356348124:updateInputs:80375:0
356348124:updateComponents:80417:41
356348124:propagateValuesOnChangeOnly:80458:125
356348124:updateInputs:81083:42
356348124:updateComponents:81125:83
356348124:propagateValuesOnChangeOnly:81208:84
356348124:updateInputs:81833:42
356348124:updateComponents:81875:42
356348124:propagateValuesOnChangeOnly:81958:84
356348124:updateInputs:82542:41
356348124:updateComponents:82583:42
356348124:propagateValuesOnChangeOnly:82667:83
356348124:updateInputs:83250:42
356348124:updateComponents:83292:41
356348124:propagateValuesOnChangeOnly:83375:83
356348124:updateInputs:84000:42
356348124:updateComponents:84042:41
356348124:propagateValuesOnChangeOnly:84125:83
356348124:updateInputs:84792:0
356348124:updateComponents:84833:42
356348124:propagateValuesOnChangeOnly:84917:125
356348124:updateInputs:85625:42
356348124:updateComponents:85667:41
356348124:propagateValuesOnChangeOnly:85750:125
356348124:updateInputs:86375:42
356348124:updateComponents:86417:83
356348124:propagateValuesOnChangeOnly:86500:83
356348124:updateInputs:87083:42
356348124:updateComponents:87167:41
356348124:propagateValuesOnChangeOnly:87208:84
356348124:updateInputs:87833:0
356348124:updateComponents:87875:42
356348124:propagateValuesOnChangeOnly:87917:83
356348124:updateInputs:88542:0
356348124:updateComponents:88583:42
356348124:propagateValuesOnChangeOnly:88667:83
356348124:updateInputs:89250:42
356348124:updateComponents:89333:42
356348124:propagateValuesOnChangeOnly:89375:83
356348124:updateInputs:90000:0
356348124:updateComponents:90042:41
356348124:propagateValuesOnChangeOnly:90125:83
356348124:updateInputs:90708:0
356348124:updateComponents:90750:42
356348124:propagateValuesOnChangeOnly:90833:84
356348124:updateInputs:91417:41
356348124:updateComponents:91500:42
356348124:propagateValuesOnChangeOnly:91542:83
356348124:updateInputs:92167:0
356348124:updateComponents:92208:42
356348124:propagateValuesOnChangeOnly:92292:83
356348124:updateInputs:92958:0
356348124:updateComponents:93000:42
356348124:propagateValuesOnChangeOnly:93083:84
356348124:updateInputs:93708:0
356348124:updateComponents:93750:42
356348124:propagateValuesOnChangeOnly:93833:84
356348124:updateInputs:94458:0
356348124:updateComponents:94500:42
356348124:propagateValuesOnChangeOnly:94583:84
356348124:updateInputs:95208:0
356348124:updateComponents:95250:42
356348124:propagateValuesOnChangeOnly:95292:83
356348124:updateInputs:95917:41
356348124:updateComponents:95958:42
356348124:propagateValuesOnChangeOnly:96042:83
356348124:updateInputs:96667:0
356348124:updateComponents:96708:42
356348124:propagateValuesOnChangeOnly:96750:83
356348124:updateInputs:97375:42
356348124:updateComponents:97417:41
356348124:propagateValuesOnChangeOnly:97500:83
356348124:updateInputs:98125:0
356348124:updateComponents:98167:41
356348124:propagateValuesOnChangeOnly:98250:83
356348124:updateInputs:98833:42
356348124:updateComponents:98917:41
356348124:propagateValuesOnChangeOnly:99000:83
356348124:updateInputs:99625:42
356348124:updateComponents:99708:42
356348124:propagateValuesOnChangeOnly:99750:125
356348124:updateInputs:100458:0
356348124:updateComponents:100500:42
356348124:propagateValuesOnChangeOnly:100542:125
356348124:updateInputs:101208:42
356348124:updateComponents:101250:42
356348124:propagateValuesOnChangeOnly:101333:84
356348124:updateInputs:102125:42
356348124:updateComponents:102167:41
356348124:propagateValuesOnChangeOnly:102250:83
356348124:updateInputs:102875:0
356348124:updateComponents:102917:41
356348124:propagateValuesOnChangeOnly:104458:84
356348124:updateInputs:105083:42
356348124:updateComponents:105167:41
356348124:propagateValuesOnChangeOnly:105250:83
356348124:updateInputs:105833:0
356348124:updateComponents:105875:42
356348124:propagateValuesOnChangeOnly:105958:84
356348124:updateInputs:106542:0
356348124:updateComponents:106583:42
356348124:propagateValuesOnChangeOnly:106667:83
356348124:updateInputs:107250:42
356348124:updateComponents:107292:41
356348124:propagateValuesOnChangeOnly:107375:83
356348124:Run loop:35792:72208
356348124:main:42:111166
