Title: 16-bit register with enable test
1433007596:updateInputs:176250:208
1433007596:updateComponents:185000:1708
1433007596:Init circuit:112750:83875
1433007596:updateInputs:196792:166
1433007596:updateComponents:197000:1292
1433007596:propagateValuesOnChangeOnly:198500:2042
1433007596:updateInputs:206125:167
1433007596:updateComponents:206333:1209
1433007596:propagateValuesOnChangeOnly:207625:1875
1433007596:updateInputs:215250:83
1433007596:updateComponents:215375:1250
1433007596:propagateValuesOnChangeOnly:216667:1875
1433007596:updateInputs:223792:83
1433007596:updateComponents:223917:1208
1433007596:propagateValuesOnChangeOnly:225167:1833
1433007596:updateInputs:232292:83
1433007596:updateComponents:232417:1208
1433007596:propagateValuesOnChangeOnly:233875:1792
1433007596:updateInputs:240917:83
1433007596:updateComponents:241042:1208
1433007596:propagateValuesOnChangeOnly:242292:2000
1433007596:updateInputs:249708:84
1433007596:updateComponents:249833:1209
1433007596:propagateValuesOnChangeOnly:251083:2292
1433007596:updateInputs:258625:83
1433007596:updateComponents:258750:1208
1433007596:propagateValuesOnChangeOnly:260000:2042
1433007596:updateInputs:267292:83
1433007596:updateComponents:267417:1208
1433007596:propagateValuesOnChangeOnly:268667:2083
1433007596:updateInputs:276000:167
1433007596:updateComponents:276208:1250
1433007596:propagateValuesOnChangeOnly:277500:1917
1433007596:updateInputs:284875:167
1433007596:updateComponents:285083:1209
1433007596:propagateValuesOnChangeOnly:286333:2209
1433007596:updateInputs:293875:83
1433007596:updateComponents:294000:1208
1433007596:propagateValuesOnChangeOnly:295250:2250
1433007596:updateInputs:302750:125
1433007596:updateComponents:302917:1208
1433007596:propagateValuesOnChangeOnly:304167:2125
1433007596:updateInputs:311500:125
1433007596:updateComponents:311625:1208
1433007596:propagateValuesOnChangeOnly:312917:1833
1433007596:updateInputs:320250:83
1433007596:updateComponents:320375:1208
1433007596:propagateValuesOnChangeOnly:321667:1791
1433007596:updateInputs:328750:83
1433007596:updateComponents:328875:1208
1433007596:propagateValuesOnChangeOnly:330125:2042
1433007596:updateInputs:337375:83
1433007596:updateComponents:337500:1208
1433007596:propagateValuesOnChangeOnly:338750:2250
1433007596:updateInputs:346292:125
1433007596:updateComponents:346417:1208
1433007596:propagateValuesOnChangeOnly:347708:2042
1433007596:updateInputs:355042:83
1433007596:updateComponents:355167:1208
1433007596:propagateValuesOnChangeOnly:356417:2291
1433007596:updateInputs:363958:167
1433007596:updateComponents:364125:1208
1433007596:propagateValuesOnChangeOnly:365417:2166
1433007596:updateInputs:372833:125
1433007596:updateComponents:372958:1167
1433007596:propagateValuesOnChangeOnly:377875:2167
1433007596:updateInputs:385292:83
1433007596:updateComponents:385458:1167
1433007596:propagateValuesOnChangeOnly:386708:2125
1433007596:updateInputs:394042:83
1433007596:updateComponents:394167:1208
1433007596:propagateValuesOnChangeOnly:395417:2083
1433007596:updateInputs:402750:83
1433007596:updateComponents:402875:1250
1433007596:propagateValuesOnChangeOnly:404167:1833
1433007596:updateInputs:411167:125
1433007596:updateComponents:411292:1208
1433007596:propagateValuesOnChangeOnly:412583:1750
1433007596:updateInputs:419500:125
1433007596:updateComponents:419625:1208
1433007596:propagateValuesOnChangeOnly:420917:1958
1433007596:updateInputs:428042:83
1433007596:updateComponents:428167:1208
1433007596:propagateValuesOnChangeOnly:429417:2166
1433007596:updateInputs:436708:84
1433007596:updateComponents:436833:1209
1433007596:propagateValuesOnChangeOnly:438083:2042
1433007596:updateInputs:445333:84
1433007596:updateComponents:445458:1209
1433007596:propagateValuesOnChangeOnly:446708:2500
1433007596:updateInputs:454458:167
1433007596:updateComponents:454667:1166
1433007596:propagateValuesOnChangeOnly:455917:2125
1433007596:updateInputs:463667:125
1433007596:updateComponents:463792:1208
1433007596:propagateValuesOnChangeOnly:465083:2042
1433007596:updateInputs:472292:83
1433007596:updateComponents:472417:1208
1433007596:propagateValuesOnChangeOnly:473667:2166
1433007596:updateInputs:481042:83
1433007596:updateComponents:481125:1208
1433007596:propagateValuesOnChangeOnly:482417:2000
1433007596:updateInputs:489625:83
1433007596:updateComponents:489750:1208
1433007596:propagateValuesOnChangeOnly:491000:1792
1433007596:updateInputs:498000:83
1433007596:updateComponents:498125:1208
1433007596:propagateValuesOnChangeOnly:499375:1792
1433007596:updateInputs:506333:84
1433007596:updateComponents:506458:1209
1433007596:propagateValuesOnChangeOnly:507708:1959
1433007596:updateInputs:514833:84
1433007596:updateComponents:514958:1209
1433007596:propagateValuesOnChangeOnly:516208:2167
1433007596:updateInputs:523583:84
1433007596:updateComponents:523708:1250
1433007596:propagateValuesOnChangeOnly:525000:2042
1433007596:updateInputs:532083:125
1433007596:updateComponents:532208:1292
1433007596:propagateValuesOnChangeOnly:533542:2333
1433007596:updateInputs:541042:125
1433007596:updateComponents:541208:1209
1433007596:propagateValuesOnChangeOnly:542458:2084
1433007596:updateInputs:549750:125
1433007596:updateComponents:549875:1250
1433007596:propagateValuesOnChangeOnly:551167:2125
1433007596:updateInputs:558458:84
1433007596:updateComponents:558583:1209
1433007596:propagateValuesOnChangeOnly:559833:2167
1433007596:updateInputs:571708:84
1433007596:updateComponents:571833:1209
1433007596:propagateValuesOnChangeOnly:573125:2250
1433007596:updateInputs:580542:83
1433007596:updateComponents:580667:1208
1433007596:propagateValuesOnChangeOnly:581917:2000
1433007596:updateInputs:589083:84
1433007596:updateComponents:589208:1209
1433007596:propagateValuesOnChangeOnly:590458:1792
1433007596:updateInputs:597458:125
1433007596:updateComponents:597583:1209
1433007596:propagateValuesOnChangeOnly:598833:1959
1433007596:updateInputs:606000:83
1433007596:updateComponents:606125:1208
1433007596:propagateValuesOnChangeOnly:607375:2208
1433007596:updateInputs:614708:84
1433007596:updateComponents:614833:1167
1433007596:propagateValuesOnChangeOnly:616083:2125
1433007596:updateInputs:623333:125
1433007596:updateComponents:623458:1209
1433007596:propagateValuesOnChangeOnly:624708:2125
1433007596:updateInputs:632000:83
1433007596:updateComponents:632125:1208
1433007596:propagateValuesOnChangeOnly:633375:2000
1433007596:updateInputs:640542:83
1433007596:updateComponents:640667:1208
1433007596:propagateValuesOnChangeOnly:641917:1958
1433007596:updateInputs:649000:125
1433007596:updateComponents:649125:1208
1433007596:propagateValuesOnChangeOnly:650375:1917
1433007596:updateInputs:657625:83
1433007596:updateComponents:657750:1167
1433007596:propagateValuesOnChangeOnly:659000:1875
1433007596:updateInputs:666167:125
1433007596:updateComponents:666292:1208
1433007596:propagateValuesOnChangeOnly:667542:1833
1433007596:updateInputs:674625:83
1433007596:updateComponents:674708:1209
1433007596:propagateValuesOnChangeOnly:675958:1792
1433007596:updateInputs:683042:83
1433007596:updateComponents:683125:1208
1433007596:propagateValuesOnChangeOnly:684375:1958
1433007596:updateInputs:691542:83
1433007596:updateComponents:691667:1208
1433007596:propagateValuesOnChangeOnly:692917:2208
1433007596:updateInputs:700333:84
1433007596:updateComponents:700458:1209
1433007596:propagateValuesOnChangeOnly:701708:2084
1433007596:updateInputs:709083:84
1433007596:updateComponents:709208:1209
1433007596:propagateValuesOnChangeOnly:710458:2042
1433007596:updateInputs:717708:84
1433007596:updateComponents:717833:1209
1433007596:propagateValuesOnChangeOnly:719083:2000
1433007596:updateInputs:726250:83
1433007596:updateComponents:726375:1208
1433007596:propagateValuesOnChangeOnly:727625:2167
1433007596:updateInputs:735083:84
1433007596:updateComponents:735208:1209
1433007596:propagateValuesOnChangeOnly:736458:2125
1433007596:updateInputs:743792:83
1433007596:updateComponents:743917:1208
1433007596:propagateValuesOnChangeOnly:745167:2041
1433007596:updateInputs:756292:83
1433007596:updateComponents:756417:1208
1433007596:propagateValuesOnChangeOnly:757667:2208
1433007596:updateInputs:765125:83
1433007596:updateComponents:765250:1208
1433007596:propagateValuesOnChangeOnly:766500:1917
1433007596:updateInputs:773667:83
1433007596:updateComponents:773792:1208
1433007596:propagateValuesOnChangeOnly:775042:1958
1433007596:updateInputs:782208:84
1433007596:updateComponents:782333:1209
1433007596:propagateValuesOnChangeOnly:783583:2167
1433007596:updateInputs:790917:83
1433007596:updateComponents:791042:1208
1433007596:propagateValuesOnChangeOnly:792292:2000
1433007596:updateInputs:799500:83
1433007596:updateComponents:799625:1208
1433007596:propagateValuesOnChangeOnly:800875:2083
1433007596:updateInputs:808125:83
1433007596:updateComponents:808250:1208
1433007596:propagateValuesOnChangeOnly:809500:1917
1433007596:updateInputs:816583:125
1433007596:updateComponents:816708:1209
1433007596:propagateValuesOnChangeOnly:818000:1958
1433007596:updateInputs:825208:84
1433007596:updateComponents:825333:1209
1433007596:propagateValuesOnChangeOnly:826583:1917
1433007596:updateInputs:833750:83
1433007596:updateComponents:833875:1208
1433007596:propagateValuesOnChangeOnly:835125:1917
1433007596:updateInputs:842208:84
1433007596:updateComponents:842333:1209
1433007596:propagateValuesOnChangeOnly:843583:1834
1433007596:Run loop:196792:653875
1433007596:main:42:927208
