Title: ALU test
1513547155:updateInputs:84709:83
1513547155:updateComponents:99334:833
1513547155:Init circuit:58375:47292
1513547155:updateInputs:105792:83
1513547155:updateComponents:105917:417
1513547155:propagateValuesOnChangeOnly:106542:1208
1513547155:updateInputs:111459:83
1513547155:updateComponents:111584:333
1513547155:propagateValuesOnChangeOnly:111959:1041
1513547155:updateInputs:116667:42
1513547155:updateComponents:116750:334
1513547155:propagateValuesOnChangeOnly:117125:875
1513547155:updateInputs:121750:42
1513547155:updateComponents:121834:333
1513547155:propagateValuesOnChangeOnly:122209:833
1513547155:updateInputs:126542:42
1513547155:updateComponents:126625:334
1513547155:propagateValuesOnChangeOnly:127167:833
1513547155:updateInputs:131459:41
1513547155:updateComponents:131584:333
1513547155:propagateValuesOnChangeOnly:131959:750
1513547155:updateInputs:136167:42
1513547155:updateComponents:136209:375
1513547155:propagateValuesOnChangeOnly:136584:833
1513547155:updateInputs:141084:41
1513547155:updateComponents:141167:375
1513547155:propagateValuesOnChangeOnly:141542:750
1513547155:updateInputs:145834:41
1513547155:updateComponents:145875:375
1513547155:propagateValuesOnChangeOnly:146292:750
1513547155:updateInputs:150459:41
1513547155:updateComponents:150542:333
1513547155:propagateValuesOnChangeOnly:150917:708
1513547155:updateInputs:155792:42
1513547155:updateComponents:155875:375
1513547155:propagateValuesOnChangeOnly:156250:750
1513547155:updateInputs:160542:42
1513547155:updateComponents:160584:375
1513547155:propagateValuesOnChangeOnly:160959:708
1513547155:updateInputs:165084:41
1513547155:updateComponents:165167:333
1513547155:propagateValuesOnChangeOnly:165542:750
1513547155:updateInputs:169750:42
1513547155:updateComponents:169834:375
1513547155:propagateValuesOnChangeOnly:170209:708
1513547155:updateInputs:174417:42
1513547155:updateComponents:174459:333
1513547155:propagateValuesOnChangeOnly:174834:666
1513547155:updateInputs:178959:41
1513547155:updateComponents:179042:375
1513547155:propagateValuesOnChangeOnly:179417:667
1513547155:updateInputs:183875:42
1513547155:updateComponents:183917:375
1513547155:propagateValuesOnChangeOnly:184292:667
1513547155:updateInputs:188542:0
1513547155:updateComponents:188584:375
1513547155:propagateValuesOnChangeOnly:188959:666
1513547155:updateInputs:193125:42
1513547155:updateComponents:193167:375
1513547155:propagateValuesOnChangeOnly:193584:625
1513547155:updateInputs:197750:42
1513547155:updateComponents:197834:333
1513547155:propagateValuesOnChangeOnly:198209:666
1513547155:updateInputs:202334:41
1513547155:updateComponents:202417:375
1513547155:propagateValuesOnChangeOnly:203500:667
1513547155:updateInputs:207625:42
1513547155:updateComponents:207709:333
1513547155:propagateValuesOnChangeOnly:208084:666
1513547155:updateInputs:212209:41
1513547155:updateComponents:212292:333
1513547155:propagateValuesOnChangeOnly:212667:667
1513547155:updateInputs:216917:42
1513547155:updateComponents:217000:375
1513547155:propagateValuesOnChangeOnly:217375:709
1513547155:updateInputs:221917:42
1513547155:updateComponents:221959:375
1513547155:propagateValuesOnChangeOnly:222375:667
1513547155:updateInputs:226500:42
1513547155:updateComponents:226584:333
1513547155:propagateValuesOnChangeOnly:226959:666
1513547155:updateInputs:231167:42
1513547155:updateComponents:231250:334
1513547155:propagateValuesOnChangeOnly:231625:667
1513547155:updateInputs:235792:0
1513547155:updateComponents:235834:333
1513547155:propagateValuesOnChangeOnly:236209:666
1513547155:updateInputs:240334:41
1513547155:updateComponents:240417:333
1513547155:propagateValuesOnChangeOnly:240792:667
1513547155:Run loop:105792:139125
1513547155:main:42:273208
