Title: SR-Latch test
59486088:updateInputs:837041:125
59486088:updateComponents:844291:292
59486088:Init circuit:824791:23334
59486088:updateInputs:848250:83
59486088:updateComponents:848375:166
59486088:propagateValuesOnChangeOnly:848666:167
59486088:updateInputs:850541:84
59486088:updateComponents:850666:125
59486088:propagateValuesOnChangeOnly:850833:125
59486088:updateInputs:852291:84
59486088:updateComponents:852375:125
59486088:propagateValuesOnChangeOnly:852500:208
59486088:updateInputs:853958:42
59486088:updateComponents:854041:84
59486088:propagateValuesOnChangeOnly:854166:167
59486088:updateInputs:855791:84
59486088:updateComponents:855875:125
59486088:propagateValuesOnChangeOnly:859541:167
59486088:updateInputs:861000:83
59486088:updateComponents:861083:83
59486088:propagateValuesOnChangeOnly:861208:83
59486088:updateInputs:862500:83
59486088:updateComponents:862625:83
59486088:propagateValuesOnChangeOnly:862750:125
59486088:updateInputs:864125:41
59486088:updateComponents:864208:83
59486088:propagateValuesOnChangeOnly:864291:167
59486088:updateInputs:865666:84
59486088:updateComponents:865791:84
59486088:propagateValuesOnChangeOnly:865875:125
59486088:updateInputs:867208:83
59486088:updateComponents:867291:84
59486088:propagateValuesOnChangeOnly:867416:84
59486088:Run loop:848250:20750
59486088:main:458:870333
