Title:Divider test
1684056124:updateInputs:1415584:708
1684056124:updateComponents:1441250:2417
1684056124:Init circuit:1321000:140667
1684056124:updateInputs:1463459:666
1684056124:updateComponents:1464709:1875
1684056124:propagateValuesOnChangeOnly:1468417:3583
1684056124:updateInputs:1481042:500
1684056124:updateComponents:1482084:1625
1684056124:propagateValuesOnChangeOnly:1484209:3541
1684056124:updateInputs:1498667:417
1684056124:updateComponents:1499625:1500
1684056124:propagateValuesOnChangeOnly:1501625:3125
1684056124:updateInputs:1513167:333
1684056124:updateComponents:1514000:1542
1684056124:propagateValuesOnChangeOnly:1516084:3041
1684056124:updateInputs:1527417:458
1684056124:updateComponents:1528417:1542
1684056124:propagateValuesOnChangeOnly:1533417:3042
1684056124:updateInputs:1544834:375
1684056124:updateComponents:1545792:1583
1684056124:propagateValuesOnChangeOnly:1547875:3250
1684056124:updateInputs:1560125:417
1684056124:updateComponents:1561042:1583
1684056124:propagateValuesOnChangeOnly:1563209:3208
1684056124:updateInputs:1574584:500
1684056124:updateComponents:1575667:1542
1684056124:propagateValuesOnChangeOnly:1577709:3041
1684056124:updateInputs:1589250:500
1684056124:updateComponents:1590292:1542
1684056124:propagateValuesOnChangeOnly:1592375:3417
1684056124:updateInputs:1604375:375
1684056124:updateComponents:1605292:1500
1684056124:propagateValuesOnChangeOnly:1607334:3125
1684056124:updateInputs:1623959:333
1684056124:updateComponents:1624875:1542
1684056124:propagateValuesOnChangeOnly:1626959:3208
1684056124:updateInputs:1638667:458
1684056124:updateComponents:1639584:1583
1684056124:propagateValuesOnChangeOnly:1641709:3041
1684056124:updateInputs:1653167:625
1684056124:updateComponents:1654334:1541
1684056124:propagateValuesOnChangeOnly:1656417:3042
1684056124:updateInputs:1668000:459
1684056124:updateComponents:1668959:1625
1684056124:propagateValuesOnChangeOnly:1671125:3250
1684056124:updateInputs:1683709:458
1684056124:updateComponents:1684709:1583
1684056124:propagateValuesOnChangeOnly:1686834:3125
1684056124:updateInputs:1698542:583
1684056124:updateComponents:1699667:1583
1684056124:propagateValuesOnChangeOnly:1701792:3167
1684056124:updateInputs:1713334:416
1684056124:updateComponents:1714250:1584
1684056124:propagateValuesOnChangeOnly:1716334:3458
1684056124:updateInputs:1728250:417
1684056124:updateComponents:1729167:1583
1684056124:propagateValuesOnChangeOnly:1731292:3083
1684056124:updateInputs:1742750:417
1684056124:updateComponents:1743750:1542
1684056124:propagateValuesOnChangeOnly:1745834:3041
1684056124:updateInputs:1757167:458
1684056124:updateComponents:1758125:1584
1684056124:propagateValuesOnChangeOnly:1760250:2959
1684056124:updateInputs:1771584:416
1684056124:updateComponents:1772542:1542
1684056124:propagateValuesOnChangeOnly:1782500:3125
1684056124:updateInputs:1794000:417
1684056124:updateComponents:1794959:1583
1684056124:propagateValuesOnChangeOnly:1797084:3041
1684056124:updateInputs:1808459:458
1684056124:updateComponents:1809417:1542
1684056124:propagateValuesOnChangeOnly:1811500:3000
1684056124:updateInputs:1822959:458
1684056124:updateComponents:1823959:1625
1684056124:propagateValuesOnChangeOnly:1826167:2917
1684056124:updateInputs:1837417:417
1684056124:updateComponents:1838334:1541
1684056124:propagateValuesOnChangeOnly:1840417:3333
1684056124:updateInputs:1852084:416
1684056124:updateComponents:1852959:1583
1684056124:propagateValuesOnChangeOnly:1855042:3167
1684056124:updateInputs:1866667:333
1684056124:updateComponents:1867459:1541
1684056124:propagateValuesOnChangeOnly:1869500:3167
1684056124:updateInputs:1880917:625
1684056124:updateComponents:1882042:1583
1684056124:propagateValuesOnChangeOnly:1884125:2959
1684056124:updateInputs:1895542:458
1684056124:updateComponents:1896584:1583
1684056124:propagateValuesOnChangeOnly:1898709:3416
1684056124:updateInputs:1910625:417
1684056124:updateComponents:1911625:1584
1684056124:propagateValuesOnChangeOnly:1913792:3208
1684056124:updateInputs:1926250:500
1684056124:updateComponents:1927292:1583
1684056124:propagateValuesOnChangeOnly:1929375:3125
1684056124:updateInputs:1940917:667
1684056124:updateComponents:1942167:1583
1684056124:propagateValuesOnChangeOnly:1944292:3375
1684056124:updateInputs:1956042:583
1684056124:updateComponents:1957125:1542
1684056124:propagateValuesOnChangeOnly:1959125:3542
1684056124:updateInputs:1971084:416
1684056124:updateComponents:1972042:1542
1684056124:propagateValuesOnChangeOnly:1974084:3083
1684056124:updateInputs:1985459:458
1684056124:updateComponents:1986459:1583
1684056124:propagateValuesOnChangeOnly:1988584:3125
1684056124:updateInputs:2000000:459
1684056124:updateComponents:2001000:1584
1684056124:propagateValuesOnChangeOnly:2003167:3042
1684056124:updateInputs:2014542:417
1684056124:updateComponents:2015417:1583
1684056124:propagateValuesOnChangeOnly:2017542:3000
1684056124:updateInputs:2028917:458
1684056124:updateComponents:2029917:1583
1684056124:propagateValuesOnChangeOnly:2032000:3000
1684056124:updateInputs:2043167:417
1684056124:updateComponents:2044042:1542
1684056124:propagateValuesOnChangeOnly:2046084:2916
1684056124:updateInputs:2057250:500
1684056124:updateComponents:2058292:1542
1684056124:propagateValuesOnChangeOnly:2060334:2958
1684056124:updateInputs:2071625:417
1684056124:updateComponents:2072584:1541
1684056124:propagateValuesOnChangeOnly:2074709:3291
1684056124:updateInputs:2086375:417
1684056124:updateComponents:2087334:1583
1684056124:propagateValuesOnChangeOnly:2089459:3041
1684056124:updateInputs:2122959:458
1684056124:updateComponents:2123959:1583
1684056124:propagateValuesOnChangeOnly:2126042:3167
1684056124:updateInputs:2137625:459
1684056124:updateComponents:2138667:1542
1684056124:propagateValuesOnChangeOnly:2140709:3041
1684056124:updateInputs:2152042:375
1684056124:updateComponents:2153000:1500
1684056124:propagateValuesOnChangeOnly:2155042:2917
1684056124:updateInputs:2166292:458
1684056124:updateComponents:2167334:1583
1684056124:propagateValuesOnChangeOnly:2169500:3000
1684056124:updateInputs:2180917:417
1684056124:updateComponents:2181917:1542
1684056124:propagateValuesOnChangeOnly:2184000:2834
1684056124:updateInputs:2195209:458
1684056124:updateComponents:2196167:1542
1684056124:propagateValuesOnChangeOnly:2198250:3000
1684056124:updateInputs:2209709:416
1684056124:updateComponents:2210709:1583
1684056124:propagateValuesOnChangeOnly:2212834:3333
1684056124:updateInputs:2224500:459
1684056124:updateComponents:2225459:1583
1684056124:propagateValuesOnChangeOnly:2227500:3042
1684056124:updateInputs:2238917:375
1684056124:updateComponents:2239834:1541
1684056124:propagateValuesOnChangeOnly:2241959:3125
1684056124:updateInputs:2253459:375
1684056124:updateComponents:2254459:1583
1684056124:propagateValuesOnChangeOnly:2256584:3041
1684056124:updateInputs:2267959:416
1684056124:updateComponents:2268959:1541
1684056124:propagateValuesOnChangeOnly:2271042:2958
1684056124:updateInputs:2282417:417
1684056124:updateComponents:2283417:1625
1684056124:propagateValuesOnChangeOnly:2285542:2917
1684056124:updateInputs:2296834:500
1684056124:updateComponents:2297959:1541
1684056124:propagateValuesOnChangeOnly:2300000:2917
1684056124:updateInputs:2311292:542
1684056124:updateComponents:2312375:1542
1684056124:propagateValuesOnChangeOnly:2314459:3500
1684056124:updateInputs:2326375:459
1684056124:updateComponents:2327375:1625
1684056124:propagateValuesOnChangeOnly:2329500:3625
1684056124:updateInputs:2341667:417
1684056124:updateComponents:2342667:1542
1684056124:propagateValuesOnChangeOnly:2344750:3000
1684056124:updateInputs:2356167:417
1684056124:updateComponents:2357084:1583
1684056124:propagateValuesOnChangeOnly:2359250:3084
1684056124:updateInputs:2370709:416
1684056124:updateComponents:2371709:1458
1684056124:propagateValuesOnChangeOnly:2373709:3000
1684056124:updateInputs:2385209:416
1684056124:updateComponents:2386084:1583
1684056124:propagateValuesOnChangeOnly:2388209:2958
1684056124:updateInputs:2399500:459
1684056124:updateComponents:2400500:1584
1684056124:propagateValuesOnChangeOnly:2402584:2958
1684056124:updateInputs:2414750:417
1684056124:updateComponents:2415709:1583
1684056124:propagateValuesOnChangeOnly:2417834:2875
1684056124:updateInputs:2429167:500
1684056124:updateComponents:2430250:1542
1684056124:propagateValuesOnChangeOnly:2432334:3000
1684056124:updateInputs:2443834:375
1684056124:updateComponents:2444709:1583
1684056124:propagateValuesOnChangeOnly:2446834:3416
1684056124:updateInputs:2458792:417
1684056124:updateComponents:2459750:1584
1684056124:propagateValuesOnChangeOnly:2461792:3083
1684056124:updateInputs:2473334:416
1684056124:updateComponents:2474292:1542
1684056124:propagateValuesOnChangeOnly:2476417:3417
1684056124:updateInputs:2488292:417
1684056124:updateComponents:2489167:1542
1684056124:propagateValuesOnChangeOnly:2491250:3209
1684056124:updateInputs:2502750:417
1684056124:updateComponents:2503750:1542
1684056124:propagateValuesOnChangeOnly:2505750:3000
1684056124:updateInputs:2517042:458
1684056124:updateComponents:2518042:1583
1684056124:propagateValuesOnChangeOnly:2520167:3042
1684056124:updateInputs:2531584:416
1684056124:updateComponents:2532542:1583
1684056124:propagateValuesOnChangeOnly:2534625:3042
1684056124:updateInputs:2546125:542
1684056124:updateComponents:2547250:1584
1684056124:propagateValuesOnChangeOnly:2549334:3000
1684056124:updateInputs:2560792:417
1684056124:updateComponents:2561709:1583
1684056124:propagateValuesOnChangeOnly:2563792:3333
1684056124:updateInputs:2575584:458
1684056124:updateComponents:2576625:1542
1684056124:propagateValuesOnChangeOnly:2578709:3041
1684056124:updateInputs:2590209:416
1684056124:updateComponents:2591167:1583
1684056124:propagateValuesOnChangeOnly:2593292:3167
1684056124:updateInputs:2604875:375
1684056124:updateComponents:2605834:1583
1684056124:propagateValuesOnChangeOnly:2607959:3416
1684056124:updateInputs:2619667:417
1684056124:updateComponents:2620667:1542
1684056124:propagateValuesOnChangeOnly:2622750:3709
1684056124:updateInputs:2634709:375
1684056124:updateComponents:2635625:1542
1684056124:propagateValuesOnChangeOnly:2637667:3125
1684056124:updateInputs:2649167:417
1684056124:updateComponents:2650125:1584
1684056124:propagateValuesOnChangeOnly:2652292:3042
1684056124:updateInputs:2663667:458
1684056124:updateComponents:2664625:1500
1684056124:propagateValuesOnChangeOnly:2666625:3084
1684056124:updateInputs:2678084:416
1684056124:updateComponents:2678959:1541
1684056124:propagateValuesOnChangeOnly:2681042:3292
1684056124:updateInputs:2692875:417
1684056124:updateComponents:2693834:1541
1684056124:propagateValuesOnChangeOnly:2695875:3000
1684056124:updateInputs:2707334:458
1684056124:updateComponents:2708334:1541
1684056124:propagateValuesOnChangeOnly:2710459:3333
1684056124:updateInputs:2722084:416
1684056124:updateComponents:2722959:1541
1684056124:propagateValuesOnChangeOnly:2725042:3167
1684056124:updateInputs:2736542:458
1684056124:updateComponents:2737542:1542
1684056124:propagateValuesOnChangeOnly:2773292:3125
1684056124:updateInputs:2784959:458
1684056124:updateComponents:2785959:1583
1684056124:propagateValuesOnChangeOnly:2788042:2917
1684056124:updateInputs:2799375:417
1684056124:updateComponents:2800250:1584
1684056124:propagateValuesOnChangeOnly:2802292:2917
1684056124:updateInputs:2813584:458
1684056124:updateComponents:2814584:1583
1684056124:propagateValuesOnChangeOnly:2816667:2958
1684056124:updateInputs:2827917:417
1684056124:updateComponents:2828875:1584
1684056124:propagateValuesOnChangeOnly:2831000:3375
1684056124:updateInputs:2842709:375
1684056124:updateComponents:2843625:1625
1684056124:propagateValuesOnChangeOnly:2845750:3125
1684056124:updateInputs:2857292:375
1684056124:updateComponents:2858209:1583
1684056124:propagateValuesOnChangeOnly:2860334:3041
1684056124:updateInputs:2871750:417
1684056124:updateComponents:2872667:1542
1684056124:propagateValuesOnChangeOnly:2874792:3333
1684056124:updateInputs:2886500:417
1684056124:updateComponents:2887500:1584
1684056124:propagateValuesOnChangeOnly:2889584:3458
1684056124:updateInputs:2901542:417
1684056124:updateComponents:2902459:1583
1684056124:propagateValuesOnChangeOnly:2904459:3166
1684056124:updateInputs:2916084:375
1684056124:updateComponents:2916959:1541
1684056124:propagateValuesOnChangeOnly:2919042:3042
1684056124:updateInputs:2930417:458
1684056124:updateComponents:2931417:1583
1684056124:propagateValuesOnChangeOnly:2933459:3041
1684056124:updateInputs:2944959:416
1684056124:updateComponents:2945875:1542
1684056124:propagateValuesOnChangeOnly:2947959:3416
1684056124:updateInputs:2959667:417
1684056124:updateComponents:2960542:1625
1684056124:propagateValuesOnChangeOnly:2962709:3083
1684056124:updateInputs:2974209:416
1684056124:updateComponents:2975125:1584
1684056124:propagateValuesOnChangeOnly:2977250:3375
1684056124:updateInputs:2989000:417
1684056124:updateComponents:2989875:1625
1684056124:propagateValuesOnChangeOnly:2992000:3209
1684056124:updateInputs:3003792:417
1684056124:updateComponents:3004750:1542
1684056124:propagateValuesOnChangeOnly:3006834:2958
1684056124:updateInputs:3018250:375
1684056124:updateComponents:3019167:1542
1684056124:propagateValuesOnChangeOnly:3021334:3000
1684056124:updateInputs:3032834:416
1684056124:updateComponents:3033709:1583
1684056124:propagateValuesOnChangeOnly:3035875:2959
1684056124:updateInputs:3047292:417
1684056124:updateComponents:3048250:1542
1684056124:propagateValuesOnChangeOnly:3050334:2958
1684056124:updateInputs:3061750:459
1684056124:updateComponents:3062709:1541
1684056124:propagateValuesOnChangeOnly:3064834:3291
1684056124:updateInputs:3076584:416
1684056124:updateComponents:3077500:1584
1684056124:propagateValuesOnChangeOnly:3079584:3041
1684056124:updateInputs:3091125:417
1684056124:updateComponents:3092042:1542
1684056124:propagateValuesOnChangeOnly:3094125:3167
1684056124:updateInputs:3105750:375
1684056124:updateComponents:3106709:1541
1684056124:propagateValuesOnChangeOnly:3108792:3333
1684056124:updateInputs:3120542:417
1684056124:updateComponents:3121459:1541
1684056124:propagateValuesOnChangeOnly:3123542:3542
1684056124:updateInputs:3135375:417
1684056124:updateComponents:3136292:1542
1684056124:propagateValuesOnChangeOnly:3138375:2959
1684056124:updateInputs:3149625:417
1684056124:updateComponents:3150584:1541
1684056124:propagateValuesOnChangeOnly:3152625:3084
1684056124:updateInputs:3164084:458
1684056124:updateComponents:3165084:1541
1684056124:propagateValuesOnChangeOnly:3167209:2958
1684056124:updateInputs:3178625:417
1684056124:updateComponents:3179584:1541
1684056124:propagateValuesOnChangeOnly:3181667:3292
1684056124:updateInputs:3193292:458
1684056124:updateComponents:3194209:1541
1684056124:propagateValuesOnChangeOnly:3196292:3083
1684056124:updateInputs:3207750:417
1684056124:updateComponents:3208750:1584
1684056124:propagateValuesOnChangeOnly:3210875:3292
1684056124:updateInputs:3222625:417
1684056124:updateComponents:3223584:1583
1684056124:propagateValuesOnChangeOnly:3225709:3166
1684056124:updateInputs:3237167:375
1684056124:updateComponents:3238084:1583
1684056124:propagateValuesOnChangeOnly:3240167:3000
1684056124:updateInputs:3251500:417
1684056124:updateComponents:3252500:1584
1684056124:propagateValuesOnChangeOnly:3254625:2917
1684056124:updateInputs:3265792:375
1684056124:updateComponents:3266792:1542
1684056124:propagateValuesOnChangeOnly:3268917:2917
1684056124:Run loop:1463375:1816834
1684056124:main:1459:3328041
