3403341563:updateInputs:1156425:754
3403341563:updateComponents:1169618:8955
3403341563:Init circuit:702340:518330
3403341563:updateInputs:1221630:618
3403341563:updateComponents:1222486:8483
3403341563:propagateValuesOnChangeOnly:1231796:12863
3403341563:updateInputs:1266390:539
3403341563:updateComponents:1267188:8434
3403341563:propagateValuesOnChangeOnly:1275800:12644
3403341563:updateInputs:1312770:523
3403341563:updateComponents:1313570:8213
3403341563:propagateValuesOnChangeOnly:1321957:26865
3403341563:updateInputs:1398446:565
3403341563:updateComponents:1399264:8721
3403341563:propagateValuesOnChangeOnly:1408181:26628
3403341563:updateInputs:1470135:553
3403341563:updateComponents:1470980:8447
3403341563:propagateValuesOnChangeOnly:1481202:12973
3403341563:updateInputs:1574811:560
3403341563:updateComponents:1575617:8131
3403341563:propagateValuesOnChangeOnly:1583929:13457
3403341563:updateInputs:1620485:514
3403341563:updateComponents:1621286:8266
3403341563:propagateValuesOnChangeOnly:1629748:14505
3403341563:updateInputs:1665548:508
3403341563:updateComponents:1666345:8267
3403341563:propagateValuesOnChangeOnly:1674793:13491
3403341563:updateInputs:1709515:535
3403341563:updateComponents:1710291:8325
3403341563:propagateValuesOnChangeOnly:1718803:14093
3403341563:updateInputs:1754178:626
3403341563:updateComponents:1755024:8126
3403341563:propagateValuesOnChangeOnly:1763340:13106
3403341563:updateInputs:1800000:610
3403341563:updateComponents:1800863:8327
3403341563:propagateValuesOnChangeOnly:1809360:14153
3403341563:updateInputs:1844844:519
3403341563:updateComponents:1845619:8230
3403341563:propagateValuesOnChangeOnly:1854020:14041
3403341563:updateInputs:1903709:520
3403341563:updateComponents:1904511:8313
3403341563:propagateValuesOnChangeOnly:1912999:41540
3403341563:updateInputs:1990195:490
3403341563:updateComponents:1990948:22248
3403341563:propagateValuesOnChangeOnly:2013431:26802
3403341563:updateInputs:2063534:538
3403341563:updateComponents:2064338:8246
3403341563:propagateValuesOnChangeOnly:2072811:27855
3403341563:updateInputs:2136232:498
3403341563:updateComponents:2137003:8379
3403341563:propagateValuesOnChangeOnly:2145581:13562
3403341563:updateInputs:2180502:481
3403341563:updateComponents:2181232:8115
3403341563:propagateValuesOnChangeOnly:2189515:14592
3403341563:updateInputs:2225350:538
3403341563:updateComponents:2226128:8284
3403341563:propagateValuesOnChangeOnly:2234635:13307
3403341563:updateInputs:2269222:522
3403341563:updateComponents:2269995:22249
3403341563:propagateValuesOnChangeOnly:2292482:14802
3403341563:updateInputs:2329060:593
3403341563:updateComponents:2329901:8416
3403341563:propagateValuesOnChangeOnly:2338528:14208
3403341563:updateInputs:2374444:540
3403341563:updateComponents:2375235:8324
3403341563:propagateValuesOnChangeOnly:2388608:14582
3403341563:updateInputs:2425214:556
3403341563:updateComponents:2426031:8396
3403341563:propagateValuesOnChangeOnly:2434638:14984
3403341563:updateInputs:2471164:511
3403341563:updateComponents:2471942:8282
3403341563:propagateValuesOnChangeOnly:2480404:13898
3403341563:updateInputs:2515784:549
3403341563:updateComponents:2516576:8192
3403341563:propagateValuesOnChangeOnly:2524977:12909
3403341563:updateInputs:2559636:521
3403341563:updateComponents:2560401:8024
3403341563:propagateValuesOnChangeOnly:2568608:12965
3403341563:updateInputs:2603236:505
3403341563:updateComponents:2604013:8258
3403341563:propagateValuesOnChangeOnly:2612477:13835
3403341563:updateInputs:2647983:558
3403341563:updateComponents:2648802:8196
3403341563:propagateValuesOnChangeOnly:2657173:14877
3403341563:updateInputs:2693643:506
3403341563:updateComponents:2694418:8352
3403341563:propagateValuesOnChangeOnly:2702968:13642
3403341563:updateInputs:2738234:525
3403341563:updateComponents:2739023:8307
3403341563:propagateValuesOnChangeOnly:2747525:15479
3403341563:updateInputs:2784507:634
3403341563:updateComponents:2785399:8306
3403341563:propagateValuesOnChangeOnly:2793900:14138
3403341563:updateInputs:2833900:550
3403341563:updateComponents:2834749:8517
3403341563:propagateValuesOnChangeOnly:2843489:14608
3403341563:updateInputs:2879781:541
3403341563:updateComponents:2880586:8450
3403341563:propagateValuesOnChangeOnly:2889224:14798
3403341563:updateInputs:2925615:521
3403341563:updateComponents:2926397:8643
3403341563:propagateValuesOnChangeOnly:2935235:13992
3403341563:updateInputs:2970779:559
3403341563:updateComponents:2971584:8629
3403341563:propagateValuesOnChangeOnly:2980434:12931
3403341563:updateInputs:3014994:562
3403341563:updateComponents:3015827:8459
3403341563:propagateValuesOnChangeOnly:3024474:12945
3403341563:updateInputs:3059013:605
3403341563:updateComponents:3059872:8169
3403341563:propagateValuesOnChangeOnly:3068229:13847
3403341563:updateInputs:3103712:521
3403341563:updateComponents:3104513:8252
3403341563:propagateValuesOnChangeOnly:3112951:14896
3403341563:updateInputs:3149463:512
3403341563:updateComponents:3150232:8294
3403341563:propagateValuesOnChangeOnly:3158712:13642
3403341563:updateInputs:3194006:533
3403341563:updateComponents:3194805:8407
3403341563:propagateValuesOnChangeOnly:3203389:15297
3403341563:updateInputs:3240188:594
3403341563:updateComponents:3241056:8428
3403341563:propagateValuesOnChangeOnly:3249686:14300
3403341563:updateInputs:3285864:588
3403341563:updateComponents:3286704:8373
3403341563:propagateValuesOnChangeOnly:3295278:14444
3403341563:updateInputs:3331429:481
3403341563:updateComponents:3332173:8443
3403341563:propagateValuesOnChangeOnly:3340796:14401
3403341563:updateInputs:3385929:552
3403341563:updateComponents:3386726:8662
3403341563:propagateValuesOnChangeOnly:3395602:14689
3403341563:updateInputs:3431845:461
3403341563:updateComponents:3432581:8486
3403341563:propagateValuesOnChangeOnly:3441268:13442
3403341563:updateInputs:3476256:509
3403341563:updateComponents:3477043:8358
3403341563:propagateValuesOnChangeOnly:3485602:12859
3403341563:updateInputs:3519973:528
3403341563:updateComponents:3520753:8483
3403341563:propagateValuesOnChangeOnly:3529450:13834
3403341563:updateInputs:3564795:544
3403341563:updateComponents:3565586:8347
3403341563:propagateValuesOnChangeOnly:3574141:14924
3403341563:updateInputs:3610576:480
3403341563:updateComponents:3611322:8514
3403341563:propagateValuesOnChangeOnly:3620024:13662
3403341563:updateInputs:3655306:484
3403341563:updateComponents:3656056:8291
3403341563:propagateValuesOnChangeOnly:3664545:14464
3403341563:updateInputs:3700472:516
3403341563:updateComponents:3701241:8083
3403341563:propagateValuesOnChangeOnly:3709513:13433
3403341563:updateInputs:3744484:561
3403341563:updateComponents:3745284:8403
3403341563:propagateValuesOnChangeOnly:3753889:13883
3403341563:updateInputs:3789249:487
3403341563:updateComponents:3789973:8376
3403341563:propagateValuesOnChangeOnly:3798545:13294
3403341563:updateInputs:3833487:487
3403341563:updateComponents:3834232:8378
3403341563:propagateValuesOnChangeOnly:3842783:13135
3403341563:updateInputs:3877439:499
3403341563:updateComponents:3878179:8214
3403341563:propagateValuesOnChangeOnly:3886618:12914
3403341563:updateInputs:3921258:519
3403341563:updateComponents:3922019:8251
3403341563:propagateValuesOnChangeOnly:3930459:12990
3403341563:updateInputs:3965049:473
3403341563:updateComponents:3965789:8578
3403341563:propagateValuesOnChangeOnly:3974557:13883
3403341563:updateInputs:4009875:508
3403341563:updateComponents:4010630:8501
3403341563:propagateValuesOnChangeOnly:4019325:14953
3403341563:updateInputs:4055821:522
3403341563:updateComponents:4056588:8522
3403341563:propagateValuesOnChangeOnly:4065311:13791
3403341563:updateInputs:4100890:462
3403341563:updateComponents:4101604:8257
3403341563:propagateValuesOnChangeOnly:4110054:14521
3403341563:updateInputs:4146174:609
3403341563:updateComponents:4147034:8339
3403341563:propagateValuesOnChangeOnly:4156852:13562
3403341563:updateInputs:4192432:469
3403341563:updateComponents:4193179:8462
3403341563:propagateValuesOnChangeOnly:4201817:14082
3403341563:updateInputs:4238426:492
3403341563:updateComponents:4239196:8523
3403341563:propagateValuesOnChangeOnly:4247922:14066
3403341563:updateInputs:4283491:471
3403341563:updateComponents:4284227:8370
3403341563:propagateValuesOnChangeOnly:4292776:13442
3403341563:updateInputs:4331859:555
3403341563:updateComponents:4332694:8182
3403341563:propagateValuesOnChangeOnly:4341091:13870
3403341563:updateInputs:4376676:526
3403341563:updateComponents:4377454:8488
3403341563:propagateValuesOnChangeOnly:4386143:13359
3403341563:updateInputs:4421119:500
3403341563:updateComponents:4421877:8618
3403341563:propagateValuesOnChangeOnly:4430669:13792
3403341563:updateInputs:4466141:528
3403341563:updateComponents:4466918:8442
3403341563:propagateValuesOnChangeOnly:4475587:14999
3403341563:updateInputs:4512209:515
3403341563:updateComponents:4512976:8543
3403341563:propagateValuesOnChangeOnly:4521705:13652
3403341563:updateInputs:4556849:468
3403341563:updateComponents:4557569:8280
3403341563:propagateValuesOnChangeOnly:4566042:14538
3403341563:updateInputs:4602120:527
3403341563:updateComponents:4602908:8221
3403341563:propagateValuesOnChangeOnly:4611315:13393
3403341563:updateInputs:4646313:505
3403341563:updateComponents:4647079:8395
3403341563:propagateValuesOnChangeOnly:4655674:13760
3403341563:updateInputs:4690855:533
3403341563:updateComponents:4691647:8378
3403341563:propagateValuesOnChangeOnly:4700233:13307
3403341563:updateInputs:4734886:515
3403341563:updateComponents:4735636:8408
3403341563:propagateValuesOnChangeOnly:4744256:13008
3403341563:updateInputs:4778754:505
3403341563:updateComponents:4779511:8226
3403341563:propagateValuesOnChangeOnly:4787968:13025
3403341563:Run loop:1221566:3601156
3403341563:main:176:5046578
