787068218:updateInputs:139540:138
787068218:updateComponents:150358:402
787068218:propagateValues:151087:1319
787068218:Init circuit:110317:48878
787068218:updateInputs:159365:176
787068218:updateComponents:159813:352
787068218:propagateValuesOnChangeOnly:161768:789
787068218:updateInputs:168938:89
787068218:updateComponents:169115:327
787068218:propagateValuesOnChangeOnly:169763:690
787068218:updateInputs:176516:91
787068218:updateComponents:176680:284
787068218:propagateValuesOnChangeOnly:177035:604
787068218:updateInputs:183519:86
787068218:updateComponents:183675:267
787068218:propagateValuesOnChangeOnly:184012:758
787068218:updateInputs:190594:73
787068218:updateComponents:190998:285
787068218:propagateValuesOnChangeOnly:191363:653
787068218:updateInputs:197990:125
787068218:updateComponents:198188:263
787068218:propagateValuesOnChangeOnly:198522:625
787068218:updateInputs:206562:79
787068218:updateComponents:206709:274
787068218:propagateValuesOnChangeOnly:207053:916
787068218:updateInputs:213721:71
787068218:updateComponents:213863:265
787068218:propagateValuesOnChangeOnly:214198:641
787068218:updateInputs:220617:89
787068218:updateComponents:220779:265
787068218:propagateValuesOnChangeOnly:221118:610
787068218:updateInputs:227480:68
787068218:updateComponents:227621:266
787068218:propagateValuesOnChangeOnly:228317:727
787068218:updateInputs:237964:77
787068218:updateComponents:238116:274
787068218:propagateValuesOnChangeOnly:238459:691
787068218:updateInputs:245440:153
787068218:updateComponents:245697:375
787068218:propagateValuesOnChangeOnly:246164:894
787068218:updateInputs:256559:117
787068218:updateComponents:256761:520
787068218:propagateValuesOnChangeOnly:257368:1635
787068218:updateInputs:268547:109
787068218:updateComponents:268750:428
787068218:propagateValuesOnChangeOnly:269259:1000
787068218:updateInputs:279768:117
787068218:updateComponents:279979:399
787068218:propagateValuesOnChangeOnly:280471:827
787068218:updateInputs:290420:150
787068218:updateComponents:290680:461
787068218:propagateValuesOnChangeOnly:291240:1045
787068218:updateInputs:299942:83
787068218:updateComponents:300094:281
787068218:propagateValuesOnChangeOnly:300450:669
787068218:updateInputs:308040:153
787068218:updateComponents:308290:427
787068218:propagateValuesOnChangeOnly:308811:825
787068218:updateInputs:318539:89
787068218:updateComponents:318708:291
787068218:propagateValuesOnChangeOnly:319069:905
787068218:updateInputs:325826:70
787068218:updateComponents:325965:266
787068218:propagateValuesOnChangeOnly:326305:650
787068218:updateInputs:332808:98
787068218:updateComponents:336257:298
787068218:propagateValuesOnChangeOnly:336632:651
787068218:updateInputs:343343:80
787068218:updateComponents:343494:271
787068218:propagateValuesOnChangeOnly:343837:740
787068218:updateInputs:350383:73
787068218:updateComponents:350525:268
787068218:propagateValuesOnChangeOnly:350863:643
787068218:updateInputs:357406:147
787068218:updateComponents:357627:264
787068218:propagateValuesOnChangeOnly:357964:609
787068218:updateInputs:364519:73
787068218:updateComponents:364663:266
787068218:propagateValuesOnChangeOnly:365003:1102
787068218:updateInputs:371948:69
787068218:updateComponents:372086:260
787068218:propagateValuesOnChangeOnly:372417:675
787068218:updateInputs:378908:87
787068218:updateComponents:379066:301
787068218:propagateValuesOnChangeOnly:379436:631
787068218:updateInputs:385852:71
787068218:updateComponents:385994:268
787068218:propagateValuesOnChangeOnly:386332:750
787068218:updateInputs:392881:72
787068218:updateComponents:393023:263
787068218:propagateValuesOnChangeOnly:393362:647
787068218:updateInputs:399803:112
787068218:updateComponents:399984:271
787068218:propagateValuesOnChangeOnly:400324:613
787068218:updateInputs:406766:72
787068218:updateComponents:406906:263
787068218:propagateValuesOnChangeOnly:407240:862
787068218:updateInputs:415556:82
787068218:updateComponents:415708:269
787068218:propagateValuesOnChangeOnly:416048:747
787068218:updateInputs:425800:136
787068218:updateComponents:426056:518
787068218:propagateValuesOnChangeOnly:426694:1012
787068218:updateInputs:437731:110
787068218:updateComponents:437947:468
787068218:propagateValuesOnChangeOnly:438522:1050
787068218:updateInputs:446052:79
787068218:updateComponents:446203:270
787068218:propagateValuesOnChangeOnly:446544:652
787068218:updateInputs:452981:138
787068218:updateComponents:453190:268
787068218:propagateValuesOnChangeOnly:453535:602
787068218:updateInputs:459899:73
787068218:updateComponents:460042:266
787068218:propagateValuesOnChangeOnly:460384:1006
787068218:updateInputs:467152:73
787068218:updateComponents:467294:268
787068218:propagateValuesOnChangeOnly:467667:647
787068218:updateInputs:474050:103
787068218:updateComponents:474222:268
787068218:propagateValuesOnChangeOnly:474561:615
787068218:updateInputs:480938:71
787068218:updateComponents:481079:268
787068218:propagateValuesOnChangeOnly:481423:717
787068218:updateInputs:488572:92
787068218:updateComponents:488744:489
787068218:propagateValuesOnChangeOnly:489320:862
787068218:updateInputs:500382:140
787068218:updateComponents:500606:459
787068218:propagateValuesOnChangeOnly:503933:704
787068218:updateInputs:510798:99
787068218:updateComponents:510968:278
787068218:propagateValuesOnChangeOnly:511316:862
787068218:updateInputs:517907:72
787068218:updateComponents:518051:264
787068218:propagateValuesOnChangeOnly:518389:633
787068218:updateInputs:524988:92
787068218:updateComponents:525160:266
787068218:propagateValuesOnChangeOnly:525501:626
787068218:updateInputs:533680:80
787068218:updateComponents:533829:269
787068218:propagateValuesOnChangeOnly:534169:775
787068218:updateInputs:540698:72
787068218:updateComponents:540842:264
787068218:propagateValuesOnChangeOnly:541177:651
787068218:updateInputs:547592:140
787068218:updateComponents:547815:265
787068218:propagateValuesOnChangeOnly:548156:641
787068218:updateInputs:554539:73
787068218:updateComponents:554684:267
787068218:propagateValuesOnChangeOnly:555026:1091
787068218:Run loop:159320:402581
787068218:main:130:586192
