2080810257:updateInputs:88596:129
2080810257:updateComponents:96751:396
2080810257:propagateValues:97399:453
2080810257:Init circuit:73187:28196
2080810257:updateInputs:101499:172
2080810257:updateComponents:101932:220
2080810257:propagateValuesOnChangeOnly:102221:321
2080810257:updateInputs:106422:99
2080810257:updateComponents:106599:145
2080810257:propagateValuesOnChangeOnly:106992:242
2080810257:updateInputs:109548:115
2080810257:updateComponents:109720:146
2080810257:propagateValuesOnChangeOnly:109924:206
2080810257:updateInputs:112353:88
2080810257:updateComponents:112498:133
2080810257:propagateValuesOnChangeOnly:112688:271
2080810257:updateInputs:115188:67
2080810257:updateComponents:116747:138
2080810257:propagateValuesOnChangeOnly:116953:306
2080810257:updateInputs:119578:95
2080810257:updateComponents:119731:125
2080810257:propagateValuesOnChangeOnly:119913:272
2080810257:updateInputs:122435:74
2080810257:updateComponents:122567:126
2080810257:propagateValuesOnChangeOnly:122749:284
2080810257:updateInputs:125252:57
2080810257:updateComponents:125365:125
2080810257:propagateValuesOnChangeOnly:125547:255
2080810257:updateInputs:128025:79
2080810257:updateComponents:128169:126
2080810257:propagateValuesOnChangeOnly:128352:237
2080810257:updateInputs:130775:73
2080810257:updateComponents:130903:124
2080810257:propagateValuesOnChangeOnly:132485:253
2080810257:updateInputs:135174:58
2080810257:updateComponents:135288:131
2080810257:propagateValuesOnChangeOnly:135477:261
2080810257:updateInputs:138003:92
2080810257:updateComponents:138151:125
2080810257:propagateValuesOnChangeOnly:138344:233
2080810257:updateInputs:140824:99
2080810257:updateComponents:140979:130
2080810257:propagateValuesOnChangeOnly:141166:273
2080810257:updateInputs:143671:67
2080810257:updateComponents:143796:121
2080810257:propagateValuesOnChangeOnly:143975:241
2080810257:updateInputs:146429:71
2080810257:updateComponents:146557:129
2080810257:propagateValuesOnChangeOnly:146745:280
2080810257:updateInputs:149248:89
2080810257:updateComponents:149396:124
2080810257:propagateValuesOnChangeOnly:149589:259
2080810257:updateInputs:152061:84
2080810257:updateComponents:152202:129
2080810257:propagateValuesOnChangeOnly:152388:284
2080810257:updateInputs:154897:80
2080810257:updateComponents:155036:127
2080810257:propagateValuesOnChangeOnly:155220:277
2080810257:updateInputs:157703:81
2080810257:updateComponents:157841:122
2080810257:propagateValuesOnChangeOnly:158021:305
2080810257:updateInputs:160546:58
2080810257:updateComponents:160660:125
2080810257:propagateValuesOnChangeOnly:160854:287
2080810257:updateInputs:163368:80
2080810257:updateComponents:165313:146
2080810257:propagateValuesOnChangeOnly:165524:234
2080810257:updateInputs:168044:58
2080810257:updateComponents:168160:129
2080810257:propagateValuesOnChangeOnly:168348:261
2080810257:updateInputs:170848:57
2080810257:updateComponents:170962:125
2080810257:propagateValuesOnChangeOnly:171143:268
2080810257:updateInputs:173646:93
2080810257:updateComponents:173806:129
2080810257:propagateValuesOnChangeOnly:173992:246
2080810257:updateInputs:176479:73
2080810257:updateComponents:176609:135
2080810257:propagateValuesOnChangeOnly:176802:278
2080810257:updateInputs:179309:58
2080810257:updateComponents:179424:124
2080810257:propagateValuesOnChangeOnly:179606:271
2080810257:updateInputs:182119:73
2080810257:updateComponents:182249:125
2080810257:propagateValuesOnChangeOnly:182432:233
2080810257:updateInputs:184869:82
2080810257:updateComponents:185009:124
2080810257:propagateValuesOnChangeOnly:185191:237
2080810257:updateInputs:187652:71
2080810257:updateComponents:187778:127
2080810257:propagateValuesOnChangeOnly:187962:252
2080810257:updateInputs:190414:86
2080810257:updateComponents:190559:126
2080810257:propagateValuesOnChangeOnly:190742:232
2080810257:updateInputs:193191:80
2080810257:updateComponents:193328:128
2080810257:propagateValuesOnChangeOnly:193514:347
2080810257:updateInputs:196069:64
2080810257:updateComponents:196191:124
2080810257:propagateValuesOnChangeOnly:196372:307
2080810257:updateInputs:198900:79
2080810257:updateComponents:199037:130
2080810257:propagateValuesOnChangeOnly:199225:228
2080810257:updateInputs:201660:65
2080810257:updateComponents:201783:125
2080810257:propagateValuesOnChangeOnly:201965:233
2080810257:updateInputs:204434:58
2080810257:updateComponents:204548:125
2080810257:propagateValuesOnChangeOnly:204731:224
2080810257:updateInputs:207184:71
2080810257:updateComponents:207322:126
2080810257:propagateValuesOnChangeOnly:207511:236
2080810257:updateInputs:209962:93
2080810257:updateComponents:210111:123
2080810257:propagateValuesOnChangeOnly:210291:246
2080810257:updateInputs:212766:69
2080810257:updateComponents:212891:128
2080810257:propagateValuesOnChangeOnly:213077:263
2080810257:updateInputs:218387:79
2080810257:updateComponents:218533:157
2080810257:propagateValuesOnChangeOnly:218746:287
2080810257:updateInputs:221294:95
2080810257:updateComponents:221445:124
2080810257:propagateValuesOnChangeOnly:221625:242
2080810257:updateInputs:224093:86
2080810257:updateComponents:224235:129
2080810257:propagateValuesOnChangeOnly:224421:263
2080810257:updateInputs:226910:95
2080810257:updateComponents:227061:128
2080810257:propagateValuesOnChangeOnly:229061:292
2080810257:updateInputs:231654:102
2080810257:updateComponents:231816:131
2080810257:propagateValuesOnChangeOnly:232005:332
2080810257:updateInputs:234571:74
2080810257:updateComponents:234712:124
2080810257:propagateValuesOnChangeOnly:234900:250
2080810257:updateInputs:237350:79
2080810257:updateComponents:237486:126
2080810257:propagateValuesOnChangeOnly:237669:272
2080810257:updateInputs:240146:79
2080810257:updateComponents:240283:129
2080810257:propagateValuesOnChangeOnly:240469:222
2080810257:updateInputs:242912:76
2080810257:updateComponents:243045:127
2080810257:propagateValuesOnChangeOnly:243228:229
2080810257:updateInputs:245657:92
2080810257:updateComponents:245805:123
2080810257:propagateValuesOnChangeOnly:245986:217
2080810257:updateInputs:248414:72
2080810257:updateComponents:248544:126
2080810257:propagateValuesOnChangeOnly:248727:246
2080810257:updateInputs:251176:57
2080810257:updateComponents:251289:127
2080810257:propagateValuesOnChangeOnly:251474:222
2080810257:updateInputs:253904:77
2080810257:updateComponents:254042:127
2080810257:propagateValuesOnChangeOnly:254226:197
2080810257:updateInputs:256639:57
2080810257:updateComponents:256754:122
2080810257:propagateValuesOnChangeOnly:256934:211
2080810257:updateInputs:259356:57
2080810257:updateComponents:260496:140
2080810257:propagateValuesOnChangeOnly:260693:230
2080810257:updateInputs:263208:79
2080810257:updateComponents:263345:126
2080810257:propagateValuesOnChangeOnly:263529:208
2080810257:Run loop:101461:164502
2080810257:main:131:275808
