436485608:updateInputs:48009:81
436485608:updateComponents:59595:115
436485608:propagateValues:60017:107
436485608:Init circuit:40803:22077
436485608:updateInputs:63014:103
436485608:updateComponents:64633:49
436485608:propagateValuesOnChangeOnly:64751:106
436485608:updateInputs:66528:83
436485608:updateComponents:66673:40
436485608:propagateValuesOnChangeOnly:66944:90
436485608:updateInputs:68526:63
436485608:updateComponents:68652:41
436485608:propagateValuesOnChangeOnly:68755:71
436485608:updateInputs:70253:93
436485608:updateComponents:70400:41
436485608:propagateValuesOnChangeOnly:70498:64
436485608:updateInputs:71969:73
436485608:updateComponents:73441:41
436485608:propagateValuesOnChangeOnly:73547:63
436485608:updateInputs:75130:70
436485608:updateComponents:75255:41
436485608:propagateValuesOnChangeOnly:75351:64
436485608:updateInputs:76862:64
436485608:updateComponents:76987:40
436485608:propagateValuesOnChangeOnly:77085:62
436485608:updateInputs:78558:72
436485608:updateComponents:78687:41
436485608:propagateValuesOnChangeOnly:78783:63
436485608:Run loop:62978:17275
436485608:main:119:82296
