42154672:updateInputs:85958637:1789
42154672:updateComponents:85985625:1142938
42154672:propagateValues:87129781:7052800
42154672:Init circuit:45830201:49814885
42154672:updateInputs:95645402:1737
42154672:updateComponents:95647554:1170529
42154672:propagateValuesOnChangeOnly:96818307:2625945
42154672:updateInputs:99445529:735
42154672:updateComponents:99446449:1171498
42154672:propagateValuesOnChangeOnly:100619348:2461227
42154672:updateInputs:103081913:663
42154672:updateComponents:103082725:1140278
42154672:propagateValuesOnChangeOnly:104223241:2379046
42154672:updateInputs:106603369:726
42154672:updateComponents:106604224:1126189
42154672:propagateValuesOnChangeOnly:107730729:2580625
42154672:updateInputs:110312355:835
42154672:updateComponents:110329103:1172835
42154672:propagateValuesOnChangeOnly:111502240:2501198
42154672:updateInputs:114004397:766
42154672:updateComponents:114005262:1241428
42154672:propagateValuesOnChangeOnly:115247122:2917398
42154672:updateInputs:118169255:1639
42154672:updateComponents:118171149:1175468
42154672:propagateValuesOnChangeOnly:119346847:2788171
42154672:updateInputs:122138377:1965
42154672:updateComponents:122140581:1227211
42154672:propagateValuesOnChangeOnly:123368358:2560218
42154672:updateInputs:125929755:1062
42154672:updateComponents:125930947:1258810
42154672:propagateValuesOnChangeOnly:127190059:2583647
42154672:updateInputs:129774819:900
42154672:updateComponents:129775845:1280751
42154672:propagateValuesOnChangeOnly:131060083:2636407
42154672:updateInputs:133697568:966
42154672:updateComponents:133698639:1263238
42154672:propagateValuesOnChangeOnly:134962150:2555960
42154672:updateInputs:137519611:905
42154672:updateComponents:137520634:1231624
42154672:propagateValuesOnChangeOnly:138752515:2543943
42154672:updateInputs:142871369:1307
42154672:updateComponents:142872878:1259721
42154672:propagateValuesOnChangeOnly:144132953:2943837
42154672:updateInputs:147080200:1946
42154672:updateComponents:147082335:1295418
42154672:propagateValuesOnChangeOnly:148377983:2899606
42154672:updateInputs:151278803:1030
42154672:updateComponents:151280008:1326837
42154672:propagateValuesOnChangeOnly:152607276:2875412
42154672:updateInputs:155484679:1191
42154672:updateComponents:155485983:1317834
42154672:propagateValuesOnChangeOnly:156804117:2656497
42154672:updateInputs:159461931:836
42154672:updateComponents:159462909:1273801
42154672:propagateValuesOnChangeOnly:160737046:2824183
42154672:updateInputs:163562306:1070
42154672:updateComponents:163563531:1268894
42154672:propagateValuesOnChangeOnly:164832775:2657762
42154672:updateInputs:167491921:821
42154672:updateComponents:167492893:1223506
42154672:propagateValuesOnChangeOnly:168716656:2599009
42154672:updateInputs:171316930:834
42154672:updateComponents:171317894:1231454
42154672:propagateValuesOnChangeOnly:172549710:2761061
42154672:updateInputs:175312027:1244
42154672:updateComponents:175316486:1245158
42154672:propagateValuesOnChangeOnly:176562069:2652296
42154672:updateInputs:179215331:976
42154672:updateComponents:179216448:1239949
42154672:propagateValuesOnChangeOnly:180456663:2731066
42154672:updateInputs:183188671:1090
42154672:updateComponents:183189942:1297166
42154672:propagateValuesOnChangeOnly:184487449:2724660
42154672:updateInputs:187213178:980
42154672:updateComponents:187214324:1235461
42154672:propagateValuesOnChangeOnly:188461576:2630332
42154672:updateInputs:192694651:1234
42154672:updateComponents:192696131:1233857
42154672:propagateValuesOnChangeOnly:193930406:3113866
42154672:updateInputs:197045506:805
42154672:updateComponents:197046419:1248676
42154672:propagateValuesOnChangeOnly:198295432:2912946
42154672:updateInputs:201210219:707
42154672:updateComponents:201211098:1222657
42154672:propagateValuesOnChangeOnly:202434081:2697616
42154672:updateInputs:205133074:836
42154672:updateComponents:205134044:1216099
42154672:propagateValuesOnChangeOnly:206350419:3018411
42154672:updateInputs:209369960:941
42154672:updateComponents:209371063:1249812
42154672:propagateValuesOnChangeOnly:210621153:2775852
42154672:updateInputs:213398617:858
42154672:updateComponents:213399630:1233668
42154672:propagateValuesOnChangeOnly:214633605:2627611
42154672:updateInputs:217262566:816
42154672:updateComponents:217263523:1205447
42154672:propagateValuesOnChangeOnly:218469272:2551368
42154672:updateInputs:221021696:960
42154672:updateComponents:221022816:1196900
42154672:propagateValuesOnChangeOnly:222220094:2563598
42154672:updateInputs:224785470:883
42154672:updateComponents:224786460:1197255
42154672:propagateValuesOnChangeOnly:225984331:2624832
42154672:updateInputs:228610371:780
42154672:updateComponents:228611302:1197718
42154672:propagateValuesOnChangeOnly:229809431:2549345
42154672:updateInputs:232359876:829
42154672:updateComponents:232361212:1189626
42154672:propagateValuesOnChangeOnly:233551095:2502608
42154672:updateInputs:236054543:1133
42154672:updateComponents:236055805:1243320
42154672:propagateValuesOnChangeOnly:237299433:2611902
42154672:updateInputs:241447393:1059
42154672:updateComponents:241448675:1191276
42154672:propagateValuesOnChangeOnly:242640202:2849406
42154672:updateInputs:245493108:1992
42154672:updateComponents:245495370:1211785
42154672:propagateValuesOnChangeOnly:246707469:2705919
42154672:updateInputs:249415077:858
42154672:updateComponents:249416101:1195042
42154672:propagateValuesOnChangeOnly:250611393:2557379
42154672:updateInputs:253170427:646
42154672:updateComponents:253171188:1180799
42154672:propagateValuesOnChangeOnly:254352422:2529174
42154672:updateInputs:256905233:997
42154672:updateComponents:256906492:1189952
42154672:propagateValuesOnChangeOnly:258096721:2650967
42154672:updateInputs:260750771:1164
42154672:updateComponents:260752076:1195732
42154672:propagateValuesOnChangeOnly:261960939:2504731
42154672:updateInputs:264466835:1018
42154672:updateComponents:264467998:1215395
42154672:propagateValuesOnChangeOnly:265683699:2550666
42154672:updateInputs:268235494:736
42154672:updateComponents:268236328:1224212
42154672:propagateValuesOnChangeOnly:269460818:2522020
42154672:updateInputs:271983914:732
42154672:updateComponents:271984745:1184005
42154672:propagateValuesOnChangeOnly:273169022:2511818
42154672:updateInputs:275681886:768
42154672:updateComponents:275682783:1183035
42154672:propagateValuesOnChangeOnly:276866112:2455846
42154672:updateInputs:279323518:704
42154672:updateComponents:279324321:1251041
42154672:propagateValuesOnChangeOnly:280575662:2544498
42154672:updateInputs:283121361:922
42154672:updateComponents:283122382:1178955
42154672:propagateValuesOnChangeOnly:284301591:2457450
42154672:updateInputs:288278325:1261
42154672:updateComponents:288279759:1350299
42154672:propagateValuesOnChangeOnly:289630651:4258631
42154672:updateInputs:293894173:2235
42154672:updateComponents:293896650:1375731
42154672:propagateValuesOnChangeOnly:295272601:3503263
42154672:updateInputs:298776887:950
42154672:updateComponents:298777957:1313580
42154672:propagateValuesOnChangeOnly:300091850:3187610
42154672:updateInputs:303280733:1117
42154672:updateComponents:303282026:1299865
42154672:propagateValuesOnChangeOnly:304582282:3098661
42154672:updateInputs:307681938:1142
42154672:updateComponents:307694321:1258750
42154672:propagateValuesOnChangeOnly:308953419:2864965
42154672:updateInputs:311819421:1430
42154672:updateComponents:311821006:1315227
42154672:propagateValuesOnChangeOnly:313136495:2926711
42154672:updateInputs:316065660:974
42154672:updateComponents:316067143:1328383
42154672:propagateValuesOnChangeOnly:317395850:2875224
42154672:updateInputs:320272282:864
42154672:updateComponents:320273255:1260923
42154672:propagateValuesOnChangeOnly:321534644:2776812
42154672:updateInputs:324312678:1187
42154672:updateComponents:324313973:1345761
42154672:propagateValuesOnChangeOnly:325660088:3063677
42154672:updateInputs:328725354:1121
42154672:updateComponents:328726719:1374027
42154672:propagateValuesOnChangeOnly:330101150:3124931
42154672:updateInputs:333230147:1929
42154672:updateComponents:333232417:1326815
42154672:propagateValuesOnChangeOnly:334559487:2862447
42154672:updateInputs:337423265:1077
42154672:updateComponents:337424525:1271367
42154672:propagateValuesOnChangeOnly:338696412:2616412
42154672:updateInputs:342892026:1099
42154672:updateComponents:342893354:1271427
42154672:propagateValuesOnChangeOnly:344166895:2846739
42154672:updateInputs:347017140:1568
42154672:updateComponents:347018963:1282735
42154672:propagateValuesOnChangeOnly:348301943:2777823
42154672:updateInputs:351081012:830
42154672:updateComponents:351082017:1240718
42154672:propagateValuesOnChangeOnly:352323057:2651074
42154672:updateInputs:354975393:865
42154672:updateComponents:354976379:1194464
42154672:propagateValuesOnChangeOnly:356171082:2507898
42154672:updateInputs:358679916:1104
42154672:updateComponents:358681146:1198985
42154672:propagateValuesOnChangeOnly:359880452:2446543
42154672:updateInputs:362328010:936
42154672:updateComponents:362329044:1173189
42154672:propagateValuesOnChangeOnly:363502611:2642708
42154672:updateInputs:366146538:842
42154672:updateComponents:366147476:1217215
42154672:propagateValuesOnChangeOnly:367364988:2522552
42154672:updateInputs:369888435:856
42154672:updateComponents:369889403:1180791
42154672:propagateValuesOnChangeOnly:371070432:2509197
42154672:updateInputs:373580633:772
42154672:updateComponents:373581541:1187554
42154672:propagateValuesOnChangeOnly:374769437:2588456
42154672:updateInputs:377359239:810
42154672:updateComponents:377360160:1207589
42154672:propagateValuesOnChangeOnly:378568072:2584142
42154672:updateInputs:381153419:747
42154672:updateComponents:381154264:1195352
42154672:propagateValuesOnChangeOnly:382349972:2457965
42154672:updateInputs:384809265:1186
42154672:updateComponents:384810546:1185193
42154672:propagateValuesOnChangeOnly:385996054:2554600
42154672:updateInputs:390069656:958
42154672:updateComponents:390070850:1180002
42154672:propagateValuesOnChangeOnly:391251187:2865112
42154672:updateInputs:394117369:1040
42154672:updateComponents:394118557:1178239
42154672:propagateValuesOnChangeOnly:395297113:2810522
42154672:updateInputs:398109355:777
42154672:updateComponents:398110230:1227263
42154672:propagateValuesOnChangeOnly:399337819:2739706
42154672:updateInputs:402078565:754
42154672:updateComponents:402079453:1168602
42154672:propagateValuesOnChangeOnly:403248381:2681245
42154672:updateInputs:405930768:805
42154672:updateComponents:405931665:1148720
42154672:propagateValuesOnChangeOnly:407080679:2613731
42154672:updateInputs:409695218:768
42154672:updateComponents:409696118:1170030
42154672:propagateValuesOnChangeOnly:410866410:2414472
42154672:updateInputs:413281848:1000
42154672:updateComponents:413282942:1161415
42154672:propagateValuesOnChangeOnly:414444718:2402024
42154672:updateInputs:416847945:760
42154672:updateComponents:416848798:1143035
42154672:propagateValuesOnChangeOnly:417992244:2506963
42154672:updateInputs:420500801:788
42154672:updateComponents:420501681:1157953
42154672:propagateValuesOnChangeOnly:421670680:2398993
42154672:updateInputs:424070613:661
42154672:updateComponents:424071368:1151441
42154672:propagateValuesOnChangeOnly:425223093:2403619
42154672:updateInputs:427627890:897
42154672:updateComponents:427628882:1147562
42154672:propagateValuesOnChangeOnly:428776763:2546514
42154672:updateInputs:431324366:1100
42154672:updateComponents:431325561:1166595
42154672:propagateValuesOnChangeOnly:432492446:2423022
42154672:updateInputs:436387373:938
42154672:updateComponents:436403964:1128991
42154672:propagateValuesOnChangeOnly:437533221:2634806
42154672:updateInputs:440168924:755
42154672:updateComponents:440169771:1169130
42154672:propagateValuesOnChangeOnly:441339128:2517315
42154672:updateInputs:443857621:1010
42154672:updateComponents:443858762:1140411
42154672:propagateValuesOnChangeOnly:444999398:2476001
42154672:updateInputs:447476261:982
42154672:updateComponents:447477337:1151008
42154672:propagateValuesOnChangeOnly:448628617:2450538
42154672:updateInputs:451080011:772
42154672:updateComponents:451080932:1164733
42154672:propagateValuesOnChangeOnly:452245881:2447479
42154672:updateInputs:454694214:845
42154672:updateComponents:454695185:1148472
42154672:propagateValuesOnChangeOnly:455843972:2399194
42154672:updateInputs:458244030:761
42154672:updateComponents:458244887:1167539
42154672:propagateValuesOnChangeOnly:459412685:2466382
42154672:updateInputs:461879896:744
42154672:updateComponents:461880779:1162610
42154672:propagateValuesOnChangeOnly:463043639:2402216
42154672:updateInputs:465446751:711
42154672:updateComponents:465447612:1147771
42154672:propagateValuesOnChangeOnly:466595660:2390989
42154672:updateInputs:468987765:749
42154672:updateComponents:468988657:1143143
42154672:propagateValuesOnChangeOnly:470132028:2730661
42154672:updateInputs:472863614:869
42154672:updateComponents:472864626:1214562
42154672:propagateValuesOnChangeOnly:474079591:3163898
42154672:updateInputs:477247911:1917
42154672:updateComponents:477250021:1317507
42154672:propagateValuesOnChangeOnly:478567951:3178719
42154672:updateInputs:483355587:1843
42154672:updateComponents:483357743:1268735
42154672:propagateValuesOnChangeOnly:484626720:3705358
42154672:updateInputs:488333862:959
42154672:updateComponents:488334997:1229474
42154672:propagateValuesOnChangeOnly:489564696:2862546
42154672:updateInputs:492428756:820
42154672:updateComponents:492429680:1311062
42154672:propagateValuesOnChangeOnly:493743349:4406063
42154672:updateInputs:498154269:1668
42154672:updateComponents:498156233:1229463
42154672:propagateValuesOnChangeOnly:499385970:3154856
42154672:updateInputs:502542083:732
42154672:updateComponents:502542939:1205807
42154672:propagateValuesOnChangeOnly:503750208:2618545
42154672:updateInputs:506370192:956
42154672:updateComponents:506371261:1184851
42154672:propagateValuesOnChangeOnly:507556405:2636368
42154672:updateInputs:510197265:2106
42154672:updateComponents:510199572:1292329
42154672:propagateValuesOnChangeOnly:511492132:2701127
42154672:updateInputs:514194205:1159
42154672:updateComponents:514195535:1322829
42154672:propagateValuesOnChangeOnly:515518634:2669676
42154672:updateInputs:518189170:883
42154672:updateComponents:518190201:1262600
42154672:propagateValuesOnChangeOnly:519453049:2608308
42154672:updateInputs:522063091:1482
42154672:updateComponents:522064733:1290295
42154672:propagateValuesOnChangeOnly:523355455:2579550
42154672:updateInputs:525936530:937
42154672:updateComponents:525937616:1249567
42154672:propagateValuesOnChangeOnly:527187837:2493541
42154672:updateInputs:529682787:897
42154672:updateComponents:529683849:1197268
42154672:propagateValuesOnChangeOnly:530881580:2468485
42154672:updateInputs:534905737:943
42154672:updateComponents:534906923:1197001
42154672:propagateValuesOnChangeOnly:536104191:2723036
42154672:updateInputs:538837738:797
42154672:updateComponents:538838693:1176812
42154672:propagateValuesOnChangeOnly:540015733:2543796
42154672:updateInputs:542560487:1033
42154672:updateComponents:542561707:1208162
42154672:propagateValuesOnChangeOnly:543771580:2619715
42154672:updateInputs:546392351:835
42154672:updateComponents:546393338:1227235
42154672:propagateValuesOnChangeOnly:547620819:2532438
42154672:updateInputs:550154127:725
42154672:updateComponents:550155003:1181179
42154672:propagateValuesOnChangeOnly:551336421:2520193
42154672:updateInputs:553857952:1130
42154672:updateComponents:553859183:1188272
42154672:propagateValuesOnChangeOnly:555047786:2561669
42154672:updateInputs:557610418:1142
42154672:updateComponents:557611671:1218002
42154672:propagateValuesOnChangeOnly:558829963:2546751
42154672:updateInputs:561377756:740
42154672:updateComponents:561378664:1185590
42154672:propagateValuesOnChangeOnly:562564476:2470249
42154672:updateInputs:565035920:782
42154672:updateComponents:565036852:1173135
42154672:propagateValuesOnChangeOnly:566210208:2558846
42154672:updateInputs:568770197:801
42154672:updateComponents:568771095:1186824
42154672:propagateValuesOnChangeOnly:569958186:2484537
42154672:updateInputs:572443698:706
42154672:updateComponents:572444502:1180948
42154672:propagateValuesOnChangeOnly:573625860:2505574
42154672:updateInputs:576132669:1528
42154672:updateComponents:576134355:1359943
42154672:propagateValuesOnChangeOnly:577494717:3220022
42154672:updateInputs:582278781:1083
42154672:updateComponents:582280296:1320318
42154672:propagateValuesOnChangeOnly:583601110:3602346
42154672:updateInputs:587204684:846
42154672:updateComponents:587205679:1284650
42154672:propagateValuesOnChangeOnly:588490846:4670496
42154672:updateInputs:593165927:2290
42154672:updateComponents:593168476:1520787
42154672:propagateValuesOnChangeOnly:594689866:4141641
42154672:updateInputs:598833679:1324
42154672:updateComponents:598835290:1427565
42154672:propagateValuesOnChangeOnly:600263268:3650981
42154672:updateInputs:603915744:1388
42154672:updateComponents:603917303:1272045
42154672:propagateValuesOnChangeOnly:605189932:3345886
42154672:updateInputs:608537754:863
42154672:updateComponents:608538817:1286452
42154672:propagateValuesOnChangeOnly:609825614:3267732
42154672:updateInputs:613094417:1106
42154672:updateComponents:613095673:1296690
42154672:propagateValuesOnChangeOnly:614392832:3465910
42154672:updateInputs:617862582:1862
42154672:updateComponents:617864703:1228049
42154672:propagateValuesOnChangeOnly:619092977:2947368
42154672:updateInputs:622044330:1948
42154672:updateComponents:622046493:1243564
42154672:propagateValuesOnChangeOnly:623290329:2847519
42154672:updateInputs:626139059:1069
42154672:updateComponents:626140276:1238021
42154672:propagateValuesOnChangeOnly:627378580:3099595
42154672:updateInputs:630483078:3586
42154672:updateComponents:630486870:1598322
42154672:propagateValuesOnChangeOnly:632087608:3603019
42154672:updateInputs:635694359:1018
42154672:updateComponents:635695589:1275161
42154672:propagateValuesOnChangeOnly:636971098:2915245
42154672:updateInputs:641432619:1210
42154672:updateComponents:641434107:1318262
42154672:propagateValuesOnChangeOnly:642752655:3364635
42154672:updateInputs:646118286:822
42154672:updateComponents:646119511:1315716
42154672:propagateValuesOnChangeOnly:647437249:3422664
42154672:updateInputs:650862493:1787
42154672:updateComponents:650864427:1384235
42154672:propagateValuesOnChangeOnly:652250491:3596711
42154672:updateInputs:655850573:1738
42154672:updateComponents:655852530:1252422
42154672:propagateValuesOnChangeOnly:657105226:3107258
42154672:updateInputs:660213574:1672
42154672:updateComponents:660215395:1296605
42154672:propagateValuesOnChangeOnly:661512304:3078425
42154672:updateInputs:664591780:804
42154672:updateComponents:664592726:1578635
42154672:propagateValuesOnChangeOnly:666182362:3154550
42154672:updateInputs:669340814:2021
42154672:updateComponents:669343100:1215036
42154672:propagateValuesOnChangeOnly:670558434:2601460
42154672:updateInputs:673161123:742
42154672:updateComponents:673161988:1195867
42154672:propagateValuesOnChangeOnly:674358216:2692768
42154672:updateInputs:677052194:847
42154672:updateComponents:677053179:1202360
42154672:propagateValuesOnChangeOnly:678255869:2615368
42154672:updateInputs:680874664:1577
42154672:updateComponents:680876478:1282056
42154672:propagateValuesOnChangeOnly:682158774:3545437
42154672:updateInputs:685709369:1961
42154672:updateComponents:685711618:1350800
42154672:propagateValuesOnChangeOnly:687064730:2893479
42154672:updateInputs:689960471:1745
42154672:updateComponents:689962344:1215672
42154672:propagateValuesOnChangeOnly:691178276:2620773
42154672:updateInputs:695266532:1147
42154672:updateComponents:695267942:1240116
42154672:propagateValuesOnChangeOnly:696510123:3253819
42154672:updateInputs:699765134:769
42154672:updateComponents:699766046:1173219
42154672:propagateValuesOnChangeOnly:700939526:2770876
42154672:updateInputs:703711644:791
42154672:updateComponents:703712624:1133315
42154672:propagateValuesOnChangeOnly:704846187:2637640
42154672:updateInputs:707486548:1107
42154672:updateComponents:707487767:1150604
42154672:propagateValuesOnChangeOnly:708638657:2768477
42154672:updateInputs:711408223:754
42154672:updateComponents:711409071:1142880
42154672:propagateValuesOnChangeOnly:712552216:2698697
42154672:updateInputs:715252160:987
42154672:updateComponents:715253312:1387667
42154672:propagateValuesOnChangeOnly:716641444:3950023
42154672:updateInputs:720595711:2102
42154672:updateComponents:720598061:1296320
42154672:propagateValuesOnChangeOnly:721894814:2803692
42154672:updateInputs:724699570:833
42154672:updateComponents:724700516:1180928
42154672:propagateValuesOnChangeOnly:725881827:2826585
42154672:updateInputs:728709835:926
42154672:updateComponents:728710913:1207367
42154672:propagateValuesOnChangeOnly:729918612:2605490
42154672:updateInputs:732525105:957
42154672:updateComponents:732526207:1172347
42154672:propagateValuesOnChangeOnly:733699347:2483834
42154672:updateInputs:736184597:931
42154672:updateComponents:736185628:1131474
42154672:propagateValuesOnChangeOnly:737317402:2646160
42154672:updateInputs:739967677:2282
42154672:updateComponents:739970141:1216200
42154672:propagateValuesOnChangeOnly:741186580:2565200
42154672:updateInputs:745274121:1077
42154672:updateComponents:745275525:1179827
42154672:propagateValuesOnChangeOnly:746455619:3686088
42154672:updateInputs:750146423:2607
42154672:updateComponents:750149301:1682115
42154672:propagateValuesOnChangeOnly:751833451:3522449
42154672:updateInputs:755359425:1736
42154672:updateComponents:755361447:1232889
42154672:propagateValuesOnChangeOnly:756594498:2769673
42154672:updateInputs:759365455:877
42154672:updateComponents:759366443:1297618
42154672:propagateValuesOnChangeOnly:760665907:2684523
42154672:updateInputs:763351496:761
42154672:updateComponents:763352365:1179665
42154672:propagateValuesOnChangeOnly:764532286:2504113
42154672:updateInputs:767037248:765
42154672:updateComponents:767038104:1195217
42154672:propagateValuesOnChangeOnly:768233696:2580446
42154672:updateInputs:770816584:773
42154672:updateComponents:770817482:1150723
42154672:propagateValuesOnChangeOnly:771968458:2428573
42154672:updateInputs:774397852:710
42154672:updateComponents:774398655:1118512
42154672:propagateValuesOnChangeOnly:775517398:2436888
42154672:updateInputs:777955069:686
42154672:updateComponents:777955907:1160007
42154672:propagateValuesOnChangeOnly:779116257:2713633
42154672:updateInputs:781833219:933
42154672:updateComponents:781834313:1356540
42154672:propagateValuesOnChangeOnly:783191288:3135660
42154672:updateInputs:786336552:2125
42154672:updateComponents:786339045:1270337
42154672:propagateValuesOnChangeOnly:787611540:3505943
42154672:updateInputs:791121279:1905
42154672:updateComponents:791123448:1355914
42154672:propagateValuesOnChangeOnly:792481227:2876298
42154672:updateInputs:796821777:1582
42154672:updateComponents:796823650:1175534
42154672:propagateValuesOnChangeOnly:797999372:2941624
42154672:updateInputs:800941688:744
42154672:updateComponents:800942577:1141633
42154672:propagateValuesOnChangeOnly:802111068:2946781
42154672:updateInputs:805062088:1670
42154672:updateComponents:805063981:1172304
42154672:propagateValuesOnChangeOnly:806236510:2623627
42154672:updateInputs:808861428:1042
42154672:updateComponents:808862593:1177066
42154672:propagateValuesOnChangeOnly:810039965:2789694
42154672:updateInputs:812830905:832
42154672:updateComponents:812831890:1369855
42154672:propagateValuesOnChangeOnly:814204198:3362981
42154672:updateInputs:817571271:2000
42154672:updateComponents:817573498:1322103
42154672:propagateValuesOnChangeOnly:818895823:2807038
42154672:updateInputs:821703784:898
42154672:updateComponents:821704836:1282130
42154672:propagateValuesOnChangeOnly:822987665:2756338
42154672:updateInputs:825746535:1177
42154672:updateComponents:825747868:1277000
42154672:propagateValuesOnChangeOnly:827025153:2608202
42154672:updateInputs:829634129:834
42154672:updateComponents:829635071:1244695
42154672:propagateValuesOnChangeOnly:830880063:2523771
42154672:updateInputs:833404547:817
42154672:updateComponents:833405461:1387182
42154672:propagateValuesOnChangeOnly:834794937:2670584
42154672:updateInputs:837468070:1383
42154672:updateComponents:837469668:1298468
42154672:propagateValuesOnChangeOnly:838768396:2640545
42154672:updateInputs:841409963:846
42154672:updateComponents:841410983:1301278
42154672:propagateValuesOnChangeOnly:842712517:2639533
42154672:updateInputs:847005845:1530
42154672:updateComponents:847007619:1310233
42154672:propagateValuesOnChangeOnly:848318107:2929859
42154672:updateInputs:851249476:1043
42154672:updateComponents:851250620:1234968
42154672:propagateValuesOnChangeOnly:852485913:2589339
42154672:updateInputs:855076669:845
42154672:updateComponents:855077616:1256285
42154672:propagateValuesOnChangeOnly:856334224:2600669
42154672:updateInputs:858936140:1084
42154672:updateComponents:858937339:1189485
42154672:propagateValuesOnChangeOnly:860127118:2512177
42154672:updateInputs:862640786:694
42154672:updateComponents:862641594:1169335
42154672:propagateValuesOnChangeOnly:863811230:2438742
42154672:updateInputs:866251196:945
42154672:updateComponents:866252289:1197867
42154672:propagateValuesOnChangeOnly:867450473:2519148
42154672:updateInputs:869970666:1258
42154672:updateComponents:869972050:1183152
42154672:propagateValuesOnChangeOnly:871155448:2429776
42154672:updateInputs:873586092:1124
42154672:updateComponents:873587329:1283299
42154672:propagateValuesOnChangeOnly:874873137:2888290
42154672:updateInputs:877765254:2188
42154672:updateComponents:877767623:1296310
42154672:propagateValuesOnChangeOnly:879064168:2673386
42154672:updateInputs:881738566:1065
42154672:updateComponents:881739729:1264102
42154672:propagateValuesOnChangeOnly:883004075:2603101
42154672:updateInputs:885608277:1275
42154672:updateComponents:885609713:1301941
42154672:propagateValuesOnChangeOnly:886911970:2706355
42154672:updateInputs:889620014:1624
42154672:updateComponents:889621755:1318682
42154672:propagateValuesOnChangeOnly:890940948:2630579
42154672:updateInputs:895192017:1391
42154672:updateComponents:895193672:1273829
42154672:propagateValuesOnChangeOnly:896467818:3531348
42154672:updateInputs:900000110:920
42154672:updateComponents:900001204:1325867
42154672:propagateValuesOnChangeOnly:901327420:2993317
42154672:updateInputs:904321776:1211
42154672:updateComponents:904323090:1244974
42154672:propagateValuesOnChangeOnly:905568480:2656419
42154672:updateInputs:908226152:1135
42154672:updateComponents:908227450:1264888
42154672:propagateValuesOnChangeOnly:909492611:2795779
42154672:updateInputs:912289439:879
42154672:updateComponents:912290418:1188446
42154672:propagateValuesOnChangeOnly:913479111:2568365
42154672:updateInputs:916048766:1351
42154672:updateComponents:916050254:1176912
42154672:propagateValuesOnChangeOnly:917227411:2908778
42154672:updateInputs:920147952:2100
42154672:updateComponents:920150284:1313397
42154672:propagateValuesOnChangeOnly:921463937:2697138
42154672:updateInputs:924161777:889
42154672:updateComponents:924162784:1242443
42154672:propagateValuesOnChangeOnly:925405547:2544149
42154672:updateInputs:927950474:1224
42154672:updateComponents:927951802:1241854
42154672:propagateValuesOnChangeOnly:929193904:2628107
42154672:updateInputs:931824817:1513
42154672:updateComponents:931826439:1256100
42154672:propagateValuesOnChangeOnly:933082765:2524155
42154672:updateInputs:935607605:875
42154672:updateComponents:935608586:1242901
42154672:propagateValuesOnChangeOnly:936851690:2528253
42154672:updateInputs:939381168:1211
42154672:updateComponents:939382554:1281597
42154672:propagateValuesOnChangeOnly:940664521:2780705
42154672:updateInputs:945051997:1393
42154672:updateComponents:945053640:1292461
42154672:propagateValuesOnChangeOnly:946346359:3191951
42154672:updateInputs:949539838:1208
42154672:updateComponents:949541273:1400925
42154672:propagateValuesOnChangeOnly:950942637:3412208
42154672:updateInputs:954358609:1123
42154672:updateComponents:954359881:1279667
42154672:propagateValuesOnChangeOnly:955639781:2837862
42154672:updateInputs:958479074:1150
42154672:updateComponents:958480323:1191539
42154672:propagateValuesOnChangeOnly:959672093:2720246
42154672:updateInputs:962396249:2060
42154672:updateComponents:962398570:1257924
42154672:propagateValuesOnChangeOnly:963656810:2588926
42154672:updateInputs:966247405:808
42154672:updateComponents:966248316:1177134
42154672:propagateValuesOnChangeOnly:967425896:2490136
42154672:updateInputs:969917343:630
42154672:updateComponents:969918227:1144407
42154672:propagateValuesOnChangeOnly:971062891:2465920
42154672:updateInputs:973531482:867
42154672:updateComponents:973532475:1131038
42154672:propagateValuesOnChangeOnly:974663837:2395198
42154672:updateInputs:977059883:692
42154672:updateComponents:977060685:1130325
42154672:propagateValuesOnChangeOnly:978191351:2466234
42154672:updateInputs:980658607:821
42154672:updateComponents:980659573:1169416
42154672:propagateValuesOnChangeOnly:981829224:2700177
42154672:updateInputs:984532400:1241
42154672:updateComponents:984533785:1194233
42154672:propagateValuesOnChangeOnly:985728312:2579870
42154672:updateInputs:988309097:872
42154672:updateComponents:988310111:1170457
42154672:propagateValuesOnChangeOnly:989480894:2535515
42154672:updateInputs:993489712:1450
42154672:updateComponents:993491433:1222207
42154672:propagateValuesOnChangeOnly:994715385:2994080
42154672:updateInputs:997710392:672
42154672:updateComponents:997711166:1217871
42154672:propagateValuesOnChangeOnly:998931021:2787383
42154672:updateInputs:1001719608:818
42154672:updateComponents:1001720523:1136518
42154672:propagateValuesOnChangeOnly:1002857328:2789504
42154672:updateInputs:1005650961:1785
42154672:updateComponents:1005652924:1286005
42154672:propagateValuesOnChangeOnly:1006939241:2983990
42154672:updateInputs:1009924370:817
42154672:updateComponents:1009925312:1213679
42154672:propagateValuesOnChangeOnly:1011139229:2658497
42154672:updateInputs:1013798656:846
42154672:updateComponents:1013799604:1213289
42154672:propagateValuesOnChangeOnly:1015013128:2578495
42154672:updateInputs:1017592435:826
42154672:updateComponents:1017593361:1251404
42154672:propagateValuesOnChangeOnly:1018845026:2533512
42154672:updateInputs:1021380400:910
42154672:updateComponents:1021381413:1236433
42154672:propagateValuesOnChangeOnly:1022618104:2493516
42154672:updateInputs:1025112388:1136
42154672:updateComponents:1025113622:1266798
42154672:propagateValuesOnChangeOnly:1026380663:2599431
42154672:updateInputs:1028981489:954
42154672:updateComponents:1028982539:1256335
42154672:propagateValuesOnChangeOnly:1030239174:2531985
42154672:updateInputs:1032772068:772
42154672:updateComponents:1032782623:1233541
42154672:propagateValuesOnChangeOnly:1034016422:2492599
42154672:updateInputs:1036509883:823
42154672:updateComponents:1036510805:1273360
42154672:propagateValuesOnChangeOnly:1037784390:2588845
42154672:updateInputs:1041970121:1315
42154672:updateComponents:1041971748:1268156
42154672:propagateValuesOnChangeOnly:1043240138:2821928
42154672:updateInputs:1046064485:1161
42154672:updateComponents:1046065750:1257104
42154672:propagateValuesOnChangeOnly:1047323107:2743090
42154672:updateInputs:1050067006:974
42154672:updateComponents:1050068132:1268940
42154672:propagateValuesOnChangeOnly:1051337339:2684167
42154672:updateInputs:1054022276:952
42154672:updateComponents:1054023338:1351766
42154672:propagateValuesOnChangeOnly:1055377679:2564115
42154672:updateInputs:1057943760:1553
42154672:updateComponents:1057945496:1270331
42154672:propagateValuesOnChangeOnly:1059217938:2496066
42154672:updateInputs:1061716517:1836
42154672:updateComponents:1061718586:1187769
42154672:propagateValuesOnChangeOnly:1062906594:2434608
42154672:updateInputs:1065342326:744
42154672:updateComponents:1065343232:1193558
42154672:propagateValuesOnChangeOnly:1066537191:2510158
42154672:updateInputs:1069048232:826
42154672:updateComponents:1069049172:1217265
42154672:propagateValuesOnChangeOnly:1070266752:2516388
42154672:updateInputs:1072784250:633
42154672:updateComponents:1072784999:1180724
42154672:propagateValuesOnChangeOnly:1073966023:2651387
42154672:updateInputs:1076622045:1814
42154672:updateComponents:1076624038:1249255
42154672:propagateValuesOnChangeOnly:1077873515:2605347
42154672:updateInputs:1080481726:1048
42154672:updateComponents:1080482894:1278274
42154672:propagateValuesOnChangeOnly:1081761474:2605409
42154672:updateInputs:1084368088:1337
42154672:updateComponents:1084369684:1227993
42154672:propagateValuesOnChangeOnly:1085598029:2438203
42154672:updateInputs:1089646202:1170
42154672:updateComponents:1089647732:1401058
42154672:propagateValuesOnChangeOnly:1091051220:3796617
42154672:updateInputs:1094849152:1673
42154672:updateComponents:1094850976:1284202
42154672:propagateValuesOnChangeOnly:1096135467:3025188
42154672:Run loop:95645328:1003516172
42154672:main:113:1154595741
