1209877019:updateInputs:62602:154
1209877019:updateComponents:72865:298
1209877019:propagateValues:73526:320
1209877019:Init circuit:44708:37249
1209877019:updateInputs:82107:98
1209877019:updateComponents:82587:153
1209877019:propagateValuesOnChangeOnly:82843:292
1209877019:updateInputs:85251:70
1209877019:updateComponents:85389:98
1209877019:propagateValuesOnChangeOnly:85796:179
1209877019:updateInputs:87873:71
1209877019:updateComponents:88018:101
1209877019:propagateValuesOnChangeOnly:88190:146
1209877019:updateInputs:90173:90
1209877019:updateComponents:90343:97
1209877019:propagateValuesOnChangeOnly:90518:214
1209877019:updateInputs:92585:62
1209877019:updateComponents:94360:113
1209877019:propagateValuesOnChangeOnly:94557:198
1209877019:updateInputs:96662:65
1209877019:updateComponents:96796:95
1209877019:propagateValuesOnChangeOnly:96961:249
1209877019:updateInputs:99033:60
1209877019:updateComponents:99177:97
1209877019:propagateValuesOnChangeOnly:99343:319
1209877019:updateInputs:101519:50
1209877019:updateComponents:101645:97
1209877019:propagateValuesOnChangeOnly:101811:198
1209877019:updateInputs:103830:51
1209877019:updateComponents:103950:95
1209877019:propagateValuesOnChangeOnly:104115:146
1209877019:updateInputs:106058:74
1209877019:updateComponents:106201:97
1209877019:propagateValuesOnChangeOnly:108080:164
1209877019:updateInputs:110283:76
1209877019:updateComponents:110430:98
1209877019:propagateValuesOnChangeOnly:110599:201
1209877019:updateInputs:112677:51
1209877019:updateComponents:112797:98
1209877019:propagateValuesOnChangeOnly:112967:184
1209877019:updateInputs:114970:71
1209877019:updateComponents:115110:98
1209877019:propagateValuesOnChangeOnly:115278:224
1209877019:updateInputs:117348:52
1209877019:updateComponents:117468:96
1209877019:propagateValuesOnChangeOnly:117635:236
1209877019:updateInputs:119761:50
1209877019:updateComponents:119881:97
1209877019:propagateValuesOnChangeOnly:120048:146
1209877019:updateInputs:122031:72
1209877019:updateComponents:122173:98
1209877019:propagateValuesOnChangeOnly:122352:144
1209877019:updateInputs:124348:50
1209877019:updateComponents:124476:99
1209877019:propagateValuesOnChangeOnly:124645:191
1209877019:updateInputs:126658:50
1209877019:updateComponents:126777:99
1209877019:propagateValuesOnChangeOnly:126946:146
1209877019:updateInputs:128894:91
1209877019:updateComponents:129054:96
1209877019:propagateValuesOnChangeOnly:129221:143
1209877019:Run loop:82057:49143
1209877019:main:147:136258
