3916627110:updateInputs:101650:179
3916627110:updateComponents:114175:566
3916627110:Init circuit:78243:45403
3916627110:updateInputs:124573:168
3916627110:updateComponents:124968:437
3916627110:propagateValuesOnChangeOnly:126295:712
3916627110:updateInputs:129966:120
3916627110:updateComponents:130312:330
3916627110:propagateValuesOnChangeOnly:130843:691
3916627110:updateInputs:135186:132
3916627110:updateComponents:135525:339
3916627110:propagateValuesOnChangeOnly:136034:613
3916627110:updateInputs:139743:111
3916627110:updateComponents:140091:369
3916627110:propagateValuesOnChangeOnly:140640:592
3916627110:updateInputs:143996:128
3916627110:updateComponents:144333:363
3916627110:propagateValuesOnChangeOnly:146223:578
3916627110:updateInputs:149507:114
3916627110:updateComponents:149868:380
3916627110:propagateValuesOnChangeOnly:150431:610
3916627110:updateInputs:153680:112
3916627110:updateComponents:153987:315
3916627110:propagateValuesOnChangeOnly:154483:573
3916627110:updateInputs:157676:127
3916627110:updateComponents:158038:351
3916627110:propagateValuesOnChangeOnly:158568:623
3916627110:updateInputs:162220:128
3916627110:updateComponents:162588:381
3916627110:propagateValuesOnChangeOnly:163153:599
3916627110:updateInputs:166400:150
3916627110:updateComponents:166770:391
3916627110:propagateValuesOnChangeOnly:167343:621
3916627110:updateInputs:174007:168
3916627110:updateComponents:174383:355
3916627110:propagateValuesOnChangeOnly:174929:599
3916627110:updateInputs:178233:119
3916627110:updateComponents:178552:379
3916627110:propagateValuesOnChangeOnly:179112:608
3916627110:updateInputs:182435:126
3916627110:updateComponents:182756:326
3916627110:propagateValuesOnChangeOnly:183250:601
3916627110:updateInputs:186558:129
3916627110:updateComponents:186870:325
3916627110:propagateValuesOnChangeOnly:187377:560
3916627110:updateInputs:190604:121
3916627110:updateComponents:190925:319
3916627110:propagateValuesOnChangeOnly:191440:557
3916627110:updateInputs:194669:129
3916627110:updateComponents:195000:327
3916627110:propagateValuesOnChangeOnly:195493:586
3916627110:updateInputs:198748:140
3916627110:updateComponents:199093:346
3916627110:propagateValuesOnChangeOnly:199620:603
3916627110:updateInputs:202914:111
3916627110:updateComponents:203205:331
3916627110:propagateValuesOnChangeOnly:203704:574
3916627110:updateInputs:206963:110
3916627110:updateComponents:207259:325
3916627110:propagateValuesOnChangeOnly:207769:589
3916627110:updateInputs:211437:158
3916627110:updateComponents:211791:337
3916627110:propagateValuesOnChangeOnly:212327:580
3916627110:updateInputs:215625:112
3916627110:updateComponents:215937:322
3916627110:propagateValuesOnChangeOnly:220789:735
3916627110:updateInputs:224315:123
3916627110:updateComponents:224642:338
3916627110:propagateValuesOnChangeOnly:225183:612
3916627110:updateInputs:228502:113
3916627110:updateComponents:228806:337
3916627110:propagateValuesOnChangeOnly:229332:581
3916627110:updateInputs:232606:112
3916627110:updateComponents:232913:333
3916627110:propagateValuesOnChangeOnly:233412:578
3916627110:updateInputs:236660:126
3916627110:updateComponents:236977:312
3916627110:propagateValuesOnChangeOnly:237472:567
3916627110:updateInputs:240655:108
3916627110:updateComponents:240972:322
3916627110:propagateValuesOnChangeOnly:241472:548
3916627110:updateInputs:244691:124
3916627110:updateComponents:245018:325
3916627110:propagateValuesOnChangeOnly:245521:550
3916627110:updateInputs:248734:109
3916627110:updateComponents:249048:315
3916627110:propagateValuesOnChangeOnly:249534:568
3916627110:updateInputs:252784:147
3916627110:updateComponents:253114:365
3916627110:propagateValuesOnChangeOnly:253664:587
3916627110:updateInputs:256956:132
3916627110:updateComponents:257289:323
3916627110:propagateValuesOnChangeOnly:257791:565
3916627110:updateInputs:261059:128
3916627110:updateComponents:261373:315
3916627110:propagateValuesOnChangeOnly:261856:599
3916627110:updateInputs:265162:111
3916627110:updateComponents:265479:336
3916627110:propagateValuesOnChangeOnly:265993:633
3916627110:updateInputs:269337:119
3916627110:updateComponents:269650:320
3916627110:propagateValuesOnChangeOnly:270137:583
3916627110:updateInputs:273359:126
3916627110:updateComponents:273686:311
3916627110:propagateValuesOnChangeOnly:274199:566
3916627110:updateInputs:277419:137
3916627110:updateComponents:277748:371
3916627110:propagateValuesOnChangeOnly:278298:574
3916627110:updateInputs:281541:112
3916627110:updateComponents:281858:357
3916627110:propagateValuesOnChangeOnly:282386:556
3916627110:updateInputs:285616:109
3916627110:updateComponents:285926:379
3916627110:propagateValuesOnChangeOnly:286486:596
3916627110:updateInputs:289751:143
3916627110:updateComponents:290102:334
3916627110:propagateValuesOnChangeOnly:290602:561
3916627110:updateInputs:293809:109
3916627110:updateComponents:295277:354
3916627110:propagateValuesOnChangeOnly:295831:572
3916627110:updateInputs:299152:172
3916627110:updateComponents:299523:339
3916627110:propagateValuesOnChangeOnly:300057:549
3916627110:updateInputs:303686:110
3916627110:updateComponents:304013:315
3916627110:propagateValuesOnChangeOnly:304510:605
3916627110:updateInputs:307806:108
3916627110:updateComponents:308109:329
3916627110:propagateValuesOnChangeOnly:308625:618
3916627110:updateInputs:318911:116
3916627110:updateComponents:319243:328
3916627110:propagateValuesOnChangeOnly:319760:596
3916627110:updateInputs:323045:124
3916627110:updateComponents:323368:337
3916627110:propagateValuesOnChangeOnly:323885:570
3916627110:updateInputs:327114:109
3916627110:updateComponents:327416:334
3916627110:propagateValuesOnChangeOnly:327929:571
3916627110:updateInputs:331138:123
3916627110:updateComponents:331480:314
3916627110:propagateValuesOnChangeOnly:331966:594
3916627110:updateInputs:335215:108
3916627110:updateComponents:335516:321
3916627110:propagateValuesOnChangeOnly:336022:581
3916627110:updateInputs:339248:134
3916627110:updateComponents:339562:337
3916627110:propagateValuesOnChangeOnly:340076:552
3916627110:updateInputs:343347:114
3916627110:updateComponents:343661:343
3916627110:propagateValuesOnChangeOnly:344195:573
3916627110:updateInputs:347404:132
3916627110:updateComponents:347718:330
3916627110:propagateValuesOnChangeOnly:348238:566
3916627110:updateInputs:351507:108
3916627110:updateComponents:351811:323
3916627110:propagateValuesOnChangeOnly:352321:595
3916627110:updateInputs:355664:111
3916627110:updateComponents:355963:328
3916627110:propagateValuesOnChangeOnly:356480:622
3916627110:updateInputs:359773:110
3916627110:updateComponents:360090:315
3916627110:propagateValuesOnChangeOnly:361588:582
3916627110:updateInputs:364936:123
3916627110:updateComponents:365250:336
3916627110:propagateValuesOnChangeOnly:365761:569
3916627110:updateInputs:369063:122
3916627110:updateComponents:369367:356
3916627110:propagateValuesOnChangeOnly:369923:590
3916627110:updateInputs:373184:125
3916627110:updateComponents:373514:329
3916627110:propagateValuesOnChangeOnly:374035:556
3916627110:updateInputs:377254:143
3916627110:updateComponents:377611:386
3916627110:propagateValuesOnChangeOnly:378181:593
3916627110:updateInputs:381405:112
3916627110:updateComponents:381702:348
3916627110:propagateValuesOnChangeOnly:382234:555
3916627110:updateInputs:385434:111
3916627110:updateComponents:385739:324
3916627110:propagateValuesOnChangeOnly:386243:561
3916627110:updateInputs:389480:190
3916627110:updateComponents:389884:315
3916627110:propagateValuesOnChangeOnly:390379:559
3916627110:updateInputs:393666:139
3916627110:updateComponents:394011:353
3916627110:propagateValuesOnChangeOnly:394554:791
3916627110:updateInputs:398004:110
3916627110:updateComponents:398309:319
3916627110:propagateValuesOnChangeOnly:398806:584
3916627110:updateInputs:402037:124
3916627110:updateComponents:402350:330
3916627110:propagateValuesOnChangeOnly:402871:571
3916627110:updateInputs:406136:109
3916627110:updateComponents:406448:342
3916627110:propagateValuesOnChangeOnly:406977:607
3916627110:updateInputs:410230:108
3916627110:updateComponents:410533:342
3916627110:propagateValuesOnChangeOnly:411053:597
3916627110:updateInputs:414333:107
3916627110:updateComponents:414644:340
3916627110:propagateValuesOnChangeOnly:415150:584
3916627110:updateInputs:418455:127
3916627110:updateComponents:418795:337
3916627110:propagateValuesOnChangeOnly:419300:547
3916627110:updateInputs:422487:125
3916627110:updateComponents:422805:331
3916627110:propagateValuesOnChangeOnly:423319:605
3916627110:updateInputs:426610:128
3916627110:updateComponents:426920:327
3916627110:propagateValuesOnChangeOnly:427417:572
3916627110:updateInputs:430679:160
3916627110:updateComponents:431039:354
3916627110:propagateValuesOnChangeOnly:431577:576
3916627110:updateInputs:434866:111
3916627110:updateComponents:435184:341
3916627110:propagateValuesOnChangeOnly:435725:566
3916627110:updateInputs:438971:109
3916627110:updateComponents:439264:324
3916627110:propagateValuesOnChangeOnly:439784:556
3916627110:updateInputs:442996:124
3916627110:updateComponents:443312:331
3916627110:propagateValuesOnChangeOnly:443830:562
3916627110:updateInputs:447028:144
3916627110:updateComponents:447368:330
3916627110:propagateValuesOnChangeOnly:447867:644
3916627110:updateInputs:451175:129
3916627110:updateComponents:451519:334
3916627110:propagateValuesOnChangeOnly:452032:554
3916627110:updateInputs:455262:125
3916627110:updateComponents:455582:340
3916627110:propagateValuesOnChangeOnly:456099:591
3916627110:updateInputs:459305:107
3916627110:updateComponents:459597:317
3916627110:propagateValuesOnChangeOnly:460093:580
3916627110:updateInputs:463321:127
3916627110:updateComponents:463653:331
3916627110:propagateValuesOnChangeOnly:464149:548
3916627110:updateInputs:467350:138
3916627110:updateComponents:467695:320
3916627110:propagateValuesOnChangeOnly:468212:566
3916627110:updateInputs:471362:182
3916627110:updateComponents:471750:382
3916627110:propagateValuesOnChangeOnly:472318:598
3916627110:updateInputs:475612:112
3916627110:updateComponents:475925:321
3916627110:propagateValuesOnChangeOnly:476450:602
3916627110:updateInputs:480743:111
3916627110:updateComponents:481086:321
3916627110:propagateValuesOnChangeOnly:481575:615
3916627110:updateInputs:484841:143
3916627110:updateComponents:485176:329
3916627110:propagateValuesOnChangeOnly:485672:563
3916627110:updateInputs:489274:119
3916627110:updateComponents:489595:356
3916627110:propagateValuesOnChangeOnly:490118:577
3916627110:updateInputs:493332:110
3916627110:updateComponents:493643:323
3916627110:propagateValuesOnChangeOnly:508909:682
3916627110:updateInputs:512460:125
3916627110:updateComponents:512815:356
3916627110:propagateValuesOnChangeOnly:513350:600
3916627110:updateInputs:516677:123
3916627110:updateComponents:517007:358
3916627110:propagateValuesOnChangeOnly:517549:563
3916627110:updateInputs:520777:108
3916627110:updateComponents:521099:346
3916627110:propagateValuesOnChangeOnly:521621:562
3916627110:updateInputs:524898:109
3916627110:updateComponents:525198:312
3916627110:propagateValuesOnChangeOnly:525677:560
3916627110:Run loop:124524:404402
3916627110:main:170:540935
