2934851779:updateInputs:82406:185
2934851779:updateComponents:94570:347
2934851779:Init circuit:66304:35530
2934851779:updateInputs:102736:123
2934851779:updateComponents:103089:250
2934851779:propagateValuesOnChangeOnly:104139:267
2934851779:updateInputs:107279:131
2934851779:updateComponents:107634:196
2934851779:propagateValuesOnChangeOnly:108009:222
2934851779:updateInputs:112722:119
2934851779:updateComponents:113082:167
2934851779:propagateValuesOnChangeOnly:113432:272
2934851779:updateInputs:115884:111
2934851779:updateComponents:116214:174
2934851779:propagateValuesOnChangeOnly:116559:254
2934851779:updateInputs:119398:141
2934851779:updateComponents:119770:162
2934851779:propagateValuesOnChangeOnly:121449:195
2934851779:updateInputs:123836:135
2934851779:updateComponents:124214:163
2934851779:propagateValuesOnChangeOnly:124543:179
2934851779:updateInputs:126918:97
2934851779:updateComponents:127218:173
2934851779:propagateValuesOnChangeOnly:127559:239
2934851779:updateInputs:129979:107
2934851779:updateComponents:130289:156
2934851779:propagateValuesOnChangeOnly:130623:258
2934851779:updateInputs:133104:121
2934851779:updateComponents:133438:162
2934851779:propagateValuesOnChangeOnly:133769:188
2934851779:updateInputs:136146:102
2934851779:updateComponents:136451:174
2934851779:propagateValuesOnChangeOnly:136801:167
2934851779:Run loop:102696:40326
2934851779:main:189:149617
