2891478406:updateInputs:113884:309
2891478406:updateComponents:126310:196
2891478406:Init circuit:94945:36789
2891478406:updateInputs:132580:302
2891478406:updateComponents:133109:118
2891478406:propagateValuesOnChangeOnly:134027:400
2891478406:updateInputs:137926:272
2891478406:updateComponents:138402:148
2891478406:propagateValuesOnChangeOnly:138740:345
2891478406:updateInputs:143386:337
2891478406:updateComponents:143925:120
2891478406:propagateValuesOnChangeOnly:144223:344
2891478406:updateInputs:148290:285
2891478406:updateComponents:148793:120
2891478406:propagateValuesOnChangeOnly:149098:352
2891478406:updateInputs:152793:261
2891478406:updateComponents:153261:122
2891478406:propagateValuesOnChangeOnly:154976:366
2891478406:updateInputs:158644:261
2891478406:updateComponents:159097:118
2891478406:propagateValuesOnChangeOnly:159388:356
2891478406:updateInputs:162951:303
2891478406:updateComponents:163462:97
2891478406:propagateValuesOnChangeOnly:163748:340
2891478406:updateInputs:167383:341
2891478406:updateComponents:167918:99
2891478406:propagateValuesOnChangeOnly:168198:330
2891478406:updateInputs:171640:312
2891478406:updateComponents:172136:98
2891478406:propagateValuesOnChangeOnly:172415:344
2891478406:updateInputs:176285:302
2891478406:updateComponents:176783:120
2891478406:propagateValuesOnChangeOnly:177093:366
2891478406:updateInputs:184257:311
2891478406:updateComponents:184795:101
2891478406:propagateValuesOnChangeOnly:185067:361
2891478406:updateInputs:188729:310
2891478406:updateComponents:189234:97
2891478406:propagateValuesOnChangeOnly:189528:358
2891478406:updateInputs:193152:249
2891478406:updateComponents:193608:135
2891478406:propagateValuesOnChangeOnly:193912:370
2891478406:updateInputs:197577:266
2891478406:updateComponents:198050:116
2891478406:propagateValuesOnChangeOnly:198351:345
2891478406:updateInputs:201878:267
2891478406:updateComponents:202342:101
2891478406:propagateValuesOnChangeOnly:202650:336
2891478406:Run loop:132524:73664
2891478406:main:173:214214
