1164790408:updateInputs:85148:161
1164790408:updateComponents:95576:353
1164790408:propagateValues:96206:504
1164790408:Init circuit:71783:29199
1164790408:updateInputs:101135:201
1164790408:updateComponents:101671:269
1164790408:propagateValuesOnChangeOnly:102025:423
1164790408:updateInputs:102696:111
1164790408:updateComponents:102876:208
1164790408:propagateValuesOnChangeOnly:103370:362
1164790408:updateInputs:103922:92
1164790408:updateComponents:104090:140
1164790408:propagateValuesOnChangeOnly:104303:296
1164790408:updateInputs:104751:92
1164790408:updateComponents:104916:133
1164790408:propagateValuesOnChangeOnly:105119:264
1164790408:updateInputs:105521:69
1164790408:updateComponents:107501:164
1164790408:propagateValuesOnChangeOnly:107745:252
1164790408:updateInputs:108158:65
1164790408:updateComponents:108294:130
1164790408:propagateValuesOnChangeOnly:108493:247
1164790408:updateInputs:108921:67
1164790408:updateComponents:109056:135
1164790408:propagateValuesOnChangeOnly:109261:240
1164790408:updateInputs:109631:66
1164790408:updateComponents:109766:131
1164790408:propagateValuesOnChangeOnly:109967:244
1164790408:updateInputs:110340:66
1164790408:updateComponents:110482:137
1164790408:propagateValuesOnChangeOnly:110689:245
1164790408:updateInputs:111062:66
1164790408:updateComponents:111197:132
1164790408:propagateValuesOnChangeOnly:113080:270
1164790408:updateInputs:113531:67
1164790408:updateComponents:113667:138
1164790408:propagateValuesOnChangeOnly:113876:247
1164790408:updateInputs:114286:66
1164790408:updateComponents:114420:133
1164790408:propagateValuesOnChangeOnly:114624:242
1164790408:updateInputs:115005:67
1164790408:updateComponents:115141:132
1164790408:propagateValuesOnChangeOnly:115344:241
1164790408:updateInputs:115724:67
1164790408:updateComponents:115861:129
1164790408:propagateValuesOnChangeOnly:116061:246
1164790408:updateInputs:116446:66
1164790408:updateComponents:116581:134
1164790408:propagateValuesOnChangeOnly:116785:246
1164790408:updateInputs:117168:66
1164790408:updateComponents:117304:131
1164790408:propagateValuesOnChangeOnly:117505:244
1164790408:updateInputs:117889:65
1164790408:updateComponents:118031:133
1164790408:propagateValuesOnChangeOnly:118235:257
1164790408:updateInputs:118630:66
1164790408:updateComponents:118764:132
1164790408:propagateValuesOnChangeOnly:118974:243
1164790408:updateInputs:119356:64
1164790408:updateComponents:119490:128
1164790408:propagateValuesOnChangeOnly:119689:237
1164790408:updateInputs:120064:67
1164790408:updateComponents:120202:131
1164790408:propagateValuesOnChangeOnly:120404:244
1164790408:updateInputs:120786:67
1164790408:updateComponents:122637:139
1164790408:propagateValuesOnChangeOnly:122848:262
1164790408:updateInputs:123281:67
1164790408:updateComponents:123417:128
1164790408:propagateValuesOnChangeOnly:123616:242
1164790408:updateInputs:123997:67
1164790408:updateComponents:124133:138
1164790408:propagateValuesOnChangeOnly:124341:244
1164790408:updateInputs:124722:68
1164790408:updateComponents:124870:135
1164790408:propagateValuesOnChangeOnly:125085:244
1164790408:updateInputs:125470:65
1164790408:updateComponents:125604:132
1164790408:propagateValuesOnChangeOnly:125810:245
1164790408:updateInputs:126193:69
1164790408:updateComponents:126330:136
1164790408:propagateValuesOnChangeOnly:126537:245
1164790408:updateInputs:126921:67
1164790408:updateComponents:127056:133
1164790408:propagateValuesOnChangeOnly:127260:243
1164790408:updateInputs:127641:92
1164790408:updateComponents:127803:135
1164790408:propagateValuesOnChangeOnly:128009:260
1164790408:updateInputs:130973:81
1164790408:updateComponents:131123:130
1164790408:propagateValuesOnChangeOnly:131323:337
1164790408:updateInputs:131814:83
1164790408:updateComponents:131966:137
1164790408:propagateValuesOnChangeOnly:132173:309
1164790408:updateInputs:132623:66
1164790408:updateComponents:132759:135
1164790408:propagateValuesOnChangeOnly:132964:287
1164790408:updateInputs:133390:66
1164790408:updateComponents:133525:135
1164790408:propagateValuesOnChangeOnly:133730:251
1164790408:updateInputs:134120:67
1164790408:updateComponents:134256:132
1164790408:propagateValuesOnChangeOnly:134460:243
1164790408:updateInputs:134840:66
1164790408:updateComponents:134976:129
1164790408:propagateValuesOnChangeOnly:135176:243
1164790408:updateInputs:135559:67
1164790408:updateComponents:135695:128
1164790408:propagateValuesOnChangeOnly:135892:245
1164790408:updateInputs:136276:66
1164790408:updateComponents:136410:132
1164790408:propagateValuesOnChangeOnly:136617:256
1164790408:updateInputs:137012:66
1164790408:updateComponents:137147:131
1164790408:propagateValuesOnChangeOnly:137348:247
1164790408:updateInputs:137738:65
1164790408:updateComponents:137872:129
1164790408:propagateValuesOnChangeOnly:138072:245
1164790408:updateInputs:139701:68
1164790408:updateComponents:139840:135
1164790408:propagateValuesOnChangeOnly:140045:250
1164790408:updateInputs:140447:66
1164790408:updateComponents:140583:128
1164790408:propagateValuesOnChangeOnly:140781:242
1164790408:updateInputs:141165:65
1164790408:updateComponents:141299:131
1164790408:propagateValuesOnChangeOnly:141499:243
1164790408:updateInputs:141880:65
1164790408:updateComponents:142014:130
1164790408:propagateValuesOnChangeOnly:144210:276
1164790408:updateInputs:144669:67
1164790408:updateComponents:144805:149
1164790408:propagateValuesOnChangeOnly:145025:243
1164790408:updateInputs:145394:66
1164790408:updateComponents:145530:133
1164790408:propagateValuesOnChangeOnly:145733:243
1164790408:updateInputs:146115:67
1164790408:updateComponents:146251:140
1164790408:propagateValuesOnChangeOnly:146462:242
1164790408:updateInputs:146831:69
1164790408:updateComponents:146969:146
1164790408:propagateValuesOnChangeOnly:147186:248
1164790408:updateInputs:147564:67
1164790408:updateComponents:147703:130
1164790408:propagateValuesOnChangeOnly:147904:243
1164790408:updateInputs:148274:65
1164790408:updateComponents:148408:136
1164790408:propagateValuesOnChangeOnly:148615:241
1164790408:updateInputs:148992:68
1164790408:updateComponents:149128:132
1164790408:propagateValuesOnChangeOnly:149334:242
1164790408:updateInputs:149706:66
1164790408:updateComponents:149840:137
1164790408:propagateValuesOnChangeOnly:150048:242
1164790408:updateInputs:150418:66
1164790408:updateComponents:150554:131
1164790408:propagateValuesOnChangeOnly:150754:244
1164790408:updateInputs:151126:66
1164790408:updateComponents:151262:129
1164790408:propagateValuesOnChangeOnly:151461:243
1164790408:updateInputs:153169:67
1164790408:updateComponents:154480:140
1164790408:propagateValuesOnChangeOnly:154692:257
1164790408:updateInputs:155094:66
1164790408:updateComponents:155228:134
1164790408:propagateValuesOnChangeOnly:155432:249
1164790408:updateInputs:155810:65
1164790408:updateComponents:155945:129
1164790408:propagateValuesOnChangeOnly:156145:244
1164790408:updateInputs:156513:120
1164790408:updateComponents:156702:129
1164790408:propagateValuesOnChangeOnly:156901:245
1164790408:updateInputs:159559:85
1164790408:updateComponents:159713:130
1164790408:propagateValuesOnChangeOnly:159914:301
1164790408:updateInputs:160353:67
1164790408:updateComponents:160490:133
1164790408:propagateValuesOnChangeOnly:160694:273
1164790408:updateInputs:161091:67
1164790408:updateComponents:161227:134
1164790408:propagateValuesOnChangeOnly:161431:355
1164790408:updateInputs:161913:65
1164790408:updateComponents:162048:130
1164790408:propagateValuesOnChangeOnly:162258:299
1164790408:updateInputs:162684:65
1164790408:updateComponents:162820:136
1164790408:propagateValuesOnChangeOnly:163026:248
1164790408:updateInputs:163400:66
1164790408:updateComponents:163535:130
1164790408:propagateValuesOnChangeOnly:163736:256
1164790408:updateInputs:164119:65
1164790408:updateComponents:164254:134
1164790408:propagateValuesOnChangeOnly:164460:248
1164790408:updateInputs:164833:65
1164790408:updateComponents:164968:133
1164790408:propagateValuesOnChangeOnly:165171:242
1164790408:updateInputs:165540:65
1164790408:updateComponents:165674:135
1164790408:propagateValuesOnChangeOnly:165879:242
1164790408:updateInputs:166260:66
1164790408:updateComponents:166394:132
1164790408:propagateValuesOnChangeOnly:166596:240
1164790408:updateInputs:166974:66
1164790408:updateComponents:167108:129
1164790408:propagateValuesOnChangeOnly:167307:241
1164790408:updateInputs:167674:66
1164790408:updateComponents:167810:129
1164790408:propagateValuesOnChangeOnly:168010:239
1164790408:updateInputs:168378:65
1164790408:updateComponents:168512:134
1164790408:propagateValuesOnChangeOnly:168717:241
1164790408:updateInputs:169090:67
1164790408:updateComponents:169228:130
1164790408:propagateValuesOnChangeOnly:169429:247
1164790408:updateInputs:169813:65
1164790408:updateComponents:169947:132
1164790408:propagateValuesOnChangeOnly:170150:245
1164790408:updateInputs:170522:65
1164790408:updateComponents:170657:134
1164790408:propagateValuesOnChangeOnly:170861:254
1164790408:updateInputs:171247:65
1164790408:updateComponents:171381:129
1164790408:propagateValuesOnChangeOnly:171580:242
1164790408:updateInputs:171948:65
1164790408:updateComponents:172082:135
1164790408:propagateValuesOnChangeOnly:172288:241
1164790408:updateInputs:172654:65
1164790408:updateComponents:172789:131
1164790408:propagateValuesOnChangeOnly:172990:242
1164790408:updateInputs:173358:68
1164790408:updateComponents:173494:136
1164790408:propagateValuesOnChangeOnly:173700:248
1164790408:updateInputs:174087:66
1164790408:updateComponents:174222:133
1164790408:propagateValuesOnChangeOnly:174426:261
1164790408:updateInputs:174814:64
1164790408:updateComponents:174948:133
1164790408:propagateValuesOnChangeOnly:175152:242
1164790408:updateInputs:175525:66
1164790408:updateComponents:175660:134
1164790408:propagateValuesOnChangeOnly:175865:243
1164790408:updateInputs:176233:66
1164790408:updateComponents:176368:133
1164790408:propagateValuesOnChangeOnly:176570:245
1164790408:updateInputs:176941:67
1164790408:updateComponents:177076:134
1164790408:propagateValuesOnChangeOnly:178529:271
1164790408:updateInputs:178938:66
1164790408:updateComponents:179073:140
1164790408:propagateValuesOnChangeOnly:179284:242
1164790408:updateInputs:179654:67
1164790408:updateComponents:179789:132
1164790408:propagateValuesOnChangeOnly:179992:244
1164790408:updateInputs:180363:80
1164790408:updateComponents:180513:131
1164790408:propagateValuesOnChangeOnly:180714:244
1164790408:updateInputs:183273:81
1164790408:updateComponents:188581:147
1164790408:propagateValuesOnChangeOnly:188805:309
1164790408:updateInputs:189261:69
1164790408:updateComponents:189398:133
1164790408:propagateValuesOnChangeOnly:189602:270
1164790408:updateInputs:190005:67
1164790408:updateComponents:190141:134
1164790408:propagateValuesOnChangeOnly:190346:263
1164790408:updateInputs:190738:66
1164790408:updateComponents:190874:133
1164790408:propagateValuesOnChangeOnly:191083:340
1164790408:updateInputs:191572:67
1164790408:updateComponents:191708:129
1164790408:propagateValuesOnChangeOnly:191913:370
1164790408:updateInputs:192430:65
1164790408:updateComponents:192564:135
1164790408:propagateValuesOnChangeOnly:192769:287
1164790408:updateInputs:193189:66
1164790408:updateComponents:193324:134
1164790408:propagateValuesOnChangeOnly:193528:257
1164790408:updateInputs:193916:66
1164790408:updateComponents:194051:136
1164790408:propagateValuesOnChangeOnly:194262:243
1164790408:updateInputs:194635:66
1164790408:updateComponents:194771:133
1164790408:propagateValuesOnChangeOnly:194980:240
1164790408:updateInputs:195349:67
1164790408:updateComponents:195485:133
1164790408:propagateValuesOnChangeOnly:195689:243
1164790408:updateInputs:196073:66
1164790408:updateComponents:196208:134
1164790408:propagateValuesOnChangeOnly:196413:247
1164790408:updateInputs:196790:66
1164790408:updateComponents:196926:130
1164790408:propagateValuesOnChangeOnly:197131:243
1164790408:updateInputs:197509:65
1164790408:updateComponents:197643:130
1164790408:propagateValuesOnChangeOnly:197846:241
1164790408:updateInputs:198217:65
1164790408:updateComponents:198351:129
1164790408:propagateValuesOnChangeOnly:198551:257
1164790408:updateInputs:198939:66
1164790408:updateComponents:199074:129
1164790408:propagateValuesOnChangeOnly:199273:241
1164790408:updateInputs:199642:66
1164790408:updateComponents:199776:130
1164790408:propagateValuesOnChangeOnly:199981:249
1164790408:updateInputs:200358:66
1164790408:updateComponents:200492:134
1164790408:propagateValuesOnChangeOnly:200701:260
1164790408:updateInputs:201090:66
1164790408:updateComponents:201224:129
1164790408:propagateValuesOnChangeOnly:201424:243
1164790408:updateInputs:201801:65
1164790408:updateComponents:201935:135
1164790408:propagateValuesOnChangeOnly:202141:244
1164790408:updateInputs:202514:67
1164790408:updateComponents:202650:134
1164790408:propagateValuesOnChangeOnly:202858:240
1164790408:updateInputs:203226:66
1164790408:updateComponents:203361:134
1164790408:propagateValuesOnChangeOnly:203570:240
1164790408:updateInputs:203945:66
1164790408:updateComponents:204080:137
1164790408:propagateValuesOnChangeOnly:204287:244
1164790408:updateInputs:204663:67
1164790408:updateComponents:204800:135
1164790408:propagateValuesOnChangeOnly:205005:246
1164790408:updateInputs:205380:67
1164790408:updateComponents:205516:128
1164790408:propagateValuesOnChangeOnly:205720:242
1164790408:updateInputs:206093:65
1164790408:updateComponents:206228:132
1164790408:propagateValuesOnChangeOnly:206434:240
1164790408:updateInputs:208086:68
1164790408:updateComponents:208226:139
1164790408:propagateValuesOnChangeOnly:208435:253
1164790408:updateInputs:208828:66
1164790408:updateComponents:208964:132
1164790408:propagateValuesOnChangeOnly:209166:245
1164790408:updateInputs:209537:130
1164790408:updateComponents:209736:133
1164790408:propagateValuesOnChangeOnly:209940:244
1164790408:updateInputs:212650:67
1164790408:updateComponents:212785:133
1164790408:propagateValuesOnChangeOnly:212993:286
1164790408:updateInputs:213407:86
1164790408:updateComponents:213561:134
1164790408:propagateValuesOnChangeOnly:213764:265
1164790408:updateInputs:214162:66
1164790408:updateComponents:214296:132
1164790408:propagateValuesOnChangeOnly:214499:286
1164790408:updateInputs:214910:66
1164790408:updateComponents:215044:132
1164790408:propagateValuesOnChangeOnly:215246:289
1164790408:updateInputs:215666:66
1164790408:updateComponents:215801:129
1164790408:propagateValuesOnChangeOnly:215999:252
1164790408:updateInputs:216385:67
1164790408:updateComponents:216521:130
1164790408:propagateValuesOnChangeOnly:216721:244
1164790408:updateInputs:217093:67
1164790408:updateComponents:217228:130
1164790408:propagateValuesOnChangeOnly:217428:244
1164790408:updateInputs:217801:66
1164790408:updateComponents:217937:130
1164790408:propagateValuesOnChangeOnly:218142:256
1164790408:updateInputs:218528:66
1164790408:updateComponents:218664:137
1164790408:propagateValuesOnChangeOnly:218872:244
1164790408:updateInputs:219244:67
1164790408:updateComponents:219380:151
1164790408:propagateValuesOnChangeOnly:219601:244
1164790408:updateInputs:219975:66
1164790408:updateComponents:220111:131
1164790408:propagateValuesOnChangeOnly:220311:242
1164790408:updateInputs:220682:65
1164790408:updateComponents:220817:137
1164790408:propagateValuesOnChangeOnly:221025:260
1164790408:updateInputs:221424:64
1164790408:updateComponents:221558:134
1164790408:propagateValuesOnChangeOnly:221767:243
1164790408:updateInputs:222139:66
1164790408:updateComponents:222274:137
1164790408:propagateValuesOnChangeOnly:222482:243
1164790408:updateInputs:222855:67
1164790408:updateComponents:222992:136
1164790408:propagateValuesOnChangeOnly:223198:239
1164790408:updateInputs:223562:66
1164790408:updateComponents:223697:134
1164790408:propagateValuesOnChangeOnly:223901:243
1164790408:updateInputs:224277:67
1164790408:updateComponents:224413:135
1164790408:propagateValuesOnChangeOnly:224619:242
1164790408:updateInputs:224989:66
1164790408:updateComponents:225124:136
1164790408:propagateValuesOnChangeOnly:225331:245
1164790408:updateInputs:225708:65
1164790408:updateComponents:225846:134
1164790408:propagateValuesOnChangeOnly:226049:243
1164790408:updateInputs:226419:65
1164790408:updateComponents:226554:132
1164790408:propagateValuesOnChangeOnly:226757:240
1164790408:updateInputs:227129:66
1164790408:updateComponents:227264:133
1164790408:propagateValuesOnChangeOnly:227481:244
1164790408:updateInputs:227852:67
1164790408:updateComponents:227987:133
1164790408:propagateValuesOnChangeOnly:228195:242
1164790408:updateInputs:228567:65
1164790408:updateComponents:228701:130
1164790408:propagateValuesOnChangeOnly:228901:261
1164790408:updateInputs:229289:67
1164790408:updateComponents:229424:133
1164790408:propagateValuesOnChangeOnly:229627:246
1164790408:updateInputs:230003:67
1164790408:updateComponents:230139:129
1164790408:propagateValuesOnChangeOnly:230338:258
1164790408:updateInputs:230723:67
1164790408:updateComponents:230859:133
1164790408:propagateValuesOnChangeOnly:232374:266
1164790408:updateInputs:232785:65
1164790408:updateComponents:232919:131
1164790408:propagateValuesOnChangeOnly:233120:241
1164790408:updateInputs:233486:82
1164790408:updateComponents:233637:129
1164790408:propagateValuesOnChangeOnly:233836:241
1164790408:updateInputs:236371:64
1164790408:updateComponents:236503:132
1164790408:propagateValuesOnChangeOnly:236706:288
1164790408:updateInputs:237121:81
1164790408:updateComponents:237271:133
1164790408:propagateValuesOnChangeOnly:237474:271
1164790408:updateInputs:237878:67
1164790408:updateComponents:238013:128
1164790408:propagateValuesOnChangeOnly:238211:269
1164790408:updateInputs:238606:66
1164790408:updateComponents:238742:129
1164790408:propagateValuesOnChangeOnly:238942:313
1164790408:updateInputs:239386:67
1164790408:updateComponents:239522:134
1164790408:propagateValuesOnChangeOnly:239727:308
1164790408:updateInputs:240173:67
1164790408:updateComponents:240309:132
1164790408:propagateValuesOnChangeOnly:240510:243
1164790408:updateInputs:240885:66
1164790408:updateComponents:241020:133
1164790408:propagateValuesOnChangeOnly:241223:247
1164790408:updateInputs:241596:67
1164790408:updateComponents:241744:135
1164790408:propagateValuesOnChangeOnly:241950:242
1164790408:updateInputs:242323:67
1164790408:updateComponents:242459:130
1164790408:propagateValuesOnChangeOnly:242660:244
1164790408:updateInputs:243029:67
1164790408:updateComponents:243165:131
1164790408:propagateValuesOnChangeOnly:243376:242
1164790408:updateInputs:243742:68
1164790408:updateComponents:243878:131
1164790408:propagateValuesOnChangeOnly:244079:246
1164790408:updateInputs:244451:65
1164790408:updateComponents:244596:129
1164790408:propagateValuesOnChangeOnly:244794:244
1164790408:updateInputs:245169:67
1164790408:updateComponents:245305:132
1164790408:propagateValuesOnChangeOnly:245519:242
1164790408:updateInputs:245888:66
1164790408:updateComponents:246023:131
1164790408:propagateValuesOnChangeOnly:246223:258
1164790408:updateInputs:246613:66
1164790408:updateComponents:246749:135
1164790408:propagateValuesOnChangeOnly:246955:256
1164790408:updateInputs:247336:66
1164790408:updateComponents:247471:133
1164790408:propagateValuesOnChangeOnly:247673:244
1164790408:updateInputs:248049:66
1164790408:updateComponents:248184:133
1164790408:propagateValuesOnChangeOnly:248387:243
1164790408:updateInputs:248756:66
1164790408:updateComponents:248891:132
1164790408:propagateValuesOnChangeOnly:249093:244
1164790408:updateInputs:249469:66
1164790408:updateComponents:249606:131
1164790408:propagateValuesOnChangeOnly:249807:249
1164790408:updateInputs:250192:65
1164790408:updateComponents:250327:133
1164790408:propagateValuesOnChangeOnly:250531:246
1164790408:updateInputs:250919:68
1164790408:updateComponents:251057:135
1164790408:propagateValuesOnChangeOnly:251262:242
1164790408:updateInputs:251639:66
1164790408:updateComponents:251773:133
1164790408:propagateValuesOnChangeOnly:251978:240
1164790408:updateInputs:252349:66
1164790408:updateComponents:252484:129
1164790408:propagateValuesOnChangeOnly:252685:241
1164790408:updateInputs:253057:67
1164790408:updateComponents:253192:136
1164790408:propagateValuesOnChangeOnly:253399:245
1164790408:updateInputs:253775:67
1164790408:updateComponents:253911:135
1164790408:propagateValuesOnChangeOnly:254115:262
1164790408:updateInputs:254503:67
1164790408:updateComponents:254638:131
1164790408:propagateValuesOnChangeOnly:254839:244
1164790408:updateInputs:256481:67
1164790408:updateComponents:256619:136
1164790408:propagateValuesOnChangeOnly:256825:250
1164790408:updateInputs:257213:123
1164790408:updateComponents:257406:130
1164790408:propagateValuesOnChangeOnly:257611:240
1164790408:updateInputs:260126:69
1164790408:updateComponents:260263:137
1164790408:propagateValuesOnChangeOnly:260471:280
1164790408:updateInputs:260875:85
1164790408:updateComponents:261029:138
1164790408:propagateValuesOnChangeOnly:283385:388
1164790408:updateInputs:283937:99
1164790408:updateComponents:284112:171
1164790408:propagateValuesOnChangeOnly:284354:287
1164790408:updateInputs:284771:66
1164790408:updateComponents:284907:136
1164790408:propagateValuesOnChangeOnly:285119:273
1164790408:updateInputs:285523:67
1164790408:updateComponents:285660:134
1164790408:propagateValuesOnChangeOnly:285865:239
1164790408:updateInputs:286228:95
1164790408:updateComponents:286392:131
1164790408:propagateValuesOnChangeOnly:286594:241
1164790408:updateInputs:286962:69
1164790408:updateComponents:287102:137
1164790408:propagateValuesOnChangeOnly:287309:246
1164790408:updateInputs:287685:67
1164790408:updateComponents:287822:135
1164790408:propagateValuesOnChangeOnly:288033:255
1164790408:updateInputs:288424:68
1164790408:updateComponents:288562:136
1164790408:propagateValuesOnChangeOnly:288772:243
1164790408:updateInputs:289144:69
1164790408:updateComponents:289283:138
1164790408:propagateValuesOnChangeOnly:289492:237
1164790408:updateInputs:289863:69
1164790408:updateComponents:290001:135
1164790408:propagateValuesOnChangeOnly:290206:242
1164790408:updateInputs:290575:68
1164790408:updateComponents:290711:138
1164790408:propagateValuesOnChangeOnly:290924:239
1164790408:updateInputs:292672:68
1164790408:updateComponents:292814:138
1164790408:propagateValuesOnChangeOnly:293027:254
1164790408:updateInputs:293426:65
1164790408:updateComponents:293560:130
1164790408:propagateValuesOnChangeOnly:293762:241
1164790408:updateInputs:294141:67
1164790408:updateComponents:294276:129
1164790408:propagateValuesOnChangeOnly:294474:247
1164790408:updateInputs:294849:68
1164790408:updateComponents:294986:129
1164790408:propagateValuesOnChangeOnly:295185:247
1164790408:updateInputs:295557:68
1164790408:updateComponents:295693:129
1164790408:propagateValuesOnChangeOnly:295891:242
1164790408:updateInputs:296264:64
1164790408:updateComponents:296397:129
1164790408:propagateValuesOnChangeOnly:296596:241
1164790408:updateInputs:296968:67
1164790408:updateComponents:297103:131
1164790408:propagateValuesOnChangeOnly:297305:244
1164790408:updateInputs:297679:66
1164790408:updateComponents:297814:132
1164790408:propagateValuesOnChangeOnly:298016:240
1164790408:updateInputs:298385:66
1164790408:updateComponents:298520:138
1164790408:propagateValuesOnChangeOnly:298728:243
1164790408:updateInputs:299096:65
1164790408:updateComponents:299230:131
1164790408:propagateValuesOnChangeOnly:299432:242
1164790408:updateInputs:299801:66
1164790408:updateComponents:299941:130
1164790408:propagateValuesOnChangeOnly:300141:240
1164790408:updateInputs:300510:66
1164790408:updateComponents:300645:136
1164790408:propagateValuesOnChangeOnly:300851:257
1164790408:updateInputs:301234:67
1164790408:updateComponents:301369:128
1164790408:propagateValuesOnChangeOnly:301570:247
1164790408:updateInputs:301947:67
1164790408:updateComponents:302082:130
1164790408:propagateValuesOnChangeOnly:302281:243
1164790408:updateInputs:302650:66
1164790408:updateComponents:302785:134
1164790408:propagateValuesOnChangeOnly:302989:241
1164790408:updateInputs:303361:81
1164790408:updateComponents:303514:135
1164790408:propagateValuesOnChangeOnly:303723:243
1164790408:updateInputs:306498:66
1164790408:updateComponents:306635:140
1164790408:propagateValuesOnChangeOnly:306848:282
1164790408:updateInputs:307260:68
1164790408:updateComponents:307398:138
1164790408:propagateValuesOnChangeOnly:307608:266
1164790408:updateInputs:309973:67
1164790408:updateComponents:310115:135
1164790408:propagateValuesOnChangeOnly:310321:262
1164790408:updateInputs:310729:67
1164790408:updateComponents:310865:136
1164790408:propagateValuesOnChangeOnly:311071:288
1164790408:updateInputs:311490:67
1164790408:updateComponents:311626:134
1164790408:propagateValuesOnChangeOnly:311829:299
1164790408:updateInputs:312254:67
1164790408:updateComponents:312390:133
1164790408:propagateValuesOnChangeOnly:312594:254
1164790408:updateInputs:312979:67
1164790408:updateComponents:313115:128
1164790408:propagateValuesOnChangeOnly:313314:243
1164790408:updateInputs:313684:65
1164790408:updateComponents:313819:130
1164790408:propagateValuesOnChangeOnly:314019:242
1164790408:updateInputs:314392:65
1164790408:updateComponents:314526:133
1164790408:propagateValuesOnChangeOnly:314730:260
1164790408:updateInputs:315117:65
1164790408:updateComponents:315252:129
1164790408:propagateValuesOnChangeOnly:315453:244
1164790408:updateInputs:315824:65
1164790408:updateComponents:315958:135
1164790408:propagateValuesOnChangeOnly:316164:242
1164790408:updateInputs:316535:67
1164790408:updateComponents:316679:133
1164790408:propagateValuesOnChangeOnly:316883:247
1164790408:updateInputs:317258:65
1164790408:updateComponents:317392:134
1164790408:propagateValuesOnChangeOnly:317596:259
1164790408:updateInputs:317982:66
1164790408:updateComponents:318117:134
1164790408:propagateValuesOnChangeOnly:318320:241
1164790408:updateInputs:318692:65
1164790408:updateComponents:318826:134
1164790408:propagateValuesOnChangeOnly:319032:244
1164790408:updateInputs:319401:66
1164790408:updateComponents:319536:133
1164790408:propagateValuesOnChangeOnly:319750:242
1164790408:updateInputs:320118:66
1164790408:updateComponents:320254:133
1164790408:propagateValuesOnChangeOnly:320456:243
1164790408:updateInputs:320824:66
1164790408:updateComponents:320958:132
1164790408:propagateValuesOnChangeOnly:321160:241
1164790408:updateInputs:321533:66
1164790408:updateComponents:321669:129
1164790408:propagateValuesOnChangeOnly:321870:249
1164790408:updateInputs:322244:66
1164790408:updateComponents:322378:135
1164790408:propagateValuesOnChangeOnly:322584:247
1164790408:updateInputs:322960:66
1164790408:updateComponents:323095:135
1164790408:propagateValuesOnChangeOnly:323300:248
1164790408:updateInputs:323674:66
1164790408:updateComponents:323810:137
1164790408:propagateValuesOnChangeOnly:324018:257
1164790408:updateInputs:324405:67
1164790408:updateComponents:324541:130
1164790408:propagateValuesOnChangeOnly:324743:243
1164790408:updateInputs:325110:66
1164790408:updateComponents:325245:131
1164790408:propagateValuesOnChangeOnly:325448:241
1164790408:updateInputs:325821:66
1164790408:updateComponents:325955:129
1164790408:propagateValuesOnChangeOnly:326154:244
1164790408:updateInputs:326523:67
1164790408:updateComponents:326660:128
1164790408:propagateValuesOnChangeOnly:326860:241
1164790408:updateInputs:327233:65
1164790408:updateComponents:327367:129
1164790408:propagateValuesOnChangeOnly:327567:238
1164790408:updateInputs:327945:100
1164790408:updateComponents:328114:130
1164790408:propagateValuesOnChangeOnly:328314:249
1164790408:updateInputs:330914:67
1164790408:updateComponents:331055:135
1164790408:propagateValuesOnChangeOnly:331260:280
1164790408:updateInputs:331665:66
1164790408:updateComponents:331800:131
1164790408:propagateValuesOnChangeOnly:332001:268
1164790408:updateInputs:332396:66
1164790408:updateComponents:333942:141
1164790408:propagateValuesOnChangeOnly:334163:274
1164790408:updateInputs:334576:66
1164790408:updateComponents:334711:137
1164790408:propagateValuesOnChangeOnly:334918:245
1164790408:updateInputs:335292:66
1164790408:updateComponents:335428:136
1164790408:propagateValuesOnChangeOnly:335635:243
1164790408:updateInputs:336003:67
1164790408:updateComponents:336139:132
1164790408:propagateValuesOnChangeOnly:336342:245
1164790408:updateInputs:336717:66
1164790408:updateComponents:336853:131
1164790408:propagateValuesOnChangeOnly:337054:243
1164790408:updateInputs:337423:67
1164790408:updateComponents:337558:137
1164790408:propagateValuesOnChangeOnly:337767:260
1164790408:updateInputs:338156:65
1164790408:updateComponents:338292:136
1164790408:propagateValuesOnChangeOnly:338497:244
1164790408:updateInputs:338869:66
1164790408:updateComponents:339004:135
1164790408:propagateValuesOnChangeOnly:339210:241
1164790408:updateInputs:339583:65
1164790408:updateComponents:339718:133
1164790408:propagateValuesOnChangeOnly:339919:245
1164790408:updateInputs:340291:66
1164790408:updateComponents:340426:137
1164790408:propagateValuesOnChangeOnly:340644:244
1164790408:updateInputs:341015:65
1164790408:updateComponents:341150:129
1164790408:propagateValuesOnChangeOnly:341349:247
1164790408:updateInputs:341733:67
1164790408:updateComponents:341869:134
1164790408:propagateValuesOnChangeOnly:342074:242
1164790408:updateInputs:342446:66
1164790408:updateComponents:342582:129
1164790408:propagateValuesOnChangeOnly:342782:239
1164790408:updateInputs:343148:67
1164790408:updateComponents:343285:139
1164790408:propagateValuesOnChangeOnly:343493:245
1164790408:updateInputs:343868:66
1164790408:updateComponents:344010:135
1164790408:propagateValuesOnChangeOnly:344216:243
1164790408:updateInputs:344585:66
1164790408:updateComponents:344720:162
1164790408:propagateValuesOnChangeOnly:344952:246
1164790408:updateInputs:345327:67
1164790408:updateComponents:345463:131
1164790408:propagateValuesOnChangeOnly:345664:264
1164790408:updateInputs:346053:66
1164790408:updateComponents:346189:131
1164790408:propagateValuesOnChangeOnly:346392:241
1164790408:updateInputs:346762:67
1164790408:updateComponents:346899:132
1164790408:propagateValuesOnChangeOnly:347103:255
1164790408:updateInputs:347482:67
1164790408:updateComponents:347617:135
1164790408:propagateValuesOnChangeOnly:347822:264
1164790408:updateInputs:348217:65
1164790408:updateComponents:348352:135
1164790408:propagateValuesOnChangeOnly:348557:246
1164790408:updateInputs:348928:66
1164790408:updateComponents:349064:132
1164790408:propagateValuesOnChangeOnly:349266:250
1164790408:updateInputs:349646:67
1164790408:updateComponents:349781:139
1164790408:propagateValuesOnChangeOnly:349991:241
1164790408:updateInputs:350357:66
1164790408:updateComponents:350492:130
1164790408:propagateValuesOnChangeOnly:350692:249
1164790408:updateInputs:351071:65
1164790408:updateComponents:351205:130
1164790408:propagateValuesOnChangeOnly:351405:260
1164790408:updateInputs:351791:81
1164790408:updateComponents:351949:132
1164790408:propagateValuesOnChangeOnly:352151:239
1164790408:updateInputs:354699:67
1164790408:updateComponents:354834:138
1164790408:propagateValuesOnChangeOnly:355042:285
1164790408:updateInputs:355457:66
1164790408:updateComponents:355593:129
1164790408:propagateValuesOnChangeOnly:355793:267
1164790408:updateInputs:356192:66
1164790408:updateComponents:356326:134
1164790408:propagateValuesOnChangeOnly:356530:257
1164790408:updateInputs:358435:67
1164790408:updateComponents:358575:140
1164790408:propagateValuesOnChangeOnly:358785:254
1164790408:updateInputs:359185:66
1164790408:updateComponents:359320:138
1164790408:propagateValuesOnChangeOnly:359528:244
1164790408:updateInputs:359898:67
1164790408:updateComponents:360034:135
1164790408:propagateValuesOnChangeOnly:360240:240
1164790408:updateInputs:360612:66
1164790408:updateComponents:360747:129
1164790408:propagateValuesOnChangeOnly:360947:242
1164790408:updateInputs:361315:67
1164790408:updateComponents:361451:130
1164790408:propagateValuesOnChangeOnly:361651:243
1164790408:updateInputs:362027:66
1164790408:updateComponents:362163:134
1164790408:propagateValuesOnChangeOnly:362367:244
1164790408:updateInputs:362740:65
1164790408:updateComponents:362875:137
1164790408:propagateValuesOnChangeOnly:363082:242
1164790408:updateInputs:363456:67
1164790408:updateComponents:363592:131
1164790408:propagateValuesOnChangeOnly:363793:258
1164790408:updateInputs:364178:65
1164790408:updateComponents:364312:130
1164790408:propagateValuesOnChangeOnly:364514:241
1164790408:updateInputs:364881:67
1164790408:updateComponents:365025:129
1164790408:propagateValuesOnChangeOnly:365226:241
1164790408:updateInputs:365592:66
1164790408:updateComponents:365728:128
1164790408:propagateValuesOnChangeOnly:365927:246
1164790408:updateInputs:366303:67
1164790408:updateComponents:366439:129
1164790408:propagateValuesOnChangeOnly:366638:245
1164790408:updateInputs:367008:65
1164790408:updateComponents:367142:129
1164790408:propagateValuesOnChangeOnly:367341:241
1164790408:updateInputs:367713:68
1164790408:updateComponents:367850:129
1164790408:propagateValuesOnChangeOnly:368059:245
1164790408:updateInputs:368428:68
1164790408:updateComponents:368564:131
1164790408:propagateValuesOnChangeOnly:368766:244
1164790408:updateInputs:369140:67
1164790408:updateComponents:369276:134
1164790408:propagateValuesOnChangeOnly:369481:259
1164790408:updateInputs:369865:65
1164790408:updateComponents:369999:132
1164790408:propagateValuesOnChangeOnly:370201:244
1164790408:updateInputs:370576:66
1164790408:updateComponents:370711:136
1164790408:propagateValuesOnChangeOnly:370916:243
1164790408:updateInputs:371296:67
1164790408:updateComponents:371432:132
1164790408:propagateValuesOnChangeOnly:371635:243
1164790408:updateInputs:372010:65
1164790408:updateComponents:372144:135
1164790408:propagateValuesOnChangeOnly:372351:241
1164790408:updateInputs:372718:66
1164790408:updateComponents:372854:134
1164790408:propagateValuesOnChangeOnly:373058:243
1164790408:updateInputs:373432:66
1164790408:updateComponents:373567:135
1164790408:propagateValuesOnChangeOnly:373773:244
1164790408:updateInputs:374154:67
1164790408:updateComponents:374290:136
1164790408:propagateValuesOnChangeOnly:374496:261
1164790408:updateInputs:374888:67
1164790408:updateComponents:375023:138
1164790408:propagateValuesOnChangeOnly:375231:243
1164790408:updateInputs:375599:102
1164790408:updateComponents:375769:132
1164790408:propagateValuesOnChangeOnly:375984:247
1164790408:updateInputs:378529:65
1164790408:updateComponents:378664:131
1164790408:propagateValuesOnChangeOnly:378866:280
1164790408:updateInputs:379289:66
1164790408:updateComponents:379425:135
1164790408:propagateValuesOnChangeOnly:379630:263
1164790408:updateInputs:380023:65
1164790408:updateComponents:380157:141
1164790408:propagateValuesOnChangeOnly:380369:255
1164790408:updateInputs:380753:66
1164790408:updateComponents:382581:140
1164790408:propagateValuesOnChangeOnly:382799:252
1164790408:updateInputs:383189:66
1164790408:updateComponents:383324:132
1164790408:propagateValuesOnChangeOnly:383525:246
1164790408:updateInputs:383898:66
1164790408:updateComponents:384033:138
1164790408:propagateValuesOnChangeOnly:384240:249
1164790408:updateInputs:384619:67
1164790408:updateComponents:384755:132
1164790408:propagateValuesOnChangeOnly:384958:246
1164790408:updateInputs:385328:66
1164790408:updateComponents:385463:135
1164790408:propagateValuesOnChangeOnly:385669:240
1164790408:updateInputs:386038:65
1164790408:updateComponents:386173:132
1164790408:propagateValuesOnChangeOnly:386374:241
1164790408:updateInputs:386741:64
1164790408:updateComponents:386874:138
1164790408:propagateValuesOnChangeOnly:387082:240
1164790408:updateInputs:387453:68
1164790408:updateComponents:387590:129
1164790408:propagateValuesOnChangeOnly:387789:242
1164790408:updateInputs:388164:65
1164790408:updateComponents:388298:130
1164790408:propagateValuesOnChangeOnly:388498:242
1164790408:updateInputs:388872:67
1164790408:updateComponents:389007:131
1164790408:propagateValuesOnChangeOnly:389208:262
1164790408:updateInputs:389596:67
1164790408:updateComponents:389731:129
1164790408:propagateValuesOnChangeOnly:389930:250
1164790408:updateInputs:390315:66
1164790408:updateComponents:390451:130
1164790408:propagateValuesOnChangeOnly:390651:245
1164790408:updateInputs:391021:66
1164790408:updateComponents:391156:129
1164790408:propagateValuesOnChangeOnly:391355:243
1164790408:updateInputs:391732:66
1164790408:updateComponents:391867:131
1164790408:propagateValuesOnChangeOnly:392068:243
1164790408:updateInputs:392448:66
1164790408:updateComponents:392583:135
1164790408:propagateValuesOnChangeOnly:392788:243
1164790408:updateInputs:393163:65
1164790408:updateComponents:393297:135
1164790408:propagateValuesOnChangeOnly:393503:243
1164790408:updateInputs:393871:65
1164790408:updateComponents:394007:132
1164790408:propagateValuesOnChangeOnly:394210:243
1164790408:updateInputs:394579:65
1164790408:updateComponents:394714:134
1164790408:propagateValuesOnChangeOnly:394917:248
1164790408:updateInputs:395291:65
1164790408:updateComponents:395425:130
1164790408:propagateValuesOnChangeOnly:395624:244
1164790408:updateInputs:396008:65
1164790408:updateComponents:396143:128
1164790408:propagateValuesOnChangeOnly:396341:240
1164790408:updateInputs:396705:66
1164790408:updateComponents:396840:129
1164790408:propagateValuesOnChangeOnly:397041:245
1164790408:updateInputs:397423:65
1164790408:updateComponents:397557:136
1164790408:propagateValuesOnChangeOnly:397764:243
1164790408:updateInputs:398133:66
1164790408:updateComponents:398268:134
1164790408:propagateValuesOnChangeOnly:398472:243
1164790408:updateInputs:398846:67
1164790408:updateComponents:398982:133
1164790408:propagateValuesOnChangeOnly:399186:256
1164790408:updateInputs:399570:80
1164790408:updateComponents:399720:129
1164790408:propagateValuesOnChangeOnly:399921:240
1164790408:updateInputs:403749:67
1164790408:updateComponents:403894:148
1164790408:propagateValuesOnChangeOnly:404111:302
1164790408:updateInputs:404556:67
1164790408:updateComponents:404692:136
1164790408:propagateValuesOnChangeOnly:404898:269
1164790408:updateInputs:405296:65
1164790408:updateComponents:405432:134
1164790408:propagateValuesOnChangeOnly:405635:262
1164790408:updateInputs:406028:66
1164790408:updateComponents:406164:137
1164790408:propagateValuesOnChangeOnly:407848:255
1164790408:updateInputs:408246:66
1164790408:updateComponents:408381:135
1164790408:propagateValuesOnChangeOnly:408586:242
1164790408:updateInputs:408954:66
1164790408:updateComponents:409090:134
1164790408:propagateValuesOnChangeOnly:409295:262
1164790408:updateInputs:409689:66
1164790408:updateComponents:409826:135
1164790408:propagateValuesOnChangeOnly:410032:241
1164790408:updateInputs:410400:66
1164790408:updateComponents:410536:130
1164790408:propagateValuesOnChangeOnly:410738:243
1164790408:updateInputs:411113:67
1164790408:updateComponents:411249:135
1164790408:propagateValuesOnChangeOnly:411454:246
1164790408:updateInputs:411826:68
1164790408:updateComponents:411963:133
1164790408:propagateValuesOnChangeOnly:412168:244
1164790408:updateInputs:412543:65
1164790408:updateComponents:412679:133
1164790408:propagateValuesOnChangeOnly:412885:243
1164790408:updateInputs:413254:66
1164790408:updateComponents:413390:135
1164790408:propagateValuesOnChangeOnly:413594:246
1164790408:updateInputs:413970:66
1164790408:updateComponents:414106:130
1164790408:propagateValuesOnChangeOnly:414308:258
1164790408:updateInputs:414692:67
1164790408:updateComponents:414829:136
1164790408:propagateValuesOnChangeOnly:415035:238
1164790408:updateInputs:415404:67
1164790408:updateComponents:415542:134
1164790408:propagateValuesOnChangeOnly:415747:259
1164790408:updateInputs:416133:65
1164790408:updateComponents:416267:129
1164790408:propagateValuesOnChangeOnly:416469:239
1164790408:updateInputs:416835:67
1164790408:updateComponents:416971:135
1164790408:propagateValuesOnChangeOnly:417176:245
1164790408:updateInputs:417546:67
1164790408:updateComponents:417682:134
1164790408:propagateValuesOnChangeOnly:417895:242
1164790408:updateInputs:418267:66
1164790408:updateComponents:418403:135
1164790408:propagateValuesOnChangeOnly:418607:241
1164790408:updateInputs:418973:65
1164790408:updateComponents:419108:138
1164790408:propagateValuesOnChangeOnly:419316:238
1164790408:updateInputs:419685:65
1164790408:updateComponents:419820:132
1164790408:propagateValuesOnChangeOnly:420022:240
1164790408:updateInputs:420388:65
1164790408:updateComponents:420523:136
1164790408:propagateValuesOnChangeOnly:420729:254
1164790408:updateInputs:421114:65
1164790408:updateComponents:421249:129
1164790408:propagateValuesOnChangeOnly:421448:247
1164790408:updateInputs:421820:66
1164790408:updateComponents:421956:134
1164790408:propagateValuesOnChangeOnly:422160:241
1164790408:updateInputs:422531:65
1164790408:updateComponents:422665:128
1164790408:propagateValuesOnChangeOnly:422863:239
1164790408:updateInputs:423226:66
1164790408:updateComponents:423362:132
1164790408:propagateValuesOnChangeOnly:423564:243
1164790408:updateInputs:423938:67
1164790408:updateComponents:424074:135
1164790408:propagateValuesOnChangeOnly:424279:240
1164790408:updateInputs:424644:122
1164790408:updateComponents:424835:132
1164790408:propagateValuesOnChangeOnly:425037:239
1164790408:updateInputs:427557:64
1164790408:updateComponents:427691:132
1164790408:propagateValuesOnChangeOnly:427905:278
1164790408:updateInputs:428308:68
1164790408:updateComponents:428445:138
1164790408:propagateValuesOnChangeOnly:428653:262
1164790408:updateInputs:429052:67
1164790408:updateComponents:429188:135
1164790408:propagateValuesOnChangeOnly:429394:277
1164790408:updateInputs:429796:65
1164790408:updateComponents:429931:138
1164790408:propagateValuesOnChangeOnly:430138:270
1164790408:updateInputs:430532:65
1164790408:updateComponents:453233:152
1164790408:propagateValuesOnChangeOnly:453473:274
1164790408:updateInputs:453903:79
1164790408:updateComponents:454052:129
1164790408:propagateValuesOnChangeOnly:454251:243
1164790408:updateInputs:454629:66
1164790408:updateComponents:454764:128
1164790408:propagateValuesOnChangeOnly:454962:248
1164790408:updateInputs:455340:66
1164790408:updateComponents:455474:132
1164790408:propagateValuesOnChangeOnly:455678:245
1164790408:updateInputs:456051:66
1164790408:updateComponents:456188:133
1164790408:propagateValuesOnChangeOnly:456394:242
1164790408:updateInputs:456762:66
1164790408:updateComponents:456898:133
1164790408:propagateValuesOnChangeOnly:457101:241
1164790408:updateInputs:457466:65
1164790408:updateComponents:457601:134
1164790408:propagateValuesOnChangeOnly:457805:242
1164790408:updateInputs:458177:67
1164790408:updateComponents:458314:135
1164790408:propagateValuesOnChangeOnly:458520:242
1164790408:updateInputs:458886:67
1164790408:updateComponents:459022:134
1164790408:propagateValuesOnChangeOnly:459228:241
1164790408:updateInputs:459594:67
1164790408:updateComponents:459730:133
1164790408:propagateValuesOnChangeOnly:459933:259
1164790408:updateInputs:460318:66
1164790408:updateComponents:460456:134
1164790408:propagateValuesOnChangeOnly:460661:245
1164790408:updateInputs:461036:67
1164790408:updateComponents:461172:135
1164790408:propagateValuesOnChangeOnly:461376:245
1164790408:updateInputs:461751:66
1164790408:updateComponents:461889:132
1164790408:propagateValuesOnChangeOnly:462090:245
1164790408:updateInputs:462460:65
1164790408:updateComponents:462594:130
1164790408:propagateValuesOnChangeOnly:462794:241
1164790408:updateInputs:463171:67
1164790408:updateComponents:463307:131
1164790408:propagateValuesOnChangeOnly:463510:240
1164790408:updateInputs:463880:67
1164790408:updateComponents:464016:128
1164790408:propagateValuesOnChangeOnly:464214:242
1164790408:updateInputs:464585:67
1164790408:updateComponents:464722:133
1164790408:propagateValuesOnChangeOnly:464926:243
1164790408:updateInputs:465294:67
1164790408:updateComponents:465430:130
1164790408:propagateValuesOnChangeOnly:465630:244
1164790408:updateInputs:466001:66
1164790408:updateComponents:466135:136
1164790408:propagateValuesOnChangeOnly:466343:244
1164790408:updateInputs:466715:66
1164790408:updateComponents:466851:131
1164790408:propagateValuesOnChangeOnly:467053:244
1164790408:updateInputs:467424:66
1164790408:updateComponents:467559:131
1164790408:propagateValuesOnChangeOnly:467762:241
1164790408:updateInputs:468131:65
1164790408:updateComponents:468265:131
1164790408:propagateValuesOnChangeOnly:468466:242
1164790408:updateInputs:468836:67
1164790408:updateComponents:468972:135
1164790408:propagateValuesOnChangeOnly:469178:243
1164790408:updateInputs:469551:82
1164790408:updateComponents:469701:135
1164790408:propagateValuesOnChangeOnly:469906:244
1164790408:updateInputs:472542:66
1164790408:updateComponents:472677:134
1164790408:propagateValuesOnChangeOnly:472887:282
1164790408:updateInputs:473300:66
1164790408:updateComponents:473437:133
1164790408:propagateValuesOnChangeOnly:473646:260
1164790408:updateInputs:474041:67
1164790408:updateComponents:474178:130
1164790408:propagateValuesOnChangeOnly:474379:268
1164790408:updateInputs:474778:67
1164790408:updateComponents:474915:127
1164790408:propagateValuesOnChangeOnly:475113:287
1164790408:updateInputs:475525:68
1164790408:updateComponents:475663:131
1164790408:propagateValuesOnChangeOnly:477400:315
1164790408:updateInputs:477860:66
1164790408:updateComponents:477994:135
1164790408:propagateValuesOnChangeOnly:478199:242
1164790408:updateInputs:478579:67
1164790408:updateComponents:478715:132
1164790408:propagateValuesOnChangeOnly:478918:242
1164790408:updateInputs:479285:68
1164790408:updateComponents:479421:136
1164790408:propagateValuesOnChangeOnly:479635:246
1164790408:updateInputs:480012:66
1164790408:updateComponents:480148:129
1164790408:propagateValuesOnChangeOnly:480346:252
1164790408:updateInputs:480723:68
1164790408:updateComponents:480861:135
1164790408:propagateValuesOnChangeOnly:481067:240
1164790408:updateInputs:481438:65
1164790408:updateComponents:481572:136
1164790408:propagateValuesOnChangeOnly:481778:243
1164790408:updateInputs:482148:66
1164790408:updateComponents:482283:132
1164790408:propagateValuesOnChangeOnly:482485:243
1164790408:updateInputs:482860:66
1164790408:updateComponents:482995:131
1164790408:propagateValuesOnChangeOnly:483197:256
1164790408:updateInputs:483579:66
1164790408:updateComponents:483715:131
1164790408:propagateValuesOnChangeOnly:483915:243
1164790408:updateInputs:484301:66
1164790408:updateComponents:484437:133
1164790408:propagateValuesOnChangeOnly:484640:249
1164790408:updateInputs:485016:66
1164790408:updateComponents:485158:136
1164790408:propagateValuesOnChangeOnly:485365:245
1164790408:updateInputs:485739:66
1164790408:updateComponents:485874:138
1164790408:propagateValuesOnChangeOnly:486082:240
1164790408:updateInputs:486448:66
1164790408:updateComponents:486583:135
1164790408:propagateValuesOnChangeOnly:486788:243
1164790408:updateInputs:487159:67
1164790408:updateComponents:487298:134
1164790408:propagateValuesOnChangeOnly:487502:244
1164790408:updateInputs:487872:67
1164790408:updateComponents:488009:128
1164790408:propagateValuesOnChangeOnly:488216:244
1164790408:updateInputs:488590:66
1164790408:updateComponents:488726:129
1164790408:propagateValuesOnChangeOnly:488926:242
1164790408:updateInputs:489294:66
1164790408:updateComponents:489428:132
1164790408:propagateValuesOnChangeOnly:489630:244
1164790408:updateInputs:490017:66
1164790408:updateComponents:490151:133
1164790408:propagateValuesOnChangeOnly:490353:243
1164790408:updateInputs:490723:66
1164790408:updateComponents:490857:131
1164790408:propagateValuesOnChangeOnly:491057:242
1164790408:updateInputs:491427:65
1164790408:updateComponents:491561:130
1164790408:propagateValuesOnChangeOnly:491761:246
1164790408:updateInputs:492133:67
1164790408:updateComponents:492269:129
1164790408:propagateValuesOnChangeOnly:492469:243
1164790408:updateInputs:492843:66
1164790408:updateComponents:492979:136
1164790408:propagateValuesOnChangeOnly:493185:242
1164790408:updateInputs:493557:101
1164790408:updateComponents:493727:134
1164790408:propagateValuesOnChangeOnly:493930:248
1164790408:updateInputs:496482:66
1164790408:updateComponents:496617:134
1164790408:propagateValuesOnChangeOnly:496821:283
1164790408:updateInputs:497229:67
1164790408:updateComponents:497365:132
1164790408:propagateValuesOnChangeOnly:497576:268
1164790408:updateInputs:497980:64
1164790408:updateComponents:498115:130
1164790408:propagateValuesOnChangeOnly:498316:277
1164790408:updateInputs:498719:66
1164790408:updateComponents:498853:135
1164790408:propagateValuesOnChangeOnly:499058:262
1164790408:updateInputs:499451:66
1164790408:updateComponents:499586:137
1164790408:propagateValuesOnChangeOnly:499792:245
1164790408:updateInputs:501543:68
1164790408:updateComponents:501680:143
1164790408:propagateValuesOnChangeOnly:501894:259
1164790408:updateInputs:502296:67
1164790408:updateComponents:502432:134
1164790408:propagateValuesOnChangeOnly:502637:258
1164790408:updateInputs:503020:67
1164790408:updateComponents:503156:129
1164790408:propagateValuesOnChangeOnly:503356:243
1164790408:updateInputs:503731:65
1164790408:updateComponents:503866:128
1164790408:propagateValuesOnChangeOnly:504066:240
1164790408:updateInputs:504432:67
1164790408:updateComponents:504568:135
1164790408:propagateValuesOnChangeOnly:504774:246
1164790408:updateInputs:505152:66
1164790408:updateComponents:505288:133
1164790408:propagateValuesOnChangeOnly:505492:244
1164790408:updateInputs:505862:66
1164790408:updateComponents:505998:133
1164790408:propagateValuesOnChangeOnly:506201:252
1164790408:updateInputs:506584:67
1164790408:updateComponents:506720:134
1164790408:propagateValuesOnChangeOnly:506925:244
1164790408:updateInputs:507295:67
1164790408:updateComponents:507432:134
1164790408:propagateValuesOnChangeOnly:507636:243
1164790408:updateInputs:508012:66
1164790408:updateComponents:508148:136
1164790408:propagateValuesOnChangeOnly:508355:241
1164790408:updateInputs:508722:66
1164790408:updateComponents:508858:134
1164790408:propagateValuesOnChangeOnly:509064:256
1164790408:updateInputs:509449:65
1164790408:updateComponents:509584:136
1164790408:propagateValuesOnChangeOnly:509790:243
1164790408:updateInputs:510160:68
1164790408:updateComponents:510296:128
1164790408:propagateValuesOnChangeOnly:510495:243
1164790408:updateInputs:510870:68
1164790408:updateComponents:511006:131
1164790408:propagateValuesOnChangeOnly:511208:240
1164790408:updateInputs:511589:67
1164790408:updateComponents:511724:136
1164790408:propagateValuesOnChangeOnly:511930:246
1164790408:updateInputs:512306:66
1164790408:updateComponents:512442:131
1164790408:propagateValuesOnChangeOnly:512643:246
1164790408:updateInputs:513016:65
1164790408:updateComponents:513150:131
1164790408:propagateValuesOnChangeOnly:513353:241
1164790408:updateInputs:513731:83
1164790408:updateComponents:513883:136
1164790408:propagateValuesOnChangeOnly:514088:248
1164790408:updateInputs:514464:66
1164790408:updateComponents:514607:134
1164790408:propagateValuesOnChangeOnly:514811:241
1164790408:updateInputs:515182:65
1164790408:updateComponents:515315:134
1164790408:propagateValuesOnChangeOnly:515519:242
1164790408:updateInputs:515885:66
1164790408:updateComponents:516021:133
1164790408:propagateValuesOnChangeOnly:516227:245
1164790408:updateInputs:516603:66
1164790408:updateComponents:516738:133
1164790408:propagateValuesOnChangeOnly:516941:245
1164790408:updateInputs:517323:80
1164790408:updateComponents:517471:132
1164790408:propagateValuesOnChangeOnly:517673:243
1164790408:updateInputs:520255:65
1164790408:updateComponents:520391:132
1164790408:propagateValuesOnChangeOnly:520593:288
1164790408:updateInputs:521007:66
1164790408:updateComponents:521143:135
1164790408:propagateValuesOnChangeOnly:521349:266
1164790408:updateInputs:521756:66
1164790408:updateComponents:521891:135
1164790408:propagateValuesOnChangeOnly:522096:257
1164790408:updateInputs:522478:66
1164790408:updateComponents:522614:135
1164790408:propagateValuesOnChangeOnly:522820:287
1164790408:updateInputs:523236:66
1164790408:updateComponents:523371:136
1164790408:propagateValuesOnChangeOnly:523577:288
1164790408:updateInputs:523990:67
1164790408:updateComponents:524126:134
1164790408:propagateValuesOnChangeOnly:525692:268
1164790408:updateInputs:526115:66
1164790408:updateComponents:526249:130
1164790408:propagateValuesOnChangeOnly:526449:248
1164790408:updateInputs:526825:66
1164790408:updateComponents:526960:138
1164790408:propagateValuesOnChangeOnly:527169:246
1164790408:updateInputs:527546:66
1164790408:updateComponents:527681:139
1164790408:propagateValuesOnChangeOnly:527889:254
1164790408:updateInputs:528266:67
1164790408:updateComponents:528402:137
1164790408:propagateValuesOnChangeOnly:528609:246
1164790408:updateInputs:528986:65
1164790408:updateComponents:529120:129
1164790408:propagateValuesOnChangeOnly:529320:241
1164790408:updateInputs:529687:66
1164790408:updateComponents:529823:131
1164790408:propagateValuesOnChangeOnly:530024:243
1164790408:updateInputs:530399:66
1164790408:updateComponents:530533:132
1164790408:propagateValuesOnChangeOnly:530736:244
1164790408:updateInputs:531105:66
1164790408:updateComponents:531241:131
1164790408:propagateValuesOnChangeOnly:531442:241
1164790408:updateInputs:531814:65
1164790408:updateComponents:531948:135
1164790408:propagateValuesOnChangeOnly:532153:241
1164790408:updateInputs:532522:66
1164790408:updateComponents:532657:133
1164790408:propagateValuesOnChangeOnly:532861:245
1164790408:updateInputs:534623:66
1164790408:updateComponents:534770:136
1164790408:propagateValuesOnChangeOnly:534982:250
1164790408:updateInputs:535385:65
1164790408:updateComponents:535519:137
1164790408:propagateValuesOnChangeOnly:535727:247
1164790408:updateInputs:536103:66
1164790408:updateComponents:536238:134
1164790408:propagateValuesOnChangeOnly:536442:245
1164790408:updateInputs:536813:67
1164790408:updateComponents:536949:132
1164790408:propagateValuesOnChangeOnly:537156:245
1164790408:updateInputs:537527:66
1164790408:updateComponents:537663:129
1164790408:propagateValuesOnChangeOnly:537867:248
1164790408:updateInputs:538240:67
1164790408:updateComponents:538376:132
1164790408:propagateValuesOnChangeOnly:538579:241
1164790408:updateInputs:538951:66
1164790408:updateComponents:539087:134
1164790408:propagateValuesOnChangeOnly:539291:250
1164790408:updateInputs:539667:66
1164790408:updateComponents:539802:133
1164790408:propagateValuesOnChangeOnly:540010:247
1164790408:updateInputs:540383:66
1164790408:updateComponents:540518:138
1164790408:propagateValuesOnChangeOnly:540726:250
1164790408:updateInputs:541101:66
1164790408:updateComponents:541237:134
1164790408:propagateValuesOnChangeOnly:541442:245
1164790408:updateInputs:541817:66
1164790408:updateComponents:541952:135
1164790408:propagateValuesOnChangeOnly:542158:258
1164790408:updateInputs:542547:100
1164790408:updateComponents:542717:132
1164790408:propagateValuesOnChangeOnly:542924:242
1164790408:updateInputs:545467:65
1164790408:updateComponents:545601:137
1164790408:propagateValuesOnChangeOnly:545808:279
1164790408:updateInputs:546226:66
1164790408:updateComponents:546362:132
1164790408:propagateValuesOnChangeOnly:546565:261
1164790408:updateInputs:546956:67
1164790408:updateComponents:547092:131
1164790408:propagateValuesOnChangeOnly:547294:257
1164790408:updateInputs:547680:67
1164790408:updateComponents:547816:129
1164790408:propagateValuesOnChangeOnly:548015:246
1164790408:updateInputs:548387:66
1164790408:updateComponents:548522:134
1164790408:propagateValuesOnChangeOnly:548726:255
1164790408:updateInputs:549114:66
1164790408:updateComponents:549248:135
1164790408:propagateValuesOnChangeOnly:549453:244
1164790408:updateInputs:551227:66
1164790408:updateComponents:551362:133
1164790408:propagateValuesOnChangeOnly:551564:256
1164790408:updateInputs:551960:66
1164790408:updateComponents:552096:132
1164790408:propagateValuesOnChangeOnly:552298:246
1164790408:updateInputs:552674:66
1164790408:updateComponents:552809:131
1164790408:propagateValuesOnChangeOnly:553010:241
1164790408:updateInputs:553378:65
1164790408:updateComponents:553512:133
1164790408:propagateValuesOnChangeOnly:553716:241
1164790408:updateInputs:554090:64
1164790408:updateComponents:554223:132
1164790408:propagateValuesOnChangeOnly:554425:244
1164790408:updateInputs:554794:67
1164790408:updateComponents:554929:131
1164790408:propagateValuesOnChangeOnly:555130:246
1164790408:updateInputs:555508:64
1164790408:updateComponents:555641:131
1164790408:propagateValuesOnChangeOnly:555843:243
1164790408:updateInputs:556210:66
1164790408:updateComponents:556344:130
1164790408:propagateValuesOnChangeOnly:556544:243
1164790408:updateInputs:556916:66
1164790408:updateComponents:557051:131
1164790408:propagateValuesOnChangeOnly:557252:245
1164790408:updateInputs:557623:66
1164790408:updateComponents:557758:131
1164790408:propagateValuesOnChangeOnly:557959:249
1164790408:updateInputs:558340:66
1164790408:updateComponents:558474:132
1164790408:propagateValuesOnChangeOnly:558676:249
1164790408:updateInputs:559050:66
1164790408:updateComponents:559185:129
1164790408:propagateValuesOnChangeOnly:559384:254
1164790408:updateInputs:559763:65
1164790408:updateComponents:559897:132
1164790408:propagateValuesOnChangeOnly:560100:241
1164790408:updateInputs:560467:66
1164790408:updateComponents:560601:129
1164790408:propagateValuesOnChangeOnly:560812:243
1164790408:updateInputs:561182:67
1164790408:updateComponents:561317:134
1164790408:propagateValuesOnChangeOnly:561521:243
1164790408:updateInputs:561891:67
1164790408:updateComponents:562027:133
1164790408:propagateValuesOnChangeOnly:562231:245
1164790408:updateInputs:562607:68
1164790408:updateComponents:562743:137
1164790408:propagateValuesOnChangeOnly:562951:246
1164790408:updateInputs:563322:67
1164790408:updateComponents:563458:135
1164790408:propagateValuesOnChangeOnly:563663:241
1164790408:updateInputs:564035:65
1164790408:updateComponents:564169:134
1164790408:propagateValuesOnChangeOnly:564372:245
1164790408:updateInputs:564746:66
1164790408:updateComponents:564881:130
1164790408:propagateValuesOnChangeOnly:565081:246
1164790408:updateInputs:565458:67
1164790408:updateComponents:565593:134
1164790408:propagateValuesOnChangeOnly:565797:243
1164790408:Run loop:101090:465090
1164790408:main:137:576795
