1173268018:updateInputs:134738:137
1173268018:updateComponents:143452:698
1173268018:propagateValues:144461:1452
1173268018:Init circuit:97790:54864
1173268018:updateInputs:152782:121
1173268018:updateComponents:153175:389
1173268018:propagateValuesOnChangeOnly:153631:1130
1173268018:updateInputs:161143:77
1173268018:updateComponents:161299:362
1173268018:propagateValuesOnChangeOnly:161941:1008
1173268018:updateInputs:169207:86
1173268018:updateComponents:169361:340
1173268018:propagateValuesOnChangeOnly:169769:991
1173268018:updateInputs:176998:80
1173268018:updateComponents:177142:342
1173268018:propagateValuesOnChangeOnly:177549:943
1173268018:updateInputs:184757:79
1173268018:updateComponents:185178:347
1173268018:propagateValuesOnChangeOnly:185584:963
1173268018:updateInputs:192777:68
1173268018:updateComponents:192912:337
1173268018:propagateValuesOnChangeOnly:193305:946
1173268018:updateInputs:200493:75
1173268018:updateComponents:200633:335
1173268018:propagateValuesOnChangeOnly:201024:939
1173268018:updateInputs:208152:78
1173268018:updateComponents:208294:335
1173268018:propagateValuesOnChangeOnly:208695:936
1173268018:updateInputs:215819:77
1173268018:updateComponents:215959:331
1173268018:propagateValuesOnChangeOnly:216359:915
1173268018:updateInputs:223463:91
1173268018:updateComponents:223616:332
1173268018:propagateValuesOnChangeOnly:225571:1038
1173268018:updateInputs:232988:85
1173268018:updateComponents:233138:348
1173268018:propagateValuesOnChangeOnly:233542:944
1173268018:updateInputs:240703:82
1173268018:updateComponents:240849:334
1173268018:propagateValuesOnChangeOnly:241242:927
1173268018:updateInputs:248359:76
1173268018:updateComponents:248498:333
1173268018:propagateValuesOnChangeOnly:248902:966
1173268018:updateInputs:256149:65
1173268018:updateComponents:256277:326
1173268018:propagateValuesOnChangeOnly:256659:909
1173268018:updateInputs:263784:82
1173268018:updateComponents:263931:330
1173268018:propagateValuesOnChangeOnly:264316:886
1173268018:Run loop:152744:118678
1173268018:main:327:299692
