3116703770:updateInputs:56655:104
3116703770:updateComponents:68146:134
3116703770:propagateValues:68555:168
3116703770:Init circuit:45929:25642
3116703770:updateInputs:71687:100
3116703770:updateComponents:72038:62
3116703770:propagateValuesOnChangeOnly:72167:162
3116703770:updateInputs:74913:87
3116703770:updateComponents:75069:53
3116703770:propagateValuesOnChangeOnly:75367:145
3116703770:updateInputs:77937:87
3116703770:updateComponents:78095:48
3116703770:propagateValuesOnChangeOnly:78201:131
3116703770:updateInputs:80730:101
3116703770:updateComponents:80890:48
3116703770:propagateValuesOnChangeOnly:81002:123
3116703770:updateInputs:83540:63
3116703770:updateComponents:85170:49
3116703770:propagateValuesOnChangeOnly:85289:124
3116703770:updateInputs:87941:59
3116703770:updateComponents:88057:47
3116703770:propagateValuesOnChangeOnly:88164:130
3116703770:updateInputs:90723:71
3116703770:updateComponents:90849:48
3116703770:propagateValuesOnChangeOnly:90956:136
3116703770:updateInputs:93501:102
3116703770:updateComponents:93658:48
3116703770:propagateValuesOnChangeOnly:93765:126
3116703770:updateInputs:96264:69
3116703770:updateComponents:96390:47
3116703770:propagateValuesOnChangeOnly:96498:133
3116703770:updateInputs:99009:70
3116703770:updateComponents:99133:49
3116703770:propagateValuesOnChangeOnly:100642:129
3116703770:updateInputs:103380:73
3116703770:updateComponents:103510:48
3116703770:propagateValuesOnChangeOnly:103618:119
3116703770:updateInputs:106212:88
3116703770:updateComponents:106355:48
3116703770:propagateValuesOnChangeOnly:106462:123
3116703770:updateInputs:109032:72
3116703770:updateComponents:109162:48
3116703770:propagateValuesOnChangeOnly:109271:121
3116703770:updateInputs:111811:73
3116703770:updateComponents:111939:49
3116703770:propagateValuesOnChangeOnly:112047:121
3116703770:updateInputs:114569:72
3116703770:updateComponents:114696:49
3116703770:propagateValuesOnChangeOnly:114804:131
3116703770:updateInputs:117357:114
3116703770:updateComponents:117526:48
3116703770:propagateValuesOnChangeOnly:117633:120
3116703770:updateInputs:120163:71
3116703770:updateComponents:120297:49
3116703770:propagateValuesOnChangeOnly:120406:129
3116703770:updateInputs:122926:71
3116703770:updateComponents:123052:49
3116703770:propagateValuesOnChangeOnly:123160:122
3116703770:updateInputs:125678:73
3116703770:updateComponents:125806:49
3116703770:propagateValuesOnChangeOnly:125914:121
3116703770:updateInputs:128416:97
3116703770:updateComponents:128569:47
3116703770:propagateValuesOnChangeOnly:128675:118
3116703770:updateInputs:131239:73
3116703770:updateComponents:133010:55
3116703770:propagateValuesOnChangeOnly:133137:122
3116703770:updateInputs:135764:78
3116703770:updateComponents:135900:49
3116703770:propagateValuesOnChangeOnly:136008:123
3116703770:updateInputs:138530:71
3116703770:updateComponents:138656:48
3116703770:propagateValuesOnChangeOnly:138763:134
3116703770:updateInputs:141304:96
3116703770:updateComponents:141465:49
3116703770:propagateValuesOnChangeOnly:141584:122
3116703770:updateInputs:144100:73
3116703770:updateComponents:144229:48
3116703770:propagateValuesOnChangeOnly:144336:140
3116703770:updateInputs:146863:72
3116703770:updateComponents:146991:48
3116703770:propagateValuesOnChangeOnly:147098:122
3116703770:updateInputs:149624:72
3116703770:updateComponents:149753:48
3116703770:propagateValuesOnChangeOnly:149860:122
3116703770:updateInputs:152384:94
3116703770:updateComponents:152533:49
3116703770:propagateValuesOnChangeOnly:152641:121
3116703770:updateInputs:155151:73
3116703770:updateComponents:155280:48
3116703770:propagateValuesOnChangeOnly:155388:121
3116703770:updateInputs:157910:70
3116703770:updateComponents:158035:48
3116703770:propagateValuesOnChangeOnly:158150:121
3116703770:updateInputs:160662:72
3116703770:updateComponents:160791:46
3116703770:propagateValuesOnChangeOnly:160897:131
3116703770:updateInputs:163405:109
3116703770:updateComponents:163569:49
3116703770:propagateValuesOnChangeOnly:163686:121
3116703770:updateInputs:166210:71
3116703770:updateComponents:166337:50
3116703770:propagateValuesOnChangeOnly:166445:133
3116703770:updateInputs:168993:73
3116703770:updateComponents:169122:48
3116703770:propagateValuesOnChangeOnly:169238:120
3116703770:updateInputs:171776:72
3116703770:updateComponents:171904:48
3116703770:propagateValuesOnChangeOnly:172012:119
3116703770:updateInputs:174525:98
3116703770:updateComponents:174679:49
3116703770:propagateValuesOnChangeOnly:174792:121
3116703770:updateInputs:177331:71
3116703770:updateComponents:177458:48
3116703770:propagateValuesOnChangeOnly:177566:121
3116703770:updateInputs:180073:84
3116703770:updateComponents:180213:47
3116703770:propagateValuesOnChangeOnly:180321:121
3116703770:updateInputs:183982:77
3116703770:updateComponents:184145:48
3116703770:propagateValuesOnChangeOnly:184252:136
3116703770:Run loop:71644:115196
3116703770:main:123:190777
