3365464210:updateInputs:242420934:2136
3365464210:updateComponents:242452818:3032592
3365464210:Init circuit:138375638:123075685
3365464210:updateInputs:261454128:1857
3365464210:updateComponents:261456378:3248624
3365464210:propagateValuesOnChangeOnly:264708639:6553180
3365464210:updateInputs:271264022:1729
3365464210:updateComponents:271266029:3328509
3365464210:propagateValuesOnChangeOnly:274595147:5861084
3365464210:updateInputs:280460791:1450
3365464210:updateComponents:280462574:3254578
3365464210:propagateValuesOnChangeOnly:283717892:5914814
3365464210:updateInputs:289635205:1534
3365464210:updateComponents:289637067:3279002
3365464210:propagateValuesOnChangeOnly:292916860:5776299
3365464210:updateInputs:298694749:1337
3365464210:updateComponents:298696395:3275463
3365464210:propagateValuesOnChangeOnly:301976222:5919255
3365464210:updateInputs:307897722:1736
3365464210:updateComponents:307899734:3262150
3365464210:propagateValuesOnChangeOnly:311162556:6346736
3365464210:updateInputs:317532547:2943
3365464210:updateComponents:317535996:3330521
3365464210:propagateValuesOnChangeOnly:320867104:6662598
3365464210:updateInputs:327532613:1639
3365464210:updateComponents:327534582:3315107
3365464210:propagateValuesOnChangeOnly:330850270:5934079
3365464210:updateInputs:336785677:1304
3365464210:updateComponents:336787256:3275005
3365464210:propagateValuesOnChangeOnly:340062889:5798625
3365464210:updateInputs:345863489:1633
3365464210:updateComponents:345865437:3300162
3365464210:propagateValuesOnChangeOnly:349166247:5781010
3365464210:updateInputs:354970197:1316
3365464210:updateComponents:354971815:3249207
3365464210:propagateValuesOnChangeOnly:358221563:5681820
3365464210:updateInputs:363904786:1143
3365464210:updateComponents:363906205:3258958
3365464210:propagateValuesOnChangeOnly:367165913:5691750
3365464210:updateInputs:377988790:1566
3365464210:updateComponents:377991245:3165940
3365464210:propagateValuesOnChangeOnly:381157896:5967608
3365464210:updateInputs:387126817:1341
3365464210:updateComponents:387128429:3180311
3365464210:propagateValuesOnChangeOnly:390309285:5630271
3365464210:updateInputs:395941077:1154
3365464210:updateComponents:395942501:3153536
3365464210:propagateValuesOnChangeOnly:399096638:5621678
3365464210:updateInputs:404719712:1387
3365464210:updateComponents:404721350:3178247
3365464210:propagateValuesOnChangeOnly:407900484:5694984
3365464210:updateInputs:413597609:1613
3365464210:updateComponents:413599536:3247302
3365464210:propagateValuesOnChangeOnly:416847709:5970807
3365464210:updateInputs:422823924:2497
3365464210:updateComponents:422826892:3269475
3365464210:propagateValuesOnChangeOnly:426097052:5761731
3365464210:updateInputs:431860853:1756
3365464210:updateComponents:431862874:3246972
3365464210:propagateValuesOnChangeOnly:435110625:5553185
3365464210:updateInputs:440665428:1264
3365464210:updateComponents:440667035:3226781
3365464210:propagateValuesOnChangeOnly:443894634:5655666
3365464210:updateInputs:449551729:1749
3365464210:updateComponents:449553769:3229460
3365464210:propagateValuesOnChangeOnly:452800875:5524836
3365464210:updateInputs:458326887:1344
3365464210:updateComponents:458328480:3163069
3365464210:propagateValuesOnChangeOnly:461492100:5476632
3365464210:updateInputs:466970252:1420
3365464210:updateComponents:466971958:3136212
3365464210:propagateValuesOnChangeOnly:470108799:5510043
3365464210:updateInputs:475620339:1323
3365464210:updateComponents:475621972:3151332
3365464210:propagateValuesOnChangeOnly:478773984:5558314
3365464210:updateInputs:489304905:1707
3365464210:updateComponents:489307183:3077409
3365464210:propagateValuesOnChangeOnly:492385079:6892388
3365464210:updateInputs:499280057:1999
3365464210:updateComponents:499282431:3321715
3365464210:propagateValuesOnChangeOnly:502604855:6646322
3365464210:updateInputs:509252734:1255
3365464210:updateComponents:509254317:3304440
3365464210:propagateValuesOnChangeOnly:512559297:6277897
3365464210:updateInputs:518838925:1593
3365464210:updateComponents:518840832:3280336
3365464210:propagateValuesOnChangeOnly:522121736:6337417
3365464210:updateInputs:528460702:1295
3365464210:updateComponents:528462310:3275358
3365464210:propagateValuesOnChangeOnly:531738469:5858373
3365464210:updateInputs:537598297:1718
3365464210:updateComponents:537600660:3269940
3365464210:propagateValuesOnChangeOnly:540871170:5702205
3365464210:updateInputs:546575858:1508
3365464210:updateComponents:546577676:3502108
3365464210:propagateValuesOnChangeOnly:550083199:6476281
3365464210:updateInputs:556562655:2209
3365464210:updateComponents:556565178:3370148
3365464210:propagateValuesOnChangeOnly:559936603:7347546
3365464210:updateInputs:567286838:2143
3365464210:updateComponents:567289326:3350346
3365464210:propagateValuesOnChangeOnly:570640265:6370172
3365464210:updateInputs:577013299:1399
3365464210:updateComponents:577015035:3324932
3365464210:propagateValuesOnChangeOnly:580340669:6256193
3365464210:updateInputs:586599006:1750
3365464210:updateComponents:586601103:3532616
3365464210:propagateValuesOnChangeOnly:590143479:8005848
3365464210:updateInputs:598165945:2369
3365464210:updateComponents:598168677:3429817
3365464210:propagateValuesOnChangeOnly:601599988:6978359
3365464210:updateInputs:613736337:2235
3365464210:updateComponents:613739391:3386912
3365464210:propagateValuesOnChangeOnly:617126936:7412739
3365464210:updateInputs:624542118:1985
3365464210:updateComponents:624544642:3315143
3365464210:propagateValuesOnChangeOnly:627860948:6042136
3365464210:updateInputs:633904702:1416
3365464210:updateComponents:633906422:3286145
3365464210:propagateValuesOnChangeOnly:637193446:6311461
3365464210:updateInputs:643510371:2539
3365464210:updateComponents:643513390:3231648
3365464210:propagateValuesOnChangeOnly:646745608:5815976
3365464210:updateInputs:652564247:1460
3365464210:updateComponents:652565977:3138461
3365464210:propagateValuesOnChangeOnly:655705639:5893024
3365464210:updateInputs:661600567:1540
3365464210:updateComponents:661602346:3171852
3365464210:propagateValuesOnChangeOnly:664775047:6804873
3365464210:updateInputs:671603489:2414
3365464210:updateComponents:671606318:3696643
3365464210:propagateValuesOnChangeOnly:675306250:7512051
3365464210:updateInputs:682823433:2320
3365464210:updateComponents:682826117:3226454
3365464210:propagateValuesOnChangeOnly:686054976:6119481
3365464210:updateInputs:692178532:1873
3365464210:updateComponents:692180788:2685722
3365464210:propagateValuesOnChangeOnly:694866990:5222553
3365464210:updateInputs:700091337:1901
3365464210:updateComponents:700093425:3421837
3365464210:propagateValuesOnChangeOnly:703517996:6351266
3365464210:updateInputs:709873465:2110
3365464210:updateComponents:709875889:2495369
3365464210:propagateValuesOnChangeOnly:712371945:4920250
3365464210:updateInputs:717293578:1364
3365464210:updateComponents:717295194:2385211
3365464210:propagateValuesOnChangeOnly:719681219:4714483
3365464210:updateInputs:729784603:1978
3365464210:updateComponents:729787480:3268589
3365464210:propagateValuesOnChangeOnly:733058480:7260714
3365464210:updateInputs:740321974:1855
3365464210:updateComponents:740324136:3072882
3365464210:propagateValuesOnChangeOnly:743397972:6255221
3365464210:updateInputs:749656905:2365
3365464210:updateComponents:749659569:3202706
3365464210:propagateValuesOnChangeOnly:752881632:6949482
3365464210:updateInputs:759835823:2056
3365464210:updateComponents:759838196:2582996
3365464210:propagateValuesOnChangeOnly:762422045:6823069
3365464210:updateInputs:769248700:2146
3365464210:updateComponents:769251195:3247420
3365464210:propagateValuesOnChangeOnly:772500879:5618911
3365464210:updateInputs:778122056:1959
3365464210:updateComponents:778124260:2664909
3365464210:propagateValuesOnChangeOnly:780790020:5213611
3365464210:updateInputs:786005349:1364
3365464210:updateComponents:786006965:2467981
3365464210:propagateValuesOnChangeOnly:788475467:7465720
3365464210:updateInputs:795961181:1990
3365464210:updateComponents:795963416:3666213
3365464210:propagateValuesOnChangeOnly:799631654:7192539
3365464210:updateInputs:806831747:2276
3365464210:updateComponents:806834399:2965948
3365464210:propagateValuesOnChangeOnly:809800871:7184258
3365464210:updateInputs:816989978:2521
3365464210:updateComponents:816992868:3464867
3365464210:propagateValuesOnChangeOnly:820460288:7198915
3365464210:updateInputs:827664012:2095
3365464210:updateComponents:827666350:3045001
3365464210:propagateValuesOnChangeOnly:830712685:7538460
3365464210:updateInputs:838253869:1616
3365464210:updateComponents:838255722:2911592
3365464210:propagateValuesOnChangeOnly:841169742:5837298
3365464210:updateInputs:851287492:2257
3365464210:updateComponents:851290246:2787140
3365464210:propagateValuesOnChangeOnly:854078483:5926867
3365464210:updateInputs:860007112:1522
3365464210:updateComponents:860008810:2899185
3365464210:propagateValuesOnChangeOnly:862909260:5773774
3365464210:updateInputs:868684985:1710
3365464210:updateComponents:868686933:2425821
3365464210:propagateValuesOnChangeOnly:871113478:4839603
3365464210:updateInputs:875954608:1004
3365464210:updateComponents:875955801:2375801
3365464210:propagateValuesOnChangeOnly:878332246:4571044
3365464210:updateInputs:882905134:1025
3365464210:updateComponents:882906353:2464817
3365464210:propagateValuesOnChangeOnly:885371802:4677475
3365464210:updateInputs:890050708:1314
3365464210:updateComponents:890052228:2655097
3365464210:propagateValuesOnChangeOnly:892709723:5670882
3365464210:updateInputs:898383456:2126
3365464210:updateComponents:898385792:2506495
3365464210:propagateValuesOnChangeOnly:900892903:4861519
3365464210:updateInputs:905755707:1135
3365464210:updateComponents:905757026:2462693
3365464210:propagateValuesOnChangeOnly:908220180:4722799
3365464210:updateInputs:912944448:1485
3365464210:updateComponents:912946121:2452768
3365464210:propagateValuesOnChangeOnly:915399382:5083484
3365464210:updateInputs:920484546:1826
3365464210:updateComponents:920486612:2460041
3365464210:propagateValuesOnChangeOnly:922947190:4692888
3365464210:updateInputs:927641473:1694
3365464210:updateComponents:927643394:2957855
3365464210:propagateValuesOnChangeOnly:930604176:5651790
3365464210:updateInputs:936258382:1900
3365464210:updateComponents:936260519:2414922
3365464210:propagateValuesOnChangeOnly:938676017:4733305
3365464210:updateInputs:947202211:1271
3365464210:updateComponents:947204108:2397331
3365464210:propagateValuesOnChangeOnly:949601971:6281266
3365464210:updateInputs:955885341:1645
3365464210:updateComponents:955887653:2422916
3365464210:propagateValuesOnChangeOnly:958311224:5476515
3365464210:updateInputs:963789764:1348
3365464210:updateComponents:963791292:2816058
3365464210:propagateValuesOnChangeOnly:966608075:5904849
3365464210:updateInputs:972517207:1946
3365464210:updateComponents:972519446:2407404
3365464210:propagateValuesOnChangeOnly:974927398:5077103
3365464210:updateInputs:980006009:1140
3365464210:updateComponents:980007339:2406645
3365464210:propagateValuesOnChangeOnly:982414579:6225965
3365464210:updateInputs:988645146:1904
3365464210:updateComponents:988647265:2565597
3365464210:propagateValuesOnChangeOnly:991213789:5454488
3365464210:updateInputs:996670287:1420
3365464210:updateComponents:996671896:2730541
3365464210:propagateValuesOnChangeOnly:999402946:5328932
3365464210:updateInputs:1004733816:1305
3365464210:updateComponents:1004735381:2706246
3365464210:propagateValuesOnChangeOnly:1007442284:4758634
3365464210:updateInputs:1012202901:1075
3365464210:updateComponents:1012204208:2490604
3365464210:propagateValuesOnChangeOnly:1014695936:5277549
3365464210:updateInputs:1019975234:1355
3365464210:updateComponents:1019976777:2430292
3365464210:propagateValuesOnChangeOnly:1022408200:4720187
3365464210:updateInputs:1027129844:1292
3365464210:updateComponents:1027131374:2442313
3365464210:propagateValuesOnChangeOnly:1029574381:4930572
3365464210:updateInputs:1034506616:1385
3365464210:updateComponents:1034508184:2428352
3365464210:propagateValuesOnChangeOnly:1036937162:4640772
3365464210:updateInputs:1045795310:1685
3365464210:updateComponents:1045797726:2633113
3365464210:propagateValuesOnChangeOnly:1048453834:5538724
3365464210:updateInputs:1053994902:1356
3365464210:updateComponents:1053996456:2478878
3365464210:propagateValuesOnChangeOnly:1056476193:6010285
3365464210:updateInputs:1062488591:1321
3365464210:updateComponents:1062490148:2424974
3365464210:propagateValuesOnChangeOnly:1064915878:4890017
3365464210:updateInputs:1069807301:1294
3365464210:updateComponents:1069808828:2395122
3365464210:propagateValuesOnChangeOnly:1072204734:4811943
3365464210:updateInputs:1077023438:1407
3365464210:updateComponents:1077025518:2542098
3365464210:propagateValuesOnChangeOnly:1079568402:5659453
3365464210:updateInputs:1085229544:1450
3365464210:updateComponents:1085231176:2436099
3365464210:propagateValuesOnChangeOnly:1087667943:5295841
3365464210:updateInputs:1092965915:1237
3365464210:updateComponents:1092967600:2416238
3365464210:propagateValuesOnChangeOnly:1095384753:5655432
3365464210:updateInputs:1101042171:1634
3365464210:updateComponents:1101044041:2433902
3365464210:propagateValuesOnChangeOnly:1103478484:6276263
3365464210:updateInputs:1109758530:1898
3365464210:updateComponents:1109760778:2456495
3365464210:propagateValuesOnChangeOnly:1112217800:4932860
3365464210:updateInputs:1117152400:1214
3365464210:updateComponents:1117153855:2401679
3365464210:propagateValuesOnChangeOnly:1119555960:4760438
3365464210:updateInputs:1124318027:1235
3365464210:updateComponents:1124319503:2381003
3365464210:propagateValuesOnChangeOnly:1126700862:4799118
3365464210:updateInputs:1131501656:1642
3365464210:updateComponents:1131503499:2452194
3365464210:propagateValuesOnChangeOnly:1133956603:4536983
3365464210:updateInputs:1142365298:1279
3365464210:updateComponents:1142367384:2404335
3365464210:propagateValuesOnChangeOnly:1144772156:5520506
3365464210:updateInputs:1150293978:1029
3365464210:updateComponents:1150295279:2406211
3365464210:propagateValuesOnChangeOnly:1152702663:5446651
3365464210:updateInputs:1158151770:1623
3365464210:updateComponents:1158153719:2488001
3365464210:propagateValuesOnChangeOnly:1160644809:5429304
3365464210:updateInputs:1166076708:1788
3365464210:updateComponents:1166078777:2399653
3365464210:propagateValuesOnChangeOnly:1168478966:6580416
3365464210:updateInputs:1175065455:2177
3365464210:updateComponents:1175067967:2551616
3365464210:propagateValuesOnChangeOnly:1177620382:5732019
3365464210:updateInputs:1183354285:1564
3365464210:updateComponents:1183356075:3023378
3365464210:propagateValuesOnChangeOnly:1186380232:5778279
3365464210:updateInputs:1192159805:1543
3365464210:updateComponents:1192161607:3285827
3365464210:propagateValuesOnChangeOnly:1195448001:5822069
3365464210:updateInputs:1201272509:1427
3365464210:updateComponents:1201274196:3276917
3365464210:propagateValuesOnChangeOnly:1204551940:5756901
3365464210:updateInputs:1210310364:1683
3365464210:updateComponents:1210312371:3301406
3365464210:propagateValuesOnChangeOnly:1213614966:5881405
3365464210:updateInputs:1219498241:1380
3365464210:updateComponents:1219499921:3278424
3365464210:propagateValuesOnChangeOnly:1222779619:5606565
3365464210:updateInputs:1228387792:1258
3365464210:updateComponents:1228389305:3249252
3365464210:propagateValuesOnChangeOnly:1231639657:5654607
3365464210:updateInputs:1237295664:1684
3365464210:updateComponents:1237297660:3175352
3365464210:propagateValuesOnChangeOnly:1240474139:5515533
3365464210:updateInputs:1250922902:1591
3365464210:updateComponents:1250925228:3078200
3365464210:propagateValuesOnChangeOnly:1254004073:5778184
3365464210:updateInputs:1259784065:1403
3365464210:updateComponents:1259785766:3089911
3365464210:propagateValuesOnChangeOnly:1262876472:5515443
3365464210:updateInputs:1268393706:1276
3365464210:updateComponents:1268395253:3071272
3365464210:propagateValuesOnChangeOnly:1271467368:5512797
3365464210:updateInputs:1276981693:1220
3365464210:updateComponents:1276983193:3136582
3365464210:propagateValuesOnChangeOnly:1280121129:6162781
3365464210:updateInputs:1286286154:1717
3365464210:updateComponents:1286288216:3213562
3365464210:propagateValuesOnChangeOnly:1289502377:6076845
3365464210:updateInputs:1295581014:1589
3365464210:updateComponents:1295582902:3117798
3365464210:propagateValuesOnChangeOnly:1298701626:6089009
3365464210:updateInputs:1304792578:1441
3365464210:updateComponents:1304794316:3170602
3365464210:propagateValuesOnChangeOnly:1307966020:6475981
3365464210:updateInputs:1314444157:1747
3365464210:updateComponents:1314446194:3228885
3365464210:propagateValuesOnChangeOnly:1317675660:6332371
3365464210:updateInputs:1324009875:1450
3365464210:updateComponents:1324011630:3146608
3365464210:propagateValuesOnChangeOnly:1327165322:6146277
3365464210:updateInputs:1333313790:1903
3365464210:updateComponents:1333315994:3191762
3365464210:propagateValuesOnChangeOnly:1336508498:5791143
3365464210:updateInputs:1342301584:1564
3365464210:updateComponents:1342303480:3165607
3365464210:propagateValuesOnChangeOnly:1345470133:5630001
3365464210:updateInputs:1351102228:1428
3365464210:updateComponents:1351103905:3124730
3365464210:propagateValuesOnChangeOnly:1354229453:5540736
3365464210:updateInputs:1364611940:1674
3365464210:updateComponents:1364614107:3046916
3365464210:propagateValuesOnChangeOnly:1367661474:5939590
3365464210:updateInputs:1373602531:1280
3365464210:updateComponents:1373604065:2996335
3365464210:propagateValuesOnChangeOnly:1376600996:5916926
3365464210:updateInputs:1382519639:1353
3365464210:updateComponents:1382521287:2993800
3365464210:propagateValuesOnChangeOnly:1385516180:5484293
3365464210:updateInputs:1391002285:1265
3365464210:updateComponents:1391003874:2977257
3365464210:propagateValuesOnChangeOnly:1393981974:5746217
3365464210:updateInputs:1399729864:1177
3365464210:updateComponents:1399731344:2978517
3365464210:propagateValuesOnChangeOnly:1402710712:5332660
3365464210:updateInputs:1408044913:1195
3365464210:updateComponents:1408046396:3014844
3365464210:propagateValuesOnChangeOnly:1411062336:5445994
3365464210:updateInputs:1416510151:1993
3365464210:updateComponents:1416512741:3214831
3365464210:propagateValuesOnChangeOnly:1419731144:6613677
3365464210:updateInputs:1426347895:2416
3365464210:updateComponents:1426350639:3217893
3365464210:propagateValuesOnChangeOnly:1429569151:6013498
3365464210:updateInputs:1435583979:1488
3365464210:updateComponents:1435585763:3198397
3365464210:propagateValuesOnChangeOnly:1438784855:6314444
3365464210:updateInputs:1445101711:1501
3365464210:updateComponents:1445103545:3308471
3365464210:propagateValuesOnChangeOnly:1448412766:6635156
3365464210:updateInputs:1455050503:1593
3365464210:updateComponents:1455052411:3319616
3365464210:propagateValuesOnChangeOnly:1458372805:6348354
3365464210:updateInputs:1464726337:2341
3365464210:updateComponents:1464729021:3341636
3365464210:propagateValuesOnChangeOnly:1468071152:6002128
3365464210:updateInputs:1479106537:1582
3365464210:updateComponents:1479108632:3198536
3365464210:propagateValuesOnChangeOnly:1482307947:6486229
3365464210:updateInputs:1488796199:1447
3365464210:updateComponents:1488797990:3223733
3365464210:propagateValuesOnChangeOnly:1492022468:5972608
3365464210:updateInputs:1497997585:1424
3365464210:updateComponents:1497999257:3184153
3365464210:propagateValuesOnChangeOnly:1501184084:5701335
3365464210:updateInputs:1506887229:1410
3365464210:updateComponents:1506888958:3171362
3365464210:propagateValuesOnChangeOnly:1510061177:5660683
3365464210:updateInputs:1515723643:1343
3365464210:updateComponents:1515725320:3150688
3365464210:propagateValuesOnChangeOnly:1518876774:5638962
3365464210:updateInputs:1524518127:1361
3365464210:updateComponents:1524519745:3117105
3365464210:propagateValuesOnChangeOnly:1527637512:6873392
3365464210:updateInputs:1534517807:2771
3365464210:updateComponents:1534521109:3325468
3365464210:propagateValuesOnChangeOnly:1537847167:6309131
3365464210:updateInputs:1544158543:1587
3365464210:updateComponents:1544160393:3302872
3365464210:propagateValuesOnChangeOnly:1547463881:6022888
3365464210:updateInputs:1553488454:1689
3365464210:updateComponents:1553490400:3296404
3365464210:propagateValuesOnChangeOnly:1556787723:5757605
3365464210:updateInputs:1562547382:1705
3365464210:updateComponents:1562549392:3269927
3365464210:propagateValuesOnChangeOnly:1565820280:5816027
3365464210:updateInputs:1571638332:1317
3365464210:updateComponents:1571639901:3206876
3365464210:propagateValuesOnChangeOnly:1574847784:6562697
3365464210:updateInputs:1581413100:2336
3365464210:updateComponents:1581415762:3345545
3365464210:propagateValuesOnChangeOnly:1584761998:6041548
3365464210:updateInputs:1595872615:2080
3365464210:updateComponents:1595875179:3192095
3365464210:propagateValuesOnChangeOnly:1599067780:6633865
3365464210:updateInputs:1605711177:1899
3365464210:updateComponents:1605713389:3191773
3365464210:propagateValuesOnChangeOnly:1608905725:6436480
3365464210:updateInputs:1615344198:1266
3365464210:updateComponents:1615345706:3175853
3365464210:propagateValuesOnChangeOnly:1618522434:6153758
3365464210:updateInputs:1624678529:2049
3365464210:updateComponents:1624680923:3207305
3365464210:propagateValuesOnChangeOnly:1627888666:6174896
3365464210:updateInputs:1634065233:1310
3365464210:updateComponents:1634066796:3164011
3365464210:propagateValuesOnChangeOnly:1637231612:5628837
3365464210:updateInputs:1642862198:1318
3365464210:updateComponents:1642863766:3092227
3365464210:propagateValuesOnChangeOnly:1645956983:5388189
3365464210:updateInputs:1651347321:1229
3365464210:updateComponents:1651348805:2999604
3365464210:propagateValuesOnChangeOnly:1654349643:5376566
3365464210:updateInputs:1659728012:1541
3365464210:updateComponents:1659729799:3107356
3365464210:propagateValuesOnChangeOnly:1662838100:5478187
3365464210:updateInputs:1668318150:1723
3365464210:updateComponents:1668320113:3010711
3365464210:propagateValuesOnChangeOnly:1671331682:5322275
3365464210:updateInputs:1676655742:1545
3365464210:updateComponents:1676657536:2951919
3365464210:propagateValuesOnChangeOnly:1679610253:5266955
3365464210:updateInputs:1684879024:1168
3365464210:updateComponents:1684880431:2990880
3365464210:propagateValuesOnChangeOnly:1687872364:5330548
3365464210:updateInputs:1693204834:1352
3365464210:updateComponents:1693206543:2986750
3365464210:propagateValuesOnChangeOnly:1696193946:5276171
3365464210:updateInputs:1706146929:1742
3365464210:updateComponents:1706149902:3074746
3365464210:propagateValuesOnChangeOnly:1709225407:6302481
3365464210:updateInputs:1715530197:1467
3365464210:updateComponents:1715531986:3106429
3365464210:propagateValuesOnChangeOnly:1718638984:5712247
3365464210:updateInputs:1724353197:1268
3365464210:updateComponents:1724354719:3081369
3365464210:propagateValuesOnChangeOnly:1727436919:5538446
3365464210:updateInputs:1732977333:1355
3365464210:updateComponents:1732978941:2998581
3365464210:propagateValuesOnChangeOnly:1735978192:5405279
3365464210:updateInputs:1741385633:1206
3365464210:updateComponents:1741387201:3002972
3365464210:propagateValuesOnChangeOnly:1744391263:5491813
3365464210:updateInputs:1749884811:1480
3365464210:updateComponents:1749886531:3061389
3365464210:propagateValuesOnChangeOnly:1752948893:5950941
3365464210:updateInputs:1758901733:1375
3365464210:updateComponents:1758903414:3112048
3365464210:propagateValuesOnChangeOnly:1762016449:5509481
3365464210:updateInputs:1767527904:1220
3365464210:updateComponents:1767529360:3015754
3365464210:propagateValuesOnChangeOnly:1770546063:5412791
3365464210:updateInputs:1775960508:1268
3365464210:updateComponents:1775962013:3000607
3365464210:propagateValuesOnChangeOnly:1778963226:5319481
3365464210:updateInputs:1784284304:1302
3365464210:updateComponents:1784285839:2996912
3365464210:propagateValuesOnChangeOnly:1787283883:5439755
3365464210:updateInputs:1792725815:1341
3365464210:updateComponents:1792727391:3018295
3365464210:propagateValuesOnChangeOnly:1795746836:5324097
3365464210:updateInputs:1801073247:1415
3365464210:updateComponents:1801074910:2956961
3365464210:propagateValuesOnChangeOnly:1804032814:5679969
3365464210:updateInputs:1814423039:2166
3365464210:updateComponents:1814425895:2953283
3365464210:propagateValuesOnChangeOnly:1817379640:6206337
3365464210:updateInputs:1823587747:1607
3365464210:updateComponents:1823589629:3122559
3365464210:propagateValuesOnChangeOnly:1826712868:6077375
3365464210:updateInputs:1832871338:1200
3365464210:updateComponents:1832872976:3067339
3365464210:propagateValuesOnChangeOnly:1835940796:5673738
3365464210:updateInputs:1841616292:1307
3365464210:updateComponents:1841617847:2988732
3365464210:propagateValuesOnChangeOnly:1844607288:5814474
3365464210:updateInputs:1850423297:1173
3365464210:updateComponents:1850424755:2942483
3365464210:propagateValuesOnChangeOnly:1853368220:5842261
3365464210:updateInputs:1859212250:1309
3365464210:updateComponents:1859213856:3018014
3365464210:propagateValuesOnChangeOnly:1862232663:5893285
3365464210:updateInputs:1868131245:2511
3365464210:updateComponents:1868134124:3363958
3365464210:propagateValuesOnChangeOnly:1871499039:6308789
3365464210:updateInputs:1877810085:1820
3365464210:updateComponents:1877812175:3299965
3365464210:propagateValuesOnChangeOnly:1881112720:6373724
3365464210:updateInputs:1887491736:2452
3365464210:updateComponents:1887494579:3265218
3365464210:propagateValuesOnChangeOnly:1890762823:5972320
3365464210:updateInputs:1896738128:2137
3365464210:updateComponents:1896740641:3230104
3365464210:propagateValuesOnChangeOnly:1899971738:6490784
3365464210:updateInputs:1906467222:2069
3365464210:updateComponents:1906469591:3317640
3365464210:propagateValuesOnChangeOnly:1909787812:5881164
3365464210:updateInputs:1915670682:1561
3365464210:updateComponents:1915672539:3271554
3365464210:propagateValuesOnChangeOnly:1918945043:6318356
3365464210:updateInputs:1930337857:2661
3365464210:updateComponents:1930341171:3157939
3365464210:propagateValuesOnChangeOnly:1933499910:5962341
3365464210:updateInputs:1939463335:1232
3365464210:updateComponents:1939464827:3082740
3365464210:propagateValuesOnChangeOnly:1942548707:5584577
3365464210:updateInputs:1948134672:1223
3365464210:updateComponents:1948136209:3092165
3365464210:propagateValuesOnChangeOnly:1951229536:5658848
3365464210:updateInputs:1956889911:1531
3365464210:updateComponents:1956891688:3139431
3365464210:propagateValuesOnChangeOnly:1960034429:6035900
3365464210:updateInputs:1966075034:2558
3365464210:updateComponents:1966078028:3262669
3365464210:propagateValuesOnChangeOnly:1969343099:6016338
3365464210:updateInputs:1975363804:2314
3365464210:updateComponents:1975366595:3340320
3365464210:propagateValuesOnChangeOnly:1978709957:5908512
3365464210:updateInputs:1984622756:2053
3365464210:updateComponents:1984625292:3211548
3365464210:propagateValuesOnChangeOnly:1987837450:6620793
3365464210:updateInputs:1994463711:2444
3365464210:updateComponents:1994466622:3410339
3365464210:propagateValuesOnChangeOnly:1997879836:6441813
3365464210:updateInputs:2004324166:2083
3365464210:updateComponents:2004326597:3328455
3365464210:propagateValuesOnChangeOnly:2007655760:6019165
3365464210:updateInputs:2013676694:1812
3365464210:updateComponents:2013678842:3285523
3365464210:propagateValuesOnChangeOnly:2016965302:6489258
3365464210:updateInputs:2023460008:2406
3365464210:updateComponents:2023462932:3349218
3365464210:propagateValuesOnChangeOnly:2026812615:6230846
3365464210:updateInputs:2033047265:1804
3365464210:updateComponents:2033049405:3359754
3365464210:propagateValuesOnChangeOnly:2036409758:6139069
3365464210:updateInputs:2047662379:1544
3365464210:updateComponents:2047664679:3255795
3365464210:propagateValuesOnChangeOnly:2050921079:7872794
3365464210:updateInputs:2058799304:2541
3365464210:updateComponents:2058802259:3352540
3365464210:propagateValuesOnChangeOnly:2062155461:6882160
3365464210:updateInputs:2069039829:1601
3365464210:updateComponents:2069041774:3356553
3365464210:propagateValuesOnChangeOnly:2072402110:6554945
3365464210:updateInputs:2078959244:1940
3365464210:updateComponents:2078961543:3292767
3365464210:propagateValuesOnChangeOnly:2082255077:7344613
3365464210:updateInputs:2089605965:2073
3365464210:updateComponents:2089608508:3339943
3365464210:propagateValuesOnChangeOnly:2092949221:6099909
3365464210:updateInputs:2099050608:1323
3365464210:updateComponents:2099052202:3292759
3365464210:propagateValuesOnChangeOnly:2102345647:6406434
3365464210:updateInputs:2108754922:2397
3365464210:updateComponents:2108764013:3334256
3365464210:propagateValuesOnChangeOnly:2112099143:6623815
3365464210:updateInputs:2118725468:2152
3365464210:updateComponents:2118727970:3354576
3365464210:propagateValuesOnChangeOnly:2122083079:6139682
3365464210:updateInputs:2128224780:1423
3365464210:updateComponents:2128226474:3309931
3365464210:propagateValuesOnChangeOnly:2131537004:5838274
3365464210:updateInputs:2137376963:1360
3365464210:updateComponents:2137378609:3265413
3365464210:propagateValuesOnChangeOnly:2140644821:6163888
3365464210:updateInputs:2146814163:2582
3365464210:updateComponents:2146817195:3328438
3365464210:propagateValuesOnChangeOnly:2150146402:6348109
3365464210:updateInputs:2156496909:2017
3365464210:updateComponents:2156499267:3327813
3365464210:propagateValuesOnChangeOnly:2159827528:6156619
3365464210:updateInputs:2171074878:1542
3365464210:updateComponents:2171077011:3277935
3365464210:propagateValuesOnChangeOnly:2174355548:6058832
3365464210:updateInputs:2180416171:1313
3365464210:updateComponents:2180417776:3200906
3365464210:propagateValuesOnChangeOnly:2183619499:5883879
3365464210:updateInputs:2189505508:1487
3365464210:updateComponents:2189507269:3222474
3365464210:propagateValuesOnChangeOnly:2192730607:5736031
3365464210:updateInputs:2198468977:1545
3365464210:updateComponents:2198470833:3212861
3365464210:propagateValuesOnChangeOnly:2201684698:5887273
3365464210:updateInputs:2207574144:1480
3365464210:updateComponents:2207575939:3301701
3365464210:propagateValuesOnChangeOnly:2210878555:5821226
3365464210:updateInputs:2216701789:1643
3365464210:updateComponents:2216703745:3267929
3365464210:propagateValuesOnChangeOnly:2219972501:5780379
3365464210:updateInputs:2225754850:1578
3365464210:updateComponents:2225756696:3258078
3365464210:propagateValuesOnChangeOnly:2229015569:5577254
3365464210:updateInputs:2234594500:1295
3365464210:updateComponents:2234596069:3186477
3365464210:propagateValuesOnChangeOnly:2237783685:5477771
3365464210:updateInputs:2243263519:1173
3365464210:updateComponents:2243264966:3171956
3365464210:propagateValuesOnChangeOnly:2246437561:5518105
3365464210:updateInputs:2251957590:1269
3365464210:updateComponents:2251959155:3188760
3365464210:propagateValuesOnChangeOnly:2255148726:5519776
3365464210:updateInputs:2260670155:1534
3365464210:updateComponents:2260671994:3168291
3365464210:propagateValuesOnChangeOnly:2263841669:5533699
3365464210:updateInputs:2269377482:1990
3365464210:updateComponents:2269379775:3166658
3365464210:propagateValuesOnChangeOnly:2272547437:5548398
3365464210:updateInputs:2283041883:1956
3365464210:updateComponents:2283044454:3096305
3365464210:propagateValuesOnChangeOnly:2286141260:6097293
3365464210:updateInputs:2292240165:1559
3365464210:updateComponents:2292241978:3103261
3365464210:propagateValuesOnChangeOnly:2295346698:6090407
3365464210:updateInputs:2301438741:1634
3365464210:updateComponents:2301440634:3073098
3365464210:propagateValuesOnChangeOnly:2304514884:5706714
3365464210:updateInputs:2310223469:1414
3365464210:updateComponents:2310225202:3078459
3365464210:propagateValuesOnChangeOnly:2313304596:5993115
3365464210:updateInputs:2319299361:1537
3365464210:updateComponents:2319301194:3201565
3365464210:propagateValuesOnChangeOnly:2322506010:5951487
3365464210:updateInputs:2328459823:4887
3365464210:updateComponents:2328465099:3260516
3365464210:propagateValuesOnChangeOnly:2331726299:5665019
3365464210:updateInputs:2337392928:1442
3365464210:updateComponents:2337394681:3217859
3365464210:propagateValuesOnChangeOnly:2340613161:5588937
3365464210:updateInputs:2346203573:1692
3365464210:updateComponents:2346205553:3131684
3365464210:propagateValuesOnChangeOnly:2349338266:5573890
3365464210:updateInputs:2354914073:1717
3365464210:updateComponents:2354916165:3127384
3365464210:propagateValuesOnChangeOnly:2358044083:5534325
3365464210:updateInputs:2363580096:2037
3365464210:updateComponents:2363582390:3167656
3365464210:propagateValuesOnChangeOnly:2366750676:5577814
3365464210:updateInputs:2372330000:1790
3365464210:updateComponents:2372332122:3133013
3365464210:propagateValuesOnChangeOnly:2375473451:5396395
3365464210:updateInputs:2380871540:3477
3365464210:updateComponents:2380875284:3076146
3365464210:propagateValuesOnChangeOnly:2383952079:5467722
3365464210:updateInputs:2394194727:1554
3365464210:updateComponents:2394196784:2996313
3365464210:propagateValuesOnChangeOnly:2397193576:5599275
3365464210:updateInputs:2402794349:1358
3365464210:updateComponents:2402795967:3051073
3365464210:propagateValuesOnChangeOnly:2405847680:5438516
3365464210:updateInputs:2411287631:1433
3365464210:updateComponents:2411289359:3052235
3365464210:propagateValuesOnChangeOnly:2414342269:5564513
3365464210:updateInputs:2419908465:1616
3365464210:updateComponents:2419910337:3006850
3365464210:propagateValuesOnChangeOnly:2422917807:5443519
3365464210:updateInputs:2428362903:1491
3365464210:updateComponents:2428364721:3112690
3365464210:propagateValuesOnChangeOnly:2431478472:5542333
3365464210:updateInputs:2437022335:1965
3365464210:updateComponents:2437024587:3045852
3365464210:propagateValuesOnChangeOnly:2440071098:5483645
3365464210:updateInputs:2445556636:1617
3365464210:updateComponents:2445558547:3013277
3365464210:propagateValuesOnChangeOnly:2448572435:5483851
3365464210:updateInputs:2454057969:1873
3365464210:updateComponents:2454060360:3071115
3365464210:propagateValuesOnChangeOnly:2457132049:5420801
3365464210:updateInputs:2462554889:1551
3365464210:updateComponents:2462556734:3050678
3365464210:propagateValuesOnChangeOnly:2465608019:5434650
3365464210:updateInputs:2471044220:1464
3365464210:updateComponents:2471045915:3053154
3365464210:propagateValuesOnChangeOnly:2474099614:5395252
3365464210:updateInputs:2479496790:1474
3365464210:updateComponents:2479498641:3096090
3365464210:propagateValuesOnChangeOnly:2482595309:5454018
3365464210:updateInputs:2488051275:1851
3365464210:updateComponents:2488053368:3074565
3365464210:propagateValuesOnChangeOnly:2491128626:5362048
3365464210:updateInputs:2501211107:1465
3365464210:updateComponents:2501212959:2987598
3365464210:propagateValuesOnChangeOnly:2504201094:6290907
3365464210:updateInputs:2510494079:1616
3365464210:updateComponents:2510495953:3080897
3365464210:propagateValuesOnChangeOnly:2513577450:6089839
3365464210:Run loop:261453751:2258215132
3365464210:main:264:2590802850
