1493060940:updateInputs:380582:310
1493060940:updateComponents:390251:2184
1493060940:propagateValues:392752:5980
1493060940:Init circuit:258583:150873
1493060940:updateInputs:409624:331
1493060940:updateComponents:410208:1737
1493060940:propagateValuesOnChangeOnly:412022:3136
1493060940:updateInputs:425519:208
1493060940:updateComponents:425803:1648
1493060940:propagateValuesOnChangeOnly:427741:2993
1493060940:updateInputs:440665:215
1493060940:updateComponents:442354:1744
1493060940:propagateValuesOnChangeOnly:444165:2985
1493060940:updateInputs:457264:219
1493060940:updateComponents:457556:1639
1493060940:propagateValuesOnChangeOnly:459268:2910
1493060940:updateInputs:471917:193
1493060940:updateComponents:472605:1657
1493060940:propagateValuesOnChangeOnly:474335:2913
1493060940:updateInputs:487227:183
1493060940:updateComponents:487471:1636
1493060940:propagateValuesOnChangeOnly:489173:3247
1493060940:updateInputs:502224:182
1493060940:updateComponents:502467:1627
1493060940:propagateValuesOnChangeOnly:504158:3514
1493060940:updateInputs:517454:170
1493060940:updateComponents:517684:1639
1493060940:propagateValuesOnChangeOnly:519389:3264
1493060940:updateInputs:532398:167
1493060940:updateComponents:532624:1625
1493060940:propagateValuesOnChangeOnly:534322:3350
1493060940:updateInputs:547388:272
1493060940:updateComponents:547721:1610
1493060940:propagateValuesOnChangeOnly:550990:3200
1493060940:updateInputs:564285:205
1493060940:updateComponents:564551:1683
1493060940:propagateValuesOnChangeOnly:566306:3613
1493060940:updateInputs:579775:174
1493060940:updateComponents:580009:1626
1493060940:propagateValuesOnChangeOnly:581708:3630
1493060940:updateInputs:595116:171
1493060940:updateComponents:595346:1616
1493060940:propagateValuesOnChangeOnly:597033:3390
1493060940:updateInputs:610177:172
1493060940:updateComponents:610410:1607
1493060940:propagateValuesOnChangeOnly:612092:2970
1493060940:updateInputs:624764:190
1493060940:updateComponents:625017:1617
1493060940:propagateValuesOnChangeOnly:626708:2877
1493060940:updateInputs:639269:169
1493060940:updateComponents:639499:1616
1493060940:propagateValuesOnChangeOnly:641180:3217
1493060940:updateInputs:654106:190
1493060940:updateComponents:654355:1606
1493060940:propagateValuesOnChangeOnly:656027:3542
1493060940:updateInputs:669320:186
1493060940:updateComponents:669566:1610
1493060940:propagateValuesOnChangeOnly:671249:3286
1493060940:updateInputs:684238:173
1493060940:updateComponents:684472:1609
1493060940:propagateValuesOnChangeOnly:686155:3699
1493060940:updateInputs:699606:253
1493060940:updateComponents:699919:1617
1493060940:propagateValuesOnChangeOnly:701609:3516
1493060940:updateInputs:714947:197
1493060940:updateComponents:716980:1717
1493060940:propagateValuesOnChangeOnly:718761:3362
1493060940:updateInputs:731990:186
1493060940:updateComponents:732249:1638
1493060940:propagateValuesOnChangeOnly:733962:3752
1493060940:updateInputs:747490:179
1493060940:updateComponents:747730:1620
1493060940:propagateValuesOnChangeOnly:749424:3298
1493060940:updateInputs:762488:167
1493060940:updateComponents:762716:1628
1493060940:propagateValuesOnChangeOnly:764410:2966
1493060940:updateInputs:777106:186
1493060940:updateComponents:777353:1634
1493060940:propagateValuesOnChangeOnly:779059:2897
1493060940:updateInputs:791677:195
1493060940:updateComponents:791932:1622
1493060940:propagateValuesOnChangeOnly:793626:3162
1493060940:updateInputs:806544:192
1493060940:updateComponents:806797:1624
1493060940:propagateValuesOnChangeOnly:808495:3511
1493060940:updateInputs:821747:177
1493060940:updateComponents:821984:1619
1493060940:propagateValuesOnChangeOnly:823676:3345
1493060940:updateInputs:836775:190
1493060940:updateComponents:837027:1616
1493060940:propagateValuesOnChangeOnly:838715:3882
1493060940:updateInputs:852332:249
1493060940:updateComponents:852640:1618
1493060940:propagateValuesOnChangeOnly:854331:3383
1493060940:updateInputs:867562:176
1493060940:updateComponents:867800:1625
1493060940:propagateValuesOnChangeOnly:869498:3260
1493060940:updateInputs:882481:167
1493060940:updateComponents:882709:1611
1493060940:propagateValuesOnChangeOnly:884394:3620
1493060940:updateInputs:897754:168
1493060940:updateComponents:897985:1617
1493060940:propagateValuesOnChangeOnly:899675:3328
1493060940:updateInputs:912718:195
1493060940:updateComponents:912974:1618
1493060940:propagateValuesOnChangeOnly:914664:2858
1493060940:updateInputs:927226:178
1493060940:updateComponents:928627:1708
1493060940:propagateValuesOnChangeOnly:930397:2900
1493060940:updateInputs:943161:199
1493060940:updateComponents:943421:1644
1493060940:propagateValuesOnChangeOnly:945129:3249
1493060940:updateInputs:958042:188
1493060940:updateComponents:958290:1642
1493060940:propagateValuesOnChangeOnly:960006:3553
1493060940:updateInputs:973336:178
1493060940:updateComponents:973574:1643
1493060940:propagateValuesOnChangeOnly:975280:3278
1493060940:updateInputs:988322:164
1493060940:updateComponents:988547:1630
1493060940:propagateValuesOnChangeOnly:990242:3788
1493060940:updateInputs:1003754:240
1493060940:updateComponents:1004056:1636
1493060940:propagateValuesOnChangeOnly:1005756:3381
1493060940:updateInputs:1018944:211
1493060940:updateComponents:1019215:1626
1493060940:propagateValuesOnChangeOnly:1020917:3541
1493060940:updateInputs:1065615:311
1493060940:updateComponents:1066029:2011
1493060940:propagateValuesOnChangeOnly:1070563:3927
1493060940:updateInputs:1084658:192
1493060940:updateComponents:1084918:1707
1493060940:propagateValuesOnChangeOnly:1086699:3645
1493060940:updateInputs:1100118:186
1493060940:updateComponents:1100365:1639
1493060940:propagateValuesOnChangeOnly:1102070:3199
1493060940:updateInputs:1114997:178
1493060940:updateComponents:1115235:1648
1493060940:propagateValuesOnChangeOnly:1116947:2919
1493060940:updateInputs:1129618:196
1493060940:updateComponents:1129875:1635
1493060940:propagateValuesOnChangeOnly:1131574:3236
1493060940:updateInputs:1144509:195
1493060940:updateComponents:1144764:1651
1493060940:propagateValuesOnChangeOnly:1146481:3554
1493060940:updateInputs:1159844:169
1493060940:updateComponents:1160078:1641
1493060940:propagateValuesOnChangeOnly:1161783:3307
1493060940:updateInputs:1174767:164
1493060940:updateComponents:1174993:1627
1493060940:propagateValuesOnChangeOnly:1177990:3491
1493060940:updateInputs:1191494:230
1493060940:updateComponents:1191791:1701
1493060940:propagateValuesOnChangeOnly:1193556:3269
1493060940:updateInputs:1206580:219
1493060940:updateComponents:1206859:1613
1493060940:propagateValuesOnChangeOnly:1208545:3186
1493060940:updateInputs:1221490:183
1493060940:updateComponents:1221736:1620
1493060940:propagateValuesOnChangeOnly:1223428:3097
1493060940:updateInputs:1236226:185
1493060940:updateComponents:1236469:1612
1493060940:propagateValuesOnChangeOnly:1238153:3066
1493060940:updateInputs:1250963:180
1493060940:updateComponents:1251204:1617
1493060940:propagateValuesOnChangeOnly:1252894:2971
1493060940:updateInputs:1265576:200
1493060940:updateComponents:1265836:1616
1493060940:propagateValuesOnChangeOnly:1267527:2955
1493060940:updateInputs:1280216:181
1493060940:updateComponents:1280457:1644
1493060940:propagateValuesOnChangeOnly:1282166:3176
1493060940:updateInputs:1295021:180
1493060940:updateComponents:1295262:1628
1493060940:propagateValuesOnChangeOnly:1296963:3509
1493060940:updateInputs:1310125:177
1493060940:updateComponents:1310363:1647
1493060940:propagateValuesOnChangeOnly:1312077:3319
1493060940:updateInputs:1325103:173
1493060940:updateComponents:1325337:1639
1493060940:propagateValuesOnChangeOnly:1327048:3369
1493060940:updateInputs:1340050:217
1493060940:updateComponents:1340329:1619
1493060940:propagateValuesOnChangeOnly:1342020:3221
1493060940:updateInputs:1354945:168
1493060940:updateComponents:1355173:1614
1493060940:propagateValuesOnChangeOnly:1356861:3375
1493060940:updateInputs:1369883:179
1493060940:updateComponents:1370123:1638
1493060940:propagateValuesOnChangeOnly:1371835:3353
1493060940:updateInputs:1384892:181
1493060940:updateComponents:1385133:1636
1493060940:propagateValuesOnChangeOnly:1386841:3269
1493060940:updateInputs:1399733:167
1493060940:updateComponents:1399960:1637
1493060940:propagateValuesOnChangeOnly:1401668:3309
1493060940:updateInputs:1414625:177
1493060940:updateComponents:1414863:1622
1493060940:propagateValuesOnChangeOnly:1416557:3105
1493060940:updateInputs:1429356:180
1493060940:updateComponents:1429597:1626
1493060940:propagateValuesOnChangeOnly:1431295:3182
1493060940:updateInputs:1444217:171
1493060940:updateComponents:1444447:1666
1493060940:propagateValuesOnChangeOnly:1446178:3531
1493060940:updateInputs:1459398:171
1493060940:updateComponents:1459629:1632
1493060940:propagateValuesOnChangeOnly:1461326:3231
1493060940:updateInputs:1474271:176
1493060940:updateComponents:1474506:1603
1493060940:propagateValuesOnChangeOnly:1476182:3429
1493060940:updateInputs:1489322:203
1493060940:updateComponents:1489585:1607
1493060940:propagateValuesOnChangeOnly:1491264:3102
1493060940:updateInputs:1504067:190
1493060940:updateComponents:1504317:1621
1493060940:propagateValuesOnChangeOnly:1506010:3196
1493060940:updateInputs:1518953:179
1493060940:updateComponents:1519193:1629
1493060940:propagateValuesOnChangeOnly:1520892:3043
1493060940:updateInputs:1533595:168
1493060940:updateComponents:1533824:1636
1493060940:propagateValuesOnChangeOnly:1535525:3042
1493060940:updateInputs:1548265:164
1493060940:updateComponents:1548489:1642
1493060940:propagateValuesOnChangeOnly:1550195:2918
1493060940:Run loop:409585:1153207
1493060940:main:113:1683854
