672779466:updateInputs:125964:200
672779466:updateComponents:137958:612
672779466:Init circuit:103238:41162
672779466:updateInputs:145233:184
672779466:updateComponents:145635:419
672779466:propagateValuesOnChangeOnly:146860:691
672779466:updateInputs:151022:147
672779466:updateComponents:151387:329
672779466:propagateValuesOnChangeOnly:151904:608
672779466:updateInputs:156318:153
672779466:updateComponents:156678:328
672779466:propagateValuesOnChangeOnly:157185:577
672779466:updateInputs:160760:135
672779466:updateComponents:161093:322
672779466:propagateValuesOnChangeOnly:161605:576
672779466:updateInputs:165046:139
672779466:updateComponents:165392:329
672779466:propagateValuesOnChangeOnly:167316:605
672779466:updateInputs:170843:118
672779466:updateComponents:171138:359
672779466:propagateValuesOnChangeOnly:171664:528
672779466:updateInputs:175488:131
672779466:updateComponents:175819:324
672779466:propagateValuesOnChangeOnly:176334:521
672779466:updateInputs:179731:150
672779466:updateComponents:180063:329
672779466:propagateValuesOnChangeOnly:180573:537
672779466:updateInputs:184060:131
672779466:updateComponents:184390:358
672779466:propagateValuesOnChangeOnly:184936:554
672779466:updateInputs:188438:177
672779466:updateComponents:188801:336
672779466:propagateValuesOnChangeOnly:189319:535
672779466:updateInputs:196274:169
672779466:updateComponents:196652:340
672779466:propagateValuesOnChangeOnly:197168:638
672779466:updateInputs:200743:117
672779466:updateComponents:201059:297
672779466:propagateValuesOnChangeOnly:201534:578
672779466:updateInputs:205101:162
672779466:updateComponents:205458:313
672779466:propagateValuesOnChangeOnly:205967:622
672779466:updateInputs:209548:141
672779466:updateComponents:209876:310
672779466:propagateValuesOnChangeOnly:210376:685
672779466:updateInputs:214033:117
672779466:updateComponents:214363:304
672779466:propagateValuesOnChangeOnly:214836:518
672779466:updateInputs:218342:145
672779466:updateComponents:218673:347
672779466:propagateValuesOnChangeOnly:219196:516
672779466:updateInputs:223018:164
672779466:updateComponents:223373:317
672779466:propagateValuesOnChangeOnly:223883:595
672779466:updateInputs:227509:153
672779466:updateComponents:227860:335
672779466:propagateValuesOnChangeOnly:228363:513
672779466:updateInputs:231869:127
672779466:updateComponents:232192:298
672779466:propagateValuesOnChangeOnly:232678:571
672779466:updateInputs:236201:164
672779466:updateComponents:236561:315
672779466:propagateValuesOnChangeOnly:237042:585
672779466:updateInputs:240560:143
672779466:updateComponents:240921:356
672779466:propagateValuesOnChangeOnly:245975:553
672779466:updateInputs:249535:143
672779466:updateComponents:249860:337
672779466:propagateValuesOnChangeOnly:250381:544
672779466:updateInputs:253824:116
672779466:updateComponents:254128:297
672779466:propagateValuesOnChangeOnly:254608:580
672779466:updateInputs:258135:132
672779466:updateComponents:258480:350
672779466:propagateValuesOnChangeOnly:259011:584
672779466:Run loop:145185:117342
672779466:main:171:276368
