1806605192:updateInputs:171952:306
1806605192:updateComponents:188450:422
1806605192:Init circuit:153131:44487
1806605192:updateInputs:198737:314
1806605192:updateComponents:199349:329
1806605192:propagateValuesOnChangeOnly:202675:510
1806605192:updateInputs:203728:259
1806605192:updateComponents:204262:239
1806605192:propagateValuesOnChangeOnly:204726:463
1806605192:updateInputs:211127:229
1806605192:updateComponents:211628:216
1806605192:propagateValuesOnChangeOnly:212094:442
1806605192:updateInputs:212924:330
1806605192:updateComponents:213490:246
1806605192:propagateValuesOnChangeOnly:213956:440
1806605192:updateInputs:218423:251
1806605192:updateComponents:218948:239
1806605192:propagateValuesOnChangeOnly:227780:471
1806605192:updateInputs:228709:248
1806605192:updateComponents:229183:253
1806605192:propagateValuesOnChangeOnly:229671:456
1806605192:updateInputs:235144:239
1806605192:updateComponents:235629:235
1806605192:propagateValuesOnChangeOnly:236126:453
1806605192:updateInputs:236941:332
1806605192:updateComponents:237505:244
1806605192:propagateValuesOnChangeOnly:237987:454
1806605192:updateInputs:242328:257
1806605192:updateComponents:242851:220
1806605192:propagateValuesOnChangeOnly:243289:426
1806605192:updateInputs:244073:263
1806605192:updateComponents:244556:208
1806605192:propagateValuesOnChangeOnly:244993:446
1806605192:updateInputs:252245:235
1806605192:updateComponents:252758:250
1806605192:propagateValuesOnChangeOnly:253250:456
1806605192:updateInputs:254082:276
1806605192:updateComponents:254580:231
1806605192:propagateValuesOnChangeOnly:255034:446
1806605192:updateInputs:259508:218
1806605192:updateComponents:259962:219
1806605192:propagateValuesOnChangeOnly:260414:431
1806605192:updateInputs:261162:300
1806605192:updateComponents:263142:216
1806605192:propagateValuesOnChangeOnly:263596:441
1806605192:updateInputs:268275:245
1806605192:updateComponents:268774:222
1806605192:propagateValuesOnChangeOnly:269230:409
1806605192:updateInputs:269974:335
1806605192:updateComponents:270523:235
1806605192:propagateValuesOnChangeOnly:270974:439
1806605192:updateInputs:275857:281
1806605192:updateComponents:276382:222
1806605192:propagateValuesOnChangeOnly:276849:424
1806605192:updateInputs:277612:283
1806605192:updateComponents:278121:224
1806605192:propagateValuesOnChangeOnly:278569:435
1806605192:updateInputs:282836:235
1806605192:updateComponents:283335:253
1806605192:propagateValuesOnChangeOnly:283827:462
1806605192:updateInputs:284623:284
1806605192:updateComponents:285138:211
1806605192:propagateValuesOnChangeOnly:285569:466
1806605192:updateInputs:289973:272
1806605192:updateComponents:290481:231
1806605192:propagateValuesOnChangeOnly:296735:424
1806605192:updateInputs:297504:269
1806605192:updateComponents:297990:217
1806605192:propagateValuesOnChangeOnly:298473:439
1806605192:updateInputs:303078:215
1806605192:updateComponents:303532:222
1806605192:propagateValuesOnChangeOnly:303982:427
1806605192:updateInputs:304725:285
1806605192:updateComponents:305242:248
1806605192:propagateValuesOnChangeOnly:305709:448
1806605192:updateInputs:310099:231
1806605192:updateComponents:310581:224
1806605192:propagateValuesOnChangeOnly:311068:411
1806605192:updateInputs:311796:266
1806605192:updateComponents:312278:228
1806605192:propagateValuesOnChangeOnly:312748:442
1806605192:updateInputs:317081:216
1806605192:updateComponents:317535:220
1806605192:propagateValuesOnChangeOnly:317973:438
1806605192:updateInputs:318728:306
1806605192:updateComponents:319260:217
1806605192:propagateValuesOnChangeOnly:319693:419
1806605192:updateInputs:324008:276
1806605192:updateComponents:324523:247
1806605192:propagateValuesOnChangeOnly:324987:427
1806605192:updateInputs:325778:264
1806605192:updateComponents:326258:220
1806605192:propagateValuesOnChangeOnly:326698:441
1806605192:updateInputs:331138:217
1806605192:updateComponents:331595:213
1806605192:propagateValuesOnChangeOnly:332037:471
1806605192:updateInputs:332827:382
1806605192:updateComponents:333440:232
1806605192:propagateValuesOnChangeOnly:333909:478
1806605192:updateInputs:338786:238
1806605192:updateComponents:339280:212
1806605192:propagateValuesOnChangeOnly:339724:433
1806605192:updateInputs:340487:278
1806605192:updateComponents:341008:210
1806605192:propagateValuesOnChangeOnly:341433:442
1806605192:updateInputs:345769:224
1806605192:updateComponents:346256:245
1806605192:propagateValuesOnChangeOnly:346717:443
1806605192:updateInputs:347470:289
1806605192:updateComponents:347978:209
1806605192:propagateValuesOnChangeOnly:348418:469
1806605192:updateInputs:352751:234
1806605192:updateComponents:353255:212
1806605192:propagateValuesOnChangeOnly:353686:417
1806605192:updateInputs:354452:260
1806605192:updateComponents:354961:225
1806605192:propagateValuesOnChangeOnly:355400:414
1806605192:updateInputs:359696:216
1806605192:updateComponents:360157:217
1806605192:propagateValuesOnChangeOnly:360594:423
1806605192:updateInputs:361351:298
1806605192:updateComponents:361865:207
1806605192:propagateValuesOnChangeOnly:362308:450
1806605192:updateInputs:366652:241
1806605192:updateComponents:367135:235
1806605192:propagateValuesOnChangeOnly:367587:419
1806605192:updateInputs:368373:234
1806605192:updateComponents:368846:230
1806605192:propagateValuesOnChangeOnly:369321:419
1806605192:updateInputs:384827:274
1806605192:updateComponents:385359:233
1806605192:propagateValuesOnChangeOnly:385810:441
1806605192:updateInputs:386623:305
1806605192:updateComponents:387183:250
1806605192:propagateValuesOnChangeOnly:387666:438
1806605192:updateInputs:392176:231
1806605192:updateComponents:392655:230
1806605192:propagateValuesOnChangeOnly:393107:427
1806605192:updateInputs:393871:268
1806605192:updateComponents:394364:231
1806605192:propagateValuesOnChangeOnly:394835:474
1806605192:updateInputs:399226:215
1806605192:updateComponents:399689:228
1806605192:propagateValuesOnChangeOnly:400159:426
1806605192:updateInputs:400974:306
1806605192:updateComponents:401540:225
1806605192:propagateValuesOnChangeOnly:401978:425
1806605192:updateInputs:406319:231
1806605192:updateComponents:406796:232
1806605192:propagateValuesOnChangeOnly:407259:446
1806605192:updateInputs:408026:207
1806605192:updateComponents:408452:243
1806605192:propagateValuesOnChangeOnly:408907:441
1806605192:updateInputs:413330:252
1806605192:updateComponents:413849:244
1806605192:propagateValuesOnChangeOnly:414325:423
1806605192:updateInputs:415080:261
1806605192:updateComponents:415557:210
1806605192:propagateValuesOnChangeOnly:415982:426
1806605192:updateInputs:420282:212
1806605192:updateComponents:420762:225
1806605192:propagateValuesOnChangeOnly:421217:440
1806605192:updateInputs:421993:254
1806605192:updateComponents:422471:222
1806605192:propagateValuesOnChangeOnly:422939:438
1806605192:updateInputs:427348:254
1806605192:updateComponents:427848:229
1806605192:propagateValuesOnChangeOnly:428292:448
1806605192:updateInputs:429063:290
1806605192:updateComponents:429579:244
1806605192:propagateValuesOnChangeOnly:430082:453
1806605192:updateInputs:434527:231
1806605192:updateComponents:435023:227
1806605192:propagateValuesOnChangeOnly:435466:424
1806605192:updateInputs:436219:237
1806605192:updateComponents:436714:240
1806605192:propagateValuesOnChangeOnly:437196:418
1806605192:updateInputs:441527:262
1806605192:updateComponents:442060:218
1806605192:propagateValuesOnChangeOnly:442496:425
1806605192:updateInputs:443246:259
1806605192:updateComponents:443740:240
1806605192:propagateValuesOnChangeOnly:444198:428
1806605192:updateInputs:448571:216
1806605192:updateComponents:449046:221
1806605192:propagateValuesOnChangeOnly:449510:446
1806605192:updateInputs:450289:237
1806605192:updateComponents:450756:233
1806605192:propagateValuesOnChangeOnly:451206:404
1806605192:updateInputs:455562:240
1806605192:updateComponents:456067:214
1806605192:propagateValuesOnChangeOnly:456513:424
1806605192:updateInputs:457253:404
1806605192:updateComponents:459297:222
1806605192:propagateValuesOnChangeOnly:459753:438
1806605192:updateInputs:464281:238
1806605192:updateComponents:464764:235
1806605192:propagateValuesOnChangeOnly:465228:428
1806605192:updateInputs:465980:239
1806605192:updateComponents:466455:255
1806605192:propagateValuesOnChangeOnly:466930:449
1806605192:updateInputs:471232:257
1806605192:updateComponents:471745:230
1806605192:propagateValuesOnChangeOnly:472212:419
1806605192:updateInputs:472960:261
1806605192:updateComponents:473440:231
1806605192:propagateValuesOnChangeOnly:473889:429
1806605192:updateInputs:478726:219
1806605192:updateComponents:479198:232
1806605192:propagateValuesOnChangeOnly:479649:407
1806605192:updateInputs:480387:229
1806605192:updateComponents:480840:227
1806605192:propagateValuesOnChangeOnly:481299:408
1806605192:updateInputs:485612:245
1806605192:updateComponents:486112:215
1806605192:propagateValuesOnChangeOnly:486556:461
1806605192:updateInputs:487342:318
1806605192:updateComponents:487888:225
1806605192:propagateValuesOnChangeOnly:488339:450
1806605192:updateInputs:492658:217
1806605192:updateComponents:493121:210
1806605192:propagateValuesOnChangeOnly:493569:429
1806605192:updateInputs:494334:266
1806605192:updateComponents:494819:223
1806605192:propagateValuesOnChangeOnly:495258:436
1806605192:updateInputs:499570:216
1806605192:updateComponents:500031:242
1806605192:propagateValuesOnChangeOnly:500501:443
1806605192:updateInputs:501245:288
1806605192:updateComponents:501747:231
1806605192:propagateValuesOnChangeOnly:502196:446
1806605192:updateInputs:506523:235
1806605192:updateComponents:507003:228
1806605192:propagateValuesOnChangeOnly:507452:408
1806605192:updateInputs:508167:254
1806605192:updateComponents:508642:208
1806605192:propagateValuesOnChangeOnly:509098:434
1806605192:updateInputs:513492:217
1806605192:updateComponents:513981:234
1806605192:propagateValuesOnChangeOnly:514465:405
1806605192:updateInputs:515186:360
1806605192:updateComponents:515762:227
1806605192:propagateValuesOnChangeOnly:516205:453
1806605192:updateInputs:520614:241
1806605192:updateComponents:521138:246
1806605192:propagateValuesOnChangeOnly:521623:452
1806605192:updateInputs:522387:238
1806605192:updateComponents:522859:244
1806605192:propagateValuesOnChangeOnly:523334:422
1806605192:updateInputs:527696:217
1806605192:updateComponents:528158:239
1806605192:propagateValuesOnChangeOnly:528656:403
1806605192:updateInputs:529362:279
1806605192:updateComponents:529857:212
1806605192:propagateValuesOnChangeOnly:530286:439
1806605192:updateInputs:534626:240
1806605192:updateComponents:535140:211
1806605192:propagateValuesOnChangeOnly:555239:466
1806605192:updateInputs:556061:250
1806605192:updateComponents:556544:237
1806605192:propagateValuesOnChangeOnly:556998:491
1806605192:updateInputs:561787:221
1806605192:updateComponents:562258:214
1806605192:propagateValuesOnChangeOnly:562708:466
1806605192:updateInputs:563479:287
1806605192:updateComponents:564012:211
1806605192:propagateValuesOnChangeOnly:564437:435
1806605192:updateInputs:568937:250
1806605192:updateComponents:569428:212
1806605192:propagateValuesOnChangeOnly:569876:405
1806605192:updateInputs:570579:231
1806605192:updateComponents:571041:208
1806605192:propagateValuesOnChangeOnly:571511:417
1806605192:updateInputs:575832:219
1806605192:updateComponents:576293:222
1806605192:propagateValuesOnChangeOnly:576730:439
1806605192:updateInputs:577487:286
1806605192:updateComponents:578011:232
1806605192:propagateValuesOnChangeOnly:579980:444
1806605192:updateInputs:584491:263
1806605192:updateComponents:584998:232
1806605192:propagateValuesOnChangeOnly:585462:428
1806605192:updateInputs:586202:243
1806605192:updateComponents:586661:230
1806605192:propagateValuesOnChangeOnly:587107:470
1806605192:updateInputs:591443:221
1806605192:updateComponents:591919:220
1806605192:propagateValuesOnChangeOnly:592388:413
1806605192:updateInputs:593123:328
1806605192:updateComponents:593669:212
1806605192:propagateValuesOnChangeOnly:594110:465
1806605192:updateInputs:598475:239
1806605192:updateComponents:598971:216
1806605192:propagateValuesOnChangeOnly:599421:426
1806605192:updateInputs:600158:211
1806605192:updateComponents:600587:262
1806605192:propagateValuesOnChangeOnly:601067:451
1806605192:updateInputs:605423:237
1806605192:updateComponents:605914:230
1806605192:propagateValuesOnChangeOnly:606387:423
1806605192:updateInputs:607126:233
1806605192:updateComponents:607611:242
1806605192:propagateValuesOnChangeOnly:608071:414
1806605192:updateInputs:612596:218
1806605192:updateComponents:613073:216
1806605192:propagateValuesOnChangeOnly:613519:429
1806605192:updateInputs:614260:258
1806605192:updateComponents:614739:223
1806605192:propagateValuesOnChangeOnly:615197:431
1806605192:updateInputs:619699:235
1806605192:updateComponents:620171:214
1806605192:propagateValuesOnChangeOnly:620618:451
1806605192:updateInputs:621386:334
1806605192:updateComponents:621957:237
1806605192:propagateValuesOnChangeOnly:622425:434
1806605192:updateInputs:626805:215
1806605192:updateComponents:627281:223
1806605192:propagateValuesOnChangeOnly:627735:422
1806605192:updateInputs:628460:234
1806605192:updateComponents:628915:213
1806605192:propagateValuesOnChangeOnly:629364:452
1806605192:updateInputs:633650:214
1806605192:updateComponents:634101:214
1806605192:propagateValuesOnChangeOnly:634530:426
1806605192:updateInputs:635254:296
1806605192:updateComponents:635773:209
1806605192:propagateValuesOnChangeOnly:636216:454
1806605192:updateInputs:640766:232
1806605192:updateComponents:641258:248
1806605192:propagateValuesOnChangeOnly:641738:440
1806605192:updateInputs:642491:258
1806605192:updateComponents:642987:250
1806605192:propagateValuesOnChangeOnly:643470:449
1806605192:updateInputs:648010:234
1806605192:updateComponents:648501:221
1806605192:propagateValuesOnChangeOnly:648962:412
1806605192:updateInputs:649674:311
1806605192:updateComponents:650227:225
1806605192:propagateValuesOnChangeOnly:650702:419
1806605192:updateInputs:655055:234
1806605192:updateComponents:655539:243
1806605192:propagateValuesOnChangeOnly:656030:437
1806605192:updateInputs:656777:255
1806605192:updateComponents:657262:245
1806605192:propagateValuesOnChangeOnly:657728:413
1806605192:updateInputs:662058:217
1806605192:updateComponents:662537:254
1806605192:propagateValuesOnChangeOnly:663016:421
1806605192:updateInputs:663760:314
1806605192:updateComponents:664312:246
1806605192:propagateValuesOnChangeOnly:664787:449
1806605192:updateInputs:669235:236
1806605192:updateComponents:669727:251
1806605192:propagateValuesOnChangeOnly:670218:436
1806605192:updateInputs:670982:232
1806605192:updateComponents:671454:230
1806605192:propagateValuesOnChangeOnly:671903:424
1806605192:updateInputs:676296:236
1806605192:updateComponents:676794:248
1806605192:propagateValuesOnChangeOnly:677280:435
1806605192:updateInputs:678017:285
1806605192:updateComponents:678531:217
1806605192:propagateValuesOnChangeOnly:678982:467
1806605192:updateInputs:685185:244
1806605192:updateComponents:685675:248
1806605192:propagateValuesOnChangeOnly:686142:456
1806605192:updateInputs:686917:255
1806605192:updateComponents:687392:213
1806605192:propagateValuesOnChangeOnly:687826:418
1806605192:updateInputs:692191:214
1806605192:updateComponents:692665:233
1806605192:propagateValuesOnChangeOnly:693112:430
1806605192:updateInputs:693846:279
1806605192:updateComponents:694340:244
1806605192:propagateValuesOnChangeOnly:694815:417
1806605192:updateInputs:699209:232
1806605192:updateComponents:699699:218
1806605192:propagateValuesOnChangeOnly:700164:471
1806605192:updateInputs:700957:227
1806605192:updateComponents:701402:231
1806605192:propagateValuesOnChangeOnly:701849:431
1806605192:updateInputs:706232:216
1806605192:updateComponents:706686:218
1806605192:propagateValuesOnChangeOnly:707133:422
1806605192:updateInputs:707884:379
1806605192:updateComponents:708496:209
1806605192:propagateValuesOnChangeOnly:708939:433
1806605192:Run loop:198680:514655
1806605192:main:210:725070
