1245657475:updateInputs:111710:282
1245657475:updateComponents:128343:333
1245657475:Init circuit:95335:41487
1245657475:updateInputs:137928:276
1245657475:updateComponents:138504:199
1245657475:propagateValuesOnChangeOnly:139774:325
1245657475:updateInputs:143395:204
1245657475:updateComponents:143899:157
1245657475:propagateValuesOnChangeOnly:144281:244
1245657475:updateInputs:148512:224
1245657475:updateComponents:149005:144
1245657475:propagateValuesOnChangeOnly:149403:278
1245657475:updateInputs:153013:196
1245657475:updateComponents:153484:144
1245657475:propagateValuesOnChangeOnly:153854:245
1245657475:updateInputs:156890:218
1245657475:updateComponents:157350:176
1245657475:propagateValuesOnChangeOnly:159625:251
1245657475:updateInputs:162817:220
1245657475:updateComponents:163302:167
1245657475:propagateValuesOnChangeOnly:163713:247
1245657475:updateInputs:166746:204
1245657475:updateComponents:167196:159
1245657475:propagateValuesOnChangeOnly:167585:234
1245657475:updateInputs:170536:175
1245657475:updateComponents:170966:145
1245657475:propagateValuesOnChangeOnly:171324:267
1245657475:Run loop:137863:36534
1245657475:main:270:181353
