44397653:updateInputs:5649237:435
44397653:updateComponents:5665218:26721
44397653:Init circuit:4213912:1691414
44397653:updateInputs:5906317:401
44397653:updateComponents:5906967:25412
44397653:propagateValuesOnChangeOnly:5933427:44688
44397653:updateInputs:6099621:342
44397653:updateComponents:6100231:27174
44397653:propagateValuesOnChangeOnly:6127658:51600
44397653:updateInputs:6303784:347
44397653:updateComponents:6304414:28363
44397653:propagateValuesOnChangeOnly:6333060:55278
44397653:updateInputs:6509809:436
44397653:updateComponents:6510499:27557
44397653:propagateValuesOnChangeOnly:6538313:50791
44397653:updateInputs:6710386:384
44397653:updateComponents:6711020:26040
44397653:propagateValuesOnChangeOnly:6738713:60315
44397653:updateInputs:6922926:421
44397653:updateComponents:6923614:26204
44397653:propagateValuesOnChangeOnly:6950048:50840
44397653:updateInputs:7121533:344
44397653:updateComponents:7122149:26605
44397653:propagateValuesOnChangeOnly:7148986:55370
44397653:updateInputs:7326097:429
44397653:updateComponents:7326776:25738
44397653:propagateValuesOnChangeOnly:7352724:50569
44397653:updateInputs:7524303:326
44397653:updateComponents:7524905:28304
44397653:propagateValuesOnChangeOnly:7553443:64908
44397653:updateInputs:7738820:358
44397653:updateComponents:7739447:26520
44397653:propagateValuesOnChangeOnly:7766204:50577
44397653:updateInputs:7939908:388
44397653:updateComponents:7940558:26982
44397653:propagateValuesOnChangeOnly:7967767:55481
44397653:updateInputs:8144119:391
44397653:updateComponents:8144781:27152
44397653:propagateValuesOnChangeOnly:8172155:50728
44397653:updateInputs:8347977:435
44397653:updateComponents:8348679:25166
44397653:propagateValuesOnChangeOnly:8374097:60106
44397653:updateInputs:8554704:358
44397653:updateComponents:8555315:27202
44397653:propagateValuesOnChangeOnly:8582754:50829
44397653:updateInputs:8754910:358
44397653:updateComponents:8755552:29178
44397653:propagateValuesOnChangeOnly:8784953:55371
44397653:updateInputs:8962986:425
44397653:updateComponents:8963722:27481
44397653:propagateValuesOnChangeOnly:8991433:50460
44397653:updateInputs:9162715:385
44397653:updateComponents:9163359:28364
44397653:propagateValuesOnChangeOnly:9191966:70112
44397653:updateInputs:9382903:373
44397653:updateComponents:9383544:27358
44397653:propagateValuesOnChangeOnly:9411133:51493
44397653:updateInputs:9583715:373
44397653:updateComponents:9584346:27348
44397653:propagateValuesOnChangeOnly:9611946:55541
44397653:updateInputs:9787976:407
44397653:updateComponents:9788660:25351
44397653:propagateValuesOnChangeOnly:9814242:50605
44397653:updateInputs:9985651:394
44397653:updateComponents:9986299:27438
44397653:propagateValuesOnChangeOnly:10017454:60471
44397653:updateInputs:10199137:402
44397653:updateComponents:10199789:27856
44397653:propagateValuesOnChangeOnly:10227862:50567
44397653:updateInputs:10398942:350
44397653:updateComponents:10399546:28342
44397653:propagateValuesOnChangeOnly:10428149:55341
44397653:updateInputs:10604273:458
44397653:updateComponents:10604983:28158
44397653:propagateValuesOnChangeOnly:10633382:50765
44397653:updateInputs:10805143:337
44397653:updateComponents:10805767:27157
44397653:propagateValuesOnChangeOnly:10833148:64906
44397653:updateInputs:11026958:420
44397653:updateComponents:11027640:28709
44397653:propagateValuesOnChangeOnly:11056580:50737
44397653:updateInputs:11228504:356
44397653:updateComponents:11229140:26968
44397653:propagateValuesOnChangeOnly:11256325:55503
44397653:updateInputs:11432624:355
44397653:updateComponents:11433267:25578
44397653:propagateValuesOnChangeOnly:11459076:50552
44397653:updateInputs:11630333:354
44397653:updateComponents:11630936:28546
44397653:propagateValuesOnChangeOnly:11659740:60200
44397653:updateInputs:11840770:384
44397653:updateComponents:11841410:26252
44397653:propagateValuesOnChangeOnly:11867876:50618
44397653:updateInputs:12039432:363
44397653:updateComponents:12040046:25844
44397653:propagateValuesOnChangeOnly:12066123:55330
44397653:updateInputs:12242363:473
44397653:updateComponents:12243100:26507
44397653:propagateValuesOnChangeOnly:12269861:50534
44397653:updateInputs:12441355:350
44397653:updateComponents:12441975:27176
44397653:propagateValuesOnChangeOnly:12469382:74980
44397653:updateInputs:12664919:386
44397653:updateComponents:12665558:28313
44397653:propagateValuesOnChangeOnly:12694094:51223
44397653:updateInputs:12865954:359
44397653:updateComponents:12866599:28747
44397653:propagateValuesOnChangeOnly:12895582:55554
44397653:updateInputs:13072102:428
44397653:updateComponents:13072792:27984
44397653:propagateValuesOnChangeOnly:13100994:50808
44397653:updateInputs:13272871:380
44397653:updateComponents:13273497:28126
44397653:propagateValuesOnChangeOnly:13301854:60267
44397653:updateInputs:13482731:393
44397653:updateComponents:13483384:26564
44397653:propagateValuesOnChangeOnly:13510201:50722
44397653:updateInputs:13681999:393
44397653:updateComponents:13682645:27045
44397653:propagateValuesOnChangeOnly:13709912:55542
44397653:updateInputs:13886712:393
44397653:updateComponents:13887390:26993
44397653:propagateValuesOnChangeOnly:13914624:50600
44397653:updateInputs:14086309:375
44397653:updateComponents:14086936:27869
44397653:propagateValuesOnChangeOnly:14115052:65075
44397653:updateInputs:14301168:372
44397653:updateComponents:14301811:28058
44397653:propagateValuesOnChangeOnly:14330066:50696
44397653:updateInputs:14508320:352
44397653:updateComponents:14508957:27841
44397653:propagateValuesOnChangeOnly:14537030:55429
44397653:updateInputs:14713124:425
44397653:updateComponents:14713803:27678
44397653:propagateValuesOnChangeOnly:14741705:50721
44397653:updateInputs:14913876:342
44397653:updateComponents:14914483:27427
44397653:propagateValuesOnChangeOnly:14942128:60143
44397653:updateInputs:15122937:401
44397653:updateComponents:15123595:28517
44397653:propagateValuesOnChangeOnly:15152343:50675
44397653:updateInputs:15324285:334
44397653:updateComponents:15324901:26074
44397653:propagateValuesOnChangeOnly:15351192:55520
44397653:updateInputs:15527575:455
44397653:updateComponents:15528283:25018
44397653:propagateValuesOnChangeOnly:15553535:50797
44397653:updateInputs:15725153:367
44397653:updateComponents:15725794:25482
44397653:propagateValuesOnChangeOnly:15751488:70237
44397653:updateInputs:15942828:355
44397653:updateComponents:15943463:25427
44397653:propagateValuesOnChangeOnly:15969118:51349
44397653:updateInputs:16142763:366
44397653:updateComponents:16143423:25280
44397653:propagateValuesOnChangeOnly:16168940:55440
44397653:updateInputs:16345420:391
44397653:updateComponents:16346093:25095
44397653:propagateValuesOnChangeOnly:16371405:50717
44397653:updateInputs:16542990:363
44397653:updateComponents:16543618:25321
44397653:propagateValuesOnChangeOnly:16569143:60311
44397653:updateInputs:16777922:406
44397653:updateComponents:16778669:25604
44397653:propagateValuesOnChangeOnly:16804494:50862
44397653:updateInputs:16976454:395
44397653:updateComponents:16977109:26083
44397653:propagateValuesOnChangeOnly:17003418:55468
44397653:updateInputs:17179254:440
44397653:updateComponents:17179955:28325
44397653:propagateValuesOnChangeOnly:17208508:50580
44397653:updateInputs:17380317:375
44397653:updateComponents:17380972:26643
44397653:propagateValuesOnChangeOnly:17407830:64912
44397653:updateInputs:17594049:400
44397653:updateComponents:17594699:25742
44397653:propagateValuesOnChangeOnly:17620708:50758
44397653:updateInputs:17792199:368
44397653:updateComponents:17792832:27772
44397653:propagateValuesOnChangeOnly:17820816:55439
44397653:updateInputs:18044358:421
44397653:updateComponents:18045047:26133
44397653:propagateValuesOnChangeOnly:18071435:50960
44397653:updateInputs:18244085:394
44397653:updateComponents:18244781:28275
44397653:propagateValuesOnChangeOnly:18273273:62587
44397653:updateInputs:18550318:420
44397653:updateComponents:18551199:109161
44397653:propagateValuesOnChangeOnly:18662475:146607
44397653:updateInputs:18948556:527
44397653:updateComponents:18949445:29304
44397653:propagateValuesOnChangeOnly:18978984:58665
44397653:updateInputs:19160474:418
44397653:updateComponents:19161142:27418
44397653:propagateValuesOnChangeOnly:19188831:53913
44397653:updateInputs:19364838:368
44397653:updateComponents:19365492:26967
44397653:propagateValuesOnChangeOnly:19392725:83744
44397653:updateInputs:19598749:367
44397653:updateComponents:19599362:29177
44397653:propagateValuesOnChangeOnly:19628798:54609
44397653:updateInputs:19805932:357
44397653:updateComponents:19806543:27816
44397653:propagateValuesOnChangeOnly:19834594:59025
44397653:updateInputs:20016074:379
44397653:updateComponents:20016707:29425
44397653:propagateValuesOnChangeOnly:20046401:53881
44397653:updateInputs:20222319:353
44397653:updateComponents:20222924:26419
44397653:propagateValuesOnChangeOnly:20249604:63271
44397653:updateInputs:20435302:349
44397653:updateComponents:20435894:28539
44397653:propagateValuesOnChangeOnly:20464707:53706
44397653:updateInputs:20640640:368
44397653:updateComponents:20641258:27065
44397653:propagateValuesOnChangeOnly:20668593:58537
44397653:updateInputs:20849237:402
44397653:updateComponents:20849888:26552
44397653:propagateValuesOnChangeOnly:20876703:53941
44397653:updateInputs:21053112:364
44397653:updateComponents:21053726:26960
44397653:propagateValuesOnChangeOnly:21080924:68225
44397653:updateInputs:21271393:322
44397653:updateComponents:21272013:29583
44397653:propagateValuesOnChangeOnly:21301843:53681
44397653:updateInputs:21477882:339
44397653:updateComponents:21478487:26471
44397653:propagateValuesOnChangeOnly:21505177:58416
44397653:updateInputs:21685620:398
44397653:updateComponents:21686263:26713
44397653:propagateValuesOnChangeOnly:21713244:53623
44397653:updateInputs:21889728:324
44397653:updateComponents:21890308:29365
44397653:propagateValuesOnChangeOnly:21919942:63552
44397653:updateInputs:22106351:378
44397653:updateComponents:22106989:27034
44397653:propagateValuesOnChangeOnly:22134290:53768
44397653:updateInputs:22310423:324
44397653:updateComponents:22311005:27082
44397653:propagateValuesOnChangeOnly:22338337:58519
44397653:updateInputs:22519158:394
44397653:updateComponents:22519808:28978
44397653:propagateValuesOnChangeOnly:22549034:53781
44397653:updateInputs:22724538:339
44397653:updateComponents:22725133:26537
44397653:propagateValuesOnChangeOnly:22751932:73988
44397653:updateInputs:22948129:359
44397653:updateComponents:22948760:29179
44397653:propagateValuesOnChangeOnly:22978172:54527
44397653:updateInputs:23155198:335
44397653:updateComponents:23155797:26349
44397653:propagateValuesOnChangeOnly:23182362:58673
44397653:updateInputs:23363043:351
44397653:updateComponents:23363656:26646
44397653:propagateValuesOnChangeOnly:23390567:53804
44397653:updateInputs:23567560:312
44397653:updateComponents:23568138:26143
44397653:propagateValuesOnChangeOnly:23615516:64347
44397653:updateInputs:23802705:445
44397653:updateComponents:23803403:27339
44397653:propagateValuesOnChangeOnly:23831022:53646
44397653:updateInputs:24006822:339
44397653:updateComponents:24007433:28717
44397653:propagateValuesOnChangeOnly:24036381:58602
44397653:updateInputs:24217488:441
44397653:updateComponents:24218203:26741
44397653:propagateValuesOnChangeOnly:24245173:53928
44397653:updateInputs:24421417:372
44397653:updateComponents:24422042:28591
44397653:propagateValuesOnChangeOnly:24450879:68453
44397653:updateInputs:24641201:385
44397653:updateComponents:24641843:29352
44397653:propagateValuesOnChangeOnly:24671435:82143
44397653:updateInputs:24933658:381
44397653:updateComponents:24934289:28725
44397653:propagateValuesOnChangeOnly:24963272:58377
44397653:updateInputs:25143569:432
44397653:updateComponents:25144255:28973
44397653:propagateValuesOnChangeOnly:25173476:53639
44397653:updateInputs:25348781:327
44397653:updateComponents:25349355:27844
44397653:propagateValuesOnChangeOnly:25377440:63506
44397653:updateInputs:25562756:347
44397653:updateComponents:25563363:26603
44397653:propagateValuesOnChangeOnly:25590201:53767
44397653:updateInputs:25766129:350
44397653:updateComponents:25766727:26623
44397653:propagateValuesOnChangeOnly:25793599:58600
44397653:updateInputs:25973527:460
44397653:updateComponents:25974233:29142
44397653:propagateValuesOnChangeOnly:26003610:54000
44397653:updateInputs:26181892:324
44397653:updateComponents:26182469:27230
44397653:propagateValuesOnChangeOnly:26209954:79060
44397653:updateInputs:26411215:369
44397653:updateComponents:26411836:27017
44397653:propagateValuesOnChangeOnly:26439086:54730
44397653:updateInputs:26616366:314
44397653:updateComponents:26616953:28612
44397653:propagateValuesOnChangeOnly:26645812:58612
44397653:updateInputs:26826886:399
44397653:updateComponents:26827539:26306
44397653:propagateValuesOnChangeOnly:26854118:54172
44397653:updateInputs:27030649:364
44397653:updateComponents:27031267:29031
44397653:propagateValuesOnChangeOnly:27060536:63222
44397653:updateInputs:27246112:343
44397653:updateComponents:27246711:29044
44397653:propagateValuesOnChangeOnly:27276028:53871
44397653:updateInputs:27452412:317
44397653:updateComponents:27453006:28429
44397653:propagateValuesOnChangeOnly:27481683:58727
44397653:updateInputs:27663190:363
44397653:updateComponents:27663820:26551
44397653:propagateValuesOnChangeOnly:27690618:53831
44397653:updateInputs:27866410:329
44397653:updateComponents:27867013:28739
44397653:propagateValuesOnChangeOnly:27895978:68315
44397653:updateInputs:28086724:366
44397653:updateComponents:28087344:28344
44397653:propagateValuesOnChangeOnly:28115926:53955
44397653:updateInputs:28292367:301
44397653:updateComponents:28292931:27295
44397653:propagateValuesOnChangeOnly:28320463:58503
44397653:updateInputs:28550478:462
44397653:updateComponents:28551306:31432
44397653:propagateValuesOnChangeOnly:28583006:54181
44397653:updateInputs:28759906:320
44397653:updateComponents:28760498:28912
44397653:propagateValuesOnChangeOnly:28789683:63364
44397653:updateInputs:28975188:379
44397653:updateComponents:28977310:26487
44397653:propagateValuesOnChangeOnly:29004101:53744
44397653:updateInputs:29180075:373
44397653:updateComponents:29180696:26654
44397653:propagateValuesOnChangeOnly:29207600:58646
44397653:updateInputs:29388783:437
44397653:updateComponents:29389472:26560
44397653:propagateValuesOnChangeOnly:29416304:53772
44397653:updateInputs:29592261:339
44397653:updateComponents:29592843:26640
44397653:propagateValuesOnChangeOnly:29619731:74152
44397653:updateInputs:29816199:333
44397653:updateComponents:29816821:27103
44397653:propagateValuesOnChangeOnly:29844168:54822
44397653:updateInputs:30021083:328
44397653:updateComponents:30021673:29069
44397653:propagateValuesOnChangeOnly:30050985:58702
44397653:updateInputs:30232103:383
44397653:updateComponents:30232741:29399
44397653:propagateValuesOnChangeOnly:30262401:54137
44397653:updateInputs:30438681:315
44397653:updateComponents:30439275:27794
44397653:propagateValuesOnChangeOnly:30467325:63438
44397653:updateInputs:30653334:347
44397653:updateComponents:30653931:26845
44397653:propagateValuesOnChangeOnly:30681035:53902
44397653:updateInputs:30857264:307
44397653:updateComponents:30857813:29441
44397653:propagateValuesOnChangeOnly:30887487:58440
44397653:updateInputs:31067845:377
44397653:updateComponents:31068472:26534
44397653:propagateValuesOnChangeOnly:31095243:53746
44397653:updateInputs:31270997:354
44397653:updateComponents:31271602:29029
44397653:propagateValuesOnChangeOnly:31300877:68403
44397653:updateInputs:31491899:361
44397653:updateComponents:31492508:26580
44397653:propagateValuesOnChangeOnly:31519335:53709
44397653:updateInputs:31695104:354
44397653:updateComponents:31695725:28545
44397653:propagateValuesOnChangeOnly:31724531:58502
44397653:updateInputs:31905329:381
44397653:updateComponents:31905970:26290
44397653:propagateValuesOnChangeOnly:31932513:53922
44397653:updateInputs:32108610:348
44397653:updateComponents:32109205:28008
44397653:propagateValuesOnChangeOnly:32137480:63395
44397653:updateInputs:32323093:353
44397653:updateComponents:32323718:26590
44397653:propagateValuesOnChangeOnly:32350574:53991
44397653:updateInputs:32526730:331
44397653:updateComponents:32527336:26474
44397653:propagateValuesOnChangeOnly:32554063:58358
44397653:updateInputs:32734643:427
44397653:updateComponents:32735356:26400
44397653:propagateValuesOnChangeOnly:32762005:53951
44397653:updateInputs:32937524:377
44397653:updateComponents:32938153:26562
44397653:propagateValuesOnChangeOnly:32964971:88517
44397653:updateInputs:33175836:347
44397653:updateComponents:33176447:26446
44397653:propagateValuesOnChangeOnly:33203106:54474
44397653:updateInputs:33379821:347
44397653:updateComponents:33380418:26682
44397653:propagateValuesOnChangeOnly:33407335:58575
44397653:updateInputs:33587844:396
44397653:updateComponents:33588493:26518
44397653:propagateValuesOnChangeOnly:33615283:54013
44397653:updateInputs:33791735:353
44397653:updateComponents:33792341:26581
44397653:propagateValuesOnChangeOnly:33819194:63216
44397653:updateInputs:34004464:324
44397653:updateComponents:34005083:26850
44397653:propagateValuesOnChangeOnly:34032177:53878
44397653:updateInputs:34208151:301
44397653:updateComponents:34208719:26844
44397653:propagateValuesOnChangeOnly:34235785:58722
44397653:updateInputs:34416981:386
44397653:updateComponents:34417657:26509
44397653:propagateValuesOnChangeOnly:34444380:54004
44397653:updateInputs:34620753:273
44397653:updateComponents:34621280:27597
44397653:propagateValuesOnChangeOnly:34649127:68541
44397653:updateInputs:34839453:352
44397653:updateComponents:34840058:27537
44397653:propagateValuesOnChangeOnly:34867879:53734
44397653:updateInputs:35045945:423
44397653:updateComponents:35046621:27942
44397653:propagateValuesOnChangeOnly:35074834:58606
44397653:updateInputs:35255961:418
44397653:updateComponents:35256625:26402
44397653:propagateValuesOnChangeOnly:35283281:53803
44397653:updateInputs:35458901:296
44397653:updateComponents:35459474:26781
44397653:propagateValuesOnChangeOnly:35486496:63407
44397653:updateInputs:35672163:387
44397653:updateComponents:35672799:28552
44397653:propagateValuesOnChangeOnly:35701601:53834
44397653:updateInputs:35878012:304
44397653:updateComponents:35878593:28612
44397653:propagateValuesOnChangeOnly:35907450:58636
44397653:updateInputs:36088035:427
44397653:updateComponents:36088711:29422
44397653:propagateValuesOnChangeOnly:36118382:54949
44397653:updateInputs:36295731:320
44397653:updateComponents:36296304:26778
44397653:propagateValuesOnChangeOnly:36323328:74133
44397653:updateInputs:36520153:358
44397653:updateComponents:36520763:26901
44397653:propagateValuesOnChangeOnly:36547908:54511
44397653:updateInputs:36724382:308
44397653:updateComponents:36724979:28404
44397653:propagateValuesOnChangeOnly:36753633:58777
44397653:updateInputs:36935242:325
44397653:updateComponents:36935838:27208
44397653:propagateValuesOnChangeOnly:36963270:53802
44397653:updateInputs:37139149:345
44397653:updateComponents:37139746:28395
44397653:propagateValuesOnChangeOnly:37168389:63397
44397653:updateInputs:37353647:347
44397653:updateComponents:37354246:27564
44397653:propagateValuesOnChangeOnly:37382058:53877
44397653:updateInputs:37558557:335
44397653:updateComponents:37559151:28032
44397653:propagateValuesOnChangeOnly:37587433:58475
44397653:updateInputs:37768200:371
44397653:updateComponents:37768817:26703
44397653:propagateValuesOnChangeOnly:37795752:53775
44397653:updateInputs:37971528:306
44397653:updateComponents:37972080:28285
44397653:propagateValuesOnChangeOnly:38000618:68413
44397653:updateInputs:38191563:346
44397653:updateComponents:38192164:26523
44397653:propagateValuesOnChangeOnly:38218962:53778
44397653:updateInputs:38395033:311
44397653:updateComponents:38395591:28996
44397653:propagateValuesOnChangeOnly:38424845:58544
44397653:updateInputs:38606551:368
44397653:updateComponents:38607179:28540
44397653:propagateValuesOnChangeOnly:38635972:53780
44397653:updateInputs:38812063:347
44397653:updateComponents:38812673:28321
44397653:propagateValuesOnChangeOnly:38841253:63441
44397653:updateInputs:39026789:371
44397653:updateComponents:39027412:26508
44397653:propagateValuesOnChangeOnly:39054156:53868
44397653:updateInputs:39230265:290
44397653:updateComponents:39230829:27606
44397653:propagateValuesOnChangeOnly:39258636:58723
44397653:updateInputs:39439268:396
44397653:updateComponents:39439943:26565
44397653:propagateValuesOnChangeOnly:39466735:53767
44397653:updateInputs:39643111:284
44397653:updateComponents:39643683:28020
44397653:propagateValuesOnChangeOnly:39671937:78909
44397653:updateInputs:39872847:347
44397653:updateComponents:39873464:28642
44397653:propagateValuesOnChangeOnly:39902319:54463
44397653:updateInputs:40078693:320
44397653:updateComponents:40079259:27225
44397653:propagateValuesOnChangeOnly:40106723:58703
44397653:updateInputs:40287872:348
44397653:updateComponents:40288473:26434
44397653:propagateValuesOnChangeOnly:40315173:53835
44397653:updateInputs:40491033:334
44397653:updateComponents:40491629:26758
44397653:propagateValuesOnChangeOnly:40518622:63343
44397653:updateInputs:40704357:327
44397653:updateComponents:40704955:29160
44397653:propagateValuesOnChangeOnly:40734365:53771
44397653:updateInputs:40910447:354
44397653:updateComponents:40912672:27562
44397653:propagateValuesOnChangeOnly:40940515:58378
44397653:updateInputs:41121131:432
44397653:updateComponents:41121821:26370
44397653:propagateValuesOnChangeOnly:41148422:53794
44397653:updateInputs:41325130:310
44397653:updateComponents:41325683:28716
44397653:propagateValuesOnChangeOnly:41354649:68350
44397653:updateInputs:41545100:349
44397653:updateComponents:41545716:29052
44397653:propagateValuesOnChangeOnly:41575000:53871
44397653:updateInputs:41784115:370
44397653:updateComponents:41784741:28404
44397653:propagateValuesOnChangeOnly:41813407:58434
44397653:updateInputs:41994777:335
44397653:updateComponents:41995373:28922
44397653:propagateValuesOnChangeOnly:42024519:53750
44397653:updateInputs:42200672:314
44397653:updateComponents:42201246:29231
44397653:propagateValuesOnChangeOnly:42230723:63493
44397653:updateInputs:42416338:358
44397653:updateComponents:42416975:26507
44397653:propagateValuesOnChangeOnly:42443728:53604
44397653:updateInputs:42619694:299
44397653:updateComponents:42620264:27510
44397653:propagateValuesOnChangeOnly:42648029:58550
44397653:updateInputs:42828946:418
44397653:updateComponents:42829606:27083
44397653:propagateValuesOnChangeOnly:42856944:53767
44397653:updateInputs:43032793:345
44397653:updateComponents:43033384:28505
44397653:propagateValuesOnChangeOnly:43062155:74072
44397653:updateInputs:43258565:337
44397653:updateComponents:43259165:27852
44397653:propagateValuesOnChangeOnly:43287233:54791
44397653:updateInputs:43464006:334
44397653:updateComponents:43464607:26475
44397653:propagateValuesOnChangeOnly:43491333:58721
44397653:updateInputs:43671890:388
44397653:updateComponents:43672521:28596
44397653:propagateValuesOnChangeOnly:43701392:53734
44397653:updateInputs:43877818:351
44397653:updateComponents:43878420:28925
44397653:propagateValuesOnChangeOnly:43907586:63231
44397653:updateInputs:44093268:344
44397653:updateComponents:44093861:27963
44397653:propagateValuesOnChangeOnly:44122074:53695
44397653:updateInputs:44297440:310
44397653:updateComponents:44298013:26588
44397653:propagateValuesOnChangeOnly:44324857:58450
44397653:updateInputs:44507502:459
44397653:updateComponents:44508220:26729
44397653:propagateValuesOnChangeOnly:44535228:53809
44397653:updateInputs:44711679:368
44397653:updateComponents:44712294:26520
44397653:propagateValuesOnChangeOnly:44739060:68232
44397653:updateInputs:44929290:343
44397653:updateComponents:44929901:27267
44397653:propagateValuesOnChangeOnly:44957428:53753
44397653:updateInputs:45133645:298
44397653:updateComponents:45134223:27781
44397653:propagateValuesOnChangeOnly:45162220:58531
44397653:updateInputs:45343498:390
44397653:updateComponents:45344143:29246
44397653:propagateValuesOnChangeOnly:45373640:53820
44397653:updateInputs:45549271:303
44397653:updateComponents:45549848:29233
44397653:propagateValuesOnChangeOnly:45579306:63304
44397653:updateInputs:45764816:348
44397653:updateComponents:45765417:29413
44397653:propagateValuesOnChangeOnly:45795100:53840
44397653:updateInputs:45970907:294
44397653:updateComponents:45971490:28097
44397653:propagateValuesOnChangeOnly:45999813:58350
44397653:updateInputs:46181647:482
44397653:updateComponents:46182387:61218
44397653:propagateValuesOnChangeOnly:46243901:115011
44397653:updateInputs:46562583:454
44397653:updateComponents:46563462:28469
44397653:propagateValuesOnChangeOnly:46592173:80016
44397653:updateInputs:46793589:364
44397653:updateComponents:46794214:25144
44397653:propagateValuesOnChangeOnly:46819623:51713
44397653:updateInputs:47036487:342
44397653:updateComponents:47037144:28305
44397653:propagateValuesOnChangeOnly:47065701:56069
44397653:updateInputs:47243151:391
44397653:updateComponents:47243803:26676
44397653:propagateValuesOnChangeOnly:47270752:51131
44397653:updateInputs:47443024:355
44397653:updateComponents:47443638:28172
44397653:propagateValuesOnChangeOnly:47472071:60400
44397653:updateInputs:47653573:331
44397653:updateComponents:47654174:27970
44397653:propagateValuesOnChangeOnly:47682383:50871
44397653:updateInputs:47899714:307
44397653:updateComponents:47902354:55220
44397653:propagateValuesOnChangeOnly:47957922:70658
44397653:updateInputs:48149925:381
44397653:updateComponents:48150580:28274
44397653:propagateValuesOnChangeOnly:48179107:72031
44397653:updateInputs:48428908:323
44397653:updateComponents:48429534:25548
44397653:propagateValuesOnChangeOnly:48455303:65253
44397653:updateInputs:48713375:383
44397653:updateComponents:48714040:54189
44397653:propagateValuesOnChangeOnly:48768517:66829
44397653:updateInputs:48993428:344
44397653:updateComponents:48994058:28364
44397653:propagateValuesOnChangeOnly:49022638:55643
44397653:updateInputs:49269610:434
44397653:updateComponents:49270331:56837
44397653:propagateValuesOnChangeOnly:49327476:65840
44397653:updateInputs:49555039:304
44397653:updateComponents:49555644:27946
44397653:propagateValuesOnChangeOnly:49583816:60747
44397653:updateInputs:49765715:410
44397653:updateComponents:49766379:29484
44397653:propagateValuesOnChangeOnly:49796100:87707
44397653:updateInputs:50004947:307
44397653:updateComponents:50005579:27401
44397653:propagateValuesOnChangeOnly:50033252:78169
44397653:updateInputs:50247398:406
44397653:updateComponents:50248173:25624
44397653:propagateValuesOnChangeOnly:50274037:51010
44397653:updateInputs:50527592:365
44397653:updateComponents:50528263:25880
44397653:propagateValuesOnChangeOnly:50554424:70688
44397653:updateInputs:50746526:317
44397653:updateComponents:50747122:25458
44397653:propagateValuesOnChangeOnly:50772863:93973
44397653:updateInputs:50988481:361
44397653:updateComponents:50989096:25572
44397653:propagateValuesOnChangeOnly:51014961:97248
44397653:updateInputs:51273744:359
44397653:updateComponents:51274398:47124
44397653:propagateValuesOnChangeOnly:51321890:67515
44397653:updateInputs:51558761:329
44397653:updateComponents:51559418:55554
44397653:propagateValuesOnChangeOnly:51615269:75357
44397653:updateInputs:51812391:376
44397653:updateComponents:51813017:26152
44397653:propagateValuesOnChangeOnly:51839424:51182
44397653:updateInputs:52011549:326
44397653:updateComponents:52012129:26422
44397653:propagateValuesOnChangeOnly:52038795:55713
44397653:updateInputs:52283246:466
44397653:updateComponents:52284078:27577
44397653:propagateValuesOnChangeOnly:52311908:51030
44397653:updateInputs:52483805:335
44397653:updateComponents:52484414:28708
44397653:propagateValuesOnChangeOnly:52513364:65658
44397653:updateInputs:52776149:372
44397653:updateComponents:52776803:43152
44397653:propagateValuesOnChangeOnly:52820236:97210
44397653:updateInputs:53075418:344
44397653:updateComponents:53076042:27739
44397653:propagateValuesOnChangeOnly:53104061:55536
44397653:updateInputs:53281258:396
44397653:updateComponents:53281914:26059
44397653:propagateValuesOnChangeOnly:53308252:50951
44397653:updateInputs:53480019:321
44397653:updateComponents:53480599:25904
44397653:propagateValuesOnChangeOnly:53506755:60374
44397653:updateInputs:53688240:343
44397653:updateComponents:53688836:27886
44397653:propagateValuesOnChangeOnly:53716994:50860
44397653:updateInputs:53888631:310
44397653:updateComponents:53889229:27831
44397653:propagateValuesOnChangeOnly:53917330:55722
44397653:updateInputs:54093828:416
44397653:updateComponents:54094503:26550
44397653:propagateValuesOnChangeOnly:54121324:50864
44397653:updateInputs:54293315:346
44397653:updateComponents:54293920:27619
44397653:propagateValuesOnChangeOnly:54321828:75226
44397653:updateInputs:54517911:322
44397653:updateComponents:54518524:26670
44397653:propagateValuesOnChangeOnly:54545436:51591
44397653:updateInputs:54718220:336
44397653:updateComponents:54718808:28628
44397653:propagateValuesOnChangeOnly:54750056:56207
44397653:updateInputs:54927626:416
44397653:updateComponents:54928340:29567
44397653:propagateValuesOnChangeOnly:54958143:51010
44397653:updateInputs:55130641:313
44397653:updateComponents:55131238:25336
44397653:propagateValuesOnChangeOnly:55156808:60319
44397653:updateInputs:55338734:380
44397653:updateComponents:55339377:27931
44397653:propagateValuesOnChangeOnly:55367587:50909
44397653:updateInputs:55586267:331
44397653:updateComponents:55586912:59893
44397653:propagateValuesOnChangeOnly:55647205:95080
44397653:updateInputs:55924397:460
44397653:updateComponents:55925128:50721
44397653:propagateValuesOnChangeOnly:55976180:55283
44397653:updateInputs:56243644:694
44397653:updateComponents:56245142:43059
44397653:propagateValuesOnChangeOnly:56288679:102994
44397653:updateInputs:56585358:376
44397653:updateComponents:56586074:50009
44397653:propagateValuesOnChangeOnly:56636388:65856
44397653:updateInputs:56861102:324
44397653:updateComponents:56861699:28216
44397653:propagateValuesOnChangeOnly:56890174:55555
44397653:updateInputs:57066771:385
44397653:updateComponents:57067412:27970
44397653:propagateValuesOnChangeOnly:57095651:50839
44397653:updateInputs:57268174:313
44397653:updateComponents:57268738:27563
44397653:propagateValuesOnChangeOnly:57296546:60370
44397653:updateInputs:57478509:327
44397653:updateComponents:57479112:27390
44397653:propagateValuesOnChangeOnly:57506763:50834
44397653:updateInputs:57715118:338
44397653:updateComponents:57715737:30384
44397653:propagateValuesOnChangeOnly:57746407:59724
44397653:updateInputs:57943176:404
44397653:updateComponents:57943888:27821
44397653:propagateValuesOnChangeOnly:57971970:72987
44397653:updateInputs:58260156:325
44397653:updateComponents:58260778:59803
44397653:propagateValuesOnChangeOnly:58320896:84976
44397653:updateInputs:58527242:304
44397653:updateComponents:58527836:29043
44397653:propagateValuesOnChangeOnly:58557153:80928
44397653:updateInputs:58822178:319
44397653:updateComponents:58822783:26525
44397653:propagateValuesOnChangeOnly:58849592:81195
44397653:updateInputs:59070439:318
44397653:updateComponents:59071028:28291
44397653:propagateValuesOnChangeOnly:59099588:50838
44397653:updateInputs:59271373:333
44397653:updateComponents:59271958:28493
44397653:propagateValuesOnChangeOnly:59300719:60340
44397653:updateInputs:59482179:315
44397653:updateComponents:59482776:27134
44397653:propagateValuesOnChangeOnly:59510142:50912
44397653:updateInputs:59682424:334
44397653:updateComponents:59683013:26386
44397653:propagateValuesOnChangeOnly:59709657:55565
44397653:updateInputs:59886539:371
44397653:updateComponents:59887170:25197
44397653:propagateValuesOnChangeOnly:59912591:50888
44397653:updateInputs:60084360:308
44397653:updateComponents:60084951:25706
44397653:propagateValuesOnChangeOnly:60110897:65104
44397653:updateInputs:60297304:368
44397653:updateComponents:60297931:25477
44397653:propagateValuesOnChangeOnly:60323641:50843
44397653:updateInputs:60495577:313
44397653:updateComponents:60496164:25306
44397653:propagateValuesOnChangeOnly:60521713:83039
44397653:updateInputs:60740608:377
44397653:updateComponents:60741247:25511
44397653:propagateValuesOnChangeOnly:60767013:51015
44397653:updateInputs:60939506:309
44397653:updateComponents:60940074:25525
44397653:propagateValuesOnChangeOnly:60965868:60322
44397653:updateInputs:61147448:351
44397653:updateComponents:61148049:25158
44397653:propagateValuesOnChangeOnly:61173451:50815
44397653:updateInputs:61345173:358
44397653:updateComponents:61345785:25336
44397653:propagateValuesOnChangeOnly:61371358:55511
44397653:updateInputs:61547656:407
44397653:updateComponents:61551063:25379
44397653:propagateValuesOnChangeOnly:61576739:50634
44397653:updateInputs:61748505:382
44397653:updateComponents:61749162:25422
44397653:propagateValuesOnChangeOnly:61774797:84638
44397653:updateInputs:61980218:329
44397653:updateComponents:61980802:25567
44397653:propagateValuesOnChangeOnly:62006627:51488
44397653:Run loop:5906264:56272658
44397653:main:174:63163290
