666627474:updateInputs:609585:494
666627474:updateComponents:623062:5112
666627474:Init circuit:399974:253013
666627474:updateInputs:653810:474
666627474:updateComponents:654537:4773
666627474:propagateValuesOnChangeOnly:660241:6905
666627474:updateInputs:680148:438
666627474:updateComponents:680817:4733
666627474:propagateValuesOnChangeOnly:685748:6796
666627474:updateInputs:708240:388
666627474:updateComponents:708912:4563
666627474:propagateValuesOnChangeOnly:713700:6903
666627474:updateInputs:733614:347
666627474:updateComponents:734196:4496
666627474:propagateValuesOnChangeOnly:738882:6791
666627474:updateInputs:758444:395
666627474:updateComponents:759064:4485
666627474:propagateValuesOnChangeOnly:766409:6905
666627474:updateInputs:786368:367
666627474:updateComponents:786981:4742
666627474:propagateValuesOnChangeOnly:791924:7159
666627474:updateInputs:811894:367
666627474:updateComponents:812466:4500
666627474:propagateValuesOnChangeOnly:817179:7865
666627474:updateInputs:837843:362
666627474:updateComponents:838412:4721
666627474:propagateValuesOnChangeOnly:843325:7220
666627474:updateInputs:863741:389
666627474:updateComponents:864353:4601
666627474:propagateValuesOnChangeOnly:869162:7566
666627474:updateInputs:889663:534
666627474:updateComponents:890433:4584
666627474:propagateValuesOnChangeOnly:895216:6991
666627474:updateInputs:918798:393
666627474:updateComponents:919462:8406
666627474:propagateValuesOnChangeOnly:928128:7958
666627474:updateInputs:949339:422
666627474:updateComponents:950010:4617
666627474:propagateValuesOnChangeOnly:954834:8017
666627474:updateInputs:975679:410
666627474:updateComponents:976302:4532
666627474:propagateValuesOnChangeOnly:981026:7489
666627474:updateInputs:1001472:364
666627474:updateComponents:1002049:4654
666627474:propagateValuesOnChangeOnly:1006903:6801
666627474:updateInputs:1026635:402
666627474:updateComponents:1027269:4580
666627474:propagateValuesOnChangeOnly:1032052:6739
666627474:updateInputs:1090845:407
666627474:updateComponents:1091488:4576
666627474:propagateValuesOnChangeOnly:1096241:7283
666627474:updateInputs:1116242:374
666627474:updateComponents:1116847:4690
666627474:propagateValuesOnChangeOnly:1121716:7798
666627474:updateInputs:1142174:378
666627474:updateComponents:1142781:4452
666627474:propagateValuesOnChangeOnly:1147450:7300
666627474:updateInputs:1169502:396
666627474:updateComponents:1170144:4491
666627474:propagateValuesOnChangeOnly:1174835:7936
666627474:updateInputs:1195813:464
666627474:updateComponents:1196493:4565
666627474:propagateValuesOnChangeOnly:1201273:7637
666627474:updateInputs:1221632:369
666627474:updateComponents:1222214:4492
666627474:propagateValuesOnChangeOnly:1231514:7820
666627474:updateInputs:1252313:370
666627474:updateComponents:1252951:4668
666627474:propagateValuesOnChangeOnly:1257810:7833
666627474:updateInputs:1278432:348
666627474:updateComponents:1279015:4491
666627474:propagateValuesOnChangeOnly:1283706:7445
666627474:updateInputs:1303810:392
666627474:updateComponents:1304415:4639
666627474:propagateValuesOnChangeOnly:1309277:6774
666627474:updateInputs:1328847:358
666627474:updateComponents:1329464:4819
666627474:propagateValuesOnChangeOnly:1334525:6811
666627474:updateInputs:1353923:341
666627474:updateComponents:1354482:4454
666627474:propagateValuesOnChangeOnly:1359151:7323
666627474:updateInputs:1379063:352
666627474:updateComponents:1379644:4489
666627474:propagateValuesOnChangeOnly:1384408:7874
666627474:updateInputs:1405062:416
666627474:updateComponents:1405692:4634
666627474:propagateValuesOnChangeOnly:1410550:33347
666627474:updateInputs:1470526:372
666627474:updateComponents:1471144:4770
666627474:propagateValuesOnChangeOnly:1476105:8242
666627474:updateInputs:1522877:478
666627474:updateComponents:1523602:4885
666627474:propagateValuesOnChangeOnly:1528685:7718
666627474:updateInputs:1564499:388
666627474:updateComponents:1565110:25045
666627474:propagateValuesOnChangeOnly:1590403:7948
666627474:updateInputs:1625545:391
666627474:updateComponents:1626180:4611
666627474:propagateValuesOnChangeOnly:1630980:7716
666627474:updateInputs:1651409:362
666627474:updateComponents:1652012:4642
666627474:propagateValuesOnChangeOnly:1656856:7368
666627474:updateInputs:1676886:383
666627474:updateComponents:1677485:4568
666627474:propagateValuesOnChangeOnly:1682241:6730
666627474:updateInputs:1701612:370
666627474:updateComponents:1702241:4578
666627474:propagateValuesOnChangeOnly:1706998:8032
666627474:updateInputs:1757540:421
666627474:updateComponents:1758231:4992
666627474:propagateValuesOnChangeOnly:1763445:22071
666627474:updateInputs:1800374:404
666627474:updateComponents:1801026:33202
666627474:propagateValuesOnChangeOnly:1834470:8329
666627474:updateInputs:1870076:393
666627474:updateComponents:1870700:4942
666627474:propagateValuesOnChangeOnly:1875869:7138
666627474:updateInputs:1895637:362
666627474:updateComponents:1896237:4415
666627474:propagateValuesOnChangeOnly:1900839:7783
666627474:updateInputs:1925985:425
666627474:updateComponents:1926697:4538
666627474:propagateValuesOnChangeOnly:1931434:7560
666627474:updateInputs:1951690:349
666627474:updateComponents:1952279:4364
666627474:propagateValuesOnChangeOnly:1956842:7581
666627474:updateInputs:1980593:465
666627474:updateComponents:1981442:5803
666627474:propagateValuesOnChangeOnly:1987571:36213
666627474:updateInputs:2060549:483
666627474:updateComponents:2061307:4536
666627474:propagateValuesOnChangeOnly:2066056:8230
666627474:updateInputs:2087006:347
666627474:updateComponents:2087580:4448
666627474:propagateValuesOnChangeOnly:2092235:6945
666627474:updateInputs:2111838:367
666627474:updateComponents:2112415:4415
666627474:propagateValuesOnChangeOnly:2117031:6676
666627474:updateInputs:2136216:381
666627474:updateComponents:2136807:4332
666627474:propagateValuesOnChangeOnly:2141333:7188
666627474:updateInputs:2161012:352
666627474:updateComponents:2161564:4289
666627474:propagateValuesOnChangeOnly:2166092:7813
666627474:updateInputs:2186530:355
666627474:updateComponents:2187114:4346
666627474:propagateValuesOnChangeOnly:2191670:7121
666627474:updateInputs:2211420:311
666627474:updateComponents:2211984:4381
666627474:propagateValuesOnChangeOnly:2216545:7584
666627474:updateInputs:2238097:418
666627474:updateComponents:2238742:4284
666627474:propagateValuesOnChangeOnly:2243226:7033
666627474:updateInputs:2262893:428
666627474:updateComponents:2263532:4291
666627474:propagateValuesOnChangeOnly:2268012:7162
666627474:updateInputs:2287696:334
666627474:updateComponents:2288244:4398
666627474:propagateValuesOnChangeOnly:2292834:6970
666627474:updateInputs:2312319:332
666627474:updateComponents:2312869:4326
666627474:propagateValuesOnChangeOnly:2317420:6831
666627474:updateInputs:2336776:345
666627474:updateComponents:2337333:4312
666627474:propagateValuesOnChangeOnly:2341835:6694
666627474:updateInputs:2361248:400
666627474:updateComponents:2361862:4334
666627474:propagateValuesOnChangeOnly:2366382:6673
666627474:updateInputs:2385636:389
666627474:updateComponents:2386243:4448
666627474:propagateValuesOnChangeOnly:2390881:7290
666627474:updateInputs:2410790:344
666627474:updateComponents:2411353:4425
666627474:propagateValuesOnChangeOnly:2415956:7826
666627474:updateInputs:2436434:346
666627474:updateComponents:2437002:4217
666627474:propagateValuesOnChangeOnly:2441417:7103
666627474:updateInputs:2461000:339
666627474:updateComponents:2461576:4479
666627474:propagateValuesOnChangeOnly:2466253:7494
666627474:updateInputs:2486367:449
666627474:updateComponents:2487036:4421
666627474:propagateValuesOnChangeOnly:2491663:6867
666627474:updateInputs:2511178:351
666627474:updateComponents:2511755:4368
666627474:propagateValuesOnChangeOnly:2516303:7226
666627474:updateInputs:2538821:389
666627474:updateComponents:2539466:4598
666627474:propagateValuesOnChangeOnly:2544269:7178
666627474:updateInputs:2569165:311
666627474:updateComponents:2569725:4405
666627474:propagateValuesOnChangeOnly:2574320:6944
666627474:updateInputs:2593923:344
666627474:updateComponents:2594501:4392
666627474:propagateValuesOnChangeOnly:2599071:6903
666627474:updateInputs:2618660:397
666627474:updateComponents:2619269:4431
666627474:propagateValuesOnChangeOnly:2623905:6850
666627474:updateInputs:2643411:361
666627474:updateComponents:2643994:4311
666627474:propagateValuesOnChangeOnly:2648531:7260
666627474:updateInputs:2668445:348
666627474:updateComponents:2669020:4476
666627474:propagateValuesOnChangeOnly:2673687:7714
666627474:updateInputs:2693978:350
666627474:updateComponents:2694549:4306
666627474:propagateValuesOnChangeOnly:2699078:7129
666627474:updateInputs:2718738:385
666627474:updateComponents:2719344:4370
666627474:propagateValuesOnChangeOnly:2723902:7621
666627474:updateInputs:2744093:422
666627474:updateComponents:2744728:4543
666627474:propagateValuesOnChangeOnly:2749470:6898
666627474:updateInputs:2769048:337
666627474:updateComponents:2769630:4507
666627474:propagateValuesOnChangeOnly:2774329:7290
666627474:updateInputs:2794078:342
666627474:updateComponents:2794647:4297
666627474:propagateValuesOnChangeOnly:2799152:6913
666627474:updateInputs:2818706:367
666627474:updateComponents:2819291:4366
666627474:propagateValuesOnChangeOnly:2823847:6777
666627474:updateInputs:2843316:326
666627474:updateComponents:2843865:4445
666627474:propagateValuesOnChangeOnly:2848487:6689
666627474:Run loop:653769:2213914
666627474:main:176:3031829
