2195279624:updateInputs:256498:242
2195279624:updateComponents:268910:1529
2195279624:propagateValues:270742:3426
2195279624:Init circuit:186274:98140
2195279624:updateInputs:284571:257
2195279624:updateComponents:285203:1030
2195279624:propagateValuesOnChangeOnly:286322:1900
2195279624:updateInputs:288548:151
2195279624:updateComponents:288793:946
2195279624:propagateValuesOnChangeOnly:290072:1810
2195279624:updateInputs:292069:173
2195279624:updateComponents:292321:933
2195279624:propagateValuesOnChangeOnly:293328:1755
2195279624:updateInputs:295283:155
2195279624:updateComponents:295509:917
2195279624:propagateValuesOnChangeOnly:296509:1677
2195279624:updateInputs:298345:153
2195279624:updateComponents:300795:960
2195279624:propagateValuesOnChangeOnly:301830:1745
2195279624:updateInputs:310932:154
2195279624:updateComponents:311159:996
2195279624:propagateValuesOnChangeOnly:312238:1823
2195279624:updateInputs:314278:134
2195279624:updateComponents:314482:923
2195279624:propagateValuesOnChangeOnly:315487:2024
2195279624:updateInputs:317653:146
2195279624:updateComponents:317870:930
2195279624:propagateValuesOnChangeOnly:318874:1785
2195279624:updateInputs:320801:130
2195279624:updateComponents:321002:929
2195279624:propagateValuesOnChangeOnly:322003:1906
2195279624:updateInputs:324048:234
2195279624:updateComponents:324356:916
2195279624:propagateValuesOnChangeOnly:325791:1707
2195279624:updateInputs:334912:183
2195279624:updateComponents:335195:946
2195279624:propagateValuesOnChangeOnly:336222:17213
2195279624:updateInputs:353616:148
2195279624:updateComponents:353837:955
2195279624:propagateValuesOnChangeOnly:354866:2131
2195279624:updateInputs:357189:134
2195279624:updateComponents:357396:949
2195279624:propagateValuesOnChangeOnly:358419:1930
2195279624:updateInputs:360522:135
2195279624:updateComponents:360731:949
2195279624:propagateValuesOnChangeOnly:361757:1753
2195279624:updateInputs:363668:153
2195279624:updateComponents:363901:1015
2195279624:propagateValuesOnChangeOnly:365001:1726
2195279624:updateInputs:374097:146
2195279624:updateComponents:374317:970
2195279624:propagateValuesOnChangeOnly:375361:1845
2195279624:updateInputs:377395:135
2195279624:updateComponents:377603:962
2195279624:propagateValuesOnChangeOnly:380044:2051
2195279624:updateInputs:382270:135
2195279624:updateComponents:382477:955
2195279624:propagateValuesOnChangeOnly:383507:1932
2195279624:updateInputs:385603:136
2195279624:updateComponents:385811:953
2195279624:propagateValuesOnChangeOnly:386839:2132
2195279624:updateInputs:389130:188
2195279624:updateComponents:389392:958
2195279624:propagateValuesOnChangeOnly:390425:2118
2195279624:updateInputs:400067:147
2195279624:updateComponents:400883:994
2195279624:propagateValuesOnChangeOnly:401953:1910
2195279624:updateInputs:404029:152
2195279624:updateComponents:404255:955
2195279624:propagateValuesOnChangeOnly:405285:2077
2195279624:updateInputs:407521:136
2195279624:updateComponents:407729:947
2195279624:propagateValuesOnChangeOnly:408750:1923
2195279624:updateInputs:410831:165
2195279624:updateComponents:411069:952
2195279624:propagateValuesOnChangeOnly:413977:1959
2195279624:updateInputs:416107:160
2195279624:updateComponents:416340:967
2195279624:propagateValuesOnChangeOnly:417387:1733
2195279624:updateInputs:426597:171
2195279624:updateComponents:426841:1076
2195279624:propagateValuesOnChangeOnly:427991:1873
2195279624:updateInputs:430032:141
2195279624:updateComponents:430250:946
2195279624:propagateValuesOnChangeOnly:431270:2078
2195279624:updateInputs:433509:135
2195279624:updateComponents:433718:952
2195279624:propagateValuesOnChangeOnly:434745:1895
2195279624:updateInputs:436800:132
2195279624:updateComponents:437005:1062
2195279624:propagateValuesOnChangeOnly:438142:2388
2195279624:updateInputs:440690:222
2195279624:updateComponents:440985:951
2195279624:propagateValuesOnChangeOnly:442010:2001
2195279624:updateInputs:451643:150
2195279624:updateComponents:451866:976
2195279624:propagateValuesOnChangeOnly:452918:4016
2195279624:updateInputs:457162:138
2195279624:updateComponents:457373:1017
2195279624:propagateValuesOnChangeOnly:458464:2023
2195279624:updateInputs:460666:132
2195279624:updateComponents:460871:944
2195279624:propagateValuesOnChangeOnly:461891:1906
2195279624:updateInputs:463956:167
2195279624:updateComponents:464196:947
2195279624:propagateValuesOnChangeOnly:465218:1740
2195279624:updateInputs:467117:150
2195279624:updateComponents:467341:1039
2195279624:propagateValuesOnChangeOnly:468462:2274
2195279624:updateInputs:482430:292
2195279624:updateComponents:482838:2713
2195279624:propagateValuesOnChangeOnly:485641:2857
2195279624:updateInputs:488731:160
2195279624:updateComponents:488964:961
2195279624:propagateValuesOnChangeOnly:489998:1995
2195279624:updateInputs:492150:150
2195279624:updateComponents:492373:1011
2195279624:propagateValuesOnChangeOnly:493459:1886
2195279624:updateInputs:495509:166
2195279624:updateComponents:495747:941
2195279624:propagateValuesOnChangeOnly:496761:2279
2195279624:updateInputs:499209:229
2195279624:updateComponents:499512:973
2195279624:propagateValuesOnChangeOnly:500561:2014
2195279624:updateInputs:510100:641
2195279624:updateComponents:510847:999
2195279624:propagateValuesOnChangeOnly:511932:1991
2195279624:updateInputs:515456:155
2195279624:updateComponents:515685:1037
2195279624:propagateValuesOnChangeOnly:523700:2253
2195279624:updateInputs:526151:148
2195279624:updateComponents:526390:972
2195279624:propagateValuesOnChangeOnly:527446:2199
2195279624:updateInputs:529809:305
2195279624:updateComponents:530189:1199
2195279624:propagateValuesOnChangeOnly:531467:2283
2195279624:updateInputs:533933:160
2195279624:updateComponents:534166:946
2195279624:propagateValuesOnChangeOnly:535186:1846
2195279624:updateInputs:567371:569
2195279624:updateComponents:568257:2424
2195279624:propagateValuesOnChangeOnly:570782:2520
2195279624:updateInputs:585123:221
2195279624:updateComponents:585473:5762
2195279624:propagateValuesOnChangeOnly:591324:2341
2195279624:updateInputs:593981:175
2195279624:updateComponents:594230:962
2195279624:propagateValuesOnChangeOnly:595267:1937
2195279624:updateInputs:597375:132
2195279624:updateComponents:597582:948
2195279624:propagateValuesOnChangeOnly:598603:1992
2195279624:updateInputs:600754:193
2195279624:updateComponents:601020:950
2195279624:propagateValuesOnChangeOnly:602047:1879
2195279624:updateInputs:612050:179
2195279624:updateComponents:612302:980
2195279624:propagateValuesOnChangeOnly:613364:1917
2195279624:updateInputs:615457:136
2195279624:updateComponents:615666:954
2195279624:propagateValuesOnChangeOnly:616694:1851
2195279624:updateInputs:618698:173
2195279624:updateComponents:618944:943
2195279624:propagateValuesOnChangeOnly:619961:9484
2195279624:updateInputs:629788:222
2195279624:updateComponents:630127:1642
2195279624:propagateValuesOnChangeOnly:631868:2419
2195279624:updateInputs:634511:1442
2195279624:updateComponents:636217:1024
2195279624:propagateValuesOnChangeOnly:637316:1718
2195279624:updateInputs:651539:172
2195279624:updateComponents:651806:1056
2195279624:propagateValuesOnChangeOnly:652946:1848
2195279624:updateInputs:654968:132
2195279624:updateComponents:655173:945
2195279624:propagateValuesOnChangeOnly:656197:2034
2195279624:updateInputs:658375:129
2195279624:updateComponents:658578:967
2195279624:propagateValuesOnChangeOnly:659620:1846
2195279624:updateInputs:661622:133
2195279624:updateComponents:661828:956
2195279624:propagateValuesOnChangeOnly:662867:1978
2195279624:updateInputs:664998:179
2195279624:updateComponents:665250:947
2195279624:propagateValuesOnChangeOnly:666280:1823
2195279624:updateInputs:675345:161
2195279624:updateComponents:675580:996
2195279624:propagateValuesOnChangeOnly:676660:5157
2195279624:updateInputs:682005:143
2195279624:updateComponents:682220:1026
2195279624:propagateValuesOnChangeOnly:683320:2051
2195279624:updateInputs:685546:134
2195279624:updateComponents:685753:978
2195279624:propagateValuesOnChangeOnly:686815:2472
2195279624:updateInputs:689502:208
2195279624:updateComponents:689810:1499
2195279624:propagateValuesOnChangeOnly:691402:2583
2195279624:updateInputs:694207:211
2195279624:updateComponents:694521:1641
2195279624:propagateValuesOnChangeOnly:696280:2438
2195279624:updateInputs:710059:195
2195279624:updateComponents:710349:1523
2195279624:propagateValuesOnChangeOnly:711948:6575
2195279624:updateInputs:718944:163
2195279624:updateComponents:723439:1639
2195279624:propagateValuesOnChangeOnly:725212:3027
2195279624:updateInputs:728472:215
2195279624:updateComponents:728773:1396
2195279624:propagateValuesOnChangeOnly:730273:2525
2195279624:updateInputs:733013:378
2195279624:updateComponents:733464:985
2195279624:propagateValuesOnChangeOnly:734523:1948
2195279624:updateInputs:736638:164
2195279624:updateComponents:736877:974
2195279624:propagateValuesOnChangeOnly:737925:1800
2195279624:updateInputs:753746:193
2195279624:updateComponents:754023:1078
2195279624:propagateValuesOnChangeOnly:755186:2897
2195279624:updateInputs:758298:134
2195279624:updateComponents:758518:972
2195279624:propagateValuesOnChangeOnly:759566:1833
2195279624:updateInputs:761552:136
2195279624:updateComponents:761761:970
2195279624:propagateValuesOnChangeOnly:762805:1769
2195279624:updateInputs:764722:132
2195279624:updateComponents:764929:946
2195279624:propagateValuesOnChangeOnly:765949:1710
2195279624:Run loop:284523:483290
2195279624:main:143:870976
