1272702424:updateInputs:102801:165
1272702424:updateComponents:114694:450
1272702424:propagateValues:115499:581
1272702424:Init circuit:82936:38174
1272702424:updateInputs:121292:189
1272702424:updateComponents:121814:294
1272702424:propagateValuesOnChangeOnly:122199:381
1272702424:updateInputs:126050:117
1272702424:updateComponents:126270:198
1272702424:propagateValuesOnChangeOnly:128550:334
1272702424:updateInputs:132319:141
1272702424:updateComponents:132538:172
1272702424:propagateValuesOnChangeOnly:132786:262
1272702424:updateInputs:136270:124
1272702424:updateComponents:136468:157
1272702424:propagateValuesOnChangeOnly:136698:322
1272702424:updateInputs:140213:88
1272702424:updateComponents:142219:162
1272702424:propagateValuesOnChangeOnly:142466:383
1272702424:updateInputs:146131:117
1272702424:updateComponents:146321:152
1272702424:propagateValuesOnChangeOnly:146548:300
1272702424:updateInputs:150102:92
1272702424:updateComponents:150268:159
1272702424:propagateValuesOnChangeOnly:150502:330
1272702424:updateInputs:154048:73
1272702424:updateComponents:154194:151
1272702424:propagateValuesOnChangeOnly:154420:303
1272702424:updateInputs:157888:91
1272702424:updateComponents:158067:152
1272702424:propagateValuesOnChangeOnly:158296:268
1272702424:updateInputs:161716:91
1272702424:updateComponents:161880:159
1272702424:propagateValuesOnChangeOnly:164080:301
1272702424:updateInputs:167824:73
1272702424:updateComponents:167970:165
1272702424:propagateValuesOnChangeOnly:168210:303
1272702424:updateInputs:171838:133
1272702424:updateComponents:172044:160
1272702424:propagateValuesOnChangeOnly:172279:288
1272702424:updateInputs:175790:122
1272702424:updateComponents:175986:156
1272702424:propagateValuesOnChangeOnly:176216:356
1272702424:updateInputs:179819:76
1272702424:updateComponents:179967:170
1272702424:propagateValuesOnChangeOnly:180210:314
1272702424:updateInputs:183811:90
1272702424:updateComponents:183977:159
1272702424:propagateValuesOnChangeOnly:184210:317
1272702424:updateInputs:187755:107
1272702424:updateComponents:187937:163
1272702424:propagateValuesOnChangeOnly:188191:320
1272702424:updateInputs:191700:93
1272702424:updateComponents:191870:153
1272702424:propagateValuesOnChangeOnly:192098:348
1272702424:updateInputs:195676:104
1272702424:updateComponents:195852:156
1272702424:propagateValuesOnChangeOnly:196083:348
1272702424:updateInputs:199621:73
1272702424:updateComponents:199768:159
1272702424:propagateValuesOnChangeOnly:200002:356
1272702424:updateInputs:203556:74
1272702424:updateComponents:203704:160
1272702424:propagateValuesOnChangeOnly:203945:350
1272702424:updateInputs:207555:91
1272702424:updateComponents:210343:171
1272702424:propagateValuesOnChangeOnly:210593:289
1272702424:updateInputs:214264:83
1272702424:updateComponents:214420:155
1272702424:propagateValuesOnChangeOnly:214651:320
1272702424:updateInputs:218194:72
1272702424:updateComponents:218340:156
1272702424:propagateValuesOnChangeOnly:218571:309
1272702424:updateInputs:222093:112
1272702424:updateComponents:222278:158
1272702424:propagateValuesOnChangeOnly:222518:290
1272702424:updateInputs:226070:73
1272702424:updateComponents:226219:158
1272702424:propagateValuesOnChangeOnly:226453:340
1272702424:updateInputs:230054:94
1272702424:updateComponents:230223:159
1272702424:propagateValuesOnChangeOnly:230457:321
1272702424:updateInputs:234001:92
1272702424:updateComponents:234166:158
1272702424:propagateValuesOnChangeOnly:234401:269
1272702424:updateInputs:237872:85
1272702424:updateComponents:238030:160
1272702424:propagateValuesOnChangeOnly:238272:302
1272702424:updateInputs:241780:101
1272702424:updateComponents:242055:152
1272702424:propagateValuesOnChangeOnly:242288:383
1272702424:updateInputs:245862:107
1272702424:updateComponents:246043:160
1272702424:propagateValuesOnChangeOnly:246277:342
1272702424:updateInputs:249858:108
1272702424:updateComponents:250041:158
1272702424:propagateValuesOnChangeOnly:250274:440
1272702424:updateInputs:254043:81
1272702424:updateComponents:254198:152
1272702424:propagateValuesOnChangeOnly:254425:393
1272702424:updateInputs:258018:101
1272702424:updateComponents:258194:154
1272702424:propagateValuesOnChangeOnly:258424:270
1272702424:updateInputs:261884:73
1272702424:updateComponents:262030:155
1272702424:propagateValuesOnChangeOnly:262260:287
1272702424:updateInputs:265731:73
1272702424:updateComponents:265875:163
1272702424:propagateValuesOnChangeOnly:266113:260
1272702424:updateInputs:269560:100
1272702424:updateComponents:269733:160
1272702424:propagateValuesOnChangeOnly:269973:253
1272702424:updateInputs:273431:133
1272702424:updateComponents:273638:153
1272702424:propagateValuesOnChangeOnly:273865:286
1272702424:updateInputs:277352:71
1272702424:updateComponents:277498:157
1272702424:propagateValuesOnChangeOnly:277731:309
1272702424:updateInputs:283005:96
1272702424:updateComponents:283176:169
1272702424:propagateValuesOnChangeOnly:283419:355
1272702424:updateInputs:287074:126
1272702424:updateComponents:287273:154
1272702424:propagateValuesOnChangeOnly:287502:288
1272702424:updateInputs:291051:108
1272702424:updateComponents:291235:159
1272702424:propagateValuesOnChangeOnly:291468:323
1272702424:updateInputs:295046:114
1272702424:updateComponents:295235:159
1272702424:propagateValuesOnChangeOnly:297869:368
1272702424:updateInputs:301588:106
1272702424:updateComponents:301768:164
1272702424:propagateValuesOnChangeOnly:302007:414
1272702424:updateInputs:305662:88
1272702424:updateComponents:305829:154
1272702424:propagateValuesOnChangeOnly:306057:275
1272702424:updateInputs:309544:92
1272702424:updateComponents:309710:157
1272702424:propagateValuesOnChangeOnly:309944:325
1272702424:updateInputs:313458:85
1272702424:updateComponents:313616:158
1272702424:propagateValuesOnChangeOnly:313848:266
1272702424:updateInputs:317333:111
1272702424:updateComponents:317518:155
1272702424:propagateValuesOnChangeOnly:317749:292
1272702424:updateInputs:321212:91
1272702424:updateComponents:321377:159
1272702424:propagateValuesOnChangeOnly:321619:251
1272702424:updateInputs:325048:82
1272702424:updateComponents:325203:155
1272702424:propagateValuesOnChangeOnly:325433:290
1272702424:updateInputs:328902:89
1272702424:updateComponents:329064:154
1272702424:propagateValuesOnChangeOnly:329294:259
1272702424:updateInputs:332703:89
1272702424:updateComponents:332866:154
1272702424:propagateValuesOnChangeOnly:333094:229
1272702424:updateInputs:336487:74
1272702424:updateComponents:336634:157
1272702424:propagateValuesOnChangeOnly:336870:243
1272702424:updateInputs:340298:73
1272702424:updateComponents:341828:166
1272702424:propagateValuesOnChangeOnly:342073:284
1272702424:updateInputs:345578:95
1272702424:updateComponents:345747:154
1272702424:propagateValuesOnChangeOnly:345975:243
1272702424:Run loop:121244:228161
1272702424:main:136:361485
