3963326320:updateInputs:91575:164
3963326320:updateComponents:104623:530
3963326320:Init circuit:76039:41743
3963326320:updateInputs:118830:267
3963326320:updateComponents:119334:374
3963326320:propagateValuesOnChangeOnly:120569:514
3963326320:updateInputs:121450:127
3963326320:updateComponents:121784:279
3963326320:propagateValuesOnChangeOnly:122252:520
3963326320:updateInputs:123814:147
3963326320:updateComponents:124147:239
3963326320:propagateValuesOnChangeOnly:124564:393
3963326320:updateInputs:128166:127
3963326320:updateComponents:128513:252
3963326320:propagateValuesOnChangeOnly:128968:415
3963326320:updateInputs:129656:114
3963326320:updateComponents:129958:253
3963326320:propagateValuesOnChangeOnly:131737:427
3963326320:updateInputs:132418:160
3963326320:updateComponents:132768:245
3963326320:propagateValuesOnChangeOnly:133193:404
3963326320:updateInputs:136029:125
3963326320:updateComponents:136358:251
3963326320:propagateValuesOnChangeOnly:136795:401
3963326320:updateInputs:137492:124
3963326320:updateComponents:137803:241
3963326320:propagateValuesOnChangeOnly:138222:435
3963326320:updateInputs:138948:107
3963326320:updateComponents:139231:264
3963326320:propagateValuesOnChangeOnly:139673:513
3963326320:updateInputs:142533:125
3963326320:updateComponents:142862:238
3963326320:propagateValuesOnChangeOnly:143297:470
3963326320:updateInputs:147412:133
3963326320:updateComponents:147735:269
3963326320:propagateValuesOnChangeOnly:148194:500
3963326320:updateInputs:148956:174
3963326320:updateComponents:149313:264
3963326320:propagateValuesOnChangeOnly:149763:427
3963326320:updateInputs:153173:146
3963326320:updateComponents:153540:246
3963326320:propagateValuesOnChangeOnly:153975:454
3963326320:updateInputs:154696:140
3963326320:updateComponents:155024:265
3963326320:propagateValuesOnChangeOnly:155482:410
3963326320:updateInputs:156155:106
3963326320:updateComponents:156454:241
3963326320:propagateValuesOnChangeOnly:156875:436
3963326320:updateInputs:159737:118
3963326320:updateComponents:160067:285
3963326320:propagateValuesOnChangeOnly:160543:453
3963326320:updateInputs:161257:125
3963326320:updateComponents:161565:278
3963326320:propagateValuesOnChangeOnly:162024:461
3963326320:updateInputs:162745:156
3963326320:updateComponents:163084:288
3963326320:propagateValuesOnChangeOnly:163558:406
3963326320:updateInputs:166296:129
3963326320:updateComponents:166639:261
3963326320:propagateValuesOnChangeOnly:167101:461
3963326320:updateInputs:167821:143
3963326320:updateComponents:168153:261
3963326320:propagateValuesOnChangeOnly:168616:422
3963326320:updateInputs:169291:120
3963326320:updateComponents:169588:246
3963326320:propagateValuesOnChangeOnly:175354:509
3963326320:updateInputs:178579:175
3963326320:updateComponents:178986:265
3963326320:propagateValuesOnChangeOnly:179433:435
3963326320:updateInputs:180130:123
3963326320:updateComponents:180441:235
3963326320:propagateValuesOnChangeOnly:180873:448
3963326320:updateInputs:181575:150
3963326320:updateComponents:181902:221
3963326320:propagateValuesOnChangeOnly:182326:421
3963326320:updateInputs:185120:125
3963326320:updateComponents:185455:235
3963326320:propagateValuesOnChangeOnly:185872:400
3963326320:updateInputs:186534:139
3963326320:updateComponents:186851:240
3963326320:propagateValuesOnChangeOnly:187273:425
3963326320:Run loop:118775:69202
3963326320:main:168:196382
