2551635010:updateInputs:262425:243
2551635010:updateComponents:275427:1308
2551635010:Init circuit:196710:93240
2551635010:updateInputs:290774:210
2551635010:updateComponents:291215:1169
2551635010:propagateValuesOnChangeOnly:293198:2272
2551635010:updateInputs:304739:187
2551635010:updateComponents:305120:979
2551635010:propagateValuesOnChangeOnly:306301:2054
2551635010:updateInputs:317726:183
2551635010:updateComponents:318132:971
2551635010:propagateValuesOnChangeOnly:319271:1965
2551635010:updateInputs:329699:159
2551635010:updateComponents:330054:888
2551635010:propagateValuesOnChangeOnly:331131:2283
2551635010:updateInputs:342206:140
2551635010:updateComponents:342575:951
2551635010:propagateValuesOnChangeOnly:345043:2017
2551635010:updateInputs:355519:204
2551635010:updateComponents:355924:931
2551635010:propagateValuesOnChangeOnly:357032:2027
2551635010:updateInputs:367412:143
2551635010:updateComponents:368917:913
2551635010:propagateValuesOnChangeOnly:370050:2647
2551635010:updateInputs:381183:222
2551635010:updateComponents:381635:991
2551635010:propagateValuesOnChangeOnly:382801:2023
2551635010:updateInputs:393042:172
2551635010:updateComponents:393456:1048
2551635010:propagateValuesOnChangeOnly:394687:1984
2551635010:updateInputs:404922:158
2551635010:updateComponents:405318:897
2551635010:propagateValuesOnChangeOnly:406417:2214
2551635010:updateInputs:419010:162
2551635010:updateComponents:419413:968
2551635010:propagateValuesOnChangeOnly:420564:2105
2551635010:updateInputs:431504:227
2551635010:updateComponents:431963:1073
2551635010:propagateValuesOnChangeOnly:433205:2001
2551635010:updateInputs:443467:170
2551635010:updateComponents:443884:913
2551635010:propagateValuesOnChangeOnly:444978:2862
2551635010:updateInputs:456327:180
2551635010:updateComponents:456746:998
2551635010:propagateValuesOnChangeOnly:457927:2015
2551635010:updateInputs:468219:189
2551635010:updateComponents:468625:944
2551635010:propagateValuesOnChangeOnly:469764:1975
2551635010:updateInputs:480009:182
2551635010:updateComponents:480395:978
2551635010:propagateValuesOnChangeOnly:481582:2275
2551635010:updateInputs:492186:161
2551635010:updateComponents:492580:909
2551635010:propagateValuesOnChangeOnly:493678:2036
2551635010:updateInputs:504108:200
2551635010:updateComponents:504556:985
2551635010:propagateValuesOnChangeOnly:505717:1936
2551635010:updateInputs:515879:163
2551635010:updateComponents:516268:1107
2551635010:propagateValuesOnChangeOnly:517573:2610
2551635010:updateInputs:528412:176
2551635010:updateComponents:528828:937
2551635010:propagateValuesOnChangeOnly:529973:2020
2551635010:updateInputs:540377:198
2551635010:updateComponents:540787:1017
2551635010:propagateValuesOnChangeOnly:546398:2086
2551635010:updateInputs:557040:172
2551635010:updateComponents:557425:864
2551635010:propagateValuesOnChangeOnly:558482:2291
2551635010:updateInputs:569130:170
2551635010:updateComponents:569525:894
2551635010:propagateValuesOnChangeOnly:570599:2012
2551635010:updateInputs:581065:258
2551635010:updateComponents:581554:852
2551635010:propagateValuesOnChangeOnly:582583:1953
2551635010:updateInputs:592933:157
2551635010:updateComponents:593300:893
2551635010:propagateValuesOnChangeOnly:594406:3037
2551635010:updateInputs:606057:171
2551635010:updateComponents:606456:927
2551635010:propagateValuesOnChangeOnly:607561:2029
2551635010:updateInputs:617898:197
2551635010:updateComponents:618332:849
2551635010:propagateValuesOnChangeOnly:619373:1976
2551635010:updateInputs:629585:184
2551635010:updateComponents:629995:834
2551635010:propagateValuesOnChangeOnly:631025:2257
2551635010:updateInputs:641534:160
2551635010:updateComponents:641976:1014
2551635010:propagateValuesOnChangeOnly:643204:2046
2551635010:updateInputs:653563:194
2551635010:updateComponents:654013:868
2551635010:propagateValuesOnChangeOnly:655060:1988
2551635010:updateInputs:665267:157
2551635010:updateComponents:665635:1076
2551635010:propagateValuesOnChangeOnly:666896:2541
2551635010:updateInputs:677575:182
2551635010:updateComponents:679305:1046
2551635010:propagateValuesOnChangeOnly:680578:2135
2551635010:updateInputs:691178:203
2551635010:updateComponents:691622:828
2551635010:propagateValuesOnChangeOnly:692639:2014
2551635010:updateInputs:702895:192
2551635010:updateComponents:703303:972
2551635010:propagateValuesOnChangeOnly:704487:2315
2551635010:updateInputs:714933:162
2551635010:updateComponents:715312:946
2551635010:propagateValuesOnChangeOnly:716438:1983
2551635010:updateInputs:726511:221
2551635010:updateComponents:726989:1068
2551635010:propagateValuesOnChangeOnly:728241:1983
2551635010:updateInputs:738416:186
2551635010:updateComponents:738808:881
2551635010:propagateValuesOnChangeOnly:739898:2933
2551635010:updateInputs:750967:190
2551635010:updateComponents:751387:936
2551635010:propagateValuesOnChangeOnly:752504:2023
2551635010:updateInputs:762694:194
2551635010:updateComponents:763097:878
2551635010:propagateValuesOnChangeOnly:764143:1967
2551635010:updateInputs:774237:166
2551635010:updateComponents:774638:1013
2551635010:propagateValuesOnChangeOnly:775830:2230
2551635010:updateInputs:786282:153
2551635010:updateComponents:786667:1020
2551635010:propagateValuesOnChangeOnly:787870:2039
2551635010:updateInputs:797989:203
2551635010:updateComponents:798427:879
2551635010:propagateValuesOnChangeOnly:799486:1975
2551635010:updateInputs:817263:189
2551635010:updateComponents:817726:1011
2551635010:propagateValuesOnChangeOnly:818909:2647
2551635010:updateInputs:829647:184
2551635010:updateComponents:830029:847
2551635010:propagateValuesOnChangeOnly:831091:1987
2551635010:updateInputs:841396:184
2551635010:updateComponents:841790:848
2551635010:propagateValuesOnChangeOnly:842853:1964
2551635010:updateInputs:852989:164
2551635010:updateComponents:854503:961
2551635010:propagateValuesOnChangeOnly:855685:2324
2551635010:updateInputs:866375:196
2551635010:updateComponents:866816:1069
2551635010:propagateValuesOnChangeOnly:868097:2038
2551635010:updateInputs:878314:214
2551635010:updateComponents:878751:936
2551635010:propagateValuesOnChangeOnly:879853:2000
2551635010:updateInputs:890043:170
2551635010:updateComponents:890416:889
2551635010:propagateValuesOnChangeOnly:891525:3107
2551635010:Run loop:290732:612134
2551635010:main:172:937063
