1014743778:Init circuit:65249:20522
1014743778:updateInputs:98054:167
1014743778:updateComponents:99196:164
1014743778:propagateValuesOnChangeOnly:100204:190
1014743778:updateInputs:102902:96
1014743778:updateComponents:103943:98
1014743778:propagateValuesOnChangeOnly:104281:113
1014743778:updateInputs:106298:112
1014743778:updateComponents:106648:102
1014743778:propagateValuesOnChangeOnly:107937:110
1014743778:updateInputs:109967:100
1014743778:updateComponents:110293:95
1014743778:propagateValuesOnChangeOnly:110581:92
1014743778:updateInputs:112516:84
1014743778:updateComponents:112808:106
1014743778:propagateValuesOnChangeOnly:113103:90
1014743778:updateInputs:115043:97
1014743778:updateComponents:118178:97
1014743778:propagateValuesOnChangeOnly:118495:106
1014743778:updateInputs:120613:87
1014743778:updateComponents:120921:95
1014743778:propagateValuesOnChangeOnly:121202:93
1014743778:updateInputs:123086:85
1014743778:updateComponents:123382:105
1014743778:propagateValuesOnChangeOnly:123684:91
1014743778:updateInputs:125557:97
1014743778:updateComponents:125862:94
1014743778:propagateValuesOnChangeOnly:126146:91
1014743778:updateInputs:128013:85
1014743778:updateComponents:128310:93
1014743778:propagateValuesOnChangeOnly:128591:90
1014743778:updateInputs:130630:83
1014743778:updateComponents:130925:94
1014743778:propagateValuesOnChangeOnly:134561:95
1014743778:updateInputs:136607:98
1014743778:updateComponents:136916:107
1014743778:propagateValuesOnChangeOnly:137225:93
1014743778:updateInputs:139136:95
1014743778:updateComponents:139440:96
1014743778:propagateValuesOnChangeOnly:139723:92
1014743778:Run loop:98010:43609
1014743778:main:1302:142598
