680712331:updateInputs:437306:324
680712331:updateComponents:449971:3161
680712331:Init circuit:303175:172719
680712331:updateInputs:476910:322
680712331:updateComponents:477453:2816
680712331:propagateValuesOnChangeOnly:481190:5829
680712331:updateInputs:487414:246
680712331:updateComponents:487851:2693
680712331:propagateValuesOnChangeOnly:490712:5493
680712331:updateInputs:497393:228
680712331:updateComponents:497798:2636
680712331:propagateValuesOnChangeOnly:500601:5414
680712331:updateInputs:506287:230
680712331:updateComponents:506683:2539
680712331:propagateValuesOnChangeOnly:509418:5441
680712331:updateInputs:515119:262
680712331:updateComponents:515548:2680
680712331:propagateValuesOnChangeOnly:519804:5492
680712331:updateInputs:525560:237
680712331:updateComponents:525983:2674
680712331:propagateValuesOnChangeOnly:528832:5459
680712331:updateInputs:544350:227
680712331:updateComponents:544810:2731
680712331:propagateValuesOnChangeOnly:547716:5829
680712331:updateInputs:553870:207
680712331:updateComponents:554283:2616
680712331:propagateValuesOnChangeOnly:557076:5648
680712331:updateInputs:562971:217
680712331:updateComponents:563369:2622
680712331:propagateValuesOnChangeOnly:566155:5568
680712331:updateInputs:571980:227
680712331:updateComponents:572377:2587
680712331:propagateValuesOnChangeOnly:575132:5427
680712331:updateInputs:584260:249
680712331:updateComponents:584705:2827
680712331:propagateValuesOnChangeOnly:587723:5647
680712331:updateInputs:593657:272
680712331:updateComponents:594118:2615
680712331:propagateValuesOnChangeOnly:596904:5443
680712331:updateInputs:613003:273
680712331:updateComponents:613519:2804
680712331:propagateValuesOnChangeOnly:616492:6163
680712331:updateInputs:622963:219
680712331:updateComponents:623351:2568
680712331:propagateValuesOnChangeOnly:626089:5821
680712331:updateInputs:632159:258
680712331:updateComponents:632594:2598
680712331:propagateValuesOnChangeOnly:635360:5724
680712331:updateInputs:641335:235
680712331:updateComponents:641738:2662
680712331:propagateValuesOnChangeOnly:644567:5640
680712331:updateInputs:650475:210
680712331:updateComponents:650864:2633
680712331:propagateValuesOnChangeOnly:653673:5552
680712331:updateInputs:659477:239
680712331:updateComponents:659882:2585
680712331:propagateValuesOnChangeOnly:662655:5505
680712331:updateInputs:678075:241
680712331:updateComponents:678560:2728
680712331:propagateValuesOnChangeOnly:681482:5823
680712331:updateInputs:687610:221
680712331:updateComponents:688003:2607
680712331:propagateValuesOnChangeOnly:690787:5636
680712331:updateInputs:696705:223
680712331:updateComponents:697107:2617
680712331:propagateValuesOnChangeOnly:704459:5761
680712331:updateInputs:710526:248
680712331:updateComponents:710946:2612
680712331:propagateValuesOnChangeOnly:713737:5644
680712331:updateInputs:719652:215
680712331:updateComponents:720032:2684
680712331:propagateValuesOnChangeOnly:722884:5764
680712331:updateInputs:728888:280
680712331:updateComponents:729339:2560
680712331:propagateValuesOnChangeOnly:732087:5447
680712331:updateInputs:747430:264
680712331:updateComponents:747923:2607
680712331:propagateValuesOnChangeOnly:750748:6125
680712331:updateInputs:757162:225
680712331:updateComponents:757587:2482
680712331:propagateValuesOnChangeOnly:760257:5775
680712331:updateInputs:766292:205
680712331:updateComponents:766664:2619
680712331:propagateValuesOnChangeOnly:769448:5590
680712331:updateInputs:775295:203
680712331:updateComponents:775698:2500
680712331:propagateValuesOnChangeOnly:778382:5527
680712331:updateInputs:784151:202
680712331:updateComponents:784555:2616
680712331:propagateValuesOnChangeOnly:787337:5429
680712331:updateInputs:793041:233
680712331:updateComponents:793452:2573
680712331:propagateValuesOnChangeOnly:796190:5433
680712331:updateInputs:811839:223
680712331:updateComponents:812275:2642
680712331:propagateValuesOnChangeOnly:815082:5743
680712331:updateInputs:821114:255
680712331:updateComponents:821535:2486
680712331:propagateValuesOnChangeOnly:824187:5568
680712331:updateInputs:830026:215
680712331:updateComponents:830421:2504
680712331:propagateValuesOnChangeOnly:833108:5570
680712331:updateInputs:838962:217
680712331:updateComponents:839346:2504
680712331:propagateValuesOnChangeOnly:842040:5428
680712331:updateInputs:847734:234
680712331:updateComponents:848136:2517
680712331:propagateValuesOnChangeOnly:850835:5464
680712331:updateInputs:856560:266
680712331:updateComponents:856993:2477
680712331:propagateValuesOnChangeOnly:859655:5411
680712331:updateInputs:874810:315
680712331:updateComponents:875338:2802
680712331:propagateValuesOnChangeOnly:878326:5754
680712331:updateInputs:884364:229
680712331:updateComponents:884771:2496
680712331:propagateValuesOnChangeOnly:887447:5603
680712331:updateInputs:893303:216
680712331:updateComponents:894816:2547
680712331:propagateValuesOnChangeOnly:897575:5658
680712331:updateInputs:903517:220
680712331:updateComponents:903905:2542
680712331:propagateValuesOnChangeOnly:906614:5443
680712331:updateInputs:912329:214
680712331:updateComponents:912709:2535
680712331:propagateValuesOnChangeOnly:915421:5452
680712331:updateInputs:921136:265
680712331:updateComponents:921576:2468
680712331:propagateValuesOnChangeOnly:924218:5471
680712331:updateInputs:948586:310
680712331:updateComponents:949131:2744
680712331:propagateValuesOnChangeOnly:952063:5813
680712331:updateInputs:958235:227
680712331:updateComponents:958653:2533
680712331:propagateValuesOnChangeOnly:961358:5687
680712331:updateInputs:967330:214
680712331:updateComponents:967736:2611
680712331:propagateValuesOnChangeOnly:970532:5565
680712331:updateInputs:976355:219
680712331:updateComponents:976754:2460
680712331:propagateValuesOnChangeOnly:979387:5459
680712331:updateInputs:985094:227
680712331:updateComponents:985499:2539
680712331:propagateValuesOnChangeOnly:988212:5429
680712331:updateInputs:993895:277
680712331:updateComponents:994337:2618
680712331:propagateValuesOnChangeOnly:997148:5477
680712331:updateInputs:1012439:238
680712331:updateComponents:1012905:2934
680712331:propagateValuesOnChangeOnly:1016014:5815
680712331:updateInputs:1022119:245
680712331:updateComponents:1022532:2580
680712331:propagateValuesOnChangeOnly:1025320:5696
680712331:updateInputs:1031278:223
680712331:updateComponents:1031673:2613
680712331:propagateValuesOnChangeOnly:1034459:5530
680712331:updateInputs:1040253:239
680712331:updateComponents:1040659:2552
680712331:propagateValuesOnChangeOnly:1043385:5495
680712331:updateInputs:1049125:236
680712331:updateComponents:1049530:2707
680712331:propagateValuesOnChangeOnly:1053474:5606
680712331:updateInputs:1059378:240
680712331:updateComponents:1059786:2642
680712331:propagateValuesOnChangeOnly:1062623:5499
680712331:updateInputs:1077821:248
680712331:updateComponents:1078280:2616
680712331:propagateValuesOnChangeOnly:1081086:5831
680712331:updateInputs:1087172:227
680712331:updateComponents:1087588:2608
680712331:propagateValuesOnChangeOnly:1090378:5626
680712331:updateInputs:1096262:214
680712331:updateComponents:1096653:2605
680712331:propagateValuesOnChangeOnly:1099431:5548
680712331:updateInputs:1105233:225
680712331:updateComponents:1105636:2543
680712331:propagateValuesOnChangeOnly:1108353:5529
680712331:updateInputs:1114119:224
680712331:updateComponents:1114533:2621
680712331:propagateValuesOnChangeOnly:1117326:5645
680712331:updateInputs:1123213:244
680712331:updateComponents:1123624:2547
680712331:propagateValuesOnChangeOnly:1126343:5564
680712331:updateInputs:1142034:265
680712331:updateComponents:1142525:3021
680712331:propagateValuesOnChangeOnly:1145748:5883
680712331:updateInputs:1151931:231
680712331:updateComponents:1152351:2641
680712331:propagateValuesOnChangeOnly:1155173:5676
680712331:updateInputs:1161127:205
680712331:updateComponents:1161500:2588
680712331:propagateValuesOnChangeOnly:1164263:5588
680712331:updateInputs:1170128:208
680712331:updateComponents:1170500:2566
680712331:propagateValuesOnChangeOnly:1173245:5533
680712331:updateInputs:1179026:212
680712331:updateComponents:1179437:2574
680712331:propagateValuesOnChangeOnly:1182184:5510
680712331:updateInputs:1187948:230
680712331:updateComponents:1188349:2613
680712331:propagateValuesOnChangeOnly:1191144:5490
680712331:updateInputs:1206473:227
680712331:updateComponents:1206918:2684
680712331:propagateValuesOnChangeOnly:1209799:5804
680712331:updateInputs:1215893:217
680712331:updateComponents:1216300:2590
680712331:propagateValuesOnChangeOnly:1219065:5632
680712331:updateInputs:1224949:202
680712331:updateComponents:1225319:2664
680712331:propagateValuesOnChangeOnly:1228158:5686
680712331:updateInputs:1234101:226
680712331:updateComponents:1234493:2543
680712331:propagateValuesOnChangeOnly:1237210:5668
680712331:updateInputs:1243144:211
680712331:updateComponents:1243521:2475
680712331:propagateValuesOnChangeOnly:1246166:5857
680712331:updateInputs:1252285:218
680712331:updateComponents:1252669:2543
680712331:propagateValuesOnChangeOnly:1255384:5492
680712331:updateInputs:1270530:226
680712331:updateComponents:1270987:2509
680712331:propagateValuesOnChangeOnly:1273669:5793
680712331:updateInputs:1279766:223
680712331:updateComponents:1280156:2564
680712331:propagateValuesOnChangeOnly:1282914:5622
680712331:updateInputs:1288800:218
680712331:updateComponents:1289185:2597
680712331:propagateValuesOnChangeOnly:1291957:5630
680712331:updateInputs:1297839:211
680712331:updateComponents:1298231:2639
680712331:propagateValuesOnChangeOnly:1301039:5485
680712331:updateInputs:1306819:200
680712331:updateComponents:1307198:2589
680712331:propagateValuesOnChangeOnly:1309959:5453
680712331:updateInputs:1315664:241
680712331:updateComponents:1316082:2589
680712331:propagateValuesOnChangeOnly:1318842:5476
680712331:updateInputs:1334113:238
680712331:updateComponents:1334560:2726
680712331:propagateValuesOnChangeOnly:1337471:5767
680712331:updateInputs:1343548:203
680712331:updateComponents:1343925:2567
680712331:propagateValuesOnChangeOnly:1346664:5655
680712331:updateInputs:1352570:216
680712331:updateComponents:1352953:2560
680712331:propagateValuesOnChangeOnly:1355687:5551
680712331:updateInputs:1362565:249
680712331:updateComponents:1363003:2624
680712331:propagateValuesOnChangeOnly:1365799:5548
680712331:updateInputs:1371644:208
680712331:updateComponents:1372044:2666
680712331:propagateValuesOnChangeOnly:1374883:5603
680712331:updateInputs:1380739:221
680712331:updateComponents:1381152:2540
680712331:propagateValuesOnChangeOnly:1383877:5554
680712331:updateInputs:1399274:236
680712331:updateComponents:1399743:2697
680712331:propagateValuesOnChangeOnly:1417551:6180
680712331:updateInputs:1424071:268
680712331:updateComponents:1424521:2992
680712331:propagateValuesOnChangeOnly:1427694:5830
680712331:updateInputs:1433808:203
680712331:updateComponents:1434181:2558
680712331:propagateValuesOnChangeOnly:1436924:5727
680712331:updateInputs:1442893:208
680712331:updateComponents:1443269:2636
680712331:propagateValuesOnChangeOnly:1446076:5631
680712331:updateInputs:1451966:203
680712331:updateComponents:1452346:2577
680712331:propagateValuesOnChangeOnly:1455094:5586
680712331:updateInputs:1460946:226
680712331:updateComponents:1461341:2637
680712331:propagateValuesOnChangeOnly:1464149:5541
680712331:updateInputs:1479554:222
680712331:updateComponents:1480011:2806
680712331:propagateValuesOnChangeOnly:1482998:5849
680712331:updateInputs:1489122:217
680712331:updateComponents:1489529:2631
680712331:propagateValuesOnChangeOnly:1492333:5641
680712331:updateInputs:1498204:206
680712331:updateComponents:1498576:2645
680712331:propagateValuesOnChangeOnly:1501394:5557
680712331:updateInputs:1507216:218
680712331:updateComponents:1507613:2599
680712331:propagateValuesOnChangeOnly:1510399:6039
680712331:updateInputs:1516675:206
680712331:updateComponents:1517058:2625
680712331:propagateValuesOnChangeOnly:1519857:6058
680712331:updateInputs:1526157:228
680712331:updateComponents:1526551:2561
680712331:propagateValuesOnChangeOnly:1529285:5621
680712331:updateInputs:1544771:235
680712331:updateComponents:1545214:2652
680712331:propagateValuesOnChangeOnly:1548041:5955
680712331:updateInputs:1554276:202
680712331:updateComponents:1554655:2554
680712331:propagateValuesOnChangeOnly:1557394:5606
680712331:updateInputs:1563243:204
680712331:updateComponents:1563616:2626
680712331:propagateValuesOnChangeOnly:1566415:5617
680712331:updateInputs:1572284:212
680712331:updateComponents:1572663:2621
680712331:propagateValuesOnChangeOnly:1575459:5462
680712331:updateInputs:1581156:209
680712331:updateComponents:1581533:2638
680712331:propagateValuesOnChangeOnly:1584342:5363
680712331:updateInputs:1589947:226
680712331:updateComponents:1590340:2581
680712331:propagateValuesOnChangeOnly:1593106:5435
680712331:updateInputs:1608365:247
680712331:updateComponents:1608832:2728
680712331:propagateValuesOnChangeOnly:1611765:5703
680712331:updateInputs:1617725:212
680712331:updateComponents:1618125:2624
680712331:propagateValuesOnChangeOnly:1620921:5605
680712331:updateInputs:1626763:224
680712331:updateComponents:1627164:2590
680712331:propagateValuesOnChangeOnly:1629958:5604
680712331:updateInputs:1635839:199
680712331:updateComponents:1636215:2622
680712331:propagateValuesOnChangeOnly:1639019:5479
680712331:updateInputs:1644744:211
680712331:updateComponents:1645135:2632
680712331:propagateValuesOnChangeOnly:1647942:5610
680712331:updateInputs:1653806:216
680712331:updateComponents:1654198:2492
680712331:propagateValuesOnChangeOnly:1656872:5574
680712331:updateInputs:1672218:234
680712331:updateComponents:1672675:2688
680712331:propagateValuesOnChangeOnly:1675550:5874
680712331:updateInputs:1681698:207
680712331:updateComponents:1683155:2666
680712331:propagateValuesOnChangeOnly:1686031:5698
680712331:updateInputs:1692013:203
680712331:updateComponents:1692388:2599
680712331:propagateValuesOnChangeOnly:1695160:5652
680712331:updateInputs:1701062:217
680712331:updateComponents:1701475:2538
680712331:propagateValuesOnChangeOnly:1704194:5580
680712331:updateInputs:1710014:218
680712331:updateComponents:1710411:2548
680712331:propagateValuesOnChangeOnly:1713146:5484
680712331:updateInputs:1718867:254
680712331:updateComponents:1719310:2612
680712331:propagateValuesOnChangeOnly:1722103:5405
680712331:updateInputs:1737308:239
680712331:updateComponents:1737794:2663
680712331:propagateValuesOnChangeOnly:1740644:5842
680712331:updateInputs:1746753:213
680712331:updateComponents:1747133:2553
680712331:propagateValuesOnChangeOnly:1749861:5692
680712331:updateInputs:1755806:215
680712331:updateComponents:1756212:2664
680712331:propagateValuesOnChangeOnly:1759045:5578
680712331:updateInputs:1764882:207
680712331:updateComponents:1765257:2582
680712331:propagateValuesOnChangeOnly:1768056:5674
680712331:updateInputs:1773979:206
680712331:updateComponents:1774379:2625
680712331:propagateValuesOnChangeOnly:1777201:5831
680712331:updateInputs:1783285:239
680712331:updateComponents:1783691:2600
680712331:propagateValuesOnChangeOnly:1786462:5512
680712331:updateInputs:1801754:228
680712331:updateComponents:1802188:2684
680712331:propagateValuesOnChangeOnly:1805066:5824
680712331:updateInputs:1811164:204
680712331:updateComponents:1811539:2632
680712331:propagateValuesOnChangeOnly:1814343:5635
680712331:updateInputs:1820226:205
680712331:updateComponents:1820597:2605
680712331:propagateValuesOnChangeOnly:1823384:5712
680712331:updateInputs:1829375:202
680712331:updateComponents:1829744:2582
680712331:propagateValuesOnChangeOnly:1832511:5499
680712331:updateInputs:1838245:251
680712331:updateComponents:1838678:2662
680712331:propagateValuesOnChangeOnly:1841520:5446
680712331:updateInputs:1847234:221
680712331:updateComponents:1847619:2574
680712331:propagateValuesOnChangeOnly:1850378:5458
680712331:updateInputs:1865545:226
680712331:updateComponents:1866009:2735
680712331:propagateValuesOnChangeOnly:1868938:5744
680712331:updateInputs:1874946:214
680712331:updateComponents:1875332:2611
680712331:propagateValuesOnChangeOnly:1878140:5625
680712331:updateInputs:1884031:216
680712331:updateComponents:1884419:2708
680712331:propagateValuesOnChangeOnly:1887320:5643
680712331:updateInputs:1893216:206
680712331:updateComponents:1893589:2575
680712331:propagateValuesOnChangeOnly:1896337:5507
680712331:updateInputs:1902080:208
680712331:updateComponents:1902453:2667
680712331:propagateValuesOnChangeOnly:1905296:5566
680712331:updateInputs:1911113:234
680712331:updateComponents:1911513:2622
680712331:propagateValuesOnChangeOnly:1914310:5579
680712331:updateInputs:1930109:221
680712331:updateComponents:1930571:2725
680712331:propagateValuesOnChangeOnly:1933507:5936
680712331:updateInputs:1939717:201
680712331:updateComponents:1940102:2559
680712331:propagateValuesOnChangeOnly:1942835:5749
680712331:updateInputs:1948830:199
680712331:updateComponents:1949196:2593
680712331:propagateValuesOnChangeOnly:1951985:5661
680712331:updateInputs:1957889:217
680712331:updateComponents:1958272:2551
680712331:propagateValuesOnChangeOnly:1960998:5550
680712331:updateInputs:1966782:207
680712331:updateComponents:1967160:2655
680712331:propagateValuesOnChangeOnly:1969999:5537
680712331:updateInputs:1975787:224
680712331:updateComponents:1976178:2557
680712331:propagateValuesOnChangeOnly:1978907:5494
680712331:updateInputs:1995417:217
680712331:updateComponents:1995870:2710
680712331:propagateValuesOnChangeOnly:1998787:5746
680712331:updateInputs:2004843:205
680712331:updateComponents:2005213:2633
680712331:propagateValuesOnChangeOnly:2008017:5628
680712331:updateInputs:2013891:203
680712331:updateComponents:2014265:2561
680712331:propagateValuesOnChangeOnly:2017023:5632
680712331:updateInputs:2022906:214
680712331:updateComponents:2023289:2617
680712331:propagateValuesOnChangeOnly:2026078:5807
680712331:updateInputs:2032146:205
680712331:updateComponents:2032522:2642
680712331:propagateValuesOnChangeOnly:2035338:5956
680712331:updateInputs:2041556:233
680712331:updateComponents:2041969:2573
680712331:propagateValuesOnChangeOnly:2044727:5610
680712331:updateInputs:2060137:215
680712331:updateComponents:2060602:2617
680712331:propagateValuesOnChangeOnly:2063392:5865
680712331:updateInputs:2069524:204
680712331:updateComponents:2069892:2611
680712331:propagateValuesOnChangeOnly:2072674:5597
680712331:updateInputs:2078519:203
680712331:updateComponents:2078893:2567
680712331:propagateValuesOnChangeOnly:2081640:5636
680712331:updateInputs:2087519:204
680712331:updateComponents:2087912:2626
680712331:propagateValuesOnChangeOnly:2090710:5491
680712331:updateInputs:2096447:203
680712331:updateComponents:2096817:2645
680712331:propagateValuesOnChangeOnly:2099632:5398
680712331:updateInputs:2105268:231
680712331:updateComponents:2105683:2613
680712331:propagateValuesOnChangeOnly:2108468:5442
680712331:updateInputs:2123721:234
680712331:updateComponents:2124160:2766
680712331:propagateValuesOnChangeOnly:2127136:5766
680712331:updateInputs:2133176:200
680712331:updateComponents:2133543:2546
680712331:propagateValuesOnChangeOnly:2136276:5600
680712331:updateInputs:2142114:203
680712331:updateComponents:2142498:2630
680712331:propagateValuesOnChangeOnly:2145300:5579
680712331:updateInputs:2151122:232
680712331:updateComponents:2151535:2687
680712331:propagateValuesOnChangeOnly:2154395:5549
680712331:updateInputs:2160179:201
680712331:updateComponents:2160558:2640
680712331:propagateValuesOnChangeOnly:2163385:5593
680712331:updateInputs:2169222:211
680712331:updateComponents:2169597:2576
680712331:propagateValuesOnChangeOnly:2172344:5527
680712331:updateInputs:2187500:225
680712331:updateComponents:2187955:2673
680712331:propagateValuesOnChangeOnly:2190823:5830
680712331:updateInputs:2196919:204
680712331:updateComponents:2197312:2572
680712331:propagateValuesOnChangeOnly:2200058:5640
680712331:updateInputs:2205946:229
680712331:updateComponents:2206345:2647
680712331:propagateValuesOnChangeOnly:2209164:5602
680712331:updateInputs:2215019:223
680712331:updateComponents:2215423:2605
680712331:propagateValuesOnChangeOnly:2218202:5548
680712331:updateInputs:2223999:209
680712331:updateComponents:2224379:2619
680712331:propagateValuesOnChangeOnly:2227181:5455
680712331:updateInputs:2234009:241
680712331:updateComponents:2234429:2634
680712331:propagateValuesOnChangeOnly:2237245:5485
680712331:updateInputs:2252580:244
680712331:updateComponents:2253042:2700
680712331:propagateValuesOnChangeOnly:2255929:5701
680712331:updateInputs:2261898:206
680712331:updateComponents:2262282:2563
680712331:propagateValuesOnChangeOnly:2265019:5671
680712331:updateInputs:2270935:204
680712331:updateComponents:2271308:2655
680712331:propagateValuesOnChangeOnly:2274147:5656
680712331:updateInputs:2280045:205
680712331:updateComponents:2280442:2572
680712331:propagateValuesOnChangeOnly:2283185:5691
680712331:updateInputs:2289114:201
680712331:updateComponents:2290640:2554
680712331:propagateValuesOnChangeOnly:2293382:5873
680712331:updateInputs:2299551:218
680712331:updateComponents:2299946:2623
680712331:propagateValuesOnChangeOnly:2302744:5525
680712331:updateInputs:2317983:244
680712331:updateComponents:2318469:2875
680712331:propagateValuesOnChangeOnly:2321519:5833
680712331:updateInputs:2327636:207
680712331:updateComponents:2328014:2587
680712331:propagateValuesOnChangeOnly:2330772:5653
680712331:updateInputs:2375861:278
680712331:updateComponents:2376371:2779
680712331:propagateValuesOnChangeOnly:2379345:5979
680712331:updateInputs:2385617:213
680712331:updateComponents:2385998:2498
680712331:propagateValuesOnChangeOnly:2388686:5509
680712331:updateInputs:2394441:203
680712331:updateComponents:2394821:2579
680712331:propagateValuesOnChangeOnly:2397581:5460
680712331:updateInputs:2403286:219
680712331:updateComponents:2403683:2474
680712331:propagateValuesOnChangeOnly:2406339:5439
680712331:updateInputs:2422037:216
680712331:updateComponents:2422477:2590
680712331:propagateValuesOnChangeOnly:2425239:5785
680712331:updateInputs:2431317:220
680712331:updateComponents:2431706:2666
680712331:propagateValuesOnChangeOnly:2434554:5645
680712331:updateInputs:2440446:211
680712331:updateComponents:2440834:2585
680712331:propagateValuesOnChangeOnly:2443592:5561
680712331:updateInputs:2449416:218
680712331:updateComponents:2449802:2552
680712331:propagateValuesOnChangeOnly:2452537:5478
680712331:updateInputs:2458252:215
680712331:updateComponents:2458633:2546
680712331:propagateValuesOnChangeOnly:2461353:5615
680712331:updateInputs:2467233:231
680712331:updateComponents:2467634:2536
680712331:propagateValuesOnChangeOnly:2470380:5539
680712331:updateInputs:2485673:230
680712331:updateComponents:2486146:2614
680712331:propagateValuesOnChangeOnly:2488974:5912
680712331:updateInputs:2495159:219
680712331:updateComponents:2495565:2582
680712331:propagateValuesOnChangeOnly:2498317:5881
680712331:updateInputs:2504463:208
680712331:updateComponents:2504839:2635
680712331:propagateValuesOnChangeOnly:2507661:5689
680712331:updateInputs:2513612:204
680712331:updateComponents:2513993:2478
680712331:propagateValuesOnChangeOnly:2516644:5577
680712331:updateInputs:2522466:206
680712331:updateComponents:2522841:2503
680712331:propagateValuesOnChangeOnly:2525526:5527
680712331:updateInputs:2531317:228
680712331:updateComponents:2531714:2546
680712331:propagateValuesOnChangeOnly:2534429:5604
680712331:updateInputs:2549876:243
680712331:updateComponents:2550337:2596
680712331:propagateValuesOnChangeOnly:2553152:5850
680712331:updateInputs:2559269:222
680712331:updateComponents:2559657:2485
680712331:propagateValuesOnChangeOnly:2562341:5623
680712331:updateInputs:2568207:203
680712331:updateComponents:2568578:2555
680712331:propagateValuesOnChangeOnly:2571317:5583
680712331:updateInputs:2577145:208
680712331:updateComponents:2577527:2544
680712331:propagateValuesOnChangeOnly:2580257:5995
680712331:updateInputs:2586485:215
680712331:updateComponents:2586867:2495
680712331:propagateValuesOnChangeOnly:2589535:6041
680712331:updateInputs:2595843:233
680712331:updateComponents:2596256:2485
680712331:propagateValuesOnChangeOnly:2598916:5603
680712331:updateInputs:2614151:214
680712331:updateComponents:2614581:2580
680712331:propagateValuesOnChangeOnly:2617356:5879
680712331:updateInputs:2623508:215
680712331:updateComponents:2623890:2506
680712331:propagateValuesOnChangeOnly:2626584:5666
680712331:updateInputs:2632498:213
680712331:updateComponents:2632920:2569
680712331:propagateValuesOnChangeOnly:2635672:5696
680712331:updateInputs:2641625:214
680712331:updateComponents:2642007:2546
680712331:propagateValuesOnChangeOnly:2644738:5500
680712331:updateInputs:2650474:206
680712331:updateComponents:2650860:2591
680712331:propagateValuesOnChangeOnly:2653635:5439
680712331:updateInputs:2659330:250
680712331:updateComponents:2659747:2498
680712331:propagateValuesOnChangeOnly:2662441:5412
680712331:updateInputs:2677578:212
680712331:updateComponents:2679127:2801
680712331:propagateValuesOnChangeOnly:2682139:5780
680712331:updateInputs:2688248:230
680712331:updateComponents:2688669:2559
680712331:propagateValuesOnChangeOnly:2691410:5679
680712331:updateInputs:2697347:209
680712331:updateComponents:2697724:2493
680712331:propagateValuesOnChangeOnly:2700401:5571
680712331:updateInputs:2706233:219
680712331:updateComponents:2706620:2513
680712331:propagateValuesOnChangeOnly:2709306:5617
680712331:updateInputs:2715170:205
680712331:updateComponents:2715566:2460
680712331:propagateValuesOnChangeOnly:2718198:5603
680712331:updateInputs:2724045:233
680712331:updateComponents:2724447:2549
680712331:propagateValuesOnChangeOnly:2727171:5566
680712331:updateInputs:2742664:239
680712331:updateComponents:2743136:2625
680712331:propagateValuesOnChangeOnly:2745966:5860
680712331:updateInputs:2752101:203
680712331:updateComponents:2752474:2503
680712331:propagateValuesOnChangeOnly:2755160:5702
680712331:updateInputs:2761125:204
680712331:updateComponents:2761495:2551
680712331:propagateValuesOnChangeOnly:2764241:5610
680712331:updateInputs:2770092:216
680712331:updateComponents:2770484:2550
680712331:propagateValuesOnChangeOnly:2773204:5547
680712331:updateInputs:2778996:220
680712331:updateComponents:2779381:2545
680712331:propagateValuesOnChangeOnly:2782099:5522
680712331:updateInputs:2787874:228
680712331:updateComponents:2788271:2513
680712331:propagateValuesOnChangeOnly:2790992:5454
680712331:updateInputs:2806174:230
680712331:updateComponents:2806639:2557
680712331:propagateValuesOnChangeOnly:2809380:5768
680712331:updateInputs:2815420:212
680712331:updateComponents:2815822:2545
680712331:propagateValuesOnChangeOnly:2818549:5624
680712331:updateInputs:2824412:206
680712331:updateComponents:2824795:2556
680712331:propagateValuesOnChangeOnly:2827532:5577
680712331:updateInputs:2833372:215
680712331:updateComponents:2833752:2533
680712331:propagateValuesOnChangeOnly:2836461:5684
680712331:updateInputs:2842385:199
680712331:updateComponents:2842763:2518
680712331:propagateValuesOnChangeOnly:2845448:5798
680712331:updateInputs:2851498:237
680712331:updateComponents:2851901:2573
680712331:propagateValuesOnChangeOnly:2854690:5499
680712331:updateInputs:2869894:241
680712331:updateComponents:2870360:3009
680712331:propagateValuesOnChangeOnly:2873553:5715
680712331:updateInputs:2879542:218
680712331:updateComponents:2879929:2551
680712331:propagateValuesOnChangeOnly:2882662:5600
680712331:updateInputs:2888502:229
680712331:updateComponents:2888907:2514
680712331:propagateValuesOnChangeOnly:2891594:5663
680712331:updateInputs:2897500:207
680712331:updateComponents:2897875:2524
680712331:propagateValuesOnChangeOnly:2900569:5495
680712331:updateInputs:2906306:204
680712331:updateComponents:2906676:2577
680712331:propagateValuesOnChangeOnly:2909435:5398
680712331:updateInputs:2915084:216
680712331:updateComponents:2915469:2484
680712331:propagateValuesOnChangeOnly:2918126:5467
680712331:updateInputs:2933360:248
680712331:updateComponents:2933834:2588
680712331:propagateValuesOnChangeOnly:2936617:5752
680712331:updateInputs:2942628:227
680712331:updateComponents:2943060:2527
680712331:propagateValuesOnChangeOnly:2945767:5608
680712331:updateInputs:2951615:215
680712331:updateComponents:2952010:2493
680712331:propagateValuesOnChangeOnly:2954676:5586
680712331:updateInputs:2960502:215
680712331:updateComponents:2960887:2456
680712331:propagateValuesOnChangeOnly:2963515:5515
680712331:updateInputs:2969269:225
680712331:updateComponents:2969679:2574
680712331:propagateValuesOnChangeOnly:2973494:5806
680712331:updateInputs:2979605:232
680712331:updateComponents:2980016:2548
680712331:propagateValuesOnChangeOnly:2982739:5543
680712331:updateInputs:2998040:226
680712331:updateComponents:2998505:2646
680712331:propagateValuesOnChangeOnly:3001335:6029
680712331:updateInputs:3007638:220
680712331:updateComponents:3008046:2531
680712331:propagateValuesOnChangeOnly:3010776:5742
680712331:updateInputs:3016759:220
680712331:updateComponents:3017150:2548
680712331:propagateValuesOnChangeOnly:3019887:5654
680712331:updateInputs:3025782:212
680712331:updateComponents:3026160:2463
680712331:propagateValuesOnChangeOnly:3028796:5575
680712331:updateInputs:3034611:214
680712331:updateComponents:3034993:2527
680712331:propagateValuesOnChangeOnly:3037695:5544
680712331:updateInputs:3043484:248
680712331:updateComponents:3043910:2534
680712331:propagateValuesOnChangeOnly:3046621:5498
680712331:updateInputs:3061789:235
680712331:updateComponents:3062257:2573
680712331:propagateValuesOnChangeOnly:3065031:5791
680712331:updateInputs:3071091:215
680712331:updateComponents:3071500:2518
680712331:propagateValuesOnChangeOnly:3074202:5612
680712331:updateInputs:3080052:203
680712331:updateComponents:3080433:2534
680712331:propagateValuesOnChangeOnly:3083162:5577
680712331:updateInputs:3088992:216
680712331:updateComponents:3089385:2478
680712331:propagateValuesOnChangeOnly:3092039:5856
680712331:updateInputs:3098144:214
680712331:updateComponents:3098527:2478
680712331:propagateValuesOnChangeOnly:3101176:6045
680712331:updateInputs:3107487:212
680712331:updateComponents:3107875:2540
680712331:propagateValuesOnChangeOnly:3110603:5609
680712331:updateInputs:3125899:219
680712331:updateComponents:3126362:2795
680712331:propagateValuesOnChangeOnly:3129352:5870
680712331:updateInputs:3135486:214
680712331:updateComponents:3135880:2506
680712331:propagateValuesOnChangeOnly:3138596:5582
680712331:updateInputs:3144430:208
680712331:updateComponents:3144806:2515
680712331:propagateValuesOnChangeOnly:3147493:5591
680712331:updateInputs:3153343:202
680712331:updateComponents:3153713:2526
680712331:propagateValuesOnChangeOnly:3156428:5478
680712331:updateInputs:3162146:210
680712331:updateComponents:3162537:2536
680712331:propagateValuesOnChangeOnly:3165263:5465
680712331:updateInputs:3170994:215
680712331:updateComponents:3171404:2613
680712331:propagateValuesOnChangeOnly:3174194:5455
680712331:updateInputs:3189457:217
680712331:updateComponents:3189881:2576
680712331:propagateValuesOnChangeOnly:3192665:5747
680712331:updateInputs:3198690:202
680712331:updateComponents:3199082:2645
680712331:propagateValuesOnChangeOnly:3201912:5586
680712331:updateInputs:3207739:220
680712331:updateComponents:3208142:2584
680712331:propagateValuesOnChangeOnly:3210912:5545
680712331:updateInputs:3216724:197
680712331:updateComponents:3217101:2582
680712331:propagateValuesOnChangeOnly:3219880:5509
680712331:updateInputs:3225630:209
680712331:updateComponents:3226020:2571
680712331:propagateValuesOnChangeOnly:3228772:5591
680712331:updateInputs:3234620:232
680712331:updateComponents:3235021:2550
680712331:propagateValuesOnChangeOnly:3237768:5569
680712331:updateInputs:3253041:228
680712331:updateComponents:3253498:2787
680712331:propagateValuesOnChangeOnly:3256498:5779
680712331:updateInputs:3262539:214
680712331:updateComponents:3262938:2648
680712331:propagateValuesOnChangeOnly:3265784:5677
680712331:updateInputs:3271708:208
680712331:updateComponents:3272099:2574
680712331:propagateValuesOnChangeOnly:3274853:5597
680712331:updateInputs:3280709:202
680712331:updateComponents:3282166:2620
680712331:propagateValuesOnChangeOnly:3285002:5664
680712331:updateInputs:3290940:201
680712331:updateComponents:3291310:2527
680712331:propagateValuesOnChangeOnly:3294011:5492
680712331:updateInputs:3299739:231
680712331:updateComponents:3300138:2548
680712331:propagateValuesOnChangeOnly:3302860:5455
680712331:updateInputs:3318135:220
680712331:updateComponents:3318574:2600
680712331:propagateValuesOnChangeOnly:3321360:5705
680712331:updateInputs:3327326:220
680712331:updateComponents:3327724:2536
680712331:propagateValuesOnChangeOnly:3330433:5615
680712331:updateInputs:3336308:212
680712331:updateComponents:3336687:2573
680712331:propagateValuesOnChangeOnly:3339444:5588
680712331:updateInputs:3345274:218
680712331:updateComponents:3345657:2548
680712331:propagateValuesOnChangeOnly:3348379:5648
680712331:updateInputs:3354261:205
680712331:updateComponents:3354636:2519
680712331:propagateValuesOnChangeOnly:3357326:5865
680712331:updateInputs:3363435:228
680712331:updateComponents:3363854:2569
680712331:propagateValuesOnChangeOnly:3366596:5517
680712331:updateInputs:3382433:236
680712331:updateComponents:3382884:2715
680712331:propagateValuesOnChangeOnly:3385792:5814
680712331:updateInputs:3391878:210
680712331:updateComponents:3392267:2571
680712331:propagateValuesOnChangeOnly:3395010:5654
680712331:updateInputs:3400915:208
680712331:updateComponents:3401316:2553
680712331:propagateValuesOnChangeOnly:3404041:5709
680712331:updateInputs:3410003:215
680712331:updateComponents:3410383:2526
680712331:propagateValuesOnChangeOnly:3413094:5465
680712331:updateInputs:3418835:202
680712331:updateComponents:3419202:2501
680712331:propagateValuesOnChangeOnly:3421874:5442
680712331:updateInputs:3427558:219
680712331:updateComponents:3427942:2446
680712331:propagateValuesOnChangeOnly:3430575:5448
680712331:updateInputs:3445651:246
680712331:updateComponents:3446112:2596
680712331:propagateValuesOnChangeOnly:3448892:5795
680712331:updateInputs:3454946:221
680712331:updateComponents:3455364:2482
680712331:propagateValuesOnChangeOnly:3458015:5636
680712331:updateInputs:3463910:212
680712331:updateComponents:3464303:2552
680712331:propagateValuesOnChangeOnly:3467050:5514
680712331:updateInputs:3472806:217
680712331:updateComponents:3473189:2528
680712331:propagateValuesOnChangeOnly:3475889:5512
680712331:updateInputs:3481635:220
680712331:updateComponents:3482022:2498
680712331:propagateValuesOnChangeOnly:3484691:5569
680712331:updateInputs:3490500:235
680712331:updateComponents:3490912:2469
680712331:propagateValuesOnChangeOnly:3493552:5535
680712331:updateInputs:3508822:237
680712331:updateComponents:3509265:2755
680712331:propagateValuesOnChangeOnly:3512216:6013
680712331:updateInputs:3518513:224
680712331:updateComponents:3518908:2560
680712331:propagateValuesOnChangeOnly:3521663:5834
680712331:updateInputs:3527752:230
680712331:updateComponents:3528160:2515
680712331:propagateValuesOnChangeOnly:3530851:5702
680712331:updateInputs:3536801:216
680712331:updateComponents:3537189:2562
680712331:propagateValuesOnChangeOnly:3539933:5626
680712331:updateInputs:3545798:217
680712331:updateComponents:3546196:2502
680712331:propagateValuesOnChangeOnly:3548873:5556
680712331:updateInputs:3554681:226
680712331:updateComponents:3555074:2488
680712331:propagateValuesOnChangeOnly:3557738:5640
680712331:updateInputs:3573121:246
680712331:updateComponents:3573579:2574
680712331:propagateValuesOnChangeOnly:3576341:5861
680712331:updateInputs:3582489:204
680712331:updateComponents:3582884:2442
680712331:propagateValuesOnChangeOnly:3586573:5753
680712331:updateInputs:3592620:227
680712331:updateComponents:3593026:2534
680712331:propagateValuesOnChangeOnly:3595745:5660
680712331:updateInputs:3601646:214
680712331:updateComponents:3602054:2490
680712331:propagateValuesOnChangeOnly:3604746:6008
680712331:updateInputs:3610990:206
680712331:updateComponents:3611389:2518
680712331:propagateValuesOnChangeOnly:3614082:5987
680712331:updateInputs:3620319:252
680712331:updateComponents:3620739:2532
680712331:propagateValuesOnChangeOnly:3623445:5637
680712331:updateInputs:3638935:227
680712331:updateComponents:3639385:2744
680712331:propagateValuesOnChangeOnly:3642314:5955
680712331:updateInputs:3649617:241
680712331:updateComponents:3650039:2618
680712331:propagateValuesOnChangeOnly:3652832:5701
680712331:updateInputs:3658783:230
680712331:updateComponents:3659194:2593
680712331:propagateValuesOnChangeOnly:3661962:5727
680712331:updateInputs:3667944:220
680712331:updateComponents:3668334:2562
680712331:propagateValuesOnChangeOnly:3671068:5525
680712331:updateInputs:3676828:228
680712331:updateComponents:3677246:2548
680712331:propagateValuesOnChangeOnly:3679966:5419
680712331:updateInputs:3685636:237
680712331:updateComponents:3686042:2620
680712331:propagateValuesOnChangeOnly:3688834:5466
680712331:updateInputs:3704138:229
680712331:updateComponents:3704619:2614
680712331:propagateValuesOnChangeOnly:3707439:5739
680712331:updateInputs:3713459:205
680712331:updateComponents:3713846:2667
680712331:propagateValuesOnChangeOnly:3716698:5619
680712331:updateInputs:3722589:202
680712331:updateComponents:3722959:2592
680712331:propagateValuesOnChangeOnly:3725722:5553
680712331:updateInputs:3731541:219
680712331:updateComponents:3731948:2541
680712331:propagateValuesOnChangeOnly:3734671:5503
680712331:updateInputs:3740416:201
680712331:updateComponents:3740791:2615
680712331:propagateValuesOnChangeOnly:3743574:5635
680712331:updateInputs:3749446:214
680712331:updateComponents:3749826:2527
680712331:propagateValuesOnChangeOnly:3752527:5583
680712331:updateInputs:3767812:236
680712331:updateComponents:3768263:2746
680712331:propagateValuesOnChangeOnly:3771185:5888
680712331:updateInputs:3777362:207
680712331:updateComponents:3777740:2612
680712331:propagateValuesOnChangeOnly:3780526:5675
680712331:updateInputs:3786453:210
680712331:updateComponents:3786854:2659
680712331:propagateValuesOnChangeOnly:3789685:5594
680712331:updateInputs:3795541:201
680712331:updateComponents:3795917:2523
680712331:propagateValuesOnChangeOnly:3798623:5581
680712331:updateInputs:3804448:200
680712331:updateComponents:3804830:2612
680712331:propagateValuesOnChangeOnly:3807612:5534
680712331:updateInputs:3813390:238
680712331:updateComponents:3813796:2575
680712331:propagateValuesOnChangeOnly:3816556:5397
680712331:updateInputs:3831646:232
680712331:updateComponents:3832106:2655
680712331:propagateValuesOnChangeOnly:3834983:5745
680712331:updateInputs:3841002:212
680712331:updateComponents:3841403:2636
680712331:propagateValuesOnChangeOnly:3844244:5593
680712331:updateInputs:3850089:202
680712331:updateComponents:3850457:2596
680712331:propagateValuesOnChangeOnly:3853225:5635
680712331:updateInputs:3859099:214
680712331:updateComponents:3859497:2549
680712331:propagateValuesOnChangeOnly:3862221:5665
680712331:updateInputs:3868121:212
680712331:updateComponents:3868500:2559
680712331:propagateValuesOnChangeOnly:3871235:5816
680712331:updateInputs:3877294:232
680712331:updateComponents:3877691:2607
680712331:propagateValuesOnChangeOnly:3880469:5540
680712331:updateInputs:3896818:214
680712331:updateComponents:3897248:2653
680712331:propagateValuesOnChangeOnly:3900110:5849
680712331:updateInputs:3906263:227
680712331:updateComponents:3906671:2640
680712331:propagateValuesOnChangeOnly:3909482:5571
680712331:updateInputs:3915303:212
680712331:updateComponents:3915704:2597
680712331:propagateValuesOnChangeOnly:3918482:5684
680712331:updateInputs:3924406:212
680712331:updateComponents:3924783:2540
680712331:propagateValuesOnChangeOnly:3927494:5480
680712331:updateInputs:3933213:227
680712331:updateComponents:3933607:2614
680712331:propagateValuesOnChangeOnly:3936395:5433
680712331:updateInputs:3942094:238
680712331:updateComponents:3942500:2599
680712331:propagateValuesOnChangeOnly:3945282:5470
680712331:updateInputs:3960469:223
680712331:updateComponents:3960901:2629
680712331:propagateValuesOnChangeOnly:3963726:5796
680712331:updateInputs:3969818:262
680712331:updateComponents:3970265:2731
680712331:propagateValuesOnChangeOnly:3973167:5668
680712331:updateInputs:3979070:217
680712331:updateComponents:3979478:2523
680712331:propagateValuesOnChangeOnly:3982174:5574
680712331:updateInputs:3987991:207
680712331:updateComponents:3988364:2587
680712331:propagateValuesOnChangeOnly:3991135:5445
680712331:updateInputs:3996825:201
680712331:updateComponents:3997192:2582
680712331:propagateValuesOnChangeOnly:3999957:5605
680712331:updateInputs:4005865:245
680712331:updateComponents:4006295:2585
680712331:propagateValuesOnChangeOnly:4009062:5578
680712331:updateInputs:4024312:225
680712331:updateComponents:4024758:2734
680712331:propagateValuesOnChangeOnly:4027690:5839
680712331:updateInputs:4033803:234
680712331:updateComponents:4034214:2639
680712331:propagateValuesOnChangeOnly:4037028:5768
680712331:updateInputs:4043035:219
680712331:updateComponents:4043435:2671
680712331:propagateValuesOnChangeOnly:4046285:5627
680712331:updateInputs:4052156:204
680712331:updateComponents:4052538:2565
680712331:propagateValuesOnChangeOnly:4055291:5543
680712331:updateInputs:4061070:210
680712331:updateComponents:4061451:2611
680712331:propagateValuesOnChangeOnly:4064248:5544
680712331:updateInputs:4070037:219
680712331:updateComponents:4070451:2622
680712331:propagateValuesOnChangeOnly:4073246:5478
680712331:updateInputs:4088394:240
680712331:updateComponents:4088862:2765
680712331:propagateValuesOnChangeOnly:4091799:5739
680712331:updateInputs:4097814:204
680712331:updateComponents:4098194:2640
680712331:propagateValuesOnChangeOnly:4101007:5656
680712331:updateInputs:4106911:219
680712331:updateComponents:4107308:2566
680712331:propagateValuesOnChangeOnly:4110057:5550
680712331:updateInputs:4115847:232
680712331:updateComponents:4116247:2565
680712331:propagateValuesOnChangeOnly:4118998:5811
680712331:updateInputs:4125041:215
680712331:updateComponents:4125440:2538
680712331:propagateValuesOnChangeOnly:4128151:5989
680712331:updateInputs:4134381:216
680712331:updateComponents:4134764:2598
680712331:propagateValuesOnChangeOnly:4137558:5608
680712331:updateInputs:4152918:242
680712331:updateComponents:4153388:2722
680712331:propagateValuesOnChangeOnly:4156281:5844
680712331:updateInputs:4162404:203
680712331:updateComponents:4162774:2619
680712331:propagateValuesOnChangeOnly:4165565:5643
680712331:updateInputs:4171475:207
680712331:updateComponents:4171855:2597
680712331:propagateValuesOnChangeOnly:4174649:5658
680712331:updateInputs:4180574:197
680712331:updateComponents:4180939:2594
680712331:propagateValuesOnChangeOnly:4183716:5502
680712331:updateInputs:4189455:210
680712331:updateComponents:4189832:2572
680712331:propagateValuesOnChangeOnly:4250111:5764
680712331:updateInputs:4256206:237
680712331:updateComponents:4256646:2685
680712331:propagateValuesOnChangeOnly:4259505:5467
680712331:updateInputs:4274974:216
680712331:updateComponents:4275423:2760
680712331:propagateValuesOnChangeOnly:4278408:5774
680712331:updateInputs:4284464:215
680712331:updateComponents:4284847:2595
680712331:propagateValuesOnChangeOnly:4287616:5604
680712331:updateInputs:4293457:206
680712331:updateComponents:4293843:2679
680712331:propagateValuesOnChangeOnly:4296709:5591
680712331:updateInputs:4302551:213
680712331:updateComponents:4302929:2555
680712331:propagateValuesOnChangeOnly:4305665:5497
680712331:updateInputs:4311398:217
680712331:updateComponents:4311796:2566
680712331:propagateValuesOnChangeOnly:4314545:5642
680712331:updateInputs:4320429:229
680712331:updateComponents:4320823:2610
680712331:propagateValuesOnChangeOnly:4323606:5565
680712331:updateInputs:4338880:231
680712331:updateComponents:4339351:2862
680712331:propagateValuesOnChangeOnly:4342385:5878
680712331:updateInputs:4348533:205
680712331:updateComponents:4348907:2550
680712331:propagateValuesOnChangeOnly:4351643:5730
680712331:updateInputs:4357613:221
680712331:updateComponents:4358003:2651
680712331:propagateValuesOnChangeOnly:4360837:5607
680712331:updateInputs:4366685:205
680712331:updateComponents:4367068:2585
680712331:propagateValuesOnChangeOnly:4369826:5561
680712331:updateInputs:4375630:214
680712331:updateComponents:4376010:2621
680712331:propagateValuesOnChangeOnly:4378834:5503
680712331:updateInputs:4384598:230
680712331:updateComponents:4384994:2616
680712331:propagateValuesOnChangeOnly:4387796:5469
680712331:updateInputs:4403095:237
680712331:updateComponents:4403547:2675
680712331:propagateValuesOnChangeOnly:4406431:5770
680712331:updateInputs:4412464:232
680712331:updateComponents:4412862:2581
680712331:propagateValuesOnChangeOnly:4415620:5613
680712331:updateInputs:4421484:243
680712331:updateComponents:4421895:2590
680712331:propagateValuesOnChangeOnly:4424685:5643
680712331:updateInputs:4430570:226
680712331:updateComponents:4430986:2640
680712331:propagateValuesOnChangeOnly:4433823:5693
680712331:updateInputs:4439750:215
680712331:updateComponents:4440149:2648
680712331:propagateValuesOnChangeOnly:4442970:5783
680712331:updateInputs:4448994:215
680712331:updateComponents:4449378:2555
680712331:propagateValuesOnChangeOnly:4452119:5489
680712331:updateInputs:4467207:235
680712331:updateComponents:4467649:2709
680712331:propagateValuesOnChangeOnly:4470528:5881
680712331:updateInputs:4476678:229
680712331:updateComponents:4477101:2563
680712331:propagateValuesOnChangeOnly:4479834:5652
680712331:updateInputs:4485728:213
680712331:updateComponents:4486147:2566
680712331:propagateValuesOnChangeOnly:4488892:5642
680712331:updateInputs:4494780:223
680712331:updateComponents:4495170:2577
680712331:propagateValuesOnChangeOnly:4497938:5504
680712331:updateInputs:4503696:227
680712331:updateComponents:4504092:2688
680712331:propagateValuesOnChangeOnly:4506957:5473
680712331:updateInputs:4512686:224
680712331:updateComponents:4513094:2561
680712331:propagateValuesOnChangeOnly:4515841:5463
680712331:updateInputs:4531058:230
680712331:updateComponents:4531534:2727
680712331:propagateValuesOnChangeOnly:4534466:5782
680712331:updateInputs:4540522:202
680712331:updateComponents:4540916:2517
680712331:propagateValuesOnChangeOnly:4543638:5636
680712331:updateInputs:4549513:206
680712331:updateComponents:4549912:2529
680712331:propagateValuesOnChangeOnly:4552625:5571
680712331:updateInputs:4559642:236
680712331:updateComponents:4560062:2657
680712331:propagateValuesOnChangeOnly:4562902:5586
680712331:updateInputs:4568740:215
680712331:updateComponents:4569121:2544
680712331:propagateValuesOnChangeOnly:4571849:5577
680712331:updateInputs:4577676:220
680712331:updateComponents:4578064:2581
680712331:propagateValuesOnChangeOnly:4580817:5589
680712331:updateInputs:4596292:250
680712331:updateComponents:4596754:2619
680712331:propagateValuesOnChangeOnly:4599592:5957
680712331:updateInputs:4605815:220
680712331:updateComponents:4606210:2547
680712331:propagateValuesOnChangeOnly:4608941:5828
680712331:updateInputs:4615029:220
680712331:updateComponents:4615431:2506
680712331:propagateValuesOnChangeOnly:4618121:5673
680712331:updateInputs:4624044:204
680712331:updateComponents:4624419:2506
680712331:propagateValuesOnChangeOnly:4627099:5638
680712331:updateInputs:4632983:215
680712331:updateComponents:4633375:2536
680712331:propagateValuesOnChangeOnly:4636084:5536
680712331:updateInputs:4641864:255
680712331:updateComponents:4642297:2529
680712331:propagateValuesOnChangeOnly:4644999:5571
680712331:updateInputs:4660392:248
680712331:updateComponents:4660880:2592
680712331:propagateValuesOnChangeOnly:4663674:5852
680712331:updateInputs:4669821:214
680712331:updateComponents:4670205:2469
680712331:propagateValuesOnChangeOnly:4672846:5684
680712331:updateInputs:4678806:229
680712331:updateComponents:4679203:2534
680712331:propagateValuesOnChangeOnly:4681906:5605
680712331:updateInputs:4687764:207
680712331:updateComponents:4688137:2546
680712331:propagateValuesOnChangeOnly:4690863:5912
680712331:updateInputs:4697021:209
680712331:updateComponents:4697399:2517
680712331:propagateValuesOnChangeOnly:4700119:6060
680712331:updateInputs:4706420:222
680712331:updateComponents:4706818:2587
680712331:propagateValuesOnChangeOnly:4709603:5564
680712331:updateInputs:4724856:259
680712331:updateComponents:4725323:2727
680712331:propagateValuesOnChangeOnly:4728241:5912
680712331:updateInputs:4734436:216
680712331:updateComponents:4734832:2643
680712331:propagateValuesOnChangeOnly:4737671:5603
680712331:updateInputs:4743519:216
680712331:updateComponents:4743905:2575
680712331:propagateValuesOnChangeOnly:4746669:5670
680712331:updateInputs:4752600:212
680712331:updateComponents:4752979:2605
680712331:propagateValuesOnChangeOnly:4755759:5475
680712331:updateInputs:4761480:207
680712331:updateComponents:4761865:2567
680712331:propagateValuesOnChangeOnly:4764605:5445
680712331:updateInputs:4770300:211
680712331:updateComponents:4770681:2547
680712331:propagateValuesOnChangeOnly:4773401:5437
680712331:updateInputs:4788596:237
680712331:updateComponents:4789036:2669
680712331:propagateValuesOnChangeOnly:4791894:5821
680712331:updateInputs:4797979:213
680712331:updateComponents:4798374:2579
680712331:propagateValuesOnChangeOnly:4801147:5626
680712331:updateInputs:4807013:207
680712331:updateComponents:4807403:2571
680712331:propagateValuesOnChangeOnly:4810149:5590
680712331:updateInputs:4816002:203
680712331:updateComponents:4816371:2625
680712331:propagateValuesOnChangeOnly:4819171:5491
680712331:updateInputs:4824908:215
680712331:updateComponents:4825300:2653
680712331:propagateValuesOnChangeOnly:4828139:5654
680712331:updateInputs:4834032:242
680712331:updateComponents:4834466:2569
680712331:propagateValuesOnChangeOnly:4837207:5589
680712331:updateInputs:4852551:231
680712331:updateComponents:4852995:2604
680712331:propagateValuesOnChangeOnly:4855771:5838
680712331:updateInputs:4861875:242
680712331:updateComponents:4863358:2611
680712331:propagateValuesOnChangeOnly:4866168:5746
680712331:updateInputs:4872185:222
680712331:updateComponents:4872589:2544
680712331:propagateValuesOnChangeOnly:4875306:5667
680712331:updateInputs:4881209:199
680712331:updateComponents:4881576:2464
680712331:propagateValuesOnChangeOnly:4884223:5540
680712331:updateInputs:4890007:225
680712331:updateComponents:4890398:2507
680712331:propagateValuesOnChangeOnly:4893098:5486
680712331:updateInputs:4898844:229
680712331:updateComponents:4899263:2481
680712331:propagateValuesOnChangeOnly:4901914:5485
680712331:updateInputs:4917081:242
680712331:updateComponents:4917561:2729
680712331:propagateValuesOnChangeOnly:4920485:5752
680712331:updateInputs:4926503:228
680712331:updateComponents:4926914:2519
680712331:propagateValuesOnChangeOnly:4929617:5627
680712331:updateInputs:4935480:213
680712331:updateComponents:4935882:2609
680712331:propagateValuesOnChangeOnly:4938662:5589
680712331:updateInputs:4944491:236
680712331:updateComponents:4944925:2658
680712331:propagateValuesOnChangeOnly:4947765:5682
680712331:updateInputs:4953682:217
680712331:updateComponents:4954079:2576
680712331:propagateValuesOnChangeOnly:4956826:5813
680712331:updateInputs:4962879:212
680712331:updateComponents:4963256:2605
680712331:propagateValuesOnChangeOnly:4966035:5553
680712331:updateInputs:4981332:257
680712331:updateComponents:4981794:2692
680712331:propagateValuesOnChangeOnly:4984705:5813
680712331:updateInputs:4990789:221
680712331:updateComponents:4991177:2661
680712331:propagateValuesOnChangeOnly:4994046:5646
680712331:updateInputs:4999928:204
680712331:updateComponents:5000328:2558
680712331:propagateValuesOnChangeOnly:5003061:5665
680712331:updateInputs:5008966:233
680712331:updateComponents:5009376:2624
680712331:propagateValuesOnChangeOnly:5012172:5483
680712331:updateInputs:5017899:199
680712331:updateComponents:5018264:2571
680712331:propagateValuesOnChangeOnly:5021018:5426
680712331:updateInputs:5026684:220
680712331:updateComponents:5027082:2602
680712331:propagateValuesOnChangeOnly:5029860:5400
680712331:updateInputs:5044993:241
680712331:updateComponents:5045448:2702
680712331:propagateValuesOnChangeOnly:5048369:5782
680712331:updateInputs:5054432:217
680712331:updateComponents:5054837:2600
680712331:propagateValuesOnChangeOnly:5057608:5679
680712331:updateInputs:5063545:211
680712331:updateComponents:5063926:2602
680712331:propagateValuesOnChangeOnly:5066711:5568
680712331:updateInputs:5073634:214
680712331:updateComponents:5074027:2577
680712331:propagateValuesOnChangeOnly:5076791:5587
680712331:updateInputs:5082634:208
680712331:updateComponents:5083009:2614
680712331:propagateValuesOnChangeOnly:5085799:5669
680712331:updateInputs:5091722:231
680712331:updateComponents:5092119:2575
680712331:propagateValuesOnChangeOnly:5094880:5505
680712331:updateInputs:5110207:222
680712331:updateComponents:5110669:2861
680712331:propagateValuesOnChangeOnly:5113712:5926
680712331:updateInputs:5119905:204
680712331:updateComponents:5120291:2676
680712331:propagateValuesOnChangeOnly:5123141:5749
680712331:updateInputs:5129140:213
680712331:updateComponents:5129530:2559
680712331:propagateValuesOnChangeOnly:5132287:5628
680712331:updateInputs:5138155:221
680712331:updateComponents:5138546:2611
680712331:propagateValuesOnChangeOnly:5141330:5513
680712331:updateInputs:5147085:221
680712331:updateComponents:5147472:2604
680712331:propagateValuesOnChangeOnly:5150259:5549
680712331:updateInputs:5156062:236
680712331:updateComponents:5156487:2547
680712331:propagateValuesOnChangeOnly:5159219:5529
680712331:updateInputs:5175713:240
680712331:updateComponents:5176161:2776
680712331:propagateValuesOnChangeOnly:5179144:5796
680712331:updateInputs:5185255:202
680712331:updateComponents:5185621:2570
680712331:propagateValuesOnChangeOnly:5188363:5640
680712331:updateInputs:5194258:224
680712331:updateComponents:5194661:2588
680712331:propagateValuesOnChangeOnly:5197422:5594
680712331:updateInputs:5203256:204
680712331:updateComponents:5203626:2509
680712331:propagateValuesOnChangeOnly:5206330:5864
680712331:updateInputs:5212439:212
680712331:updateComponents:5212828:2506
680712331:propagateValuesOnChangeOnly:5215507:5994
680712331:updateInputs:5221752:242
680712331:updateComponents:5222173:2478
680712331:propagateValuesOnChangeOnly:5224826:5615
680712331:updateInputs:5240097:243
680712331:updateComponents:5240559:2656
680712331:propagateValuesOnChangeOnly:5243418:5867
680712331:updateInputs:5249557:213
680712331:updateComponents:5249939:2453
680712331:propagateValuesOnChangeOnly:5252596:5589
680712331:updateInputs:5258431:205
680712331:updateComponents:5258805:2514
680712331:propagateValuesOnChangeOnly:5261496:5612
680712331:updateInputs:5267360:220
680712331:updateComponents:5267745:2519
680712331:propagateValuesOnChangeOnly:5270456:5467
680712331:updateInputs:5276167:211
680712331:updateComponents:5276556:2576
680712331:propagateValuesOnChangeOnly:5279310:5461
680712331:updateInputs:5285022:228
680712331:updateComponents:5285428:2523
680712331:propagateValuesOnChangeOnly:5288124:5421
680712331:updateInputs:5303230:229
680712331:updateComponents:5303677:2883
680712331:propagateValuesOnChangeOnly:5306744:5706
680712331:updateInputs:5312727:225
680712331:updateComponents:5313150:2600
680712331:propagateValuesOnChangeOnly:5315923:5642
680712331:updateInputs:5321815:226
680712331:updateComponents:5322233:2524
680712331:propagateValuesOnChangeOnly:5324929:5546
680712331:updateInputs:5330718:215
680712331:updateComponents:5331118:2556
680712331:propagateValuesOnChangeOnly:5333859:5538
680712331:updateInputs:5339632:237
680712331:updateComponents:5340037:2507
680712331:propagateValuesOnChangeOnly:5342760:5595
680712331:updateInputs:5348594:231
680712331:updateComponents:5349003:2574
680712331:propagateValuesOnChangeOnly:5351753:5543
680712331:updateInputs:5366885:236
680712331:updateComponents:5367332:2660
680712331:propagateValuesOnChangeOnly:5370177:5821
680712331:updateInputs:5376271:217
680712331:updateComponents:5376672:2480
680712331:propagateValuesOnChangeOnly:5379324:5735
680712331:updateInputs:5385294:221
680712331:updateComponents:5385706:2542
680712331:propagateValuesOnChangeOnly:5388421:5569
680712331:updateInputs:5394242:211
680712331:updateComponents:5394622:2480
680712331:propagateValuesOnChangeOnly:5397273:5559
680712331:updateInputs:5403105:229
680712331:updateComponents:5403502:2548
680712331:propagateValuesOnChangeOnly:5406237:5491
680712331:updateInputs:5411971:217
680712331:updateComponents:5412357:2563
680712331:propagateValuesOnChangeOnly:5415105:5442
680712331:updateInputs:5430284:252
680712331:updateComponents:5430738:2699
680712331:propagateValuesOnChangeOnly:5433621:5711
680712331:updateInputs:5439619:207
680712331:updateComponents:5440028:2652
680712331:propagateValuesOnChangeOnly:5442869:5621
680712331:updateInputs:5448735:201
680712331:updateComponents:5449106:2621
680712331:propagateValuesOnChangeOnly:5451898:5577
680712331:updateInputs:5457716:198
680712331:updateComponents:5458101:2615
680712331:propagateValuesOnChangeOnly:5460888:5671
680712331:updateInputs:5466823:201
680712331:updateComponents:5468278:2630
680712331:propagateValuesOnChangeOnly:5471096:5876
680712331:updateInputs:5477237:238
680712331:updateComponents:5477642:2617
680712331:propagateValuesOnChangeOnly:5480444:5560
680712331:updateInputs:5495688:217
680712331:updateComponents:5496132:2666
680712331:propagateValuesOnChangeOnly:5498981:5761
680712331:updateInputs:5505007:206
680712331:updateComponents:5505392:2629
680712331:propagateValuesOnChangeOnly:5508196:5662
680712331:updateInputs:5514105:218
680712331:updateComponents:5514507:2639
680712331:propagateValuesOnChangeOnly:5517320:5656
680712331:updateInputs:5523216:208
680712331:updateComponents:5523589:2539
680712331:propagateValuesOnChangeOnly:5526301:5491
680712331:updateInputs:5532043:209
680712331:updateComponents:5532430:2613
680712331:propagateValuesOnChangeOnly:5535235:5433
680712331:updateInputs:5540909:226
680712331:updateComponents:5541323:2682
680712331:propagateValuesOnChangeOnly:5544178:5504
680712331:updateInputs:5559367:245
680712331:updateComponents:5559815:2725
680712331:propagateValuesOnChangeOnly:5562737:5795
680712331:updateInputs:5568791:218
680712331:updateComponents:5569183:2594
680712331:propagateValuesOnChangeOnly:5571969:5650
680712331:updateInputs:5577880:203
680712331:updateComponents:5578274:2598
680712331:propagateValuesOnChangeOnly:5581063:5526
680712331:updateInputs:5586843:215
680712331:updateComponents:5587238:2514
680712331:propagateValuesOnChangeOnly:5589948:5514
680712331:updateInputs:5595716:217
680712331:updateComponents:5596103:2602
680712331:propagateValuesOnChangeOnly:5598892:5665
680712331:updateInputs:5604799:231
680712331:updateComponents:5605217:2611
680712331:propagateValuesOnChangeOnly:5608014:5587
680712331:updateInputs:5623328:221
680712331:updateComponents:5623777:2669
680712331:propagateValuesOnChangeOnly:5626627:5926
680712331:updateInputs:5632812:229
680712331:updateComponents:5633216:2602
680712331:propagateValuesOnChangeOnly:5635989:5822
680712331:updateInputs:5642060:209
680712331:updateComponents:5642437:2559
680712331:propagateValuesOnChangeOnly:5645170:5722
680712331:updateInputs:5651137:230
680712331:updateComponents:5651537:2556
680712331:propagateValuesOnChangeOnly:5654266:5577
680712331:updateInputs:5660080:212
680712331:updateComponents:5660458:2628
680712331:propagateValuesOnChangeOnly:5663270:5548
680712331:updateInputs:5669070:217
680712331:updateComponents:5669462:2607
680712331:propagateValuesOnChangeOnly:5672243:5578
680712331:updateInputs:5687541:262
680712331:updateComponents:5688011:2726
680712331:propagateValuesOnChangeOnly:5690953:5808
680712331:updateInputs:5697025:223
680712331:updateComponents:5697432:2581
680712331:propagateValuesOnChangeOnly:5700190:5691
680712331:updateInputs:5706119:226
680712331:updateComponents:5706538:2645
680712331:propagateValuesOnChangeOnly:5709355:5616
680712331:updateInputs:5715224:204
680712331:updateComponents:5715605:2573
680712331:propagateValuesOnChangeOnly:5718352:6018
680712331:updateInputs:5724620:249
680712331:updateComponents:5725041:2633
680712331:propagateValuesOnChangeOnly:5727858:6000
680712331:updateInputs:5734112:243
680712331:updateComponents:5734524:2692
680712331:propagateValuesOnChangeOnly:5737413:5704
680712331:updateInputs:5752830:256
680712331:updateComponents:5753293:2678
680712331:propagateValuesOnChangeOnly:5756153:5937
680712331:updateInputs:5784078:366
680712331:updateComponents:5784642:2625
680712331:propagateValuesOnChangeOnly:5787441:5760
680712331:updateInputs:5807218:238
680712331:updateComponents:5807653:2698
680712331:propagateValuesOnChangeOnly:5811597:5747
680712331:updateInputs:5817632:214
680712331:updateComponents:5818013:2578
680712331:propagateValuesOnChangeOnly:5820772:5481
680712331:updateInputs:5826497:214
680712331:updateComponents:5826890:2602
680712331:propagateValuesOnChangeOnly:5829679:5474
680712331:updateInputs:5835382:242
680712331:updateComponents:5835791:2583
680712331:propagateValuesOnChangeOnly:5838551:5446
680712331:updateInputs:5853888:275
680712331:updateComponents:5854375:2863
680712331:propagateValuesOnChangeOnly:5857412:5722
680712331:updateInputs:5863399:203
680712331:updateComponents:5863776:2638
680712331:propagateValuesOnChangeOnly:5866585:5665
680712331:updateInputs:5872509:203
680712331:updateComponents:5872877:2600
680712331:propagateValuesOnChangeOnly:5875646:5610
680712331:updateInputs:5881489:210
680712331:updateComponents:5881887:2608
680712331:propagateValuesOnChangeOnly:5884667:5474
680712331:updateInputs:5890375:205
680712331:updateComponents:5890754:2670
680712331:propagateValuesOnChangeOnly:5893599:5603
680712331:updateInputs:5899478:216
680712331:updateComponents:5899861:2600
680712331:propagateValuesOnChangeOnly:5902634:5535
680712331:updateInputs:5917886:239
680712331:updateComponents:5918360:2780
680712331:propagateValuesOnChangeOnly:5921339:5839
680712331:updateInputs:5927434:204
680712331:updateComponents:5927808:2507
680712331:propagateValuesOnChangeOnly:5930499:5698
680712331:updateInputs:5936444:222
680712331:updateComponents:5936833:2613
680712331:propagateValuesOnChangeOnly:5939619:5582
680712331:updateInputs:5945457:216
680712331:updateComponents:5945841:2635
680712331:propagateValuesOnChangeOnly:5948662:5554
680712331:updateInputs:5954459:215
680712331:updateComponents:5954865:2601
680712331:propagateValuesOnChangeOnly:5957648:5602
680712331:updateInputs:5963484:230
680712331:updateComponents:5963892:2570
680712331:propagateValuesOnChangeOnly:5966636:5414
680712331:updateInputs:5981700:274
680712331:updateComponents:5982196:2713
680712331:propagateValuesOnChangeOnly:5985102:5737
680712331:updateInputs:5991103:230
680712331:updateComponents:5991513:2593
680712331:propagateValuesOnChangeOnly:5994281:5622
680712331:updateInputs:6000179:201
680712331:updateComponents:6000571:2619
680712331:propagateValuesOnChangeOnly:6003367:5567
680712331:updateInputs:6009164:203
680712331:updateComponents:6009549:2616
680712331:propagateValuesOnChangeOnly:6012336:5671
680712331:updateInputs:6018238:213
680712331:updateComponents:6018631:2649
680712331:propagateValuesOnChangeOnly:6021456:5847
680712331:updateInputs:6027550:215
680712331:updateComponents:6027933:2538
680712331:propagateValuesOnChangeOnly:6030653:5496
680712331:updateInputs:6045909:242
680712331:updateComponents:6046361:2858
680712331:propagateValuesOnChangeOnly:6049412:5837
680712331:updateInputs:6055500:202
680712331:updateComponents:6055882:2596
680712331:propagateValuesOnChangeOnly:6058661:5646
680712331:updateInputs:6064540:225
680712331:updateComponents:6064943:2637
680712331:propagateValuesOnChangeOnly:6067782:5647
680712331:updateInputs:6073663:199
680712331:updateComponents:6074030:2595
680712331:propagateValuesOnChangeOnly:6076804:5545
680712331:updateInputs:6082605:216
680712331:updateComponents:6083000:2638
680712331:propagateValuesOnChangeOnly:6085810:5420
680712331:updateInputs:6091487:227
680712331:updateComponents:6091891:2580
680712331:propagateValuesOnChangeOnly:6094659:5430
680712331:updateInputs:6109789:287
680712331:updateComponents:6110293:2673
680712331:propagateValuesOnChangeOnly:6113163:5729
680712331:updateInputs:6119159:240
680712331:updateComponents:6120679:2620
680712331:propagateValuesOnChangeOnly:6123509:5653
680712331:updateInputs:6129440:224
680712331:updateComponents:6129836:2591
680712331:propagateValuesOnChangeOnly:6132609:5601
680712331:updateInputs:6138476:205
680712331:updateComponents:6138851:2570
680712331:propagateValuesOnChangeOnly:6141615:5547
680712331:updateInputs:6147414:208
680712331:updateComponents:6147803:2614
680712331:propagateValuesOnChangeOnly:6150605:5591
680712331:updateInputs:6156441:232
680712331:updateComponents:6156841:2597
680712331:propagateValuesOnChangeOnly:6159625:5516
680712331:updateInputs:6175066:267
680712331:updateComponents:6175548:2823
680712331:propagateValuesOnChangeOnly:6178556:5944
680712331:updateInputs:6184785:220
680712331:updateComponents:6185174:2595
680712331:propagateValuesOnChangeOnly:6187955:5763
680712331:updateInputs:6193966:224
680712331:updateComponents:6194376:2559
680712331:propagateValuesOnChangeOnly:6197105:5672
680712331:updateInputs:6203041:218
680712331:updateComponents:6203422:2576
680712331:propagateValuesOnChangeOnly:6206172:5547
680712331:updateInputs:6211951:220
680712331:updateComponents:6212340:2589
680712331:propagateValuesOnChangeOnly:6215113:5578
680712331:updateInputs:6220923:242
680712331:updateComponents:6221336:2670
680712331:propagateValuesOnChangeOnly:6224176:5495
680712331:updateInputs:6239271:263
680712331:updateComponents:6239766:2787
680712331:propagateValuesOnChangeOnly:6242726:5728
680712331:updateInputs:6248709:216
680712331:updateComponents:6249091:2556
680712331:propagateValuesOnChangeOnly:6251821:5666
680712331:updateInputs:6257722:235
680712331:updateComponents:6258149:2602
680712331:propagateValuesOnChangeOnly:6260921:5686
680712331:updateInputs:6266838:238
680712331:updateComponents:6267267:2568
680712331:propagateValuesOnChangeOnly:6270007:5824
680712331:updateInputs:6276070:219
680712331:updateComponents:6276457:2571
680712331:propagateValuesOnChangeOnly:6279207:6064
680712331:updateInputs:6285506:232
680712331:updateComponents:6285928:2562
680712331:propagateValuesOnChangeOnly:6288678:5560
680712331:updateInputs:6303929:242
680712331:updateComponents:6304414:2787
680712331:propagateValuesOnChangeOnly:6307393:32237
680712331:updateInputs:6339951:213
680712331:updateComponents:6340349:2688
680712331:propagateValuesOnChangeOnly:6343227:5758
680712331:updateInputs:6349238:224
680712331:updateComponents:6349632:2648
680712331:propagateValuesOnChangeOnly:6352466:19413
680712331:updateInputs:6372143:226
680712331:updateComponents:6372547:2620
680712331:propagateValuesOnChangeOnly:6375341:5576
680712331:updateInputs:6381152:222
680712331:updateComponents:6381553:2579
680712331:propagateValuesOnChangeOnly:6384328:32679
680712331:updateInputs:6417280:244
680712331:updateComponents:6417713:2697
680712331:propagateValuesOnChangeOnly:6420601:5633
680712331:updateInputs:6450657:240
680712331:updateComponents:6451167:2738
680712331:propagateValuesOnChangeOnly:6454096:5891
680712331:updateInputs:6460242:216
680712331:updateComponents:6460631:2636
680712331:propagateValuesOnChangeOnly:6463459:5627
680712331:updateInputs:6469343:205
680712331:updateComponents:6469737:2582
680712331:propagateValuesOnChangeOnly:6472527:5585
680712331:updateInputs:6478347:202
680712331:updateComponents:6478716:2623
680712331:propagateValuesOnChangeOnly:6481513:5538
680712331:updateInputs:6487295:206
680712331:updateComponents:6487669:2637
680712331:propagateValuesOnChangeOnly:6490478:5592
680712331:updateInputs:6496313:233
680712331:updateComponents:6496723:2557
680712331:propagateValuesOnChangeOnly:6500660:5695
680712331:updateInputs:6516207:275
680712331:updateComponents:6516695:2642
680712331:propagateValuesOnChangeOnly:6519535:5859
680712331:updateInputs:6525678:208
680712331:updateComponents:6526064:2535
680712331:propagateValuesOnChangeOnly:6528769:5759
680712331:updateInputs:6534774:214
680712331:updateComponents:6535166:2608
680712331:propagateValuesOnChangeOnly:6537948:5608
680712331:updateInputs:6543804:200
680712331:updateComponents:6544182:2596
680712331:propagateValuesOnChangeOnly:6546949:5522
680712331:updateInputs:6552730:215
680712331:updateComponents:6553112:2612
680712331:propagateValuesOnChangeOnly:6555892:5539
680712331:updateInputs:6562786:264
680712331:updateComponents:6563239:2793
680712331:propagateValuesOnChangeOnly:6566207:5529
680712331:updateInputs:6581564:288
680712331:updateComponents:6582071:2726
680712331:propagateValuesOnChangeOnly:6584985:5833
680712331:updateInputs:6591088:202
680712331:updateComponents:6591459:2616
680712331:propagateValuesOnChangeOnly:6594245:5592
680712331:updateInputs:6600071:200
680712331:updateComponents:6600439:2576
680712331:propagateValuesOnChangeOnly:6603198:5553
680712331:updateInputs:6608985:218
680712331:updateComponents:6609369:2612
680712331:propagateValuesOnChangeOnly:6612152:5701
680712331:updateInputs:6618122:200
680712331:updateComponents:6618493:2692
680712331:propagateValuesOnChangeOnly:6621371:5829
680712331:updateInputs:6627451:223
680712331:updateComponents:6627863:2644
680712331:propagateValuesOnChangeOnly:6630692:5500
680712331:updateInputs:6645976:235
680712331:updateComponents:6646424:2707
680712331:propagateValuesOnChangeOnly:6649338:5891
680712331:updateInputs:6655517:213
680712331:updateComponents:6655910:2572
680712331:propagateValuesOnChangeOnly:6658701:5789
680712331:updateInputs:6664724:207
680712331:updateComponents:6665102:2744
680712331:propagateValuesOnChangeOnly:6668021:6593
680712331:updateInputs:6674940:215
680712331:updateComponents:6675324:2617
680712331:propagateValuesOnChangeOnly:6678112:35360
680712331:updateInputs:6713760:238
680712331:updateComponents:6714202:2783
680712331:propagateValuesOnChangeOnly:6717196:5830
680712331:updateInputs:6723291:246
680712331:updateComponents:6723718:2885
680712331:propagateValuesOnChangeOnly:6726810:5904
680712331:updateInputs:6756419:234
680712331:updateComponents:6756893:2721
680712331:propagateValuesOnChangeOnly:6759806:5824
680712331:updateInputs:6765916:232
680712331:updateComponents:6766326:2695
680712331:propagateValuesOnChangeOnly:6769218:5628
680712331:updateInputs:6775112:214
680712331:updateComponents:6775491:2563
680712331:propagateValuesOnChangeOnly:6778259:5562
680712331:updateInputs:6784067:203
680712331:updateComponents:6784441:2610
680712331:propagateValuesOnChangeOnly:6787224:5516
680712331:updateInputs:6792987:218
680712331:updateComponents:6793382:2680
680712331:propagateValuesOnChangeOnly:6796237:5603
680712331:updateInputs:6802085:242
680712331:updateComponents:6802494:2575
680712331:propagateValuesOnChangeOnly:6805242:5574
680712331:updateInputs:6820593:245
680712331:updateComponents:6821044:2665
680712331:propagateValuesOnChangeOnly:6823937:25412
680712331:updateInputs:6849638:219
680712331:updateComponents:6850048:2659
680712331:propagateValuesOnChangeOnly:6852883:6071
680712331:updateInputs:6859194:235
680712331:updateComponents:6859625:22412
680712331:propagateValuesOnChangeOnly:6882259:6194
680712331:updateInputs:6888755:219
680712331:updateComponents:6889154:3620
680712331:propagateValuesOnChangeOnly:6892984:6079
680712331:updateInputs:6900582:243
680712331:updateComponents:6901060:2884
680712331:propagateValuesOnChangeOnly:6904162:5998
680712331:updateInputs:6910446:232
680712331:updateComponents:6910873:2819
680712331:propagateValuesOnChangeOnly:6913903:19559
680712331:updateInputs:6943681:236
680712331:updateComponents:6944163:2705
680712331:propagateValuesOnChangeOnly:6947064:6101
680712331:updateInputs:6953464:215
680712331:updateComponents:6953849:2698
680712331:propagateValuesOnChangeOnly:6956733:5761
680712331:updateInputs:6962735:237
680712331:updateComponents:6963144:2609
680712331:propagateValuesOnChangeOnly:6965931:19326
680712331:updateInputs:6985521:207
680712331:updateComponents:6985898:2612
680712331:propagateValuesOnChangeOnly:6988681:5997
680712331:updateInputs:6994917:217
680712331:updateComponents:6995311:2608
680712331:propagateValuesOnChangeOnly:6998110:6034
680712331:updateInputs:7004373:216
680712331:updateComponents:7004757:2594
680712331:propagateValuesOnChangeOnly:7007523:5616
680712331:updateInputs:7023173:240
680712331:updateComponents:7023625:2678
680712331:propagateValuesOnChangeOnly:7026480:5973
680712331:updateInputs:7032731:228
680712331:updateComponents:7033125:2562
680712331:propagateValuesOnChangeOnly:7035884:5644
680712331:updateInputs:7041779:214
680712331:updateComponents:7042179:2612
680712331:propagateValuesOnChangeOnly:7044964:5683
680712331:updateInputs:7050880:213
680712331:updateComponents:7051259:2589
680712331:propagateValuesOnChangeOnly:7054023:5530
680712331:updateInputs:7059783:466
680712331:updateComponents:7060412:2644
680712331:propagateValuesOnChangeOnly:7063242:5443
680712331:updateInputs:7068925:229
680712331:updateComponents:7069319:2523
680712331:propagateValuesOnChangeOnly:7072026:5431
680712331:updateInputs:7087201:262
680712331:updateComponents:7087701:2688
680712331:propagateValuesOnChangeOnly:7090576:5722
680712331:updateInputs:7096561:237
680712331:updateComponents:7096966:2491
680712331:propagateValuesOnChangeOnly:7099635:5604
680712331:updateInputs:7105487:220
680712331:updateComponents:7105875:2517
680712331:propagateValuesOnChangeOnly:7108564:5578
680712331:updateInputs:7114386:214
680712331:updateComponents:7114788:2468
680712331:propagateValuesOnChangeOnly:7117445:5554
680712331:updateInputs:7123259:205
680712331:updateComponents:7123632:2517
680712331:propagateValuesOnChangeOnly:7126322:5568
680712331:updateInputs:7132140:218
680712331:updateComponents:7132532:2453
680712331:propagateValuesOnChangeOnly:7135179:5543
680712331:updateInputs:7150422:261
680712331:updateComponents:7150904:2562
680712331:propagateValuesOnChangeOnly:7153673:5830
680712331:updateInputs:7159771:205
680712331:updateComponents:7160182:2485
680712331:propagateValuesOnChangeOnly:7162851:5713
680712331:updateInputs:7168800:216
680712331:updateComponents:7169208:2531
680712331:propagateValuesOnChangeOnly:7171912:5687
680712331:updateInputs:7177841:212
680712331:updateComponents:7178222:2533
680712331:propagateValuesOnChangeOnly:7180951:5564
680712331:updateInputs:7186753:203
680712331:updateComponents:7187135:2600
680712331:propagateValuesOnChangeOnly:7189923:5530
680712331:updateInputs:7195695:219
680712331:updateComponents:7196113:2488
680712331:propagateValuesOnChangeOnly:7198771:5448
680712331:updateInputs:7214040:247
680712331:updateComponents:7214498:2718
680712331:propagateValuesOnChangeOnly:7217410:5786
680712331:updateInputs:7223486:205
680712331:updateComponents:7223858:2486
680712331:propagateValuesOnChangeOnly:7226517:5649
680712331:updateInputs:7232431:204
680712331:updateComponents:7232803:2585
680712331:propagateValuesOnChangeOnly:7236737:5797
680712331:updateInputs:7242824:211
680712331:updateComponents:7243212:2555
680712331:propagateValuesOnChangeOnly:7245962:5750
680712331:updateInputs:7251966:221
680712331:updateComponents:7252356:2481
680712331:propagateValuesOnChangeOnly:7255010:5882
680712331:Run loop:476856:6784298
680712331:main:187:7342787
