2914079755:updateInputs:3662539:705
2914079755:updateComponents:3700784:29067
2914079755:propagateValues:3730856:90410
2914079755:Init circuit:2283235:1577242
2914079755:updateInputs:3860709:403
2914079755:updateComponents:3861720:23142
2914079755:propagateValuesOnChangeOnly:3885013:36942
2914079755:updateInputs:3959255:272
2914079755:updateComponents:3959669:22324
2914079755:propagateValuesOnChangeOnly:3982719:36365
2914079755:updateInputs:4055723:219
2914079755:updateComponents:4056038:21934
2914079755:propagateValuesOnChangeOnly:4078112:35608
2914079755:updateInputs:4150007:215
2914079755:updateComponents:4150335:21667
2914079755:propagateValuesOnChangeOnly:4172151:35533
2914079755:updateInputs:4243845:281
2914079755:updateComponents:4253190:21636
2914079755:propagateValuesOnChangeOnly:4275000:35418
2914079755:updateInputs:4347354:246
2914079755:updateComponents:4347735:21778
2914079755:propagateValuesOnChangeOnly:4369648:36445
2914079755:updateInputs:4442203:181
2914079755:updateComponents:4442501:21889
2914079755:propagateValuesOnChangeOnly:4464526:35781
2914079755:updateInputs:4536473:250
2914079755:updateComponents:4536851:21817
2914079755:propagateValuesOnChangeOnly:4558806:36007
2914079755:updateInputs:4631371:182
2914079755:updateComponents:4631676:21823
2914079755:propagateValuesOnChangeOnly:4653634:39930
2914079755:updateInputs:4729852:289
2914079755:updateComponents:4730268:21698
2914079755:propagateValuesOnChangeOnly:4752815:41825
2914079755:updateInputs:4831235:231
2914079755:updateComponents:4831593:21773
2914079755:propagateValuesOnChangeOnly:4853496:41425
2914079755:updateInputs:4931136:185
2914079755:updateComponents:4931436:21666
2914079755:propagateValuesOnChangeOnly:4953237:41717
2914079755:updateInputs:5031211:180
2914079755:updateComponents:5031502:21712
2914079755:propagateValuesOnChangeOnly:5053340:38690
2914079755:updateInputs:5130612:188
2914079755:updateComponents:5130927:21619
2914079755:propagateValuesOnChangeOnly:5152682:35959
2914079755:updateInputs:5225069:168
2914079755:updateComponents:5225366:21770
2914079755:propagateValuesOnChangeOnly:5247273:35579
2914079755:updateInputs:5319159:180
2914079755:updateComponents:5319461:21537
2914079755:propagateValuesOnChangeOnly:5341128:35529
2914079755:updateInputs:5412985:177
2914079755:updateComponents:5413285:21775
2914079755:propagateValuesOnChangeOnly:5435189:35520
2914079755:updateInputs:5506947:162
2914079755:updateComponents:5507218:21669
2914079755:propagateValuesOnChangeOnly:5529030:35570
2914079755:updateInputs:5600802:169
2914079755:updateComponents:5601085:21738
2914079755:propagateValuesOnChangeOnly:5622959:35278
2914079755:updateInputs:5694547:169
2914079755:updateComponents:5694841:21741
2914079755:propagateValuesOnChangeOnly:5716722:35403
2914079755:updateInputs:5788446:160
2914079755:updateComponents:5791869:21688
2914079755:propagateValuesOnChangeOnly:5813688:35755
2914079755:updateInputs:5885880:166
2914079755:updateComponents:5886164:21752
2914079755:propagateValuesOnChangeOnly:5908032:35596
2914079755:updateInputs:5979887:192
2914079755:updateComponents:5980189:21813
2914079755:propagateValuesOnChangeOnly:6002130:35513
2914079755:updateInputs:6073860:170
2914079755:updateComponents:6074136:21948
2914079755:propagateValuesOnChangeOnly:6096218:35490
2914079755:updateInputs:6168048:167
2914079755:updateComponents:6168323:21782
2914079755:propagateValuesOnChangeOnly:6190222:35630
2914079755:updateInputs:6262205:175
2914079755:updateComponents:6262493:21763
2914079755:propagateValuesOnChangeOnly:6284371:35567
2914079755:updateInputs:6356214:193
2914079755:updateComponents:6356532:21886
2914079755:propagateValuesOnChangeOnly:6378548:35315
2914079755:updateInputs:6450100:168
2914079755:updateComponents:6450384:21771
2914079755:propagateValuesOnChangeOnly:6472293:35555
2914079755:updateInputs:6544043:173
2914079755:updateComponents:6544334:21778
2914079755:propagateValuesOnChangeOnly:6566241:35504
2914079755:updateInputs:6637961:169
2914079755:updateComponents:6638247:21895
2914079755:propagateValuesOnChangeOnly:6660275:35393
2914079755:updateInputs:6732005:174
2914079755:updateComponents:6732314:21843
2914079755:propagateValuesOnChangeOnly:6754282:39138
2914079755:updateInputs:6830396:229
2914079755:updateComponents:6830776:22028
2914079755:propagateValuesOnChangeOnly:6852956:35588
2914079755:updateInputs:6925033:179
2914079755:updateComponents:6925336:21949
2914079755:propagateValuesOnChangeOnly:6947428:35361
2914079755:updateInputs:7019125:168
2914079755:updateComponents:7019403:21547
2914079755:propagateValuesOnChangeOnly:7041077:35549
2914079755:updateInputs:7112897:167
2914079755:updateComponents:7113206:21612
2914079755:propagateValuesOnChangeOnly:7134955:35556
2914079755:updateInputs:7206827:167
2914079755:updateComponents:7207119:21488
2914079755:propagateValuesOnChangeOnly:7228746:35588
2914079755:updateInputs:7300589:187
2914079755:updateComponents:7300877:21785
2914079755:propagateValuesOnChangeOnly:7322795:35503
2914079755:updateInputs:7394550:170
2914079755:updateComponents:7394835:21760
2914079755:propagateValuesOnChangeOnly:7416724:35704
2914079755:updateInputs:7488614:158
2914079755:updateComponents:7488885:21805
2914079755:propagateValuesOnChangeOnly:7510823:35472
2914079755:updateInputs:7582512:225
2914079755:updateComponents:7582862:21718
2914079755:propagateValuesOnChangeOnly:7604705:35361
2914079755:updateInputs:7676201:179
2914079755:updateComponents:7676492:21711
2914079755:propagateValuesOnChangeOnly:7698343:35748
2914079755:updateInputs:7770408:165
2914079755:updateComponents:7770690:21668
2914079755:propagateValuesOnChangeOnly:7797429:35580
2914079755:updateInputs:7944002:288
2914079755:updateComponents:7944428:21986
2914079755:propagateValuesOnChangeOnly:7966552:37509
2914079755:updateInputs:8040849:176
2914079755:updateComponents:8041150:21755
2914079755:propagateValuesOnChangeOnly:8063034:36227
2914079755:updateInputs:8135468:197
2914079755:updateComponents:8135791:21886
2914079755:propagateValuesOnChangeOnly:8157818:35514
2914079755:updateInputs:8229634:169
2914079755:updateComponents:8229923:21630
2914079755:propagateValuesOnChangeOnly:8251677:35607
2914079755:updateInputs:8323531:167
2914079755:updateComponents:8323807:21766
2914079755:propagateValuesOnChangeOnly:8345706:35556
2914079755:updateInputs:8422227:300
2914079755:updateComponents:8422689:22175
2914079755:propagateValuesOnChangeOnly:8444998:35569
2914079755:updateInputs:8517303:191
2914079755:updateComponents:8517616:21791
2914079755:propagateValuesOnChangeOnly:8539541:36164
2914079755:updateInputs:8634612:798
2914079755:updateComponents:8635778:45000
2914079755:propagateValuesOnChangeOnly:8680942:39630
2914079755:updateInputs:8757966:348
2914079755:updateComponents:8758457:21530
2914079755:propagateValuesOnChangeOnly:8780118:34094
2914079755:updateInputs:8850273:255
2914079755:updateComponents:8850673:21412
2914079755:propagateValuesOnChangeOnly:8872226:33886
2914079755:updateInputs:8942206:208
2914079755:updateComponents:8942543:21268
2914079755:propagateValuesOnChangeOnly:8963942:33963
2914079755:updateInputs:9072514:593
2914079755:updateComponents:9073400:38060
2914079755:propagateValuesOnChangeOnly:9111640:35081
2914079755:updateInputs:9197095:296
2914079755:updateComponents:9197552:21632
2914079755:propagateValuesOnChangeOnly:9219322:33683
2914079755:updateInputs:9289350:177
2914079755:updateComponents:9289651:21388
2914079755:propagateValuesOnChangeOnly:9311173:33396
2914079755:updateInputs:9380690:166
2914079755:updateComponents:9380979:21262
2914079755:propagateValuesOnChangeOnly:9402372:33062
2914079755:updateInputs:9471456:176
2914079755:updateComponents:9471760:21497
2914079755:propagateValuesOnChangeOnly:9493378:33215
2914079755:updateInputs:9562581:167
2914079755:updateComponents:9562852:21318
2914079755:propagateValuesOnChangeOnly:9584289:33116
2914079755:updateInputs:9653323:207
2914079755:updateComponents:9653668:21128
2914079755:propagateValuesOnChangeOnly:9674915:33120
2914079755:updateInputs:9744121:161
2914079755:updateComponents:9744411:21280
2914079755:propagateValuesOnChangeOnly:9765827:33445
2914079755:updateInputs:9835268:168
2914079755:updateComponents:9835557:21246
2914079755:propagateValuesOnChangeOnly:9856936:33418
2914079755:updateInputs:9926336:162
2914079755:updateComponents:9926607:21218
2914079755:propagateValuesOnChangeOnly:9947940:34981
2914079755:updateInputs:10021871:179
2914079755:updateComponents:10022166:21141
2914079755:propagateValuesOnChangeOnly:10043432:33406
2914079755:updateInputs:10112888:164
2914079755:updateComponents:10113175:21153
2914079755:propagateValuesOnChangeOnly:10134459:33470
2914079755:updateInputs:10203991:181
2914079755:updateComponents:10204293:21161
2914079755:propagateValuesOnChangeOnly:10225587:33399
2914079755:updateInputs:10294935:177
2914079755:updateComponents:10295220:21546
2914079755:propagateValuesOnChangeOnly:10316895:33336
2914079755:updateInputs:10386272:159
2914079755:updateComponents:10386542:21194
2914079755:propagateValuesOnChangeOnly:10407856:33031
2914079755:updateInputs:10476866:164
2914079755:updateComponents:10477149:21213
2914079755:propagateValuesOnChangeOnly:10498477:34000
2914079755:updateInputs:10568632:182
2914079755:updateComponents:10568921:21205
2914079755:propagateValuesOnChangeOnly:10590274:33109
2914079755:updateInputs:10659311:185
2914079755:updateComponents:10659619:21284
2914079755:propagateValuesOnChangeOnly:10681023:33003
2914079755:updateInputs:10749824:162
2914079755:updateComponents:10750082:21210
2914079755:propagateValuesOnChangeOnly:10771422:32976
2914079755:updateInputs:10840233:165
2914079755:updateComponents:10840507:21083
2914079755:propagateValuesOnChangeOnly:10861710:33023
2914079755:updateInputs:10930528:164
2914079755:updateComponents:10930791:21149
2914079755:propagateValuesOnChangeOnly:10952073:32934
2914079755:updateInputs:11020916:166
2914079755:updateComponents:11021189:21202
2914079755:propagateValuesOnChangeOnly:11042520:33100
2914079755:updateInputs:11111543:167
2914079755:updateComponents:11111820:21278
2914079755:propagateValuesOnChangeOnly:11133223:33034
2914079755:updateInputs:11202077:170
2914079755:updateComponents:11202372:21178
2914079755:propagateValuesOnChangeOnly:11223669:32788
2914079755:updateInputs:11306373:167
2914079755:updateComponents:11306657:20468
2914079755:propagateValuesOnChangeOnly:11327246:31861
2914079755:updateInputs:11393793:164
2914079755:updateComponents:11394067:20415
2914079755:propagateValuesOnChangeOnly:11414610:32006
2914079755:updateInputs:11481206:208
2914079755:updateComponents:11481550:20448
2914079755:propagateValuesOnChangeOnly:11502121:31885
2914079755:updateInputs:11568692:217
2914079755:updateComponents:11569023:20311
2914079755:propagateValuesOnChangeOnly:11589466:31816
2914079755:updateInputs:11656029:178
2914079755:updateComponents:11656316:20439
2914079755:propagateValuesOnChangeOnly:11676875:31846
2914079755:updateInputs:11743468:164
2914079755:updateComponents:11743742:20506
2914079755:propagateValuesOnChangeOnly:11764377:31959
2914079755:updateInputs:11831040:165
2914079755:updateComponents:11831321:20455
2914079755:propagateValuesOnChangeOnly:11851895:31914
2914079755:updateInputs:11918557:168
2914079755:updateComponents:11932113:20692
2914079755:propagateValuesOnChangeOnly:11952929:31875
2914079755:updateInputs:12020123:209
2914079755:updateComponents:12020450:20527
2914079755:propagateValuesOnChangeOnly:12041104:31844
2914079755:updateInputs:12140363:289
2914079755:updateComponents:12140792:20548
2914079755:propagateValuesOnChangeOnly:12161457:32017
2914079755:updateInputs:12229029:169
2914079755:updateComponents:12229297:20418
2914079755:propagateValuesOnChangeOnly:12249847:31815
2914079755:updateInputs:12318636:181
2914079755:updateComponents:12318930:20645
2914079755:propagateValuesOnChangeOnly:12339701:32072
2914079755:updateInputs:12406573:165
2914079755:updateComponents:12406856:20562
2914079755:propagateValuesOnChangeOnly:12427531:31786
2914079755:updateInputs:12494056:162
2914079755:updateComponents:12494330:20452
2914079755:propagateValuesOnChangeOnly:12514901:31938
2914079755:updateInputs:12581607:186
2914079755:updateComponents:12581903:20502
2914079755:propagateValuesOnChangeOnly:12602520:32010
2914079755:updateInputs:12669331:165
2914079755:updateComponents:12669616:20386
2914079755:propagateValuesOnChangeOnly:12690112:31971
2914079755:updateInputs:12756847:160
2914079755:updateComponents:12757112:20633
2914079755:propagateValuesOnChangeOnly:12777862:31952
2914079755:updateInputs:12844554:156
2914079755:updateComponents:12844821:20460
2914079755:propagateValuesOnChangeOnly:12865393:31889
2914079755:updateInputs:12932032:174
2914079755:updateComponents:12932328:20462
2914079755:propagateValuesOnChangeOnly:12952911:31979
2914079755:updateInputs:13019646:160
2914079755:updateComponents:13019901:20590
2914079755:propagateValuesOnChangeOnly:13040610:31986
2914079755:updateInputs:13107391:158
2914079755:updateComponents:13107668:20503
2914079755:propagateValuesOnChangeOnly:13128291:31993
2914079755:updateInputs:13195017:165
2914079755:updateComponents:13195291:20556
2914079755:propagateValuesOnChangeOnly:13215982:32156
2914079755:updateInputs:13282854:208
2914079755:updateComponents:13283205:20608
2914079755:propagateValuesOnChangeOnly:13303946:32197
2914079755:updateInputs:13370957:175
2914079755:updateComponents:13371252:20607
2914079755:propagateValuesOnChangeOnly:13391991:33660
2914079755:updateInputs:13460496:166
2914079755:updateComponents:13460766:20616
2914079755:propagateValuesOnChangeOnly:13481491:36413
2914079755:updateInputs:13552757:169
2914079755:updateComponents:13553018:20526
2914079755:propagateValuesOnChangeOnly:13573668:33632
2914079755:updateInputs:13642059:160
2914079755:updateComponents:13642334:20498
2914079755:propagateValuesOnChangeOnly:13662959:36869
2914079755:updateInputs:13734524:157
2914079755:updateComponents:13734800:20437
2914079755:propagateValuesOnChangeOnly:13755369:35215
2914079755:updateInputs:13825189:167
2914079755:updateComponents:13825468:20480
2914079755:propagateValuesOnChangeOnly:13846082:31971
2914079755:updateInputs:13912779:165
2914079755:updateComponents:13913056:20423
2914079755:propagateValuesOnChangeOnly:13933605:31908
2914079755:updateInputs:14000181:183
2914079755:updateComponents:14000485:20597
2914079755:propagateValuesOnChangeOnly:14021205:31856
2914079755:updateInputs:14087741:164
2914079755:updateComponents:14088016:20459
2914079755:propagateValuesOnChangeOnly:14108591:31864
2914079755:updateInputs:14177811:174
2914079755:updateComponents:14178095:20412
2914079755:propagateValuesOnChangeOnly:14198643:31941
2914079755:updateInputs:14278877:159
2914079755:updateComponents:14279155:19868
2914079755:propagateValuesOnChangeOnly:14299132:30838
2914079755:updateInputs:14363541:164
2914079755:updateComponents:14363808:19755
2914079755:propagateValuesOnChangeOnly:14383682:30947
2914079755:updateInputs:14448223:163
2914079755:updateComponents:14448486:19802
2914079755:propagateValuesOnChangeOnly:14468406:30867
2914079755:updateInputs:14532873:155
2914079755:updateComponents:14533130:19745
2914079755:propagateValuesOnChangeOnly:14552991:30949
2914079755:updateInputs:14617569:152
2914079755:updateComponents:14617815:19851
2914079755:propagateValuesOnChangeOnly:14637780:31082
2914079755:updateInputs:14702434:159
2914079755:updateComponents:14702684:19848
2914079755:propagateValuesOnChangeOnly:14722666:30895
2914079755:updateInputs:14787161:161
2914079755:updateComponents:14787429:19748
2914079755:propagateValuesOnChangeOnly:14807293:30885
2914079755:updateInputs:14871800:159
2914079755:updateComponents:14872062:19859
2914079755:propagateValuesOnChangeOnly:14892041:30842
2914079755:updateInputs:14956549:159
2914079755:updateComponents:14956811:19820
2914079755:propagateValuesOnChangeOnly:14976744:30976
2914079755:updateInputs:15041321:183
2914079755:updateComponents:15041629:19793
2914079755:propagateValuesOnChangeOnly:15061601:30725
2914079755:updateInputs:15125922:160
2914079755:updateComponents:15126191:19793
2914079755:propagateValuesOnChangeOnly:15146097:30706
2914079755:updateInputs:15210402:162
2914079755:updateComponents:15210671:19818
2914079755:propagateValuesOnChangeOnly:15230606:30885
2914079755:updateInputs:15295123:167
2914079755:updateComponents:15295416:19886
2914079755:propagateValuesOnChangeOnly:15315416:30901
2914079755:updateInputs:15379902:162
2914079755:updateComponents:15380179:19765
2914079755:propagateValuesOnChangeOnly:15400061:30803
2914079755:updateInputs:15464483:160
2914079755:updateComponents:15464734:19761
2914079755:propagateValuesOnChangeOnly:15484609:30832
2914079755:updateInputs:15549020:155
2914079755:updateComponents:15549266:19840
2914079755:propagateValuesOnChangeOnly:15569217:30844
2914079755:updateInputs:15633700:152
2914079755:updateComponents:15633945:19887
2914079755:propagateValuesOnChangeOnly:15653961:30715
2914079755:updateInputs:15718345:153
2914079755:updateComponents:15718612:19930
2914079755:propagateValuesOnChangeOnly:15738661:30953
2914079755:updateInputs:15803276:158
2914079755:updateComponents:15803537:19802
2914079755:propagateValuesOnChangeOnly:15823459:30822
2914079755:updateInputs:15888001:150
2914079755:updateComponents:15888253:24142
2914079755:propagateValuesOnChangeOnly:15912541:31335
2914079755:updateInputs:15996864:244
2914079755:updateComponents:15997216:20118
2914079755:propagateValuesOnChangeOnly:16017450:31016
2914079755:updateInputs:16082298:168
2914079755:updateComponents:16082582:19854
2914079755:propagateValuesOnChangeOnly:16102552:30918
2914079755:updateInputs:16167229:157
2914079755:updateComponents:16167489:19900
2914079755:propagateValuesOnChangeOnly:16187495:30970
2914079755:updateInputs:16252071:156
2914079755:updateComponents:16252341:19925
2914079755:propagateValuesOnChangeOnly:16272390:31060
2914079755:updateInputs:16337273:169
2914079755:updateComponents:16337556:19894
2914079755:propagateValuesOnChangeOnly:16357572:31838
2914079755:updateInputs:16423189:160
2914079755:updateComponents:16423453:19794
2914079755:propagateValuesOnChangeOnly:16443367:31179
2914079755:updateInputs:16508279:157
2914079755:updateComponents:16508551:19954
2914079755:propagateValuesOnChangeOnly:16528624:30980
2914079755:updateInputs:16649421:525
2914079755:updateComponents:16650293:25352
2914079755:propagateValuesOnChangeOnly:16680468:34287
2914079755:updateInputs:16750250:235
2914079755:updateComponents:16750609:20587
2914079755:propagateValuesOnChangeOnly:16771327:33368
2914079755:updateInputs:16838796:190
2914079755:updateComponents:16839121:20344
2914079755:propagateValuesOnChangeOnly:16859596:33101
2914079755:updateInputs:16926780:179
2914079755:updateComponents:16927078:20450
2914079755:propagateValuesOnChangeOnly:16947659:33114
2914079755:updateInputs:17014788:171
2914079755:updateComponents:17015048:20529
2914079755:propagateValuesOnChangeOnly:17035700:33193
2914079755:updateInputs:17102798:171
2914079755:updateComponents:17103075:20448
2914079755:propagateValuesOnChangeOnly:17123641:33429
2914079755:updateInputs:17190996:161
2914079755:updateComponents:17191266:20382
2914079755:propagateValuesOnChangeOnly:17211768:33157
2914079755:updateInputs:17278922:163
2914079755:updateComponents:17279198:20590
2914079755:propagateValuesOnChangeOnly:17299907:33334
2914079755:updateInputs:17367442:162
2914079755:updateComponents:17367710:20503
2914079755:propagateValuesOnChangeOnly:17388332:33292
2914079755:updateInputs:17455696:179
2914079755:updateComponents:17455982:23226
2914079755:propagateValuesOnChangeOnly:17479473:51818
2914079755:updateInputs:17571612:500
2914079755:updateComponents:17572319:26715
2914079755:propagateValuesOnChangeOnly:17599201:33442
2914079755:updateInputs:17668234:264
2914079755:updateComponents:17668637:20506
2914079755:propagateValuesOnChangeOnly:17689273:31869
2914079755:Run loop:3860654:13894398
2914079755:main:154:19110817
