671311655:updateInputs:115691:189
671311655:updateComponents:126177:538
671311655:propagateValues:127018:832
671311655:Init circuit:92609:39834
671311655:updateInputs:132594:216
671311655:updateComponents:133148:427
671311655:propagateValuesOnChangeOnly:133668:617
671311655:updateInputs:137313:127
671311655:updateComponents:137550:314
671311655:propagateValuesOnChangeOnly:138203:531
671311655:updateInputs:141616:122
671311655:updateComponents:141809:266
671311655:propagateValuesOnChangeOnly:142155:507
671311655:updateInputs:145513:71
671311655:updateComponents:145656:265
671311655:propagateValuesOnChangeOnly:145992:484
671311655:updateInputs:149338:71
671311655:updateComponents:151389:316
671311655:propagateValuesOnChangeOnly:151789:479
671311655:updateInputs:155302:75
671311655:updateComponents:155448:277
671311655:propagateValuesOnChangeOnly:155798:464
671311655:updateInputs:159183:68
671311655:updateComponents:159322:267
671311655:propagateValuesOnChangeOnly:159663:469
671311655:updateInputs:162983:108
671311655:updateComponents:163169:266
671311655:propagateValuesOnChangeOnly:163507:440
671311655:updateInputs:166773:81
671311655:updateComponents:166925:263
671311655:propagateValuesOnChangeOnly:167266:519
671311655:updateInputs:170635:70
671311655:updateComponents:170776:266
671311655:propagateValuesOnChangeOnly:172884:524
671311655:updateInputs:176504:78
671311655:updateComponents:176669:284
671311655:propagateValuesOnChangeOnly:177025:501
671311655:updateInputs:180431:69
671311655:updateComponents:180571:268
671311655:propagateValuesOnChangeOnly:180916:457
671311655:updateInputs:184224:108
671311655:updateComponents:184405:266
671311655:propagateValuesOnChangeOnly:184749:430
671311655:updateInputs:188056:89
671311655:updateComponents:188216:261
671311655:propagateValuesOnChangeOnly:188549:488
671311655:updateInputs:191931:101
671311655:updateComponents:192105:265
671311655:propagateValuesOnChangeOnly:192442:487
671311655:updateInputs:195814:122
671311655:updateComponents:196008:263
671311655:propagateValuesOnChangeOnly:196349:503
671311655:updateInputs:199714:107
671311655:updateComponents:199894:265
671311655:propagateValuesOnChangeOnly:200231:524
671311655:updateInputs:203636:70
671311655:updateComponents:203778:265
671311655:propagateValuesOnChangeOnly:204116:502
671311655:updateInputs:207502:69
671311655:updateComponents:207643:266
671311655:propagateValuesOnChangeOnly:207982:495
671311655:updateInputs:211313:86
671311655:updateComponents:211469:270
671311655:propagateValuesOnChangeOnly:211825:443
671311655:updateInputs:215110:95
671311655:updateComponents:217140:325
671311655:propagateValuesOnChangeOnly:217538:453
671311655:updateInputs:220982:75
671311655:updateComponents:221146:267
671311655:propagateValuesOnChangeOnly:221485:425
671311655:updateInputs:224764:70
671311655:updateComponents:224905:264
671311655:propagateValuesOnChangeOnly:225241:425
671311655:updateInputs:228520:87
671311655:updateComponents:228679:267
671311655:propagateValuesOnChangeOnly:229018:426
671311655:updateInputs:232312:69
671311655:updateComponents:232452:266
671311655:propagateValuesOnChangeOnly:232791:477
671311655:updateInputs:236126:72
671311655:updateComponents:236269:263
671311655:propagateValuesOnChangeOnly:236616:461
671311655:updateInputs:239921:75
671311655:updateComponents:240067:265
671311655:propagateValuesOnChangeOnly:240405:477
671311655:updateInputs:243771:142
671311655:updateComponents:243987:262
671311655:propagateValuesOnChangeOnly:244335:444
671311655:updateInputs:247664:77
671311655:updateComponents:247811:267
671311655:propagateValuesOnChangeOnly:248150:523
671311655:updateInputs:251539:75
671311655:updateComponents:251685:263
671311655:propagateValuesOnChangeOnly:252020:481
671311655:updateInputs:255342:117
671311655:updateComponents:255530:267
671311655:propagateValuesOnChangeOnly:255870:434
671311655:updateInputs:259153:136
671311655:updateComponents:259360:263
671311655:propagateValuesOnChangeOnly:259700:510
671311655:updateInputs:263063:101
671311655:updateComponents:263235:270
671311655:propagateValuesOnChangeOnly:263578:504
671311655:updateInputs:266948:70
671311655:updateComponents:267089:267
671311655:propagateValuesOnChangeOnly:267428:455
671311655:updateInputs:270737:99
671311655:updateComponents:270907:266
671311655:propagateValuesOnChangeOnly:271245:457
671311655:updateInputs:274548:74
671311655:updateComponents:274693:268
671311655:propagateValuesOnChangeOnly:275041:429
671311655:updateInputs:278312:74
671311655:updateComponents:278457:266
671311655:propagateValuesOnChangeOnly:278800:455
671311655:updateInputs:282095:69
671311655:updateComponents:282236:262
671311655:propagateValuesOnChangeOnly:282570:426
671311655:updateInputs:287230:76
671311655:updateComponents:287382:272
671311655:propagateValuesOnChangeOnly:287727:442
671311655:updateInputs:291050:89
671311655:updateComponents:291210:263
671311655:propagateValuesOnChangeOnly:291547:440
671311655:updateInputs:294843:90
671311655:updateComponents:295005:261
671311655:propagateValuesOnChangeOnly:295339:462
671311655:updateInputs:298674:77
671311655:updateComponents:298825:266
671311655:propagateValuesOnChangeOnly:301453:529
671311655:updateInputs:304955:84
671311655:updateComponents:305114:278
671311655:propagateValuesOnChangeOnly:305464:457
671311655:updateInputs:308787:74
671311655:updateComponents:308932:266
671311655:propagateValuesOnChangeOnly:309276:423
671311655:updateInputs:312570:95
671311655:updateComponents:312735:272
671311655:propagateValuesOnChangeOnly:313084:430
671311655:updateInputs:316382:76
671311655:updateComponents:316528:268
671311655:propagateValuesOnChangeOnly:316869:428
671311655:updateInputs:320183:75
671311655:updateComponents:320330:262
671311655:propagateValuesOnChangeOnly:320664:431
671311655:updateInputs:323944:88
671311655:updateComponents:324103:263
671311655:propagateValuesOnChangeOnly:324445:439
671311655:updateInputs:327727:91
671311655:updateComponents:327888:266
671311655:propagateValuesOnChangeOnly:328231:462
671311655:updateInputs:331528:75
671311655:updateComponents:331674:265
671311655:propagateValuesOnChangeOnly:332013:446
671311655:updateInputs:335285:77
671311655:updateComponents:335438:267
671311655:propagateValuesOnChangeOnly:335778:448
671311655:updateInputs:339078:75
671311655:updateComponents:339224:263
671311655:propagateValuesOnChangeOnly:339564:432
671311655:updateInputs:342824:90
671311655:updateComponents:344309:307
671311655:propagateValuesOnChangeOnly:344692:453
671311655:updateInputs:348063:88
671311655:updateComponents:348224:270
671311655:propagateValuesOnChangeOnly:348567:428
671311655:updateInputs:351820:91
671311655:updateComponents:351981:271
671311655:propagateValuesOnChangeOnly:352324:423
671311655:updateInputs:355593:113
671311655:updateComponents:355780:268
671311655:propagateValuesOnChangeOnly:356125:507
671311655:updateInputs:359509:89
671311655:updateComponents:359670:268
671311655:propagateValuesOnChangeOnly:360016:491
671311655:updateInputs:363339:77
671311655:updateComponents:363487:260
671311655:propagateValuesOnChangeOnly:363820:456
671311655:updateInputs:367189:79
671311655:updateComponents:367339:266
671311655:propagateValuesOnChangeOnly:367678:470
671311655:updateInputs:371014:68
671311655:updateComponents:371155:265
671311655:propagateValuesOnChangeOnly:371493:435
671311655:updateInputs:374763:89
671311655:updateComponents:374923:269
671311655:propagateValuesOnChangeOnly:375270:428
671311655:updateInputs:378536:91
671311655:updateComponents:378700:265
671311655:propagateValuesOnChangeOnly:379037:424
671311655:updateInputs:382314:72
671311655:updateComponents:382457:273
671311655:propagateValuesOnChangeOnly:382805:422
671311655:updateInputs:386041:102
671311655:updateComponents:386216:261
671311655:propagateValuesOnChangeOnly:386549:438
671311655:updateInputs:389828:75
671311655:updateComponents:389976:264
671311655:propagateValuesOnChangeOnly:390313:458
671311655:updateInputs:393620:68
671311655:updateComponents:393759:268
671311655:propagateValuesOnChangeOnly:394107:487
671311655:updateInputs:397442:67
671311655:updateComponents:397582:270
671311655:propagateValuesOnChangeOnly:397925:502
671311655:updateInputs:401261:88
671311655:updateComponents:401421:271
671311655:propagateValuesOnChangeOnly:401765:510
671311655:updateInputs:405102:69
671311655:updateComponents:405242:271
671311655:propagateValuesOnChangeOnly:405587:428
671311655:updateInputs:408832:68
671311655:updateComponents:408973:266
671311655:propagateValuesOnChangeOnly:409313:439
671311655:updateInputs:412570:72
671311655:updateComponents:412718:264
671311655:propagateValuesOnChangeOnly:413054:445
671311655:updateInputs:416320:108
671311655:updateComponents:416499:260
671311655:propagateValuesOnChangeOnly:416831:446
671311655:updateInputs:420102:69
671311655:updateComponents:420243:266
671311655:propagateValuesOnChangeOnly:420586:484
671311655:updateInputs:423905:70
671311655:updateComponents:424046:263
671311655:propagateValuesOnChangeOnly:424382:478
671311655:updateInputs:427682:68
671311655:updateComponents:427824:267
671311655:propagateValuesOnChangeOnly:428164:489
671311655:updateInputs:431506:69
671311655:updateComponents:431646:263
671311655:propagateValuesOnChangeOnly:431996:590
671311655:updateInputs:435432:69
671311655:updateComponents:435573:265
671311655:propagateValuesOnChangeOnly:435916:556
671311655:updateInputs:439328:71
671311655:updateComponents:439471:262
671311655:propagateValuesOnChangeOnly:439805:432
671311655:updateInputs:443080:68
671311655:updateComponents:443220:285
671311655:propagateValuesOnChangeOnly:443578:430
671311655:updateInputs:446834:84
671311655:updateComponents:446989:266
671311655:propagateValuesOnChangeOnly:447328:427
671311655:updateInputs:450598:69
671311655:updateComponents:450737:265
671311655:propagateValuesOnChangeOnly:452373:501
671311655:updateInputs:455818:72
671311655:updateComponents:455961:271
671311655:propagateValuesOnChangeOnly:456305:449
671311655:updateInputs:459613:93
671311655:updateComponents:459777:267
671311655:propagateValuesOnChangeOnly:460116:527
671311655:updateInputs:494409:152
671311655:updateComponents:494682:338
671311655:propagateValuesOnChangeOnly:495093:583
671311655:updateInputs:498699:72
671311655:updateComponents:504820:299
671311655:propagateValuesOnChangeOnly:505203:481
671311655:updateInputs:508682:88
671311655:updateComponents:508848:264
671311655:propagateValuesOnChangeOnly:509186:446
671311655:updateInputs:512465:72
671311655:updateComponents:512607:267
671311655:propagateValuesOnChangeOnly:512946:435
671311655:updateInputs:516232:92
671311655:updateComponents:516395:263
671311655:propagateValuesOnChangeOnly:516737:434
671311655:updateInputs:519991:69
671311655:updateComponents:520132:268
671311655:propagateValuesOnChangeOnly:520477:452
671311655:updateInputs:523761:70
671311655:updateComponents:523903:268
671311655:propagateValuesOnChangeOnly:524244:467
671311655:updateInputs:527561:69
671311655:updateComponents:527706:271
671311655:propagateValuesOnChangeOnly:528049:480
671311655:updateInputs:531383:69
671311655:updateComponents:531523:264
671311655:propagateValuesOnChangeOnly:531868:516
671311655:updateInputs:535227:69
671311655:updateComponents:535369:265
671311655:propagateValuesOnChangeOnly:535712:564
671311655:updateInputs:539124:69
671311655:updateComponents:539263:267
671311655:propagateValuesOnChangeOnly:539602:462
671311655:updateInputs:544396:74
671311655:updateComponents:544545:294
671311655:propagateValuesOnChangeOnly:544911:453
671311655:updateInputs:548242:86
671311655:updateComponents:548399:272
671311655:propagateValuesOnChangeOnly:548749:430
671311655:updateInputs:552023:87
671311655:updateComponents:552181:272
671311655:propagateValuesOnChangeOnly:552530:481
671311655:updateInputs:555865:86
671311655:updateComponents:556023:264
671311655:propagateValuesOnChangeOnly:556360:463
671311655:updateInputs:559665:72
671311655:updateComponents:559809:260
671311655:propagateValuesOnChangeOnly:560143:474
671311655:updateInputs:563473:73
671311655:updateComponents:563618:265
671311655:propagateValuesOnChangeOnly:563961:496
671311655:updateInputs:567411:89
671311655:updateComponents:567571:261
671311655:propagateValuesOnChangeOnly:567912:463
671311655:updateInputs:571282:69
671311655:updateComponents:571422:260
671311655:propagateValuesOnChangeOnly:571754:457
671311655:updateInputs:575057:68
671311655:updateComponents:575196:261
671311655:propagateValuesOnChangeOnly:575529:467
671311655:updateInputs:578833:84
671311655:updateComponents:578989:266
671311655:propagateValuesOnChangeOnly:579334:447
671311655:updateInputs:582615:70
671311655:updateComponents:582757:266
671311655:propagateValuesOnChangeOnly:583102:470
671311655:updateInputs:586399:71
671311655:updateComponents:586542:266
671311655:propagateValuesOnChangeOnly:586880:475
671311655:updateInputs:590209:71
671311655:updateComponents:590351:265
671311655:propagateValuesOnChangeOnly:590690:481
671311655:updateInputs:594013:69
671311655:updateComponents:594153:268
671311655:propagateValuesOnChangeOnly:594499:543
671311655:updateInputs:597884:68
671311655:updateComponents:598025:262
671311655:propagateValuesOnChangeOnly:598366:535
671311655:updateInputs:603272:78
671311655:updateComponents:603423:269
671311655:propagateValuesOnChangeOnly:603764:436
671311655:updateInputs:607072:69
671311655:updateComponents:607214:265
671311655:propagateValuesOnChangeOnly:607550:423
671311655:updateInputs:610810:86
671311655:updateComponents:610967:260
671311655:propagateValuesOnChangeOnly:611300:430
671311655:updateInputs:614586:69
671311655:updateComponents:614727:273
671311655:propagateValuesOnChangeOnly:615077:466
671311655:updateInputs:618378:70
671311655:updateComponents:618518:262
671311655:propagateValuesOnChangeOnly:618852:458
671311655:updateInputs:622157:68
671311655:updateComponents:622296:261
671311655:propagateValuesOnChangeOnly:622629:519
671311655:updateInputs:625998:69
671311655:updateComponents:626136:267
671311655:propagateValuesOnChangeOnly:626475:480
671311655:updateInputs:629800:89
671311655:updateComponents:629959:264
671311655:propagateValuesOnChangeOnly:630300:441
671311655:updateInputs:633569:71
671311655:updateComponents:633711:266
671311655:propagateValuesOnChangeOnly:634050:441
671311655:updateInputs:637330:71
671311655:updateComponents:637473:266
671311655:propagateValuesOnChangeOnly:637811:453
671311655:Run loop:132548:508550
671311655:main:131:656643
