4219671656:updateInputs:48661:99
4219671656:updateComponents:62794:155
4219671656:propagateValues:63322:115
4219671656:Init circuit:34002:35880
4219671656:updateInputs:70018:170
4219671656:updateComponents:70542:65
4219671656:propagateValuesOnChangeOnly:70704:111
4219671656:updateInputs:72612:84
4219671656:updateComponents:72785:52
4219671656:propagateValuesOnChangeOnly:73155:87
4219671656:updateInputs:74851:70
4219671656:updateComponents:75009:51
4219671656:propagateValuesOnChangeOnly:75146:102
4219671656:updateInputs:76787:88
4219671656:updateComponents:76961:53
4219671656:propagateValuesOnChangeOnly:78582:80
4219671656:updateInputs:80260:76
4219671656:updateComponents:82052:51
4219671656:propagateValuesOnChangeOnly:82183:77
4219671656:updateInputs:83866:84
4219671656:updateComponents:84020:51
4219671656:propagateValuesOnChangeOnly:84151:83
4219671656:updateInputs:85793:86
4219671656:updateComponents:85951:51
4219671656:propagateValuesOnChangeOnly:86082:87
4219671656:Run loop:69970:17709
4219671656:main:140:89351
