626266366:updateInputs:367348:368
626266366:updateComponents:392632:1229
626266366:Init circuit:289353:120981
626266366:updateInputs:412108:278
626266366:updateComponents:412762:770
626266366:propagateValuesOnChangeOnly:414824:1365
626266366:updateInputs:421556:170
626266366:updateComponents:422035:747
626266366:propagateValuesOnChangeOnly:423018:884
626266366:updateInputs:429368:133
626266366:updateComponents:429773:676
626266366:propagateValuesOnChangeOnly:430694:767
626266366:updateInputs:436046:142
626266366:updateComponents:436455:739
626266366:propagateValuesOnChangeOnly:437440:859
626266366:updateInputs:442448:172
626266366:updateComponents:442915:731
626266366:propagateValuesOnChangeOnly:454559:1492
626266366:updateInputs:461541:221
626266366:updateComponents:462129:781
626266366:propagateValuesOnChangeOnly:463143:895
626266366:updateInputs:468509:193
626266366:updateComponents:469019:749
626266366:propagateValuesOnChangeOnly:470016:1184
626266366:updateInputs:475487:163
626266366:updateComponents:475965:686
626266366:propagateValuesOnChangeOnly:486327:2267
626266366:updateInputs:497127:569
626266366:updateComponents:498102:1103
626266366:propagateValuesOnChangeOnly:499467:1006
626266366:updateInputs:505895:169
626266366:updateComponents:506378:652
626266366:propagateValuesOnChangeOnly:507285:904
626266366:updateInputs:547889:340
626266366:updateComponents:548770:793
626266366:propagateValuesOnChangeOnly:549803:1008
626266366:updateInputs:555312:165
626266366:updateComponents:555796:674
626266366:propagateValuesOnChangeOnly:556736:1173
626266366:updateInputs:562143:197
626266366:updateComponents:562634:633
626266366:propagateValuesOnChangeOnly:563518:1016
626266366:updateInputs:568661:217
626266366:updateComponents:569204:728
626266366:propagateValuesOnChangeOnly:570198:1163
626266366:updateInputs:575538:158
626266366:updateComponents:575962:720
626266366:propagateValuesOnChangeOnly:576925:1226
626266366:updateInputs:582165:153
626266366:updateComponents:582625:694
626266366:propagateValuesOnChangeOnly:583532:931
626266366:updateInputs:588993:173
626266366:updateComponents:589518:657
626266366:propagateValuesOnChangeOnly:590408:827
626266366:updateInputs:595331:173
626266366:updateComponents:595818:635
626266366:propagateValuesOnChangeOnly:596711:823
626266366:updateInputs:601759:136
626266366:updateComponents:602199:642
626266366:propagateValuesOnChangeOnly:603110:867
626266366:Run loop:412051:196344
626266366:main:296:658102
