3429091546:updateInputs:142964:265
3429091546:updateComponents:156793:378
3429091546:Init circuit:125505:48142
3429091546:updateInputs:174724:256
3429091546:updateComponents:176605:286
3429091546:propagateValuesOnChangeOnly:177798:502
3429091546:updateInputs:181420:211
3429091546:updateComponents:182998:188
3429091546:propagateValuesOnChangeOnly:183399:435
3429091546:updateInputs:187967:141
3429091546:updateComponents:188335:219
3429091546:propagateValuesOnChangeOnly:188750:376
3429091546:updateInputs:250356:428
3429091546:updateComponents:251252:366
3429091546:propagateValuesOnChangeOnly:251822:661
3429091546:updateInputs:255425:154
3429091546:updateComponents:255839:212
3429091546:propagateValuesOnChangeOnly:263444:465
3429091546:updateInputs:267002:208
3429091546:updateComponents:267431:218
3429091546:propagateValuesOnChangeOnly:267849:371
3429091546:updateInputs:270800:170
3429091546:updateComponents:271175:189
3429091546:propagateValuesOnChangeOnly:271559:414
3429091546:updateInputs:275200:152
3429091546:updateComponents:275561:173
3429091546:propagateValuesOnChangeOnly:275939:321
3429091546:updateInputs:278809:152
3429091546:updateComponents:279165:179
3429091546:propagateValuesOnChangeOnly:279525:333
3429091546:updateInputs:282397:144
3429091546:updateComponents:282747:165
3429091546:propagateValuesOnChangeOnly:283092:326
3429091546:updateInputs:288288:130
3429091546:updateComponents:288612:163
3429091546:propagateValuesOnChangeOnly:288958:352
3429091546:updateInputs:291899:141
3429091546:updateComponents:292231:144
3429091546:propagateValuesOnChangeOnly:292567:328
3429091546:updateInputs:310611:154
3429091546:updateComponents:310979:157
3429091546:propagateValuesOnChangeOnly:311317:294
3429091546:updateInputs:314243:120
3429091546:updateComponents:316093:177
3429091546:propagateValuesOnChangeOnly:316468:308
3429091546:updateInputs:319477:154
3429091546:updateComponents:319851:155
3429091546:propagateValuesOnChangeOnly:320208:291
3429091546:updateInputs:325041:173
3429091546:updateComponents:325504:220
3429091546:propagateValuesOnChangeOnly:325964:376
3429091546:updateInputs:330281:202
3429091546:updateComponents:330761:321
3429091546:propagateValuesOnChangeOnly:331308:271
3429091546:updateInputs:334910:148
3429091546:updateComponents:335284:151
3429091546:propagateValuesOnChangeOnly:335657:261
3429091546:updateInputs:338604:135
3429091546:updateComponents:338935:151
3429091546:propagateValuesOnChangeOnly:339280:244
3429091546:Run loop:174681:167494
3429091546:main:231:350705
