997182662:checkConnections:1456:17115
997182662:initCircuit:32289:39115
997182662:printLogicLevels:98975:88
324906621:checkInitialization:119181:440
997182662:updateInputs:141133:594
997182662:updateComponents:153927:2041
997182662:printLogicLevels:168494:13938
324906621:propagateValues:189779:4210
997182662:updateInputs:215834:565
997182662:updateComponents:219332:1945
997182662:printLogicLevels:236611:92
324906621:propagateValues:243388:4429
997182662:updateInputs:264241:364
997182662:updateComponents:265515:1222
997182662:printLogicLevels:275920:50
324906621:propagateValues:280877:3680
997182662:updateInputs:296618:336
997182662:updateComponents:298731:1150
997182662:printLogicLevels:309166:59
324906621:propagateValues:320040:4611
997182662:updateInputs:346923:753
997182662:updateComponents:349084:1790
997182662:printLogicLevels:365700:104
324906621:propagateValues:372534:4050
997182662:updateInputs:393102:375
997182662:updateComponents:394340:1111
997182662:printLogicLevels:404580:52
324906621:propagateValues:409379:3535
997182662:updateInputs:429922:785
997182662:updateComponents:432265:2019
997182662:printLogicLevels:457157:10691
324906621:propagateValues:474570:4114
997182662:updateInputs:494886:481
997182662:updateComponents:503425:1272
997182662:printLogicLevels:513374:92
324906621:propagateValues:518345:3703
997182662:updateInputs:534056:362
997182662:updateComponents:535231:1134
997182662:printLogicLevels:544790:51
324906621:propagateValues:549256:3559
997182662:updateInputs:575229:580
997182662:updateComponents:577221:1736
997182662:printLogicLevels:593724:103
324906621:propagateValues:600470:4067
997182662:updateInputs:620992:329
997182662:updateComponents:622226:1121
997182662:printLogicLevels:631955:52
324906621:propagateValues:636744:3581
997182662:updateInputs:651854:281
997182662:updateComponents:652988:1075
997182662:printLogicLevels:662561:50
324906621:propagateValues:667123:3366
997182662:updateInputs:686290:805
997182662:updateComponents:688567:1976
997182662:printLogicLevels:705610:10724
324906621:propagateValues:723352:4193
997182662:updateInputs:744867:475
997182662:updateComponents:746288:1225
997182662:printLogicLevels:756297:99
324906621:propagateValues:761438:3692
997182662:updateInputs:777093:324
997182662:updateComponents:778277:1099
997182662:printLogicLevels:787319:58
324906621:propagateValues:791845:3514
997182662:updateInputs:806609:272
997182662:updateComponents:810703:1053
997182662:printLogicLevels:819698:50
324906621:propagateValues:824281:3523
997182662:updateInputs:838743:348
997182662:updateComponents:839997:1071
997182662:printLogicLevels:848785:58
324906621:propagateValues:853517:3477
997182662:updateInputs:868157:287
997182662:updateComponents:869352:1061
997182662:printLogicLevels:878821:58
324906621:propagateValues:883255:3470
997182662:updateInputs:897244:355
997182662:updateComponents:898506:1042
997182662:printLogicLevels:906907:8679
324906621:propagateValues:920348:3440
997182662:updateInputs:942240:601
997182662:updateComponents:944250:1882
997182662:printLogicLevels:961302:100
324906621:propagateValues:967871:4457
997182662:updateInputs:988431:341
997182662:updateComponents:989760:1152
997182662:printLogicLevels:999248:52
324906621:propagateValues:1003946:3806
997182662:updateInputs:1025334:604
997182662:updateComponents:1027313:1806
997182662:printLogicLevels:1043785:105
324906621:propagateValues:1052481:4009
997182662:updateInputs:1068139:374
997182662:updateComponents:1069445:1053
997182662:printLogicLevels:1078434:79
324906621:propagateValues:1082950:3511
997182662:updateInputs:1102644:578
997182662:updateComponents:1108074:1771
997182662:printLogicLevels:1123335:101
324906621:propagateValues:1129778:4127
997182662:updateInputs:1149023:663
997182662:updateComponents:1150825:1645
997182662:printLogicLevels:1161468:10607
324906621:propagateValues:1178579:4056
997182662:updateInputs:1198343:474
997182662:updateComponents:1199899:1642
997182662:printLogicLevels:1211595:50
324906621:propagateValues:1218098:4738
997182662:updateInputs:1234847:434
997182662:updateComponents:1236185:1533
997182662:printLogicLevels:1249777:51
324906621:propagateValues:1254389:4060
997182662:updateInputs:1270570:639
997182662:updateComponents:1272225:1827
997182662:printLogicLevels:1283654:81
324906621:propagateValues:1289491:4638
997182662:updateInputs:1306471:383
997182662:updateComponents:1307683:1586
997182662:printLogicLevels:1317970:51
324906621:propagateValues:1323962:4439
997182662:updateInputs:1340616:410
997182662:updateComponents:1341839:1802
997182662:printLogicLevels:1352582:52
324906621:propagateValues:1358729:4744
997182662:updateInputs:1374706:456
997182662:updateComponents:1375983:1617
997182662:printLogicLevels:1386504:8652
324906621:propagateValues:1392681:4769
997182662:updateInputs:1409039:563
997182662:updateComponents:1415945:1802
997182662:printLogicLevels:1427104:52
324906621:propagateValues:1433248:4518
997182662:updateInputs:1449328:515
997182662:updateComponents:1450712:1605
997182662:printLogicLevels:1461233:51
324906621:propagateValues:1467424:4464
997182662:updateInputs:1483077:439
997182662:updateComponents:1484378:1746
997182662:printLogicLevels:1494728:50
324906621:propagateValues:1500687:4607
997182662:updateInputs:1516572:428
997182662:updateComponents:1517858:1574
997182662:printLogicLevels:1528273:53
324906621:propagateValues:1534220:4373
997182662:updateInputs:1549699:435
997182662:updateComponents:1550981:1621
997182662:printLogicLevels:1561388:50
324906621:propagateValues:1567335:4655
997182662:updateInputs:1583604:519
997182662:updateComponents:1584926:1631
997182662:printLogicLevels:1595279:8015
324906621:propagateValues:1601223:4478
997182662:updateInputs:1617175:502
997182662:updateComponents:1618521:1606
997182662:printLogicLevels:1628928:52
324906621:propagateValues:1635032:4858
997182662:updateInputs:1650674:401
997182662:updateComponents:1651973:1683
997182662:printLogicLevels:1662404:62
324906621:propagateValues:1668434:4707
997182662:updateInputs:1683992:426
997182662:updateComponents:1685251:1741
997182662:printLogicLevels:1695883:62
324906621:propagateValues:1701928:4631
997182662:updateInputs:1717605:426
997182662:updateComponents:1718918:1642
997182662:printLogicLevels:1729120:50
324906621:propagateValues:1735085:4566
997182662:updateInputs:1750638:454
997182662:updateComponents:1751992:1677
997182662:printLogicLevels:1762339:51
324906621:propagateValues:1768705:4596
997182662:updateInputs:1784530:438
997182662:updateComponents:1785826:1607
997182662:printLogicLevels:1796099:7846
324906621:propagateValues:1802207:4810
997182662:updateInputs:1818376:503
997182662:updateComponents:1819742:1588
997182662:printLogicLevels:1830545:51
324906621:propagateValues:1836604:4629
997182662:updateInputs:1851904:420
997182662:updateComponents:1853202:1650
997182662:printLogicLevels:1865399:53
324906621:propagateValues:1871473:4525
997182662:updateInputs:1887174:416
997182662:updateComponents:1888442:1687
997182662:printLogicLevels:1898813:50
324906621:propagateValues:1904760:4419
997182662:updateInputs:1920169:409
997182662:updateComponents:1921442:1663
997182662:printLogicLevels:1932148:51
324906621:propagateValues:1938103:4546
997182662:updateInputs:1953535:427
997182662:updateComponents:1954795:1660
997182662:printLogicLevels:1965051:51
324906621:propagateValues:1971166:4700
997182662:updateInputs:1987412:471
997182662:updateComponents:1988700:1654
997182662:printLogicLevels:1998897:7860
324906621:propagateValues:2004761:4636
997182662:updateInputs:2020854:530
997182662:updateComponents:2022193:1666
997182662:printLogicLevels:2032490:51
324906621:propagateValues:2038492:4642
997182662:updateInputs:2054321:433
997182662:updateComponents:2055617:1658
997182662:printLogicLevels:2066065:60
324906621:propagateValues:2071986:4445
997182662:updateInputs:2087920:432
997182662:updateComponents:2089207:1639
997182662:printLogicLevels:2099317:52
324906621:propagateValues:2105238:4639
997182662:updateInputs:2120992:454
997182662:updateComponents:2122310:1725
997182662:printLogicLevels:2132556:61
324906621:propagateValues:2138511:4561
997182662:updateInputs:2154983:426
997182662:updateComponents:2156199:1611
997182662:printLogicLevels:2166386:60
324906621:propagateValues:2172327:4601
997182662:updateInputs:2188719:435
997182662:updateComponents:2189987:1739
997182662:printLogicLevels:2200832:7744
324906621:propagateValues:2206692:4722
997182662:updateInputs:2222960:454
997182662:updateComponents:2224285:1640
997182662:printLogicLevels:2234779:51
324906621:propagateValues:2240685:4641
997182662:updateInputs:2256925:411
997182662:updateComponents:2258154:1515
997182662:printLogicLevels:2268284:50
324906621:propagateValues:2273993:4660
997182662:updateInputs:2290288:480
997182662:updateComponents:2291574:1603
997182662:printLogicLevels:2301884:69
324906621:propagateValues:2308345:4470
997182662:updateInputs:2324711:391
997182662:updateComponents:2325933:1764
997182662:printLogicLevels:2336472:63
324906621:propagateValues:2342606:4494
997182662:updateInputs:2358351:435
997182662:updateComponents:2359627:1591
997182662:printLogicLevels:2369805:50
324906621:propagateValues:2375864:4746
997182662:updateInputs:2392092:494
997182662:updateComponents:2393384:1613
997182662:printLogicLevels:2403593:7798
324906621:propagateValues:2409591:4609
997182662:updateInputs:2425652:525
997182662:updateComponents:2427024:1689
997182662:printLogicLevels:2437595:51
324906621:propagateValues:2443934:4692
997182662:updateInputs:2459654:447
997182662:updateComponents:2460949:1633
997182662:printLogicLevels:2471901:83
324906621:propagateValues:2483177:6046
997182662:updateInputs:2505395:394
997182662:updateComponents:2514085:1497
997182662:printLogicLevels:2526936:51
324906621:propagateValues:2536301:5361
997182662:updateInputs:2557220:450
997182662:updateComponents:2558563:1537
997182662:printLogicLevels:2568953:51
324906621:propagateValues:2579575:4652
997182662:updateInputs:2596443:427
997182662:updateComponents:2597737:1781
997182662:printLogicLevels:2607842:53
324906621:propagateValues:2614871:4872
997182662:updateInputs:2646100:426
997182662:updateComponents:2647364:1725
997182662:printLogicLevels:2657270:7608
324906621:propagateValues:2663343:4782
997182662:updateInputs:2679406:489
997182662:updateComponents:2680697:1637
997182662:printLogicLevels:2690705:49
324906621:propagateValues:2696755:4566
997182662:updateInputs:2712929:409
997182662:updateComponents:2714193:1579
997182662:printLogicLevels:2724067:58
324906621:propagateValues:2730143:4600
997182662:updateInputs:2745397:416
997182662:updateComponents:2746630:1721
997182662:printLogicLevels:2756647:50
324906621:propagateValues:2762751:4308
997182662:updateInputs:2778174:407
997182662:updateComponents:2779402:1657
997182662:printLogicLevels:2789477:50
324906621:propagateValues:2795564:4578
997182662:updateInputs:2810796:413
997182662:updateComponents:2812035:1588
997182662:printLogicLevels:2822022:49
324906621:propagateValues:2827990:4380
997182662:updateInputs:2843526:469
997182662:updateComponents:2844763:1684
997182662:printLogicLevels:2854677:7549
324906621:propagateValues:2860897:4654
997182662:updateInputs:2876182:491
997182662:updateComponents:2877523:1680
997182662:printLogicLevels:2887742:49
324906621:propagateValues:2893677:4328
997182662:updateInputs:2909158:409
997182662:updateComponents:2910386:1720
997182662:printLogicLevels:2920388:50
324906621:propagateValues:2926338:4498
997182662:updateInputs:2942163:421
997182662:updateComponents:2943370:1708
997182662:printLogicLevels:2953310:50
324906621:propagateValues:2959295:4303
997182662:updateInputs:2974430:447
997182662:updateComponents:2975710:1678
997182662:printLogicLevels:2985586:49
324906621:propagateValues:2992030:4341
997182662:updateInputs:3007752:436
997182662:updateComponents:3008942:1642
997182662:printLogicLevels:3018830:49
324906621:propagateValues:3024756:4182
997182662:updateInputs:3039563:431
997182662:updateComponents:3040748:1709
997182662:printLogicLevels:3050966:7570
324906621:propagateValues:3056914:4530
997182662:updateInputs:3072561:482
997182662:updateComponents:3073838:1637
997182662:printLogicLevels:3084007:49
324906621:propagateValues:3089997:4445
997182662:updateInputs:3106094:395
997182662:updateComponents:3107263:1775
997182662:printLogicLevels:3117299:48
324906621:propagateValues:3123663:4398
997182662:updateInputs:3138793:395
997182662:updateComponents:3139972:1646
997182662:printLogicLevels:3149902:48
324906621:propagateValues:3156056:4367
997182662:updateInputs:3171363:405
997182662:updateComponents:3172544:1752
997182662:printLogicLevels:3182729:50
324906621:propagateValues:3188616:4393
997182662:updateInputs:3204113:416
997182662:updateComponents:3205332:1647
997182662:printLogicLevels:3215338:50
324906621:propagateValues:3221366:4322
997182662:updateInputs:3236524:413
997182662:updateComponents:3237690:1800
997182662:printLogicLevels:3247735:7464
324906621:propagateValues:3253724:4388
997182662:updateInputs:3269180:479
997182662:updateComponents:3270459:1593
997182662:printLogicLevels:3280445:50
324906621:propagateValues:3286136:4429
997182662:updateInputs:3301186:400
997182662:updateComponents:3302399:1700
997182662:printLogicLevels:3312445:49
324906621:propagateValues:3318391:4305
997182662:updateInputs:3334059:389
997182662:updateComponents:3337074:1643
997182662:printLogicLevels:3346783:50
324906621:propagateValues:3352583:4264
997182662:updateInputs:3368045:415
997182662:updateComponents:3369293:1693
997182662:printLogicLevels:3379148:49
324906621:propagateValues:3385193:4172
997182662:updateInputs:3400218:406
997182662:updateComponents:3401410:1689
997182662:printLogicLevels:3411486:59
324906621:propagateValues:3417461:4239
997182662:updateInputs:3432392:429
997182662:updateComponents:3433602:1677
997182662:printLogicLevels:3443513:7649
324906621:propagateValues:3449408:4412
997182662:updateInputs:3464311:434
997182662:updateComponents:3465553:1697
997182662:printLogicLevels:3475618:50
324906621:propagateValues:3481393:4136
997182662:updateInputs:3496735:408
997182662:updateComponents:3497916:1554
997182662:printLogicLevels:3507759:50
324906621:propagateValues:3514149:4149
997182662:updateInputs:3528876:409
997182662:updateComponents:3530080:1688
997182662:printLogicLevels:3540037:58
324906621:propagateValues:3545900:4316
997182662:updateInputs:3561320:396
997182662:updateComponents:3562542:1648
997182662:printLogicLevels:3572473:49
324906621:propagateValues:3578471:4406
997182662:updateInputs:3593978:415
997182662:updateComponents:3595179:1664
997182662:printLogicLevels:3604944:48
324906621:propagateValues:3610779:4209
997182662:updateInputs:3626123:427
997182662:updateComponents:3627326:1558
997182662:printLogicLevels:3637168:7529
324906621:propagateValues:3643326:4612
997182662:updateInputs:3659519:427
997182662:updateComponents:3660782:1673
997182662:printLogicLevels:3670914:48
324906621:propagateValues:3676760:4333
997182662:updateInputs:3692125:668
997182662:updateComponents:3693635:1688
997182662:printLogicLevels:3703617:49
324906621:propagateValues:3709814:4479
997182662:updateInputs:3726128:462
997182662:updateComponents:3727406:1645
997182662:printLogicLevels:3737329:49
324906621:propagateValues:3743409:4328
997182662:updateInputs:3758638:442
997182662:updateComponents:3759873:1704
997182662:printLogicLevels:3769888:50
324906621:propagateValues:3776238:4558
997182662:updateInputs:3791888:415
997182662:updateComponents:3793132:1657
997182662:printLogicLevels:3803365:64
324906621:propagateValues:3809403:4254
997182662:updateInputs:3824488:431
997182662:updateComponents:3825656:1626
997182662:printLogicLevels:3835678:7652
324906621:propagateValues:3841400:4388
997182662:updateInputs:3856845:455
997182662:updateComponents:3858094:1679
997182662:printLogicLevels:3868138:49
324906621:propagateValues:3874078:4288
997182662:updateInputs:3889877:511
997182662:updateComponents:3891234:1518
997182662:printLogicLevels:3900948:49
324906621:propagateValues:3907229:4439
997182662:updateInputs:3923260:359
997182662:updateComponents:3924460:1596
997182662:printLogicLevels:3934301:49
324906621:propagateValues:3940363:4578
997182662:updateInputs:3955814:433
997182662:updateComponents:3957031:1648
997182662:printLogicLevels:3966804:50
324906621:propagateValues:3972811:4273
997182662:updateInputs:3988384:405
997182662:updateComponents:3989576:1601
997182662:printLogicLevels:3999197:53
324906621:propagateValues:4005189:4310
997182662:updateInputs:4020112:427
997182662:updateComponents:4021327:1645
997182662:printLogicLevels:4032901:7621
324906621:propagateValues:4039179:4278
997182662:updateInputs:4054480:475
997182662:updateComponents:4055735:1684
997182662:printLogicLevels:4065858:48
324906621:propagateValues:4071754:4457
997182662:updateInputs:4087000:477
997182662:updateComponents:4088457:1650
997182662:printLogicLevels:4098406:59
324906621:propagateValues:4104336:4276
997182662:updateInputs:4119295:451
997182662:updateComponents:4120621:1670
997182662:printLogicLevels:4130422:50
324906621:propagateValues:4136479:4611
997182662:updateInputs:4151946:403
997182662:updateComponents:4153118:1673
997182662:printLogicLevels:4163136:59
324906621:propagateValues:4169558:4400
997182662:updateInputs:4185709:320
997182662:updateComponents:4186763:1636
997182662:printLogicLevels:4196513:49
324906621:propagateValues:4202479:4399
997182662:updateInputs:4218062:438
997182662:updateComponents:4219255:1627
997182662:printLogicLevels:4228987:7572
324906621:propagateValues:4234806:4593
997182662:updateInputs:4250425:476
997182662:updateComponents:4251716:1643
997182662:printLogicLevels:4261921:51
324906621:propagateValues:4267912:4408
997182662:updateInputs:4283027:426
997182662:updateComponents:4284266:1720
997182662:printLogicLevels:4294263:50
324906621:propagateValues:4300693:4369
997182662:updateInputs:4315904:422
997182662:updateComponents:4317140:1841
997182662:printLogicLevels:4327170:50
324906621:propagateValues:4333203:4203
997182662:updateInputs:4348758:408
997182662:updateComponents:4349940:1623
997182662:printLogicLevels:4360051:49
324906621:propagateValues:4365986:4340
997182662:updateInputs:4381478:402
997182662:updateComponents:4382678:1696
997182662:printLogicLevels:4392656:49
324906621:propagateValues:4398647:4223
997182662:updateInputs:4413701:423
997182662:updateComponents:4414921:1727
997182662:printLogicLevels:4424811:7552
324906621:propagateValues:4430711:4333
997182662:updateInputs:4445965:471
997182662:updateComponents:4447214:1643
997182662:printLogicLevels:4457295:50
324906621:propagateValues:4463168:4479
997182662:updateInputs:4478501:412
997182662:updateComponents:4479696:1773
997182662:printLogicLevels:4489718:48
324906621:propagateValues:4495618:4271
997182662:updateInputs:4511037:448
997182662:updateComponents:4512242:1709
997182662:printLogicLevels:4522101:49
324906621:propagateValues:4528044:4627
997182662:updateInputs:4544156:422
997182662:updateComponents:4545404:1646
997182662:printLogicLevels:4555474:49
324906621:propagateValues:4562102:4092
997182662:updateInputs:4577559:416
997182662:updateComponents:4578780:1664
997182662:printLogicLevels:4588606:50
324906621:propagateValues:4594710:4460
997182662:updateInputs:4610196:434
997182662:updateComponents:4611387:1626
997182662:printLogicLevels:4621272:7450
324906621:propagateValues:4627177:4490
997182662:updateInputs:4642365:488
997182662:updateComponents:4671709:1712
997182662:printLogicLevels:4682627:58
324906621:propagateValues:4702643:4297
997182662:updateInputs:4718221:538
997182662:updateComponents:4719616:1540
997182662:printLogicLevels:4730324:47
324906621:propagateValues:4736452:4254
997182662:updateInputs:4751154:405
997182662:updateComponents:4752430:1621
997182662:printLogicLevels:4762774:57
324906621:propagateValues:4768690:4150
997182662:updateInputs:4783206:375
997182662:updateComponents:4784340:1645
997182662:printLogicLevels:4794213:48
324906621:propagateValues:4800047:4142
997182662:updateInputs:4815111:420
997182662:updateComponents:4816246:1607
997182662:printLogicLevels:4826137:47
324906621:propagateValues:4831916:4291
997182662:updateInputs:4846626:433
997182662:updateComponents:4847801:1633
997182662:printLogicLevels:4857861:7419
324906621:propagateValues:4863588:4465
997182662:updateInputs:4878640:454
997182662:updateComponents:4879871:1640
997182662:printLogicLevels:4889765:49
324906621:propagateValues:4895521:4231
997182662:updateInputs:4910174:394
997182662:updateComponents:4911348:1709
997182662:printLogicLevels:4921220:48
324906621:propagateValues:4927011:4375
997182662:updateInputs:4942269:396
997182662:updateComponents:4943433:1572
997182662:printLogicLevels:4953035:50
324906621:propagateValues:4958911:4243
997182662:updateInputs:4973268:408
997182662:updateComponents:4974432:1615
997182662:printLogicLevels:4984227:48
324906621:propagateValues:4990490:4295
997182662:updateInputs:5005301:405
997182662:updateComponents:5006441:1693
997182662:printLogicLevels:5016119:48
324906621:propagateValues:5021970:4446
997182662:updateInputs:5037291:420
997182662:updateComponents:5038477:1637
997182662:printLogicLevels:5048382:7322
324906621:propagateValues:5054010:4270
997182662:updateInputs:5069109:464
997182662:updateComponents:5070328:1634
997182662:printLogicLevels:5080229:47
324906621:propagateValues:5086298:4383
997182662:updateInputs:5101145:513
997182662:updateComponents:5102645:1612
997182662:printLogicLevels:5112822:48
324906621:propagateValues:5118839:4151
997182662:updateInputs:5133277:445
997182662:updateComponents:5134461:1680
997182662:printLogicLevels:5144296:47
324906621:propagateValues:5150158:4238
997182662:updateInputs:5165209:404
997182662:updateComponents:5166367:1571
997182662:printLogicLevels:5176068:47
324906621:propagateValues:5181822:4213
997182662:updateInputs:5196869:397
997182662:updateComponents:5198037:1571
997182662:printLogicLevels:5207611:47
324906621:propagateValues:5213381:4279
997182662:updateInputs:5228002:391
997182662:updateComponents:5229161:1680
997182662:printLogicLevels:5239195:7343
324906621:propagateValues:5245319:4479
997182662:updateInputs:5260173:445
997182662:updateComponents:5261376:1662
997182662:printLogicLevels:5271346:47
324906621:propagateValues:5277158:4512
997182662:updateInputs:5292002:400
997182662:updateComponents:5293167:1682
997182662:printLogicLevels:5302972:57
324906621:propagateValues:5308779:4389
997182662:updateInputs:5323327:403
997182662:updateComponents:5324496:1671
997182662:printLogicLevels:5334252:59
324906621:propagateValues:5340067:4198
997182662:updateInputs:5355108:391
997182662:updateComponents:5356244:1599
997182662:printLogicLevels:5367946:46
324906621:propagateValues:5373969:4387
997182662:updateInputs:5389335:376
997182662:updateComponents:5390486:1624
997182662:printLogicLevels:5400306:49
324906621:propagateValues:5406076:4183
997182662:updateInputs:5421270:418
997182662:updateComponents:5422413:1529
997182662:printLogicLevels:5432011:7348
324906621:propagateValues:5437615:4471
997182662:updateInputs:5452324:458
997182662:updateComponents:5453532:1662
997182662:printLogicLevels:5463554:50
324906621:propagateValues:5469016:4144
997182662:updateInputs:5484127:413
997182662:updateComponents:5485284:1793
997182662:printLogicLevels:5495201:56
324906621:propagateValues:5500931:4264
997182662:updateInputs:5516023:385
997182662:updateComponents:5517170:1633
997182662:printLogicLevels:5526913:47
324906621:propagateValues:5532682:4103
997182662:updateInputs:5547193:380
997182662:updateComponents:5548350:1644
997182662:printLogicLevels:5557968:56
324906621:propagateValues:5563875:4173
997182662:updateInputs:5578742:381
997182662:updateComponents:5579862:1583
997182662:printLogicLevels:5589934:47
324906621:propagateValues:5595604:4168
997182662:updateInputs:5610746:420
997182662:updateComponents:5611899:1597
997182662:printLogicLevels:5621552:7266
324906621:propagateValues:5629456:4307
997182662:updateInputs:5644332:481
997182662:updateComponents:5645609:1660
997182662:printLogicLevels:5655618:48
324906621:propagateValues:5661404:4182
997182662:updateInputs:5676449:389
997182662:updateComponents:5677575:1626
997182662:printLogicLevels:5687385:47
324906621:propagateValues:5693181:4209
997182662:updateInputs:5707750:398
997182662:updateComponents:5708934:1610
997182662:printLogicLevels:5718759:58
324906621:propagateValues:5724455:4339
997182662:updateInputs:5739151:398
997182662:updateComponents:5740316:1645
997182662:printLogicLevels:5750024:48
324906621:propagateValues:5755888:4045
997182662:updateInputs:5770263:378
997182662:updateComponents:5771387:1698
997182662:printLogicLevels:5781085:47
324906621:propagateValues:5786495:4221
997182662:updateInputs:5801582:414
997182662:updateComponents:5802744:1621
997182662:printLogicLevels:5812364:7331
324906621:propagateValues:5818180:4270
997182662:updateInputs:5832776:483
997182662:updateComponents:5834042:1642
997182662:printLogicLevels:5844052:47
324906621:propagateValues:5849945:4288
997182662:updateInputs:5864543:392
997182662:updateComponents:5865783:1644
997182662:printLogicLevels:5875365:56
324906621:propagateValues:5881330:4166
997182662:updateInputs:5896240:392
997182662:updateComponents:5897408:1633
997182662:printLogicLevels:5906970:51
324906621:propagateValues:5912763:4373
997182662:updateInputs:5927365:397
997182662:updateComponents:5928531:1728
997182662:printLogicLevels:5938476:48
324906621:propagateValues:5944225:4249
997182662:updateInputs:5958865:390
997182662:updateComponents:5960028:1677
997182662:printLogicLevels:5969789:56
324906621:propagateValues:5975651:4218
997182662:updateInputs:5990609:409
997182662:updateComponents:5991772:1596
997182662:printLogicLevels:6001387:7294
324906621:propagateValues:6007278:4171
997182662:updateInputs:6022207:453
997182662:updateComponents:6023430:1682
997182662:printLogicLevels:6033423:48
324906621:propagateValues:6039254:4476
997182662:updateInputs:6054750:518
997182662:updateComponents:6056084:1583
997182662:printLogicLevels:6066007:49
324906621:propagateValues:6071853:4113
997182662:updateInputs:6086827:384
997182662:updateComponents:6087990:1503
997182662:printLogicLevels:6097670:56
324906621:propagateValues:6103493:4245
997182662:updateInputs:6118335:388
997182662:updateComponents:6119520:1687
997182662:printLogicLevels:6129363:57
324906621:propagateValues:6135191:4077
997182662:updateInputs:6149729:394
997182662:updateComponents:6150873:1651
997182662:printLogicLevels:6160655:57
324906621:propagateValues:6166320:4241
997182662:updateInputs:6181230:429
997182662:updateComponents:6182401:1569
997182662:printLogicLevels:6194629:7380
324906621:propagateValues:6200342:4497
997182662:updateInputs:6215857:458
997182662:updateComponents:6217088:1511
997182662:printLogicLevels:6226961:48
324906621:propagateValues:6232705:4171
997182662:updateInputs:6247729:375
997182662:updateComponents:6248902:1696
997182662:printLogicLevels:6258628:47
324906621:propagateValues:6264570:4264
997182662:updateInputs:6279263:408
997182662:updateComponents:6280444:1677
997182662:printLogicLevels:6290188:57
324906621:propagateValues:6296554:4237
997182662:updateInputs:6311788:389
997182662:updateComponents:6312927:1734
997182662:printLogicLevels:6322876:49
324906621:propagateValues:6328657:4107
997182662:updateInputs:6343196:388
997182662:updateComponents:6344360:1687
997182662:printLogicLevels:6354026:49
324906621:propagateValues:6359768:4075
997182662:updateInputs:6374684:404
997182662:updateComponents:6375867:1730
997182662:printLogicLevels:6385586:9310
324906621:propagateValues:6391292:4362
997182662:updateInputs:6406751:478
997182662:updateComponents:6407990:1694
997182662:printLogicLevels:6417994:47
324906621:propagateValues:6423727:4272
997182662:updateInputs:6438367:394
997182662:updateComponents:6439531:1564
997182662:printLogicLevels:6449446:46
324906621:propagateValues:6455295:4309
997182662:updateInputs:6470258:409
997182662:updateComponents:6471410:1658
997182662:printLogicLevels:6481136:48
324906621:propagateValues:6486915:4242
997182662:updateInputs:6501426:408
997182662:updateComponents:6502578:1638
997182662:printLogicLevels:6512272:48
324906621:propagateValues:6518125:4244
997182662:updateInputs:6533417:396
997182662:updateComponents:6534555:1603
997182662:printLogicLevels:6544240:48
324906621:propagateValues:6549913:4277
997182662:updateInputs:6564960:399
997182662:updateComponents:6566104:1552
997182662:printLogicLevels:6575529:7385
324906621:propagateValues:6581236:4424
997182662:updateInputs:6596112:437
997182662:updateComponents:6597322:1687
997182662:printLogicLevels:6607197:47
324906621:propagateValues:6613074:4275
997182662:updateInputs:6627621:381
997182662:updateComponents:6628776:1565
997182662:printLogicLevels:6638457:47
324906621:propagateValues:6644314:4456
997182662:updateInputs:6659068:413
997182662:updateComponents:6660218:1668
997182662:printLogicLevels:6669945:57
324906621:propagateValues:6675535:4153
997182662:updateInputs:6690631:352
997182662:updateComponents:6691751:1484
997182662:printLogicLevels:6701427:48
324906621:propagateValues:6707212:4189
997182662:updateInputs:6722073:423
997182662:updateComponents:6725108:1591
997182662:printLogicLevels:6734529:57
324906621:propagateValues:6740149:4195
997182662:updateInputs:6755184:372
997182662:updateComponents:6756349:1623
997182662:printLogicLevels:6765957:7322
324906621:propagateValues:6771587:4476
997182662:updateInputs:6786807:443
997182662:updateComponents:6788002:1698
997182662:printLogicLevels:6797940:47
324906621:propagateValues:6803548:4149
997182662:updateInputs:6818267:483
997182662:updateComponents:6819692:1696
997182662:printLogicLevels:6829568:47
324906621:propagateValues:6835294:4261
997182662:updateInputs:6849876:437
997182662:updateComponents:6851091:1612
997182662:printLogicLevels:6860845:48
324906621:propagateValues:6866593:4054
997182662:updateInputs:6881386:392
997182662:updateComponents:6882553:1579
997182662:printLogicLevels:6892438:47
324906621:propagateValues:6898163:4223
997182662:updateInputs:6912764:402
997182662:updateComponents:6913930:1640
997182662:printLogicLevels:6923664:48
324906621:propagateValues:6929388:4139
997182662:updateInputs:6944399:421
997182662:updateComponents:6945615:1546
997182662:printLogicLevels:6955316:7353
324906621:propagateValues:6960974:4476
997182662:updateInputs:6975761:473
997182662:updateComponents:6977009:1626
997182662:printLogicLevels:6987106:48
324906621:propagateValues:6992730:4158
997182662:updateInputs:7007386:622
997182662:updateComponents:7008841:1655
997182662:printLogicLevels:7018705:47
324906621:propagateValues:7024592:4281
997182662:updateInputs:7039800:373
997182662:updateComponents:7040921:1654
997182662:printLogicLevels:7050508:49
324906621:propagateValues:7056056:4224
997182662:updateInputs:7071240:506
997182662:updateComponents:7072577:1622
997182662:printLogicLevels:7082145:47
324906621:propagateValues:7087960:4295
997182662:updateInputs:7102627:432
997182662:updateComponents:7103833:1782
997182662:printLogicLevels:7113552:57
324906621:propagateValues:7119227:4295
997182662:updateInputs:7133785:379
997182662:updateComponents:7134910:1644
997182662:printLogicLevels:7144665:7232
324906621:propagateValues:7150301:4263
997182662:updateInputs:7164670:461
997182662:updateComponents:7165929:1592
997182662:printLogicLevels:7175869:57
324906621:propagateValues:7181416:4402
997182662:updateInputs:7196635:426
997182662:updateComponents:7197774:1613
997182662:printLogicLevels:7207541:49
324906621:propagateValues:7213287:4317
997182662:updateInputs:7228189:387
997182662:updateComponents:7229300:1742
997182662:printLogicLevels:7239093:49
324906621:propagateValues:7244689:4256
997182662:updateInputs:7259205:411
997182662:updateComponents:7260376:1698
997182662:printLogicLevels:7270453:57
324906621:propagateValues:7276182:4325
997182662:updateInputs:7291013:409
997182662:updateComponents:7292164:1592
997182662:printLogicLevels:7301722:48
324906621:propagateValues:7307388:4187
997182662:updateInputs:7322242:395
997182662:updateComponents:7323376:1503
997182662:printLogicLevels:7332940:7242
324906621:propagateValues:7338563:4219
997182662:updateInputs:7353456:534
997182662:updateComponents:7354947:1657
997182662:printLogicLevels:7364892:48
324906621:propagateValues:7370533:4646
997182662:updateInputs:7386613:391
997182662:updateComponents:7387735:1594
997182662:printLogicLevels:7399152:58
324906621:propagateValues:7405215:4291
997182662:updateInputs:7419806:404
997182662:updateComponents:7420977:1662
997182662:printLogicLevels:7430649:46
324906621:propagateValues:7436414:4351
997182662:updateInputs:7451740:496
997182662:updateComponents:7453066:1574
997182662:printLogicLevels:7462746:58
324906621:propagateValues:7468555:4570
997182662:updateInputs:7483252:375
997182662:updateComponents:7484433:1724
997182662:printLogicLevels:7494310:57
324906621:propagateValues:7500093:4210
997182662:updateInputs:7514867:383
997182662:updateComponents:7516063:1604
997182662:printLogicLevels:7525831:7413
324906621:propagateValues:7531608:4371
997182662:updateInputs:7546180:451
997182662:updateComponents:7547403:1622
997182662:printLogicLevels:7557302:49
324906621:propagateValues:7562979:4280
997182662:updateInputs:7577575:372
997182662:updateComponents:7578725:1642
997182662:printLogicLevels:7588494:49
324906621:propagateValues:7594345:4226
997182662:updateInputs:7608832:404
997182662:updateComponents:7610004:1690
997182662:printLogicLevels:7619877:49
324906621:propagateValues:7625728:4404
997182662:updateInputs:7640518:416
997182662:updateComponents:7641684:1746
997182662:printLogicLevels:7651538:55
324906621:propagateValues:7657521:4225
997182662:updateInputs:7671921:469
997182662:updateComponents:7673160:1694
997182662:printLogicLevels:7683041:57
324906621:propagateValues:7688781:4437
997182662:updateInputs:7706486:650
997182662:updateComponents:7708278:2021
997182662:printLogicLevels:7729713:10409
324906621:propagateValues:7736053:4460
997182662:updateInputs:7752218:562
997182662:updateComponents:7753554:1661
997182662:printLogicLevels:7764536:73
324906621:propagateValues:7770306:4470
997182662:updateInputs:7785933:376
997182662:updateComponents:7787093:1624
997182662:printLogicLevels:7797144:47
324906621:propagateValues:7802816:4291
997182662:updateInputs:7817955:403
997182662:updateComponents:7819151:1684
997182662:printLogicLevels:7829044:49
324906621:propagateValues:7834847:4307
997182662:updateInputs:7849746:384
997182662:updateComponents:7850894:1598
997182662:printLogicLevels:7860896:47
324906621:propagateValues:7866748:4166
997182662:updateInputs:7881750:365
997182662:updateComponents:7882906:1424
997182662:printLogicLevels:7892514:56
324906621:propagateValues:7898138:4243
997182662:updateInputs:7913199:407
997182662:updateComponents:7914382:1722
997182662:printLogicLevels:7924300:7566
324906621:propagateValues:7929977:4280
997182662:updateInputs:7944115:459
997182662:updateComponents:7945399:1644
997182662:printLogicLevels:7955497:84
324906621:propagateValues:7961229:4332
997182662:updateInputs:7975939:417
997182662:updateComponents:7977118:1540
997182662:printLogicLevels:7987046:58
324906621:propagateValues:7992746:4194
997182662:updateInputs:8007467:406
997182662:updateComponents:8008630:1473
997182662:printLogicLevels:8018159:48
324906621:propagateValues:8023809:4109
997182662:updateInputs:8038148:419
997182662:updateComponents:8039342:1643
997182662:printLogicLevels:8049654:59
324906621:propagateValues:8055410:4140
997182662:updateInputs:8070439:384
997182662:updateComponents:8071580:1571
997182662:printLogicLevels:8081341:56
324906621:propagateValues:8087121:4271
997182662:updateInputs:8102286:436
997182662:updateComponents:8103488:1635
997182662:printLogicLevels:8113589:7441
324906621:propagateValues:8119187:4295
997182662:updateInputs:8134267:485
997182662:updateComponents:8135520:1637
997182662:printLogicLevels:8145532:48
324906621:propagateValues:8151031:4154
997182662:updateInputs:8165980:391
997182662:updateComponents:8167122:1536
997182662:printLogicLevels:8176974:57
324906621:propagateValues:8182573:4347
997182662:updateInputs:8197684:391
997182662:updateComponents:8198849:1522
997182662:printLogicLevels:8208528:58
324906621:propagateValues:8214253:4251
997182662:updateInputs:8229414:457
997182662:updateComponents:8230599:1694
997182662:printLogicLevels:8240436:48
324906621:propagateValues:8246028:4310
997182662:updateInputs:8260606:406
997182662:updateComponents:8261781:1492
997182662:printLogicLevels:8271503:48
324906621:propagateValues:8277149:4263
997182662:updateInputs:8292248:445
997182662:updateComponents:8293434:1669
997182662:printLogicLevels:8303397:7370
324906621:propagateValues:8308904:4545
997182662:updateInputs:8324472:477
997182662:updateComponents:8325713:1606
997182662:printLogicLevels:8336358:47
324906621:propagateValues:8341923:4209
997182662:updateInputs:8357074:399
997182662:updateComponents:8358262:1564
997182662:printLogicLevels:8368065:46
324906621:propagateValues:8373611:4327
997182662:updateInputs:8388021:394
997182662:updateComponents:8389200:1654
997182662:printLogicLevels:8399034:47
324906621:propagateValues:8404569:4289
997182662:updateInputs:8419190:387
997182662:updateComponents:8420374:1639
997182662:printLogicLevels:8430139:47
324906621:propagateValues:8435679:4184
997182662:updateInputs:8450139:403
997182662:updateComponents:8451385:1521
997182662:printLogicLevels:8461236:47
324906621:propagateValues:8466867:4253
997182662:updateInputs:8481380:387
997182662:updateComponents:8482552:1625
997182662:printLogicLevels:8492483:7323
324906621:propagateValues:8498019:4335
997182662:updateInputs:8513209:495
997182662:updateComponents:8514485:1627
997182662:printLogicLevels:8524439:47
324906621:propagateValues:8530021:4331
997182662:updateInputs:8545166:422
997182662:updateComponents:8546354:1711
997182662:printLogicLevels:8556384:48
324906621:propagateValues:8561946:4192
997182662:updateInputs:8576420:389
997182662:updateComponents:8577588:1568
997182662:printLogicLevels:8587652:48
324906621:propagateValues:8593393:4345
997182662:updateInputs:8608156:380
997182662:updateComponents:8609325:1615
997182662:printLogicLevels:8619136:48
324906621:propagateValues:8624779:4119
997182662:updateInputs:8654240:359
997182662:updateComponents:8655335:1484
997182662:printLogicLevels:8664726:55
324906621:propagateValues:8670125:4244
997182662:updateInputs:8684493:406
997182662:updateComponents:8685666:1578
997182662:printLogicLevels:8695231:7129
324906621:propagateValues:8700595:4211
997182662:updateInputs:8715396:477
997182662:updateComponents:8716609:1493
997182662:printLogicLevels:8726366:45
324906621:propagateValues:8731830:3981
997182662:updateInputs:8745746:379
997182662:updateComponents:8746865:1548
997182662:printLogicLevels:8756250:54
324906621:propagateValues:8761754:4113
997182662:updateInputs:8776297:358
997182662:updateComponents:8823943:1492
997182662:printLogicLevels:8834298:45
324906621:propagateValues:8840015:4182
997182662:updateInputs:8854748:375
997182662:updateComponents:8855944:1571
997182662:printLogicLevels:8866063:56
324906621:propagateValues:8871540:3962
997182662:updateInputs:8885606:362
997182662:updateComponents:8886690:1467
997182662:printLogicLevels:8896590:55
324906621:propagateValues:8901986:4022
997182662:updateInputs:8916072:361
997182662:updateComponents:8917148:1507
997182662:printLogicLevels:8927071:7198
324906621:propagateValues:8932672:4059
997182662:updateInputs:8946900:430
997182662:updateComponents:8948108:1528
997182662:printLogicLevels:8958058:45
324906621:propagateValues:8963589:4157
997182662:updateInputs:8977610:390
997182662:updateComponents:8978750:1517
997182662:printLogicLevels:8988322:45
324906621:propagateValues:8993858:4382
997182662:updateInputs:9008259:380
997182662:updateComponents:9009384:1583
997182662:printLogicLevels:9019027:46
324906621:propagateValues:9024718:4156
997182662:updateInputs:9038776:391
997182662:updateComponents:9039945:1641
997182662:printLogicLevels:9049670:47
324906621:propagateValues:9055138:3984
997182662:updateInputs:9069121:362
997182662:updateComponents:9070260:1529
997182662:printLogicLevels:9081508:46
324906621:propagateValues:9087018:4006
997182662:updateInputs:9100994:399
997182662:updateComponents:9102174:1496
997182662:printLogicLevels:9111928:7178
324906621:propagateValues:9117295:4146
997182662:updateInputs:9131586:455
997182662:updateComponents:9132820:1557
997182662:printLogicLevels:9142556:46
324906621:propagateValues:9148076:4064
997182662:updateInputs:9162080:408
997182662:updateComponents:9163233:1422
997182662:printLogicLevels:9172757:46
324906621:propagateValues:9178225:4083
997182662:updateInputs:9192429:380
997182662:updateComponents:9193542:1643
997182662:printLogicLevels:9203233:46
324906621:propagateValues:9208624:4276
997182662:updateInputs:9223112:382
997182662:updateComponents:9224240:1531
997182662:printLogicLevels:9233744:46
324906621:propagateValues:9239196:4056
997182662:updateInputs:9253447:387
997182662:updateComponents:9254606:1623
997182662:printLogicLevels:9264059:45
324906621:propagateValues:9269584:4164
997182662:updateInputs:9284289:375
997182662:updateComponents:9285425:1582
997182662:printLogicLevels:9294858:7050
324906621:propagateValues:9300442:4134
997182662:updateInputs:9314632:448
997182662:updateComponents:9315841:1543
997182662:printLogicLevels:9325584:46
324906621:propagateValues:9330994:4090
997182662:updateInputs:9345178:357
997182662:updateComponents:9346286:1500
997182662:printLogicLevels:9355854:47
324906621:propagateValues:9361358:4150
997182662:updateInputs:9375852:357
997182662:updateComponents:9376970:1489
997182662:printLogicLevels:9386428:55
324906621:propagateValues:9392011:4087
997182662:updateInputs:9405940:405
997182662:updateComponents:9407077:1606
997182662:printLogicLevels:9416625:45
324906621:propagateValues:9422602:4118
997182662:updateInputs:9436779:390
997182662:updateComponents:9437904:1527
997182662:printLogicLevels:9447466:56
324906621:propagateValues:9453040:4202
997182662:updateInputs:9467372:389
997182662:updateComponents:9468543:1563
997182662:printLogicLevels:9479522:7123
324906621:propagateValues:9485862:4124
997182662:updateInputs:9501171:471
997182662:updateComponents:9502378:1568
997182662:printLogicLevels:9512027:47
324906621:propagateValues:9517457:4241
997182662:updateInputs:9532234:384
997182662:updateComponents:9533349:1675
997182662:printLogicLevels:9542886:45
324906621:propagateValues:9548617:4092
997182662:updateInputs:9562839:385
997182662:updateComponents:9563949:1536
997182662:printLogicLevels:9573294:46
324906621:propagateValues:9579059:4211
997182662:updateInputs:9593193:383
997182662:updateComponents:9594301:1548
997182662:printLogicLevels:9603875:47
324906621:propagateValues:9609536:4117
997182662:updateInputs:9624033:380
997182662:updateComponents:9625160:1566
997182662:printLogicLevels:9634520:46
324906621:propagateValues:9640011:4104
997182662:updateInputs:9654073:386
997182662:updateComponents:9655181:1616
997182662:printLogicLevels:9664644:7220
324906621:propagateValues:9670268:4114
997182662:updateInputs:9684513:455
997182662:updateComponents:9685712:1548
997182662:printLogicLevels:9695216:46
324906621:propagateValues:9700797:4079
997182662:updateInputs:9715279:386
997182662:updateComponents:9716408:1551
997182662:printLogicLevels:9725707:47
324906621:propagateValues:9731416:4091
997182662:updateInputs:9745492:351
997182662:updateComponents:9746558:1476
997182662:printLogicLevels:9755718:56
324906621:propagateValues:9761373:4203
997182662:updateInputs:9775811:375
997182662:updateComponents:9776890:1666
997182662:printLogicLevels:9786401:48
324906621:propagateValues:9792233:3993
997182662:updateInputs:9806752:358
997182662:updateComponents:9807855:1483
997182662:printLogicLevels:9817281:45
324906621:propagateValues:9825524:4207
997182662:updateInputs:9839804:376
997182662:updateComponents:9840897:1502
997182662:printLogicLevels:9850316:7166
324906621:propagateValues:9855910:4131
997182662:updateInputs:9870477:469
997182662:updateComponents:9871719:1663
997182662:printLogicLevels:9881334:46
324906621:propagateValues:9886991:4206
997182662:updateInputs:9901788:339
997182662:updateComponents:9902875:1498
997182662:printLogicLevels:9912179:55
324906621:propagateValues:9917856:4333
997182662:updateInputs:9932539:410
997182662:updateComponents:9933670:1555
997182662:printLogicLevels:9943154:45
324906621:propagateValues:9948852:4002
997182662:updateInputs:9963166:377
997182662:updateComponents:9964273:1542
997182662:printLogicLevels:9973505:55
324906621:propagateValues:9979103:4008
997182662:updateInputs:9993406:405
997182662:updateComponents:9994547:1404
997182662:printLogicLevels:10003735:57
324906621:propagateValues:10009292:4019
997182662:updateInputs:10023309:396
997182662:updateComponents:10024401:1614
997182662:printLogicLevels:10033847:7108
324906621:propagateValues:10039480:4304
997182662:updateInputs:10054330:449
997182662:updateComponents:10055534:1568
997182662:printLogicLevels:10065186:46
324906621:propagateValues:10070711:4080
997182662:updateInputs:10084727:379
997182662:updateComponents:10085826:1666
997182662:printLogicLevels:10095555:47
324906621:propagateValues:10101051:3982
997182662:updateInputs:10115268:384
997182662:updateComponents:10116365:1622
997182662:printLogicLevels:10125893:47
324906621:propagateValues:10131532:4022
997182662:updateInputs:10146032:393
997182662:updateComponents:10147166:1710
997182662:printLogicLevels:10156598:47
324906621:propagateValues:10161959:4186
997182662:updateInputs:10176177:440
997182662:updateComponents:10177410:1786
997182662:printLogicLevels:10187095:47
324906621:propagateValues:10192608:4120
997182662:updateInputs:10206555:435
997182662:updateComponents:10207717:1630
997182662:printLogicLevels:10217246:7136
324906621:propagateValues:10222742:4107
997182662:updateInputs:10237470:458
997182662:updateComponents:10238661:1634
997182662:printLogicLevels:10248334:46
324906621:propagateValues:10253986:4124
997182662:updateInputs:10268548:380
997182662:updateComponents:10269675:1615
997182662:printLogicLevels:10279148:48
324906621:propagateValues:10284679:4196
997182662:updateInputs:10299226:397
997182662:updateComponents:10300373:1759
997182662:printLogicLevels:10310011:47
324906621:propagateValues:10315633:3917
997182662:updateInputs:10329452:376
997182662:updateComponents:10330573:1572
997182662:printLogicLevels:10340039:47
324906621:propagateValues:10345526:3995
997182662:updateInputs:10359853:389
997182662:updateComponents:10360955:1652
997182662:printLogicLevels:10370496:46
324906621:propagateValues:10375955:4036
997182662:updateInputs:10390411:374
997182662:updateComponents:10391494:1537
997182662:printLogicLevels:10400809:7161
324906621:propagateValues:10406174:4326
997182662:updateInputs:10420913:448
997182662:updateComponents:10422087:1534
997182662:printLogicLevels:10431695:55
324906621:propagateValues:10437268:4079
997182662:updateInputs:10451742:402
997182662:updateComponents:10452860:1576
997182662:printLogicLevels:10462276:46
324906621:propagateValues:10467840:3985
997182662:updateInputs:10482147:400
997182662:updateComponents:10483248:1486
997182662:printLogicLevels:10492580:45
324906621:propagateValues:10497994:4105
997182662:updateInputs:10512658:389
997182662:updateComponents:10513783:1509
997182662:printLogicLevels:10523378:47
324906621:propagateValues:10528884:4029
997182662:updateInputs:10542797:419
997182662:updateComponents:10543939:1567
997182662:printLogicLevels:10553218:45
324906621:propagateValues:10558843:3949
997182662:updateInputs:10573007:395
997182662:updateComponents:10574114:1581
997182662:printLogicLevels:10583552:7099
324906621:propagateValues:10589047:4266
997182662:updateInputs:10603295:414
997182662:updateComponents:10604456:1610
997182662:printLogicLevels:10614042:47
324906621:propagateValues:10619571:4152
997182662:updateInputs:10634133:380
997182662:updateComponents:10635238:1637
997182662:printLogicLevels:10644733:56
324906621:propagateValues:10650194:4127
997182662:updateInputs:10664742:380
997182662:updateComponents:10665865:1616
997182662:printLogicLevels:10675373:45
324906621:propagateValues:10680942:4243
997182662:updateInputs:10695463:418
997182662:updateComponents:10696622:1646
997182662:printLogicLevels:10706048:46
324906621:propagateValues:10711574:4114
997182662:updateInputs:10740207:381
997182662:updateComponents:10741288:1536
997182662:printLogicLevels:10750576:45
324906621:propagateValues:10755862:4125
997182662:updateInputs:10770271:344
997182662:updateComponents:10771385:1582
997182662:printLogicLevels:10780568:6877
324906621:propagateValues:10785832:4088
997182662:updateInputs:10800046:435
997182662:updateComponents:10802841:1501
997182662:printLogicLevels:10811945:45
324906621:propagateValues:10817703:4037
997182662:updateInputs:10831470:380
997182662:updateComponents:10832542:1566
997182662:printLogicLevels:10841942:44
324906621:propagateValues:10847410:3843
997182662:updateInputs:10861119:349
997182662:updateComponents:10862192:1624
997182662:printLogicLevels:10871374:44
324906621:propagateValues:10876902:3988
997182662:updateInputs:10890900:372
997182662:updateComponents:10892002:1545
997182662:printLogicLevels:10901133:45
324906621:propagateValues:10906672:3923
997182662:updateInputs:10920190:384
997182662:updateComponents:10921271:1506
997182662:printLogicLevels:10930309:53
324906621:propagateValues:10935714:3887
997182662:updateInputs:10949666:396
997182662:updateComponents:10950781:1539
997182662:printLogicLevels:10960044:6872
324906621:propagateValues:10965416:4037
997182662:updateInputs:10979529:429
997182662:updateComponents:10980675:1463
997182662:printLogicLevels:10989886:45
324906621:propagateValues:10995216:4143
997182662:updateInputs:11009496:362
997182662:updateComponents:11010576:1439
997182662:printLogicLevels:11019731:46
324906621:propagateValues:11025056:3895
997182662:updateInputs:11039122:368
997182662:updateComponents:11040194:1467
997182662:printLogicLevels:11049404:45
324906621:propagateValues:11054741:4163
997182662:updateInputs:11069061:381
997182662:updateComponents:11070168:1612
997182662:printLogicLevels:11079649:45
324906621:propagateValues:11085038:3913
997182662:updateInputs:11098981:375
997182662:updateComponents:11100061:1588
997182662:printLogicLevels:11109324:55
324906621:propagateValues:11114314:4062
997182662:updateInputs:11128450:399
997182662:updateComponents:11129541:1504
997182662:printLogicLevels:11138654:6961
324906621:propagateValues:11143914:4038
997182662:updateInputs:11158023:448
997182662:updateComponents:11159218:1521
997182662:printLogicLevels:11168468:46
324906621:propagateValues:11173922:3871
997182662:updateInputs:11187602:386
997182662:updateComponents:11188679:1529
997182662:printLogicLevels:11197960:53
324906621:propagateValues:11203305:4025
997182662:updateInputs:11217281:386
997182662:updateComponents:11218361:1407
997182662:printLogicLevels:11227394:53
324906621:propagateValues:11232788:3984
997182662:updateInputs:11246379:364
997182662:updateComponents:11247463:1514
997182662:printLogicLevels:11256728:54
324906621:propagateValues:11262085:3980
997182662:updateInputs:11276132:362
997182662:updateComponents:11277193:1519
997182662:printLogicLevels:11286351:54
324906621:propagateValues:11291854:4165
997182662:updateInputs:11305688:356
997182662:updateComponents:11306715:1509
997182662:printLogicLevels:11315945:6840
324906621:propagateValues:11321216:4072
997182662:updateInputs:11334919:440
997182662:updateComponents:11336074:1498
997182662:printLogicLevels:11345354:45
324906621:propagateValues:11350664:4024
997182662:updateInputs:11364858:359
997182662:updateComponents:11365963:1526
997182662:printLogicLevels:11375283:44
324906621:propagateValues:11380757:3893
997182662:updateInputs:11394287:377
997182662:updateComponents:11395351:1541
997182662:printLogicLevels:11404629:46
324906621:propagateValues:11410145:4015
997182662:updateInputs:11423852:388
997182662:updateComponents:11424961:1532
997182662:printLogicLevels:11435827:44
324906621:propagateValues:11441218:4077
997182662:updateInputs:11454976:383
997182662:updateComponents:11456069:1626
997182662:printLogicLevels:11465291:54
324906621:propagateValues:11470804:4005
997182662:updateInputs:11484262:449
997182662:updateComponents:11485420:1542
997182662:printLogicLevels:11494560:6948
324906621:propagateValues:11499910:3880
997182662:updateInputs:11513563:458
997182662:updateComponents:11514727:1455
997182662:printLogicLevels:11523977:45
324906621:propagateValues:11529499:4006
997182662:updateInputs:11543515:396
997182662:updateComponents:11544614:1557
997182662:printLogicLevels:11553977:45
324906621:propagateValues:11559375:3914
997182662:updateInputs:11572963:375
997182662:updateComponents:11574093:1652
997182662:printLogicLevels:11583400:46
324906621:propagateValues:11589031:4241
997182662:updateInputs:11603136:357
997182662:updateComponents:11604242:1482
997182662:printLogicLevels:11613567:45
324906621:propagateValues:11622763:5405
997182662:updateInputs:11647553:521
997182662:updateComponents:11649062:1664
997182662:printLogicLevels:11669583:96
324906621:propagateValues:11676359:4357
997182662:updateInputs:11692629:447
997182662:updateComponents:11693861:1849
997182662:printLogicLevels:11704412:9619
324906621:propagateValues:11712462:4224
997182662:updateInputs:11726893:545
997182662:updateComponents:11728254:1855
997182662:printLogicLevels:11738967:44
324906621:propagateValues:11745472:4304
997182662:updateInputs:11761242:390
997182662:updateComponents:11762399:2079
997182662:printLogicLevels:11773064:44
324906621:propagateValues:11778651:4019
997182662:updateInputs:11792799:428
997182662:updateComponents:11794000:2025
997182662:printLogicLevels:11804096:46
324906621:propagateValues:11809852:3986
997182662:updateInputs:11822904:394
997182662:updateComponents:11824070:2010
997182662:printLogicLevels:11834038:45
324906621:propagateValues:11839618:4063
997182662:updateInputs:11853640:399
997182662:updateComponents:11854767:1858
997182662:printLogicLevels:11864480:44
324906621:propagateValues:11870033:3990
997182662:updateInputs:11883192:401
997182662:updateComponents:11884333:2047
997182662:printLogicLevels:11894503:7295
324906621:propagateValues:11899916:4242
997182662:updateInputs:11914524:457
997182662:updateComponents:11915739:1899
997182662:printLogicLevels:11925772:45
324906621:propagateValues:11931445:3980
997182662:updateInputs:11945379:391
997182662:updateComponents:11946522:1886
997182662:printLogicLevels:11956376:44
324906621:propagateValues:11961904:4335
997182662:updateInputs:11975192:423
997182662:updateComponents:11976349:2102
997182662:printLogicLevels:11986265:44
324906621:propagateValues:11991652:4032
997182662:updateInputs:12005580:402
997182662:updateComponents:12006741:1923
997182662:printLogicLevels:12016701:44
324906621:propagateValues:12022093:3920
997182662:updateInputs:12036000:401
997182662:updateComponents:12037122:1993
997182662:printLogicLevels:12046990:44
324906621:propagateValues:12052667:3865
997182662:updateInputs:12066477:399
997182662:updateComponents:12067627:1995
997182662:printLogicLevels:12077843:6964
324906621:propagateValues:12083127:3959
997182662:updateInputs:12097195:430
997182662:updateComponents:12098386:1915
997182662:printLogicLevels:12108470:44
324906621:propagateValues:12113959:3957
997182662:updateInputs:12127924:406
997182662:updateComponents:12129095:1879
997182662:printLogicLevels:12138888:45
324906621:propagateValues:12144406:3917
997182662:updateInputs:12158293:341
997182662:updateComponents:12159367:1858
997182662:printLogicLevels:12169077:46
324906621:propagateValues:12174822:3980
997182662:updateInputs:12188675:397
997182662:updateComponents:12189836:1869
997182662:printLogicLevels:12199545:46
324906621:propagateValues:12204915:3900
997182662:updateInputs:12218634:349
997182662:updateComponents:12219720:1967
997182662:printLogicLevels:12229830:45
324906621:propagateValues:12235377:3981
997182662:updateInputs:12248357:446
997182662:updateComponents:12249568:2015
997182662:printLogicLevels:12259626:6858
324906621:propagateValues:12265004:3912
997182662:updateInputs:12279307:472
997182662:updateComponents:12280546:1940
997182662:printLogicLevels:12290773:45
324906621:propagateValues:12296063:4057
997182662:updateInputs:12310064:388
997182662:updateComponents:12311203:2043
997182662:printLogicLevels:12321459:55
324906621:propagateValues:12326875:3897
997182662:updateInputs:12340582:401
997182662:updateComponents:12341722:1978
997182662:printLogicLevels:12351865:45
324906621:propagateValues:12357263:4142
997182662:updateInputs:12371317:392
997182662:updateComponents:12372459:1974
997182662:printLogicLevels:12382298:45
324906621:propagateValues:12387721:4109
997182662:updateInputs:12401750:386
997182662:updateComponents:12402871:2054
997182662:printLogicLevels:12412966:44
324906621:propagateValues:12418401:4013
997182662:updateInputs:12431384:415
997182662:updateComponents:12432553:2146
997182662:printLogicLevels:12442570:6950
324906621:propagateValues:12447824:4198
997182662:updateInputs:12462083:456
997182662:updateComponents:12463273:1877
997182662:printLogicLevels:12473555:45
324906621:propagateValues:12478926:4038
997182662:updateInputs:12492247:420
997182662:updateComponents:12493422:1951
997182662:printLogicLevels:12503276:44
324906621:propagateValues:12508647:4003
997182662:updateInputs:12522729:377
997182662:updateComponents:12523845:1839
997182662:printLogicLevels:12533622:44
324906621:propagateValues:12538984:4021
997182662:updateInputs:12552121:417
997182662:updateComponents:12553302:2032
997182662:printLogicLevels:12563295:46
324906621:propagateValues:12568672:4040
997182662:updateInputs:12582618:372
997182662:updateComponents:12583731:1842
997182662:printLogicLevels:12593615:45
324906621:propagateValues:12599093:3968
997182662:updateInputs:12612947:407
997182662:updateComponents:12614115:1853
997182662:printLogicLevels:12623886:6864
324906621:propagateValues:12629105:4083
997182662:updateInputs:12643194:447
997182662:updateComponents:12644384:2017
997182662:printLogicLevels:12654444:44
324906621:propagateValues:12659905:3969
997182662:updateInputs:12673842:393
997182662:updateComponents:12674994:1951
997182662:printLogicLevels:12684865:45
324906621:propagateValues:12690332:4071
997182662:updateInputs:12703507:386
997182662:updateComponents:12704632:2125
997182662:printLogicLevels:12714861:45
324906621:propagateValues:12720526:4114
997182662:updateInputs:12734619:402
997182662:updateComponents:12735775:1891
997182662:printLogicLevels:12745411:46
324906621:propagateValues:12751063:4214
997182662:updateInputs:12764270:456
997182662:updateComponents:12767158:1898
997182662:printLogicLevels:12776888:44
324906621:propagateValues:12782849:4091
997182662:updateInputs:12796084:386
997182662:updateComponents:12797226:2001
997182662:printLogicLevels:12807690:6922
324906621:propagateValues:12812976:4085
997182662:updateInputs:12827157:437
997182662:updateComponents:12828315:1945
997182662:printLogicLevels:12838316:45
324906621:propagateValues:12843636:3951
997182662:updateInputs:12856759:413
997182662:updateComponents:12857923:1900
997182662:printLogicLevels:12867878:60
324906621:propagateValues:12873371:4015
997182662:updateInputs:12887436:379
997182662:updateComponents:12888547:1897
997182662:printLogicLevels:12898333:45
324906621:propagateValues:12903970:4239
997182662:updateInputs:12918205:390
997182662:updateComponents:12919358:2001
997182662:printLogicLevels:12929576:45
324906621:propagateValues:12935084:3918
997182662:updateInputs:12948871:390
997182662:updateComponents:12950000:1875
997182662:printLogicLevels:12959748:45
324906621:propagateValues:12965388:3879
997182662:updateInputs:12979208:398
997182662:updateComponents:12980346:1905
997182662:printLogicLevels:12990217:6839
324906621:propagateValues:12995606:3997
997182662:updateInputs:13008859:485
997182662:updateComponents:13010109:1936
997182662:printLogicLevels:13020205:45
324906621:propagateValues:13025981:4119
997182662:updateInputs:13040213:401
997182662:updateComponents:13041367:2039
997182662:printLogicLevels:13051722:45
324906621:propagateValues:13057146:4025
997182662:updateInputs:13071206:401
997182662:updateComponents:13072350:2018
997182662:printLogicLevels:13082259:45
324906621:propagateValues:13087752:4123
997182662:updateInputs:13101790:400
997182662:updateComponents:13102935:1953
997182662:printLogicLevels:13112736:45
324906621:propagateValues:13118306:4298
997182662:updateInputs:13132496:383
997182662:updateComponents:13133601:1886
997182662:printLogicLevels:13143596:44
324906621:propagateValues:13149399:3925
997182662:updateInputs:13163361:411
997182662:updateComponents:13164552:1949
997182662:printLogicLevels:13174777:6857
324906621:propagateValues:13180114:3910
997182662:updateInputs:13194023:463
997182662:updateComponents:13195248:2040
997182662:printLogicLevels:13205442:44
324906621:propagateValues:13210779:4020
997182662:updateInputs:13224730:398
997182662:updateComponents:13225888:1909
997182662:printLogicLevels:13235711:44
324906621:propagateValues:13241083:3970
997182662:updateInputs:13254823:404
997182662:updateComponents:13255964:2032
997182662:printLogicLevels:13265833:45
324906621:propagateValues:13271330:3911
997182662:updateInputs:13284630:406
997182662:updateComponents:13285786:2115
997182662:printLogicLevels:13296285:45
324906621:propagateValues:13301785:3952
997182662:updateInputs:13315807:391
997182662:updateComponents:13316934:1873
997182662:printLogicLevels:13326660:46
324906621:propagateValues:13332106:4093
997182662:updateInputs:13346021:403
997182662:updateComponents:13347175:1914
997182662:printLogicLevels:13357035:6928
324906621:propagateValues:13362447:4054
997182662:updateInputs:13375690:464
997182662:updateComponents:13376893:1978
997182662:printLogicLevels:13386917:44
324906621:propagateValues:13392744:3934
997182662:updateInputs:13406938:388
997182662:updateComponents:13408109:1889
997182662:printLogicLevels:13419756:43
324906621:propagateValues:13425203:3843
997182662:updateInputs:13438904:398
997182662:updateComponents:13440049:2017
997182662:printLogicLevels:13450032:44
324906621:propagateValues:13455531:4071
997182662:updateInputs:13469330:404
997182662:updateComponents:13470487:1919
997182662:printLogicLevels:13480356:45
324906621:propagateValues:13485785:4055
997182662:updateInputs:13498772:384
997182662:updateComponents:13499893:2044
997182662:printLogicLevels:13510126:45
324906621:propagateValues:13515932:4019
997182662:updateInputs:13529941:411
997182662:updateComponents:13531114:1920
997182662:printLogicLevels:13541102:6947
324906621:propagateValues:13546483:4125
997182662:updateInputs:13560606:445
997182662:updateComponents:13561781:1876
997182662:printLogicLevels:13571716:45
324906621:propagateValues:13577095:4069
997182662:updateInputs:13590145:417
997182662:updateComponents:13591323:1843
997182662:printLogicLevels:13600999:45
324906621:propagateValues:13606486:3977
997182662:updateInputs:13620374:401
997182662:updateComponents:13621507:1907
997182662:printLogicLevels:13631615:45
324906621:propagateValues:13651127:3867
997182662:updateInputs:13664656:382
997182662:updateComponents:13665770:1821
997182662:printLogicLevels:13675242:43
324906621:propagateValues:13680437:3895
997182662:updateInputs:13693091:408
997182662:updateComponents:13694217:1993
997182662:printLogicLevels:13703752:45
324906621:propagateValues:13709009:3878
997182662:updateInputs:13721677:427
997182662:updateComponents:13722841:1875
997182662:printLogicLevels:13732288:6778
324906621:propagateValues:13737336:3897
997182662:updateInputs:13751160:445
997182662:updateComponents:13752348:1911
997182662:printLogicLevels:13762393:43
324906621:propagateValues:13767836:3845
997182662:updateInputs:13781508:379
997182662:updateComponents:13782611:1942
997182662:printLogicLevels:13792351:43
324906621:propagateValues:13797451:3933
997182662:updateInputs:13810175:386
997182662:updateComponents:13811263:1879
997182662:printLogicLevels:13820690:45
324906621:propagateValues:13826061:3922
997182662:updateInputs:13839624:376
997182662:updateComponents:13840731:1832
997182662:printLogicLevels:13850166:45
324906621:propagateValues:13855452:3899
997182662:updateInputs:13868047:427
997182662:updateComponents:13869186:1885
997182662:printLogicLevels:13878791:44
324906621:propagateValues:13885808:3829
997182662:updateInputs:13899513:388
997182662:updateComponents:13900631:1891
997182662:printLogicLevels:13910222:6738
324906621:propagateValues:13915485:4071
997182662:updateInputs:13928648:444
997182662:updateComponents:13929802:1817
997182662:printLogicLevels:13939343:52
324906621:propagateValues:13944593:3914
997182662:updateInputs:13958227:388
997182662:updateComponents:13959338:1916
997182662:printLogicLevels:13968915:44
324906621:propagateValues:13974295:3881
997182662:updateInputs:13987103:450
997182662:updateComponents:13988270:1893
997182662:printLogicLevels:13998010:53
324906621:propagateValues:14003262:3824
997182662:updateInputs:14015908:375
997182662:updateComponents:14017015:1876
997182662:printLogicLevels:14026624:44
324906621:propagateValues:14031992:3916
997182662:updateInputs:14045602:379
997182662:updateComponents:14046699:1808
997182662:printLogicLevels:14056179:45
324906621:propagateValues:14061518:3824
997182662:updateInputs:14074980:404
997182662:updateComponents:14076120:1925
997182662:printLogicLevels:14085809:6668
324906621:propagateValues:14091008:4007
997182662:updateInputs:14104802:445
997182662:updateComponents:14105981:1886
997182662:printLogicLevels:14115849:44
324906621:propagateValues:14121188:3925
997182662:updateInputs:14133800:386
997182662:updateComponents:14134915:1916
997182662:printLogicLevels:14144550:44
324906621:propagateValues:14149827:3815
997182662:updateInputs:14163163:382
997182662:updateComponents:14164270:1802
997182662:printLogicLevels:14173733:43
324906621:propagateValues:14178916:4152
997182662:updateInputs:14192830:387
997182662:updateComponents:14193968:1946
997182662:printLogicLevels:14203694:44
324906621:propagateValues:14208664:3892
997182662:updateInputs:14221524:393
997182662:updateComponents:14222599:1905
997182662:printLogicLevels:14232006:43
324906621:propagateValues:14237243:3814
997182662:updateInputs:14250579:384
997182662:updateComponents:14251670:1859
997182662:printLogicLevels:14260843:6636
324906621:propagateValues:14268158:4039
997182662:updateInputs:14282227:454
997182662:updateComponents:14283395:1949
997182662:printLogicLevels:14293265:54
324906621:propagateValues:14298461:4083
997182662:updateInputs:14312309:388
997182662:updateComponents:14313456:1787
997182662:printLogicLevels:14323123:43
324906621:propagateValues:14328454:4014
997182662:updateInputs:14342209:385
997182662:updateComponents:14343343:1808
997182662:printLogicLevels:14353078:54
324906621:propagateValues:14358424:3938
997182662:updateInputs:14372228:379
997182662:updateComponents:14373359:1801
997182662:printLogicLevels:14382987:54
324906621:propagateValues:14388197:3992
997182662:updateInputs:14401117:381
997182662:updateComponents:14402238:1810
997182662:printLogicLevels:14411695:43
324906621:propagateValues:14416863:3802
997182662:updateInputs:14430316:386
997182662:updateComponents:14431455:1775
997182662:printLogicLevels:14441222:6638
324906621:propagateValues:14446357:4111
997182662:updateInputs:14460249:446
997182662:updateComponents:14461436:1849
997182662:printLogicLevels:14471291:43
324906621:propagateValues:14476408:3883
997182662:updateInputs:14490091:411
997182662:updateComponents:14491239:1773
997182662:printLogicLevels:14501098:55
324906621:propagateValues:14506342:4004
997182662:updateInputs:14519052:377
997182662:updateComponents:14520179:1778
997182662:printLogicLevels:14529958:44
324906621:propagateValues:14535026:3996
997182662:updateInputs:14548740:376
997182662:updateComponents:14549865:1795
997182662:printLogicLevels:14561278:54
324906621:propagateValues:14566340:3807
997182662:updateInputs:14578911:374
997182662:updateComponents:14580016:1718
997182662:printLogicLevels:14589661:42
324906621:propagateValues:14594841:3899
997182662:updateInputs:14608282:388
997182662:updateComponents:14609420:1836
997182662:printLogicLevels:14618979:6687
324906621:propagateValues:14624142:4154
997182662:updateInputs:14637343:441
997182662:updateComponents:14638538:1728
997182662:printLogicLevels:14648176:53
324906621:propagateValues:14653226:3850
997182662:updateInputs:14666709:388
997182662:updateComponents:14667862:1791
997182662:printLogicLevels:14677302:53
324906621:propagateValues:14682414:4016
997182662:updateInputs:14695181:387
997182662:updateComponents:14697929:1783
997182662:printLogicLevels:14707307:54
324906621:propagateValues:14712549:3920
997182662:updateInputs:14725335:387
997182662:updateComponents:14726487:1854
997182662:printLogicLevels:14736323:43
324906621:propagateValues:14741529:3853
997182662:updateInputs:14755084:408
997182662:updateComponents:14756199:1829
997182662:printLogicLevels:14765688:44
324906621:propagateValues:14770998:3934
997182662:updateInputs:14784609:379
997182662:updateComponents:14785736:1757
997182662:printLogicLevels:14795256:6651
324906621:propagateValues:14800371:4129
997182662:updateInputs:14814108:446
997182662:updateComponents:14815311:1898
997182662:printLogicLevels:14825164:45
324906621:propagateValues:14830405:3902
997182662:updateInputs:14843859:371
997182662:updateComponents:14844984:1813
997182662:printLogicLevels:14854519:45
324906621:propagateValues:14859853:3908
997182662:updateInputs:14873579:413
997182662:updateComponents:14874696:1811
997182662:printLogicLevels:14884254:53
324906621:propagateValues:14889599:3915
997182662:updateInputs:14902997:392
997182662:updateComponents:14904140:1815
997182662:printLogicLevels:14913608:43
324906621:propagateValues:14918849:3944
997182662:updateInputs:14932378:403
997182662:updateComponents:14933482:1797
997182662:printLogicLevels:14943028:54
324906621:propagateValues:14948372:3839
997182662:updateInputs:14961127:397
997182662:updateComponents:14962282:1770
997182662:printLogicLevels:14971917:6572
324906621:propagateValues:14977126:3991
997182662:updateInputs:14991133:453
997182662:updateComponents:14992334:1709
997182662:printLogicLevels:15001882:43
324906621:propagateValues:15007127:3924
997182662:updateInputs:15020885:400
997182662:updateComponents:15022017:1659
997182662:printLogicLevels:15031292:53
324906621:propagateValues:15036449:3890
997182662:updateInputs:15050078:379
997182662:updateComponents:15051203:1851
997182662:printLogicLevels:15060748:43
324906621:propagateValues:15065907:3875
997182662:updateInputs:15079549:381
997182662:updateComponents:15080677:1752
997182662:printLogicLevels:15090179:43
324906621:propagateValues:15095365:3998
997182662:updateInputs:15109093:370
997182662:updateComponents:15110192:1880
997182662:printLogicLevels:15119658:53
324906621:propagateValues:15124886:4032
997182662:updateInputs:15138541:396
997182662:updateComponents:15139691:1740
997182662:printLogicLevels:15149182:6622
324906621:propagateValues:15154314:4044
997182662:updateInputs:15168199:445
997182662:updateComponents:15169377:1750
997182662:printLogicLevels:15178999:53
324906621:propagateValues:15184195:3861
997182662:updateInputs:15197994:413
997182662:updateComponents:15199141:1825
997182662:printLogicLevels:15208857:43
324906621:propagateValues:15214069:3901
997182662:updateInputs:15226735:386
997182662:updateComponents:15227856:1748
997182662:printLogicLevels:15237336:46
324906621:propagateValues:15242540:3917
997182662:updateInputs:15256169:353
997182662:updateComponents:15257277:1792
997182662:printLogicLevels:15266684:54
324906621:propagateValues:15271847:3961
997182662:updateInputs:15285584:377
997182662:updateComponents:15286714:1795
997182662:printLogicLevels:15296181:53
324906621:propagateValues:15301449:4119
997182662:updateInputs:15315180:395
997182662:updateComponents:15316320:1831
997182662:printLogicLevels:15327366:6636
324906621:propagateValues:15332785:4012
997182662:updateInputs:15345785:446
997182662:updateComponents:15346987:1862
997182662:printLogicLevels:15356772:44
324906621:propagateValues:15361744:3898
997182662:updateInputs:15375241:391
997182662:updateComponents:15376361:1777
997182662:printLogicLevels:15385841:54
324906621:propagateValues:15391111:3954
997182662:updateInputs:15404634:381
997182662:updateComponents:15405754:1727
997182662:printLogicLevels:15415160:45
324906621:propagateValues:15420444:3889
997182662:updateInputs:15434172:402
997182662:updateComponents:15435300:1819
997182662:printLogicLevels:15444969:53
324906621:propagateValues:15450234:3847
997182662:updateInputs:15462971:377
997182662:updateComponents:15464086:1772
997182662:printLogicLevels:15473651:54
324906621:propagateValues:15478854:3993
997182662:updateInputs:15492472:384
997182662:updateComponents:15493602:1697
997182662:printLogicLevels:15502960:6662
324906621:propagateValues:15508102:4051
997182662:updateInputs:15521827:430
997182662:updateComponents:15522992:1791
997182662:printLogicLevels:15532817:44
324906621:propagateValues:15538099:3971
997182662:updateInputs:15550909:386
997182662:updateComponents:15552067:1774
997182662:printLogicLevels:15561608:43
324906621:propagateValues:15566861:3941
997182662:updateInputs:15580309:390
997182662:updateComponents:15581434:1804
997182662:printLogicLevels:15590845:43
324906621:propagateValues:15595806:3902
997182662:updateInputs:15609189:392
997182662:updateComponents:15610326:1718
997182662:printLogicLevels:15619749:44
324906621:propagateValues:15624897:3908
997182662:updateInputs:15637393:383
997182662:updateComponents:15638523:1833
997182662:printLogicLevels:15648050:52
324906621:propagateValues:15653288:3837
997182662:updateInputs:15666807:383
997182662:updateComponents:15667938:1698
997182662:printLogicLevels:15677659:6653
324906621:propagateValues:15682800:4056
997182662:updateInputs:15695943:442
997182662:updateComponents:15697138:1686
997182662:printLogicLevels:15706811:53
324906621:propagateValues:15711826:3916
997182662:updateInputs:15725389:393
997182662:updateComponents:15726532:1761
997182662:printLogicLevels:15735956:53
324906621:propagateValues:15741435:4004
997182662:updateInputs:15755293:386
997182662:updateComponents:15756428:1716
997182662:printLogicLevels:15765959:43
324906621:propagateValues:15771201:3953
997182662:updateInputs:15784961:418
997182662:updateComponents:15786115:1743
997182662:printLogicLevels:15795654:43
324906621:propagateValues:15800936:3763
997182662:updateInputs:15814352:378
997182662:updateComponents:15815495:1868
997182662:printLogicLevels:15825049:44
324906621:propagateValues:15830311:3867
997182662:updateInputs:15843014:390
997182662:updateComponents:15844170:1889
997182662:printLogicLevels:15853744:6623
324906621:propagateValues:15858785:4000
997182662:updateInputs:15872726:398
997182662:updateComponents:15873856:1817
997182662:printLogicLevels:15883602:44
324906621:propagateValues:15888789:3874
997182662:updateInputs:15902305:376
997182662:updateComponents:15903432:1792
997182662:printLogicLevels:15913166:45
324906621:propagateValues:15918464:3978
997182662:updateInputs:15932146:386
997182662:updateComponents:15933265:1691
997182662:printLogicLevels:15942707:43
324906621:propagateValues:15948086:3756
997182662:updateInputs:15961515:383
997182662:updateComponents:15962654:1743
997182662:printLogicLevels:15972156:44
324906621:propagateValues:15977432:4008
997182662:updateInputs:15991153:367
997182662:updateComponents:15992258:1778
997182662:printLogicLevels:16001938:53
324906621:propagateValues:16007132:3853
997182662:updateInputs:16020540:361
997182662:updateComponents:16021658:1732
997182662:printLogicLevels:16031144:6669
324906621:propagateValues:16036375:4036
997182662:updateInputs:16050317:452
997182662:updateComponents:16051477:1772
997182662:printLogicLevels:16061164:53
324906621:propagateValues:16066388:4096
997182662:updateInputs:16080121:390
997182662:updateComponents:16081259:1763
997182662:printLogicLevels:16090738:53
324906621:propagateValues:16095865:3917
997182662:updateInputs:16109472:418
997182662:updateComponents:16110608:1821
997182662:printLogicLevels:16120192:43
324906621:propagateValues:16125525:4108
997182662:updateInputs:16138556:381
997182662:updateComponents:16139702:1792
997182662:printLogicLevels:16149343:44
324906621:propagateValues:16159420:4054
997182662:updateInputs:16173211:369
997182662:updateComponents:16174331:1768
997182662:printLogicLevels:16183763:54
324906621:propagateValues:16188918:3926
997182662:updateInputs:16202540:382
997182662:updateComponents:16203660:1799
997182662:printLogicLevels:16213180:6615
324906621:propagateValues:16218384:3881
997182662:updateInputs:16232106:419
997182662:updateComponents:16233279:1738
997182662:printLogicLevels:16242997:44
324906621:propagateValues:16248263:4123
997182662:updateInputs:16262134:375
997182662:updateComponents:16263268:1757
997182662:printLogicLevels:16272876:43
324906621:propagateValues:16278056:3839
997182662:updateInputs:16291593:381
997182662:updateComponents:16292709:1772
997182662:printLogicLevels:16302282:54
324906621:propagateValues:16307207:3869
997182662:updateInputs:16320669:383
997182662:updateComponents:16321800:1782
997182662:printLogicLevels:16331416:43
324906621:propagateValues:16336513:3969
997182662:updateInputs:16350065:377
997182662:updateComponents:16351167:1887
997182662:printLogicLevels:16360821:44
324906621:propagateValues:16365963:3822
997182662:updateInputs:16379361:396
997182662:updateComponents:16380505:1816
997182662:printLogicLevels:16390054:6615
324906621:propagateValues:16395214:3903
997182662:updateInputs:16409084:429
997182662:updateComponents:16410265:1747
997182662:printLogicLevels:16419852:44
324906621:propagateValues:16425026:3913
997182662:updateInputs:16437764:387
997182662:updateComponents:16438913:1738
997182662:printLogicLevels:16448431:43
324906621:propagateValues:16453628:3971
997182662:updateInputs:16467282:416
997182662:updateComponents:16468410:1835
997182662:printLogicLevels:16478062:44
324906621:propagateValues:16483302:3867
997182662:updateInputs:16496901:370
997182662:updateComponents:16498024:1939
997182662:printLogicLevels:16507656:45
324906621:propagateValues:16512873:3900
997182662:updateInputs:16525561:394
997182662:updateComponents:16526683:1762
997182662:printLogicLevels:16535955:45
324906621:propagateValues:16540817:3953
997182662:updateInputs:16554307:395
997182662:updateComponents:16555449:1840
997182662:printLogicLevels:16564986:6679
324906621:propagateValues:16570087:3965
997182662:updateInputs:16583906:442
997182662:updateComponents:16646649:1672
997182662:printLogicLevels:16656984:54
324906621:propagateValues:16662364:3845
997182662:updateInputs:16675913:402
997182662:updateComponents:16677104:1771
997182662:printLogicLevels:16687065:44
324906621:propagateValues:16692194:3886
997182662:updateInputs:16705567:380
997182662:updateComponents:16706720:1598
997182662:printLogicLevels:16716302:54
324906621:propagateValues:16721432:3845
997182662:updateInputs:16734538:355
997182662:updateComponents:16735647:1687
997182662:printLogicLevels:16745375:44
324906621:propagateValues:16751324:3980
997182662:updateInputs:16765149:353
997182662:updateComponents:16766247:1779
997182662:printLogicLevels:16775761:53
324906621:propagateValues:16780895:3963
997182662:updateInputs:16794477:368
997182662:updateComponents:16795566:1786
997182662:printLogicLevels:16805148:6807
324906621:propagateValues:16810315:4051
997182662:updateInputs:16824133:478
997182662:updateComponents:16825324:1799
997182662:printLogicLevels:16835468:44
324906621:propagateValues:16840614:3912
997182662:updateInputs:16854187:397
997182662:updateComponents:16855304:1787
997182662:printLogicLevels:16864869:45
324906621:propagateValues:16870125:3981
997182662:updateInputs:16882705:382
997182662:updateComponents:16883822:1750
997182662:printLogicLevels:16893307:43
324906621:propagateValues:16898459:3797
997182662:updateInputs:16911968:357
997182662:updateComponents:16913078:1812
997182662:printLogicLevels:16922746:44
324906621:propagateValues:16927881:3934
997182662:updateInputs:16940538:383
997182662:updateComponents:16941676:1936
997182662:printLogicLevels:16951461:53
324906621:propagateValues:16956425:3806
997182662:updateInputs:16969863:383
997182662:updateComponents:16971007:1735
997182662:printLogicLevels:16980445:6768
324906621:propagateValues:16985557:3877
997182662:updateInputs:16999127:434
997182662:updateComponents:17000298:1824
997182662:printLogicLevels:17010099:44
324906621:propagateValues:17015132:3840
997182662:updateInputs:17028563:358
997182662:updateComponents:17029680:1846
997182662:printLogicLevels:17039334:53
324906621:propagateValues:17044588:4091
997182662:updateInputs:17058343:349
997182662:updateComponents:17059424:1777
997182662:printLogicLevels:17069024:53
324906621:propagateValues:17074195:4004
997182662:updateInputs:17087840:412
997182662:updateComponents:17088992:1869
997182662:printLogicLevels:17098600:43
324906621:propagateValues:17103664:3971
997182662:updateInputs:17117243:377
997182662:updateComponents:17118347:1808
997182662:printLogicLevels:17127931:55
324906621:propagateValues:17132831:3780
997182662:updateInputs:17146281:394
997182662:updateComponents:17147422:1868
997182662:printLogicLevels:17157263:6682
324906621:propagateValues:17162291:3859
997182662:updateInputs:17175224:426
997182662:updateComponents:17176403:1809
997182662:printLogicLevels:17186240:53
324906621:propagateValues:17191283:3866
997182662:updateInputs:17204927:389
997182662:updateComponents:17206054:1698
997182662:printLogicLevels:17215512:54
324906621:propagateValues:17220722:3778
997182662:updateInputs:17234232:358
997182662:updateComponents:17235333:1775
997182662:printLogicLevels:17244802:56
324906621:propagateValues:17249623:3794
997182662:updateInputs:17262936:367
997182662:updateComponents:17264063:1732
997182662:printLogicLevels:17275367:41
324906621:propagateValues:17280507:3922
997182662:updateInputs:17294167:387
997182662:updateComponents:17295306:1787
997182662:printLogicLevels:17304692:54
324906621:propagateValues:17309824:3849
997182662:updateInputs:17323291:375
997182662:updateComponents:17324390:1742
997182662:printLogicLevels:17333888:6598
324906621:propagateValues:17339151:3845
997182662:updateInputs:17352845:428
997182662:updateComponents:17354012:1742
997182662:printLogicLevels:17363762:43
324906621:propagateValues:17368785:3946
997182662:updateInputs:17382457:359
997182662:updateComponents:17383561:1748
997182662:printLogicLevels:17394774:53
324906621:propagateValues:17399922:3921
997182662:updateInputs:17413556:376
997182662:updateComponents:17414670:1869
997182662:printLogicLevels:17424384:43
324906621:propagateValues:17429407:3763
997182662:updateInputs:17442835:356
997182662:updateComponents:17443939:1776
997182662:printLogicLevels:17453444:44
324906621:propagateValues:17458486:3783
997182662:updateInputs:17471820:351
997182662:updateComponents:17472901:1785
997182662:printLogicLevels:17482459:53
324906621:propagateValues:17487619:3951
997182662:updateInputs:17501273:385
997182662:updateComponents:17502415:1780
997182662:printLogicLevels:17512032:6660
324906621:propagateValues:17517236:4010
997182662:updateInputs:17530983:437
997182662:updateComponents:17532161:1855
997182662:printLogicLevels:17541967:55
324906621:propagateValues:17547048:3870
997182662:updateInputs:17560587:403
997182662:updateComponents:17561707:1763
997182662:printLogicLevels:17571169:44
324906621:propagateValues:17576332:3852
997182662:updateInputs:17590127:364
997182662:updateComponents:17591202:1792
997182662:printLogicLevels:17600009:43
324906621:propagateValues:17605908:4123
997182662:updateInputs:17620149:390
997182662:updateComponents:17621302:1780
997182662:printLogicLevels:17630767:44
324906621:propagateValues:17636121:3951
997182662:updateInputs:17650015:381
997182662:updateComponents:17651103:1893
997182662:printLogicLevels:17660800:43
324906621:propagateValues:17666126:3880
997182662:updateInputs:17678776:412
997182662:updateComponents:17679912:1949
997182662:printLogicLevels:17689363:6762
324906621:propagateValues:17694522:3898
997182662:updateInputs:17707499:437
997182662:updateComponents:17708636:1922
997182662:printLogicLevels:17718387:44
324906621:propagateValues:17723624:3976
997182662:updateInputs:17737309:381
997182662:updateComponents:17738423:1910
997182662:printLogicLevels:17747975:44
324906621:propagateValues:17753236:3767
997182662:updateInputs:17765842:410
997182662:updateComponents:17766959:1888
997182662:printLogicLevels:17776430:44
324906621:propagateValues:17783783:3885
997182662:updateInputs:17797521:337
997182662:updateComponents:17798589:1894
997182662:printLogicLevels:17808080:45
324906621:propagateValues:17813333:3786
997182662:updateInputs:17825912:397
997182662:updateComponents:17827013:2007
997182662:printLogicLevels:17836562:44
324906621:propagateValues:17841843:3817
997182662:updateInputs:17854426:401
997182662:updateComponents:17855562:2018
997182662:printLogicLevels:17865121:8569
324906621:propagateValues:17870181:3878
997182662:updateInputs:17884032:429
997182662:updateComponents:17885206:1917
997182662:printLogicLevels:17895018:45
324906621:propagateValues:17900263:3851
997182662:updateInputs:17912884:424
997182662:updateComponents:17914037:1824
997182662:printLogicLevels:17923425:45
324906621:propagateValues:17928621:3809
997182662:updateInputs:17942253:376
997182662:updateComponents:17943328:1791
997182662:printLogicLevels:17952688:43
324906621:propagateValues:17958129:3923
997182662:updateInputs:17970894:381
997182662:updateComponents:17971993:1908
997182662:printLogicLevels:17981407:54
324906621:propagateValues:17986625:3863
997182662:updateInputs:18000178:382
997182662:updateComponents:18001261:1777
997182662:printLogicLevels:18010634:54
324906621:propagateValues:18015918:3777
997182662:updateInputs:18028457:418
997182662:updateComponents:18029608:1927
997182662:printLogicLevels:18039187:6694
324906621:propagateValues:18044436:4017
997182662:updateInputs:18058292:421
997182662:updateComponents:18059449:2066
997182662:printLogicLevels:18069431:45
324906621:propagateValues:18074631:4006
997182662:updateInputs:18087283:387
997182662:updateComponents:18088438:1894
997182662:printLogicLevels:18098140:45
324906621:propagateValues:18103063:3916
997182662:updateInputs:18116599:387
997182662:updateComponents:18117699:1862
997182662:printLogicLevels:18127373:43
324906621:propagateValues:18132559:3880
997182662:updateInputs:18145192:425
997182662:updateComponents:18146361:1874
997182662:printLogicLevels:18155841:43
324906621:propagateValues:18161164:3955
997182662:updateInputs:18174830:397
997182662:updateComponents:18175958:1894
997182662:printLogicLevels:18185453:56
324906621:propagateValues:18190680:3915
997182662:updateInputs:18203311:379
997182662:updateComponents:18204407:1903
997182662:printLogicLevels:18213816:6723
324906621:propagateValues:18218921:4141
997182662:updateInputs:18232715:434
997182662:updateComponents:18233857:1828
997182662:printLogicLevels:18243452:54
324906621:propagateValues:18248780:3988
997182662:updateInputs:18262534:383
997182662:updateComponents:18263670:1822
997182662:printLogicLevels:18273335:43
324906621:propagateValues:18278544:3853
997182662:updateInputs:18292002:388
997182662:updateComponents:18293091:1729
997182662:printLogicLevels:18302397:55
324906621:propagateValues:18307707:3878
997182662:updateInputs:18320305:396
997182662:updateComponents:18321424:1838
997182662:printLogicLevels:18330872:55
324906621:propagateValues:18336064:3923
997182662:updateInputs:18349598:388
997182662:updateComponents:18350697:1821
997182662:printLogicLevels:18360234:44
324906621:propagateValues:18365506:3814
997182662:updateInputs:18378893:354
997182662:updateComponents:18379969:1894
997182662:printLogicLevels:18389563:6679
324906621:propagateValues:18394545:3984
997182662:updateInputs:18408271:438
997182662:updateComponents:18409421:1810
997182662:printLogicLevels:18419097:43
324906621:propagateValues:18424250:3917
997182662:updateInputs:18436904:416
997182662:updateComponents:18438051:1887
997182662:printLogicLevels:18447449:44
324906621:propagateValues:18452529:4110
997182662:updateInputs:18466140:373
997182662:updateComponents:18467220:1873
997182662:printLogicLevels:18476624:44
324906621:propagateValues:18481476:3862
997182662:updateInputs:18494032:395
997182662:updateComponents:18495148:1969
997182662:printLogicLevels:18504795:44
324906621:propagateValues:18509947:3928
997182662:updateInputs:18523443:381
997182662:updateComponents:18526138:1921
997182662:printLogicLevels:18535643:44
324906621:propagateValues:18540608:3870
997182662:updateInputs:18553955:392
997182662:updateComponents:18555077:1843
997182662:printLogicLevels:18564570:6678
324906621:propagateValues:18569627:3972
997182662:updateInputs:18582442:445
997182662:updateComponents:18583613:1948
997182662:printLogicLevels:18593664:43
324906621:propagateValues:18598767:3886
997182662:updateInputs:18612291:381
997182662:updateComponents:18613391:1868
997182662:printLogicLevels:18622944:45
324906621:propagateValues:18628104:3823
997182662:updateInputs:18641507:367
997182662:updateComponents:18642574:1810
997182662:printLogicLevels:18651970:43
324906621:propagateValues:18657125:3921
997182662:updateInputs:18670590:363
997182662:updateComponents:18671675:1986
997182662:printLogicLevels:18681170:44
324906621:propagateValues:18686387:4119
997182662:updateInputs:18699269:432
997182662:updateComponents:18700434:1812
997182662:printLogicLevels:18709890:46
324906621:propagateValues:18715427:3981
997182662:updateInputs:18728207:418
997182662:updateComponents:18729369:1861
997182662:printLogicLevels:18738797:6702
324906621:propagateValues:18743856:4028
997182662:updateInputs:18757752:412
997182662:updateComponents:18758901:1783
997182662:printLogicLevels:18768567:43
324906621:propagateValues:18773779:3881
997182662:updateInputs:18786340:422
997182662:updateComponents:18787490:1905
997182662:printLogicLevels:18796965:45
324906621:propagateValues:18802259:3846
997182662:updateInputs:18815805:382
997182662:updateComponents:18816911:1905
997182662:printLogicLevels:18826644:43
324906621:propagateValues:18831792:3910
997182662:updateInputs:18844575:364
997182662:updateComponents:18845665:2065
997182662:printLogicLevels:18855360:44
324906621:propagateValues:18860564:3922
997182662:updateInputs:18874113:353
997182662:updateComponents:18875164:1984
997182662:printLogicLevels:18884840:45
324906621:propagateValues:18889950:4031
997182662:updateInputs:18902681:428
997182662:updateComponents:18903807:2038
997182662:printLogicLevels:18913473:6693
324906621:propagateValues:18918534:4126
997182662:updateInputs:18932494:409
997182662:updateComponents:18933639:1830
997182662:printLogicLevels:18943311:44
324906621:propagateValues:18948418:3969
997182662:updateInputs:18961253:393
997182662:updateComponents:18962367:1892
997182662:printLogicLevels:18971952:44
324906621:propagateValues:18977119:3800
997182662:updateInputs:18990348:377
997182662:updateComponents:18991442:1817
997182662:printLogicLevels:19000812:44
324906621:propagateValues:19005893:3842
997182662:updateInputs:19019396:347
997182662:updateComponents:19020461:1862
997182662:printLogicLevels:19029836:45
324906621:propagateValues:19035000:3856
997182662:updateInputs:19047722:410
997182662:updateComponents:19048839:1862
997182662:printLogicLevels:19058479:53
324906621:propagateValues:19063606:4045
997182662:updateInputs:19077338:375
997182662:updateComponents:19078465:1921
997182662:printLogicLevels:19088035:6660
324906621:propagateValues:19093018:3934
997182662:updateInputs:19105903:430
997182662:updateComponents:19107053:2038
997182662:printLogicLevels:19116985:44
324906621:propagateValues:19122124:3835
997182662:updateInputs:19135541:353
997182662:updateComponents:19136615:1825
997182662:printLogicLevels:19147853:44
324906621:propagateValues:19153083:3834
997182662:updateInputs:19166616:391
997182662:updateComponents:19167755:1907
997182662:printLogicLevels:19177302:43
324906621:propagateValues:19182473:3818
997182662:updateInputs:19195134:390
997182662:updateComponents:19196249:1975
997182662:printLogicLevels:19205807:45
324906621:propagateValues:19210896:4072
997182662:updateInputs:19224542:351
997182662:updateComponents:19225592:1906
997182662:printLogicLevels:19234989:43
324906621:propagateValues:19240130:3809
