------------------
First program test
------------------
 BO:0 J:0 CO:0 CE:0 OI:0 BI:0 SU:0 EO:0 AO:0 AI:0 II:0 IO:0 RO:0 RI:0 MI:0 HLT:0 CU_step:0b000  0d outA:0b00000000    0d outB:0b00000000    0d instr:0b0000   0d operand:0b0000   0d alu:0b00000000    0d dispOut:0b00000000    0d dispMAR:0b0000   0d dispRAM:0b00000000    0d dispPC:0b0000   0d STEP:0
 BO:0 J:0 CO:1 CE:0 OI:0 BI:0 SU:0 EO:0 AO:0 AI:0 II:0 IO:0 RO:0 RI:0 MI:1 HLT:0 CU_step:0b000  0d outA:0b00000000    0d outB:0b00000000    0d instr:0b0000   0d operand:0b0000   0d alu:0b00000000    0d dispOut:0b00000000    0d dispMAR:0b0000   0d dispRAM:0b00000000    0d dispPC:0b0000   0d STEP:16
 BO:0 J:0 CO:1 CE:0 OI:0 BI:0 SU:0 EO:0 AO:0 AI:0 II:0 IO:0 RO:0 RI:0 MI:1 HLT:0 CU_step:0b000  0d outA:0b00000000    0d outB:0b00000000    0d instr:0b0000   0d operand:0b0000   0d alu:0b00000000    0d dispOut:0b00000000    0d dispMAR:0b0000   0d dispRAM:0b00000000    0d dispPC:0b0000   0d STEP:32
 BO:0 J:0 CO:0 CE:1 OI:0 BI:0 SU:0 EO:0 AO:0 AI:0 II:1 IO:0 RO:1 RI:0 MI:0 HLT:0 CU_step:0b001  1d outA:0b00000000    0d outB:0b00000000    0d instr:0b0000   0d operand:0b0000   0d alu:0b00000000    0d dispOut:0b00000000    0d dispMAR:0b0000   0d dispRAM:0b01010011   83d dispPC:0b0000   0d STEP:48
 BO:0 J:0 CO:0 CE:1 OI:0 BI:0 SU:0 EO:0 AO:0 AI:0 II:1 IO:0 RO:1 RI:0 MI:0 HLT:0 CU_step:0b001  1d outA:0b00000000    0d outB:0b00000000    0d instr:0b0101   5d operand:0b0011   3d alu:0b00000000    0d dispOut:0b00000000    0d dispMAR:0b0000   0d dispRAM:0b01010011   83d dispPC:0b0000   0d STEP:64
 BO:0 J:0 CO:0 CE:0 OI:0 BI:0 SU:0 EO:0 AO:0 AI:1 II:0 IO:1 RO:0 RI:0 MI:0 HLT:0 CU_step:0b010  2d outA:0b00000000    0d outB:0b00000000    0d instr:0b0101   5d operand:0b0011   3d alu:0b00000000    0d dispOut:0b00000000    0d dispMAR:0b0000   0d dispRAM:0b01010011   83d dispPC:0b0001   1d STEP:80
 BO:0 J:0 CO:0 CE:0 OI:0 BI:0 SU:0 EO:0 AO:0 AI:1 II:0 IO:1 RO:0 RI:0 MI:0 HLT:0 CU_step:0b010  2d outA:0b00000011    3d outB:0b00000000    0d instr:0b0101   5d operand:0b0011   3d alu:0b00000011    3d dispOut:0b00000000    0d dispMAR:0b0000   0d dispRAM:0b01010011   83d dispPC:0b0001   1d STEP:96
 BO:0 J:0 CO:0 CE:0 OI:0 BI:0 SU:0 EO:0 AO:0 AI:0 II:0 IO:0 RO:0 RI:0 MI:0 HLT:0 CU_step:0b011  3d outA:0b00000011    3d outB:0b00000000    0d instr:0b0101   5d operand:0b0011   3d alu:0b00000011    3d dispOut:0b00000000    0d dispMAR:0b0000   0d dispRAM:0b01010011   83d dispPC:0b0001   1d STEP:112
 BO:0 J:0 CO:0 CE:0 OI:0 BI:0 SU:0 EO:0 AO:0 AI:0 II:0 IO:0 RO:0 RI:0 MI:0 HLT:0 CU_step:0b011  3d outA:0b00000011    3d outB:0b00000000    0d instr:0b0101   5d operand:0b0011   3d alu:0b00000011    3d dispOut:0b00000000    0d dispMAR:0b0000   0d dispRAM:0b01010011   83d dispPC:0b0001   1d STEP:128
 BO:0 J:0 CO:0 CE:0 OI:0 BI:0 SU:0 EO:0 AO:0 AI:0 II:0 IO:0 RO:0 RI:0 MI:0 HLT:0 CU_step:0b100  4d outA:0b00000011    3d outB:0b00000000    0d instr:0b0101   5d operand:0b0011   3d alu:0b00000011    3d dispOut:0b00000000    0d dispMAR:0b0000   0d dispRAM:0b01010011   83d dispPC:0b0001   1d STEP:144
 BO:0 J:0 CO:0 CE:0 OI:0 BI:0 SU:0 EO:0 AO:0 AI:0 II:0 IO:0 RO:0 RI:0 MI:0 HLT:0 CU_step:0b100  4d outA:0b00000011    3d outB:0b00000000    0d instr:0b0101   5d operand:0b0011   3d alu:0b00000011    3d dispOut:0b00000000    0d dispMAR:0b0000   0d dispRAM:0b01010011   83d dispPC:0b0001   1d STEP:160
 BO:0 J:0 CO:0 CE:0 OI:0 BI:0 SU:0 EO:0 AO:0 AI:0 II:0 IO:0 RO:0 RI:0 MI:0 HLT:0 CU_step:0b101  5d outA:0b00000011    3d outB:0b00000000    0d instr:0b0101   5d operand:0b0011   3d alu:0b00000011    3d dispOut:0b00000000    0d dispMAR:0b0000   0d dispRAM:0b01010011   83d dispPC:0b0001   1d STEP:176
 BO:0 J:0 CO:0 CE:0 OI:0 BI:0 SU:0 EO:0 AO:0 AI:0 II:0 IO:0 RO:0 RI:0 MI:0 HLT:0 CU_step:0b101  5d outA:0b00000011    3d outB:0b00000000    0d instr:0b0101   5d operand:0b0011   3d alu:0b00000011    3d dispOut:0b00000000    0d dispMAR:0b0000   0d dispRAM:0b01010011   83d dispPC:0b0001   1d STEP:192
 BO:0 J:0 CO:1 CE:0 OI:0 BI:0 SU:0 EO:0 AO:0 AI:0 II:0 IO:0 RO:0 RI:0 MI:1 HLT:0 CU_step:0b000  0d outA:0b00000011    3d outB:0b00000000    0d instr:0b0101   5d operand:0b0011   3d alu:0b00000011    3d dispOut:0b00000000    0d dispMAR:0b0000   0d dispRAM:0b01010011   83d dispPC:0b0001   1d STEP:208
 BO:0 J:0 CO:1 CE:0 OI:0 BI:0 SU:0 EO:0 AO:0 AI:0 II:0 IO:0 RO:0 RI:0 MI:1 HLT:0 CU_step:0b000  0d outA:0b00000011    3d outB:0b00000000    0d instr:0b0101   5d operand:0b0011   3d alu:0b00000011    3d dispOut:0b00000000    0d dispMAR:0b0001   1d dispRAM:0b01001111   79d dispPC:0b0001   1d STEP:224
 BO:0 J:0 CO:0 CE:1 OI:0 BI:0 SU:0 EO:0 AO:0 AI:0 II:1 IO:0 RO:1 RI:0 MI:0 HLT:0 CU_step:0b001  1d outA:0b00000011    3d outB:0b00000000    0d instr:0b0101   5d operand:0b0011   3d alu:0b00000011    3d dispOut:0b00000000    0d dispMAR:0b0001   1d dispRAM:0b01001111   79d dispPC:0b0001   1d STEP:240
 BO:0 J:0 CO:0 CE:1 OI:0 BI:0 SU:0 EO:0 AO:0 AI:0 II:1 IO:0 RO:1 RI:0 MI:0 HLT:0 CU_step:0b001  1d outA:0b00000011    3d outB:0b00000000    0d instr:0b0100   4d operand:0b1111  15d alu:0b00000011    3d dispOut:0b00000000    0d dispMAR:0b0001   1d dispRAM:0b01001111   79d dispPC:0b0001   1d STEP:256
 BO:0 J:0 CO:0 CE:0 OI:0 BI:0 SU:0 EO:0 AO:0 AI:0 II:0 IO:1 RO:0 RI:0 MI:1 HLT:0 CU_step:0b010  2d outA:0b00000011    3d outB:0b00000000    0d instr:0b0100   4d operand:0b1111  15d alu:0b00000011    3d dispOut:0b00000000    0d dispMAR:0b0001   1d dispRAM:0b01001111   79d dispPC:0b0010   2d STEP:272
 BO:0 J:0 CO:0 CE:0 OI:0 BI:0 SU:0 EO:0 AO:0 AI:0 II:0 IO:1 RO:0 RI:0 MI:1 HLT:0 CU_step:0b010  2d outA:0b00000011    3d outB:0b00000000    0d instr:0b0100   4d operand:0b1111  15d alu:0b00000011    3d dispOut:0b00000000    0d dispMAR:0b1111  15d dispRAM:0b00000000    0d dispPC:0b0010   2d STEP:288
 BO:0 J:0 CO:0 CE:0 OI:0 BI:0 SU:0 EO:0 AO:1 AI:0 II:0 IO:0 RO:0 RI:1 MI:0 HLT:0 CU_step:0b011  3d outA:0b00000011    3d outB:0b00000000    0d instr:0b0100   4d operand:0b1111  15d alu:0b00000011    3d dispOut:0b00000000    0d dispMAR:0b1111  15d dispRAM:0b00000000    0d dispPC:0b0010   2d STEP:304
 BO:0 J:0 CO:0 CE:0 OI:0 BI:0 SU:0 EO:0 AO:1 AI:0 II:0 IO:0 RO:0 RI:1 MI:0 HLT:0 CU_step:0b011  3d outA:0b00000011    3d outB:0b00000000    0d instr:0b0100   4d operand:0b1111  15d alu:0b00000011    3d dispOut:0b00000000    0d dispMAR:0b1111  15d dispRAM:0b00000011    3d dispPC:0b0010   2d STEP:320
 BO:0 J:0 CO:0 CE:0 OI:0 BI:0 SU:0 EO:0 AO:0 AI:0 II:0 IO:0 RO:0 RI:0 MI:0 HLT:0 CU_step:0b100  4d outA:0b00000011    3d outB:0b00000000    0d instr:0b0100   4d operand:0b1111  15d alu:0b00000011    3d dispOut:0b00000000    0d dispMAR:0b1111  15d dispRAM:0b00000011    3d dispPC:0b0010   2d STEP:336
 BO:0 J:0 CO:0 CE:0 OI:0 BI:0 SU:0 EO:0 AO:0 AI:0 II:0 IO:0 RO:0 RI:0 MI:0 HLT:0 CU_step:0b100  4d outA:0b00000011    3d outB:0b00000000    0d instr:0b0100   4d operand:0b1111  15d alu:0b00000011    3d dispOut:0b00000000    0d dispMAR:0b1111  15d dispRAM:0b00000011    3d dispPC:0b0010   2d STEP:352
 BO:0 J:0 CO:0 CE:0 OI:0 BI:0 SU:0 EO:0 AO:0 AI:0 II:0 IO:0 RO:0 RI:0 MI:0 HLT:0 CU_step:0b101  5d outA:0b00000011    3d outB:0b00000000    0d instr:0b0100   4d operand:0b1111  15d alu:0b00000011    3d dispOut:0b00000000    0d dispMAR:0b1111  15d dispRAM:0b00000011    3d dispPC:0b0010   2d STEP:368
 BO:0 J:0 CO:0 CE:0 OI:0 BI:0 SU:0 EO:0 AO:0 AI:0 II:0 IO:0 RO:0 RI:0 MI:0 HLT:0 CU_step:0b101  5d outA:0b00000011    3d outB:0b00000000    0d instr:0b0100   4d operand:0b1111  15d alu:0b00000011    3d dispOut:0b00000000    0d dispMAR:0b1111  15d dispRAM:0b00000011    3d dispPC:0b0010   2d STEP:384
 BO:0 J:0 CO:1 CE:0 OI:0 BI:0 SU:0 EO:0 AO:0 AI:0 II:0 IO:0 RO:0 RI:0 MI:1 HLT:0 CU_step:0b000  0d outA:0b00000011    3d outB:0b00000000    0d instr:0b0100   4d operand:0b1111  15d alu:0b00000011    3d dispOut:0b00000000    0d dispMAR:0b1111  15d dispRAM:0b00000011    3d dispPC:0b0010   2d STEP:400
 BO:0 J:0 CO:1 CE:0 OI:0 BI:0 SU:0 EO:0 AO:0 AI:0 II:0 IO:0 RO:0 RI:0 MI:1 HLT:0 CU_step:0b000  0d outA:0b00000011    3d outB:0b00000000    0d instr:0b0100   4d operand:0b1111  15d alu:0b00000011    3d dispOut:0b00000000    0d dispMAR:0b0010   2d dispRAM:0b01010000   80d dispPC:0b0010   2d STEP:416
 BO:0 J:0 CO:0 CE:1 OI:0 BI:0 SU:0 EO:0 AO:0 AI:0 II:1 IO:0 RO:1 RI:0 MI:0 HLT:0 CU_step:0b001  1d outA:0b00000011    3d outB:0b00000000    0d instr:0b0100   4d operand:0b1111  15d alu:0b00000011    3d dispOut:0b00000000    0d dispMAR:0b0010   2d dispRAM:0b01010000   80d dispPC:0b0010   2d STEP:432
 BO:0 J:0 CO:0 CE:1 OI:0 BI:0 SU:0 EO:0 AO:0 AI:0 II:1 IO:0 RO:1 RI:0 MI:0 HLT:0 CU_step:0b001  1d outA:0b00000011    3d outB:0b00000000    0d instr:0b0101   5d operand:0b0000   0d alu:0b00000011    3d dispOut:0b00000000    0d dispMAR:0b0010   2d dispRAM:0b01010000   80d dispPC:0b0010   2d STEP:448
 BO:0 J:0 CO:0 CE:0 OI:0 BI:0 SU:0 EO:0 AO:0 AI:1 II:0 IO:1 RO:0 RI:0 MI:0 HLT:0 CU_step:0b010  2d outA:0b00000011    3d outB:0b00000000    0d instr:0b0101   5d operand:0b0000   0d alu:0b00000011    3d dispOut:0b00000000    0d dispMAR:0b0010   2d dispRAM:0b01010000   80d dispPC:0b0011   3d STEP:464
 BO:0 J:0 CO:0 CE:0 OI:0 BI:0 SU:0 EO:0 AO:0 AI:1 II:0 IO:1 RO:0 RI:0 MI:0 HLT:0 CU_step:0b010  2d outA:0b00000000    0d outB:0b00000000    0d instr:0b0101   5d operand:0b0000   0d alu:0b00000000    0d dispOut:0b00000000    0d dispMAR:0b0010   2d dispRAM:0b01010000   80d dispPC:0b0011   3d STEP:480
 BO:0 J:0 CO:0 CE:0 OI:0 BI:0 SU:0 EO:0 AO:0 AI:0 II:0 IO:0 RO:0 RI:0 MI:0 HLT:0 CU_step:0b011  3d outA:0b00000000    0d outB:0b00000000    0d instr:0b0101   5d operand:0b0000   0d alu:0b00000000    0d dispOut:0b00000000    0d dispMAR:0b0010   2d dispRAM:0b01010000   80d dispPC:0b0011   3d STEP:496
 BO:0 J:0 CO:0 CE:0 OI:0 BI:0 SU:0 EO:0 AO:0 AI:0 II:0 IO:0 RO:0 RI:0 MI:0 HLT:0 CU_step:0b011  3d outA:0b00000000    0d outB:0b00000000    0d instr:0b0101   5d operand:0b0000   0d alu:0b00000000    0d dispOut:0b00000000    0d dispMAR:0b0010   2d dispRAM:0b01010000   80d dispPC:0b0011   3d STEP:512
 BO:0 J:0 CO:0 CE:0 OI:0 BI:0 SU:0 EO:0 AO:0 AI:0 II:0 IO:0 RO:0 RI:0 MI:0 HLT:0 CU_step:0b100  4d outA:0b00000000    0d outB:0b00000000    0d instr:0b0101   5d operand:0b0000   0d alu:0b00000000    0d dispOut:0b00000000    0d dispMAR:0b0010   2d dispRAM:0b01010000   80d dispPC:0b0011   3d STEP:528
 BO:0 J:0 CO:0 CE:0 OI:0 BI:0 SU:0 EO:0 AO:0 AI:0 II:0 IO:0 RO:0 RI:0 MI:0 HLT:0 CU_step:0b100  4d outA:0b00000000    0d outB:0b00000000    0d instr:0b0101   5d operand:0b0000   0d alu:0b00000000    0d dispOut:0b00000000    0d dispMAR:0b0010   2d dispRAM:0b01010000   80d dispPC:0b0011   3d STEP:544
 BO:0 J:0 CO:0 CE:0 OI:0 BI:0 SU:0 EO:0 AO:0 AI:0 II:0 IO:0 RO:0 RI:0 MI:0 HLT:0 CU_step:0b101  5d outA:0b00000000    0d outB:0b00000000    0d instr:0b0101   5d operand:0b0000   0d alu:0b00000000    0d dispOut:0b00000000    0d dispMAR:0b0010   2d dispRAM:0b01010000   80d dispPC:0b0011   3d STEP:560
 BO:0 J:0 CO:0 CE:0 OI:0 BI:0 SU:0 EO:0 AO:0 AI:0 II:0 IO:0 RO:0 RI:0 MI:0 HLT:0 CU_step:0b101  5d outA:0b00000000    0d outB:0b00000000    0d instr:0b0101   5d operand:0b0000   0d alu:0b00000000    0d dispOut:0b00000000    0d dispMAR:0b0010   2d dispRAM:0b01010000   80d dispPC:0b0011   3d STEP:576
 BO:0 J:0 CO:1 CE:0 OI:0 BI:0 SU:0 EO:0 AO:0 AI:0 II:0 IO:0 RO:0 RI:0 MI:1 HLT:0 CU_step:0b000  0d outA:0b00000000    0d outB:0b00000000    0d instr:0b0101   5d operand:0b0000   0d alu:0b00000000    0d dispOut:0b00000000    0d dispMAR:0b0010   2d dispRAM:0b01010000   80d dispPC:0b0011   3d STEP:592
 BO:0 J:0 CO:1 CE:0 OI:0 BI:0 SU:0 EO:0 AO:0 AI:0 II:0 IO:0 RO:0 RI:0 MI:1 HLT:0 CU_step:0b000  0d outA:0b00000000    0d outB:0b00000000    0d instr:0b0101   5d operand:0b0000   0d alu:0b00000000    0d dispOut:0b00000000    0d dispMAR:0b0011   3d dispRAM:0b00101111   47d dispPC:0b0011   3d STEP:608
 BO:0 J:0 CO:0 CE:1 OI:0 BI:0 SU:0 EO:0 AO:0 AI:0 II:1 IO:0 RO:1 RI:0 MI:0 HLT:0 CU_step:0b001  1d outA:0b00000000    0d outB:0b00000000    0d instr:0b0101   5d operand:0b0000   0d alu:0b00000000    0d dispOut:0b00000000    0d dispMAR:0b0011   3d dispRAM:0b00101111   47d dispPC:0b0011   3d STEP:624
 BO:0 J:0 CO:0 CE:1 OI:0 BI:0 SU:0 EO:0 AO:0 AI:0 II:1 IO:0 RO:1 RI:0 MI:0 HLT:0 CU_step:0b001  1d outA:0b00000000    0d outB:0b00000000    0d instr:0b0010   2d operand:0b1111  15d alu:0b00000000    0d dispOut:0b00000000    0d dispMAR:0b0011   3d dispRAM:0b00101111   47d dispPC:0b0011   3d STEP:640
 BO:0 J:0 CO:0 CE:0 OI:0 BI:0 SU:0 EO:0 AO:0 AI:0 II:0 IO:1 RO:0 RI:0 MI:1 HLT:0 CU_step:0b010  2d outA:0b00000000    0d outB:0b00000000    0d instr:0b0010   2d operand:0b1111  15d alu:0b00000000    0d dispOut:0b00000000    0d dispMAR:0b0011   3d dispRAM:0b00101111   47d dispPC:0b0100   4d STEP:656
 BO:0 J:0 CO:0 CE:0 OI:0 BI:0 SU:0 EO:0 AO:0 AI:0 II:0 IO:1 RO:0 RI:0 MI:1 HLT:0 CU_step:0b010  2d outA:0b00000000    0d outB:0b00000000    0d instr:0b0010   2d operand:0b1111  15d alu:0b00000000    0d dispOut:0b00000000    0d dispMAR:0b1111  15d dispRAM:0b00000011    3d dispPC:0b0100   4d STEP:672
 BO:0 J:0 CO:0 CE:0 OI:0 BI:1 SU:0 EO:0 AO:0 AI:0 II:0 IO:0 RO:1 RI:0 MI:0 HLT:0 CU_step:0b011  3d outA:0b00000000    0d outB:0b00000000    0d instr:0b0010   2d operand:0b1111  15d alu:0b00000000    0d dispOut:0b00000000    0d dispMAR:0b1111  15d dispRAM:0b00000011    3d dispPC:0b0100   4d STEP:688
 BO:0 J:0 CO:0 CE:0 OI:0 BI:1 SU:0 EO:0 AO:0 AI:0 II:0 IO:0 RO:1 RI:0 MI:0 HLT:0 CU_step:0b011  3d outA:0b00000000    0d outB:0b00000011    3d instr:0b0010   2d operand:0b1111  15d alu:0b00000011    3d dispOut:0b00000000    0d dispMAR:0b1111  15d dispRAM:0b00000011    3d dispPC:0b0100   4d STEP:704
 BO:0 J:0 CO:0 CE:0 OI:0 BI:0 SU:0 EO:1 AO:0 AI:1 II:0 IO:0 RO:0 RI:0 MI:0 HLT:0 CU_step:0b100  4d outA:0b00000000    0d outB:0b00000011    3d instr:0b0010   2d operand:0b1111  15d alu:0b00000011    3d dispOut:0b00000000    0d dispMAR:0b1111  15d dispRAM:0b00000011    3d dispPC:0b0100   4d STEP:720
 BO:0 J:0 CO:0 CE:0 OI:0 BI:0 SU:0 EO:1 AO:0 AI:1 II:0 IO:0 RO:0 RI:0 MI:0 HLT:0 CU_step:0b100  4d outA:0b00000011    3d outB:0b00000011    3d instr:0b0010   2d operand:0b1111  15d alu:0b00000110    6d dispOut:0b00000000    0d dispMAR:0b1111  15d dispRAM:0b00000011    3d dispPC:0b0100   4d STEP:736
 BO:0 J:0 CO:0 CE:0 OI:0 BI:0 SU:0 EO:0 AO:0 AI:0 II:0 IO:0 RO:0 RI:0 MI:0 HLT:0 CU_step:0b101  5d outA:0b00000011    3d outB:0b00000011    3d instr:0b0010   2d operand:0b1111  15d alu:0b00000110    6d dispOut:0b00000000    0d dispMAR:0b1111  15d dispRAM:0b00000011    3d dispPC:0b0100   4d STEP:752
 BO:0 J:0 CO:0 CE:0 OI:0 BI:0 SU:0 EO:0 AO:0 AI:0 II:0 IO:0 RO:0 RI:0 MI:0 HLT:0 CU_step:0b101  5d outA:0b00000011    3d outB:0b00000011    3d instr:0b0010   2d operand:0b1111  15d alu:0b00000110    6d dispOut:0b00000000    0d dispMAR:0b1111  15d dispRAM:0b00000011    3d dispPC:0b0100   4d STEP:768
 BO:0 J:0 CO:1 CE:0 OI:0 BI:0 SU:0 EO:0 AO:0 AI:0 II:0 IO:0 RO:0 RI:0 MI:1 HLT:0 CU_step:0b000  0d outA:0b00000011    3d outB:0b00000011    3d instr:0b0010   2d operand:0b1111  15d alu:0b00000110    6d dispOut:0b00000000    0d dispMAR:0b1111  15d dispRAM:0b00000011    3d dispPC:0b0100   4d STEP:784
 BO:0 J:0 CO:1 CE:0 OI:0 BI:0 SU:0 EO:0 AO:0 AI:0 II:0 IO:0 RO:0 RI:0 MI:1 HLT:0 CU_step:0b000  0d outA:0b00000011    3d outB:0b00000011    3d instr:0b0010   2d operand:0b1111  15d alu:0b00000110    6d dispOut:0b00000000    0d dispMAR:0b0100   4d dispRAM:0b11100000  224d dispPC:0b0100   4d STEP:800
 BO:0 J:0 CO:0 CE:1 OI:0 BI:0 SU:0 EO:0 AO:0 AI:0 II:1 IO:0 RO:1 RI:0 MI:0 HLT:0 CU_step:0b001  1d outA:0b00000011    3d outB:0b00000011    3d instr:0b0010   2d operand:0b1111  15d alu:0b00000110    6d dispOut:0b00000000    0d dispMAR:0b0100   4d dispRAM:0b11100000  224d dispPC:0b0100   4d STEP:816
 BO:0 J:0 CO:0 CE:1 OI:0 BI:0 SU:0 EO:0 AO:0 AI:0 II:1 IO:0 RO:1 RI:0 MI:0 HLT:0 CU_step:0b001  1d outA:0b00000011    3d outB:0b00000011    3d instr:0b1110  14d operand:0b0000   0d alu:0b00000110    6d dispOut:0b00000000    0d dispMAR:0b0100   4d dispRAM:0b11100000  224d dispPC:0b0100   4d STEP:832
 BO:0 J:0 CO:0 CE:0 OI:1 BI:0 SU:0 EO:0 AO:1 AI:0 II:0 IO:0 RO:0 RI:0 MI:0 HLT:0 CU_step:0b010  2d outA:0b00000011    3d outB:0b00000011    3d instr:0b1110  14d operand:0b0000   0d alu:0b00000110    6d dispOut:0b00000000    0d dispMAR:0b0100   4d dispRAM:0b11100000  224d dispPC:0b0101   5d STEP:848
 BO:0 J:0 CO:0 CE:0 OI:1 BI:0 SU:0 EO:0 AO:1 AI:0 II:0 IO:0 RO:0 RI:0 MI:0 HLT:0 CU_step:0b010  2d outA:0b00000011    3d outB:0b00000011    3d instr:0b1110  14d operand:0b0000   0d alu:0b00000110    6d dispOut:0b00000011    3d dispMAR:0b0100   4d dispRAM:0b11100000  224d dispPC:0b0101   5d STEP:864
 BO:0 J:0 CO:0 CE:0 OI:0 BI:0 SU:0 EO:0 AO:0 AI:0 II:0 IO:0 RO:0 RI:0 MI:0 HLT:0 CU_step:0b011  3d outA:0b00000011    3d outB:0b00000011    3d instr:0b1110  14d operand:0b0000   0d alu:0b00000110    6d dispOut:0b00000011    3d dispMAR:0b0100   4d dispRAM:0b11100000  224d dispPC:0b0101   5d STEP:880
 BO:0 J:0 CO:0 CE:0 OI:0 BI:0 SU:0 EO:0 AO:0 AI:0 II:0 IO:0 RO:0 RI:0 MI:0 HLT:0 CU_step:0b011  3d outA:0b00000011    3d outB:0b00000011    3d instr:0b1110  14d operand:0b0000   0d alu:0b00000110    6d dispOut:0b00000011    3d dispMAR:0b0100   4d dispRAM:0b11100000  224d dispPC:0b0101   5d STEP:896
 BO:0 J:0 CO:0 CE:0 OI:0 BI:0 SU:0 EO:0 AO:0 AI:0 II:0 IO:0 RO:0 RI:0 MI:0 HLT:0 CU_step:0b100  4d outA:0b00000011    3d outB:0b00000011    3d instr:0b1110  14d operand:0b0000   0d alu:0b00000110    6d dispOut:0b00000011    3d dispMAR:0b0100   4d dispRAM:0b11100000  224d dispPC:0b0101   5d STEP:912
 BO:0 J:0 CO:0 CE:0 OI:0 BI:0 SU:0 EO:0 AO:0 AI:0 II:0 IO:0 RO:0 RI:0 MI:0 HLT:0 CU_step:0b100  4d outA:0b00000011    3d outB:0b00000011    3d instr:0b1110  14d operand:0b0000   0d alu:0b00000110    6d dispOut:0b00000011    3d dispMAR:0b0100   4d dispRAM:0b11100000  224d dispPC:0b0101   5d STEP:928
 BO:0 J:0 CO:0 CE:0 OI:0 BI:0 SU:0 EO:0 AO:0 AI:0 II:0 IO:0 RO:0 RI:0 MI:0 HLT:0 CU_step:0b101  5d outA:0b00000011    3d outB:0b00000011    3d instr:0b1110  14d operand:0b0000   0d alu:0b00000110    6d dispOut:0b00000011    3d dispMAR:0b0100   4d dispRAM:0b11100000  224d dispPC:0b0101   5d STEP:944
 BO:0 J:0 CO:0 CE:0 OI:0 BI:0 SU:0 EO:0 AO:0 AI:0 II:0 IO:0 RO:0 RI:0 MI:0 HLT:0 CU_step:0b101  5d outA:0b00000011    3d outB:0b00000011    3d instr:0b1110  14d operand:0b0000   0d alu:0b00000110    6d dispOut:0b00000011    3d dispMAR:0b0100   4d dispRAM:0b11100000  224d dispPC:0b0101   5d STEP:960
 BO:0 J:0 CO:1 CE:0 OI:0 BI:0 SU:0 EO:0 AO:0 AI:0 II:0 IO:0 RO:0 RI:0 MI:1 HLT:0 CU_step:0b000  0d outA:0b00000011    3d outB:0b00000011    3d instr:0b1110  14d operand:0b0000   0d alu:0b00000110    6d dispOut:0b00000011    3d dispMAR:0b0100   4d dispRAM:0b11100000  224d dispPC:0b0101   5d STEP:976
 BO:0 J:0 CO:1 CE:0 OI:0 BI:0 SU:0 EO:0 AO:0 AI:0 II:0 IO:0 RO:0 RI:0 MI:1 HLT:0 CU_step:0b000  0d outA:0b00000011    3d outB:0b00000011    3d instr:0b1110  14d operand:0b0000   0d alu:0b00000110    6d dispOut:0b00000011    3d dispMAR:0b0101   5d dispRAM:0b01100011   99d dispPC:0b0101   5d STEP:992
 BO:0 J:0 CO:0 CE:1 OI:0 BI:0 SU:0 EO:0 AO:0 AI:0 II:1 IO:0 RO:1 RI:0 MI:0 HLT:0 CU_step:0b001  1d outA:0b00000011    3d outB:0b00000011    3d instr:0b1110  14d operand:0b0000   0d alu:0b00000110    6d dispOut:0b00000011    3d dispMAR:0b0101   5d dispRAM:0b01100011   99d dispPC:0b0101   5d STEP:1008
 BO:0 J:0 CO:0 CE:1 OI:0 BI:0 SU:0 EO:0 AO:0 AI:0 II:1 IO:0 RO:1 RI:0 MI:0 HLT:0 CU_step:0b001  1d outA:0b00000011    3d outB:0b00000011    3d instr:0b0110   6d operand:0b0011   3d alu:0b00000110    6d dispOut:0b00000011    3d dispMAR:0b0101   5d dispRAM:0b01100011   99d dispPC:0b0101   5d STEP:1024
 BO:0 J:1 CO:0 CE:0 OI:0 BI:0 SU:0 EO:0 AO:0 AI:0 II:0 IO:1 RO:0 RI:0 MI:0 HLT:0 CU_step:0b010  2d outA:0b00000011    3d outB:0b00000011    3d instr:0b0110   6d operand:0b0011   3d alu:0b00000110    6d dispOut:0b00000011    3d dispMAR:0b0101   5d dispRAM:0b01100011   99d dispPC:0b0110   6d STEP:1040
 BO:0 J:1 CO:0 CE:0 OI:0 BI:0 SU:0 EO:0 AO:0 AI:0 II:0 IO:1 RO:0 RI:0 MI:0 HLT:0 CU_step:0b010  2d outA:0b00000011    3d outB:0b00000011    3d instr:0b0110   6d operand:0b0011   3d alu:0b00000110    6d dispOut:0b00000011    3d dispMAR:0b0101   5d dispRAM:0b01100011   99d dispPC:0b0110   6d STEP:1056
 BO:0 J:0 CO:0 CE:0 OI:0 BI:0 SU:0 EO:0 AO:0 AI:0 II:0 IO:0 RO:0 RI:0 MI:0 HLT:0 CU_step:0b011  3d outA:0b00000011    3d outB:0b00000011    3d instr:0b0110   6d operand:0b0011   3d alu:0b00000110    6d dispOut:0b00000011    3d dispMAR:0b0101   5d dispRAM:0b01100011   99d dispPC:0b0011   3d STEP:1072
 BO:0 J:0 CO:0 CE:0 OI:0 BI:0 SU:0 EO:0 AO:0 AI:0 II:0 IO:0 RO:0 RI:0 MI:0 HLT:0 CU_step:0b011  3d outA:0b00000011    3d outB:0b00000011    3d instr:0b0110   6d operand:0b0011   3d alu:0b00000110    6d dispOut:0b00000011    3d dispMAR:0b0101   5d dispRAM:0b01100011   99d dispPC:0b0011   3d STEP:1088
 BO:0 J:0 CO:0 CE:0 OI:0 BI:0 SU:0 EO:0 AO:0 AI:0 II:0 IO:0 RO:0 RI:0 MI:0 HLT:0 CU_step:0b100  4d outA:0b00000011    3d outB:0b00000011    3d instr:0b0110   6d operand:0b0011   3d alu:0b00000110    6d dispOut:0b00000011    3d dispMAR:0b0101   5d dispRAM:0b01100011   99d dispPC:0b0011   3d STEP:1104
 BO:0 J:0 CO:0 CE:0 OI:0 BI:0 SU:0 EO:0 AO:0 AI:0 II:0 IO:0 RO:0 RI:0 MI:0 HLT:0 CU_step:0b100  4d outA:0b00000011    3d outB:0b00000011    3d instr:0b0110   6d operand:0b0011   3d alu:0b00000110    6d dispOut:0b00000011    3d dispMAR:0b0101   5d dispRAM:0b01100011   99d dispPC:0b0011   3d STEP:1120
 BO:0 J:0 CO:0 CE:0 OI:0 BI:0 SU:0 EO:0 AO:0 AI:0 II:0 IO:0 RO:0 RI:0 MI:0 HLT:0 CU_step:0b101  5d outA:0b00000011    3d outB:0b00000011    3d instr:0b0110   6d operand:0b0011   3d alu:0b00000110    6d dispOut:0b00000011    3d dispMAR:0b0101   5d dispRAM:0b01100011   99d dispPC:0b0011   3d STEP:1136
 BO:0 J:0 CO:0 CE:0 OI:0 BI:0 SU:0 EO:0 AO:0 AI:0 II:0 IO:0 RO:0 RI:0 MI:0 HLT:0 CU_step:0b101  5d outA:0b00000011    3d outB:0b00000011    3d instr:0b0110   6d operand:0b0011   3d alu:0b00000110    6d dispOut:0b00000011    3d dispMAR:0b0101   5d dispRAM:0b01100011   99d dispPC:0b0011   3d STEP:1152
 BO:0 J:0 CO:1 CE:0 OI:0 BI:0 SU:0 EO:0 AO:0 AI:0 II:0 IO:0 RO:0 RI:0 MI:1 HLT:0 CU_step:0b000  0d outA:0b00000011    3d outB:0b00000011    3d instr:0b0110   6d operand:0b0011   3d alu:0b00000110    6d dispOut:0b00000011    3d dispMAR:0b0101   5d dispRAM:0b01100011   99d dispPC:0b0011   3d STEP:1168
 BO:0 J:0 CO:1 CE:0 OI:0 BI:0 SU:0 EO:0 AO:0 AI:0 II:0 IO:0 RO:0 RI:0 MI:1 HLT:0 CU_step:0b000  0d outA:0b00000011    3d outB:0b00000011    3d instr:0b0110   6d operand:0b0011   3d alu:0b00000110    6d dispOut:0b00000011    3d dispMAR:0b0011   3d dispRAM:0b00101111   47d dispPC:0b0011   3d STEP:1184
 BO:0 J:0 CO:0 CE:1 OI:0 BI:0 SU:0 EO:0 AO:0 AI:0 II:1 IO:0 RO:1 RI:0 MI:0 HLT:0 CU_step:0b001  1d outA:0b00000011    3d outB:0b00000011    3d instr:0b0110   6d operand:0b0011   3d alu:0b00000110    6d dispOut:0b00000011    3d dispMAR:0b0011   3d dispRAM:0b00101111   47d dispPC:0b0011   3d STEP:1200
 BO:0 J:0 CO:0 CE:1 OI:0 BI:0 SU:0 EO:0 AO:0 AI:0 II:1 IO:0 RO:1 RI:0 MI:0 HLT:0 CU_step:0b001  1d outA:0b00000011    3d outB:0b00000011    3d instr:0b0010   2d operand:0b1111  15d alu:0b00000110    6d dispOut:0b00000011    3d dispMAR:0b0011   3d dispRAM:0b00101111   47d dispPC:0b0011   3d STEP:1216
 BO:0 J:0 CO:0 CE:0 OI:0 BI:0 SU:0 EO:0 AO:0 AI:0 II:0 IO:1 RO:0 RI:0 MI:1 HLT:0 CU_step:0b010  2d outA:0b00000011    3d outB:0b00000011    3d instr:0b0010   2d operand:0b1111  15d alu:0b00000110    6d dispOut:0b00000011    3d dispMAR:0b0011   3d dispRAM:0b00101111   47d dispPC:0b0100   4d STEP:1232
 BO:0 J:0 CO:0 CE:0 OI:0 BI:0 SU:0 EO:0 AO:0 AI:0 II:0 IO:1 RO:0 RI:0 MI:1 HLT:0 CU_step:0b010  2d outA:0b00000011    3d outB:0b00000011    3d instr:0b0010   2d operand:0b1111  15d alu:0b00000110    6d dispOut:0b00000011    3d dispMAR:0b1111  15d dispRAM:0b00000011    3d dispPC:0b0100   4d STEP:1248
 BO:0 J:0 CO:0 CE:0 OI:0 BI:1 SU:0 EO:0 AO:0 AI:0 II:0 IO:0 RO:1 RI:0 MI:0 HLT:0 CU_step:0b011  3d outA:0b00000011    3d outB:0b00000011    3d instr:0b0010   2d operand:0b1111  15d alu:0b00000110    6d dispOut:0b00000011    3d dispMAR:0b1111  15d dispRAM:0b00000011    3d dispPC:0b0100   4d STEP:1264
 BO:0 J:0 CO:0 CE:0 OI:0 BI:1 SU:0 EO:0 AO:0 AI:0 II:0 IO:0 RO:1 RI:0 MI:0 HLT:0 CU_step:0b011  3d outA:0b00000011    3d outB:0b00000011    3d instr:0b0010   2d operand:0b1111  15d alu:0b00000110    6d dispOut:0b00000011    3d dispMAR:0b1111  15d dispRAM:0b00000011    3d dispPC:0b0100   4d STEP:1280
 BO:0 J:0 CO:0 CE:0 OI:0 BI:0 SU:0 EO:1 AO:0 AI:1 II:0 IO:0 RO:0 RI:0 MI:0 HLT:0 CU_step:0b100  4d outA:0b00000011    3d outB:0b00000011    3d instr:0b0010   2d operand:0b1111  15d alu:0b00000110    6d dispOut:0b00000011    3d dispMAR:0b1111  15d dispRAM:0b00000011    3d dispPC:0b0100   4d STEP:1296
 BO:0 J:0 CO:0 CE:0 OI:0 BI:0 SU:0 EO:1 AO:0 AI:1 II:0 IO:0 RO:0 RI:0 MI:0 HLT:0 CU_step:0b100  4d outA:0b00000110    6d outB:0b00000011    3d instr:0b0010   2d operand:0b1111  15d alu:0b00001001    9d dispOut:0b00000011    3d dispMAR:0b1111  15d dispRAM:0b00000011    3d dispPC:0b0100   4d STEP:1312
 BO:0 J:0 CO:0 CE:0 OI:0 BI:0 SU:0 EO:0 AO:0 AI:0 II:0 IO:0 RO:0 RI:0 MI:0 HLT:0 CU_step:0b101  5d outA:0b00000110    6d outB:0b00000011    3d instr:0b0010   2d operand:0b1111  15d alu:0b00001001    9d dispOut:0b00000011    3d dispMAR:0b1111  15d dispRAM:0b00000011    3d dispPC:0b0100   4d STEP:1328
 BO:0 J:0 CO:0 CE:0 OI:0 BI:0 SU:0 EO:0 AO:0 AI:0 II:0 IO:0 RO:0 RI:0 MI:0 HLT:0 CU_step:0b101  5d outA:0b00000110    6d outB:0b00000011    3d instr:0b0010   2d operand:0b1111  15d alu:0b00001001    9d dispOut:0b00000011    3d dispMAR:0b1111  15d dispRAM:0b00000011    3d dispPC:0b0100   4d STEP:1344
 BO:0 J:0 CO:1 CE:0 OI:0 BI:0 SU:0 EO:0 AO:0 AI:0 II:0 IO:0 RO:0 RI:0 MI:1 HLT:0 CU_step:0b000  0d outA:0b00000110    6d outB:0b00000011    3d instr:0b0010   2d operand:0b1111  15d alu:0b00001001    9d dispOut:0b00000011    3d dispMAR:0b1111  15d dispRAM:0b00000011    3d dispPC:0b0100   4d STEP:1360
 BO:0 J:0 CO:1 CE:0 OI:0 BI:0 SU:0 EO:0 AO:0 AI:0 II:0 IO:0 RO:0 RI:0 MI:1 HLT:0 CU_step:0b000  0d outA:0b00000110    6d outB:0b00000011    3d instr:0b0010   2d operand:0b1111  15d alu:0b00001001    9d dispOut:0b00000011    3d dispMAR:0b0100   4d dispRAM:0b11100000  224d dispPC:0b0100   4d STEP:1376
 BO:0 J:0 CO:0 CE:1 OI:0 BI:0 SU:0 EO:0 AO:0 AI:0 II:1 IO:0 RO:1 RI:0 MI:0 HLT:0 CU_step:0b001  1d outA:0b00000110    6d outB:0b00000011    3d instr:0b0010   2d operand:0b1111  15d alu:0b00001001    9d dispOut:0b00000011    3d dispMAR:0b0100   4d dispRAM:0b11100000  224d dispPC:0b0100   4d STEP:1392
 BO:0 J:0 CO:0 CE:1 OI:0 BI:0 SU:0 EO:0 AO:0 AI:0 II:1 IO:0 RO:1 RI:0 MI:0 HLT:0 CU_step:0b001  1d outA:0b00000110    6d outB:0b00000011    3d instr:0b1110  14d operand:0b0000   0d alu:0b00001001    9d dispOut:0b00000011    3d dispMAR:0b0100   4d dispRAM:0b11100000  224d dispPC:0b0100   4d STEP:1408
 BO:0 J:0 CO:0 CE:0 OI:1 BI:0 SU:0 EO:0 AO:1 AI:0 II:0 IO:0 RO:0 RI:0 MI:0 HLT:0 CU_step:0b010  2d outA:0b00000110    6d outB:0b00000011    3d instr:0b1110  14d operand:0b0000   0d alu:0b00001001    9d dispOut:0b00000011    3d dispMAR:0b0100   4d dispRAM:0b11100000  224d dispPC:0b0101   5d STEP:1424
 BO:0 J:0 CO:0 CE:0 OI:1 BI:0 SU:0 EO:0 AO:1 AI:0 II:0 IO:0 RO:0 RI:0 MI:0 HLT:0 CU_step:0b010  2d outA:0b00000110    6d outB:0b00000011    3d instr:0b1110  14d operand:0b0000   0d alu:0b00001001    9d dispOut:0b00000110    6d dispMAR:0b0100   4d dispRAM:0b11100000  224d dispPC:0b0101   5d STEP:1440
 BO:0 J:0 CO:0 CE:0 OI:0 BI:0 SU:0 EO:0 AO:0 AI:0 II:0 IO:0 RO:0 RI:0 MI:0 HLT:0 CU_step:0b011  3d outA:0b00000110    6d outB:0b00000011    3d instr:0b1110  14d operand:0b0000   0d alu:0b00001001    9d dispOut:0b00000110    6d dispMAR:0b0100   4d dispRAM:0b11100000  224d dispPC:0b0101   5d STEP:1456
 BO:0 J:0 CO:0 CE:0 OI:0 BI:0 SU:0 EO:0 AO:0 AI:0 II:0 IO:0 RO:0 RI:0 MI:0 HLT:0 CU_step:0b011  3d outA:0b00000110    6d outB:0b00000011    3d instr:0b1110  14d operand:0b0000   0d alu:0b00001001    9d dispOut:0b00000110    6d dispMAR:0b0100   4d dispRAM:0b11100000  224d dispPC:0b0101   5d STEP:1472
 BO:0 J:0 CO:0 CE:0 OI:0 BI:0 SU:0 EO:0 AO:0 AI:0 II:0 IO:0 RO:0 RI:0 MI:0 HLT:0 CU_step:0b100  4d outA:0b00000110    6d outB:0b00000011    3d instr:0b1110  14d operand:0b0000   0d alu:0b00001001    9d dispOut:0b00000110    6d dispMAR:0b0100   4d dispRAM:0b11100000  224d dispPC:0b0101   5d STEP:1488
 BO:0 J:0 CO:0 CE:0 OI:0 BI:0 SU:0 EO:0 AO:0 AI:0 II:0 IO:0 RO:0 RI:0 MI:0 HLT:0 CU_step:0b100  4d outA:0b00000110    6d outB:0b00000011    3d instr:0b1110  14d operand:0b0000   0d alu:0b00001001    9d dispOut:0b00000110    6d dispMAR:0b0100   4d dispRAM:0b11100000  224d dispPC:0b0101   5d STEP:1504
 BO:0 J:0 CO:0 CE:0 OI:0 BI:0 SU:0 EO:0 AO:0 AI:0 II:0 IO:0 RO:0 RI:0 MI:0 HLT:0 CU_step:0b101  5d outA:0b00000110    6d outB:0b00000011    3d instr:0b1110  14d operand:0b0000   0d alu:0b00001001    9d dispOut:0b00000110    6d dispMAR:0b0100   4d dispRAM:0b11100000  224d dispPC:0b0101   5d STEP:1520
 BO:0 J:0 CO:0 CE:0 OI:0 BI:0 SU:0 EO:0 AO:0 AI:0 II:0 IO:0 RO:0 RI:0 MI:0 HLT:0 CU_step:0b101  5d outA:0b00000110    6d outB:0b00000011    3d instr:0b1110  14d operand:0b0000   0d alu:0b00001001    9d dispOut:0b00000110    6d dispMAR:0b0100   4d dispRAM:0b11100000  224d dispPC:0b0101   5d STEP:1536
 BO:0 J:0 CO:1 CE:0 OI:0 BI:0 SU:0 EO:0 AO:0 AI:0 II:0 IO:0 RO:0 RI:0 MI:1 HLT:0 CU_step:0b000  0d outA:0b00000110    6d outB:0b00000011    3d instr:0b1110  14d operand:0b0000   0d alu:0b00001001    9d dispOut:0b00000110    6d dispMAR:0b0100   4d dispRAM:0b11100000  224d dispPC:0b0101   5d STEP:1552
 BO:0 J:0 CO:1 CE:0 OI:0 BI:0 SU:0 EO:0 AO:0 AI:0 II:0 IO:0 RO:0 RI:0 MI:1 HLT:0 CU_step:0b000  0d outA:0b00000110    6d outB:0b00000011    3d instr:0b1110  14d operand:0b0000   0d alu:0b00001001    9d dispOut:0b00000110    6d dispMAR:0b0101   5d dispRAM:0b01100011   99d dispPC:0b0101   5d STEP:1568
 BO:0 J:0 CO:0 CE:1 OI:0 BI:0 SU:0 EO:0 AO:0 AI:0 II:1 IO:0 RO:1 RI:0 MI:0 HLT:0 CU_step:0b001  1d outA:0b00000110    6d outB:0b00000011    3d instr:0b1110  14d operand:0b0000   0d alu:0b00001001    9d dispOut:0b00000110    6d dispMAR:0b0101   5d dispRAM:0b01100011   99d dispPC:0b0101   5d STEP:1584
 BO:0 J:0 CO:0 CE:1 OI:0 BI:0 SU:0 EO:0 AO:0 AI:0 II:1 IO:0 RO:1 RI:0 MI:0 HLT:0 CU_step:0b001  1d outA:0b00000110    6d outB:0b00000011    3d instr:0b0110   6d operand:0b0011   3d alu:0b00001001    9d dispOut:0b00000110    6d dispMAR:0b0101   5d dispRAM:0b01100011   99d dispPC:0b0101   5d STEP:1600
 BO:0 J:1 CO:0 CE:0 OI:0 BI:0 SU:0 EO:0 AO:0 AI:0 II:0 IO:1 RO:0 RI:0 MI:0 HLT:0 CU_step:0b010  2d outA:0b00000110    6d outB:0b00000011    3d instr:0b0110   6d operand:0b0011   3d alu:0b00001001    9d dispOut:0b00000110    6d dispMAR:0b0101   5d dispRAM:0b01100011   99d dispPC:0b0110   6d STEP:1616
 BO:0 J:1 CO:0 CE:0 OI:0 BI:0 SU:0 EO:0 AO:0 AI:0 II:0 IO:1 RO:0 RI:0 MI:0 HLT:0 CU_step:0b010  2d outA:0b00000110    6d outB:0b00000011    3d instr:0b0110   6d operand:0b0011   3d alu:0b00001001    9d dispOut:0b00000110    6d dispMAR:0b0101   5d dispRAM:0b01100011   99d dispPC:0b0110   6d STEP:1632
 BO:0 J:0 CO:0 CE:0 OI:0 BI:0 SU:0 EO:0 AO:0 AI:0 II:0 IO:0 RO:0 RI:0 MI:0 HLT:0 CU_step:0b011  3d outA:0b00000110    6d outB:0b00000011    3d instr:0b0110   6d operand:0b0011   3d alu:0b00001001    9d dispOut:0b00000110    6d dispMAR:0b0101   5d dispRAM:0b01100011   99d dispPC:0b0011   3d STEP:1648
 BO:0 J:0 CO:0 CE:0 OI:0 BI:0 SU:0 EO:0 AO:0 AI:0 II:0 IO:0 RO:0 RI:0 MI:0 HLT:0 CU_step:0b011  3d outA:0b00000110    6d outB:0b00000011    3d instr:0b0110   6d operand:0b0011   3d alu:0b00001001    9d dispOut:0b00000110    6d dispMAR:0b0101   5d dispRAM:0b01100011   99d dispPC:0b0011   3d STEP:1664
 BO:0 J:0 CO:0 CE:0 OI:0 BI:0 SU:0 EO:0 AO:0 AI:0 II:0 IO:0 RO:0 RI:0 MI:0 HLT:0 CU_step:0b100  4d outA:0b00000110    6d outB:0b00000011    3d instr:0b0110   6d operand:0b0011   3d alu:0b00001001    9d dispOut:0b00000110    6d dispMAR:0b0101   5d dispRAM:0b01100011   99d dispPC:0b0011   3d STEP:1680
 BO:0 J:0 CO:0 CE:0 OI:0 BI:0 SU:0 EO:0 AO:0 AI:0 II:0 IO:0 RO:0 RI:0 MI:0 HLT:0 CU_step:0b100  4d outA:0b00000110    6d outB:0b00000011    3d instr:0b0110   6d operand:0b0011   3d alu:0b00001001    9d dispOut:0b00000110    6d dispMAR:0b0101   5d dispRAM:0b01100011   99d dispPC:0b0011   3d STEP:1696
 BO:0 J:0 CO:0 CE:0 OI:0 BI:0 SU:0 EO:0 AO:0 AI:0 II:0 IO:0 RO:0 RI:0 MI:0 HLT:0 CU_step:0b101  5d outA:0b00000110    6d outB:0b00000011    3d instr:0b0110   6d operand:0b0011   3d alu:0b00001001    9d dispOut:0b00000110    6d dispMAR:0b0101   5d dispRAM:0b01100011   99d dispPC:0b0011   3d STEP:1712
 BO:0 J:0 CO:0 CE:0 OI:0 BI:0 SU:0 EO:0 AO:0 AI:0 II:0 IO:0 RO:0 RI:0 MI:0 HLT:0 CU_step:0b101  5d outA:0b00000110    6d outB:0b00000011    3d instr:0b0110   6d operand:0b0011   3d alu:0b00001001    9d dispOut:0b00000110    6d dispMAR:0b0101   5d dispRAM:0b01100011   99d dispPC:0b0011   3d STEP:1728
 BO:0 J:0 CO:1 CE:0 OI:0 BI:0 SU:0 EO:0 AO:0 AI:0 II:0 IO:0 RO:0 RI:0 MI:1 HLT:0 CU_step:0b000  0d outA:0b00000110    6d outB:0b00000011    3d instr:0b0110   6d operand:0b0011   3d alu:0b00001001    9d dispOut:0b00000110    6d dispMAR:0b0101   5d dispRAM:0b01100011   99d dispPC:0b0011   3d STEP:1744
 BO:0 J:0 CO:1 CE:0 OI:0 BI:0 SU:0 EO:0 AO:0 AI:0 II:0 IO:0 RO:0 RI:0 MI:1 HLT:0 CU_step:0b000  0d outA:0b00000110    6d outB:0b00000011    3d instr:0b0110   6d operand:0b0011   3d alu:0b00001001    9d dispOut:0b00000110    6d dispMAR:0b0011   3d dispRAM:0b00101111   47d dispPC:0b0011   3d STEP:1760
 BO:0 J:0 CO:0 CE:1 OI:0 BI:0 SU:0 EO:0 AO:0 AI:0 II:1 IO:0 RO:1 RI:0 MI:0 HLT:0 CU_step:0b001  1d outA:0b00000110    6d outB:0b00000011    3d instr:0b0110   6d operand:0b0011   3d alu:0b00001001    9d dispOut:0b00000110    6d dispMAR:0b0011   3d dispRAM:0b00101111   47d dispPC:0b0011   3d STEP:1776
 BO:0 J:0 CO:0 CE:1 OI:0 BI:0 SU:0 EO:0 AO:0 AI:0 II:1 IO:0 RO:1 RI:0 MI:0 HLT:0 CU_step:0b001  1d outA:0b00000110    6d outB:0b00000011    3d instr:0b0010   2d operand:0b1111  15d alu:0b00001001    9d dispOut:0b00000110    6d dispMAR:0b0011   3d dispRAM:0b00101111   47d dispPC:0b0011   3d STEP:1792
 BO:0 J:0 CO:0 CE:0 OI:0 BI:0 SU:0 EO:0 AO:0 AI:0 II:0 IO:1 RO:0 RI:0 MI:1 HLT:0 CU_step:0b010  2d outA:0b00000110    6d outB:0b00000011    3d instr:0b0010   2d operand:0b1111  15d alu:0b00001001    9d dispOut:0b00000110    6d dispMAR:0b0011   3d dispRAM:0b00101111   47d dispPC:0b0100   4d STEP:1808
 BO:0 J:0 CO:0 CE:0 OI:0 BI:0 SU:0 EO:0 AO:0 AI:0 II:0 IO:1 RO:0 RI:0 MI:1 HLT:0 CU_step:0b010  2d outA:0b00000110    6d outB:0b00000011    3d instr:0b0010   2d operand:0b1111  15d alu:0b00001001    9d dispOut:0b00000110    6d dispMAR:0b1111  15d dispRAM:0b00000011    3d dispPC:0b0100   4d STEP:1824
 BO:0 J:0 CO:0 CE:0 OI:0 BI:1 SU:0 EO:0 AO:0 AI:0 II:0 IO:0 RO:1 RI:0 MI:0 HLT:0 CU_step:0b011  3d outA:0b00000110    6d outB:0b00000011    3d instr:0b0010   2d operand:0b1111  15d alu:0b00001001    9d dispOut:0b00000110    6d dispMAR:0b1111  15d dispRAM:0b00000011    3d dispPC:0b0100   4d STEP:1840
 BO:0 J:0 CO:0 CE:0 OI:0 BI:1 SU:0 EO:0 AO:0 AI:0 II:0 IO:0 RO:1 RI:0 MI:0 HLT:0 CU_step:0b011  3d outA:0b00000110    6d outB:0b00000011    3d instr:0b0010   2d operand:0b1111  15d alu:0b00001001    9d dispOut:0b00000110    6d dispMAR:0b1111  15d dispRAM:0b00000011    3d dispPC:0b0100   4d STEP:1856
 BO:0 J:0 CO:0 CE:0 OI:0 BI:0 SU:0 EO:1 AO:0 AI:1 II:0 IO:0 RO:0 RI:0 MI:0 HLT:0 CU_step:0b100  4d outA:0b00000110    6d outB:0b00000011    3d instr:0b0010   2d operand:0b1111  15d alu:0b00001001    9d dispOut:0b00000110    6d dispMAR:0b1111  15d dispRAM:0b00000011    3d dispPC:0b0100   4d STEP:1872
 BO:0 J:0 CO:0 CE:0 OI:0 BI:0 SU:0 EO:1 AO:0 AI:1 II:0 IO:0 RO:0 RI:0 MI:0 HLT:0 CU_step:0b100  4d outA:0b00001001    9d outB:0b00000011    3d instr:0b0010   2d operand:0b1111  15d alu:0b00001100   12d dispOut:0b00000110    6d dispMAR:0b1111  15d dispRAM:0b00000011    3d dispPC:0b0100   4d STEP:1888
 BO:0 J:0 CO:0 CE:0 OI:0 BI:0 SU:0 EO:0 AO:0 AI:0 II:0 IO:0 RO:0 RI:0 MI:0 HLT:0 CU_step:0b101  5d outA:0b00001001    9d outB:0b00000011    3d instr:0b0010   2d operand:0b1111  15d alu:0b00001100   12d dispOut:0b00000110    6d dispMAR:0b1111  15d dispRAM:0b00000011    3d dispPC:0b0100   4d STEP:1904
 BO:0 J:0 CO:0 CE:0 OI:0 BI:0 SU:0 EO:0 AO:0 AI:0 II:0 IO:0 RO:0 RI:0 MI:0 HLT:0 CU_step:0b101  5d outA:0b00001001    9d outB:0b00000011    3d instr:0b0010   2d operand:0b1111  15d alu:0b00001100   12d dispOut:0b00000110    6d dispMAR:0b1111  15d dispRAM:0b00000011    3d dispPC:0b0100   4d STEP:1920
 BO:0 J:0 CO:1 CE:0 OI:0 BI:0 SU:0 EO:0 AO:0 AI:0 II:0 IO:0 RO:0 RI:0 MI:1 HLT:0 CU_step:0b000  0d outA:0b00001001    9d outB:0b00000011    3d instr:0b0010   2d operand:0b1111  15d alu:0b00001100   12d dispOut:0b00000110    6d dispMAR:0b1111  15d dispRAM:0b00000011    3d dispPC:0b0100   4d STEP:1936
 BO:0 J:0 CO:1 CE:0 OI:0 BI:0 SU:0 EO:0 AO:0 AI:0 II:0 IO:0 RO:0 RI:0 MI:1 HLT:0 CU_step:0b000  0d outA:0b00001001    9d outB:0b00000011    3d instr:0b0010   2d operand:0b1111  15d alu:0b00001100   12d dispOut:0b00000110    6d dispMAR:0b0100   4d dispRAM:0b11100000  224d dispPC:0b0100   4d STEP:1952
 BO:0 J:0 CO:0 CE:1 OI:0 BI:0 SU:0 EO:0 AO:0 AI:0 II:1 IO:0 RO:1 RI:0 MI:0 HLT:0 CU_step:0b001  1d outA:0b00001001    9d outB:0b00000011    3d instr:0b0010   2d operand:0b1111  15d alu:0b00001100   12d dispOut:0b00000110    6d dispMAR:0b0100   4d dispRAM:0b11100000  224d dispPC:0b0100   4d STEP:1968
 BO:0 J:0 CO:0 CE:1 OI:0 BI:0 SU:0 EO:0 AO:0 AI:0 II:1 IO:0 RO:1 RI:0 MI:0 HLT:0 CU_step:0b001  1d outA:0b00001001    9d outB:0b00000011    3d instr:0b1110  14d operand:0b0000   0d alu:0b00001100   12d dispOut:0b00000110    6d dispMAR:0b0100   4d dispRAM:0b11100000  224d dispPC:0b0100   4d STEP:1984
 BO:0 J:0 CO:0 CE:0 OI:1 BI:0 SU:0 EO:0 AO:1 AI:0 II:0 IO:0 RO:0 RI:0 MI:0 HLT:0 CU_step:0b010  2d outA:0b00001001    9d outB:0b00000011    3d instr:0b1110  14d operand:0b0000   0d alu:0b00001100   12d dispOut:0b00000110    6d dispMAR:0b0100   4d dispRAM:0b11100000  224d dispPC:0b0101   5d STEP:2000
 BO:0 J:0 CO:0 CE:0 OI:1 BI:0 SU:0 EO:0 AO:1 AI:0 II:0 IO:0 RO:0 RI:0 MI:0 HLT:0 CU_step:0b010  2d outA:0b00001001    9d outB:0b00000011    3d instr:0b1110  14d operand:0b0000   0d alu:0b00001100   12d dispOut:0b00001001    9d dispMAR:0b0100   4d dispRAM:0b11100000  224d dispPC:0b0101   5d STEP:2016
 BO:0 J:0 CO:0 CE:0 OI:0 BI:0 SU:0 EO:0 AO:0 AI:0 II:0 IO:0 RO:0 RI:0 MI:0 HLT:0 CU_step:0b011  3d outA:0b00001001    9d outB:0b00000011    3d instr:0b1110  14d operand:0b0000   0d alu:0b00001100   12d dispOut:0b00001001    9d dispMAR:0b0100   4d dispRAM:0b11100000  224d dispPC:0b0101   5d STEP:2032
 BO:0 J:0 CO:0 CE:0 OI:0 BI:0 SU:0 EO:0 AO:0 AI:0 II:0 IO:0 RO:0 RI:0 MI:0 HLT:0 CU_step:0b011  3d outA:0b00001001    9d outB:0b00000011    3d instr:0b1110  14d operand:0b0000   0d alu:0b00001100   12d dispOut:0b00001001    9d dispMAR:0b0100   4d dispRAM:0b11100000  224d dispPC:0b0101   5d STEP:2048
 BO:0 J:0 CO:0 CE:0 OI:0 BI:0 SU:0 EO:0 AO:0 AI:0 II:0 IO:0 RO:0 RI:0 MI:0 HLT:0 CU_step:0b100  4d outA:0b00001001    9d outB:0b00000011    3d instr:0b1110  14d operand:0b0000   0d alu:0b00001100   12d dispOut:0b00001001    9d dispMAR:0b0100   4d dispRAM:0b11100000  224d dispPC:0b0101   5d STEP:2064
 BO:0 J:0 CO:0 CE:0 OI:0 BI:0 SU:0 EO:0 AO:0 AI:0 II:0 IO:0 RO:0 RI:0 MI:0 HLT:0 CU_step:0b100  4d outA:0b00001001    9d outB:0b00000011    3d instr:0b1110  14d operand:0b0000   0d alu:0b00001100   12d dispOut:0b00001001    9d dispMAR:0b0100   4d dispRAM:0b11100000  224d dispPC:0b0101   5d STEP:2080
 BO:0 J:0 CO:0 CE:0 OI:0 BI:0 SU:0 EO:0 AO:0 AI:0 II:0 IO:0 RO:0 RI:0 MI:0 HLT:0 CU_step:0b101  5d outA:0b00001001    9d outB:0b00000011    3d instr:0b1110  14d operand:0b0000   0d alu:0b00001100   12d dispOut:0b00001001    9d dispMAR:0b0100   4d dispRAM:0b11100000  224d dispPC:0b0101   5d STEP:2096
 BO:0 J:0 CO:0 CE:0 OI:0 BI:0 SU:0 EO:0 AO:0 AI:0 II:0 IO:0 RO:0 RI:0 MI:0 HLT:0 CU_step:0b101  5d outA:0b00001001    9d outB:0b00000011    3d instr:0b1110  14d operand:0b0000   0d alu:0b00001100   12d dispOut:0b00001001    9d dispMAR:0b0100   4d dispRAM:0b11100000  224d dispPC:0b0101   5d STEP:2112
 BO:0 J:0 CO:1 CE:0 OI:0 BI:0 SU:0 EO:0 AO:0 AI:0 II:0 IO:0 RO:0 RI:0 MI:1 HLT:0 CU_step:0b000  0d outA:0b00001001    9d outB:0b00000011    3d instr:0b1110  14d operand:0b0000   0d alu:0b00001100   12d dispOut:0b00001001    9d dispMAR:0b0100   4d dispRAM:0b11100000  224d dispPC:0b0101   5d STEP:2128
 BO:0 J:0 CO:1 CE:0 OI:0 BI:0 SU:0 EO:0 AO:0 AI:0 II:0 IO:0 RO:0 RI:0 MI:1 HLT:0 CU_step:0b000  0d outA:0b00001001    9d outB:0b00000011    3d instr:0b1110  14d operand:0b0000   0d alu:0b00001100   12d dispOut:0b00001001    9d dispMAR:0b0101   5d dispRAM:0b01100011   99d dispPC:0b0101   5d STEP:2144
 BO:0 J:0 CO:0 CE:1 OI:0 BI:0 SU:0 EO:0 AO:0 AI:0 II:1 IO:0 RO:1 RI:0 MI:0 HLT:0 CU_step:0b001  1d outA:0b00001001    9d outB:0b00000011    3d instr:0b1110  14d operand:0b0000   0d alu:0b00001100   12d dispOut:0b00001001    9d dispMAR:0b0101   5d dispRAM:0b01100011   99d dispPC:0b0101   5d STEP:2160
 BO:0 J:0 CO:0 CE:1 OI:0 BI:0 SU:0 EO:0 AO:0 AI:0 II:1 IO:0 RO:1 RI:0 MI:0 HLT:0 CU_step:0b001  1d outA:0b00001001    9d outB:0b00000011    3d instr:0b0110   6d operand:0b0011   3d alu:0b00001100   12d dispOut:0b00001001    9d dispMAR:0b0101   5d dispRAM:0b01100011   99d dispPC:0b0101   5d STEP:2176
 BO:0 J:1 CO:0 CE:0 OI:0 BI:0 SU:0 EO:0 AO:0 AI:0 II:0 IO:1 RO:0 RI:0 MI:0 HLT:0 CU_step:0b010  2d outA:0b00001001    9d outB:0b00000011    3d instr:0b0110   6d operand:0b0011   3d alu:0b00001100   12d dispOut:0b00001001    9d dispMAR:0b0101   5d dispRAM:0b01100011   99d dispPC:0b0110   6d STEP:2192
 BO:0 J:1 CO:0 CE:0 OI:0 BI:0 SU:0 EO:0 AO:0 AI:0 II:0 IO:1 RO:0 RI:0 MI:0 HLT:0 CU_step:0b010  2d outA:0b00001001    9d outB:0b00000011    3d instr:0b0110   6d operand:0b0011   3d alu:0b00001100   12d dispOut:0b00001001    9d dispMAR:0b0101   5d dispRAM:0b01100011   99d dispPC:0b0110   6d STEP:2208
 BO:0 J:0 CO:0 CE:0 OI:0 BI:0 SU:0 EO:0 AO:0 AI:0 II:0 IO:0 RO:0 RI:0 MI:0 HLT:0 CU_step:0b011  3d outA:0b00001001    9d outB:0b00000011    3d instr:0b0110   6d operand:0b0011   3d alu:0b00001100   12d dispOut:0b00001001    9d dispMAR:0b0101   5d dispRAM:0b01100011   99d dispPC:0b0011   3d STEP:2224
 BO:0 J:0 CO:0 CE:0 OI:0 BI:0 SU:0 EO:0 AO:0 AI:0 II:0 IO:0 RO:0 RI:0 MI:0 HLT:0 CU_step:0b011  3d outA:0b00001001    9d outB:0b00000011    3d instr:0b0110   6d operand:0b0011   3d alu:0b00001100   12d dispOut:0b00001001    9d dispMAR:0b0101   5d dispRAM:0b01100011   99d dispPC:0b0011   3d STEP:2240
 BO:0 J:0 CO:0 CE:0 OI:0 BI:0 SU:0 EO:0 AO:0 AI:0 II:0 IO:0 RO:0 RI:0 MI:0 HLT:0 CU_step:0b100  4d outA:0b00001001    9d outB:0b00000011    3d instr:0b0110   6d operand:0b0011   3d alu:0b00001100   12d dispOut:0b00001001    9d dispMAR:0b0101   5d dispRAM:0b01100011   99d dispPC:0b0011   3d STEP:2256
 BO:0 J:0 CO:0 CE:0 OI:0 BI:0 SU:0 EO:0 AO:0 AI:0 II:0 IO:0 RO:0 RI:0 MI:0 HLT:0 CU_step:0b100  4d outA:0b00001001    9d outB:0b00000011    3d instr:0b0110   6d operand:0b0011   3d alu:0b00001100   12d dispOut:0b00001001    9d dispMAR:0b0101   5d dispRAM:0b01100011   99d dispPC:0b0011   3d STEP:2272
 BO:0 J:0 CO:0 CE:0 OI:0 BI:0 SU:0 EO:0 AO:0 AI:0 II:0 IO:0 RO:0 RI:0 MI:0 HLT:0 CU_step:0b101  5d outA:0b00001001    9d outB:0b00000011    3d instr:0b0110   6d operand:0b0011   3d alu:0b00001100   12d dispOut:0b00001001    9d dispMAR:0b0101   5d dispRAM:0b01100011   99d dispPC:0b0011   3d STEP:2288
 BO:0 J:0 CO:0 CE:0 OI:0 BI:0 SU:0 EO:0 AO:0 AI:0 II:0 IO:0 RO:0 RI:0 MI:0 HLT:0 CU_step:0b101  5d outA:0b00001001    9d outB:0b00000011    3d instr:0b0110   6d operand:0b0011   3d alu:0b00001100   12d dispOut:0b00001001    9d dispMAR:0b0101   5d dispRAM:0b01100011   99d dispPC:0b0011   3d STEP:2304
 BO:0 J:0 CO:1 CE:0 OI:0 BI:0 SU:0 EO:0 AO:0 AI:0 II:0 IO:0 RO:0 RI:0 MI:1 HLT:0 CU_step:0b000  0d outA:0b00001001    9d outB:0b00000011    3d instr:0b0110   6d operand:0b0011   3d alu:0b00001100   12d dispOut:0b00001001    9d dispMAR:0b0101   5d dispRAM:0b01100011   99d dispPC:0b0011   3d STEP:2320
 BO:0 J:0 CO:1 CE:0 OI:0 BI:0 SU:0 EO:0 AO:0 AI:0 II:0 IO:0 RO:0 RI:0 MI:1 HLT:0 CU_step:0b000  0d outA:0b00001001    9d outB:0b00000011    3d instr:0b0110   6d operand:0b0011   3d alu:0b00001100   12d dispOut:0b00001001    9d dispMAR:0b0011   3d dispRAM:0b00101111   47d dispPC:0b0011   3d STEP:2336
 BO:0 J:0 CO:0 CE:1 OI:0 BI:0 SU:0 EO:0 AO:0 AI:0 II:1 IO:0 RO:1 RI:0 MI:0 HLT:0 CU_step:0b001  1d outA:0b00001001    9d outB:0b00000011    3d instr:0b0110   6d operand:0b0011   3d alu:0b00001100   12d dispOut:0b00001001    9d dispMAR:0b0011   3d dispRAM:0b00101111   47d dispPC:0b0011   3d STEP:2352
 BO:0 J:0 CO:0 CE:1 OI:0 BI:0 SU:0 EO:0 AO:0 AI:0 II:1 IO:0 RO:1 RI:0 MI:0 HLT:0 CU_step:0b001  1d outA:0b00001001    9d outB:0b00000011    3d instr:0b0010   2d operand:0b1111  15d alu:0b00001100   12d dispOut:0b00001001    9d dispMAR:0b0011   3d dispRAM:0b00101111   47d dispPC:0b0011   3d STEP:2368
 BO:0 J:0 CO:0 CE:0 OI:0 BI:0 SU:0 EO:0 AO:0 AI:0 II:0 IO:1 RO:0 RI:0 MI:1 HLT:0 CU_step:0b010  2d outA:0b00001001    9d outB:0b00000011    3d instr:0b0010   2d operand:0b1111  15d alu:0b00001100   12d dispOut:0b00001001    9d dispMAR:0b0011   3d dispRAM:0b00101111   47d dispPC:0b0100   4d STEP:2384
